131331:S_3_GoTo_5|Start:No Error
131331:D_3_GoTo_5|Done:Error: Open/Create/Replace File in LogForTriggerNext.vi:4310023->TriggerNext.vi:6380002->TriggerNext.vi.ProxyCaller<APPEND>
C:\HVAC\LOG\2021_12_02.log
131332:A_3_GoTo_5|Done:Error: Open/Create/Replace File in LogForTriggerNext.vi:4310029->TriggerNext.vi:6380002->TriggerNext.vi.ProxyCaller<APPEND>
C:\HVAC\LOG\2021_12_02.log
131332:B_3_GoTo_5|Start:No Error
131332:B_3_GoTo_5|Done:No Error
131332:C_3_GoTo_5|Start:No Error
131332:C_3_GoTo_5|Done:No Error
131332:S_3_GoTo_5|Finish:Error: Open/Create/Replace File in LogForTriggerNext.vi:4310023->TriggerNext.vi:6380002->TriggerNext.vi.ProxyCaller<APPEND>
C:\HVAC\LOG\2021_12_02.log
131926:D_5_GoTo_6|Start:No Error
131926:A_5_GoTo_6|Start:No Error
131926:S_5_GoTo_6|Start:No Error
131927:D_5_GoTo_6|Done:No Error
131927:A_5_GoTo_6|Done:No Error
131927:B_5_GoTo_6|Start:No Error
131927:B_5_GoTo_6|Done:No Error
131927:C_5_GoTo_6|Start:No Error
131927:C_5_GoTo_6|Done:No Error
131927:S_5_GoTo_6|Finish:No Error
131955:A_6_GoTo_7|Start:No Error
131955:D_6_GoTo_7|Start:No Error
131955:S_6_GoTo_7|Start:No Error
131955:D_6_GoTo_7|Done:No Error
131955:A_6_GoTo_7|Done:No Error
131955:B_6_GoTo_7|Start:No Error
131955:B_6_GoTo_7|Done:No Error
131955:C_6_GoTo_7|Start:No Error
131956:C_6_GoTo_7|Done:No Error
131956:S_6_GoTo_7|Finish:No Error
132252:D_7_GoTo_8|Start:No Error
132252:A_7_GoTo_8|Start:No Error
132252:S_7_GoTo_8|Start:No Error
132252:D_7_GoTo_8|Done:No Error
132253:A_7_GoTo_8|Done:No Error
132253:B_7_GoTo_8|Start:No Error
132253:B_7_GoTo_8|Done:No Error
132253:C_7_GoTo_8|Start:No Error
132253:C_7_GoTo_8|Done:No Error
132253:S_7_GoTo_8|Finish:No Error
132307:S_8_GoTo_9|Start:No Error
132307:D_8_GoTo_9|Start:No Error
132307:A_8_GoTo_9|Start:No Error
132307:D_8_GoTo_9|Done:No Error
132307:A_8_GoTo_9|Done:No Error
132307:B_8_GoTo_9|Start:No Error
132308:B_8_GoTo_9|Done:No Error
132308:C_8_GoTo_9|Start:No Error
132308:C_8_GoTo_9|Done:No Error
132308:S_8_GoTo_9|Finish:No Error
132531:D_9_GoTo_10|Start:No Error
132531:S_9_GoTo_10|Start:No Error
132531:A_9_GoTo_10|Start:No Error
132531:D_9_GoTo_10|Done:No Error
132532:A_9_GoTo_10|Done:No Error
132532:B_9_GoTo_10|Start:No Error
132532:B_9_GoTo_10|Done:No Error
132532:C_9_GoTo_10|Start:No Error
132532:C_9_GoTo_10|Done:No Error
132532:S_9_GoTo_10|Finish:No Error
132536:S_10_GoTo_11|Start:No Error
132536:A_10_GoTo_11|Start:No Error
132536:D_10_GoTo_11|Start:No Error
132536:D_10_GoTo_11|Done:No Error
132536:A_10_GoTo_11|Done:No Error
132536:B_10_GoTo_11|Start:No Error
132536:B_10_GoTo_11|Done:No Error
132536:C_10_GoTo_11|Start:No Error
132537:C_10_GoTo_11|Done:No Error
132537:S_10_GoTo_11|Finish:No Error
132549:D_11_GoTo_12|Start:No Error
132549:S_11_GoTo_12|Start:No Error
132549:A_11_GoTo_12|Start:No Error
132549:D_11_GoTo_12|Done:No Error
132549:A_11_GoTo_12|Done:No Error
132549:B_11_GoTo_12|Start:No Error
132550:B_11_GoTo_12|Done:No Error
132550:C_11_GoTo_12|Start:No Error
132550:C_11_GoTo_12|Done:No Error
132550:S_11_GoTo_12|Finish:No Error
133318:S_12_GoTo_13|Start:No Error
133318:A_12_GoTo_13|Start:No Error
133318:D_12_GoTo_13|Start:No Error
133318:D_12_GoTo_13|Done:No Error
133318:A_12_GoTo_13|Done:No Error
133318:B_12_GoTo_13|Start:No Error
133319:B_12_GoTo_13|Done:No Error
133319:C_12_GoTo_13|Start:No Error
133319:C_12_GoTo_13|Done:No Error
133319:S_12_GoTo_13|Finish:No Error
133525:D_13_GoTo_16|Start:No Error
133525:S_13_GoTo_16|Start:No Error
133525:A_13_GoTo_16|Start:No Error
133525:D_13_GoTo_16|Done:No Error
133525:A_13_GoTo_16|Done:No Error
133525:B_13_GoTo_16|Start:No Error
133525:B_13_GoTo_16|Done:No Error
133525:C_13_GoTo_16|Start:No Error
133526:C_13_GoTo_16|Done:No Error
133526:S_13_GoTo_16|Finish:No Error
133655:S_16_GoTo_17|Start:No Error
133655:A_16_GoTo_17|Start:No Error
133655:D_16_GoTo_17|Start:No Error
133655:D_16_GoTo_17|Done:No Error
133656:A_16_GoTo_17|Done:No Error
133656:B_16_GoTo_17|Start:No Error
133656:B_16_GoTo_17|Done:No Error
133656:C_16_GoTo_17|Start:No Error
133656:C_16_GoTo_17|Done:No Error
133656:S_16_GoTo_17|Finish:No Error
134050:S_17_GoTo_18|Start:No Error
134050:A_17_GoTo_18|Start:No Error
134050:D_17_GoTo_18|Start:No Error
134051:D_17_GoTo_18|Done:No Error
134051:A_17_GoTo_18|Done:No Error
134051:B_17_GoTo_18|Start:No Error
134051:B_17_GoTo_18|Done:No Error
134051:C_17_GoTo_18|Start:No Error
134051:C_17_GoTo_18|Done:No Error
134051:S_17_GoTo_18|Finish:No Error
134059:A_18_GoTo_19|Start:No Error
134059:S_18_GoTo_19|Start:No Error
134059:D_18_GoTo_19|Start:No Error
134059:D_18_GoTo_19|Done:No Error
134059:A_18_GoTo_19|Done:No Error
134059:B_18_GoTo_19|Start:No Error
134100:B_18_GoTo_19|Done:No Error
134100:C_18_GoTo_19|Start:No Error
134100:C_18_GoTo_19|Done:No Error
134100:S_18_GoTo_19|Finish:No Error
134223:S_19_GoTo_20|Start:No Error
134223:A_19_GoTo_20|Start:No Error
134223:D_19_GoTo_20|Start:No Error
134223:D_19_GoTo_20|Done:No Error
134224:A_19_GoTo_20|Done:No Error
134224:B_19_GoTo_20|Start:No Error
134224:B_19_GoTo_20|Done:No Error
134224:C_19_GoTo_20|Start:No Error
134224:C_19_GoTo_20|Done:No Error
134224:S_19_GoTo_20|Finish:No Error
135254:D_20_GoTo_22|Start:No Error
135254:A_20_GoTo_22|Start:No Error
135254:S_20_GoTo_22|Start:No Error
135254:D_20_GoTo_22|Done:No Error
135254:A_20_GoTo_22|Done:No Error
135254:B_20_GoTo_22|Start:No Error
135255:B_20_GoTo_22|Done:No Error
135255:C_20_GoTo_22|Start:No Error
135255:C_20_GoTo_22|Done:No Error
135255:S_20_GoTo_22|Finish:No Error
135259:A_22_GoTo_21|Start:No Error
135259:D_22_GoTo_21|Start:No Error
135259:S_22_GoTo_21|Start:No Error
135259:D_22_GoTo_21|Done:No Error
135259:A_22_GoTo_21|Done:No Error
135259:B_22_GoTo_21|Start:No Error
135259:B_22_GoTo_21|Done:No Error
135259:C_22_GoTo_21|Start:No Error
135300:C_22_GoTo_21|Done:No Error
135300:S_22_GoTo_21|Finish:No Error
135711:A_21_GoTo_FINISH|Start:No Error
135711:S_21_GoTo_FINISH|Start:No Error
135711:D_21_GoTo_FINISH|Start:No Error
135711:A_21_GoTo_FINISH|Done:No Error
135711:B_21_GoTo_FINISH|Start:No Error
135711:B_FINISH_NA_NA:No Error
135711:B_21_GoTo_FINISH|Done:No Error
135711:C_21_GoTo_FINISH|Start:No Error
135711:D_21_GoTo_FINISH|Done:No Error
135711:C_21_GoTo_FINISH|Done:No Error
135711:S_21_GoTo_FINISH|Finish:No Error
140857:D_3_GoTo_5|Start:No Error
140857:A_3_GoTo_5|Start:No Error
140857:S_3_GoTo_5|Start:No Error
140857:D_3_GoTo_5|Done:No Error
140857:A_3_GoTo_5|Done:No Error
140857:B_3_GoTo_5|Start:No Error
140858:B_3_GoTo_5|Done:No Error
140858:C_3_GoTo_5|Start:No Error
140858:C_3_GoTo_5|Done:No Error
140858:S_3_GoTo_5|Finish:No Error
140931:S_5_GoTo_6|Start:No Error
140931:D_5_GoTo_6|Start:No Error
140931:A_5_GoTo_6|Start:No Error
140932:D_5_GoTo_6|Done:No Error
140932:A_5_GoTo_6|Done:No Error
140932:B_5_GoTo_6|Start:No Error
140932:B_5_GoTo_6|Done:No Error
140932:C_5_GoTo_6|Start:No Error
140932:C_5_GoTo_6|Done:No Error
140932:S_5_GoTo_6|Finish:No Error
140937:A_6_GoTo_7|Start:No Error
140937:S_6_GoTo_7|Start:No Error
140937:D_6_GoTo_7|Start:No Error
140937:D_6_GoTo_7|Done:No Error
140937:A_6_GoTo_7|Done:No Error
140937:B_6_GoTo_7|Start:No Error
140938:B_6_GoTo_7|Done:No Error
140938:C_6_GoTo_7|Start:No Error
140938:C_6_GoTo_7|Done:No Error
140938:S_6_GoTo_7|Finish:No Error
141012:S_7_GoTo_8|Start:No Error
141012:A_7_GoTo_8|Start:No Error
141012:D_7_GoTo_8|Start:No Error
141012:D_7_GoTo_8|Done:No Error
141013:A_7_GoTo_8|Done:No Error
141013:B_7_GoTo_8|Start:No Error
141013:B_7_GoTo_8|Done:No Error
141013:C_7_GoTo_8|Start:No Error
141013:C_7_GoTo_8|Done:No Error
141013:S_7_GoTo_8|Finish:No Error
141021:A_8_GoTo_9|Start:No Error
141021:D_8_GoTo_9|Start:No Error
141021:S_8_GoTo_9|Start:No Error
141022:D_8_GoTo_9|Done:No Error
141022:A_8_GoTo_9|Done:No Error
141022:B_8_GoTo_9|Start:No Error
141022:B_8_GoTo_9|Done:No Error
141022:C_8_GoTo_9|Start:No Error
141022:C_8_GoTo_9|Done:No Error
141022:S_8_GoTo_9|Finish:No Error
141104:D_9_GoTo_10|Start:No Error
141104:S_9_GoTo_10|Start:No Error
141104:A_9_GoTo_10|Start:No Error
141105:D_9_GoTo_10|Done:No Error
141105:A_9_GoTo_10|Done:No Error
141105:B_9_GoTo_10|Start:No Error
141105:B_9_GoTo_10|Done:No Error
141105:C_9_GoTo_10|Start:No Error
141105:C_9_GoTo_10|Done:No Error
141105:S_9_GoTo_10|Finish:No Error
141107:S_10_GoTo_11|Start:No Error
141107:D_10_GoTo_11|Start:No Error
141107:A_10_GoTo_11|Start:No Error
141108:D_10_GoTo_11|Done:No Error
141108:A_10_GoTo_11|Done:No Error
141108:B_10_GoTo_11|Start:No Error
141108:B_10_GoTo_11|Done:No Error
141108:C_10_GoTo_11|Start:No Error
141109:C_10_GoTo_11|Done:No Error
141109:S_10_GoTo_11|Finish:No Error
141149:D_11_GoTo_12|Start:No Error
141149:S_11_GoTo_12|Start:No Error
141149:A_11_GoTo_12|Start:No Error
141149:D_11_GoTo_12|Done:No Error
141149:A_11_GoTo_12|Done:No Error
141149:B_11_GoTo_12|Start:No Error
141150:B_11_GoTo_12|Done:No Error
141150:C_11_GoTo_12|Start:No Error
141150:C_11_GoTo_12|Done:No Error
141150:S_11_GoTo_12|Finish:No Error
141621:D_12_GoTo_13|Start:No Error
141621:A_12_GoTo_13|Start:No Error
141621:S_12_GoTo_13|Start:No Error
141621:D_12_GoTo_13|Done:No Error
141622:A_12_GoTo_13|Done:No Error
141622:B_12_GoTo_13|Start:No Error
141622:B_12_GoTo_13|Done:No Error
141622:C_12_GoTo_13|Start:No Error
141622:C_12_GoTo_13|Done:No Error
141622:S_12_GoTo_13|Finish:No Error
144411:A_13_GoTo_16|Start:No Error
144411:D_13_GoTo_16|Start:No Error
144411:S_13_GoTo_16|Start:No Error
144411:D_13_GoTo_16|Done:No Error
144411:A_13_GoTo_16|Done:No Error
144411:B_13_GoTo_16|Start:No Error
144411:B_13_GoTo_16|Done:No Error
144411:C_13_GoTo_16|Start:No Error
144412:C_13_GoTo_16|Done:No Error
144412:S_13_GoTo_16|Finish:No Error
144502:A_16_GoTo_17|Start:No Error
144502:S_16_GoTo_17|Start:No Error
144502:D_16_GoTo_17|Start:No Error
144503:D_16_GoTo_17|Done:No Error
144503:A_16_GoTo_17|Done:No Error
144503:B_16_GoTo_17|Start:No Error
144503:B_16_GoTo_17|Done:No Error
144503:C_16_GoTo_17|Start:No Error
144503:C_16_GoTo_17|Done:No Error
144503:S_16_GoTo_17|Finish:No Error
144534:D_17_GoTo_18|Start:No Error
144534:A_17_GoTo_18|Start:No Error
144534:S_17_GoTo_18|Start:No Error
144534:D_17_GoTo_18|Done:No Error
144535:A_17_GoTo_18|Done:No Error
144535:B_17_GoTo_18|Start:No Error
144535:B_17_GoTo_18|Done:No Error
144535:C_17_GoTo_18|Start:No Error
144535:C_17_GoTo_18|Done:No Error
144535:S_17_GoTo_18|Finish:No Error
144557:S_18_GoTo_19|Start:No Error
144557:A_18_GoTo_19|Start:No Error
144557:D_18_GoTo_19|Start:No Error
144557:D_18_GoTo_19|Done:No Error
144557:A_18_GoTo_19|Done:No Error
144557:B_18_GoTo_19|Start:No Error
144557:B_18_GoTo_19|Done:No Error
144557:C_18_GoTo_19|Start:No Error
144558:C_18_GoTo_19|Done:No Error
144558:S_18_GoTo_19|Finish:No Error
144623:D_19_GoTo_20|Start:No Error
144623:A_19_GoTo_20|Start:No Error
144623:S_19_GoTo_20|Start:No Error
144624:D_19_GoTo_20|Done:No Error
144624:A_19_GoTo_20|Done:No Error
144624:B_19_GoTo_20|Start:No Error
144624:B_19_GoTo_20|Done:No Error
144624:C_19_GoTo_20|Start:No Error
144624:C_19_GoTo_20|Done:No Error
144624:S_19_GoTo_20|Finish:No Error
154835:D_20_GoTo_22|Start:No Error
154835:C_20_GoTo_22|Start:No Error
154835:S_20_GoTo_22|Start:No Error
154835:D_20_GoTo_22|Done:No Error
154836:C_20_GoTo_22|Done:No Error
154836:S_20_GoTo_22|Finish:No Error
161952:D_3_GoTo_20|Start:No Error
161952:S_3_GoTo_20|Start:No Error
161952:A_3_GoTo_20|Start:No Error
161953:D_3_GoTo_20|Done:No Error
161953:A_3_GoTo_20|Done:No Error
161953:B_3_GoTo_20|Start:No Error
161953:B_3_GoTo_20|Done:No Error
161953:C_3_GoTo_20|Start:No Error
161954:C_3_GoTo_20|Done:No Error
161954:S_3_GoTo_20|Finish:No Error
162133:A_20_GoTo_FINISH|Start:No Error
162133:D_20_GoTo_FINISH|Start:No Error
162133:S_20_GoTo_FINISH|Start:No Error
162133:A_20_GoTo_FINISH|Done:No Error
162133:B_20_GoTo_FINISH|Start:No Error
162133:B_FINISH_NA_NA:No Error
162133:B_20_GoTo_FINISH|Done:No Error
162133:C_20_GoTo_FINISH|Start:No Error
162133:D_20_GoTo_FINISH|Done:No Error
162133:C_20_GoTo_FINISH|Done:No Error
162133:S_20_GoTo_FINISH|Finish:No Error
162447:D_3_GoTo_20|Start:No Error
162447:S_3_GoTo_20|Start:No Error
162447:A_3_GoTo_20|Start:No Error
162447:D_3_GoTo_20|Done:No Error
162447:A_3_GoTo_20|Done:No Error
162447:B_3_GoTo_20|Start:No Error
162448:B_3_GoTo_20|Done:No Error
162448:C_3_GoTo_20|Start:No Error
162448:C_3_GoTo_20|Done:No Error
162448:S_3_GoTo_20|Finish:No Error
163502:D_20_GoTo_22|Start:No Error
163502:S_20_GoTo_22|Start:No Error
163502:A_20_GoTo_22|Start:No Error
163502:D_20_GoTo_22|Done:No Error
163503:A_20_GoTo_22|Done:No Error
163503:B_20_GoTo_22|Start:No Error
163503:B_20_GoTo_22|Done:No Error
163503:C_20_GoTo_22|Start:No Error
163503:C_20_GoTo_22|Done:No Error
163503:S_20_GoTo_22|Finish:No Error
163802:D_3_GoTo_20|Start:No Error
163802:A_3_GoTo_20|Start:No Error
163802:S_3_GoTo_20|Start:No Error
163802:D_3_GoTo_20|Done:No Error
163802:A_3_GoTo_20|Done:No Error
163802:B_3_GoTo_20|Start:No Error
163803:B_3_GoTo_20|Done:No Error
163803:C_3_GoTo_20|Start:No Error
163803:C_3_GoTo_20|Done:No Error
163803:S_3_GoTo_20|Finish:No Error
163807:S_20_GoTo_22|Start:No Error
163807:A_20_GoTo_22|Start:No Error
163807:D_20_GoTo_22|Start:No Error
163807:D_20_GoTo_22|Done:No Error
163807:A_20_GoTo_22|Done:No Error
163807:B_20_GoTo_22|Start:No Error
163808:B_20_GoTo_22|Done:No Error
163808:C_20_GoTo_22|Start:No Error
163808:C_20_GoTo_22|Done:No Error
163808:S_20_GoTo_22|Finish:No Error
163812:S_22_GoTo_21|Start:No Error
163812:D_22_GoTo_21|Start:No Error
163812:A_22_GoTo_21|Start:No Error
163812:D_22_GoTo_21|Done:No Error
163812:A_22_GoTo_21|Done:No Error
163812:B_22_GoTo_21|Start:No Error
163813:B_22_GoTo_21|Done:No Error
163813:C_22_GoTo_21|Start:No Error
163813:C_22_GoTo_21|Done:No Error
163813:S_22_GoTo_21|Finish:No Error
164209:A_21_GoTo_FINISH|Start:No Error
164209:D_21_GoTo_FINISH|Start:No Error
164209:S_21_GoTo_FINISH|Start:No Error
164209:A_21_GoTo_FINISH|Done:No Error
164209:B_21_GoTo_FINISH|Start:No Error
164209:B_FINISH_NA_NA:No Error
164209:B_21_GoTo_FINISH|Done:No Error
164209:C_21_GoTo_FINISH|Start:No Error
164209:D_21_GoTo_FINISH|Done:No Error
164210:C_21_GoTo_FINISH|Done:No Error
164210:S_21_GoTo_FINISH|Finish:No Error
