083357:S_3_GoTo_5|Start:No Error
083357:D_3_GoTo_5|Start:No Error
083357:A_3_GoTo_5|Start:No Error
083357:A_3_GoTo_5|Done:No Error
083357:B_3_GoTo_5|Start:No Error
083357:D_3_GoTo_5|Done:No Error
083357:B_3_GoTo_5|Done:No Error
083357:C_3_GoTo_5|Start:No Error
083358:C_3_GoTo_5|Done:No Error
083358:S_3_GoTo_5|Finish:No Error
083544:S_3_GoTo_5|Start:No Error
083544:D_3_GoTo_5|Start:No Error
083544:A_3_GoTo_5|Start:No Error
083544:D_3_GoTo_5|Done:No Error
083600:S_5_GoTo_6|Start:No Error
083600:D_5_GoTo_6|Start:No Error
083600:A_5_GoTo_6|Start:No Error
083601:A_5_GoTo_6|Done:No Error
083601:B_5_GoTo_6|Start:No Error
083601:D_5_GoTo_6|Done:No Error
083601:B_5_GoTo_6|Done:No Error
083601:C_5_GoTo_6|Start:No Error
083601:A_3_GoTo_5|Done:No Error
083601:C_5_GoTo_6|Done:No Error
083601:B_3_GoTo_5|Start:No Error
083601:S_5_GoTo_6|Finish:No Error
083601:B_3_GoTo_5|Done:No Error
083601:C_3_GoTo_5|Start:No Error
083601:C_3_GoTo_5|Done:No Error
083601:S_3_GoTo_5|Finish:No Error
083628:S_6_GoTo_7|Start:No Error
083628:D_6_GoTo_7|Start:No Error
083628:A_6_GoTo_7|Start:No Error
083628:D_6_GoTo_7|Done:No Error
083628:A_6_GoTo_7|Done:No Error
083628:B_6_GoTo_7|Start:No Error
083629:B_6_GoTo_7|Done:No Error
083629:C_6_GoTo_7|Start:No Error
083629:C_6_GoTo_7|Done:No Error
083629:S_6_GoTo_7|Finish:No Error
083756:S_3_GoTo_5|Start:No Error
083756:D_3_GoTo_5|Start:No Error
083756:A_3_GoTo_5|Start:No Error
083756:D_3_GoTo_5|Done:No Error
083826:S_7_GoTo_8|Start:No Error
083826:A_7_GoTo_8|Start:No Error
083826:D_7_GoTo_8|Start:No Error
083826:A_7_GoTo_8|Done:No Error
083826:B_7_GoTo_8|Start:No Error
083826:D_7_GoTo_8|Done:No Error
083827:B_7_GoTo_8|Done:No Error
083827:C_7_GoTo_8|Start:No Error
083827:C_7_GoTo_8|Done:No Error
083827:S_7_GoTo_8|Finish:No Error
083855:S_5_GoTo_6|Start:No Error
083855:A_5_GoTo_6|Start:No Error
083855:D_5_GoTo_6|Start:No Error
083855:A_5_GoTo_6|Done:No Error
083855:B_5_GoTo_6|Start:No Error
083855:D_5_GoTo_6|Done:No Error
083855:B_5_GoTo_6|Done:No Error
083855:C_5_GoTo_6|Start:No Error
083855:A_3_GoTo_5|Done:No Error
083855:B_3_GoTo_5|Start:No Error
083855:C_5_GoTo_6|Done:No Error
083855:S_5_GoTo_6|Finish:No Error
083855:B_3_GoTo_5|Done:No Error
083855:C_3_GoTo_5|Start:No Error
083855:C_3_GoTo_5|Done:No Error
083855:S_3_GoTo_5|Finish:No Error
083914:S_6_GoTo_7|Start:No Error
083914:D_6_GoTo_7|Start:No Error
083914:A_6_GoTo_7|Start:No Error
083914:D_6_GoTo_7|Done:No Error
083915:A_6_GoTo_7|Done:No Error
083915:B_6_GoTo_7|Start:No Error
083915:B_6_GoTo_7|Done:No Error
083915:C_6_GoTo_7|Start:No Error
083915:C_6_GoTo_7|Done:No Error
083915:S_6_GoTo_7|Finish:No Error
083920:S_8_GoTo_9|Start:No Error
083920:D_8_GoTo_9|Start:No Error
083920:A_8_GoTo_9|Start:No Error
083920:A_8_GoTo_9|Done:No Error
083920:B_8_GoTo_9|Start:No Error
083920:D_8_GoTo_9|Done:No Error
083920:B_8_GoTo_9|Done:No Error
083920:C_8_GoTo_9|Start:No Error
083920:C_8_GoTo_9|Done:No Error
083920:S_8_GoTo_9|Finish:No Error
084047:S_9_GoTo_10|Start:No Error
084047:D_9_GoTo_10|Start:No Error
084047:A_9_GoTo_10|Start:No Error
084047:A_9_GoTo_10|Done:No Error
084047:B_9_GoTo_10|Start:No Error
084047:D_9_GoTo_10|Done:No Error
084047:B_9_GoTo_10|Done:No Error
084047:C_9_GoTo_10|Start:No Error
084048:C_9_GoTo_10|Done:No Error
084048:S_9_GoTo_10|Finish:No Error
084048:S_10_GoTo_11|Start:No Error
084048:D_10_GoTo_11|Start:No Error
084048:A_10_GoTo_11|Start:No Error
084048:D_10_GoTo_11|Done:No Error
084048:A_10_GoTo_11|Done:No Error
084048:B_10_GoTo_11|Start:No Error
084048:B_10_GoTo_11|Done:No Error
084048:C_10_GoTo_11|Start:No Error
084048:C_10_GoTo_11|Done:No Error
084048:S_10_GoTo_11|Finish:No Error
084048:S_11_GoTo_12|Start:No Error
084048:D_11_GoTo_12|Start:No Error
084048:A_11_GoTo_12|Start:No Error
084049:A_11_GoTo_12|Done:No Error
084049:B_11_GoTo_12|Start:No Error
084049:D_11_GoTo_12|Done:No Error
084049:B_11_GoTo_12|Done:No Error
084049:C_11_GoTo_12|Start:No Error
084049:C_11_GoTo_12|Done:No Error
084049:S_11_GoTo_12|Finish:No Error
084055:S_7_GoTo_8|Start:No Error
084055:D_7_GoTo_8|Start:No Error
084055:A_7_GoTo_8|Start:No Error
084056:D_7_GoTo_8|Done:No Error
084056:A_7_GoTo_8|Done:No Error
084056:B_7_GoTo_8|Start:No Error
084056:B_7_GoTo_8|Done:No Error
084056:C_7_GoTo_8|Start:No Error
084056:S_3_GoTo_5|Start:No Error
084056:D_3_GoTo_5|Start:No Error
084056:A_3_GoTo_5|Start:No Error
084056:C_7_GoTo_8|Done:No Error
084056:S_7_GoTo_8|Finish:No Error
084056:D_3_GoTo_5|Done:No Error
084107:S_5_GoTo_6|Start:No Error
084107:D_5_GoTo_6|Start:No Error
084107:A_5_GoTo_6|Start:No Error
084107:A_5_GoTo_6|Done:No Error
084107:B_5_GoTo_6|Start:No Error
084107:D_5_GoTo_6|Done:No Error
084107:B_5_GoTo_6|Done:No Error
084107:C_5_GoTo_6|Start:No Error
084107:A_3_GoTo_5|Done:No Error
084107:B_3_GoTo_5|Start:No Error
084107:C_5_GoTo_6|Done:No Error
084107:S_5_GoTo_6|Finish:No Error
084108:B_3_GoTo_5|Done:No Error
084108:C_3_GoTo_5|Start:No Error
084108:C_3_GoTo_5|Done:No Error
084108:S_3_GoTo_5|Finish:No Error
084144:S_6_GoTo_7|Start:No Error
084144:A_6_GoTo_7|Start:No Error
084144:D_6_GoTo_7|Start:No Error
084144:D_6_GoTo_7|Done:No Error
084144:A_6_GoTo_7|Done:No Error
084144:B_6_GoTo_7|Start:No Error
084144:B_6_GoTo_7|Done:No Error
084144:C_6_GoTo_7|Start:No Error
084144:C_6_GoTo_7|Done:No Error
084144:S_6_GoTo_7|Finish:No Error
084149:S_8_GoTo_9|Start:No Error
084149:D_8_GoTo_9|Start:No Error
084149:A_8_GoTo_9|Start:No Error
084149:A_8_GoTo_9|Done:No Error
084149:B_8_GoTo_9|Start:No Error
084149:D_8_GoTo_9|Done:No Error
084149:B_8_GoTo_9|Done:No Error
084149:C_8_GoTo_9|Start:No Error
084149:C_8_GoTo_9|Done:No Error
084149:S_8_GoTo_9|Finish:No Error
084204:S_12_GoTo_13|Start:No Error
084204:D_12_GoTo_13|Start:No Error
084204:A_12_GoTo_13|Start:No Error
084204:A_12_GoTo_13|Done:No Error
084204:B_12_GoTo_13|Start:No Error
084204:D_12_GoTo_13|Done:No Error
084204:B_12_GoTo_13|Done:No Error
084204:C_12_GoTo_13|Start:No Error
084205:C_12_GoTo_13|Done:No Error
084205:S_12_GoTo_13|Finish:No Error
084307:S_3_GoTo_5|Start:No Error
084307:D_3_GoTo_5|Start:No Error
084307:A_3_GoTo_5|Start:No Error
084307:D_3_GoTo_5|Done:No Error
084308:S_13_GoTo_16|Start:No Error
084308:D_13_GoTo_16|Start:No Error
084308:A_13_GoTo_16|Start:No Error
084308:A_13_GoTo_16|Done:No Error
084308:B_13_GoTo_16|Start:No Error
084308:D_13_GoTo_16|Done:No Error
084309:B_13_GoTo_16|Done:No Error
084309:C_13_GoTo_16|Start:No Error
084309:C_13_GoTo_16|Done:No Error
084309:S_13_GoTo_16|Finish:No Error
084324:S_7_GoTo_8|Start:No Error
084324:D_7_GoTo_8|Start:No Error
084324:A_7_GoTo_8|Start:No Error
084324:A_7_GoTo_8|Done:No Error
084324:B_7_GoTo_8|Start:No Error
084324:D_7_GoTo_8|Done:No Error
084324:B_7_GoTo_8|Done:No Error
084324:C_7_GoTo_8|Start:No Error
084324:C_7_GoTo_8|Done:No Error
084324:S_7_GoTo_8|Finish:No Error
084410:S_5_GoTo_6|Start:No Error
084410:D_5_GoTo_6|Start:No Error
084410:A_5_GoTo_6|Start:No Error
084410:S_9_GoTo_10|Start:No Error
084410:D_9_GoTo_10|Start:No Error
084410:A_9_GoTo_10|Start:No Error
084410:A_5_GoTo_6|Done:No Error
084410:B_5_GoTo_6|Start:No Error
084410:D_5_GoTo_6|Done:No Error
084410:A_9_GoTo_10|Done:No Error
084410:B_9_GoTo_10|Start:No Error
084410:D_9_GoTo_10|Done:No Error
084410:B_5_GoTo_6|Done:No Error
084410:C_5_GoTo_6|Start:No Error
084410:B_9_GoTo_10|Done:No Error
084410:C_9_GoTo_10|Start:No Error
084410:A_3_GoTo_5|Done:No Error
084410:C_9_GoTo_10|Done:No Error
084410:B_3_GoTo_5|Start:No Error
084410:S_9_GoTo_10|Finish:No Error
084410:C_5_GoTo_6|Done:No Error
084410:S_5_GoTo_6|Finish:No Error
084410:S_10_GoTo_11|Start:No Error
084410:D_10_GoTo_11|Start:No Error
084410:A_10_GoTo_11|Start:No Error
084410:D_10_GoTo_11|Done:No Error
084410:B_3_GoTo_5|Done:No Error
084410:C_3_GoTo_5|Start:No Error
084411:A_10_GoTo_11|Done:No Error
084411:B_10_GoTo_11|Start:No Error
084411:C_3_GoTo_5|Done:No Error
084411:S_3_GoTo_5|Finish:No Error
084411:B_10_GoTo_11|Done:No Error
084411:C_10_GoTo_11|Start:No Error
084411:C_10_GoTo_11|Done:No Error
084411:S_10_GoTo_11|Finish:No Error
084411:S_11_GoTo_12|Start:No Error
084411:D_11_GoTo_12|Start:No Error
084411:A_11_GoTo_12|Start:No Error
084411:A_11_GoTo_12|Done:No Error
084411:B_11_GoTo_12|Start:No Error
084411:D_11_GoTo_12|Done:No Error
084412:B_11_GoTo_12|Done:No Error
084412:C_11_GoTo_12|Start:No Error
084412:C_11_GoTo_12|Done:No Error
084412:S_11_GoTo_12|Finish:No Error
084426:S_8_GoTo_9|Start:No Error
084426:D_8_GoTo_9|Start:No Error
084426:A_8_GoTo_9|Start:No Error
084426:A_8_GoTo_9|Done:No Error
084426:B_8_GoTo_9|Start:No Error
084426:D_8_GoTo_9|Done:No Error
084427:B_8_GoTo_9|Done:No Error
084427:C_8_GoTo_9|Start:No Error
084427:C_8_GoTo_9|Done:No Error
084427:S_8_GoTo_9|Finish:No Error
084454:S_6_GoTo_7|Start:No Error
084454:D_6_GoTo_7|Start:No Error
084454:A_6_GoTo_7|Start:No Error
084454:D_6_GoTo_7|Done:No Error
084455:A_6_GoTo_7|Done:No Error
084455:B_6_GoTo_7|Start:No Error
084455:B_6_GoTo_7|Done:No Error
084455:C_6_GoTo_7|Start:No Error
084455:C_6_GoTo_7|Done:No Error
084455:S_6_GoTo_7|Finish:No Error
084502:S_16_GoTo_17|Start:No Error
084502:D_16_GoTo_17|Start:No Error
084502:A_16_GoTo_17|Start:No Error
084502:D_16_GoTo_17|Done:No Error
084502:A_16_GoTo_17|Done:No Error
084502:B_16_GoTo_17|Start:No Error
084502:B_16_GoTo_17|Done:No Error
084502:C_16_GoTo_17|Start:No Error
084502:C_16_GoTo_17|Done:No Error
084502:S_16_GoTo_17|Finish:No Error
084515:S_12_GoTo_13|Start:No Error
084515:D_12_GoTo_13|Start:No Error
084515:A_12_GoTo_13|Start:No Error
084515:A_12_GoTo_13|Done:No Error
084515:B_12_GoTo_13|Start:No Error
084515:D_12_GoTo_13|Done:No Error
084515:B_12_GoTo_13|Done:No Error
084515:C_12_GoTo_13|Start:No Error
084515:C_12_GoTo_13|Done:No Error
084515:S_12_GoTo_13|Finish:No Error
084547:S_3_GoTo_5|Start:No Error
084547:D_3_GoTo_5|Start:No Error
084547:A_3_GoTo_5|Start:No Error
084547:D_3_GoTo_5|Done:No Error
084548:S_9_GoTo_10|Start:No Error
084548:D_9_GoTo_10|Start:No Error
084548:A_9_GoTo_10|Start:No Error
084548:A_9_GoTo_10|Done:No Error
084548:B_9_GoTo_10|Start:No Error
084548:D_9_GoTo_10|Done:No Error
084548:B_9_GoTo_10|Done:No Error
084548:C_9_GoTo_10|Start:No Error
084548:C_9_GoTo_10|Done:No Error
084548:S_9_GoTo_10|Finish:No Error
084548:S_10_GoTo_11|Start:No Error
084548:A_10_GoTo_11|Start:No Error
084548:D_10_GoTo_11|Start:No Error
084548:D_10_GoTo_11|Done:No Error
084549:A_10_GoTo_11|Done:No Error
084549:B_10_GoTo_11|Start:No Error
084549:B_10_GoTo_11|Done:No Error
084549:C_10_GoTo_11|Start:No Error
084549:C_10_GoTo_11|Done:No Error
084549:S_10_GoTo_11|Finish:No Error
084549:S_11_GoTo_12|Start:No Error
084549:D_11_GoTo_12|Start:No Error
084549:A_11_GoTo_12|Start:No Error
084549:A_11_GoTo_12|Done:No Error
084549:B_11_GoTo_12|Start:No Error
084549:D_11_GoTo_12|Done:No Error
084549:B_11_GoTo_12|Done:No Error
084549:C_11_GoTo_12|Start:No Error
084550:C_11_GoTo_12|Done:No Error
084550:S_11_GoTo_12|Finish:No Error
084612:S_13_GoTo_16|Start:No Error
084612:D_13_GoTo_16|Start:No Error
084612:A_13_GoTo_16|Start:No Error
084612:D_13_GoTo_16|Done:No Error
084612:A_13_GoTo_16|Done:No Error
084612:B_13_GoTo_16|Start:No Error
084612:B_13_GoTo_16|Done:No Error
084612:C_13_GoTo_16|Start:No Error
084613:C_13_GoTo_16|Done:No Error
084613:S_13_GoTo_16|Finish:No Error
084635:S_5_GoTo_6|Start:No Error
084635:D_5_GoTo_6|Start:No Error
084635:A_5_GoTo_6|Start:No Error
084635:A_5_GoTo_6|Done:No Error
084635:B_5_GoTo_6|Start:No Error
084635:D_5_GoTo_6|Done:No Error
084635:B_5_GoTo_6|Done:No Error
084635:C_5_GoTo_6|Start:No Error
084635:A_3_GoTo_5|Done:No Error
084635:C_5_GoTo_6|Done:No Error
084635:B_3_GoTo_5|Start:No Error
084635:S_5_GoTo_6|Finish:No Error
084636:B_3_GoTo_5|Done:No Error
084636:C_3_GoTo_5|Start:No Error
084636:C_3_GoTo_5|Done:No Error
084636:S_3_GoTo_5|Finish:No Error
084658:S_7_GoTo_8|Start:No Error
084658:D_7_GoTo_8|Start:No Error
084658:A_7_GoTo_8|Start:No Error
084659:D_7_GoTo_8|Done:No Error
084659:A_7_GoTo_8|Done:No Error
084659:B_7_GoTo_8|Start:No Error
084659:B_7_GoTo_8|Done:No Error
084659:C_7_GoTo_8|Start:No Error
084659:C_7_GoTo_8|Done:No Error
084659:S_7_GoTo_8|Finish:No Error
084703:S_12_GoTo_13|Start:No Error
084703:D_12_GoTo_13|Start:No Error
084703:A_12_GoTo_13|Start:No Error
084703:D_12_GoTo_13|Done:No Error
084703:A_12_GoTo_13|Done:No Error
084703:B_12_GoTo_13|Start:No Error
084703:B_12_GoTo_13|Done:No Error
084703:C_12_GoTo_13|Start:No Error
084704:C_12_GoTo_13|Done:No Error
084704:S_12_GoTo_13|Finish:No Error
084708:S_6_GoTo_7|Start:No Error
084708:D_6_GoTo_7|Start:No Error
084708:A_6_GoTo_7|Start:No Error
084708:D_6_GoTo_7|Done:No Error
084708:S_17_GoTo_18|Start:No Error
084708:D_17_GoTo_18|Start:No Error
084708:A_17_GoTo_18|Start:No Error
084708:A_6_GoTo_7|Done:No Error
084708:B_6_GoTo_7|Start:No Error
084708:A_17_GoTo_18|Done:No Error
084708:B_17_GoTo_18|Start:No Error
084708:D_17_GoTo_18|Done:No Error
084708:B_6_GoTo_7|Done:No Error
084708:C_6_GoTo_7|Start:No Error
084708:B_17_GoTo_18|Done:No Error
084708:C_17_GoTo_18|Start:No Error
084708:C_6_GoTo_7|Done:No Error
084708:S_6_GoTo_7|Finish:No Error
084708:C_17_GoTo_18|Done:No Error
084708:S_17_GoTo_18|Finish:No Error
084732:S_18_GoTo_19|Start:No Error
084732:D_18_GoTo_19|Start:No Error
084732:A_18_GoTo_19|Start:No Error
084732:A_18_GoTo_19|Done:No Error
084732:B_18_GoTo_19|Start:No Error
084732:D_18_GoTo_19|Done:No Error
084732:B_18_GoTo_19|Done:No Error
084732:C_18_GoTo_19|Start:No Error
084733:C_18_GoTo_19|Done:No Error
084733:S_18_GoTo_19|Finish:No Error
084753:S_8_GoTo_9|Start:No Error
084753:D_8_GoTo_9|Start:No Error
084753:A_8_GoTo_9|Start:No Error
084753:A_8_GoTo_9|Done:No Error
084753:B_8_GoTo_9|Start:No Error
084753:D_8_GoTo_9|Done:No Error
084753:B_8_GoTo_9|Done:No Error
084753:C_8_GoTo_9|Start:No Error
084753:C_8_GoTo_9|Done:No Error
084753:S_8_GoTo_9|Finish:No Error
084756:S_13_GoTo_16|Start:No Error
084756:A_13_GoTo_16|Start:No Error
084756:D_13_GoTo_16|Start:No Error
084756:D_13_GoTo_16|Done:No Error
084758:S_16_GoTo_17|Start:No Error
084758:D_16_GoTo_17|Start:No Error
084758:A_16_GoTo_17|Start:No Error
084758:A_16_GoTo_17|Done:No Error
084758:B_16_GoTo_17|Start:No Error
084758:D_16_GoTo_17|Done:No Error
084758:B_16_GoTo_17|Done:No Error
084758:C_16_GoTo_17|Start:No Error
084759:C_16_GoTo_17|Done:No Error
084759:S_16_GoTo_17|Finish:No Error
084759:A_13_GoTo_16|Done:No Error
084759:B_13_GoTo_16|Start:No Error
084759:B_13_GoTo_16|Done:No Error
084759:C_13_GoTo_16|Start:No Error
084759:C_13_GoTo_16|Done:No Error
084759:S_13_GoTo_16|Finish:No Error
084901:S_5_GoTo_6|Start:No Error
084901:D_5_GoTo_6|Start:No Error
084901:A_5_GoTo_6|Start:No Error
084901:A_5_GoTo_6|Done:No Error
084901:B_5_GoTo_6|Start:No Error
084901:D_5_GoTo_6|Done:No Error
084901:B_5_GoTo_6|Done:No Error
084901:C_5_GoTo_6|Start:No Error
084901:C_5_GoTo_6|Done:No Error
084901:S_5_GoTo_6|Finish:No Error
084917:S_19_GoTo_20|Start:No Error
084917:D_19_GoTo_20|Start:No Error
084917:A_19_GoTo_20|Start:No Error
084917:A_19_GoTo_20|Done:No Error
084917:B_19_GoTo_20|Start:No Error
084917:D_19_GoTo_20|Done:No Error
084918:B_19_GoTo_20|Done:No Error
084918:C_19_GoTo_20|Start:No Error
084918:C_19_GoTo_20|Done:No Error
084918:S_19_GoTo_20|Finish:No Error
084931:S_16_GoTo_17|Start:No Error
084931:D_16_GoTo_17|Start:No Error
084931:A_16_GoTo_17|Start:No Error
084932:D_16_GoTo_17|Done:No Error
084933:S_9_GoTo_10|Start:No Error
084933:A_9_GoTo_10|Start:No Error
084933:D_9_GoTo_10|Start:No Error
084933:A_9_GoTo_10|Done:No Error
084933:B_9_GoTo_10|Start:No Error
084933:D_9_GoTo_10|Done:No Error
084934:B_9_GoTo_10|Done:No Error
084934:C_9_GoTo_10|Start:No Error
084934:C_9_GoTo_10|Done:No Error
084934:S_9_GoTo_10|Finish:No Error
084934:S_10_GoTo_11|Start:No Error
084934:A_10_GoTo_11|Start:No Error
084934:D_10_GoTo_11|Start:No Error
084934:D_10_GoTo_11|Done:No Error
084934:A_10_GoTo_11|Done:No Error
084934:B_10_GoTo_11|Start:No Error
084934:B_10_GoTo_11|Done:No Error
084934:C_10_GoTo_11|Start:No Error
084935:C_10_GoTo_11|Done:No Error
084935:S_10_GoTo_11|Finish:No Error
084935:S_11_GoTo_12|Start:No Error
084935:A_11_GoTo_12|Start:No Error
084935:D_11_GoTo_12|Start:No Error
084935:A_11_GoTo_12|Done:No Error
084935:B_11_GoTo_12|Start:No Error
084935:D_11_GoTo_12|Done:No Error
084935:B_11_GoTo_12|Done:No Error
084935:C_11_GoTo_12|Start:No Error
084935:C_11_GoTo_12|Done:No Error
084935:S_11_GoTo_12|Finish:No Error
084941:S_3_GoTo_5|Start:No Error
084941:D_3_GoTo_5|Start:No Error
084941:A_3_GoTo_5|Start:No Error
084941:A_3_GoTo_5|Done:No Error
084941:B_3_GoTo_5|Start:No Error
084941:D_3_GoTo_5|Done:No Error
084941:B_3_GoTo_5|Done:No Error
084941:C_3_GoTo_5|Start:No Error
084942:C_3_GoTo_5|Done:No Error
084942:S_3_GoTo_5|Finish:No Error
084945:S_7_GoTo_8|Start:No Error
084945:D_7_GoTo_8|Start:No Error
084945:A_7_GoTo_8|Start:No Error
084945:A_7_GoTo_8|Done:No Error
084945:B_7_GoTo_8|Start:No Error
084945:D_7_GoTo_8|Done:No Error
084946:B_7_GoTo_8|Done:No Error
084946:C_7_GoTo_8|Start:No Error
084946:C_7_GoTo_8|Done:No Error
084946:S_7_GoTo_8|Finish:No Error
085011:S_6_GoTo_7|Start:No Error
085011:D_6_GoTo_7|Start:No Error
085011:A_6_GoTo_7|Start:No Error
085011:D_6_GoTo_7|Done:No Error
085011:A_6_GoTo_7|Done:No Error
085011:B_6_GoTo_7|Start:No Error
085011:B_6_GoTo_7|Done:No Error
085011:C_6_GoTo_7|Start:No Error
085012:C_6_GoTo_7|Done:No Error
085012:S_6_GoTo_7|Finish:No Error
085020:S_17_GoTo_18|Start:No Error
085020:D_17_GoTo_18|Start:No Error
085020:A_17_GoTo_18|Start:No Error
085020:D_17_GoTo_18|Done:No Error
085020:A_17_GoTo_18|Done:No Error
085020:B_17_GoTo_18|Start:No Error
085020:B_17_GoTo_18|Done:No Error
085020:C_17_GoTo_18|Start:No Error
085020:A_16_GoTo_17|Done:No Error
085020:C_17_GoTo_18|Done:No Error
085020:B_16_GoTo_17|Start:No Error
085020:S_17_GoTo_18|Finish:No Error
085021:B_16_GoTo_17|Done:No Error
085021:C_16_GoTo_17|Start:No Error
085021:C_16_GoTo_17|Done:No Error
085021:S_16_GoTo_17|Finish:No Error
085032:S_8_GoTo_9|Start:No Error
085032:D_8_GoTo_9|Start:No Error
085032:A_8_GoTo_9|Start:No Error
085032:D_8_GoTo_9|Done:No Error
085032:A_8_GoTo_9|Done:No Error
085032:B_8_GoTo_9|Start:No Error
085032:B_8_GoTo_9|Done:No Error
085032:C_8_GoTo_9|Start:No Error
085033:C_8_GoTo_9|Done:No Error
085033:S_8_GoTo_9|Finish:No Error
085047:S_18_GoTo_19|Start:No Error
085047:D_18_GoTo_19|Start:No Error
085047:A_18_GoTo_19|Start:No Error
085047:D_18_GoTo_19|Done:No Error
085047:A_18_GoTo_19|Done:No Error
085047:B_18_GoTo_19|Start:No Error
085047:B_18_GoTo_19|Done:No Error
085047:C_18_GoTo_19|Start:No Error
085048:C_18_GoTo_19|Done:No Error
085048:S_18_GoTo_19|Finish:No Error
085103:S_12_GoTo_13|Start:No Error
085103:D_12_GoTo_13|Start:No Error
085103:A_12_GoTo_13|Start:No Error
085104:D_12_GoTo_13|Done:No Error
085104:A_12_GoTo_13|Done:No Error
085104:B_12_GoTo_13|Start:No Error
085104:B_12_GoTo_13|Done:No Error
085104:C_12_GoTo_13|Start:No Error
085104:C_12_GoTo_13|Done:No Error
085104:S_12_GoTo_13|Finish:No Error
085206:S_7_GoTo_8|Start:No Error
085206:D_7_GoTo_8|Start:No Error
085206:A_7_GoTo_8|Start:No Error
085206:S_5_GoTo_6|Start:No Error
085206:D_5_GoTo_6|Start:No Error
085206:A_5_GoTo_6|Start:No Error
085206:A_7_GoTo_8|Done:No Error
085206:B_7_GoTo_8|Start:No Error
085206:D_7_GoTo_8|Done:No Error
085206:D_5_GoTo_6|Done:No Error
085206:A_5_GoTo_6|Done:No Error
085206:B_5_GoTo_6|Start:No Error
085207:B_7_GoTo_8|Done:No Error
085207:C_7_GoTo_8|Start:No Error
085207:C_7_GoTo_8|Done:No Error
085207:S_7_GoTo_8|Finish:No Error
085207:B_5_GoTo_6|Done:No Error
085207:C_5_GoTo_6|Start:No Error
085207:C_5_GoTo_6|Done:No Error
085207:S_5_GoTo_6|Finish:No Error
085214:S_13_GoTo_16|Start:No Error
085214:D_13_GoTo_16|Start:No Error
085214:A_13_GoTo_16|Start:No Error
085214:A_13_GoTo_16|Done:No Error
085214:B_13_GoTo_16|Start:No Error
085214:D_13_GoTo_16|Done:No Error
085215:B_13_GoTo_16|Done:No Error
085215:C_13_GoTo_16|Start:No Error
085215:C_13_GoTo_16|Done:No Error
085215:S_13_GoTo_16|Finish:No Error
085225:S_17_GoTo_18|Start:No Error
085225:D_17_GoTo_18|Start:No Error
085225:A_17_GoTo_18|Start:No Error
085226:A_17_GoTo_18|Done:No Error
085226:B_17_GoTo_18|Start:No Error
085226:D_17_GoTo_18|Done:No Error
085226:B_17_GoTo_18|Done:No Error
085226:C_17_GoTo_18|Start:No Error
085226:C_17_GoTo_18|Done:No Error
085226:S_17_GoTo_18|Finish:No Error
085227:S_3_GoTo_5|Start:No Error
085227:D_3_GoTo_5|Start:No Error
085227:A_3_GoTo_5|Start:No Error
085227:A_3_GoTo_5|Done:No Error
085227:B_3_GoTo_5|Start:No Error
085227:D_3_GoTo_5|Done:No Error
085228:B_3_GoTo_5|Done:No Error
085228:C_3_GoTo_5|Start:No Error
085228:C_3_GoTo_5|Done:No Error
085228:S_3_GoTo_5|Finish:No Error
085233:S_19_GoTo_20|Start:No Error
085233:D_19_GoTo_20|Start:No Error
085233:A_19_GoTo_20|Start:No Error
085233:D_19_GoTo_20|Done:No Error
085238:S_6_GoTo_7|Start:No Error
085238:A_6_GoTo_7|Start:No Error
085238:D_6_GoTo_7|Start:No Error
085238:D_6_GoTo_7|Done:No Error
085238:A_6_GoTo_7|Done:No Error
085238:B_6_GoTo_7|Start:No Error
085239:B_6_GoTo_7|Done:No Error
085239:C_6_GoTo_7|Start:No Error
085239:C_6_GoTo_7|Done:No Error
085239:S_6_GoTo_7|Finish:No Error
085240:S_9_GoTo_10|Start:No Error
085240:D_9_GoTo_10|Start:No Error
085240:A_9_GoTo_10|Start:No Error
085240:D_9_GoTo_10|Done:No Error
085240:A_9_GoTo_10|Done:No Error
085240:B_9_GoTo_10|Start:No Error
085241:B_9_GoTo_10|Done:No Error
085241:C_9_GoTo_10|Start:No Error
085241:C_9_GoTo_10|Done:No Error
085241:S_9_GoTo_10|Finish:No Error
085241:S_10_GoTo_11|Start:No Error
085241:D_10_GoTo_11|Start:No Error
085241:A_10_GoTo_11|Start:No Error
085241:D_10_GoTo_11|Done:No Error
085241:A_10_GoTo_11|Done:No Error
085241:B_10_GoTo_11|Start:No Error
085242:B_10_GoTo_11|Done:No Error
085242:C_10_GoTo_11|Start:No Error
085242:C_10_GoTo_11|Done:No Error
085242:S_10_GoTo_11|Finish:No Error
085243:S_11_GoTo_12|Start:No Error
085243:D_11_GoTo_12|Start:No Error
085243:A_11_GoTo_12|Start:No Error
085243:D_11_GoTo_12|Done:No Error
085243:A_11_GoTo_12|Done:No Error
085243:B_11_GoTo_12|Start:No Error
085243:B_11_GoTo_12|Done:No Error
085243:C_11_GoTo_12|Start:No Error
085244:C_11_GoTo_12|Done:No Error
085244:S_11_GoTo_12|Finish:No Error
085255:S_18_GoTo_19|Start:No Error
085255:D_18_GoTo_19|Start:No Error
085255:A_18_GoTo_19|Start:No Error
085256:D_18_GoTo_19|Done:No Error
085309:S_8_GoTo_9|Start:No Error
085309:D_8_GoTo_9|Start:No Error
085309:A_8_GoTo_9|Start:No Error
085309:A_8_GoTo_9|Done:No Error
085309:B_8_GoTo_9|Start:No Error
085309:D_8_GoTo_9|Done:No Error
085310:B_8_GoTo_9|Done:No Error
085310:C_8_GoTo_9|Start:No Error
085310:C_8_GoTo_9|Done:No Error
085310:S_8_GoTo_9|Finish:No Error
085343:S_12_GoTo_13|Start:No Error
085343:D_12_GoTo_13|Start:No Error
085343:A_12_GoTo_13|Start:No Error
085343:D_12_GoTo_13|Done:No Error
085343:A_12_GoTo_13|Done:No Error
085343:B_12_GoTo_13|Start:No Error
085344:B_12_GoTo_13|Done:No Error
085344:C_12_GoTo_13|Start:No Error
085344:C_12_GoTo_13|Done:No Error
085344:S_12_GoTo_13|Finish:No Error
085416:S_9_GoTo_10|Start:No Error
085416:A_9_GoTo_10|Start:No Error
085416:D_9_GoTo_10|Start:No Error
085416:A_9_GoTo_10|Done:No Error
085416:B_9_GoTo_10|Start:No Error
085416:D_9_GoTo_10|Done:No Error
085417:B_9_GoTo_10|Done:No Error
085417:C_9_GoTo_10|Start:No Error
085417:C_9_GoTo_10|Done:No Error
085417:S_9_GoTo_10|Finish:No Error
085417:S_10_GoTo_11|Start:No Error
085417:A_10_GoTo_11|Start:No Error
085417:D_10_GoTo_11|Start:No Error
085417:D_10_GoTo_11|Done:No Error
085417:A_10_GoTo_11|Done:No Error
085417:B_10_GoTo_11|Start:No Error
085418:B_10_GoTo_11|Done:No Error
085418:C_10_GoTo_11|Start:No Error
085418:C_10_GoTo_11|Done:No Error
085418:S_10_GoTo_11|Finish:No Error
085418:S_11_GoTo_12|Start:No Error
085418:D_11_GoTo_12|Start:No Error
085418:A_11_GoTo_12|Start:No Error
085418:D_11_GoTo_12|Done:No Error
085418:A_11_GoTo_12|Done:No Error
085418:B_11_GoTo_12|Start:No Error
085418:B_11_GoTo_12|Done:No Error
085418:C_11_GoTo_12|Start:No Error
085419:C_11_GoTo_12|Done:No Error
085419:S_11_GoTo_12|Finish:No Error
085430:S_16_GoTo_17|Start:No Error
085430:D_16_GoTo_17|Start:No Error
085430:A_16_GoTo_17|Start:No Error
085431:A_16_GoTo_17|Done:No Error
085431:B_16_GoTo_17|Start:No Error
085431:D_16_GoTo_17|Done:No Error
085431:B_16_GoTo_17|Done:No Error
085431:C_16_GoTo_17|Start:No Error
085431:C_16_GoTo_17|Done:No Error
085431:S_16_GoTo_17|Finish:No Error
085442:S_7_GoTo_8|Start:No Error
085442:D_7_GoTo_8|Start:No Error
085442:A_7_GoTo_8|Start:No Error
085442:A_7_GoTo_8|Done:No Error
085442:B_7_GoTo_8|Start:No Error
085442:D_7_GoTo_8|Done:No Error
085442:B_7_GoTo_8|Done:No Error
085442:C_7_GoTo_8|Start:No Error
085442:C_7_GoTo_8|Done:No Error
085442:S_7_GoTo_8|Finish:No Error
085448:S_3_GoTo_5|Start:No Error
085448:D_3_GoTo_5|Start:No Error
085448:A_3_GoTo_5|Start:No Error
085448:D_3_GoTo_5|Done:No Error
085450:S_5_GoTo_6|Start:No Error
085450:D_5_GoTo_6|Start:No Error
085450:A_5_GoTo_6|Start:No Error
085450:D_5_GoTo_6|Done:No Error
085450:A_5_GoTo_6|Done:No Error
085450:B_5_GoTo_6|Start:No Error
085451:B_5_GoTo_6|Done:No Error
085451:C_5_GoTo_6|Start:No Error
085451:A_3_GoTo_5|Done:No Error
085451:B_3_GoTo_5|Start:No Error
085451:C_5_GoTo_6|Done:No Error
085451:S_5_GoTo_6|Finish:No Error
085451:B_3_GoTo_5|Done:No Error
085451:C_3_GoTo_5|Start:No Error
085452:C_3_GoTo_5|Done:No Error
085452:S_3_GoTo_5|Finish:No Error
085504:S_13_GoTo_16|Start:No Error
085504:D_13_GoTo_16|Start:No Error
085504:A_13_GoTo_16|Start:No Error
085504:A_13_GoTo_16|Done:No Error
085504:B_13_GoTo_16|Start:No Error
085504:D_13_GoTo_16|Done:No Error
085504:B_13_GoTo_16|Done:No Error
085504:C_13_GoTo_16|Start:No Error
085505:C_13_GoTo_16|Done:No Error
085505:S_13_GoTo_16|Finish:No Error
085516:S_6_GoTo_7|Start:No Error
085516:D_6_GoTo_7|Start:No Error
085516:A_6_GoTo_7|Start:No Error
085516:D_6_GoTo_7|Done:No Error
085517:A_6_GoTo_7|Done:No Error
085517:B_6_GoTo_7|Start:No Error
085517:B_6_GoTo_7|Done:No Error
085517:C_6_GoTo_7|Start:No Error
085517:C_6_GoTo_7|Done:No Error
085517:S_6_GoTo_7|Finish:No Error
085532:S_8_GoTo_9|Start:No Error
085532:D_8_GoTo_9|Start:No Error
085532:A_8_GoTo_9|Start:No Error
085532:D_8_GoTo_9|Done:No Error
085532:A_8_GoTo_9|Done:No Error
085532:B_8_GoTo_9|Start:No Error
085533:B_8_GoTo_9|Done:No Error
085533:C_8_GoTo_9|Start:No Error
085533:C_8_GoTo_9|Done:No Error
085533:S_8_GoTo_9|Finish:No Error
085535:S_12_GoTo_13|Start:No Error
085535:A_12_GoTo_13|Start:No Error
085535:D_12_GoTo_13|Start:No Error
085536:A_12_GoTo_13|Done:No Error
085536:B_12_GoTo_13|Start:No Error
085536:D_12_GoTo_13|Done:No Error
085536:B_12_GoTo_13|Done:No Error
085536:C_12_GoTo_13|Start:No Error
085536:C_12_GoTo_13|Done:No Error
085536:S_12_GoTo_13|Finish:No Error
085932:S_3_GoTo_5|Start:No Error
085932:D_3_GoTo_5|Start:No Error
085932:A_3_GoTo_5|Start:No Error
085932:A_3_GoTo_5|Done:No Error
085932:B_3_GoTo_5|Start:No Error
085932:D_3_GoTo_5|Done:No Error
085932:B_3_GoTo_5|Done:No Error
085932:C_3_GoTo_5|Start:No Error
085933:C_3_GoTo_5|Done:No Error
085933:S_3_GoTo_5|Finish:No Error
090130:S_5_GoTo_6|Start:No Error
090130:D_5_GoTo_6|Start:No Error
090130:A_5_GoTo_6|Start:No Error
090130:A_5_GoTo_6|Done:No Error
090130:B_5_GoTo_6|Start:No Error
090130:D_5_GoTo_6|Done:No Error
090130:B_5_GoTo_6|Done:No Error
090130:C_5_GoTo_6|Start:No Error
090130:C_5_GoTo_6|Done:No Error
090130:S_5_GoTo_6|Finish:No Error
090145:S_3_GoTo_5|Start:No Error
090145:D_3_GoTo_5|Start:No Error
090145:A_3_GoTo_5|Start:No Error
090145:A_3_GoTo_5|Done:No Error
090145:B_3_GoTo_5|Start:No Error
090145:D_3_GoTo_5|Done:No Error
090145:B_3_GoTo_5|Done:No Error
090145:C_3_GoTo_5|Start:No Error
090145:C_3_GoTo_5|Done:No Error
090145:S_3_GoTo_5|Finish:No Error
090159:S_6_GoTo_7|Start:No Error
090159:D_6_GoTo_7|Start:No Error
090159:A_6_GoTo_7|Start:No Error
090159:D_6_GoTo_7|Done:No Error
090159:A_6_GoTo_7|Done:No Error
090159:B_6_GoTo_7|Start:No Error
090159:B_6_GoTo_7|Done:No Error
090159:C_6_GoTo_7|Start:No Error
090159:C_6_GoTo_7|Done:No Error
090159:S_6_GoTo_7|Finish:No Error
090327:D_7_GoTo_8|Start:No Error
090327:S_7_GoTo_8|Start:No Error
090327:A_7_GoTo_8|Start:No Error
090327:A_7_GoTo_8|Done:No Error
090327:B_7_GoTo_8|Start:No Error
090327:D_7_GoTo_8|Done:No Error
090327:B_7_GoTo_8|Done:No Error
090327:C_7_GoTo_8|Start:No Error
090328:C_7_GoTo_8|Done:No Error
090328:S_7_GoTo_8|Finish:No Error
090347:S_3_GoTo_5|Start:No Error
090347:D_3_GoTo_5|Start:No Error
090347:A_3_GoTo_5|Start:No Error
090347:D_3_GoTo_5|Done:No Error
090403:S_8_GoTo_9|Start:No Error
090403:A_8_GoTo_9|Start:No Error
090403:D_8_GoTo_9|Start:No Error
090403:A_8_GoTo_9|Done:No Error
090403:B_8_GoTo_9|Start:No Error
090403:D_8_GoTo_9|Done:No Error
090403:B_8_GoTo_9|Done:No Error
090403:C_8_GoTo_9|Start:No Error
090404:C_8_GoTo_9|Done:No Error
090404:S_8_GoTo_9|Finish:No Error
090411:S_5_GoTo_6|Start:No Error
090411:A_5_GoTo_6|Start:No Error
090411:D_5_GoTo_6|Start:No Error
090411:A_5_GoTo_6|Done:No Error
090411:B_5_GoTo_6|Start:No Error
090411:D_5_GoTo_6|Done:No Error
090411:B_5_GoTo_6|Done:No Error
090411:C_5_GoTo_6|Start:No Error
090411:A_3_GoTo_5|Done:No Error
090411:B_3_GoTo_5|Start:No Error
090411:C_5_GoTo_6|Done:No Error
090411:S_5_GoTo_6|Finish:No Error
090411:B_3_GoTo_5|Done:No Error
090411:C_3_GoTo_5|Start:No Error
090412:C_3_GoTo_5|Done:No Error
090412:S_3_GoTo_5|Finish:No Error
090510:S_6_GoTo_7|Start:No Error
090510:D_6_GoTo_7|Start:No Error
090510:A_6_GoTo_7|Start:No Error
090510:D_6_GoTo_7|Done:No Error
090511:A_6_GoTo_7|Done:No Error
090511:B_6_GoTo_7|Start:No Error
090511:B_6_GoTo_7|Done:No Error
090511:C_6_GoTo_7|Start:No Error
090511:C_6_GoTo_7|Done:No Error
090511:S_6_GoTo_7|Finish:No Error
090540:S_9_GoTo_10|Start:No Error
090540:D_9_GoTo_10|Start:No Error
090540:A_9_GoTo_10|Start:No Error
090540:A_9_GoTo_10|Done:No Error
090540:B_9_GoTo_10|Start:No Error
090540:D_9_GoTo_10|Done:No Error
090540:B_9_GoTo_10|Done:No Error
090540:C_9_GoTo_10|Start:No Error
090540:C_9_GoTo_10|Done:No Error
090540:S_9_GoTo_10|Finish:No Error
090541:S_10_GoTo_11|Start:No Error
090541:A_10_GoTo_11|Start:No Error
090541:D_10_GoTo_11|Start:No Error
090541:D_10_GoTo_11|Done:No Error
090541:A_10_GoTo_11|Done:No Error
090541:B_10_GoTo_11|Start:No Error
090541:B_10_GoTo_11|Done:No Error
090541:C_10_GoTo_11|Start:No Error
090541:C_10_GoTo_11|Done:No Error
090541:S_10_GoTo_11|Finish:No Error
090541:S_11_GoTo_12|Start:No Error
090541:D_11_GoTo_12|Start:No Error
090541:A_11_GoTo_12|Start:No Error
090541:A_11_GoTo_12|Done:No Error
090541:B_11_GoTo_12|Start:No Error
090541:D_11_GoTo_12|Done:No Error
090542:B_11_GoTo_12|Done:No Error
090542:C_11_GoTo_12|Start:No Error
090542:C_11_GoTo_12|Done:No Error
090542:S_11_GoTo_12|Finish:No Error
090628:S_12_GoTo_13|Start:No Error
090628:D_12_GoTo_13|Start:No Error
090628:A_12_GoTo_13|Start:No Error
090628:A_12_GoTo_13|Done:No Error
090628:B_12_GoTo_13|Start:No Error
090628:D_12_GoTo_13|Done:No Error
090628:B_12_GoTo_13|Done:No Error
090628:C_12_GoTo_13|Start:No Error
090629:C_12_GoTo_13|Done:No Error
090629:S_12_GoTo_13|Finish:No Error
090701:S_7_GoTo_8|Start:No Error
090701:D_7_GoTo_8|Start:No Error
090701:A_7_GoTo_8|Start:No Error
090701:A_7_GoTo_8|Done:No Error
090701:B_7_GoTo_8|Start:No Error
090701:D_7_GoTo_8|Done:No Error
090701:B_7_GoTo_8|Done:No Error
090701:C_7_GoTo_8|Start:No Error
090701:C_7_GoTo_8|Done:No Error
090701:S_7_GoTo_8|Finish:No Error
090710:S_3_GoTo_5|Start:No Error
090710:D_3_GoTo_5|Start:No Error
090710:A_3_GoTo_5|Start:No Error
090710:D_3_GoTo_5|Done:No Error
090739:S_13_GoTo_16|Start:No Error
090739:D_13_GoTo_16|Start:No Error
090739:A_13_GoTo_16|Start:No Error
090739:A_13_GoTo_16|Done:No Error
090739:B_13_GoTo_16|Start:No Error
090739:D_13_GoTo_16|Done:No Error
090739:B_13_GoTo_16|Done:No Error
090739:C_13_GoTo_16|Start:No Error
090739:C_13_GoTo_16|Done:No Error
090739:S_13_GoTo_16|Finish:No Error
090741:S_8_GoTo_9|Start:No Error
090741:D_8_GoTo_9|Start:No Error
090741:A_8_GoTo_9|Start:No Error
090741:D_8_GoTo_9|Done:No Error
090741:A_8_GoTo_9|Done:No Error
090741:B_8_GoTo_9|Start:No Error
090741:B_8_GoTo_9|Done:No Error
090741:C_8_GoTo_9|Start:No Error
090742:C_8_GoTo_9|Done:No Error
090742:S_8_GoTo_9|Finish:No Error
090748:S_5_GoTo_6|Start:No Error
090748:D_5_GoTo_6|Start:No Error
090748:A_5_GoTo_6|Start:No Error
090748:A_5_GoTo_6|Done:No Error
090748:B_5_GoTo_6|Start:No Error
090748:D_5_GoTo_6|Done:No Error
090748:B_5_GoTo_6|Done:No Error
090748:C_5_GoTo_6|Start:No Error
090748:A_3_GoTo_5|Done:No Error
090748:C_5_GoTo_6|Done:No Error
090748:B_3_GoTo_5|Start:No Error
090748:S_5_GoTo_6|Finish:No Error
090748:B_3_GoTo_5|Done:No Error
090748:C_3_GoTo_5|Start:No Error
090748:C_3_GoTo_5|Done:No Error
090748:S_3_GoTo_5|Finish:No Error
090841:S_6_GoTo_7|Start:No Error
090841:D_6_GoTo_7|Start:No Error
090841:A_6_GoTo_7|Start:No Error
090841:D_6_GoTo_7|Done:No Error
090841:A_6_GoTo_7|Done:No Error
090841:B_6_GoTo_7|Start:No Error
090842:B_6_GoTo_7|Done:No Error
090842:C_6_GoTo_7|Start:No Error
090842:C_6_GoTo_7|Done:No Error
090842:S_6_GoTo_7|Finish:No Error
090914:S_9_GoTo_10|Start:No Error
090914:A_9_GoTo_10|Start:No Error
090914:D_9_GoTo_10|Start:No Error
090915:A_9_GoTo_10|Done:No Error
090915:B_9_GoTo_10|Start:No Error
090915:D_9_GoTo_10|Done:No Error
090915:B_9_GoTo_10|Done:No Error
090915:C_9_GoTo_10|Start:No Error
090915:C_9_GoTo_10|Done:No Error
090915:S_9_GoTo_10|Finish:No Error
090915:S_10_GoTo_11|Start:No Error
090915:D_10_GoTo_11|Start:No Error
090915:A_10_GoTo_11|Start:No Error
090915:D_10_GoTo_11|Done:No Error
090915:A_10_GoTo_11|Done:No Error
090915:B_10_GoTo_11|Start:No Error
090915:B_10_GoTo_11|Done:No Error
090915:C_10_GoTo_11|Start:No Error
090916:C_10_GoTo_11|Done:No Error
090916:S_10_GoTo_11|Finish:No Error
090916:S_11_GoTo_12|Start:No Error
090916:D_11_GoTo_12|Start:No Error
090916:A_11_GoTo_12|Start:No Error
090916:D_11_GoTo_12|Done:No Error
090916:A_11_GoTo_12|Done:No Error
090916:B_11_GoTo_12|Start:No Error
090916:B_11_GoTo_12|Done:No Error
090916:C_11_GoTo_12|Start:No Error
090916:C_11_GoTo_12|Done:No Error
090916:S_11_GoTo_12|Finish:No Error
090929:S_16_GoTo_17|Start:No Error
090929:D_16_GoTo_17|Start:No Error
090929:A_16_GoTo_17|Start:No Error
090929:A_16_GoTo_17|Done:No Error
090929:B_16_GoTo_17|Start:No Error
090929:D_16_GoTo_17|Done:No Error
090929:B_16_GoTo_17|Done:No Error
090929:C_16_GoTo_17|Start:No Error
090929:C_16_GoTo_17|Done:No Error
090929:S_16_GoTo_17|Finish:No Error
091014:S_7_GoTo_8|Start:No Error
091014:D_7_GoTo_8|Start:No Error
091014:A_7_GoTo_8|Start:No Error
091014:A_7_GoTo_8|Done:No Error
091014:B_7_GoTo_8|Start:No Error
091014:D_7_GoTo_8|Done:No Error
091014:B_7_GoTo_8|Done:No Error
091014:C_7_GoTo_8|Start:No Error
091014:C_7_GoTo_8|Done:No Error
091014:S_7_GoTo_8|Finish:No Error
091016:S_3_GoTo_5|Start:No Error
091016:D_3_GoTo_5|Start:No Error
091016:A_3_GoTo_5|Start:No Error
091016:D_3_GoTo_5|Done:No Error
091024:S_12_GoTo_13|Start:No Error
091024:D_12_GoTo_13|Start:No Error
091024:A_12_GoTo_13|Start:No Error
091024:A_12_GoTo_13|Done:No Error
091024:B_12_GoTo_13|Start:No Error
091024:D_12_GoTo_13|Done:No Error
091024:B_12_GoTo_13|Done:No Error
091024:C_12_GoTo_13|Start:No Error
091024:C_12_GoTo_13|Done:No Error
091024:S_12_GoTo_13|Finish:No Error
091054:S_5_GoTo_6|Start:No Error
091054:D_5_GoTo_6|Start:No Error
091054:A_5_GoTo_6|Start:No Error
091054:A_5_GoTo_6|Done:No Error
091054:B_5_GoTo_6|Start:No Error
091054:D_5_GoTo_6|Done:No Error
091054:B_5_GoTo_6|Done:No Error
091054:C_5_GoTo_6|Start:No Error
091054:A_3_GoTo_5|Done:No Error
091054:C_5_GoTo_6|Done:No Error
091054:B_3_GoTo_5|Start:No Error
091054:S_5_GoTo_6|Finish:No Error
091054:B_3_GoTo_5|Done:No Error
091054:C_3_GoTo_5|Start:No Error
091054:C_3_GoTo_5|Done:No Error
091054:S_3_GoTo_5|Finish:No Error
091103:S_8_GoTo_9|Start:No Error
091103:D_8_GoTo_9|Start:No Error
091103:A_8_GoTo_9|Start:No Error
091103:D_8_GoTo_9|Done:No Error
091103:A_8_GoTo_9|Done:No Error
091103:B_8_GoTo_9|Start:No Error
091104:B_8_GoTo_9|Done:No Error
091104:C_8_GoTo_9|Start:No Error
091104:C_8_GoTo_9|Done:No Error
091104:S_8_GoTo_9|Finish:No Error
091126:S_6_GoTo_7|Start:No Error
091126:A_6_GoTo_7|Start:No Error
091126:D_6_GoTo_7|Start:No Error
091126:D_6_GoTo_7|Done:No Error
091126:A_6_GoTo_7|Done:No Error
091126:B_6_GoTo_7|Start:No Error
091127:B_6_GoTo_7|Done:No Error
091127:C_6_GoTo_7|Start:No Error
091127:C_6_GoTo_7|Done:No Error
091127:S_6_GoTo_7|Finish:No Error
091149:S_13_GoTo_16|Start:No Error
091149:D_13_GoTo_16|Start:No Error
091149:A_13_GoTo_16|Start:No Error
091149:A_13_GoTo_16|Done:No Error
091149:B_13_GoTo_16|Start:No Error
091149:D_13_GoTo_16|Done:No Error
091150:B_13_GoTo_16|Done:No Error
091150:C_13_GoTo_16|Start:No Error
091150:C_13_GoTo_16|Done:No Error
091150:S_13_GoTo_16|Finish:No Error
091228:S_3_GoTo_5|Start:No Error
091228:D_3_GoTo_5|Start:No Error
091228:A_3_GoTo_5|Start:No Error
091228:D_3_GoTo_5|Done:No Error
091247:S_17_GoTo_18|Start:No Error
091247:D_17_GoTo_18|Start:No Error
091247:A_17_GoTo_18|Start:No Error
091247:A_17_GoTo_18|Done:No Error
091247:B_17_GoTo_18|Start:No Error
091247:D_17_GoTo_18|Done:No Error
091248:B_17_GoTo_18|Done:No Error
091248:C_17_GoTo_18|Start:No Error
091248:C_17_GoTo_18|Done:No Error
091248:S_17_GoTo_18|Finish:No Error
091305:S_9_GoTo_10|Start:No Error
091305:D_9_GoTo_10|Start:No Error
091305:A_9_GoTo_10|Start:No Error
091305:A_9_GoTo_10|Done:No Error
091305:D_9_GoTo_10|Done:No Error
091305:B_9_GoTo_10|Start:No Error
091305:B_9_GoTo_10|Done:No Error
091305:C_9_GoTo_10|Start:No Error
091305:C_9_GoTo_10|Done:No Error
091305:S_9_GoTo_10|Finish:No Error
091306:S_10_GoTo_11|Start:No Error
091306:D_10_GoTo_11|Start:No Error
091306:A_10_GoTo_11|Start:No Error
091306:D_10_GoTo_11|Done:No Error
091306:A_10_GoTo_11|Done:No Error
091306:B_10_GoTo_11|Start:No Error
091306:B_10_GoTo_11|Done:No Error
091306:C_10_GoTo_11|Start:No Error
091306:C_10_GoTo_11|Done:No Error
091306:S_10_GoTo_11|Finish:No Error
091306:S_11_GoTo_12|Start:No Error
091306:D_11_GoTo_12|Start:No Error
091306:A_11_GoTo_12|Start:No Error
091306:A_11_GoTo_12|Done:No Error
091306:B_11_GoTo_12|Start:No Error
091306:D_11_GoTo_12|Done:No Error
091307:B_11_GoTo_12|Done:No Error
091307:C_11_GoTo_12|Start:No Error
091307:C_11_GoTo_12|Done:No Error
091307:S_11_GoTo_12|Finish:No Error
091313:S_18_GoTo_19|Start:No Error
091313:D_18_GoTo_19|Start:No Error
091313:A_18_GoTo_19|Start:No Error
091313:A_18_GoTo_19|Done:No Error
091313:B_18_GoTo_19|Start:No Error
091313:D_18_GoTo_19|Done:No Error
091313:B_18_GoTo_19|Done:No Error
091313:C_18_GoTo_19|Start:No Error
091313:C_18_GoTo_19|Done:No Error
091313:S_18_GoTo_19|Finish:No Error
091339:S_16_GoTo_17|Start:No Error
091339:D_16_GoTo_17|Start:No Error
091339:A_16_GoTo_17|Start:No Error
091339:D_16_GoTo_17|Done:No Error
091339:A_16_GoTo_17|Done:No Error
091339:B_16_GoTo_17|Start:No Error
091339:B_16_GoTo_17|Done:No Error
091339:C_16_GoTo_17|Start:No Error
091339:C_16_GoTo_17|Done:No Error
091339:S_16_GoTo_17|Finish:No Error
091410:S_7_GoTo_8|Start:No Error
091410:D_7_GoTo_8|Start:No Error
091410:A_7_GoTo_8|Start:No Error
091410:A_7_GoTo_8|Done:No Error
091410:B_7_GoTo_8|Start:No Error
091410:D_7_GoTo_8|Done:No Error
091410:B_7_GoTo_8|Done:No Error
091410:C_7_GoTo_8|Start:No Error
091410:C_7_GoTo_8|Done:No Error
091410:S_7_GoTo_8|Finish:No Error
091425:D_12_GoTo_13|Start:No Error
091425:S_12_GoTo_13|Start:No Error
091425:A_12_GoTo_13|Start:No Error
091425:A_12_GoTo_13|Done:No Error
091425:B_12_GoTo_13|Start:No Error
091425:D_12_GoTo_13|Done:No Error
091425:B_12_GoTo_13|Done:No Error
091425:C_12_GoTo_13|Start:No Error
091425:C_12_GoTo_13|Done:No Error
091425:S_12_GoTo_13|Finish:No Error
091430:S_5_GoTo_6|Start:No Error
091430:D_5_GoTo_6|Start:No Error
091430:A_5_GoTo_6|Start:No Error
091430:D_5_GoTo_6|Done:No Error
091430:A_5_GoTo_6|Done:No Error
091430:B_5_GoTo_6|Start:No Error
091430:B_5_GoTo_6|Done:No Error
091430:C_5_GoTo_6|Start:No Error
091430:A_3_GoTo_5|Done:No Error
091430:C_5_GoTo_6|Done:No Error
091430:B_3_GoTo_5|Start:No Error
091430:S_5_GoTo_6|Finish:No Error
091431:B_3_GoTo_5|Done:No Error
091431:C_3_GoTo_5|Start:No Error
091431:C_3_GoTo_5|Done:No Error
091431:S_3_GoTo_5|Finish:No Error
091451:S_8_GoTo_9|Start:No Error
091451:D_8_GoTo_9|Start:No Error
091451:A_8_GoTo_9|Start:No Error
091452:A_8_GoTo_9|Done:No Error
091452:B_8_GoTo_9|Start:No Error
091452:D_8_GoTo_9|Done:No Error
091452:B_8_GoTo_9|Done:No Error
091452:C_8_GoTo_9|Start:No Error
091452:C_8_GoTo_9|Done:No Error
091452:S_8_GoTo_9|Finish:No Error
091507:S_19_GoTo_20|Start:No Error
091507:D_19_GoTo_20|Start:No Error
091507:A_19_GoTo_20|Start:No Error
091507:D_19_GoTo_20|Done:No Error
091507:A_19_GoTo_20|Done:No Error
091507:B_19_GoTo_20|Start:No Error
091507:B_19_GoTo_20|Done:No Error
091507:C_19_GoTo_20|Start:No Error
091507:C_19_GoTo_20|Done:No Error
091507:S_19_GoTo_20|Finish:No Error
091519:S_6_GoTo_7|Start:No Error
091519:D_6_GoTo_7|Start:No Error
091519:A_6_GoTo_7|Start:No Error
091519:D_6_GoTo_7|Done:No Error
091519:A_6_GoTo_7|Done:No Error
091519:B_6_GoTo_7|Start:No Error
091519:B_6_GoTo_7|Done:No Error
091519:C_6_GoTo_7|Start:No Error
091519:C_6_GoTo_7|Done:No Error
091519:S_6_GoTo_7|Finish:No Error
091525:S_17_GoTo_18|Start:No Error
091525:A_17_GoTo_18|Start:No Error
091525:D_17_GoTo_18|Start:No Error
091525:D_17_GoTo_18|Done:No Error
091525:A_17_GoTo_18|Done:No Error
091525:B_17_GoTo_18|Start:No Error
091525:B_17_GoTo_18|Done:No Error
091525:C_17_GoTo_18|Start:No Error
091525:C_17_GoTo_18|Done:No Error
091525:S_17_GoTo_18|Finish:No Error
091539:S_13_GoTo_16|Start:No Error
091539:D_13_GoTo_16|Start:No Error
091539:A_13_GoTo_16|Start:No Error
091539:A_13_GoTo_16|Done:No Error
091539:B_13_GoTo_16|Start:No Error
091539:D_13_GoTo_16|Done:No Error
091540:B_13_GoTo_16|Done:No Error
091540:C_13_GoTo_16|Start:No Error
091540:C_13_GoTo_16|Done:No Error
091540:S_13_GoTo_16|Finish:No Error
091559:S_3_GoTo_5|Start:No Error
091559:D_3_GoTo_5|Start:No Error
091559:A_3_GoTo_5|Start:No Error
091559:D_3_GoTo_5|Done:No Error
091624:S_18_GoTo_19|Start:No Error
091624:A_18_GoTo_19|Start:No Error
091624:D_18_GoTo_19|Start:No Error
091624:A_18_GoTo_19|Done:No Error
091624:B_18_GoTo_19|Start:No Error
091624:D_18_GoTo_19|Done:No Error
091624:B_18_GoTo_19|Done:No Error
091624:C_18_GoTo_19|Start:No Error
091624:C_18_GoTo_19|Done:No Error
091624:S_18_GoTo_19|Finish:No Error
091634:S_9_GoTo_10|Start:No Error
091634:D_9_GoTo_10|Start:No Error
091634:A_9_GoTo_10|Start:No Error
091634:D_9_GoTo_10|Done:No Error
091634:A_9_GoTo_10|Done:No Error
091634:B_9_GoTo_10|Start:No Error
091634:B_9_GoTo_10|Done:No Error
091634:C_9_GoTo_10|Start:No Error
091634:C_9_GoTo_10|Done:No Error
091634:S_9_GoTo_10|Finish:No Error
091635:S_10_GoTo_11|Start:No Error
091635:D_10_GoTo_11|Start:No Error
091635:A_10_GoTo_11|Start:No Error
091635:D_10_GoTo_11|Done:No Error
091635:A_10_GoTo_11|Done:No Error
091635:B_10_GoTo_11|Start:No Error
091635:B_10_GoTo_11|Done:No Error
091635:C_10_GoTo_11|Start:No Error
091635:C_10_GoTo_11|Done:No Error
091635:S_10_GoTo_11|Finish:No Error
091635:S_11_GoTo_12|Start:No Error
091635:D_11_GoTo_12|Start:No Error
091635:A_11_GoTo_12|Start:No Error
091636:A_11_GoTo_12|Done:No Error
091636:B_11_GoTo_12|Start:No Error
091636:D_11_GoTo_12|Done:No Error
091636:B_11_GoTo_12|Done:No Error
091636:C_11_GoTo_12|Start:No Error
091636:C_11_GoTo_12|Done:No Error
091636:S_11_GoTo_12|Finish:No Error
091716:S_7_GoTo_8|Start:No Error
091716:D_7_GoTo_8|Start:No Error
091716:A_7_GoTo_8|Start:No Error
091717:A_7_GoTo_8|Done:No Error
091717:B_7_GoTo_8|Start:No Error
091717:D_7_GoTo_8|Done:No Error
091717:B_7_GoTo_8|Done:No Error
091717:C_7_GoTo_8|Start:No Error
091717:C_7_GoTo_8|Done:No Error
091717:S_7_GoTo_8|Finish:No Error
091722:S_16_GoTo_17|Start:No Error
091722:D_16_GoTo_17|Start:No Error
091722:A_16_GoTo_17|Start:No Error
091722:A_16_GoTo_17|Done:No Error
091722:B_16_GoTo_17|Start:No Error
091722:D_16_GoTo_17|Done:No Error
091722:B_16_GoTo_17|Done:No Error
091722:C_16_GoTo_17|Start:No Error
091722:C_16_GoTo_17|Done:No Error
091722:S_16_GoTo_17|Finish:No Error
091725:S_5_GoTo_6|Start:No Error
091725:D_5_GoTo_6|Start:No Error
091725:A_5_GoTo_6|Start:No Error
091725:A_5_GoTo_6|Done:No Error
091725:B_5_GoTo_6|Start:No Error
091725:D_5_GoTo_6|Done:No Error
091725:B_5_GoTo_6|Done:No Error
091725:C_5_GoTo_6|Start:No Error
091726:C_5_GoTo_6|Done:No Error
091726:S_5_GoTo_6|Finish:No Error
091726:A_3_GoTo_5|Done:No Error
091726:B_3_GoTo_5|Start:No Error
091726:B_3_GoTo_5|Done:No Error
091726:C_3_GoTo_5|Start:No Error
091726:C_3_GoTo_5|Done:No Error
091726:S_3_GoTo_5|Finish:No Error
091736:S_12_GoTo_13|Start:No Error
091736:A_12_GoTo_13|Start:No Error
091736:D_12_GoTo_13|Start:No Error
091736:A_12_GoTo_13|Done:No Error
091736:B_12_GoTo_13|Start:No Error
091736:D_12_GoTo_13|Done:No Error
091736:B_12_GoTo_13|Done:No Error
091736:C_12_GoTo_13|Start:No Error
091736:C_12_GoTo_13|Done:No Error
091736:S_12_GoTo_13|Finish:No Error
091750:S_6_GoTo_7|Start:No Error
091750:D_6_GoTo_7|Start:No Error
091750:A_6_GoTo_7|Start:No Error
091750:D_6_GoTo_7|Done:No Error
091751:A_6_GoTo_7|Done:No Error
091751:B_6_GoTo_7|Start:No Error
091751:B_6_GoTo_7|Done:No Error
091751:C_6_GoTo_7|Start:No Error
091751:C_6_GoTo_7|Done:No Error
091751:S_6_GoTo_7|Finish:No Error
091804:S_8_GoTo_9|Start:No Error
091804:D_8_GoTo_9|Start:No Error
091804:A_8_GoTo_9|Start:No Error
091804:A_8_GoTo_9|Done:No Error
091804:B_8_GoTo_9|Start:No Error
091804:D_8_GoTo_9|Done:No Error
091805:B_8_GoTo_9|Done:No Error
091805:C_8_GoTo_9|Start:No Error
091805:C_8_GoTo_9|Done:No Error
091805:S_8_GoTo_9|Finish:No Error
091904:S_17_GoTo_18|Start:No Error
091904:D_17_GoTo_18|Start:No Error
091904:A_17_GoTo_18|Start:No Error
091905:A_17_GoTo_18|Done:No Error
091905:B_17_GoTo_18|Start:No Error
091905:D_17_GoTo_18|Done:No Error
091905:B_17_GoTo_18|Done:No Error
091905:C_17_GoTo_18|Start:No Error
091905:C_17_GoTo_18|Done:No Error
091905:S_17_GoTo_18|Finish:No Error
091922:S_13_GoTo_16|Start:No Error
091922:D_13_GoTo_16|Start:No Error
091922:A_13_GoTo_16|Start:No Error
091922:A_13_GoTo_16|Done:No Error
091922:B_13_GoTo_16|Start:No Error
091922:D_13_GoTo_16|Done:No Error
091922:B_13_GoTo_16|Done:No Error
091922:C_13_GoTo_16|Start:No Error
091923:C_13_GoTo_16|Done:No Error
091923:S_13_GoTo_16|Finish:No Error
091944:S_19_GoTo_20|Start:No Error
091944:D_19_GoTo_20|Start:No Error
091944:A_19_GoTo_20|Start:No Error
091944:D_19_GoTo_20|Done:No Error
091945:S_18_GoTo_19|Start:No Error
091945:D_18_GoTo_19|Start:No Error
091945:A_18_GoTo_19|Start:No Error
091945:D_18_GoTo_19|Done:No Error
091949:D_7_GoTo_8|Start:No Error
091949:S_7_GoTo_8|Start:No Error
091949:A_7_GoTo_8|Start:No Error
091949:A_7_GoTo_8|Done:No Error
091949:B_7_GoTo_8|Start:No Error
091949:D_7_GoTo_8|Done:No Error
091949:B_7_GoTo_8|Done:No Error
091949:C_7_GoTo_8|Start:No Error
091949:C_7_GoTo_8|Done:No Error
091949:S_7_GoTo_8|Finish:No Error
091953:S_5_GoTo_6|Start:No Error
091953:D_5_GoTo_6|Start:No Error
091953:A_5_GoTo_6|Start:No Error
091953:A_5_GoTo_6|Done:No Error
091953:B_5_GoTo_6|Start:No Error
091953:D_5_GoTo_6|Done:No Error
091953:B_5_GoTo_6|Done:No Error
091953:C_5_GoTo_6|Start:No Error
091954:C_5_GoTo_6|Done:No Error
091954:S_5_GoTo_6|Finish:No Error
092003:S_9_GoTo_10|Start:No Error
092003:D_9_GoTo_10|Start:No Error
092003:A_9_GoTo_10|Start:No Error
092003:A_9_GoTo_10|Done:No Error
092003:B_9_GoTo_10|Start:No Error
092003:D_9_GoTo_10|Done:No Error
092004:B_9_GoTo_10|Done:No Error
092004:C_9_GoTo_10|Start:No Error
092004:C_9_GoTo_10|Done:No Error
092004:S_9_GoTo_10|Finish:No Error
092004:S_10_GoTo_11|Start:No Error
092004:D_10_GoTo_11|Start:No Error
092004:A_10_GoTo_11|Start:No Error
092004:D_10_GoTo_11|Done:No Error
092004:A_10_GoTo_11|Done:No Error
092004:B_10_GoTo_11|Start:No Error
092004:B_10_GoTo_11|Done:No Error
092004:C_10_GoTo_11|Start:No Error
092005:C_10_GoTo_11|Done:No Error
092005:S_10_GoTo_11|Finish:No Error
092005:S_11_GoTo_12|Start:No Error
092005:A_11_GoTo_12|Start:No Error
092005:D_11_GoTo_12|Start:No Error
092005:A_11_GoTo_12|Done:No Error
092005:B_11_GoTo_12|Start:No Error
092005:D_11_GoTo_12|Done:No Error
092005:B_11_GoTo_12|Done:No Error
092005:C_11_GoTo_12|Start:No Error
092005:C_11_GoTo_12|Done:No Error
092005:S_11_GoTo_12|Finish:No Error
092022:S_6_GoTo_7|Start:No Error
092022:D_6_GoTo_7|Start:No Error
092022:A_6_GoTo_7|Start:No Error
092022:D_6_GoTo_7|Done:No Error
092023:A_6_GoTo_7|Done:No Error
092023:B_6_GoTo_7|Start:No Error
092023:B_6_GoTo_7|Done:No Error
092023:C_6_GoTo_7|Start:No Error
092023:C_6_GoTo_7|Done:No Error
092023:S_6_GoTo_7|Finish:No Error
092029:S_8_GoTo_9|Start:No Error
092029:D_8_GoTo_9|Start:No Error
092029:A_8_GoTo_9|Start:No Error
092029:D_8_GoTo_9|Done:No Error
092029:A_8_GoTo_9|Done:No Error
092029:B_8_GoTo_9|Start:No Error
092029:B_8_GoTo_9|Done:No Error
092029:C_8_GoTo_9|Start:No Error
092029:C_8_GoTo_9|Done:No Error
092029:S_8_GoTo_9|Finish:No Error
092105:S_16_GoTo_17|Start:No Error
092105:D_16_GoTo_17|Start:No Error
092105:A_16_GoTo_17|Start:No Error
092105:A_16_GoTo_17|Done:No Error
092105:B_16_GoTo_17|Start:No Error
092105:D_16_GoTo_17|Done:No Error
092105:B_16_GoTo_17|Done:No Error
092105:C_16_GoTo_17|Start:No Error
092106:C_16_GoTo_17|Done:No Error
092106:S_16_GoTo_17|Finish:No Error
092116:S_12_GoTo_13|Start:No Error
092116:D_12_GoTo_13|Start:No Error
092116:A_12_GoTo_13|Start:No Error
092116:A_12_GoTo_13|Done:No Error
092116:B_12_GoTo_13|Start:No Error
092116:D_12_GoTo_13|Done:No Error
092116:B_12_GoTo_13|Done:No Error
092116:C_12_GoTo_13|Start:No Error
092117:C_12_GoTo_13|Done:No Error
092117:S_12_GoTo_13|Finish:No Error
092200:S_9_GoTo_10|Start:No Error
092200:D_9_GoTo_10|Start:No Error
092200:A_9_GoTo_10|Start:No Error
092200:A_9_GoTo_10|Done:No Error
092200:B_9_GoTo_10|Start:No Error
092200:D_9_GoTo_10|Done:No Error
092200:B_9_GoTo_10|Done:No Error
092200:C_9_GoTo_10|Start:No Error
092200:C_9_GoTo_10|Done:No Error
092200:S_9_GoTo_10|Finish:No Error
092202:S_10_GoTo_11|Start:No Error
092202:D_10_GoTo_11|Start:No Error
092202:A_10_GoTo_11|Start:No Error
092202:D_10_GoTo_11|Done:No Error
092202:A_10_GoTo_11|Done:No Error
092202:B_10_GoTo_11|Start:No Error
092202:B_10_GoTo_11|Done:No Error
092202:C_10_GoTo_11|Start:No Error
092202:C_10_GoTo_11|Done:No Error
092202:S_10_GoTo_11|Finish:No Error
092202:S_11_GoTo_12|Start:No Error
092202:D_11_GoTo_12|Start:No Error
092202:A_11_GoTo_12|Start:No Error
092203:A_11_GoTo_12|Done:No Error
092203:B_11_GoTo_12|Start:No Error
092203:D_11_GoTo_12|Done:No Error
092203:B_11_GoTo_12|Done:No Error
092203:C_11_GoTo_12|Start:No Error
092203:C_11_GoTo_12|Done:No Error
092203:S_11_GoTo_12|Finish:No Error
092210:S_7_GoTo_8|Start:No Error
092210:D_7_GoTo_8|Start:No Error
092210:A_7_GoTo_8|Start:No Error
092210:A_7_GoTo_8|Done:No Error
092210:B_7_GoTo_8|Start:No Error
092210:D_7_GoTo_8|Done:No Error
092210:B_7_GoTo_8|Done:No Error
092210:C_7_GoTo_8|Start:No Error
092210:C_7_GoTo_8|Done:No Error
092210:S_7_GoTo_8|Finish:No Error
092214:S_13_GoTo_16|Start:No Error
092214:D_13_GoTo_16|Start:No Error
092214:A_13_GoTo_16|Start:No Error
092214:D_13_GoTo_16|Done:No Error
092214:A_13_GoTo_16|Done:No Error
092214:B_13_GoTo_16|Start:No Error
092214:B_13_GoTo_16|Done:No Error
092214:C_13_GoTo_16|Start:No Error
092214:C_13_GoTo_16|Done:No Error
092214:S_13_GoTo_16|Finish:No Error
092252:S_8_GoTo_9|Start:No Error
092252:D_8_GoTo_9|Start:No Error
092252:A_8_GoTo_9|Start:No Error
092252:A_8_GoTo_9|Done:No Error
092252:B_8_GoTo_9|Start:No Error
092252:D_8_GoTo_9|Done:No Error
092252:B_8_GoTo_9|Done:No Error
092252:C_8_GoTo_9|Start:No Error
092252:C_8_GoTo_9|Done:No Error
092252:S_8_GoTo_9|Finish:No Error
092253:S_12_GoTo_13|Start:No Error
092253:A_12_GoTo_13|Start:No Error
092253:D_12_GoTo_13|Start:No Error
092254:D_12_GoTo_13|Done:No Error
092254:A_12_GoTo_13|Done:No Error
092254:B_12_GoTo_13|Start:No Error
092254:B_12_GoTo_13|Done:No Error
092254:C_12_GoTo_13|Start:No Error
092254:C_12_GoTo_13|Done:No Error
092254:S_12_GoTo_13|Finish:No Error
092256:S_17_GoTo_18|Start:No Error
092256:D_17_GoTo_18|Start:No Error
092256:A_17_GoTo_18|Start:No Error
092256:D_17_GoTo_18|Done:No Error
092303:S_21_GoTo_FINISH|Start:No Error
092303:D_21_GoTo_FINISH|Start:No Error
092303:C_21_GoTo_FINISH|Start:No Error
092303:D_21_GoTo_FINISH|Done:No Error
092303:C_21_GoTo_FINISH|Done:No Error
092303:S_21_GoTo_FINISH|Finish:No Error
092304:S_3_GoTo_5|Start:No Error
092304:D_3_GoTo_5|Start:No Error
092304:A_3_GoTo_5|Start:No Error
092304:A_3_GoTo_5|Done:No Error
092304:B_3_GoTo_5|Start:No Error
092304:D_3_GoTo_5|Done:No Error
092305:B_3_GoTo_5|Done:No Error
092305:C_3_GoTo_5|Start:No Error
092305:C_3_GoTo_5|Done:No Error
092305:S_3_GoTo_5|Finish:No Error
092401:S_16_GoTo_17|Start:No Error
092401:D_16_GoTo_17|Start:No Error
092401:A_16_GoTo_17|Start:No Error
092401:D_16_GoTo_17|Done:No Error
092402:S_13_GoTo_16|Start:No Error
092402:D_13_GoTo_16|Start:No Error
092402:A_13_GoTo_16|Start:No Error
092402:D_13_GoTo_16|Done:No Error
092409:S_9_GoTo_10|Start:No Error
092409:D_9_GoTo_10|Start:No Error
092409:A_9_GoTo_10|Start:No Error
092409:A_9_GoTo_10|Done:No Error
092409:B_9_GoTo_10|Start:No Error
092409:D_9_GoTo_10|Done:No Error
092409:B_9_GoTo_10|Done:No Error
092409:C_9_GoTo_10|Start:No Error
092409:C_9_GoTo_10|Done:No Error
092409:S_9_GoTo_10|Finish:No Error
092409:S_10_GoTo_11|Start:No Error
092409:D_10_GoTo_11|Start:No Error
092409:A_10_GoTo_11|Start:No Error
092409:D_10_GoTo_11|Done:No Error
092409:A_10_GoTo_11|Done:No Error
092409:B_10_GoTo_11|Start:No Error
092409:B_10_GoTo_11|Done:No Error
092409:C_10_GoTo_11|Start:No Error
092410:C_10_GoTo_11|Done:No Error
092410:S_10_GoTo_11|Finish:No Error
092410:S_11_GoTo_12|Start:No Error
092410:D_11_GoTo_12|Start:No Error
092410:A_11_GoTo_12|Start:No Error
092410:A_11_GoTo_12|Done:No Error
092410:B_11_GoTo_12|Start:No Error
092410:D_11_GoTo_12|Done:No Error
092410:B_11_GoTo_12|Done:No Error
092410:C_11_GoTo_12|Start:No Error
092410:C_11_GoTo_12|Done:No Error
092410:S_11_GoTo_12|Finish:No Error
092520:S_12_GoTo_13|Start:No Error
092520:D_12_GoTo_13|Start:No Error
092520:A_12_GoTo_13|Start:No Error
092521:D_12_GoTo_13|Done:No Error
092526:S_5_GoTo_6|Start:No Error
092526:D_5_GoTo_6|Start:No Error
092526:A_5_GoTo_6|Start:No Error
092526:D_5_GoTo_6|Done:No Error
092526:A_5_GoTo_6|Done:No Error
092526:B_5_GoTo_6|Start:No Error
092526:B_5_GoTo_6|Done:No Error
092526:C_5_GoTo_6|Start:No Error
092526:C_5_GoTo_6|Done:No Error
092526:S_5_GoTo_6|Finish:No Error
092556:S_6_GoTo_7|Start:No Error
092556:D_6_GoTo_7|Start:No Error
092556:A_6_GoTo_7|Start:No Error
092556:D_6_GoTo_7|Done:No Error
092556:A_6_GoTo_7|Done:No Error
092556:B_6_GoTo_7|Start:No Error
092556:B_6_GoTo_7|Done:No Error
092556:C_6_GoTo_7|Start:No Error
092556:C_6_GoTo_7|Done:No Error
092556:S_6_GoTo_7|Finish:No Error
112005:S_3_GoTo_5|Start:No Error
112005:D_3_GoTo_5|Start:No Error
112005:A_3_GoTo_5|Start:No Error
112005:A_3_GoTo_5|Done:No Error
112005:B_3_GoTo_5|Start:No Error
112005:D_3_GoTo_5|Done:No Error
112006:B_3_GoTo_5|Done:No Error
112006:C_3_GoTo_5|Start:No Error
112006:C_3_GoTo_5|Done:No Error
112006:S_3_GoTo_5|Finish:No Error
112032:S_3_GoTo_5|Start:No Error
112032:D_3_GoTo_5|Start:No Error
112032:A_3_GoTo_5|Start:No Error
112032:D_3_GoTo_5|Done:No Error
112054:S_5_GoTo_6|Start:No Error
112054:D_5_GoTo_6|Start:No Error
112054:A_5_GoTo_6|Start:No Error
112054:A_5_GoTo_6|Done:No Error
112054:B_5_GoTo_6|Start:No Error
112054:D_5_GoTo_6|Done:No Error
112055:B_5_GoTo_6|Done:No Error
112055:C_5_GoTo_6|Start:No Error
112055:A_3_GoTo_5|Done:No Error
112055:B_3_GoTo_5|Start:No Error
112055:C_5_GoTo_6|Done:No Error
112055:S_5_GoTo_6|Finish:No Error
112055:B_3_GoTo_5|Done:No Error
112055:C_3_GoTo_5|Start:No Error
112055:C_3_GoTo_5|Done:No Error
112055:S_3_GoTo_5|Finish:No Error
112102:S_6_GoTo_7|Start:No Error
112102:D_6_GoTo_7|Start:No Error
112102:A_6_GoTo_7|Start:No Error
112102:D_6_GoTo_7|Done:No Error
112102:A_6_GoTo_7|Done:No Error
112102:B_6_GoTo_7|Start:No Error
112102:B_6_GoTo_7|Done:No Error
112102:C_6_GoTo_7|Start:No Error
112103:C_6_GoTo_7|Done:No Error
112103:S_6_GoTo_7|Finish:No Error
112119:S_3_GoTo_5|Start:No Error
112119:D_3_GoTo_5|Start:No Error
112119:A_3_GoTo_5|Start:No Error
112119:D_3_GoTo_5|Done:No Error
112137:S_5_GoTo_6|Start:No Error
112137:D_5_GoTo_6|Start:No Error
112137:A_5_GoTo_6|Start:No Error
112137:A_5_GoTo_6|Done:No Error
112137:B_5_GoTo_6|Start:No Error
112137:D_5_GoTo_6|Done:No Error
112137:B_5_GoTo_6|Done:No Error
112137:C_5_GoTo_6|Start:No Error
112138:A_3_GoTo_5|Done:No Error
112138:B_3_GoTo_5|Start:No Error
112138:C_5_GoTo_6|Done:No Error
112138:S_5_GoTo_6|Finish:No Error
112138:B_3_GoTo_5|Done:No Error
112138:C_3_GoTo_5|Start:No Error
112138:S_7_GoTo_8|Start:No Error
112138:D_7_GoTo_8|Start:No Error
112138:A_7_GoTo_8|Start:No Error
112138:C_3_GoTo_5|Done:No Error
112138:S_3_GoTo_5|Finish:No Error
112138:A_7_GoTo_8|Done:No Error
112138:B_7_GoTo_8|Start:No Error
112138:D_7_GoTo_8|Done:No Error
112138:B_7_GoTo_8|Done:No Error
112138:C_7_GoTo_8|Start:No Error
112139:C_7_GoTo_8|Done:No Error
112139:S_7_GoTo_8|Finish:No Error
112147:S_6_GoTo_7|Start:No Error
112147:D_6_GoTo_7|Start:No Error
112147:A_6_GoTo_7|Start:No Error
112147:D_6_GoTo_7|Done:No Error
112147:A_6_GoTo_7|Done:No Error
112147:B_6_GoTo_7|Start:No Error
112147:B_6_GoTo_7|Done:No Error
112147:C_6_GoTo_7|Start:No Error
112147:C_6_GoTo_7|Done:No Error
112147:S_6_GoTo_7|Finish:No Error
112206:S_8_GoTo_9|Start:No Error
112206:D_8_GoTo_9|Start:No Error
112206:A_8_GoTo_9|Start:No Error
112207:A_8_GoTo_9|Done:No Error
112207:B_8_GoTo_9|Start:No Error
112207:D_8_GoTo_9|Done:No Error
112207:B_8_GoTo_9|Done:No Error
112207:C_8_GoTo_9|Start:No Error
112207:C_8_GoTo_9|Done:No Error
112207:S_8_GoTo_9|Finish:No Error
112208:S_3_GoTo_5|Start:No Error
112208:D_3_GoTo_5|Start:No Error
112208:A_3_GoTo_5|Start:No Error
112208:D_3_GoTo_5|Done:No Error
112224:S_5_GoTo_6|Start:No Error
112224:D_5_GoTo_6|Start:No Error
112224:A_5_GoTo_6|Start:No Error
112225:A_5_GoTo_6|Done:No Error
112225:B_5_GoTo_6|Start:No Error
112225:D_5_GoTo_6|Done:No Error
112225:B_5_GoTo_6|Done:No Error
112225:C_5_GoTo_6|Start:No Error
112225:A_3_GoTo_5|Done:No Error
112225:B_3_GoTo_5|Start:No Error
112225:C_5_GoTo_6|Done:No Error
112225:S_5_GoTo_6|Finish:No Error
112225:B_3_GoTo_5|Done:No Error
112225:C_3_GoTo_5|Start:No Error
112225:C_3_GoTo_5|Done:No Error
112225:S_3_GoTo_5|Finish:No Error
112233:S_7_GoTo_8|Start:No Error
112233:D_7_GoTo_8|Start:No Error
112233:A_7_GoTo_8|Start:No Error
112234:D_7_GoTo_8|Done:No Error
112234:A_7_GoTo_8|Done:No Error
112234:B_7_GoTo_8|Start:No Error
112234:B_7_GoTo_8|Done:No Error
112234:C_7_GoTo_8|Start:No Error
112234:C_7_GoTo_8|Done:No Error
112234:S_7_GoTo_8|Finish:No Error
112237:S_6_GoTo_7|Start:No Error
112237:D_6_GoTo_7|Start:No Error
112237:A_6_GoTo_7|Start:No Error
112237:D_6_GoTo_7|Done:No Error
112237:A_6_GoTo_7|Done:No Error
112237:B_6_GoTo_7|Start:No Error
112238:B_6_GoTo_7|Done:No Error
112238:C_6_GoTo_7|Start:No Error
112238:C_6_GoTo_7|Done:No Error
112238:S_6_GoTo_7|Finish:No Error
112242:S_3_GoTo_5|Start:No Error
112242:D_3_GoTo_5|Start:No Error
112242:A_3_GoTo_5|Start:No Error
112242:D_3_GoTo_5|Done:No Error
112250:S_9_GoTo_10|Start:No Error
112250:D_9_GoTo_10|Start:No Error
112250:A_9_GoTo_10|Start:No Error
112250:A_9_GoTo_10|Done:No Error
112250:B_9_GoTo_10|Start:No Error
112250:D_9_GoTo_10|Done:No Error
112251:B_9_GoTo_10|Done:No Error
112251:C_9_GoTo_10|Start:No Error
112251:C_9_GoTo_10|Done:No Error
112251:S_9_GoTo_10|Finish:No Error
112257:S_10_GoTo_11|Start:No Error
112257:D_10_GoTo_11|Start:No Error
112257:A_10_GoTo_11|Start:No Error
112257:D_10_GoTo_11|Done:No Error
112257:A_10_GoTo_11|Done:No Error
112257:B_10_GoTo_11|Start:No Error
112257:B_10_GoTo_11|Done:No Error
112257:C_10_GoTo_11|Start:No Error
112257:C_10_GoTo_11|Done:No Error
112257:S_10_GoTo_11|Finish:No Error
112307:S_11_GoTo_12|Start:No Error
112307:D_11_GoTo_12|Start:No Error
112307:A_11_GoTo_12|Start:No Error
112307:A_11_GoTo_12|Done:No Error
112307:B_11_GoTo_12|Start:No Error
112308:D_11_GoTo_12|Done:No Error
112308:B_11_GoTo_12|Done:No Error
112308:C_11_GoTo_12|Start:No Error
112308:C_11_GoTo_12|Done:No Error
112308:S_11_GoTo_12|Finish:No Error
112318:S_7_GoTo_8|Start:No Error
112318:D_7_GoTo_8|Start:No Error
112318:A_7_GoTo_8|Start:No Error
112318:D_7_GoTo_8|Done:No Error
112328:S_5_GoTo_6|Start:No Error
112328:D_5_GoTo_6|Start:No Error
112328:A_5_GoTo_6|Start:No Error
112328:A_5_GoTo_6|Done:No Error
112328:B_5_GoTo_6|Start:No Error
112328:D_5_GoTo_6|Done:No Error
112328:B_5_GoTo_6|Done:No Error
112328:C_5_GoTo_6|Start:No Error
112328:A_3_GoTo_5|Done:No Error
112328:B_3_GoTo_5|Start:No Error
112328:C_5_GoTo_6|Done:No Error
112328:S_5_GoTo_6|Finish:No Error
112329:B_3_GoTo_5|Done:No Error
112329:C_3_GoTo_5|Start:No Error
112329:C_3_GoTo_5|Done:No Error
112329:S_3_GoTo_5|Finish:No Error
112331:S_8_GoTo_9|Start:No Error
112331:D_8_GoTo_9|Start:No Error
112331:A_8_GoTo_9|Start:No Error
112331:A_8_GoTo_9|Done:No Error
112331:B_8_GoTo_9|Start:No Error
112331:D_8_GoTo_9|Done:No Error
112332:B_8_GoTo_9|Done:No Error
112332:C_8_GoTo_9|Start:No Error
112332:A_7_GoTo_8|Done:No Error
112332:C_8_GoTo_9|Done:No Error
112332:B_7_GoTo_8|Start:No Error
112332:S_8_GoTo_9|Finish:No Error
112332:B_7_GoTo_8|Done:No Error
112332:C_7_GoTo_8|Start:No Error
112333:C_7_GoTo_8|Done:No Error
112333:S_7_GoTo_8|Finish:No Error
112334:S_6_GoTo_7|Start:No Error
112334:D_6_GoTo_7|Start:No Error
112334:A_6_GoTo_7|Start:No Error
112334:D_6_GoTo_7|Done:No Error
112335:A_6_GoTo_7|Done:No Error
112335:B_6_GoTo_7|Start:No Error
112335:B_6_GoTo_7|Done:No Error
112335:C_6_GoTo_7|Start:No Error
112335:C_6_GoTo_7|Done:No Error
112335:S_6_GoTo_7|Finish:No Error
112352:S_12_GoTo_13|Start:No Error
112352:D_12_GoTo_13|Start:No Error
112352:A_12_GoTo_13|Start:No Error
112352:D_12_GoTo_13|Done:No Error
112352:A_12_GoTo_13|Done:No Error
112352:B_12_GoTo_13|Start:No Error
112352:B_12_GoTo_13|Done:No Error
112352:C_12_GoTo_13|Start:No Error
112353:C_12_GoTo_13|Done:No Error
112353:S_12_GoTo_13|Finish:No Error
112353:S_3_GoTo_5|Start:No Error
112353:D_3_GoTo_5|Start:No Error
112353:A_3_GoTo_5|Start:No Error
112354:D_3_GoTo_5|Done:No Error
112359:S_5_GoTo_6|Start:No Error
112359:D_5_GoTo_6|Start:No Error
112359:A_5_GoTo_6|Start:No Error
112359:A_5_GoTo_6|Done:No Error
112359:B_5_GoTo_6|Start:No Error
112359:D_5_GoTo_6|Done:No Error
112400:B_5_GoTo_6|Done:No Error
112400:C_5_GoTo_6|Start:No Error
112400:A_3_GoTo_5|Done:No Error
112400:B_3_GoTo_5|Start:No Error
112400:C_5_GoTo_6|Done:No Error
112400:S_5_GoTo_6|Finish:No Error
112400:B_3_GoTo_5|Done:No Error
112400:C_3_GoTo_5|Start:No Error
112400:C_3_GoTo_5|Done:No Error
112400:S_3_GoTo_5|Finish:No Error
112404:S_6_GoTo_7|Start:No Error
112404:D_6_GoTo_7|Start:No Error
112404:A_6_GoTo_7|Start:No Error
112404:D_6_GoTo_7|Done:No Error
112405:S_8_GoTo_9|Start:No Error
112405:D_8_GoTo_9|Start:No Error
112405:A_8_GoTo_9|Start:No Error
112405:D_8_GoTo_9|Done:No Error
112422:S_9_GoTo_10|Start:No Error
112422:D_9_GoTo_10|Start:No Error
112422:A_9_GoTo_10|Start:No Error
112423:A_9_GoTo_10|Done:No Error
112423:B_9_GoTo_10|Start:No Error
112423:D_9_GoTo_10|Done:No Error
112423:B_9_GoTo_10|Done:No Error
112423:C_9_GoTo_10|Start:No Error
112423:A_8_GoTo_9|Done:No Error
112423:B_8_GoTo_9|Start:No Error
112423:C_9_GoTo_10|Done:No Error
112423:S_9_GoTo_10|Finish:No Error
112423:B_8_GoTo_9|Done:No Error
112423:C_8_GoTo_9|Start:No Error
112423:C_8_GoTo_9|Done:No Error
112423:S_8_GoTo_9|Finish:No Error
112426:S_13_GoTo_16|Start:No Error
112426:D_13_GoTo_16|Start:No Error
112426:A_13_GoTo_16|Start:No Error
112426:A_13_GoTo_16|Done:No Error
112426:B_13_GoTo_16|Start:No Error
112426:D_13_GoTo_16|Done:No Error
112426:B_13_GoTo_16|Done:No Error
112426:C_13_GoTo_16|Start:No Error
112426:C_13_GoTo_16|Done:No Error
112426:S_13_GoTo_16|Finish:No Error
112856:S_10_GoTo_11|Start:No Error
112856:D_10_GoTo_11|Start:No Error
112856:A_10_GoTo_11|Start:No Error
112856:D_10_GoTo_11|Done:No Error
112856:A_10_GoTo_11|Done:No Error
112856:B_10_GoTo_11|Start:No Error
112857:B_10_GoTo_11|Done:No Error
112857:C_10_GoTo_11|Start:No Error
112857:C_10_GoTo_11|Done:No Error
112857:S_10_GoTo_11|Finish:No Error
112900:S_3_GoTo_5|Start:No Error
112900:D_3_GoTo_5|Start:No Error
112900:A_3_GoTo_5|Start:No Error
112901:D_3_GoTo_5|Done:No Error
112905:S_7_GoTo_8|Start:No Error
112905:D_7_GoTo_8|Start:No Error
112905:A_7_GoTo_8|Start:No Error
112905:A_7_GoTo_8|Done:No Error
112905:B_7_GoTo_8|Start:No Error
112905:D_7_GoTo_8|Done:No Error
112905:B_7_GoTo_8|Done:No Error
112905:C_7_GoTo_8|Start:No Error
112906:A_6_GoTo_7|Done:No Error
112906:B_6_GoTo_7|Start:No Error
112906:C_7_GoTo_8|Done:No Error
112906:S_7_GoTo_8|Finish:No Error
112906:B_6_GoTo_7|Done:No Error
112906:C_6_GoTo_7|Start:No Error
112906:C_6_GoTo_7|Done:No Error
112906:S_6_GoTo_7|Finish:No Error
112910:S_11_GoTo_12|Start:No Error
112910:D_11_GoTo_12|Start:No Error
112910:A_11_GoTo_12|Start:No Error
112910:A_11_GoTo_12|Done:No Error
112910:B_11_GoTo_12|Start:No Error
112910:D_11_GoTo_12|Done:No Error
112910:S_5_GoTo_6|Start:No Error
112910:D_5_GoTo_6|Start:No Error
112910:A_5_GoTo_6|Start:No Error
112910:B_11_GoTo_12|Done:No Error
112910:C_11_GoTo_12|Start:No Error
112910:D_5_GoTo_6|Done:No Error
112910:A_5_GoTo_6|Done:No Error
112910:B_5_GoTo_6|Start:No Error
112910:C_11_GoTo_12|Done:No Error
112910:S_11_GoTo_12|Finish:No Error
112910:B_5_GoTo_6|Done:No Error
112910:C_5_GoTo_6|Start:No Error
112911:A_3_GoTo_5|Done:No Error
112911:B_3_GoTo_5|Start:No Error
112911:C_5_GoTo_6|Done:No Error
112911:S_5_GoTo_6|Finish:No Error
112911:B_3_GoTo_5|Done:No Error
112911:C_3_GoTo_5|Start:No Error
112911:C_3_GoTo_5|Done:No Error
112911:S_3_GoTo_5|Finish:No Error
112927:S_6_GoTo_7|Start:No Error
112927:A_6_GoTo_7|Start:No Error
112927:D_6_GoTo_7|Start:No Error
112927:D_6_GoTo_7|Done:No Error
112929:S_16_GoTo_17|Start:No Error
112929:D_16_GoTo_17|Start:No Error
112929:A_16_GoTo_17|Start:No Error
112929:A_16_GoTo_17|Done:No Error
112929:B_16_GoTo_17|Start:No Error
112929:D_16_GoTo_17|Done:No Error
112930:B_16_GoTo_17|Done:No Error
112930:C_16_GoTo_17|Start:No Error
112930:C_16_GoTo_17|Done:No Error
112930:S_16_GoTo_17|Finish:No Error
112935:D_7_GoTo_8|Start:No Error
112935:S_7_GoTo_8|Start:No Error
112935:A_7_GoTo_8|Start:No Error
112935:D_7_GoTo_8|Done:No Error
112949:S_3_GoTo_5|Start:No Error
112949:D_3_GoTo_5|Start:No Error
112949:A_3_GoTo_5|Start:No Error
112949:D_3_GoTo_5|Done:No Error
112958:S_12_GoTo_13|Start:No Error
112958:A_12_GoTo_13|Start:No Error
112958:D_12_GoTo_13|Start:No Error
112958:D_12_GoTo_13|Done:No Error
112958:A_12_GoTo_13|Done:No Error
112958:B_12_GoTo_13|Start:No Error
112959:B_12_GoTo_13|Done:No Error
112959:C_12_GoTo_13|Start:No Error
112959:C_12_GoTo_13|Done:No Error
112959:S_12_GoTo_13|Finish:No Error
113002:S_8_GoTo_9|Start:No Error
113002:D_8_GoTo_9|Start:No Error
113002:A_8_GoTo_9|Start:No Error
113002:D_8_GoTo_9|Done:No Error
113007:D_5_GoTo_6|Start:No Error
113007:S_5_GoTo_6|Start:No Error
113007:A_5_GoTo_6|Start:No Error
113007:D_5_GoTo_6|Done:No Error
113016:S_9_GoTo_10|Start:No Error
113016:D_9_GoTo_10|Start:No Error
113016:A_9_GoTo_10|Start:No Error
113016:A_9_GoTo_10|Done:No Error
113016:B_9_GoTo_10|Start:No Error
113016:D_9_GoTo_10|Done:No Error
113016:B_9_GoTo_10|Done:No Error
113016:C_9_GoTo_10|Start:No Error
113016:A_8_GoTo_9|Done:No Error
113016:C_9_GoTo_10|Done:No Error
113016:B_8_GoTo_9|Start:No Error
113016:S_9_GoTo_10|Finish:No Error
113016:B_8_GoTo_9|Done:No Error
113016:C_8_GoTo_9|Start:No Error
113017:A_7_GoTo_8|Done:No Error
113017:C_8_GoTo_9|Done:No Error
113017:B_7_GoTo_8|Start:No Error
113017:S_8_GoTo_9|Finish:No Error
113017:B_7_GoTo_8|Done:No Error
113017:C_7_GoTo_8|Start:No Error
113017:A_6_GoTo_7|Done:No Error
113017:C_7_GoTo_8|Done:No Error
113017:B_6_GoTo_7|Start:No Error
113017:S_7_GoTo_8|Finish:No Error
113017:B_6_GoTo_7|Done:No Error
113017:C_6_GoTo_7|Start:No Error
113018:A_5_GoTo_6|Done:No Error
113018:C_6_GoTo_7|Done:No Error
113018:B_5_GoTo_6|Start:No Error
113018:S_6_GoTo_7|Finish:No Error
113018:B_5_GoTo_6|Done:No Error
113018:C_5_GoTo_6|Start:No Error
113018:A_3_GoTo_5|Done:No Error
113018:B_3_GoTo_5|Start:No Error
113018:C_5_GoTo_6|Done:No Error
113018:S_5_GoTo_6|Finish:No Error
113018:B_3_GoTo_5|Done:No Error
113018:C_3_GoTo_5|Start:No Error
113019:C_3_GoTo_5|Done:No Error
113019:S_3_GoTo_5|Finish:No Error
113020:S_10_GoTo_11|Start:No Error
113020:D_10_GoTo_11|Start:No Error
113020:A_10_GoTo_11|Start:No Error
113020:D_10_GoTo_11|Done:No Error
113020:A_10_GoTo_11|Done:No Error
113020:B_10_GoTo_11|Start:No Error
113020:B_10_GoTo_11|Done:No Error
113020:C_10_GoTo_11|Start:No Error
113021:C_10_GoTo_11|Done:No Error
113021:S_10_GoTo_11|Finish:No Error
113029:S_11_GoTo_12|Start:No Error
113029:D_11_GoTo_12|Start:No Error
113029:A_11_GoTo_12|Start:No Error
113029:A_11_GoTo_12|Done:No Error
113029:B_11_GoTo_12|Start:No Error
113029:D_11_GoTo_12|Done:No Error
113029:B_11_GoTo_12|Done:No Error
113029:C_11_GoTo_12|Start:No Error
113029:C_11_GoTo_12|Done:No Error
113029:S_11_GoTo_12|Finish:No Error
113033:S_6_GoTo_7|Start:No Error
113033:D_6_GoTo_7|Start:No Error
113033:A_6_GoTo_7|Start:No Error
113033:D_6_GoTo_7|Done:No Error
113037:D_13_GoTo_16|Start:No Error
113037:S_13_GoTo_16|Start:No Error
113037:A_13_GoTo_16|Start:No Error
113037:A_13_GoTo_16|Done:No Error
113037:B_13_GoTo_16|Start:No Error
113037:D_13_GoTo_16|Done:No Error
113037:B_13_GoTo_16|Done:No Error
113037:C_13_GoTo_16|Start:No Error
113037:C_13_GoTo_16|Done:No Error
113037:S_13_GoTo_16|Finish:No Error
113049:S_8_GoTo_9|Start:No Error
113049:D_8_GoTo_9|Start:No Error
113049:A_8_GoTo_9|Start:No Error
113049:D_8_GoTo_9|Done:No Error
113057:S_7_GoTo_8|Start:No Error
113057:D_7_GoTo_8|Start:No Error
113057:A_7_GoTo_8|Start:No Error
113057:D_7_GoTo_8|Done:No Error
113100:S_3_GoTo_5|Start:No Error
113100:D_3_GoTo_5|Start:No Error
113100:A_3_GoTo_5|Start:No Error
113101:D_3_GoTo_5|Done:No Error
113105:S_17_GoTo_18|Start:No Error
113105:A_17_GoTo_18|Start:No Error
113105:D_17_GoTo_18|Start:No Error
113105:A_17_GoTo_18|Done:No Error
113105:B_17_GoTo_18|Start:No Error
113105:D_17_GoTo_18|Done:No Error
113105:B_17_GoTo_18|Done:No Error
113105:C_17_GoTo_18|Start:No Error
113106:C_17_GoTo_18|Done:No Error
113106:S_17_GoTo_18|Finish:No Error
113113:S_18_GoTo_19|Start:No Error
113113:D_18_GoTo_19|Start:No Error
113113:A_18_GoTo_19|Start:No Error
113113:A_18_GoTo_19|Done:No Error
113113:B_18_GoTo_19|Start:No Error
113113:D_18_GoTo_19|Done:No Error
113113:B_18_GoTo_19|Done:No Error
113113:C_18_GoTo_19|Start:No Error
113114:C_18_GoTo_19|Done:No Error
113114:S_18_GoTo_19|Finish:No Error
113119:S_12_GoTo_13|Start:No Error
113119:D_12_GoTo_13|Start:No Error
113119:A_12_GoTo_13|Start:No Error
113119:D_12_GoTo_13|Done:No Error
113119:A_12_GoTo_13|Done:No Error
113119:B_12_GoTo_13|Start:No Error
113119:B_12_GoTo_13|Done:No Error
113119:C_12_GoTo_13|Start:No Error
113119:C_12_GoTo_13|Done:No Error
113119:S_12_GoTo_13|Finish:No Error
113123:S_5_GoTo_6|Start:No Error
113123:D_5_GoTo_6|Start:No Error
113123:A_5_GoTo_6|Start:No Error
113123:D_5_GoTo_6|Done:No Error
113129:S_9_GoTo_10|Start:No Error
113129:D_9_GoTo_10|Start:No Error
113129:A_9_GoTo_10|Start:No Error
113129:A_9_GoTo_10|Done:No Error
113129:B_9_GoTo_10|Start:No Error
113129:D_9_GoTo_10|Done:No Error
113129:B_9_GoTo_10|Done:No Error
113129:C_9_GoTo_10|Start:No Error
113130:A_8_GoTo_9|Done:No Error
113130:C_9_GoTo_10|Done:No Error
113130:B_8_GoTo_9|Start:No Error
113130:S_9_GoTo_10|Finish:No Error
113130:B_8_GoTo_9|Done:No Error
113130:C_8_GoTo_9|Start:No Error
113130:A_7_GoTo_8|Done:No Error
113130:B_7_GoTo_8|Start:No Error
113130:C_8_GoTo_9|Done:No Error
113130:S_8_GoTo_9|Finish:No Error
113131:B_7_GoTo_8|Done:No Error
113131:C_7_GoTo_8|Start:No Error
113131:C_7_GoTo_8|Done:No Error
113131:S_7_GoTo_8|Finish:No Error
113131:A_6_GoTo_7|Done:No Error
113131:B_6_GoTo_7|Start:No Error
113131:B_6_GoTo_7|Done:No Error
113131:C_6_GoTo_7|Start:No Error
113132:A_5_GoTo_6|Done:No Error
113132:B_5_GoTo_6|Start:No Error
113132:C_6_GoTo_7|Done:No Error
113132:S_6_GoTo_7|Finish:No Error
113132:B_5_GoTo_6|Done:No Error
113132:C_5_GoTo_6|Start:No Error
113132:A_3_GoTo_5|Done:No Error
113132:B_3_GoTo_5|Start:No Error
113132:C_5_GoTo_6|Done:No Error
113132:S_5_GoTo_6|Finish:No Error
113133:B_3_GoTo_5|Done:No Error
113133:C_3_GoTo_5|Start:No Error
113133:C_3_GoTo_5|Done:No Error
113133:S_3_GoTo_5|Finish:No Error
113139:S_10_GoTo_11|Start:No Error
113139:D_10_GoTo_11|Start:No Error
113139:A_10_GoTo_11|Start:No Error
113139:D_10_GoTo_11|Done:No Error
113139:A_10_GoTo_11|Done:No Error
113139:B_10_GoTo_11|Start:No Error
113140:B_10_GoTo_11|Done:No Error
113140:C_10_GoTo_11|Start:No Error
113140:C_10_GoTo_11|Done:No Error
113140:S_10_GoTo_11|Finish:No Error
113141:S_19_GoTo_20|Start:No Error
113141:D_19_GoTo_20|Start:No Error
113141:A_19_GoTo_20|Start:No Error
113141:D_19_GoTo_20|Done:No Error
113141:A_19_GoTo_20|Done:No Error
113141:B_19_GoTo_20|Start:No Error
113142:B_19_GoTo_20|Done:No Error
113142:C_19_GoTo_20|Start:No Error
113142:C_19_GoTo_20|Done:No Error
113142:S_19_GoTo_20|Finish:No Error
113145:S_13_GoTo_16|Start:No Error
113145:D_13_GoTo_16|Start:No Error
113145:A_13_GoTo_16|Start:No Error
113145:D_13_GoTo_16|Done:No Error
113156:S_11_GoTo_12|Start:No Error
113156:A_11_GoTo_12|Start:No Error
113156:D_11_GoTo_12|Start:No Error
113157:A_11_GoTo_12|Done:No Error
113157:B_11_GoTo_12|Start:No Error
113157:D_11_GoTo_12|Done:No Error
113157:B_11_GoTo_12|Done:No Error
113157:C_11_GoTo_12|Start:No Error
113157:C_11_GoTo_12|Done:No Error
113157:S_11_GoTo_12|Finish:No Error
113201:S_6_GoTo_7|Start:No Error
113201:D_6_GoTo_7|Start:No Error
113201:A_6_GoTo_7|Start:No Error
113201:D_6_GoTo_7|Done:No Error
113213:S_8_GoTo_9|Start:No Error
113213:A_8_GoTo_9|Start:No Error
113213:D_8_GoTo_9|Start:No Error
113213:D_8_GoTo_9|Done:No Error
113220:S_16_GoTo_17|Start:No Error
113220:D_16_GoTo_17|Start:No Error
113220:A_16_GoTo_17|Start:No Error
113220:D_16_GoTo_17|Done:No Error
113220:A_16_GoTo_17|Done:No Error
113220:B_16_GoTo_17|Start:No Error
113220:B_16_GoTo_17|Done:No Error
113220:C_16_GoTo_17|Start:No Error
113221:S_3_GoTo_5|Start:No Error
113221:D_3_GoTo_5|Start:No Error
113221:A_3_GoTo_5|Start:No Error
113221:C_16_GoTo_17|Done:No Error
113221:S_16_GoTo_17|Finish:No Error
113221:A_13_GoTo_16|Done:No Error
113221:B_13_GoTo_16|Start:No Error
113221:B_13_GoTo_16|Done:No Error
113221:C_13_GoTo_16|Start:No Error
113221:D_3_GoTo_5|Done:No Error
113221:C_13_GoTo_16|Done:No Error
113221:S_13_GoTo_16|Finish:No Error
113222:S_7_GoTo_8|Start:No Error
113222:A_7_GoTo_8|Start:No Error
113222:D_7_GoTo_8|Start:No Error
113222:D_7_GoTo_8|Done:No Error
113225:S_9_GoTo_10|Start:No Error
113225:D_9_GoTo_10|Start:No Error
113225:A_9_GoTo_10|Start:No Error
113225:D_9_GoTo_10|Done:No Error
113225:A_9_GoTo_10|Done:No Error
113225:B_9_GoTo_10|Start:No Error
113225:B_9_GoTo_10|Done:No Error
113225:C_9_GoTo_10|Start:No Error
113226:A_8_GoTo_9|Done:No Error
113226:B_8_GoTo_9|Start:No Error
113226:C_9_GoTo_10|Done:No Error
113226:S_9_GoTo_10|Finish:No Error
113226:B_8_GoTo_9|Done:No Error
113226:C_8_GoTo_9|Start:No Error
113226:A_7_GoTo_8|Done:No Error
113226:B_7_GoTo_8|Start:No Error
113226:C_8_GoTo_9|Done:No Error
113226:S_8_GoTo_9|Finish:No Error
113226:B_7_GoTo_8|Done:No Error
113226:C_7_GoTo_8|Start:No Error
113227:C_7_GoTo_8|Done:No Error
113227:S_7_GoTo_8|Finish:No Error
113227:A_6_GoTo_7|Done:No Error
113227:B_6_GoTo_7|Start:No Error
113227:B_6_GoTo_7|Done:No Error
113227:C_6_GoTo_7|Start:No Error
113227:C_6_GoTo_7|Done:No Error
113227:S_6_GoTo_7|Finish:No Error
113228:S_10_GoTo_11|Start:No Error
113228:A_10_GoTo_11|Start:No Error
113228:D_10_GoTo_11|Start:No Error
113228:D_10_GoTo_11|Done:No Error
113228:A_10_GoTo_11|Done:No Error
113228:B_10_GoTo_11|Start:No Error
113228:B_10_GoTo_11|Done:No Error
113228:C_10_GoTo_11|Start:No Error
113229:C_10_GoTo_11|Done:No Error
113229:S_10_GoTo_11|Finish:No Error
113229:S_5_GoTo_6|Start:No Error
113229:D_5_GoTo_6|Start:No Error
113229:A_5_GoTo_6|Start:No Error
113229:A_5_GoTo_6|Done:No Error
113229:B_5_GoTo_6|Start:No Error
113229:D_5_GoTo_6|Done:No Error
113230:B_5_GoTo_6|Done:No Error
113230:C_5_GoTo_6|Start:No Error
113230:A_3_GoTo_5|Done:No Error
113230:C_5_GoTo_6|Done:No Error
113230:B_3_GoTo_5|Start:No Error
113230:S_5_GoTo_6|Finish:No Error
113230:B_3_GoTo_5|Done:No Error
113230:C_3_GoTo_5|Start:No Error
113231:C_3_GoTo_5|Done:No Error
113231:S_3_GoTo_5|Finish:No Error
113235:S_11_GoTo_12|Start:No Error
113235:D_11_GoTo_12|Start:No Error
113235:A_11_GoTo_12|Start:No Error
113236:D_11_GoTo_12|Done:No Error
113236:S_6_GoTo_7|Start:No Error
113236:D_6_GoTo_7|Start:No Error
113236:A_6_GoTo_7|Start:No Error
113236:D_6_GoTo_7|Done:No Error
113239:S_17_GoTo_18|Start:No Error
113239:D_17_GoTo_18|Start:No Error
113239:A_17_GoTo_18|Start:No Error
113240:A_17_GoTo_18|Done:No Error
113240:B_17_GoTo_18|Start:No Error
113240:D_17_GoTo_18|Done:No Error
113240:B_17_GoTo_18|Done:No Error
113240:C_17_GoTo_18|Start:No Error
113240:C_17_GoTo_18|Done:No Error
113240:S_17_GoTo_18|Finish:No Error
113250:S_18_GoTo_19|Start:No Error
113250:D_18_GoTo_19|Start:No Error
113250:A_18_GoTo_19|Start:No Error
113250:D_18_GoTo_19|Done:No Error
113250:A_18_GoTo_19|Done:No Error
113250:B_18_GoTo_19|Start:No Error
113251:B_18_GoTo_19|Done:No Error
113251:C_18_GoTo_19|Start:No Error
113251:C_18_GoTo_19|Done:No Error
113251:S_18_GoTo_19|Finish:No Error
113252:S_16_GoTo_17|Start:No Error
113252:D_16_GoTo_17|Start:No Error
113252:A_16_GoTo_17|Start:No Error
113253:A_16_GoTo_17|Done:No Error
113253:B_16_GoTo_17|Start:No Error
113253:D_16_GoTo_17|Done:No Error
113253:B_16_GoTo_17|Done:No Error
113253:C_16_GoTo_17|Start:No Error
113253:C_16_GoTo_17|Done:No Error
113253:S_16_GoTo_17|Finish:No Error
113302:S_20_GoTo_22|Start:No Error
113302:D_20_GoTo_22|Start:No Error
113302:A_20_GoTo_22|Start:No Error
113302:D_20_GoTo_22|Done:No Error
113302:A_20_GoTo_22|Done:No Error
113302:B_20_GoTo_22|Start:No Error
113303:B_20_GoTo_22|Done:No Error
113303:C_20_GoTo_22|Start:No Error
113303:C_20_GoTo_22|Done:No Error
113303:S_20_GoTo_22|Finish:No Error
113304:S_12_GoTo_13|Start:No Error
113304:D_12_GoTo_13|Start:No Error
113304:A_12_GoTo_13|Start:No Error
113304:A_12_GoTo_13|Done:No Error
113304:B_12_GoTo_13|Start:No Error
113304:D_12_GoTo_13|Done:No Error
113305:B_12_GoTo_13|Done:No Error
113305:C_12_GoTo_13|Start:No Error
113305:A_11_GoTo_12|Done:No Error
113305:B_11_GoTo_12|Start:No Error
113305:C_12_GoTo_13|Done:No Error
113305:S_12_GoTo_13|Finish:No Error
113305:S_8_GoTo_9|Start:No Error
113305:D_8_GoTo_9|Start:No Error
113305:A_8_GoTo_9|Start:No Error
113305:D_8_GoTo_9|Done:No Error
113305:B_11_GoTo_12|Done:No Error
113305:C_11_GoTo_12|Start:No Error
113306:C_11_GoTo_12|Done:No Error
113306:S_11_GoTo_12|Finish:No Error
113307:S_17_GoTo_18|Start:No Error
113307:D_17_GoTo_18|Start:No Error
113307:A_17_GoTo_18|Start:No Error
113307:A_17_GoTo_18|Done:No Error
113307:B_17_GoTo_18|Start:No Error
113307:D_17_GoTo_18|Done:No Error
113307:B_17_GoTo_18|Done:No Error
113307:C_17_GoTo_18|Start:No Error
113307:C_17_GoTo_18|Done:No Error
113307:S_17_GoTo_18|Finish:No Error
113311:D_5_GoTo_6|Start:No Error
113311:S_5_GoTo_6|Start:No Error
113311:A_5_GoTo_6|Start:No Error
113312:D_5_GoTo_6|Done:No Error
113312:S_22_GoTo_21|Start:No Error
113312:A_22_GoTo_21|Start:No Error
113312:D_22_GoTo_21|Start:No Error
113312:D_22_GoTo_21|Done:No Error
113312:A_22_GoTo_21|Done:No Error
113312:B_22_GoTo_21|Start:No Error
113312:S_18_GoTo_19|Start:No Error
113312:A_18_GoTo_19|Start:No Error
113312:D_18_GoTo_19|Start:No Error
113313:B_22_GoTo_21|Done:No Error
113313:C_22_GoTo_21|Start:No Error
113313:D_18_GoTo_19|Done:No Error
113313:S_7_GoTo_8|Start:No Error
113313:D_7_GoTo_8|Start:No Error
113313:A_7_GoTo_8|Start:No Error
113313:C_22_GoTo_21|Done:No Error
113313:S_22_GoTo_21|Finish:No Error
113313:D_7_GoTo_8|Done:No Error
113314:S_9_GoTo_10|Start:No Error
113314:D_9_GoTo_10|Start:No Error
113314:A_9_GoTo_10|Start:No Error
113314:D_9_GoTo_10|Done:No Error
113314:A_9_GoTo_10|Done:No Error
113314:B_9_GoTo_10|Start:No Error
113314:B_9_GoTo_10|Done:No Error
113314:C_9_GoTo_10|Start:No Error
113314:C_9_GoTo_10|Done:No Error
113314:S_9_GoTo_10|Finish:No Error
113314:A_8_GoTo_9|Done:No Error
113314:B_8_GoTo_9|Start:No Error
113315:B_8_GoTo_9|Done:No Error
113315:C_8_GoTo_9|Start:No Error
113315:A_7_GoTo_8|Done:No Error
113315:B_7_GoTo_8|Start:No Error
113315:C_8_GoTo_9|Done:No Error
113315:S_8_GoTo_9|Finish:No Error
113316:B_7_GoTo_8|Done:No Error
113316:C_7_GoTo_8|Start:No Error
113316:C_7_GoTo_8|Done:No Error
113316:S_7_GoTo_8|Finish:No Error
113316:A_6_GoTo_7|Done:No Error
113316:B_6_GoTo_7|Start:No Error
113316:B_6_GoTo_7|Done:No Error
113316:C_6_GoTo_7|Start:No Error
113317:A_5_GoTo_6|Done:No Error
113317:B_5_GoTo_6|Start:No Error
113317:C_6_GoTo_7|Done:No Error
113317:S_6_GoTo_7|Finish:No Error
113317:B_5_GoTo_6|Done:No Error
113317:C_5_GoTo_6|Start:No Error
113317:C_5_GoTo_6|Done:No Error
113317:S_5_GoTo_6|Finish:No Error
113319:S_10_GoTo_11|Start:No Error
113319:D_10_GoTo_11|Start:No Error
113319:A_10_GoTo_11|Start:No Error
113319:D_10_GoTo_11|Done:No Error
113319:A_10_GoTo_11|Done:No Error
113319:B_10_GoTo_11|Start:No Error
113319:B_10_GoTo_11|Done:No Error
113319:C_10_GoTo_11|Start:No Error
113320:C_10_GoTo_11|Done:No Error
113320:S_10_GoTo_11|Finish:No Error
113339:S_12_GoTo_13|Start:No Error
113339:D_12_GoTo_13|Start:No Error
113339:A_12_GoTo_13|Start:No Error
113339:D_12_GoTo_13|Done:No Error
113346:S_7_GoTo_8|Start:No Error
113346:D_7_GoTo_8|Start:No Error
113346:A_7_GoTo_8|Start:No Error
113346:D_7_GoTo_8|Done:No Error
113348:S_8_GoTo_9|Start:No Error
113348:D_8_GoTo_9|Start:No Error
113348:A_8_GoTo_9|Start:No Error
113348:D_8_GoTo_9|Done:No Error
113349:S_13_GoTo_16|Start:No Error
113349:D_13_GoTo_16|Start:No Error
113349:A_13_GoTo_16|Start:No Error
113349:A_13_GoTo_16|Done:No Error
113349:D_13_GoTo_16|Done:No Error
113349:B_13_GoTo_16|Start:No Error
113349:B_13_GoTo_16|Done:No Error
113349:C_13_GoTo_16|Start:No Error
113350:A_12_GoTo_13|Done:No Error
113350:B_12_GoTo_13|Start:No Error
113350:C_13_GoTo_16|Done:No Error
113350:S_13_GoTo_16|Finish:No Error
113350:B_12_GoTo_13|Done:No Error
113350:C_12_GoTo_13|Start:No Error
113350:C_12_GoTo_13|Done:No Error
113350:S_12_GoTo_13|Finish:No Error
113352:S_6_GoTo_7|Start:No Error
113352:D_6_GoTo_7|Start:No Error
113352:A_6_GoTo_7|Start:No Error
113352:D_6_GoTo_7|Done:No Error
113356:S_11_GoTo_12|Start:No Error
113356:D_11_GoTo_12|Start:No Error
113356:A_11_GoTo_12|Start:No Error
113356:A_11_GoTo_12|Done:No Error
113356:B_11_GoTo_12|Start:No Error
113357:D_11_GoTo_12|Done:No Error
113357:B_11_GoTo_12|Done:No Error
113357:C_11_GoTo_12|Start:No Error
113357:C_11_GoTo_12|Done:No Error
113357:S_11_GoTo_12|Finish:No Error
113402:S_19_GoTo_20|Start:No Error
113402:D_19_GoTo_20|Start:No Error
113402:A_19_GoTo_20|Start:No Error
113402:D_19_GoTo_20|Done:No Error
113402:A_19_GoTo_20|Done:No Error
113402:B_19_GoTo_20|Start:No Error
113403:B_19_GoTo_20|Done:No Error
113403:C_19_GoTo_20|Start:No Error
113403:A_18_GoTo_19|Done:No Error
113403:B_18_GoTo_19|Start:No Error
113403:C_19_GoTo_20|Done:No Error
113403:S_19_GoTo_20|Finish:No Error
113403:B_18_GoTo_19|Done:No Error
113403:C_18_GoTo_19|Start:No Error
113403:C_18_GoTo_19|Done:No Error
113403:S_18_GoTo_19|Finish:No Error
113419:S_13_GoTo_16|Start:No Error
113419:D_13_GoTo_16|Start:No Error
113419:A_13_GoTo_16|Start:No Error
113419:D_13_GoTo_16|Done:No Error
113423:S_9_GoTo_10|Start:No Error
113423:D_9_GoTo_10|Start:No Error
113423:A_9_GoTo_10|Start:No Error
113423:A_9_GoTo_10|Done:No Error
113423:B_9_GoTo_10|Start:No Error
113424:D_9_GoTo_10|Done:No Error
113424:B_9_GoTo_10|Done:No Error
113424:C_9_GoTo_10|Start:No Error
113424:A_8_GoTo_9|Done:No Error
113424:B_8_GoTo_9|Start:No Error
113424:C_9_GoTo_10|Done:No Error
113424:S_9_GoTo_10|Finish:No Error
113424:B_8_GoTo_9|Done:No Error
113424:C_8_GoTo_9|Start:No Error
113425:A_7_GoTo_8|Done:No Error
113425:B_7_GoTo_8|Start:No Error
113425:C_8_GoTo_9|Done:No Error
113425:S_8_GoTo_9|Finish:No Error
113425:B_7_GoTo_8|Done:No Error
113425:C_7_GoTo_8|Start:No Error
113425:A_6_GoTo_7|Done:No Error
113425:B_6_GoTo_7|Start:No Error
113425:C_7_GoTo_8|Done:No Error
113425:S_7_GoTo_8|Finish:No Error
113426:B_6_GoTo_7|Done:No Error
113426:C_6_GoTo_7|Start:No Error
113426:C_6_GoTo_7|Done:No Error
113426:S_6_GoTo_7|Finish:No Error
113432:S_10_GoTo_11|Start:No Error
113432:D_10_GoTo_11|Start:No Error
113432:A_10_GoTo_11|Start:No Error
113432:D_10_GoTo_11|Done:No Error
113432:A_10_GoTo_11|Done:No Error
113432:B_10_GoTo_11|Start:No Error
113432:B_10_GoTo_11|Done:No Error
113432:C_10_GoTo_11|Start:No Error
113432:C_10_GoTo_11|Done:No Error
113432:S_10_GoTo_11|Finish:No Error
113448:S_11_GoTo_12|Start:No Error
113448:D_11_GoTo_12|Start:No Error
113448:A_11_GoTo_12|Start:No Error
113449:D_11_GoTo_12|Done:No Error
113453:S_16_GoTo_17|Start:No Error
113453:D_16_GoTo_17|Start:No Error
113453:A_16_GoTo_17|Start:No Error
113453:D_16_GoTo_17|Done:No Error
113453:A_16_GoTo_17|Done:No Error
113453:B_16_GoTo_17|Start:No Error
113453:B_16_GoTo_17|Done:No Error
113453:C_16_GoTo_17|Start:No Error
113453:S_20_GoTo_22|Start:No Error
113453:A_20_GoTo_22|Start:No Error
113453:D_20_GoTo_22|Start:No Error
113453:D_20_GoTo_22|Done:No Error
113454:A_13_GoTo_16|Done:No Error
113454:A_20_GoTo_22|Done:No Error
113454:C_16_GoTo_17|Done:No Error
113454:B_13_GoTo_16|Start:No Error
113454:B_20_GoTo_22|Start:No Error
113454:S_16_GoTo_17|Finish:No Error
113454:B_13_GoTo_16|Done:No Error
113454:C_13_GoTo_16|Start:No Error
113454:B_20_GoTo_22|Done:No Error
113454:C_20_GoTo_22|Start:No Error
113455:C_13_GoTo_16|Done:No Error
113455:S_13_GoTo_16|Finish:No Error
113455:C_20_GoTo_22|Done:No Error
113455:S_20_GoTo_22|Finish:No Error
113500:D_8_GoTo_9|Start:No Error
113500:S_8_GoTo_9|Start:No Error
113500:A_8_GoTo_9|Start:No Error
113500:D_8_GoTo_9|Done:No Error
113506:S_12_GoTo_13|Start:No Error
113506:D_12_GoTo_13|Start:No Error
113506:A_12_GoTo_13|Start:No Error
113506:A_12_GoTo_13|Done:No Error
113506:B_12_GoTo_13|Start:No Error
113506:D_12_GoTo_13|Done:No Error
113507:B_12_GoTo_13|Done:No Error
113507:C_12_GoTo_13|Start:No Error
113507:A_11_GoTo_12|Done:No Error
113507:B_11_GoTo_12|Start:No Error
113507:C_12_GoTo_13|Done:No Error
113507:S_12_GoTo_13|Finish:No Error
113508:B_11_GoTo_12|Done:No Error
113508:C_11_GoTo_12|Start:No Error
113508:C_11_GoTo_12|Done:No Error
113508:S_11_GoTo_12|Finish:No Error
113513:S_7_GoTo_8|Start:No Error
113513:A_7_GoTo_8|Start:No Error
113513:D_7_GoTo_8|Start:No Error
113514:D_7_GoTo_8|Done:No Error
113516:S_9_GoTo_10|Start:No Error
113516:D_9_GoTo_10|Start:No Error
113516:A_9_GoTo_10|Start:No Error
113516:A_9_GoTo_10|Done:No Error
113516:B_9_GoTo_10|Start:No Error
113516:D_9_GoTo_10|Done:No Error
113516:S_19_GoTo_20|Start:No Error
113516:D_19_GoTo_20|Start:No Error
113516:A_19_GoTo_20|Start:No Error
113516:B_9_GoTo_10|Done:No Error
113516:C_9_GoTo_10|Start:No Error
113516:D_19_GoTo_20|Done:No Error
113516:A_19_GoTo_20|Done:No Error
113516:B_19_GoTo_20|Start:No Error
113516:C_9_GoTo_10|Done:No Error
113516:S_9_GoTo_10|Finish:No Error
113516:A_8_GoTo_9|Done:No Error
113516:B_8_GoTo_9|Start:No Error
113516:B_19_GoTo_20|Done:No Error
113516:C_19_GoTo_20|Start:No Error
113517:C_19_GoTo_20|Done:No Error
113517:S_19_GoTo_20|Finish:No Error
113517:B_8_GoTo_9|Done:No Error
113517:C_8_GoTo_9|Start:No Error
113517:A_7_GoTo_8|Done:No Error
113517:B_7_GoTo_8|Start:No Error
113517:C_8_GoTo_9|Done:No Error
113517:S_8_GoTo_9|Finish:No Error
113517:B_7_GoTo_8|Done:No Error
113517:C_7_GoTo_8|Start:No Error
113518:C_7_GoTo_8|Done:No Error
113518:S_7_GoTo_8|Finish:No Error
113519:S_10_GoTo_11|Start:No Error
113519:D_10_GoTo_11|Start:No Error
113519:A_10_GoTo_11|Start:No Error
113519:D_10_GoTo_11|Done:No Error
113520:A_10_GoTo_11|Done:No Error
113520:B_10_GoTo_11|Start:No Error
113520:B_10_GoTo_11|Done:No Error
113520:C_10_GoTo_11|Start:No Error
113520:C_10_GoTo_11|Done:No Error
113520:S_10_GoTo_11|Finish:No Error
113530:S_17_GoTo_18|Start:No Error
113530:D_17_GoTo_18|Start:No Error
113530:A_17_GoTo_18|Start:No Error
113530:A_17_GoTo_18|Done:No Error
113530:B_17_GoTo_18|Start:No Error
113530:D_17_GoTo_18|Done:No Error
113530:B_17_GoTo_18|Done:No Error
113530:C_17_GoTo_18|Start:No Error
113531:C_17_GoTo_18|Done:No Error
113531:S_17_GoTo_18|Finish:No Error
113531:S_11_GoTo_12|Start:No Error
113531:D_11_GoTo_12|Start:No Error
113531:A_11_GoTo_12|Start:No Error
113532:D_11_GoTo_12|Done:No Error
113533:S_16_GoTo_17|Start:No Error
113533:D_16_GoTo_17|Start:No Error
113533:A_16_GoTo_17|Start:No Error
113533:D_16_GoTo_17|Done:No Error
113533:A_16_GoTo_17|Done:No Error
113533:B_16_GoTo_17|Start:No Error
113533:B_16_GoTo_17|Done:No Error
113533:C_16_GoTo_17|Start:No Error
113534:C_16_GoTo_17|Done:No Error
113534:S_16_GoTo_17|Finish:No Error
113534:S_13_GoTo_16|Start:No Error
113534:D_13_GoTo_16|Start:No Error
113534:A_13_GoTo_16|Start:No Error
113534:D_13_GoTo_16|Done:No Error
113534:A_13_GoTo_16|Done:No Error
113534:B_13_GoTo_16|Start:No Error
113534:B_13_GoTo_16|Done:No Error
113534:C_13_GoTo_16|Start:No Error
113535:C_13_GoTo_16|Done:No Error
113535:S_13_GoTo_16|Finish:No Error
113538:S_18_GoTo_19|Start:No Error
113538:D_18_GoTo_19|Start:No Error
113538:A_18_GoTo_19|Start:No Error
113538:D_18_GoTo_19|Done:No Error
113538:A_18_GoTo_19|Done:No Error
113538:B_18_GoTo_19|Start:No Error
113538:B_18_GoTo_19|Done:No Error
113538:C_18_GoTo_19|Start:No Error
113538:C_18_GoTo_19|Done:No Error
113538:S_18_GoTo_19|Finish:No Error
113542:S_3_GoTo_5|Start:No Error
113542:D_3_GoTo_5|Start:No Error
113542:A_3_GoTo_5|Start:No Error
113542:A_3_GoTo_5|Done:No Error
113542:B_3_GoTo_5|Start:No Error
113543:D_3_GoTo_5|Done:No Error
113543:B_3_GoTo_5|Done:No Error
113543:C_3_GoTo_5|Start:No Error
113543:C_3_GoTo_5|Done:No Error
113543:S_3_GoTo_5|Finish:No Error
113553:S_17_GoTo_18|Start:No Error
113553:D_17_GoTo_18|Start:No Error
113553:A_17_GoTo_18|Start:No Error
113553:A_17_GoTo_18|Done:No Error
113553:B_17_GoTo_18|Start:No Error
113553:D_17_GoTo_18|Done:No Error
113553:B_17_GoTo_18|Done:No Error
113553:C_17_GoTo_18|Start:No Error
113554:C_17_GoTo_18|Done:No Error
113554:S_17_GoTo_18|Finish:No Error
113558:S_12_GoTo_13|Start:No Error
113558:D_12_GoTo_13|Start:No Error
113558:A_12_GoTo_13|Start:No Error
113558:A_12_GoTo_13|Done:No Error
113558:B_12_GoTo_13|Start:No Error
113558:D_12_GoTo_13|Done:No Error
113558:B_12_GoTo_13|Done:No Error
113558:C_12_GoTo_13|Start:No Error
113558:A_11_GoTo_12|Done:No Error
113558:B_11_GoTo_12|Start:No Error
113558:C_12_GoTo_13|Done:No Error
113558:S_12_GoTo_13|Finish:No Error
113559:B_11_GoTo_12|Done:No Error
113559:C_11_GoTo_12|Start:No Error
113559:C_11_GoTo_12|Done:No Error
113559:S_11_GoTo_12|Finish:No Error
113624:S_9_GoTo_10|Start:No Error
113624:D_9_GoTo_10|Start:No Error
113624:A_9_GoTo_10|Start:No Error
113624:D_9_GoTo_10|Done:No Error
113624:A_9_GoTo_10|Done:No Error
113624:B_9_GoTo_10|Start:No Error
113624:B_9_GoTo_10|Done:No Error
113624:C_9_GoTo_10|Start:No Error
113624:C_9_GoTo_10|Done:No Error
113624:S_9_GoTo_10|Finish:No Error
120029:S_20_GoTo_22|Start:No Error
120029:D_20_GoTo_22|Start:No Error
120029:A_20_GoTo_22|Start:No Error
120029:D_20_GoTo_22|Done:No Error
