170308:S_3_GoTo_5|Start:No Error
170308:D_3_GoTo_5|Start:No Error
170308:A_3_GoTo_5|Start:No Error
170309:A_3_GoTo_5|Done:No Error
170309:B_3_GoTo_5|Start:No Error
170309:D_3_GoTo_5|Done:No Error
170309:B_3_GoTo_5|Done:No Error
170309:C_3_GoTo_5|Start:No Error
170309:C_3_GoTo_5|Done:No Error
170309:S_3_GoTo_5|Finish:No Error
170523:S_5_GoTo_6|Start:No Error
170523:D_5_GoTo_6|Start:No Error
170523:A_5_GoTo_6|Start:No Error
170523:A_5_GoTo_6|Done:No Error
170523:B_5_GoTo_6|Start:No Error
170523:D_5_GoTo_6|Done:No Error
170524:B_5_GoTo_6|Done:No Error
170524:C_5_GoTo_6|Start:No Error
170524:C_5_GoTo_6|Done:No Error
170524:S_5_GoTo_6|Finish:No Error
170538:S_6_GoTo_7|Start:No Error
170538:D_6_GoTo_7|Start:No Error
170538:A_6_GoTo_7|Start:No Error
170538:D_6_GoTo_7|Done:No Error
170538:A_6_GoTo_7|Done:No Error
170538:B_6_GoTo_7|Start:No Error
170538:B_6_GoTo_7|Done:No Error
170538:C_6_GoTo_7|Start:No Error
170538:C_6_GoTo_7|Done:No Error
170538:S_6_GoTo_7|Finish:No Error
172015:S_7_GoTo_8|Start:No Error
172015:D_7_GoTo_8|Start:No Error
172015:A_7_GoTo_8|Start:No Error
172015:A_7_GoTo_8|Done:No Error
172015:B_7_GoTo_8|Start:No Error
172015:D_7_GoTo_8|Done:No Error
172015:B_7_GoTo_8|Done:No Error
172015:C_7_GoTo_8|Start:No Error
172016:C_7_GoTo_8|Done:No Error
172016:S_7_GoTo_8|Finish:No Error
172114:S_8_GoTo_9|Start:No Error
172114:D_8_GoTo_9|Start:No Error
172114:A_8_GoTo_9|Start:No Error
172114:A_8_GoTo_9|Done:No Error
172114:B_8_GoTo_9|Start:No Error
172114:D_8_GoTo_9|Done:No Error
172114:B_8_GoTo_9|Done:No Error
172114:C_8_GoTo_9|Start:No Error
172114:C_8_GoTo_9|Done:No Error
172114:S_8_GoTo_9|Finish:No Error
174631:S_9_GoTo_10|Start:No Error
174631:D_9_GoTo_10|Start:No Error
174631:A_9_GoTo_10|Start:No Error
174631:A_9_GoTo_10|Done:No Error
174631:B_9_GoTo_10|Start:No Error
174631:D_9_GoTo_10|Done:No Error
174631:B_9_GoTo_10|Done:No Error
174631:C_9_GoTo_10|Start:No Error
174631:C_9_GoTo_10|Done:No Error
174631:S_9_GoTo_10|Finish:No Error
174641:S_10_GoTo_11|Start:No Error
174641:D_10_GoTo_11|Start:No Error
174641:A_10_GoTo_11|Start:No Error
174641:D_10_GoTo_11|Done:No Error
174641:A_10_GoTo_11|Done:No Error
174641:B_10_GoTo_11|Start:No Error
174641:B_10_GoTo_11|Done:No Error
174641:C_10_GoTo_11|Start:No Error
174641:C_10_GoTo_11|Done:No Error
174641:S_10_GoTo_11|Finish:No Error
174855:D_11_GoTo_12|Start:No Error
174855:S_11_GoTo_12|Start:No Error
174855:A_11_GoTo_12|Start:No Error
174856:A_11_GoTo_12|Done:No Error
174856:B_11_GoTo_12|Start:No Error
174856:D_11_GoTo_12|Done:No Error
174856:B_11_GoTo_12|Done:No Error
174856:C_11_GoTo_12|Start:No Error
174856:C_11_GoTo_12|Done:No Error
174856:S_11_GoTo_12|Finish:No Error
175055:S_12_GoTo_13|Start:No Error
175055:D_12_GoTo_13|Start:No Error
175055:A_12_GoTo_13|Start:No Error
175055:A_12_GoTo_13|Done:No Error
175055:B_12_GoTo_13|Start:No Error
175055:D_12_GoTo_13|Done:No Error
175055:B_12_GoTo_13|Done:No Error
175055:C_12_GoTo_13|Start:No Error
175055:C_12_GoTo_13|Done:No Error
175055:S_12_GoTo_13|Finish:No Error
175154:S_13_GoTo_16|Start:No Error
175154:D_13_GoTo_16|Start:No Error
175154:A_13_GoTo_16|Start:No Error
175154:A_13_GoTo_16|Done:No Error
175154:B_13_GoTo_16|Start:No Error
175154:D_13_GoTo_16|Done:No Error
175154:B_13_GoTo_16|Done:No Error
175154:C_13_GoTo_16|Start:No Error
175154:C_13_GoTo_16|Done:No Error
175154:S_13_GoTo_16|Finish:No Error
175307:S_16_GoTo_17|Start:No Error
175307:A_16_GoTo_17|Start:No Error
175307:D_16_GoTo_17|Start:No Error
175307:A_16_GoTo_17|Done:No Error
175307:B_16_GoTo_17|Start:No Error
175307:D_16_GoTo_17|Done:No Error
175307:B_16_GoTo_17|Done:No Error
175307:C_16_GoTo_17|Start:No Error
175307:C_16_GoTo_17|Done:No Error
175307:S_16_GoTo_17|Finish:No Error
175401:S_17_GoTo_18|Start:No Error
175401:D_17_GoTo_18|Start:No Error
175401:A_17_GoTo_18|Start:No Error
175401:A_17_GoTo_18|Done:No Error
175401:B_17_GoTo_18|Start:No Error
175401:D_17_GoTo_18|Done:No Error
175401:B_17_GoTo_18|Done:No Error
175401:C_17_GoTo_18|Start:No Error
175401:C_17_GoTo_18|Done:No Error
175401:S_17_GoTo_18|Finish:No Error
175433:S_18_GoTo_19|Start:No Error
175433:A_18_GoTo_19|Start:No Error
175433:D_18_GoTo_19|Start:No Error
175433:A_18_GoTo_19|Done:No Error
175433:B_18_GoTo_19|Start:No Error
175433:D_18_GoTo_19|Done:No Error
175434:B_18_GoTo_19|Done:No Error
175434:C_18_GoTo_19|Start:No Error
175434:C_18_GoTo_19|Done:No Error
175434:S_18_GoTo_19|Finish:No Error
175524:S_19_GoTo_20|Start:No Error
175524:D_19_GoTo_20|Start:No Error
175524:A_19_GoTo_20|Start:No Error
175524:A_19_GoTo_20|Done:No Error
175524:B_19_GoTo_20|Start:No Error
175524:D_19_GoTo_20|Done:No Error
175525:B_19_GoTo_20|Done:No Error
175525:C_19_GoTo_20|Start:No Error
175525:C_19_GoTo_20|Done:No Error
175525:S_19_GoTo_20|Finish:No Error
175547:S_20_GoTo_22|Start:No Error
175547:D_20_GoTo_22|Start:No Error
175547:A_20_GoTo_22|Start:No Error
175547:D_20_GoTo_22|Done:No Error
175547:A_20_GoTo_22|Done:No Error
175547:B_20_GoTo_22|Start:No Error
175548:B_20_GoTo_22|Done:No Error
175548:C_20_GoTo_22|Start:No Error
175548:C_20_GoTo_22|Done:No Error
175548:S_20_GoTo_22|Finish:No Error
175605:S_22_GoTo_21|Start:No Error
175605:D_22_GoTo_21|Start:No Error
175605:A_22_GoTo_21|Start:No Error
175605:D_22_GoTo_21|Done:No Error
175605:A_22_GoTo_21|Done:No Error
175605:B_22_GoTo_21|Start:No Error
175606:B_22_GoTo_21|Done:No Error
175606:C_22_GoTo_21|Start:No Error
175606:C_22_GoTo_21|Done:No Error
175606:S_22_GoTo_21|Finish:No Error
175614:S_21_GoTo_FINISH|Start:No Error
175614:D_21_GoTo_FINISH|Start:No Error
175614:A_21_GoTo_FINISH|Start:No Error
175614:A_21_GoTo_FINISH|Done:No Error
175614:B_21_GoTo_FINISH|Start:No Error
175614:B_FINISH_NA_NA:No Error
175614:B_21_GoTo_FINISH|Done:No Error
175614:C_21_GoTo_FINISH|Start:No Error
175614:D_21_GoTo_FINISH|Done:No Error
175614:C_21_GoTo_FINISH|Done:No Error
175614:S_21_GoTo_FINISH|Finish:No Error
