152754:S_3_GoTo_5|Start:No Error
152754:D_3_GoTo_5|Start:No Error
152754:A_3_GoTo_5|Start:No Error
152754:A_3_GoTo_5|Done:No Error
152754:B_3_GoTo_5|Start:No Error
152755:D_3_GoTo_5|Done:No Error
152755:B_3_GoTo_5|Done:No Error
152755:C_3_GoTo_5|Start:No Error
152755:C_3_GoTo_5|Done:No Error
152755:S_3_GoTo_5|Finish:No Error
153145:S_3_GoTo_5|Start:No Error
153145:D_3_GoTo_5|Start:No Error
153145:A_3_GoTo_5|Start:No Error
153145:A_3_GoTo_5|Done:No Error
153145:B_3_GoTo_5|Start:No Error
153147:B_3_GoTo_5|Done:No Error
153147:C_3_GoTo_5|Start:No Error
153147:D_3_GoTo_5|Done:No Error
153147:C_3_GoTo_5|Done:No Error
153147:S_3_GoTo_5|Finish:No Error
153324:S_5_GoTo_6|Start:No Error
153324:D_5_GoTo_6|Start:No Error
153324:A_5_GoTo_6|Start:No Error
153324:D_5_GoTo_6|Done:No Error
153324:A_5_GoTo_6|Done:No Error
153324:B_5_GoTo_6|Start:No Error
153325:B_5_GoTo_6|Done:No Error
153325:C_5_GoTo_6|Start:No Error
153325:C_5_GoTo_6|Done:No Error
153325:S_5_GoTo_6|Finish:No Error
153733:S_6_GoTo_7|Start:No Error
153733:D_6_GoTo_7|Start:No Error
153733:A_6_GoTo_7|Start:No Error
153733:D_6_GoTo_7|Done:No Error
153733:A_6_GoTo_7|Done:No Error
153733:B_6_GoTo_7|Start:No Error
153734:B_6_GoTo_7|Done:No Error
153734:C_6_GoTo_7|Start:No Error
153734:C_6_GoTo_7|Done:No Error
153734:S_6_GoTo_7|Finish:No Error
153838:S_7_GoTo_8|Start:No Error
153838:D_7_GoTo_8|Start:No Error
153838:A_7_GoTo_8|Start:No Error
153838:A_7_GoTo_8|Done:No Error
153838:B_7_GoTo_8|Start:No Error
153838:B_7_GoTo_8|Done:No Error
153838:C_7_GoTo_8|Start:No Error
153838:D_7_GoTo_8|Done:No Error
153838:C_7_GoTo_8|Done:No Error
153838:S_7_GoTo_8|Finish:No Error
153843:S_8_GoTo_9|Start:No Error
153843:D_8_GoTo_9|Start:No Error
153843:A_8_GoTo_9|Start:No Error
153843:A_8_GoTo_9|Done:No Error
153843:B_8_GoTo_9|Start:No Error
153843:D_8_GoTo_9|Done:No Error
153843:B_8_GoTo_9|Done:No Error
153843:C_8_GoTo_9|Start:No Error
153843:C_8_GoTo_9|Done:No Error
153843:S_8_GoTo_9|Finish:No Error
153946:S_9_GoTo_10|Start:No Error
153946:D_9_GoTo_10|Start:No Error
153946:A_9_GoTo_10|Start:No Error
153946:A_9_GoTo_10|Done:No Error
153946:B_9_GoTo_10|Start:No Error
153946:D_9_GoTo_10|Done:No Error
153947:B_9_GoTo_10|Done:No Error
153947:C_9_GoTo_10|Start:No Error
153947:C_9_GoTo_10|Done:No Error
153947:S_9_GoTo_10|Finish:No Error
153949:S_10_GoTo_11|Start:No Error
153949:A_10_GoTo_11|Start:No Error
153949:D_10_GoTo_11|Start:No Error
153949:D_10_GoTo_11|Done:No Error
153950:A_10_GoTo_11|Done:No Error
153950:B_10_GoTo_11|Start:No Error
153950:B_10_GoTo_11|Done:No Error
153950:C_10_GoTo_11|Start:No Error
153950:C_10_GoTo_11|Done:No Error
153950:S_10_GoTo_11|Finish:No Error
153955:S_11_GoTo_12|Start:No Error
153955:D_11_GoTo_12|Start:No Error
153955:A_11_GoTo_12|Start:No Error
153955:A_11_GoTo_12|Done:No Error
153955:B_11_GoTo_12|Start:No Error
153955:D_11_GoTo_12|Done:No Error
153956:B_11_GoTo_12|Done:No Error
153956:C_11_GoTo_12|Start:No Error
153956:C_11_GoTo_12|Done:No Error
153956:S_11_GoTo_12|Finish:No Error
154010:S_12_GoTo_13|Start:No Error
154010:D_12_GoTo_13|Start:No Error
154010:A_12_GoTo_13|Start:No Error
154010:A_12_GoTo_13|Done:No Error
154010:B_12_GoTo_13|Start:No Error
154010:B_12_GoTo_13|Done:No Error
154010:C_12_GoTo_13|Start:No Error
154010:D_12_GoTo_13|Done:No Error
154010:C_12_GoTo_13|Done:No Error
154010:S_12_GoTo_13|Finish:No Error
154019:S_13_GoTo_16|Start:No Error
154019:A_13_GoTo_16|Start:No Error
154019:D_13_GoTo_16|Start:No Error
154019:A_13_GoTo_16|Done:No Error
154019:B_13_GoTo_16|Start:No Error
154020:D_13_GoTo_16|Done:No Error
154020:B_13_GoTo_16|Done:No Error
154020:C_13_GoTo_16|Start:No Error
154020:C_13_GoTo_16|Done:No Error
154020:S_13_GoTo_16|Finish:No Error
154032:S_16_GoTo_17|Start:No Error
154032:D_16_GoTo_17|Start:No Error
154032:A_16_GoTo_17|Start:No Error
154032:A_16_GoTo_17|Done:No Error
154032:B_16_GoTo_17|Start:No Error
154033:B_16_GoTo_17|Done:No Error
154033:D_16_GoTo_17|Done:No Error
154033:C_16_GoTo_17|Start:No Error
154033:C_16_GoTo_17|Done:No Error
154033:S_16_GoTo_17|Finish:No Error
154040:S_17_GoTo_18|Start:No Error
154040:D_17_GoTo_18|Start:No Error
154040:A_17_GoTo_18|Start:No Error
154040:A_17_GoTo_18|Done:No Error
154040:B_17_GoTo_18|Start:No Error
154040:D_17_GoTo_18|Done:No Error
154040:B_17_GoTo_18|Done:No Error
154040:C_17_GoTo_18|Start:No Error
154040:C_17_GoTo_18|Done:No Error
154040:S_17_GoTo_18|Finish:No Error
154051:S_18_GoTo_19|Start:No Error
154051:D_18_GoTo_19|Start:No Error
154051:A_18_GoTo_19|Start:No Error
154051:A_18_GoTo_19|Done:No Error
154051:B_18_GoTo_19|Start:No Error
154051:D_18_GoTo_19|Done:No Error
154051:B_18_GoTo_19|Done:No Error
154051:C_18_GoTo_19|Start:No Error
154052:C_18_GoTo_19|Done:No Error
154052:S_18_GoTo_19|Finish:No Error
154106:S_19_GoTo_20|Start:No Error
154106:D_19_GoTo_20|Start:No Error
154106:A_19_GoTo_20|Start:No Error
154106:A_19_GoTo_20|Done:No Error
154106:B_19_GoTo_20|Start:No Error
154106:D_19_GoTo_20|Done:No Error
154107:B_19_GoTo_20|Done:No Error
154107:C_19_GoTo_20|Start:No Error
154107:C_19_GoTo_20|Done:No Error
154107:S_19_GoTo_20|Finish:No Error
154115:S_20_GoTo_22|Start:No Error
154115:D_20_GoTo_22|Start:No Error
154115:A_20_GoTo_22|Start:No Error
154115:D_20_GoTo_22|Done:No Error
154115:A_20_GoTo_22|Done:No Error
154115:B_20_GoTo_22|Start:No Error
154115:B_20_GoTo_22|Done:No Error
154115:C_20_GoTo_22|Start:No Error
154116:C_20_GoTo_22|Done:No Error
154116:S_20_GoTo_22|Finish:No Error
154122:S_22_GoTo_21|Start:No Error
154122:D_22_GoTo_21|Start:No Error
154122:A_22_GoTo_21|Start:No Error
154122:D_22_GoTo_21|Done:No Error
154123:A_22_GoTo_21|Done:No Error
154123:B_22_GoTo_21|Start:No Error
154123:B_22_GoTo_21|Done:No Error
154123:C_22_GoTo_21|Start:No Error
154123:C_22_GoTo_21|Done:No Error
154123:S_22_GoTo_21|Finish:No Error
