103046:S_3_GoTo_5|Start:No Error
103046:D_3_GoTo_5|Start:No Error
103046:A_3_GoTo_5|Start:No Error
103046:A_3_GoTo_5|Done:No Error
103046:B_3_GoTo_5|Start:No Error
103046:D_3_GoTo_5|Done:No Error
103046:B_3_GoTo_5|Done:No Error
103046:C_3_GoTo_5|Start:No Error
103046:C_3_GoTo_5|Done:No Error
103046:S_3_GoTo_5|Finish:No Error
103103:S_5_GoTo_6|Start:No Error
103103:D_5_GoTo_6|Start:No Error
103103:A_5_GoTo_6|Start:No Error
103103:A_5_GoTo_6|Done:No Error
103103:B_5_GoTo_6|Start:No Error
103103:D_5_GoTo_6|Done:No Error
103103:B_5_GoTo_6|Done:No Error
103103:C_5_GoTo_6|Start:No Error
103104:C_5_GoTo_6|Done:No Error
103104:S_5_GoTo_6|Finish:No Error
103107:S_6_GoTo_7|Start:No Error
103107:D_6_GoTo_7|Start:No Error
103107:A_6_GoTo_7|Start:No Error
103107:D_6_GoTo_7|Done:No Error
103108:A_6_GoTo_7|Done:No Error
103108:B_6_GoTo_7|Start:No Error
103108:B_6_GoTo_7|Done:No Error
103108:C_6_GoTo_7|Start:No Error
103108:C_6_GoTo_7|Done:No Error
103108:S_6_GoTo_7|Finish:No Error
103125:S_7_GoTo_8|Start:No Error
103125:D_7_GoTo_8|Start:No Error
103125:A_7_GoTo_8|Start:No Error
103125:A_7_GoTo_8|Done:No Error
103125:B_7_GoTo_8|Start:No Error
103126:D_7_GoTo_8|Done:No Error
103126:B_7_GoTo_8|Done:No Error
103126:C_7_GoTo_8|Start:No Error
103126:C_7_GoTo_8|Done:No Error
103126:S_7_GoTo_8|Finish:No Error
103142:S_8_GoTo_9|Start:No Error
103142:A_8_GoTo_9|Start:No Error
103142:D_8_GoTo_9|Start:No Error
103142:A_8_GoTo_9|Done:No Error
103142:B_8_GoTo_9|Start:No Error
103143:B_8_GoTo_9|Done:No Error
103143:C_8_GoTo_9|Start:No Error
103143:D_8_GoTo_9|Done:No Error
103143:C_8_GoTo_9|Done:No Error
103143:S_8_GoTo_9|Finish:No Error
103243:S_9_GoTo_10|Start:No Error
103243:D_9_GoTo_10|Start:No Error
103243:A_9_GoTo_10|Start:No Error
103243:A_9_GoTo_10|Done:No Error
103243:B_9_GoTo_10|Start:No Error
103243:D_9_GoTo_10|Done:No Error
103243:B_9_GoTo_10|Done:No Error
103243:C_9_GoTo_10|Start:No Error
103243:C_9_GoTo_10|Done:No Error
103243:S_9_GoTo_10|Finish:No Error
103332:S_3_GoTo_5|Start:No Error
103332:D_3_GoTo_5|Start:No Error
103332:A_3_GoTo_5|Start:No Error
103332:A_3_GoTo_5|Done:No Error
103332:B_3_GoTo_5|Start:No Error
103332:D_3_GoTo_5|Done:No Error
103332:B_3_GoTo_5|Done:No Error
103332:C_3_GoTo_5|Start:No Error
103332:C_3_GoTo_5|Done:No Error
103332:S_3_GoTo_5|Finish:No Error
103346:S_5_GoTo_6|Start:No Error
103346:D_5_GoTo_6|Start:No Error
103346:A_5_GoTo_6|Start:No Error
103346:A_5_GoTo_6|Done:No Error
103346:B_5_GoTo_6|Start:No Error
103346:B_5_GoTo_6|Done:No Error
103346:C_5_GoTo_6|Start:No Error
103346:D_5_GoTo_6|Done:No Error
103346:C_5_GoTo_6|Done:No Error
103346:S_5_GoTo_6|Finish:No Error
103351:S_6_GoTo_7|Start:No Error
103351:D_6_GoTo_7|Start:No Error
103351:A_6_GoTo_7|Start:No Error
103351:D_6_GoTo_7|Done:No Error
103351:A_6_GoTo_7|Done:No Error
103351:B_6_GoTo_7|Start:No Error
103351:B_6_GoTo_7|Done:No Error
103351:C_6_GoTo_7|Start:No Error
103352:C_6_GoTo_7|Done:No Error
103352:S_6_GoTo_7|Finish:No Error
103424:S_7_GoTo_8|Start:No Error
103424:D_7_GoTo_8|Start:No Error
103424:A_7_GoTo_8|Start:No Error
103424:A_7_GoTo_8|Done:No Error
103424:B_7_GoTo_8|Start:No Error
103424:D_7_GoTo_8|Done:No Error
103424:B_7_GoTo_8|Done:No Error
103424:C_7_GoTo_8|Start:No Error
103425:C_7_GoTo_8|Done:No Error
103425:S_7_GoTo_8|Finish:No Error
103444:S_8_GoTo_9|Start:No Error
103444:D_8_GoTo_9|Start:No Error
103444:A_8_GoTo_9|Start:No Error
103444:A_8_GoTo_9|Done:No Error
103444:B_8_GoTo_9|Start:No Error
103444:D_8_GoTo_9|Done:No Error
103445:B_8_GoTo_9|Done:No Error
103445:C_8_GoTo_9|Start:No Error
103445:C_8_GoTo_9|Done:No Error
103445:S_8_GoTo_9|Finish:No Error
103526:S_10_GoTo_11|Start:No Error
103526:D_10_GoTo_11|Start:No Error
103526:A_10_GoTo_11|Start:No Error
103526:D_10_GoTo_11|Done:No Error
103526:A_10_GoTo_11|Done:No Error
103526:B_10_GoTo_11|Start:No Error
103526:B_10_GoTo_11|Done:No Error
103526:C_10_GoTo_11|Start:No Error
103527:C_10_GoTo_11|Done:No Error
103527:S_10_GoTo_11|Finish:No Error
103540:S_9_GoTo_10|Start:No Error
103540:D_9_GoTo_10|Start:No Error
103540:A_9_GoTo_10|Start:No Error
103540:A_9_GoTo_10|Done:No Error
103540:B_9_GoTo_10|Start:No Error
103540:D_9_GoTo_10|Done:No Error
103540:B_9_GoTo_10|Done:No Error
103540:C_9_GoTo_10|Start:No Error
103540:C_9_GoTo_10|Done:No Error
103540:S_9_GoTo_10|Finish:No Error
103557:S_11_GoTo_12|Start:No Error
103557:D_11_GoTo_12|Start:No Error
103557:A_11_GoTo_12|Start:No Error
103557:A_11_GoTo_12|Done:No Error
103557:B_11_GoTo_12|Start:No Error
103557:D_11_GoTo_12|Done:No Error
103557:B_11_GoTo_12|Done:No Error
103557:C_11_GoTo_12|Start:No Error
103557:C_11_GoTo_12|Done:No Error
103557:S_11_GoTo_12|Finish:No Error
103559:S_10_GoTo_11|Start:No Error
103559:D_10_GoTo_11|Start:No Error
103559:A_10_GoTo_11|Start:No Error
103559:D_10_GoTo_11|Done:No Error
103559:A_10_GoTo_11|Done:No Error
103559:B_10_GoTo_11|Start:No Error
103559:B_10_GoTo_11|Done:No Error
103559:C_10_GoTo_11|Start:No Error
103600:C_10_GoTo_11|Done:No Error
103600:S_10_GoTo_11|Finish:No Error
103656:S_11_GoTo_12|Start:No Error
103656:D_11_GoTo_12|Start:No Error
103656:A_11_GoTo_12|Start:No Error
103656:D_11_GoTo_12|Done:No Error
103657:S_12_GoTo_13|Start:No Error
103657:D_12_GoTo_13|Start:No Error
103657:A_12_GoTo_13|Start:No Error
103657:A_12_GoTo_13|Done:No Error
103657:B_12_GoTo_13|Start:No Error
103657:D_12_GoTo_13|Done:No Error
103657:B_12_GoTo_13|Done:No Error
103657:C_12_GoTo_13|Start:No Error
103657:A_11_GoTo_12|Done:No Error
103657:C_12_GoTo_13|Done:No Error
103657:B_11_GoTo_12|Start:No Error
103657:S_12_GoTo_13|Finish:No Error
103657:B_11_GoTo_12|Done:No Error
103657:C_11_GoTo_12|Start:No Error
103657:C_11_GoTo_12|Done:No Error
103657:S_11_GoTo_12|Finish:No Error
103711:S_12_GoTo_13|Start:No Error
103711:D_12_GoTo_13|Start:No Error
103711:A_12_GoTo_13|Start:No Error
103712:D_12_GoTo_13|Done:No Error
103714:S_13_GoTo_16|Start:No Error
103714:D_13_GoTo_16|Start:No Error
103714:A_13_GoTo_16|Start:No Error
103714:A_13_GoTo_16|Done:No Error
103714:B_13_GoTo_16|Start:No Error
103714:B_13_GoTo_16|Done:No Error
103714:C_13_GoTo_16|Start:No Error
103714:D_13_GoTo_16|Done:No Error
103714:A_12_GoTo_13|Done:No Error
103714:C_13_GoTo_16|Done:No Error
103714:B_12_GoTo_13|Start:No Error
103714:S_13_GoTo_16|Finish:No Error
103714:B_12_GoTo_13|Done:No Error
103714:C_12_GoTo_13|Start:No Error
103715:C_12_GoTo_13|Done:No Error
103715:S_12_GoTo_13|Finish:No Error
103733:S_13_GoTo_16|Start:No Error
103733:D_13_GoTo_16|Start:No Error
103733:A_13_GoTo_16|Start:No Error
103733:D_13_GoTo_16|Done:No Error
103749:S_16_GoTo_17|Start:No Error
103749:D_16_GoTo_17|Start:No Error
103749:A_16_GoTo_17|Start:No Error
103749:A_16_GoTo_17|Done:No Error
103749:B_16_GoTo_17|Start:No Error
103749:D_16_GoTo_17|Done:No Error
103749:B_16_GoTo_17|Done:No Error
103749:C_16_GoTo_17|Start:No Error
103750:A_13_GoTo_16|Done:No Error
103750:C_16_GoTo_17|Done:No Error
103750:B_13_GoTo_16|Start:No Error
103750:S_16_GoTo_17|Finish:No Error
103750:B_13_GoTo_16|Done:No Error
103750:C_13_GoTo_16|Start:No Error
103750:C_13_GoTo_16|Done:No Error
103750:S_13_GoTo_16|Finish:No Error
103805:S_17_GoTo_18|Start:No Error
103805:D_17_GoTo_18|Start:No Error
103805:A_17_GoTo_18|Start:No Error
103805:A_17_GoTo_18|Done:No Error
103805:B_17_GoTo_18|Start:No Error
103805:D_17_GoTo_18|Done:No Error
103805:B_17_GoTo_18|Done:No Error
103805:C_17_GoTo_18|Start:No Error
103805:C_17_GoTo_18|Done:No Error
103805:S_17_GoTo_18|Finish:No Error
103808:S_16_GoTo_17|Start:No Error
103808:D_16_GoTo_17|Start:No Error
103808:A_16_GoTo_17|Start:No Error
103809:A_16_GoTo_17|Done:No Error
103809:B_16_GoTo_17|Start:No Error
103809:D_16_GoTo_17|Done:No Error
103809:B_16_GoTo_17|Done:No Error
103809:C_16_GoTo_17|Start:No Error
103809:C_16_GoTo_17|Done:No Error
103809:S_16_GoTo_17|Finish:No Error
103835:S_18_GoTo_19|Start:No Error
103835:D_18_GoTo_19|Start:No Error
103835:A_18_GoTo_19|Start:No Error
103835:A_18_GoTo_19|Done:No Error
103835:B_18_GoTo_19|Start:No Error
103835:D_18_GoTo_19|Done:No Error
103835:B_18_GoTo_19|Done:No Error
103835:C_18_GoTo_19|Start:No Error
103835:C_18_GoTo_19|Done:No Error
103835:S_18_GoTo_19|Finish:No Error
103848:S_17_GoTo_18|Start:No Error
103848:D_17_GoTo_18|Start:No Error
103848:A_17_GoTo_18|Start:No Error
103848:A_17_GoTo_18|Done:No Error
103848:B_17_GoTo_18|Start:No Error
103848:D_17_GoTo_18|Done:No Error
103848:B_17_GoTo_18|Done:No Error
103848:C_17_GoTo_18|Start:No Error
103848:C_17_GoTo_18|Done:No Error
103848:S_17_GoTo_18|Finish:No Error
103908:S_18_GoTo_19|Start:No Error
103908:D_18_GoTo_19|Start:No Error
103908:A_18_GoTo_19|Start:No Error
103908:D_18_GoTo_19|Done:No Error
104008:S_19_GoTo_20|Start:No Error
104008:D_19_GoTo_20|Start:No Error
104008:A_19_GoTo_20|Start:No Error
104008:A_19_GoTo_20|Done:No Error
104008:B_19_GoTo_20|Start:No Error
104008:D_19_GoTo_20|Done:No Error
104008:B_19_GoTo_20|Done:No Error
104008:C_19_GoTo_20|Start:No Error
104008:A_18_GoTo_19|Done:No Error
104008:C_19_GoTo_20|Done:No Error
104008:B_18_GoTo_19|Start:No Error
104008:S_19_GoTo_20|Finish:No Error
104008:B_18_GoTo_19|Done:No Error
104008:C_18_GoTo_19|Start:No Error
104009:C_18_GoTo_19|Done:No Error
104009:S_18_GoTo_19|Finish:No Error
105134:S_20_GoTo_22|Start:No Error
105134:D_20_GoTo_22|Start:No Error
105134:A_20_GoTo_22|Start:No Error
105134:D_20_GoTo_22|Done:No Error
105134:A_20_GoTo_22|Done:No Error
105134:B_20_GoTo_22|Start:No Error
105134:B_20_GoTo_22|Done:No Error
105134:C_20_GoTo_22|Start:No Error
105134:C_20_GoTo_22|Done:No Error
105134:S_20_GoTo_22|Finish:No Error
105138:S_22_GoTo_21|Start:No Error
105138:D_22_GoTo_21|Start:No Error
105138:A_22_GoTo_21|Start:No Error
105138:D_22_GoTo_21|Done:No Error
105138:A_22_GoTo_21|Done:No Error
105138:B_22_GoTo_21|Start:No Error
105139:B_22_GoTo_21|Done:No Error
105139:C_22_GoTo_21|Start:No Error
105139:C_22_GoTo_21|Done:No Error
105139:S_22_GoTo_21|Finish:No Error
141932:S_3_GoTo_5|Start:No Error
141932:D_3_GoTo_5|Start:No Error
141932:A_3_GoTo_5|Start:No Error
141933:A_3_GoTo_5|Done:No Error
141933:B_3_GoTo_5|Start:No Error
141933:D_3_GoTo_5|Done:No Error
141933:B_3_GoTo_5|Done:No Error
141933:C_3_GoTo_5|Start:No Error
141933:C_3_GoTo_5|Done:No Error
141933:S_3_GoTo_5|Finish:No Error
142433:S_5_GoTo_6|Start:No Error
142433:D_5_GoTo_6|Start:No Error
142433:A_5_GoTo_6|Start:No Error
142434:A_5_GoTo_6|Done:No Error
142434:B_5_GoTo_6|Start:No Error
142434:D_5_GoTo_6|Done:No Error
142434:B_5_GoTo_6|Done:No Error
142434:C_5_GoTo_6|Start:No Error
142434:C_5_GoTo_6|Done:No Error
142434:S_5_GoTo_6|Finish:No Error
142454:S_6_GoTo_7|Start:No Error
142454:D_6_GoTo_7|Start:No Error
142454:A_6_GoTo_7|Start:No Error
142454:D_6_GoTo_7|Done:No Error
142454:A_6_GoTo_7|Done:No Error
142454:B_6_GoTo_7|Start:No Error
142454:B_6_GoTo_7|Done:No Error
142454:C_6_GoTo_7|Start:No Error
142454:C_6_GoTo_7|Done:No Error
142454:S_6_GoTo_7|Finish:No Error
143018:S_7_GoTo_8|Start:No Error
143018:D_7_GoTo_8|Start:No Error
143018:A_7_GoTo_8|Start:No Error
143018:D_7_GoTo_8|Done:No Error
143018:A_7_GoTo_8|Done:No Error
143018:B_7_GoTo_8|Start:No Error
143018:B_7_GoTo_8|Done:No Error
143018:C_7_GoTo_8|Start:No Error
143019:C_7_GoTo_8|Done:No Error
143019:S_7_GoTo_8|Finish:No Error
143131:S_8_GoTo_9|Start:No Error
143131:D_8_GoTo_9|Start:No Error
143131:A_8_GoTo_9|Start:No Error
143131:A_8_GoTo_9|Done:No Error
143131:B_8_GoTo_9|Start:No Error
143131:D_8_GoTo_9|Done:No Error
143131:B_8_GoTo_9|Done:No Error
143131:C_8_GoTo_9|Start:No Error
143131:C_8_GoTo_9|Done:No Error
143131:S_8_GoTo_9|Finish:No Error
143453:S_9_GoTo_10|Start:No Error
143453:D_9_GoTo_10|Start:No Error
143453:A_9_GoTo_10|Start:No Error
143453:A_9_GoTo_10|Done:No Error
143453:B_9_GoTo_10|Start:No Error
143453:D_9_GoTo_10|Done:No Error
143453:B_9_GoTo_10|Done:No Error
143453:C_9_GoTo_10|Start:No Error
143454:C_9_GoTo_10|Done:No Error
143454:S_9_GoTo_10|Finish:No Error
143852:S_10_GoTo_11|Start:No Error
143852:D_10_GoTo_11|Start:No Error
143852:A_10_GoTo_11|Start:No Error
143852:D_10_GoTo_11|Done:No Error
143853:A_10_GoTo_11|Done:No Error
143853:B_10_GoTo_11|Start:No Error
143853:B_10_GoTo_11|Done:No Error
143853:C_10_GoTo_11|Start:No Error
143853:C_10_GoTo_11|Done:No Error
143853:S_10_GoTo_11|Finish:No Error
144121:S_11_GoTo_12|Start:No Error
144121:D_11_GoTo_12|Start:No Error
144121:A_11_GoTo_12|Start:No Error
144121:A_11_GoTo_12|Done:No Error
144121:B_11_GoTo_12|Start:No Error
144121:D_11_GoTo_12|Done:No Error
144121:B_11_GoTo_12|Done:No Error
144121:C_11_GoTo_12|Start:No Error
144121:C_11_GoTo_12|Done:No Error
144121:S_11_GoTo_12|Finish:No Error
144253:S_12_GoTo_13|Start:No Error
144253:D_12_GoTo_13|Start:No Error
144253:A_12_GoTo_13|Start:No Error
144253:A_12_GoTo_13|Done:No Error
144253:B_12_GoTo_13|Start:No Error
144253:D_12_GoTo_13|Done:No Error
144253:B_12_GoTo_13|Done:No Error
144253:C_12_GoTo_13|Start:No Error
144253:C_12_GoTo_13|Done:No Error
144253:S_12_GoTo_13|Finish:No Error
144345:S_13_GoTo_16|Start:No Error
144345:D_13_GoTo_16|Start:No Error
144345:A_13_GoTo_16|Start:No Error
144345:A_13_GoTo_16|Done:No Error
144345:B_13_GoTo_16|Start:No Error
144345:D_13_GoTo_16|Done:No Error
144346:B_13_GoTo_16|Done:No Error
144346:C_13_GoTo_16|Start:No Error
144346:C_13_GoTo_16|Done:No Error
144346:S_13_GoTo_16|Finish:No Error
144605:S_16_GoTo_17|Start:No Error
144605:D_16_GoTo_17|Start:No Error
144605:A_16_GoTo_17|Start:No Error
144605:A_16_GoTo_17|Done:No Error
144605:B_16_GoTo_17|Start:No Error
144605:D_16_GoTo_17|Done:No Error
144605:B_16_GoTo_17|Done:No Error
144605:C_16_GoTo_17|Start:No Error
144605:C_16_GoTo_17|Done:No Error
144605:S_16_GoTo_17|Finish:No Error
144747:S_17_GoTo_18|Start:No Error
144747:D_17_GoTo_18|Start:No Error
144747:A_17_GoTo_18|Start:No Error
144747:A_17_GoTo_18|Done:No Error
144747:B_17_GoTo_18|Start:No Error
144747:D_17_GoTo_18|Done:No Error
144747:B_17_GoTo_18|Done:No Error
144747:C_17_GoTo_18|Start:No Error
144748:C_17_GoTo_18|Done:No Error
144748:S_17_GoTo_18|Finish:No Error
144826:S_18_GoTo_19|Start:No Error
144826:D_18_GoTo_19|Start:No Error
144826:A_18_GoTo_19|Start:No Error
144826:A_18_GoTo_19|Done:No Error
144826:B_18_GoTo_19|Start:No Error
144826:D_18_GoTo_19|Done:No Error
144827:B_18_GoTo_19|Done:No Error
144827:C_18_GoTo_19|Start:No Error
144827:C_18_GoTo_19|Done:No Error
144827:S_18_GoTo_19|Finish:No Error
145046:S_19_GoTo_20|Start:No Error
145046:D_19_GoTo_20|Start:No Error
145046:A_19_GoTo_20|Start:No Error
145046:A_19_GoTo_20|Done:No Error
145046:B_19_GoTo_20|Start:No Error
145046:D_19_GoTo_20|Done:No Error
145046:B_19_GoTo_20|Done:No Error
145046:C_19_GoTo_20|Start:No Error
145046:C_19_GoTo_20|Done:No Error
145046:S_19_GoTo_20|Finish:No Error
145218:S_20_GoTo_22|Start:No Error
145218:D_20_GoTo_22|Start:No Error
145218:A_20_GoTo_22|Start:No Error
145218:D_20_GoTo_22|Done:No Error
145219:A_20_GoTo_22|Done:No Error
145219:B_20_GoTo_22|Start:No Error
145219:B_20_GoTo_22|Done:No Error
145219:C_20_GoTo_22|Start:No Error
145219:C_20_GoTo_22|Done:No Error
145219:S_20_GoTo_22|Finish:No Error
145229:S_22_GoTo_21|Start:No Error
145229:D_22_GoTo_21|Start:No Error
145229:A_22_GoTo_21|Start:No Error
145229:D_22_GoTo_21|Done:No Error
145229:A_22_GoTo_21|Done:No Error
145229:B_22_GoTo_21|Start:No Error
145229:B_22_GoTo_21|Done:No Error
145229:C_22_GoTo_21|Start:No Error
145230:C_22_GoTo_21|Done:No Error
145230:S_22_GoTo_21|Finish:No Error
145803:S_21_GoTo_FINISH|Start:No Error
145803:D_21_GoTo_FINISH|Start:No Error
145803:A_21_GoTo_FINISH|Start:No Error
145803:A_21_GoTo_FINISH|Done:No Error
145803:B_21_GoTo_FINISH|Start:No Error
145803:B_FINISH_NA_NA:No Error
145803:B_21_GoTo_FINISH|Done:No Error
145803:C_21_GoTo_FINISH|Start:No Error
145803:D_21_GoTo_FINISH|Done:No Error
145803:C_21_GoTo_FINISH|Done:No Error
145803:S_21_GoTo_FINISH|Finish:No Error
