093312:D_3_GoTo_5|Start:No Error
093312:A_3_GoTo_5|Done:Error: Open/Create/Replace File in LogForTriggerNext.vi:4310029->TriggerNext.vi:6380002->TriggerNext.vi.ProxyCaller<APPEND>
C:\HVAC\LOG\2021_11_26.log
093312:B_3_GoTo_5|Start:No Error
093315:B_3_GoTo_5|Done:No Error
093315:C_3_GoTo_5|Start:No Error
093316:D_3_GoTo_5|Done:No Error
093316:C_3_GoTo_5|Done:No Error
093316:S_3_GoTo_5|Finish:No Error
093350:D_5_GoTo_6|Start:No Error
093350:A_5_GoTo_6|Start:No Error
093350:S_5_GoTo_6|Start:No Error
093350:A_5_GoTo_6|Done:No Error
093350:B_5_GoTo_6|Start:No Error
093350:B_5_GoTo_6|Done:No Error
093350:C_5_GoTo_6|Start:No Error
093350:D_5_GoTo_6|Done:No Error
093350:C_5_GoTo_6|Done:No Error
093350:S_5_GoTo_6|Finish:No Error
093354:A_6_GoTo_7|Start:No Error
093354:D_6_GoTo_7|Start:No Error
093354:S_6_GoTo_7|Start:No Error
093354:D_6_GoTo_7|Done:No Error
093354:A_6_GoTo_7|Done:No Error
093354:B_6_GoTo_7|Start:No Error
093354:B_6_GoTo_7|Done:No Error
093354:C_6_GoTo_7|Start:No Error
093355:C_6_GoTo_7|Done:No Error
093355:S_6_GoTo_7|Finish:No Error
093420:S_7_GoTo_8|Start:No Error
093420:A_7_GoTo_8|Start:No Error
093420:D_7_GoTo_8|Start:No Error
093420:A_7_GoTo_8|Done:No Error
093420:B_7_GoTo_8|Start:No Error
093420:D_7_GoTo_8|Done:No Error
093420:B_7_GoTo_8|Done:No Error
093420:C_7_GoTo_8|Start:No Error
093420:C_7_GoTo_8|Done:No Error
093420:S_7_GoTo_8|Finish:No Error
093432:D_8_GoTo_9|Start:No Error
093432:A_8_GoTo_9|Start:No Error
093432:S_8_GoTo_9|Start:No Error
093432:A_8_GoTo_9|Done:No Error
093432:B_8_GoTo_9|Start:No Error
093433:D_8_GoTo_9|Done:No Error
093433:B_8_GoTo_9|Done:No Error
093433:C_8_GoTo_9|Start:No Error
093433:C_8_GoTo_9|Done:No Error
093433:S_8_GoTo_9|Finish:No Error
093502:S_9_GoTo_10|Start:No Error
093502:A_9_GoTo_10|Start:No Error
093502:D_9_GoTo_10|Start:No Error
093502:A_9_GoTo_10|Done:No Error
093502:B_9_GoTo_10|Start:No Error
093502:B_9_GoTo_10|Done:No Error
093502:C_9_GoTo_10|Start:No Error
093502:D_9_GoTo_10|Done:No Error
093503:C_9_GoTo_10|Done:No Error
093503:S_9_GoTo_10|Finish:No Error
093505:S_10_GoTo_11|Start:No Error
093505:A_10_GoTo_11|Start:No Error
093505:D_10_GoTo_11|Start:No Error
093505:D_10_GoTo_11|Done:No Error
093506:A_10_GoTo_11|Done:No Error
093506:B_10_GoTo_11|Start:No Error
093506:B_10_GoTo_11|Done:No Error
093506:C_10_GoTo_11|Start:No Error
093506:C_10_GoTo_11|Done:No Error
093506:S_10_GoTo_11|Finish:No Error
093517:S_11_GoTo_12|Start:No Error
093517:A_11_GoTo_12|Start:No Error
093517:D_11_GoTo_12|Start:No Error
093517:A_11_GoTo_12|Done:No Error
093517:B_11_GoTo_12|Start:No Error
093517:B_11_GoTo_12|Done:No Error
093517:C_11_GoTo_12|Start:No Error
093517:D_11_GoTo_12|Done:No Error
093517:C_11_GoTo_12|Done:No Error
093517:S_11_GoTo_12|Finish:No Error
093534:D_12_GoTo_13|Start:No Error
093534:A_12_GoTo_13|Start:No Error
093534:S_12_GoTo_13|Start:No Error
093534:A_12_GoTo_13|Done:No Error
093534:B_12_GoTo_13|Start:No Error
093534:D_12_GoTo_13|Done:No Error
093534:B_12_GoTo_13|Done:No Error
093534:C_12_GoTo_13|Start:No Error
093534:C_12_GoTo_13|Done:No Error
093534:S_12_GoTo_13|Finish:No Error
093547:D_13_GoTo_16|Start:No Error
093547:A_13_GoTo_16|Start:No Error
093547:S_13_GoTo_16|Start:No Error
093547:A_13_GoTo_16|Done:No Error
093547:B_13_GoTo_16|Start:No Error
093547:D_13_GoTo_16|Done:No Error
093548:B_13_GoTo_16|Done:No Error
093548:C_13_GoTo_16|Start:No Error
093548:C_13_GoTo_16|Done:No Error
093548:S_13_GoTo_16|Finish:No Error
093642:S_16_GoTo_17|Start:No Error
093642:A_16_GoTo_17|Start:No Error
093642:D_16_GoTo_17|Start:No Error
093642:A_16_GoTo_17|Done:No Error
093642:B_16_GoTo_17|Start:No Error
093642:B_16_GoTo_17|Done:No Error
093642:C_16_GoTo_17|Start:No Error
093642:D_16_GoTo_17|Done:No Error
093642:C_16_GoTo_17|Done:No Error
093642:S_16_GoTo_17|Finish:No Error
093650:A_17_GoTo_18|Start:No Error
093650:D_17_GoTo_18|Start:No Error
093650:S_17_GoTo_18|Start:No Error
093650:A_17_GoTo_18|Done:No Error
093650:B_17_GoTo_18|Start:No Error
093650:B_17_GoTo_18|Done:No Error
093650:C_17_GoTo_18|Start:No Error
093650:D_17_GoTo_18|Done:No Error
093650:C_17_GoTo_18|Done:No Error
093650:S_17_GoTo_18|Finish:No Error
093702:S_18_GoTo_19|Start:No Error
093702:A_18_GoTo_19|Start:No Error
093702:D_18_GoTo_19|Start:No Error
093702:A_18_GoTo_19|Done:No Error
093702:B_18_GoTo_19|Start:No Error
093703:D_18_GoTo_19|Done:No Error
093703:B_18_GoTo_19|Done:No Error
093703:C_18_GoTo_19|Start:No Error
093703:C_18_GoTo_19|Done:No Error
093703:S_18_GoTo_19|Finish:No Error
093730:A_19_GoTo_20|Start:No Error
093730:D_19_GoTo_20|Start:No Error
093730:S_19_GoTo_20|Start:No Error
093731:A_19_GoTo_20|Done:No Error
093731:B_19_GoTo_20|Start:No Error
093731:D_19_GoTo_20|Done:No Error
093731:B_19_GoTo_20|Done:No Error
093731:C_19_GoTo_20|Start:No Error
093731:C_19_GoTo_20|Done:No Error
093731:S_19_GoTo_20|Finish:No Error
094033:D_20_GoTo_22|Start:No Error
094033:A_20_GoTo_22|Start:No Error
094033:S_20_GoTo_22|Start:No Error
094033:D_20_GoTo_22|Done:No Error
094033:A_20_GoTo_22|Done:No Error
094033:B_20_GoTo_22|Start:No Error
094033:B_20_GoTo_22|Done:No Error
094033:C_20_GoTo_22|Start:No Error
094033:C_20_GoTo_22|Done:No Error
094033:S_20_GoTo_22|Finish:No Error
094044:S_22_GoTo_21|Start:No Error
094044:A_22_GoTo_21|Start:No Error
094044:D_22_GoTo_21|Start:No Error
094044:D_22_GoTo_21|Done:No Error
094044:A_22_GoTo_21|Done:No Error
094044:B_22_GoTo_21|Start:No Error
094045:B_22_GoTo_21|Done:No Error
094045:C_22_GoTo_21|Start:No Error
094045:C_22_GoTo_21|Done:No Error
094045:S_22_GoTo_21|Finish:No Error
110747:S_21_GoTo_FINISH|Start:No Error
110747:D_21_GoTo_FINISH|Start:No Error
110747:A_21_GoTo_FINISH|Start:No Error
110747:A_21_GoTo_FINISH|Done:No Error
110747:B_21_GoTo_FINISH|Start:No Error
110747:B_FINISH_NA_NA:No Error
110747:B_21_GoTo_FINISH|Done:No Error
110747:C_21_GoTo_FINISH|Start:No Error
110747:D_21_GoTo_FINISH|Done:No Error
110747:C_21_GoTo_FINISH|Done:No Error
110747:S_21_GoTo_FINISH|Finish:No Error
161612:S_3_GoTo_5|Start:No Error
161612:D_3_GoTo_5|Start:No Error
161612:A_3_GoTo_5|Start:No Error
161612:A_3_GoTo_5|Done:No Error
161612:B_3_GoTo_5|Start:No Error
161614:B_3_GoTo_5|Done:No Error
161614:C_3_GoTo_5|Start:No Error
161614:D_3_GoTo_5|Done:No Error
161614:C_3_GoTo_5|Done:No Error
161614:S_3_GoTo_5|Finish:No Error
161636:D_3_GoTo_5|Start:No Error
161636:A_3_GoTo_5|Start:No Error
161636:S_3_GoTo_5|Start:No Error
161637:D_3_GoTo_5|Done:No Error
161646:S_5_GoTo_6|Start:No Error
161646:A_5_GoTo_6|Start:No Error
161646:D_5_GoTo_6|Start:No Error
161647:A_5_GoTo_6|Done:No Error
161647:B_5_GoTo_6|Start:No Error
161647:D_5_GoTo_6|Done:No Error
161647:B_5_GoTo_6|Done:No Error
161647:C_5_GoTo_6|Start:No Error
161647:A_3_GoTo_5|Done:No Error
161647:C_5_GoTo_6|Done:No Error
161647:B_3_GoTo_5|Start:No Error
161647:S_5_GoTo_6|Finish:No Error
161648:B_3_GoTo_5|Done:No Error
161648:C_3_GoTo_5|Start:No Error
161648:C_3_GoTo_5|Done:No Error
161648:S_3_GoTo_5|Finish:No Error
161654:D_6_GoTo_7|Start:No Error
161654:S_6_GoTo_7|Start:No Error
161654:A_6_GoTo_7|Start:No Error
161654:D_6_GoTo_7|Done:No Error
161654:A_6_GoTo_7|Done:No Error
161654:B_6_GoTo_7|Start:No Error
161654:B_6_GoTo_7|Done:No Error
161654:C_6_GoTo_7|Start:No Error
161655:C_6_GoTo_7|Done:No Error
161655:S_6_GoTo_7|Finish:No Error
161708:S_3_GoTo_5|Start:No Error
161708:D_3_GoTo_5|Start:No Error
161708:A_3_GoTo_5|Start:No Error
161708:D_3_GoTo_5|Done:No Error
161712:D_5_GoTo_6|Start:No Error
161712:S_5_GoTo_6|Start:No Error
161712:A_5_GoTo_6|Start:No Error
161712:A_5_GoTo_6|Done:No Error
161712:D_5_GoTo_6|Done:No Error
161712:B_5_GoTo_6|Start:No Error
161713:B_5_GoTo_6|Done:No Error
161713:C_5_GoTo_6|Start:No Error
161713:A_3_GoTo_5|Done:No Error
161713:C_5_GoTo_6|Done:No Error
161713:B_3_GoTo_5|Start:No Error
161713:S_5_GoTo_6|Finish:No Error
161713:B_3_GoTo_5|Done:No Error
161713:C_3_GoTo_5|Start:No Error
161714:C_3_GoTo_5|Done:No Error
161714:S_3_GoTo_5|Finish:No Error
161719:A_7_GoTo_8|Start:No Error
161719:D_7_GoTo_8|Start:No Error
161719:S_7_GoTo_8|Start:No Error
161720:A_7_GoTo_8|Done:No Error
161720:B_7_GoTo_8|Start:No Error
161720:D_7_GoTo_8|Done:No Error
161720:B_7_GoTo_8|Done:No Error
161720:C_7_GoTo_8|Start:No Error
161720:C_7_GoTo_8|Done:No Error
161720:S_7_GoTo_8|Finish:No Error
161734:S_6_GoTo_7|Start:No Error
161734:D_6_GoTo_7|Start:No Error
161734:A_6_GoTo_7|Start:No Error
161734:D_6_GoTo_7|Done:No Error
161734:A_6_GoTo_7|Done:No Error
161734:B_6_GoTo_7|Start:No Error
161734:B_6_GoTo_7|Done:No Error
161734:C_6_GoTo_7|Start:No Error
161735:C_6_GoTo_7|Done:No Error
161735:S_6_GoTo_7|Finish:No Error
161745:D_3_GoTo_5|Start:No Error
161745:A_3_GoTo_5|Start:No Error
161745:S_3_GoTo_5|Start:No Error
161747:D_3_GoTo_5|Done:No Error
161752:D_8_GoTo_9|Start:No Error
161752:A_8_GoTo_9|Start:No Error
161752:S_8_GoTo_9|Start:No Error
161752:A_8_GoTo_9|Done:No Error
161752:B_8_GoTo_9|Start:No Error
161752:D_8_GoTo_9|Done:No Error
161752:B_8_GoTo_9|Done:No Error
161752:C_8_GoTo_9|Start:No Error
161752:C_8_GoTo_9|Done:No Error
161752:S_8_GoTo_9|Finish:No Error
161803:S_7_GoTo_8|Start:No Error
161803:A_7_GoTo_8|Start:No Error
161803:D_7_GoTo_8|Start:No Error
161803:A_7_GoTo_8|Done:No Error
161803:B_7_GoTo_8|Start:No Error
161803:D_7_GoTo_8|Done:No Error
161804:B_7_GoTo_8|Done:No Error
161804:C_7_GoTo_8|Start:No Error
161804:C_7_GoTo_8|Done:No Error
161804:S_7_GoTo_8|Finish:No Error
161804:S_5_GoTo_6|Start:No Error
161804:A_5_GoTo_6|Start:No Error
161804:D_5_GoTo_6|Start:No Error
161804:A_5_GoTo_6|Done:No Error
161804:B_5_GoTo_6|Start:No Error
161804:D_5_GoTo_6|Done:No Error
161805:B_5_GoTo_6|Done:No Error
161805:C_5_GoTo_6|Start:No Error
161805:A_3_GoTo_5|Done:No Error
161805:C_5_GoTo_6|Done:No Error
161805:B_3_GoTo_5|Start:No Error
161805:S_5_GoTo_6|Finish:No Error
161806:B_3_GoTo_5|Done:No Error
161806:C_3_GoTo_5|Start:No Error
161806:C_3_GoTo_5|Done:No Error
161806:S_3_GoTo_5|Finish:No Error
161812:S_6_GoTo_7|Start:No Error
161812:D_6_GoTo_7|Start:No Error
161812:A_6_GoTo_7|Start:No Error
161812:D_6_GoTo_7|Done:No Error
161813:A_6_GoTo_7|Done:No Error
161813:B_6_GoTo_7|Start:No Error
161813:B_6_GoTo_7|Done:No Error
161813:C_6_GoTo_7|Start:No Error
161813:C_6_GoTo_7|Done:No Error
161813:S_6_GoTo_7|Finish:No Error
161834:S_8_GoTo_9|Start:No Error
161834:D_8_GoTo_9|Start:No Error
161834:A_8_GoTo_9|Start:No Error
161834:D_8_GoTo_9|Done:No Error
161837:S_5_GoTo_6|Start:No Error
161837:D_5_GoTo_6|Start:No Error
161837:A_5_GoTo_6|Start:No Error
161837:A_5_GoTo_6|Done:No Error
161837:D_5_GoTo_6|Done:No Error
161837:B_5_GoTo_6|Start:No Error
161838:B_5_GoTo_6|Done:No Error
161838:C_5_GoTo_6|Start:No Error
161838:S_3_GoTo_5|Start:No Error
161838:A_3_GoTo_5|Start:No Error
161838:D_3_GoTo_5|Start:No Error
161838:A_9_GoTo_10|Start:No Error
161838:S_9_GoTo_10|Start:No Error
161838:D_9_GoTo_10|Start:No Error
161838:A_9_GoTo_10|Done:No Error
161838:B_9_GoTo_10|Start:No Error
161838:D_9_GoTo_10|Done:No Error
161846:B_9_GoTo_10|Done:No Error
161846:C_9_GoTo_10|Start:No Error
161846:C_5_GoTo_6|Done:No Error
161846:S_5_GoTo_6|Finish:No Error
161846:A_3_GoTo_5|Done:No Error
161846:B_3_GoTo_5|Start:No Error
161846:D_3_GoTo_5|Done:No Error
161852:A_8_GoTo_9|Done:No Error
161852:B_8_GoTo_9|Start:No Error
161852:C_9_GoTo_10|Done:No Error
161852:B_3_GoTo_5|Done:No Error
161852:S_9_GoTo_10|Finish:No Error
161852:C_3_GoTo_5|Start:No Error
161853:B_8_GoTo_9|Done:No Error
161853:C_8_GoTo_9|Start:No Error
161854:C_3_GoTo_5|Done:No Error
161854:S_3_GoTo_5|Finish:No Error
161854:C_8_GoTo_9|Done:No Error
161854:S_8_GoTo_9|Finish:No Error
161900:D_10_GoTo_11|Start:No Error
161900:A_10_GoTo_11|Start:No Error
161900:S_10_GoTo_11|Start:No Error
161900:D_10_GoTo_11|Done:No Error
161900:A_10_GoTo_11|Done:No Error
161900:B_10_GoTo_11|Start:No Error
161901:B_10_GoTo_11|Done:No Error
161901:C_10_GoTo_11|Start:No Error
161901:C_10_GoTo_11|Done:No Error
161901:S_10_GoTo_11|Finish:No Error
161910:A_11_GoTo_12|Start:No Error
161910:D_11_GoTo_12|Start:No Error
161910:S_11_GoTo_12|Start:No Error
161910:A_11_GoTo_12|Done:No Error
161910:B_11_GoTo_12|Start:No Error
161910:B_11_GoTo_12|Done:No Error
161910:C_11_GoTo_12|Start:No Error
161910:D_11_GoTo_12|Done:No Error
161911:C_11_GoTo_12|Done:No Error
161911:S_11_GoTo_12|Finish:No Error
161915:D_7_GoTo_8|Start:No Error
161915:S_7_GoTo_8|Start:No Error
161915:A_7_GoTo_8|Start:No Error
161915:A_7_GoTo_8|Done:No Error
161915:B_7_GoTo_8|Start:No Error
161915:D_7_GoTo_8|Done:No Error
161916:B_7_GoTo_8|Done:No Error
161916:C_7_GoTo_8|Start:No Error
161916:C_7_GoTo_8|Done:No Error
161916:S_7_GoTo_8|Finish:No Error
161921:A_6_GoTo_7|Start:No Error
161921:D_6_GoTo_7|Start:No Error
161921:S_6_GoTo_7|Start:No Error
161921:D_6_GoTo_7|Done:No Error
161921:A_6_GoTo_7|Done:No Error
161921:B_6_GoTo_7|Start:No Error
161921:B_6_GoTo_7|Done:No Error
161921:C_6_GoTo_7|Start:No Error
161921:C_6_GoTo_7|Done:No Error
161921:S_6_GoTo_7|Finish:No Error
161933:S_3_GoTo_5|Start:No Error
161933:D_3_GoTo_5|Start:No Error
161933:A_3_GoTo_5|Start:No Error
161933:D_5_GoTo_6|Start:No Error
161933:A_5_GoTo_6|Start:No Error
161933:S_5_GoTo_6|Start:No Error
161933:D_5_GoTo_6|Done:No Error
161933:A_5_GoTo_6|Done:No Error
161933:B_5_GoTo_6|Start:No Error
161935:B_5_GoTo_6|Done:No Error
161935:C_5_GoTo_6|Start:No Error
161935:D_3_GoTo_5|Done:No Error
161938:A_3_GoTo_5|Done:No Error
161938:C_5_GoTo_6|Done:No Error
161938:B_3_GoTo_5|Start:No Error
161938:S_5_GoTo_6|Finish:No Error
161939:B_3_GoTo_5|Done:No Error
161939:C_3_GoTo_5|Start:No Error
161939:C_3_GoTo_5|Done:No Error
161939:S_3_GoTo_5|Finish:No Error
161940:A_9_GoTo_10|Start:No Error
161940:D_9_GoTo_10|Start:No Error
161940:S_9_GoTo_10|Start:No Error
161940:A_9_GoTo_10|Done:No Error
161940:B_9_GoTo_10|Start:No Error
161940:D_9_GoTo_10|Done:No Error
161940:B_9_GoTo_10|Done:No Error
161940:C_9_GoTo_10|Start:No Error
161941:C_9_GoTo_10|Done:No Error
161941:S_9_GoTo_10|Finish:No Error
161946:S_10_GoTo_11|Start:No Error
161946:D_10_GoTo_11|Start:No Error
161946:A_10_GoTo_11|Start:No Error
161946:D_10_GoTo_11|Done:No Error
161946:A_10_GoTo_11|Done:No Error
161946:B_10_GoTo_11|Start:No Error
161946:B_10_GoTo_11|Done:No Error
161946:C_10_GoTo_11|Start:No Error
161947:C_10_GoTo_11|Done:No Error
161947:S_10_GoTo_11|Finish:No Error
161950:D_12_GoTo_13|Start:No Error
161950:S_12_GoTo_13|Start:No Error
161950:A_12_GoTo_13|Start:No Error
161950:A_12_GoTo_13|Done:No Error
161950:B_12_GoTo_13|Start:No Error
161950:D_12_GoTo_13|Done:No Error
161951:B_12_GoTo_13|Done:No Error
161951:C_12_GoTo_13|Start:No Error
161951:C_12_GoTo_13|Done:No Error
161951:S_12_GoTo_13|Finish:No Error
161951:A_8_GoTo_9|Start:No Error
161951:S_8_GoTo_9|Start:No Error
161951:D_8_GoTo_9|Start:No Error
161951:A_8_GoTo_9|Done:No Error
161951:B_8_GoTo_9|Start:No Error
161951:D_8_GoTo_9|Done:No Error
161952:B_8_GoTo_9|Done:No Error
161952:C_8_GoTo_9|Start:No Error
161952:C_8_GoTo_9|Done:No Error
161952:S_8_GoTo_9|Finish:No Error
161955:A_7_GoTo_8|Start:No Error
161955:S_7_GoTo_8|Start:No Error
161955:D_7_GoTo_8|Start:No Error
161955:A_7_GoTo_8|Done:No Error
161955:B_7_GoTo_8|Start:No Error
161955:D_7_GoTo_8|Done:No Error
161955:B_7_GoTo_8|Done:No Error
161955:C_7_GoTo_8|Start:No Error
161955:C_7_GoTo_8|Done:No Error
161955:S_7_GoTo_8|Finish:No Error
161957:D_11_GoTo_12|Start:No Error
161957:A_11_GoTo_12|Start:No Error
161957:S_11_GoTo_12|Start:No Error
161957:A_11_GoTo_12|Done:No Error
161957:B_11_GoTo_12|Start:No Error
161958:D_11_GoTo_12|Done:No Error
161958:B_11_GoTo_12|Done:No Error
161958:C_11_GoTo_12|Start:No Error
161958:C_11_GoTo_12|Done:No Error
161958:S_11_GoTo_12|Finish:No Error
162005:S_3_GoTo_5|Start:No Error
162005:A_3_GoTo_5|Start:No Error
162005:D_3_GoTo_5|Start:No Error
162007:D_3_GoTo_5|Done:No Error
162017:A_6_GoTo_7|Start:No Error
162017:S_6_GoTo_7|Start:No Error
162017:D_6_GoTo_7|Start:No Error
162017:D_6_GoTo_7|Done:No Error
162017:A_6_GoTo_7|Done:No Error
162017:B_6_GoTo_7|Start:No Error
162018:B_6_GoTo_7|Done:No Error
162018:C_6_GoTo_7|Start:No Error
162018:C_6_GoTo_7|Done:No Error
162018:S_6_GoTo_7|Finish:No Error
162038:A_5_GoTo_6|Start:No Error
162038:S_5_GoTo_6|Start:No Error
162038:D_5_GoTo_6|Start:No Error
162038:A_5_GoTo_6|Done:No Error
162038:D_5_GoTo_6|Done:No Error
162038:B_5_GoTo_6|Start:No Error
162038:B_5_GoTo_6|Done:No Error
162038:C_5_GoTo_6|Start:No Error
162039:A_3_GoTo_5|Done:No Error
162039:C_5_GoTo_6|Done:No Error
162039:B_3_GoTo_5|Start:No Error
162039:S_5_GoTo_6|Finish:No Error
162040:B_3_GoTo_5|Done:No Error
162040:C_3_GoTo_5|Start:No Error
162040:C_3_GoTo_5|Done:No Error
162040:S_3_GoTo_5|Finish:No Error
162054:D_6_GoTo_7|Start:No Error
162054:S_6_GoTo_7|Start:No Error
162054:A_6_GoTo_7|Start:No Error
162054:D_6_GoTo_7|Done:No Error
162103:S_8_GoTo_9|Start:No Error
162103:A_8_GoTo_9|Start:No Error
162103:D_8_GoTo_9|Start:No Error
162104:D_8_GoTo_9|Done:No Error
162108:S_13_GoTo_16|Start:No Error
162108:A_13_GoTo_16|Start:No Error
162108:D_13_GoTo_16|Start:No Error
162108:A_13_GoTo_16|Done:No Error
162108:B_13_GoTo_16|Start:No Error
162108:D_13_GoTo_16|Done:No Error
162108:B_13_GoTo_16|Done:No Error
162108:C_13_GoTo_16|Start:No Error
162109:C_13_GoTo_16|Done:No Error
162109:S_13_GoTo_16|Finish:No Error
162113:D_9_GoTo_10|Start:No Error
162113:S_9_GoTo_10|Start:No Error
162113:A_9_GoTo_10|Start:No Error
162113:D_3_GoTo_5|Start:No Error
162113:A_3_GoTo_5|Start:No Error
162113:S_3_GoTo_5|Start:No Error
162113:A_9_GoTo_10|Done:No Error
162113:B_9_GoTo_10|Start:No Error
162113:D_9_GoTo_10|Done:No Error
162117:D_3_GoTo_5|Done:No Error
162121:S_12_GoTo_13|Start:No Error
162121:A_12_GoTo_13|Start:No Error
162121:D_12_GoTo_13|Start:No Error
162121:A_12_GoTo_13|Done:No Error
162121:B_12_GoTo_13|Start:No Error
162121:D_12_GoTo_13|Done:No Error
162134:B_9_GoTo_10|Done:No Error
162134:C_9_GoTo_10|Start:No Error
162134:B_12_GoTo_13|Done:No Error
162134:C_12_GoTo_13|Start:No Error
162136:A_8_GoTo_9|Done:No Error
162136:C_9_GoTo_10|Done:No Error
162136:B_8_GoTo_9|Start:No Error
162136:S_9_GoTo_10|Finish:No Error
162136:C_12_GoTo_13|Done:No Error
162136:S_12_GoTo_13|Finish:No Error
162137:B_8_GoTo_9|Done:No Error
162137:C_8_GoTo_9|Start:No Error
162137:C_8_GoTo_9|Done:No Error
162137:S_8_GoTo_9|Finish:No Error
162138:S_5_GoTo_6|Start:No Error
162138:D_5_GoTo_6|Start:No Error
162138:A_5_GoTo_6|Start:No Error
162138:D_5_GoTo_6|Done:No Error
162144:A_10_GoTo_11|Start:No Error
162144:D_10_GoTo_11|Start:No Error
162144:S_10_GoTo_11|Start:No Error
162144:D_10_GoTo_11|Done:No Error
162144:A_10_GoTo_11|Done:No Error
162144:B_10_GoTo_11|Start:No Error
162145:B_10_GoTo_11|Done:No Error
162145:C_10_GoTo_11|Start:No Error
162145:C_10_GoTo_11|Done:No Error
162145:S_10_GoTo_11|Finish:No Error
162146:D_7_GoTo_8|Start:No Error
162146:A_7_GoTo_8|Start:No Error
162146:S_7_GoTo_8|Start:No Error
162146:A_7_GoTo_8|Done:No Error
162146:B_7_GoTo_8|Start:No Error
162146:D_7_GoTo_8|Done:No Error
162147:B_7_GoTo_8|Done:No Error
162147:C_7_GoTo_8|Start:No Error
162147:A_6_GoTo_7|Done:No Error
162147:C_7_GoTo_8|Done:No Error
162147:B_6_GoTo_7|Start:No Error
162147:S_7_GoTo_8|Finish:No Error
162147:B_6_GoTo_7|Done:No Error
162147:C_6_GoTo_7|Start:No Error
162148:A_5_GoTo_6|Done:No Error
162148:B_5_GoTo_6|Start:No Error
162148:C_6_GoTo_7|Done:No Error
162148:S_6_GoTo_7|Finish:No Error
162149:B_5_GoTo_6|Done:No Error
162149:C_5_GoTo_6|Start:No Error
162149:A_3_GoTo_5|Done:No Error
162149:C_5_GoTo_6|Done:No Error
162149:B_3_GoTo_5|Start:No Error
162149:S_5_GoTo_6|Finish:No Error
162150:B_3_GoTo_5|Done:No Error
162150:C_3_GoTo_5|Start:No Error
162150:C_3_GoTo_5|Done:No Error
162150:S_3_GoTo_5|Finish:No Error
162159:S_11_GoTo_12|Start:No Error
162159:D_11_GoTo_12|Start:No Error
162159:A_11_GoTo_12|Start:No Error
162159:A_11_GoTo_12|Done:No Error
162159:B_11_GoTo_12|Start:No Error
162200:B_11_GoTo_12|Done:No Error
162200:C_11_GoTo_12|Start:No Error
162200:D_11_GoTo_12|Done:No Error
162200:C_11_GoTo_12|Done:No Error
162200:S_11_GoTo_12|Finish:No Error
162200:S_6_GoTo_7|Start:No Error
162200:D_6_GoTo_7|Start:No Error
162200:A_6_GoTo_7|Start:No Error
162200:D_6_GoTo_7|Done:No Error
162203:S_16_GoTo_17|Start:No Error
162203:A_16_GoTo_17|Start:No Error
162203:D_16_GoTo_17|Start:No Error
162203:A_16_GoTo_17|Done:No Error
162203:B_16_GoTo_17|Start:No Error
162203:D_16_GoTo_17|Done:No Error
162204:B_16_GoTo_17|Done:No Error
162204:C_16_GoTo_17|Start:No Error
162207:C_16_GoTo_17|Done:No Error
162207:S_16_GoTo_17|Finish:No Error
162217:S_13_GoTo_16|Start:No Error
162217:A_13_GoTo_16|Start:No Error
162217:D_13_GoTo_16|Start:No Error
162217:A_13_GoTo_16|Done:No Error
162217:B_13_GoTo_16|Start:No Error
162217:D_13_GoTo_16|Done:No Error
162217:B_13_GoTo_16|Done:No Error
162217:C_13_GoTo_16|Start:No Error
162218:C_13_GoTo_16|Done:No Error
162218:S_13_GoTo_16|Finish:No Error
162221:D_17_GoTo_18|Start:No Error
162221:S_17_GoTo_18|Start:No Error
162221:A_17_GoTo_18|Start:No Error
162221:A_17_GoTo_18|Done:No Error
162221:B_17_GoTo_18|Start:No Error
162221:D_17_GoTo_18|Done:No Error
162221:B_17_GoTo_18|Done:No Error
162221:C_17_GoTo_18|Start:No Error
162222:C_17_GoTo_18|Done:No Error
162222:S_17_GoTo_18|Finish:No Error
162224:S_3_GoTo_5|Start:No Error
162224:D_3_GoTo_5|Start:No Error
162224:A_3_GoTo_5|Start:No Error
162232:D_3_GoTo_5|Done:No Error
162235:S_8_GoTo_9|Start:No Error
162235:A_8_GoTo_9|Start:No Error
162235:D_8_GoTo_9|Start:No Error
162235:D_8_GoTo_9|Done:No Error
162239:S_18_GoTo_19|Start:No Error
162239:A_18_GoTo_19|Start:No Error
162239:D_18_GoTo_19|Start:No Error
162239:A_18_GoTo_19|Done:No Error
162239:B_18_GoTo_19|Start:No Error
162239:D_18_GoTo_19|Done:No Error
162239:B_18_GoTo_19|Done:No Error
162239:C_18_GoTo_19|Start:No Error
162239:S_7_GoTo_8|Start:No Error
162239:D_7_GoTo_8|Start:No Error
162239:A_7_GoTo_8|Start:No Error
162239:D_7_GoTo_8|Done:No Error
162240:C_18_GoTo_19|Done:No Error
162240:S_18_GoTo_19|Finish:No Error
162251:S_5_GoTo_6|Start:No Error
162251:A_5_GoTo_6|Start:No Error
162251:D_5_GoTo_6|Start:No Error
162251:D_5_GoTo_6|Done:No Error
162257:S_9_GoTo_10|Start:No Error
162257:A_9_GoTo_10|Start:No Error
162257:D_9_GoTo_10|Start:No Error
162257:A_9_GoTo_10|Done:No Error
162257:B_9_GoTo_10|Start:No Error
162257:D_9_GoTo_10|Done:No Error
162257:B_9_GoTo_10|Done:No Error
162257:C_9_GoTo_10|Start:No Error
162257:A_8_GoTo_9|Done:No Error
162257:C_9_GoTo_10|Done:No Error
162257:B_8_GoTo_9|Start:No Error
162257:S_9_GoTo_10|Finish:No Error
162258:B_8_GoTo_9|Done:No Error
162258:C_8_GoTo_9|Start:No Error
162258:A_7_GoTo_8|Done:No Error
162258:B_7_GoTo_8|Start:No Error
162258:C_8_GoTo_9|Done:No Error
162258:S_8_GoTo_9|Finish:No Error
162259:B_7_GoTo_8|Done:No Error
162259:C_7_GoTo_8|Start:No Error
162259:D_12_GoTo_13|Start:No Error
162259:S_12_GoTo_13|Start:No Error
162259:A_12_GoTo_13|Start:No Error
162259:A_12_GoTo_13|Done:No Error
162259:B_12_GoTo_13|Start:No Error
162259:D_12_GoTo_13|Done:No Error
162259:A_6_GoTo_7|Done:No Error
162259:B_6_GoTo_7|Start:No Error
162259:C_7_GoTo_8|Done:No Error
162259:S_7_GoTo_8|Finish:No Error
162300:B_6_GoTo_7|Done:No Error
162300:C_6_GoTo_7|Start:No Error
162300:B_12_GoTo_13|Done:No Error
162300:C_12_GoTo_13|Start:No Error
162300:S_19_GoTo_20|Start:No Error
162300:D_19_GoTo_20|Start:No Error
162300:A_19_GoTo_20|Start:No Error
162300:A_19_GoTo_20|Done:No Error
162300:B_19_GoTo_20|Start:No Error
162300:D_19_GoTo_20|Done:No Error
162301:S_10_GoTo_11|Start:No Error
162301:D_10_GoTo_11|Start:No Error
162301:A_10_GoTo_11|Start:No Error
162301:D_10_GoTo_11|Done:No Error
162301:A_10_GoTo_11|Done:No Error
162301:B_10_GoTo_11|Start:No Error
162301:A_5_GoTo_6|Done:No Error
162301:B_5_GoTo_6|Start:No Error
162301:C_6_GoTo_7|Done:No Error
162301:S_6_GoTo_7|Finish:No Error
162301:B_19_GoTo_20|Done:No Error
162301:C_19_GoTo_20|Start:No Error
162304:B_10_GoTo_11|Done:No Error
162304:C_10_GoTo_11|Start:No Error
162304:C_19_GoTo_20|Done:No Error
162304:S_19_GoTo_20|Finish:No Error
162307:C_10_GoTo_11|Done:No Error
162307:S_10_GoTo_11|Finish:No Error
162310:C_12_GoTo_13|Done:No Error
162310:S_12_GoTo_13|Finish:No Error
162313:B_5_GoTo_6|Done:No Error
162313:C_5_GoTo_6|Start:No Error
162314:A_3_GoTo_5|Done:No Error
162314:C_5_GoTo_6|Done:No Error
162314:B_3_GoTo_5|Start:No Error
162314:S_5_GoTo_6|Finish:No Error
162315:B_3_GoTo_5|Done:No Error
162315:C_3_GoTo_5|Start:No Error
162315:C_3_GoTo_5|Done:No Error
162315:S_3_GoTo_5|Finish:No Error
162317:S_6_GoTo_7|Start:No Error
162317:D_6_GoTo_7|Start:No Error
162317:A_6_GoTo_7|Start:No Error
162317:D_6_GoTo_7|Done:No Error
162323:S_11_GoTo_12|Start:No Error
162323:D_11_GoTo_12|Start:No Error
162323:A_11_GoTo_12|Start:No Error
162323:A_11_GoTo_12|Done:No Error
162323:B_11_GoTo_12|Start:No Error
162324:B_11_GoTo_12|Done:No Error
162324:C_11_GoTo_12|Start:No Error
162324:D_11_GoTo_12|Done:No Error
162324:C_11_GoTo_12|Done:No Error
162324:S_11_GoTo_12|Finish:No Error
162339:A_3_GoTo_5|Start:No Error
162339:D_3_GoTo_5|Start:No Error
162339:S_3_GoTo_5|Start:No Error
162339:D_3_GoTo_5|Done:No Error
162455:D_20_GoTo_22|Start:No Error
162455:S_20_GoTo_22|Start:No Error
162455:A_20_GoTo_22|Start:No Error
162455:D_20_GoTo_22|Done:No Error
162456:A_20_GoTo_22|Done:No Error
162456:B_20_GoTo_22|Start:No Error
162456:B_20_GoTo_22|Done:No Error
162456:C_20_GoTo_22|Start:No Error
162456:C_20_GoTo_22|Done:No Error
162456:S_20_GoTo_22|Finish:No Error
162458:S_22_GoTo_21|Start:No Error
162458:D_22_GoTo_21|Start:No Error
162458:A_22_GoTo_21|Start:No Error
162458:D_22_GoTo_21|Done:No Error
162458:A_22_GoTo_21|Done:No Error
162458:B_22_GoTo_21|Start:No Error
162458:B_22_GoTo_21|Done:No Error
162458:C_22_GoTo_21|Start:No Error
162458:C_22_GoTo_21|Done:No Error
162458:S_22_GoTo_21|Finish:No Error
163940:S_7_GoTo_8|Start:No Error
163940:D_7_GoTo_8|Start:No Error
163940:A_7_GoTo_8|Start:No Error
163940:D_7_GoTo_8|Done:No Error
163942:A_8_GoTo_9|Start:No Error
163942:D_8_GoTo_9|Start:No Error
163942:S_8_GoTo_9|Start:No Error
163942:D_8_GoTo_9|Done:No Error
163948:A_13_GoTo_16|Start:No Error
163948:S_13_GoTo_16|Start:No Error
163948:D_13_GoTo_16|Start:No Error
163948:D_13_GoTo_16|Done:No Error
163950:S_5_GoTo_6|Start:No Error
163950:D_5_GoTo_6|Start:No Error
163950:A_5_GoTo_6|Start:No Error
163951:D_5_GoTo_6|Done:No Error
163956:S_16_GoTo_17|Start:No Error
163956:A_16_GoTo_17|Start:No Error
163956:D_16_GoTo_17|Start:No Error
163956:A_16_GoTo_17|Done:No Error
163956:B_16_GoTo_17|Start:No Error
163956:D_16_GoTo_17|Done:No Error
163957:B_16_GoTo_17|Done:No Error
163957:C_16_GoTo_17|Start:No Error
163957:A_13_GoTo_16|Done:No Error
163957:B_13_GoTo_16|Start:No Error
163957:C_16_GoTo_17|Done:No Error
163957:S_16_GoTo_17|Finish:No Error
163958:B_13_GoTo_16|Done:No Error
163958:C_13_GoTo_16|Start:No Error
163959:C_13_GoTo_16|Done:No Error
163959:S_13_GoTo_16|Finish:No Error
163959:D_12_GoTo_13|Start:No Error
163959:S_12_GoTo_13|Start:No Error
163959:A_12_GoTo_13|Start:No Error
163959:A_12_GoTo_13|Done:No Error
163959:B_12_GoTo_13|Start:No Error
163959:D_12_GoTo_13|Done:No Error
163959:B_12_GoTo_13|Done:No Error
163959:C_12_GoTo_13|Start:No Error
164000:C_12_GoTo_13|Done:No Error
164000:S_12_GoTo_13|Finish:No Error
164008:D_9_GoTo_10|Start:No Error
164008:A_9_GoTo_10|Start:No Error
164008:S_9_GoTo_10|Start:No Error
164009:A_9_GoTo_10|Done:No Error
164009:B_9_GoTo_10|Start:No Error
164009:D_9_GoTo_10|Done:No Error
164009:B_9_GoTo_10|Done:No Error
164009:C_9_GoTo_10|Start:No Error
164009:A_8_GoTo_9|Done:No Error
164009:B_8_GoTo_9|Start:No Error
164009:C_9_GoTo_10|Done:No Error
164009:S_9_GoTo_10|Finish:No Error
164010:B_8_GoTo_9|Done:No Error
164010:C_8_GoTo_9|Start:No Error
164010:A_7_GoTo_8|Done:No Error
164010:C_8_GoTo_9|Done:No Error
164010:B_7_GoTo_8|Start:No Error
164010:S_8_GoTo_9|Finish:No Error
164011:B_7_GoTo_8|Done:No Error
164011:C_7_GoTo_8|Start:No Error
164011:C_7_GoTo_8|Done:No Error
164011:A_6_GoTo_7|Done:No Error
164011:S_7_GoTo_8|Finish:No Error
164011:B_6_GoTo_7|Start:No Error
164011:B_6_GoTo_7|Done:No Error
164011:C_6_GoTo_7|Start:No Error
164012:A_5_GoTo_6|Done:No Error
164012:B_5_GoTo_6|Start:No Error
164012:C_6_GoTo_7|Done:No Error
164012:S_6_GoTo_7|Finish:No Error
164012:B_5_GoTo_6|Done:No Error
164012:C_5_GoTo_6|Start:No Error
164013:A_3_GoTo_5|Done:No Error
164013:B_3_GoTo_5|Start:No Error
164013:C_5_GoTo_6|Done:No Error
164013:S_5_GoTo_6|Finish:No Error
164013:B_3_GoTo_5|Done:No Error
164013:C_3_GoTo_5|Start:No Error
164014:C_3_GoTo_5|Done:No Error
164014:S_3_GoTo_5|Finish:No Error
164014:D_21_GoTo_FINISH|Start:No Error
164014:A_21_GoTo_FINISH|Start:No Error
164014:S_21_GoTo_FINISH|Start:No Error
164014:A_21_GoTo_FINISH|Done:No Error
164014:B_21_GoTo_FINISH|Start:No Error
164014:B_FINISH_NA_NA:No Error
164014:B_21_GoTo_FINISH|Done:No Error
164014:C_21_GoTo_FINISH|Start:No Error
164014:D_21_GoTo_FINISH|Done:No Error
164015:C_21_GoTo_FINISH|Done:No Error
164015:S_21_GoTo_FINISH|Finish:No Error
164016:D_10_GoTo_11|Start:No Error
164016:S_10_GoTo_11|Start:No Error
164016:A_10_GoTo_11|Start:No Error
164016:D_10_GoTo_11|Done:No Error
164016:A_10_GoTo_11|Done:No Error
164016:B_10_GoTo_11|Start:No Error
164016:B_10_GoTo_11|Done:No Error
164016:C_10_GoTo_11|Start:No Error
164017:C_10_GoTo_11|Done:No Error
164017:S_10_GoTo_11|Finish:No Error
164022:A_6_GoTo_7|Start:No Error
164022:D_6_GoTo_7|Start:No Error
164022:S_6_GoTo_7|Start:No Error
164022:D_6_GoTo_7|Done:No Error
164022:S_17_GoTo_18|Start:No Error
164022:A_17_GoTo_18|Start:No Error
164022:D_17_GoTo_18|Start:No Error
164023:A_17_GoTo_18|Done:No Error
164023:B_17_GoTo_18|Start:No Error
164023:D_17_GoTo_18|Done:No Error
164023:B_17_GoTo_18|Done:No Error
164023:C_17_GoTo_18|Start:No Error
164024:C_17_GoTo_18|Done:No Error
164024:S_17_GoTo_18|Finish:No Error
164028:S_11_GoTo_12|Start:No Error
164028:D_11_GoTo_12|Start:No Error
164028:A_11_GoTo_12|Start:No Error
164029:A_11_GoTo_12|Done:No Error
164029:B_11_GoTo_12|Start:No Error
164030:D_11_GoTo_12|Done:No Error
164030:B_11_GoTo_12|Done:No Error
164030:C_11_GoTo_12|Start:No Error
164031:C_11_GoTo_12|Done:No Error
164031:S_11_GoTo_12|Finish:No Error
164033:S_18_GoTo_19|Start:No Error
164033:A_18_GoTo_19|Start:No Error
164033:D_18_GoTo_19|Start:No Error
164033:A_18_GoTo_19|Done:No Error
164033:B_18_GoTo_19|Start:No Error
164033:D_18_GoTo_19|Done:No Error
164033:B_18_GoTo_19|Done:No Error
164033:C_18_GoTo_19|Start:No Error
164033:C_18_GoTo_19|Done:No Error
164033:S_18_GoTo_19|Finish:No Error
164045:D_8_GoTo_9|Start:No Error
164045:S_8_GoTo_9|Start:No Error
164045:A_8_GoTo_9|Start:No Error
164045:D_8_GoTo_9|Done:No Error
164049:D_7_GoTo_8|Start:No Error
164049:S_7_GoTo_8|Start:No Error
164049:A_7_GoTo_8|Start:No Error
164049:D_7_GoTo_8|Done:No Error
164052:S_13_GoTo_16|Start:No Error
164052:D_13_GoTo_16|Start:No Error
164052:A_13_GoTo_16|Start:No Error
164052:D_13_GoTo_16|Done:No Error
164054:S_5_GoTo_6|Start:No Error
164054:A_5_GoTo_6|Start:No Error
164054:D_5_GoTo_6|Start:No Error
164054:D_5_GoTo_6|Done:No Error
164100:S_16_GoTo_17|Start:No Error
164100:D_16_GoTo_17|Start:No Error
164100:A_16_GoTo_17|Start:No Error
164100:A_16_GoTo_17|Done:No Error
164100:B_16_GoTo_17|Start:No Error
164100:D_16_GoTo_17|Done:No Error
164100:B_16_GoTo_17|Done:No Error
164100:C_16_GoTo_17|Start:No Error
164101:A_13_GoTo_16|Done:No Error
164101:B_13_GoTo_16|Start:No Error
164101:C_16_GoTo_17|Done:No Error
164101:S_16_GoTo_17|Finish:No Error
164101:B_13_GoTo_16|Done:No Error
164101:C_13_GoTo_16|Start:No Error
164102:C_13_GoTo_16|Done:No Error
164102:S_13_GoTo_16|Finish:No Error
164108:D_19_GoTo_20|Start:No Error
164108:A_19_GoTo_20|Start:No Error
164108:S_19_GoTo_20|Start:No Error
164108:A_19_GoTo_20|Done:No Error
164108:B_19_GoTo_20|Start:No Error
164108:D_19_GoTo_20|Done:No Error
164108:B_19_GoTo_20|Done:No Error
164108:C_19_GoTo_20|Start:No Error
164109:C_19_GoTo_20|Done:No Error
164109:S_19_GoTo_20|Finish:No Error
164122:S_12_GoTo_13|Start:No Error
164122:D_12_GoTo_13|Start:No Error
164122:A_12_GoTo_13|Start:No Error
164122:A_12_GoTo_13|Done:No Error
164122:B_12_GoTo_13|Start:No Error
164122:D_12_GoTo_13|Done:No Error
164122:B_12_GoTo_13|Done:No Error
164122:C_12_GoTo_13|Start:No Error
164122:C_12_GoTo_13|Done:No Error
164122:S_12_GoTo_13|Finish:No Error
164123:A_17_GoTo_18|Start:No Error
164123:S_17_GoTo_18|Start:No Error
164123:D_17_GoTo_18|Start:No Error
164123:A_17_GoTo_18|Done:No Error
164123:B_17_GoTo_18|Start:No Error
164124:D_17_GoTo_18|Done:No Error
164124:B_17_GoTo_18|Done:No Error
164124:C_17_GoTo_18|Start:No Error
164124:C_17_GoTo_18|Done:No Error
164124:S_17_GoTo_18|Finish:No Error
164125:A_9_GoTo_10|Start:No Error
164125:S_9_GoTo_10|Start:No Error
164125:D_9_GoTo_10|Start:No Error
164125:D_9_GoTo_10|Done:No Error
164125:A_9_GoTo_10|Done:No Error
164125:B_9_GoTo_10|Start:No Error
164125:B_9_GoTo_10|Done:No Error
164125:C_9_GoTo_10|Start:No Error
164126:A_8_GoTo_9|Done:No Error
164126:B_8_GoTo_9|Start:No Error
164126:C_9_GoTo_10|Done:No Error
164126:S_9_GoTo_10|Finish:No Error
164126:B_8_GoTo_9|Done:No Error
164126:C_8_GoTo_9|Start:No Error
164127:A_7_GoTo_8|Done:No Error
164127:B_7_GoTo_8|Start:No Error
164127:C_8_GoTo_9|Done:No Error
164127:S_8_GoTo_9|Finish:No Error
164128:B_7_GoTo_8|Done:No Error
164128:C_7_GoTo_8|Start:No Error
164128:A_6_GoTo_7|Done:No Error
164128:C_7_GoTo_8|Done:No Error
164128:S_7_GoTo_8|Finish:No Error
164128:B_6_GoTo_7|Start:No Error
164129:B_6_GoTo_7|Done:No Error
164129:C_6_GoTo_7|Start:No Error
164129:A_5_GoTo_6|Done:No Error
164129:B_5_GoTo_6|Start:No Error
164129:C_6_GoTo_7|Done:No Error
164129:S_6_GoTo_7|Finish:No Error
164130:B_5_GoTo_6|Done:No Error
164130:C_5_GoTo_6|Start:No Error
164131:C_5_GoTo_6|Done:No Error
164131:S_5_GoTo_6|Finish:No Error
164132:S_10_GoTo_11|Start:No Error
164132:D_10_GoTo_11|Start:No Error
164132:A_10_GoTo_11|Start:No Error
164132:D_10_GoTo_11|Done:No Error
164132:A_10_GoTo_11|Done:No Error
164132:B_10_GoTo_11|Start:No Error
164133:B_10_GoTo_11|Done:No Error
164133:C_10_GoTo_11|Start:No Error
164133:A_18_GoTo_19|Start:No Error
164133:D_18_GoTo_19|Start:No Error
164133:S_18_GoTo_19|Start:No Error
164133:A_18_GoTo_19|Done:No Error
164133:B_18_GoTo_19|Start:No Error
164133:D_18_GoTo_19|Done:No Error
164134:C_10_GoTo_11|Done:No Error
164134:S_10_GoTo_11|Finish:No Error
164134:B_18_GoTo_19|Done:No Error
164134:C_18_GoTo_19|Start:No Error
164135:C_18_GoTo_19|Done:No Error
164135:S_18_GoTo_19|Finish:No Error
164135:A_6_GoTo_7|Start:No Error
164135:S_6_GoTo_7|Start:No Error
164135:D_6_GoTo_7|Start:No Error
164135:D_6_GoTo_7|Done:No Error
164138:S_16_GoTo_17|Start:No Error
164138:D_16_GoTo_17|Start:No Error
164138:A_16_GoTo_17|Start:No Error
164138:A_16_GoTo_17|Done:No Error
164138:B_16_GoTo_17|Start:No Error
164138:D_16_GoTo_17|Done:No Error
164138:B_16_GoTo_17|Done:No Error
164138:C_16_GoTo_17|Start:No Error
164138:C_16_GoTo_17|Done:No Error
164138:S_16_GoTo_17|Finish:No Error
164143:D_3_GoTo_5|Start:No Error
164143:A_3_GoTo_5|Start:No Error
164143:S_3_GoTo_5|Start:No Error
164143:A_3_GoTo_5|Done:No Error
164143:B_3_GoTo_5|Start:No Error
164146:D_11_GoTo_12|Start:No Error
164146:S_11_GoTo_12|Start:No Error
164146:A_11_GoTo_12|Start:No Error
164147:A_11_GoTo_12|Done:No Error
164147:B_11_GoTo_12|Start:No Error
164152:D_11_GoTo_12|Done:No Error
164152:B_11_GoTo_12|Done:No Error
164152:C_11_GoTo_12|Start:No Error
164156:D_3_GoTo_5|Done:No Error
164156:C_11_GoTo_12|Done:No Error
164156:S_11_GoTo_12|Finish:No Error
164156:B_3_GoTo_5|Done:No Error
164156:C_3_GoTo_5|Start:No Error
164157:C_3_GoTo_5|Done:No Error
164157:S_3_GoTo_5|Finish:No Error
164253:D_17_GoTo_18|Start:No Error
164253:S_17_GoTo_18|Start:No Error
164253:A_17_GoTo_18|Start:No Error
164253:A_17_GoTo_18|Done:No Error
164253:B_17_GoTo_18|Start:No Error
164254:B_17_GoTo_18|Done:No Error
164254:C_17_GoTo_18|Start:No Error
164257:D_17_GoTo_18|Done:No Error
164257:C_17_GoTo_18|Done:No Error
164257:S_17_GoTo_18|Finish:No Error
164307:S_7_GoTo_8|Start:No Error
164307:D_7_GoTo_8|Start:No Error
164307:A_7_GoTo_8|Start:No Error
164307:D_7_GoTo_8|Done:No Error
164308:S_8_GoTo_9|Start:No Error
164308:D_8_GoTo_9|Start:No Error
164308:A_8_GoTo_9|Start:No Error
164308:D_8_GoTo_9|Done:No Error
164309:S_18_GoTo_19|Start:No Error
164309:A_18_GoTo_19|Start:No Error
164309:D_18_GoTo_19|Start:No Error
164309:D_18_GoTo_19|Done:No Error
164318:A_19_GoTo_20|Start:No Error
164318:S_19_GoTo_20|Start:No Error
164318:D_19_GoTo_20|Start:No Error
164318:D_19_GoTo_20|Done:No Error
164318:D_13_GoTo_16|Start:No Error
164318:S_13_GoTo_16|Start:No Error
164318:A_13_GoTo_16|Start:No Error
164318:A_13_GoTo_16|Done:No Error
164318:B_13_GoTo_16|Start:No Error
164318:D_13_GoTo_16|Done:No Error
164319:B_13_GoTo_16|Done:No Error
164319:C_13_GoTo_16|Start:No Error
164320:C_13_GoTo_16|Done:No Error
164320:S_13_GoTo_16|Finish:No Error
164321:S_9_GoTo_10|Start:No Error
164321:A_9_GoTo_10|Start:No Error
164321:D_9_GoTo_10|Start:No Error
164321:A_9_GoTo_10|Done:No Error
164321:B_9_GoTo_10|Start:No Error
164321:D_9_GoTo_10|Done:No Error
164322:B_9_GoTo_10|Done:No Error
164322:C_9_GoTo_10|Start:No Error
164322:A_8_GoTo_9|Done:No Error
164322:B_8_GoTo_9|Start:No Error
164322:C_9_GoTo_10|Done:No Error
164322:S_9_GoTo_10|Finish:No Error
164322:D_5_GoTo_6|Start:No Error
164322:S_5_GoTo_6|Start:No Error
164322:A_5_GoTo_6|Start:No Error
164322:D_5_GoTo_6|Done:No Error
164323:B_8_GoTo_9|Done:No Error
164323:C_8_GoTo_9|Start:No Error
164323:A_7_GoTo_8|Done:No Error
164323:B_7_GoTo_8|Start:No Error
164323:C_8_GoTo_9|Done:No Error
164323:S_8_GoTo_9|Finish:No Error
164324:B_7_GoTo_8|Done:No Error
164324:C_7_GoTo_8|Start:No Error
164324:A_6_GoTo_7|Done:No Error
164324:B_6_GoTo_7|Start:No Error
164324:C_7_GoTo_8|Done:No Error
164324:S_7_GoTo_8|Finish:No Error
164325:B_6_GoTo_7|Done:No Error
164325:C_6_GoTo_7|Start:No Error
164325:A_5_GoTo_6|Done:No Error
164325:C_6_GoTo_7|Done:No Error
164325:B_5_GoTo_6|Start:No Error
164325:S_6_GoTo_7|Finish:No Error
164326:D_10_GoTo_11|Start:No Error
164326:A_10_GoTo_11|Start:No Error
164326:S_10_GoTo_11|Start:No Error
164326:D_10_GoTo_11|Done:No Error
164326:A_10_GoTo_11|Done:No Error
164326:B_10_GoTo_11|Start:No Error
164326:B_10_GoTo_11|Done:No Error
164326:C_10_GoTo_11|Start:No Error
164326:B_5_GoTo_6|Done:No Error
164326:C_5_GoTo_6|Start:No Error
164327:C_5_GoTo_6|Done:No Error
164327:S_5_GoTo_6|Finish:No Error
164327:C_10_GoTo_11|Done:No Error
164327:S_10_GoTo_11|Finish:No Error
164350:A_18_GoTo_19|Done:No Error
164350:A_19_GoTo_20|Done:No Error
164350:B_18_GoTo_19|Start:No Error
164350:B_19_GoTo_20|Start:No Error
164351:B_19_GoTo_20|Done:No Error
164351:C_19_GoTo_20|Start:No Error
164351:B_18_GoTo_19|Done:No Error
164351:C_18_GoTo_19|Start:No Error
164356:C_18_GoTo_19|Done:No Error
164356:S_18_GoTo_19|Finish:No Error
164356:C_19_GoTo_20|Done:No Error
164356:S_19_GoTo_20|Finish:No Error
164357:S_20_GoTo_22|Start:No Error
164357:A_20_GoTo_22|Start:No Error
164357:D_20_GoTo_22|Start:No Error
164357:D_20_GoTo_22|Done:No Error
164357:A_20_GoTo_22|Done:No Error
164357:B_20_GoTo_22|Start:No Error
164357:B_20_GoTo_22|Done:No Error
164357:C_20_GoTo_22|Start:No Error
164358:C_20_GoTo_22|Done:No Error
164358:S_20_GoTo_22|Finish:No Error
164403:D_6_GoTo_7|Start:No Error
164403:S_6_GoTo_7|Start:No Error
164403:A_6_GoTo_7|Start:No Error
164403:D_6_GoTo_7|Done:No Error
164409:D_12_GoTo_13|Start:No Error
164409:A_12_GoTo_13|Start:No Error
164409:S_12_GoTo_13|Start:No Error
164409:A_12_GoTo_13|Done:No Error
164409:B_12_GoTo_13|Start:No Error
164409:D_12_GoTo_13|Done:No Error
164409:B_12_GoTo_13|Done:No Error
164409:C_12_GoTo_13|Start:No Error
164410:C_12_GoTo_13|Done:No Error
164410:S_12_GoTo_13|Finish:No Error
164415:D_11_GoTo_12|Start:No Error
164415:A_11_GoTo_12|Start:No Error
164415:S_11_GoTo_12|Start:No Error
164415:A_11_GoTo_12|Done:No Error
164415:B_11_GoTo_12|Start:No Error
164418:B_11_GoTo_12|Done:No Error
164418:C_11_GoTo_12|Start:No Error
164418:D_11_GoTo_12|Done:No Error
164421:C_11_GoTo_12|Done:No Error
164421:S_11_GoTo_12|Finish:No Error
164423:S_22_GoTo_21|Start:No Error
164423:D_22_GoTo_21|Start:No Error
164423:A_22_GoTo_21|Start:No Error
164423:D_22_GoTo_21|Done:No Error
164423:A_22_GoTo_21|Done:No Error
164423:B_22_GoTo_21|Start:No Error
164425:B_22_GoTo_21|Done:No Error
164425:C_22_GoTo_21|Start:No Error
164426:C_22_GoTo_21|Done:No Error
164426:S_22_GoTo_21|Finish:No Error
164430:D_7_GoTo_8|Start:No Error
164430:S_7_GoTo_8|Start:No Error
164430:A_7_GoTo_8|Start:No Error
164430:D_7_GoTo_8|Done:No Error
164430:D_8_GoTo_9|Start:No Error
164430:A_8_GoTo_9|Start:No Error
164430:S_8_GoTo_9|Start:No Error
164430:D_8_GoTo_9|Done:No Error
164433:S_3_GoTo_5|Start:No Error
164433:A_3_GoTo_5|Start:No Error
164433:D_3_GoTo_5|Start:No Error
164433:A_3_GoTo_5|Done:No Error
164433:B_3_GoTo_5|Start:No Error
164436:D_3_GoTo_5|Done:No Error
164438:B_3_GoTo_5|Done:No Error
164438:C_3_GoTo_5|Start:No Error
164438:C_3_GoTo_5|Done:No Error
164438:S_3_GoTo_5|Finish:No Error
164447:A_19_GoTo_20|Start:No Error
164447:S_19_GoTo_20|Start:No Error
164447:D_19_GoTo_20|Start:No Error
164447:D_19_GoTo_20|Done:No Error
164501:S_9_GoTo_10|Start:No Error
164501:A_9_GoTo_10|Start:No Error
164501:D_9_GoTo_10|Start:No Error
164501:A_9_GoTo_10|Done:No Error
164501:D_9_GoTo_10|Done:No Error
164501:B_9_GoTo_10|Start:No Error
164502:B_9_GoTo_10|Done:No Error
164502:C_9_GoTo_10|Start:No Error
164502:A_8_GoTo_9|Done:No Error
164502:B_8_GoTo_9|Start:No Error
164502:C_9_GoTo_10|Done:No Error
164502:S_9_GoTo_10|Finish:No Error
164507:B_8_GoTo_9|Done:No Error
164507:C_8_GoTo_9|Start:No Error
164507:A_7_GoTo_8|Done:No Error
164507:C_8_GoTo_9|Done:No Error
164507:B_7_GoTo_8|Start:No Error
164507:S_8_GoTo_9|Finish:No Error
164508:B_7_GoTo_8|Done:No Error
164508:C_7_GoTo_8|Start:No Error
164509:A_6_GoTo_7|Done:No Error
164509:C_7_GoTo_8|Done:No Error
164509:B_6_GoTo_7|Start:No Error
164509:S_7_GoTo_8|Finish:No Error
164509:S_10_GoTo_11|Start:No Error
164509:D_10_GoTo_11|Start:No Error
164509:A_10_GoTo_11|Start:No Error
164509:D_10_GoTo_11|Done:No Error
164509:A_10_GoTo_11|Done:No Error
164509:B_10_GoTo_11|Start:No Error
164510:B_10_GoTo_11|Done:No Error
164510:C_10_GoTo_11|Start:No Error
164510:B_6_GoTo_7|Done:No Error
164510:C_6_GoTo_7|Start:No Error
164510:C_6_GoTo_7|Done:No Error
164510:S_6_GoTo_7|Finish:No Error
164510:C_10_GoTo_11|Done:No Error
164510:S_10_GoTo_11|Finish:No Error
164511:D_16_GoTo_17|Start:No Error
164511:A_16_GoTo_17|Start:No Error
164511:S_16_GoTo_17|Start:No Error
164512:A_16_GoTo_17|Done:No Error
164512:D_16_GoTo_17|Done:No Error
164512:B_16_GoTo_17|Start:No Error
164512:B_16_GoTo_17|Done:No Error
164512:C_16_GoTo_17|Start:No Error
164512:C_16_GoTo_17|Done:No Error
164512:S_16_GoTo_17|Finish:No Error
164519:S_12_GoTo_13|Start:No Error
164519:A_12_GoTo_13|Start:No Error
164519:D_12_GoTo_13|Start:No Error
164519:D_12_GoTo_13|Done:No Error
164526:S_13_GoTo_16|Start:No Error
164526:A_13_GoTo_16|Start:No Error
164526:D_13_GoTo_16|Start:No Error
164526:A_13_GoTo_16|Done:No Error
164526:B_13_GoTo_16|Start:No Error
164526:D_13_GoTo_16|Done:No Error
164526:B_13_GoTo_16|Done:No Error
164526:C_13_GoTo_16|Start:No Error
164527:A_12_GoTo_13|Done:No Error
164527:B_12_GoTo_13|Start:No Error
164527:C_13_GoTo_16|Done:No Error
164527:S_13_GoTo_16|Finish:No Error
164537:B_12_GoTo_13|Done:No Error
164537:C_12_GoTo_13|Start:No Error
164538:C_12_GoTo_13|Done:No Error
164538:S_12_GoTo_13|Finish:No Error
164539:S_5_GoTo_6|Start:No Error
164539:A_5_GoTo_6|Start:No Error
164539:D_5_GoTo_6|Start:No Error
164539:A_5_GoTo_6|Done:No Error
164539:B_5_GoTo_6|Start:No Error
164539:D_5_GoTo_6|Done:No Error
164539:B_5_GoTo_6|Done:No Error
164539:C_5_GoTo_6|Start:No Error
164539:A_21_GoTo_FINISH|Start:No Error
164539:S_21_GoTo_FINISH|Start:No Error
164539:D_21_GoTo_FINISH|Start:No Error
164539:A_21_GoTo_FINISH|Done:No Error
164539:B_21_GoTo_FINISH|Start:No Error
164539:B_FINISH_NA_NA:No Error
164539:B_21_GoTo_FINISH|Done:No Error
164539:C_21_GoTo_FINISH|Start:No Error
164539:D_21_GoTo_FINISH|Done:No Error
164540:C_5_GoTo_6|Done:No Error
164540:S_5_GoTo_6|Finish:No Error
164540:C_21_GoTo_FINISH|Done:No Error
164540:S_21_GoTo_FINISH|Finish:No Error
164540:D_11_GoTo_12|Start:No Error
164540:S_11_GoTo_12|Start:No Error
164540:A_11_GoTo_12|Start:No Error
164540:A_11_GoTo_12|Done:No Error
164540:B_11_GoTo_12|Start:No Error
164541:B_11_GoTo_12|Done:No Error
164541:C_11_GoTo_12|Start:No Error
164541:D_11_GoTo_12|Done:No Error
164541:C_11_GoTo_12|Done:No Error
164541:S_11_GoTo_12|Finish:No Error
164544:D_17_GoTo_18|Start:No Error
164544:A_17_GoTo_18|Start:No Error
164544:S_17_GoTo_18|Start:No Error
164544:A_17_GoTo_18|Done:No Error
164544:B_17_GoTo_18|Start:No Error
164545:D_17_GoTo_18|Done:No Error
164545:B_17_GoTo_18|Done:No Error
164545:C_17_GoTo_18|Start:No Error
164546:C_17_GoTo_18|Done:No Error
164546:S_17_GoTo_18|Finish:No Error
164549:S_8_GoTo_9|Start:No Error
164549:A_8_GoTo_9|Start:No Error
164549:D_8_GoTo_9|Start:No Error
164549:D_8_GoTo_9|Done:No Error
164549:D_6_GoTo_7|Start:No Error
164549:A_6_GoTo_7|Start:No Error
164549:S_6_GoTo_7|Start:No Error
164549:D_6_GoTo_7|Done:No Error
164554:A_20_GoTo_22|Start:No Error
164554:D_20_GoTo_22|Start:No Error
164554:S_20_GoTo_22|Start:No Error
164554:D_20_GoTo_22|Done:No Error
164554:A_20_GoTo_22|Done:No Error
164554:B_20_GoTo_22|Start:No Error
164555:B_20_GoTo_22|Done:No Error
164555:C_20_GoTo_22|Start:No Error
164556:A_19_GoTo_20|Done:No Error
164556:B_19_GoTo_20|Start:No Error
164556:C_20_GoTo_22|Done:No Error
164556:S_20_GoTo_22|Finish:No Error
164557:B_19_GoTo_20|Done:No Error
164557:C_19_GoTo_20|Start:No Error
164557:C_19_GoTo_20|Done:No Error
164557:S_19_GoTo_20|Finish:No Error
164559:S_7_GoTo_8|Start:No Error
164559:D_7_GoTo_8|Start:No Error
164559:A_7_GoTo_8|Start:No Error
164559:D_7_GoTo_8|Done:No Error
164602:D_22_GoTo_21|Start:No Error
164602:S_22_GoTo_21|Start:No Error
164602:A_22_GoTo_21|Start:No Error
164602:D_22_GoTo_21|Done:No Error
164603:A_22_GoTo_21|Done:No Error
164603:B_22_GoTo_21|Start:No Error
164603:B_22_GoTo_21|Done:No Error
164603:C_22_GoTo_21|Start:No Error
164603:C_22_GoTo_21|Done:No Error
164603:S_22_GoTo_21|Finish:No Error
164611:S_13_GoTo_16|Start:No Error
164611:D_13_GoTo_16|Start:No Error
164611:A_13_GoTo_16|Start:No Error
164611:D_13_GoTo_16|Done:No Error
164615:A_18_GoTo_19|Start:No Error
164615:D_18_GoTo_19|Start:No Error
164615:S_18_GoTo_19|Start:No Error
164615:A_18_GoTo_19|Done:No Error
164615:D_18_GoTo_19|Done:No Error
164615:B_18_GoTo_19|Start:No Error
164616:B_18_GoTo_19|Done:No Error
164616:C_18_GoTo_19|Start:No Error
164616:C_18_GoTo_19|Done:No Error
164616:S_18_GoTo_19|Finish:No Error
164624:A_9_GoTo_10|Start:No Error
164624:S_9_GoTo_10|Start:No Error
164624:D_9_GoTo_10|Start:No Error
164624:A_9_GoTo_10|Done:No Error
164624:B_9_GoTo_10|Start:No Error
164624:D_9_GoTo_10|Done:No Error
164624:B_9_GoTo_10|Done:No Error
164624:C_9_GoTo_10|Start:No Error
164624:C_9_GoTo_10|Done:No Error
164624:S_9_GoTo_10|Finish:No Error
164624:A_8_GoTo_9|Done:No Error
164624:B_8_GoTo_9|Start:No Error
164625:B_8_GoTo_9|Done:No Error
164625:C_8_GoTo_9|Start:No Error
164626:C_8_GoTo_9|Done:No Error
164626:S_8_GoTo_9|Finish:No Error
164626:A_7_GoTo_8|Done:No Error
164626:B_7_GoTo_8|Start:No Error
164628:B_7_GoTo_8|Done:No Error
164628:C_7_GoTo_8|Start:No Error
164628:A_6_GoTo_7|Done:No Error
164628:B_6_GoTo_7|Start:No Error
164628:C_7_GoTo_8|Done:No Error
164628:S_7_GoTo_8|Finish:No Error
164629:B_6_GoTo_7|Done:No Error
164629:C_6_GoTo_7|Start:No Error
164629:A_3_GoTo_5|Start:No Error
164629:D_3_GoTo_5|Start:No Error
164629:S_3_GoTo_5|Start:No Error
164629:A_3_GoTo_5|Done:No Error
164629:B_3_GoTo_5|Start:No Error
164632:S_10_GoTo_11|Start:No Error
164632:D_10_GoTo_11|Start:No Error
164632:A_10_GoTo_11|Start:No Error
164632:D_10_GoTo_11|Done:No Error
164633:A_10_GoTo_11|Done:No Error
164633:B_10_GoTo_11|Start:No Error
164638:D_3_GoTo_5|Done:No Error
164641:B_3_GoTo_5|Done:No Error
164641:C_3_GoTo_5|Start:No Error
164644:B_10_GoTo_11|Done:No Error
164644:C_10_GoTo_11|Start:No Error
164647:C_6_GoTo_7|Done:No Error
164647:S_6_GoTo_7|Finish:No Error
164647:C_10_GoTo_11|Done:No Error
164647:S_10_GoTo_11|Finish:No Error
164657:A_12_GoTo_13|Start:No Error
164657:S_12_GoTo_13|Start:No Error
164657:D_12_GoTo_13|Start:No Error
164657:D_12_GoTo_13|Done:No Error
164658:C_3_GoTo_5|Done:No Error
164658:S_3_GoTo_5|Finish:No Error
164659:D_16_GoTo_17|Start:No Error
164659:A_16_GoTo_17|Start:No Error
164659:S_16_GoTo_17|Start:No Error
164659:A_16_GoTo_17|Done:No Error
164659:B_16_GoTo_17|Start:No Error
164659:D_16_GoTo_17|Done:No Error
164659:B_16_GoTo_17|Done:No Error
164659:C_16_GoTo_17|Start:No Error
164700:A_13_GoTo_16|Done:No Error
164700:B_13_GoTo_16|Start:No Error
164700:C_16_GoTo_17|Done:No Error
164700:S_16_GoTo_17|Finish:No Error
164700:S_11_GoTo_12|Start:No Error
164700:A_11_GoTo_12|Start:No Error
164700:D_11_GoTo_12|Start:No Error
164701:D_11_GoTo_12|Done:No Error
164702:B_13_GoTo_16|Done:No Error
164702:C_13_GoTo_16|Start:No Error
164702:A_12_GoTo_13|Done:No Error
164702:B_12_GoTo_13|Start:No Error
164702:C_13_GoTo_16|Done:No Error
164702:S_13_GoTo_16|Finish:No Error
164703:B_12_GoTo_13|Done:No Error
164703:C_12_GoTo_13|Start:No Error
164704:A_11_GoTo_12|Done:No Error
164704:B_11_GoTo_12|Start:No Error
164704:C_12_GoTo_13|Done:No Error
164704:S_12_GoTo_13|Finish:No Error
164704:B_11_GoTo_12|Done:No Error
164704:C_11_GoTo_12|Start:No Error
164705:C_11_GoTo_12|Done:No Error
164705:S_11_GoTo_12|Finish:No Error
164715:A_19_GoTo_20|Start:No Error
164715:D_19_GoTo_20|Start:No Error
164715:S_19_GoTo_20|Start:No Error
164715:D_19_GoTo_20|Done:No Error
164729:A_17_GoTo_18|Start:No Error
164729:S_17_GoTo_18|Start:No Error
164729:D_17_GoTo_18|Start:No Error
164729:A_17_GoTo_18|Done:No Error
164729:B_17_GoTo_18|Start:No Error
164730:B_17_GoTo_18|Done:No Error
164730:C_17_GoTo_18|Start:No Error
164730:D_17_GoTo_18|Done:No Error
164731:C_17_GoTo_18|Done:No Error
164731:S_17_GoTo_18|Finish:No Error
164735:D_20_GoTo_22|Start:No Error
164735:S_20_GoTo_22|Start:No Error
164735:A_20_GoTo_22|Start:No Error
164735:D_20_GoTo_22|Done:No Error
164735:A_8_GoTo_9|Start:No Error
164735:D_8_GoTo_9|Start:No Error
164735:S_8_GoTo_9|Start:No Error
164735:A_20_GoTo_22|Done:No Error
164735:B_20_GoTo_22|Start:No Error
164735:D_8_GoTo_9|Done:No Error
164735:B_20_GoTo_22|Done:No Error
164735:C_20_GoTo_22|Start:No Error
164736:A_19_GoTo_20|Done:No Error
164736:B_19_GoTo_20|Start:No Error
164736:C_20_GoTo_22|Done:No Error
164736:S_20_GoTo_22|Finish:No Error
164737:B_19_GoTo_20|Done:No Error
164737:C_19_GoTo_20|Start:No Error
164738:C_19_GoTo_20|Done:No Error
164738:S_19_GoTo_20|Finish:No Error
164739:D_5_GoTo_6|Start:No Error
164739:A_5_GoTo_6|Start:No Error
164739:S_5_GoTo_6|Start:No Error
164739:A_5_GoTo_6|Done:No Error
164739:B_5_GoTo_6|Start:No Error
164739:D_5_GoTo_6|Done:No Error
164739:B_5_GoTo_6|Done:No Error
164739:C_5_GoTo_6|Start:No Error
164740:S_22_GoTo_21|Start:No Error
164740:D_22_GoTo_21|Start:No Error
164740:A_22_GoTo_21|Start:No Error
164740:D_22_GoTo_21|Done:No Error
164740:C_5_GoTo_6|Done:No Error
164740:S_5_GoTo_6|Finish:No Error
164741:S_7_GoTo_8|Start:No Error
164741:D_7_GoTo_8|Start:No Error
164741:A_7_GoTo_8|Start:No Error
164741:D_7_GoTo_8|Done:No Error
164742:D_16_GoTo_17|Start:No Error
164742:A_16_GoTo_17|Start:No Error
164742:S_16_GoTo_17|Start:No Error
164742:A_16_GoTo_17|Done:No Error
164742:B_16_GoTo_17|Start:No Error
164742:D_16_GoTo_17|Done:No Error
164742:B_16_GoTo_17|Done:No Error
164742:C_16_GoTo_17|Start:No Error
164742:C_16_GoTo_17|Done:No Error
164742:S_16_GoTo_17|Finish:No Error
164746:S_9_GoTo_10|Start:No Error
164746:D_9_GoTo_10|Start:No Error
164746:A_9_GoTo_10|Start:No Error
164746:A_9_GoTo_10|Done:No Error
164746:B_9_GoTo_10|Start:No Error
164746:D_9_GoTo_10|Done:No Error
164746:B_9_GoTo_10|Done:No Error
164746:C_9_GoTo_10|Start:No Error
164747:A_8_GoTo_9|Done:No Error
164747:C_9_GoTo_10|Done:No Error
164747:B_8_GoTo_9|Start:No Error
164747:S_9_GoTo_10|Finish:No Error
164747:B_8_GoTo_9|Done:No Error
164747:C_8_GoTo_9|Start:No Error
164747:D_6_GoTo_7|Start:No Error
164747:S_6_GoTo_7|Start:No Error
164747:A_6_GoTo_7|Start:No Error
164747:D_6_GoTo_7|Done:No Error
164748:C_8_GoTo_9|Done:No Error
164748:S_8_GoTo_9|Finish:No Error
164748:A_7_GoTo_8|Done:No Error
164748:B_7_GoTo_8|Start:No Error
164748:B_7_GoTo_8|Done:No Error
164748:C_7_GoTo_8|Start:No Error
164749:A_6_GoTo_7|Done:No Error
164749:B_6_GoTo_7|Start:No Error
164749:C_7_GoTo_8|Done:No Error
164749:S_7_GoTo_8|Finish:No Error
164749:B_6_GoTo_7|Done:No Error
164749:C_6_GoTo_7|Start:No Error
164750:C_6_GoTo_7|Done:No Error
164750:S_6_GoTo_7|Finish:No Error
164750:S_10_GoTo_11|Start:No Error
164750:D_10_GoTo_11|Start:No Error
164750:A_10_GoTo_11|Start:No Error
164750:D_10_GoTo_11|Done:No Error
164750:A_10_GoTo_11|Done:No Error
164750:B_10_GoTo_11|Start:No Error
164750:A_21_GoTo_FINISH|Start:No Error
164750:D_21_GoTo_FINISH|Start:No Error
164750:S_21_GoTo_FINISH|Start:No Error
164750:A_21_GoTo_FINISH|Done:No Error
164750:B_21_GoTo_FINISH|Start:No Error
164750:B_FINISH_NA_NA:No Error
164750:B_21_GoTo_FINISH|Done:No Error
164750:C_21_GoTo_FINISH|Start:No Error
164750:D_21_GoTo_FINISH|Done:No Error
164751:C_21_GoTo_FINISH|Done:No Error
164751:S_21_GoTo_FINISH|Finish:No Error
164751:A_22_GoTo_21|Done:No Error
164751:B_22_GoTo_21|Start:No Error
164751:D_13_GoTo_16|Start:No Error
164751:S_13_GoTo_16|Start:No Error
164751:A_13_GoTo_16|Start:No Error
164751:A_13_GoTo_16|Done:No Error
164751:B_13_GoTo_16|Start:No Error
164751:D_13_GoTo_16|Done:No Error
164752:B_13_GoTo_16|Done:No Error
164752:C_13_GoTo_16|Start:No Error
164752:B_22_GoTo_21|Done:No Error
164752:C_22_GoTo_21|Start:No Error
164755:C_13_GoTo_16|Done:No Error
164755:S_13_GoTo_16|Finish:No Error
164758:C_22_GoTo_21|Done:No Error
164758:S_22_GoTo_21|Finish:No Error
164806:B_10_GoTo_11|Done:No Error
164806:C_10_GoTo_11|Start:No Error
164806:C_10_GoTo_11|Done:No Error
164806:S_10_GoTo_11|Finish:No Error
164810:D_18_GoTo_19|Start:No Error
164810:A_18_GoTo_19|Start:No Error
164810:S_18_GoTo_19|Start:No Error
164810:A_18_GoTo_19|Done:No Error
164810:B_18_GoTo_19|Start:No Error
164810:D_18_GoTo_19|Done:No Error
164811:B_18_GoTo_19|Done:No Error
164811:C_18_GoTo_19|Start:No Error
164811:C_18_GoTo_19|Done:No Error
164811:S_18_GoTo_19|Finish:No Error
164813:A_11_GoTo_12|Start:No Error
164813:D_11_GoTo_12|Start:No Error
164813:S_11_GoTo_12|Start:No Error
164814:D_11_GoTo_12|Done:No Error
164814:S_17_GoTo_18|Start:No Error
164814:D_17_GoTo_18|Start:No Error
164814:A_17_GoTo_18|Start:No Error
164814:A_17_GoTo_18|Done:No Error
164814:B_17_GoTo_18|Start:No Error
164814:B_17_GoTo_18|Done:No Error
164814:D_17_GoTo_18|Done:No Error
164814:C_17_GoTo_18|Start:No Error
164815:C_17_GoTo_18|Done:No Error
164815:S_17_GoTo_18|Finish:No Error
164820:D_12_GoTo_13|Start:No Error
164820:A_12_GoTo_13|Start:No Error
164820:S_12_GoTo_13|Start:No Error
164821:A_12_GoTo_13|Done:No Error
164821:B_12_GoTo_13|Start:No Error
164821:D_12_GoTo_13|Done:No Error
164821:B_12_GoTo_13|Done:No Error
164821:C_12_GoTo_13|Start:No Error
164821:A_11_GoTo_12|Done:No Error
164821:B_11_GoTo_12|Start:No Error
164821:C_12_GoTo_13|Done:No Error
164821:S_12_GoTo_13|Finish:No Error
164822:B_11_GoTo_12|Done:No Error
164822:C_11_GoTo_12|Start:No Error
164822:C_11_GoTo_12|Done:No Error
164822:S_11_GoTo_12|Finish:No Error
164825:S_18_GoTo_19|Start:No Error
164825:A_18_GoTo_19|Start:No Error
164825:D_18_GoTo_19|Start:No Error
164825:D_18_GoTo_19|Done:No Error
164836:A_3_GoTo_5|Start:No Error
164836:S_3_GoTo_5|Start:No Error
164836:D_3_GoTo_5|Start:No Error
164836:A_3_GoTo_5|Done:No Error
164836:B_3_GoTo_5|Start:No Error
164837:B_3_GoTo_5|Done:No Error
164837:C_3_GoTo_5|Start:No Error
164838:D_3_GoTo_5|Done:No Error
164838:C_3_GoTo_5|Done:No Error
164838:S_3_GoTo_5|Finish:No Error
164857:A_13_GoTo_16|Start:No Error
164857:D_13_GoTo_16|Start:No Error
164857:S_13_GoTo_16|Start:No Error
164857:D_13_GoTo_16|Done:No Error
164857:S_16_GoTo_17|Start:No Error
164857:A_16_GoTo_17|Start:No Error
164857:D_16_GoTo_17|Start:No Error
164857:A_16_GoTo_17|Done:No Error
164857:B_16_GoTo_17|Start:No Error
164857:D_16_GoTo_17|Done:No Error
164858:B_16_GoTo_17|Done:No Error
164858:C_16_GoTo_17|Start:No Error
164858:A_13_GoTo_16|Done:No Error
164858:B_13_GoTo_16|Start:No Error
164858:C_16_GoTo_17|Done:No Error
164858:S_16_GoTo_17|Finish:No Error
164858:B_13_GoTo_16|Done:No Error
164858:C_13_GoTo_16|Start:No Error
164859:C_13_GoTo_16|Done:No Error
164859:S_13_GoTo_16|Finish:No Error
164901:D_9_GoTo_10|Start:No Error
164901:S_9_GoTo_10|Start:No Error
164901:A_9_GoTo_10|Start:No Error
164901:A_9_GoTo_10|Done:No Error
164901:B_9_GoTo_10|Start:No Error
164901:D_9_GoTo_10|Done:No Error
164901:B_9_GoTo_10|Done:No Error
164901:C_9_GoTo_10|Start:No Error
164902:C_9_GoTo_10|Done:No Error
164902:S_9_GoTo_10|Finish:No Error
164902:S_8_GoTo_9|Start:No Error
164902:A_8_GoTo_9|Start:No Error
164902:D_8_GoTo_9|Start:No Error
164902:D_8_GoTo_9|Done:No Error
164902:A_8_GoTo_9|Done:No Error
164902:B_8_GoTo_9|Start:No Error
164902:B_8_GoTo_9|Done:No Error
164902:C_8_GoTo_9|Start:No Error
164903:C_8_GoTo_9|Done:No Error
164903:S_8_GoTo_9|Finish:No Error
164905:S_10_GoTo_11|Start:No Error
164905:A_10_GoTo_11|Start:No Error
164905:D_10_GoTo_11|Start:No Error
164905:D_10_GoTo_11|Done:No Error
164905:A_10_GoTo_11|Done:No Error
164905:B_10_GoTo_11|Start:No Error
164906:B_10_GoTo_11|Done:No Error
164906:C_10_GoTo_11|Start:No Error
164906:C_10_GoTo_11|Done:No Error
164906:S_10_GoTo_11|Finish:No Error
164910:S_20_GoTo_22|Start:No Error
164910:A_20_GoTo_22|Start:No Error
164910:D_20_GoTo_22|Start:No Error
164910:D_20_GoTo_22|Done:No Error
164910:A_20_GoTo_22|Done:No Error
164910:B_20_GoTo_22|Start:No Error
164910:B_20_GoTo_22|Done:No Error
164910:C_20_GoTo_22|Start:No Error
164911:C_20_GoTo_22|Done:No Error
164911:S_20_GoTo_22|Finish:No Error
164919:S_12_GoTo_13|Start:No Error
164919:A_12_GoTo_13|Start:No Error
164919:D_12_GoTo_13|Start:No Error
164919:A_12_GoTo_13|Done:No Error
164919:B_12_GoTo_13|Start:No Error
164919:D_12_GoTo_13|Done:No Error
164919:S_11_GoTo_12|Start:No Error
164919:D_11_GoTo_12|Start:No Error
164919:A_11_GoTo_12|Start:No Error
164919:B_12_GoTo_13|Done:No Error
164919:C_12_GoTo_13|Start:No Error
164919:A_11_GoTo_12|Done:No Error
164919:D_11_GoTo_12|Done:No Error
164919:B_11_GoTo_12|Start:No Error
164919:C_12_GoTo_13|Done:No Error
164919:S_12_GoTo_13|Finish:No Error
164920:B_11_GoTo_12|Done:No Error
164920:C_11_GoTo_12|Start:No Error
164920:C_11_GoTo_12|Done:No Error
164920:S_11_GoTo_12|Finish:No Error
164920:D_19_GoTo_20|Start:No Error
164920:S_19_GoTo_20|Start:No Error
164920:A_19_GoTo_20|Start:No Error
164920:A_19_GoTo_20|Done:No Error
164920:B_19_GoTo_20|Start:No Error
164920:D_19_GoTo_20|Done:No Error
164921:B_19_GoTo_20|Done:No Error
164921:C_19_GoTo_20|Start:No Error
164921:A_18_GoTo_19|Done:No Error
164921:B_18_GoTo_19|Start:No Error
164921:C_19_GoTo_20|Done:No Error
164921:S_19_GoTo_20|Finish:No Error
164922:B_18_GoTo_19|Done:No Error
164922:C_18_GoTo_19|Start:No Error
164923:C_18_GoTo_19|Done:No Error
164923:S_18_GoTo_19|Finish:No Error
164930:S_5_GoTo_6|Start:No Error
164930:A_5_GoTo_6|Start:No Error
164930:D_5_GoTo_6|Start:No Error
164930:A_5_GoTo_6|Done:No Error
164930:B_5_GoTo_6|Start:No Error
164930:D_5_GoTo_6|Done:No Error
164930:B_5_GoTo_6|Done:No Error
164930:C_5_GoTo_6|Start:No Error
164931:C_5_GoTo_6|Done:No Error
164931:S_5_GoTo_6|Finish:No Error
164937:D_17_GoTo_18|Start:No Error
164937:S_17_GoTo_18|Start:No Error
164937:A_17_GoTo_18|Start:No Error
164937:A_17_GoTo_18|Done:No Error
164937:B_17_GoTo_18|Start:No Error
164939:D_17_GoTo_18|Done:No Error
164943:S_6_GoTo_7|Start:No Error
164943:D_6_GoTo_7|Start:No Error
164943:A_6_GoTo_7|Start:No Error
164943:D_6_GoTo_7|Done:No Error
164945:B_17_GoTo_18|Done:No Error
164945:C_17_GoTo_18|Start:No Error
164948:C_17_GoTo_18|Done:No Error
164948:S_17_GoTo_18|Finish:No Error
164949:D_21_GoTo_FINISH|Start:No Error
164949:S_21_GoTo_FINISH|Start:No Error
164949:A_21_GoTo_FINISH|Start:No Error
164949:A_21_GoTo_FINISH|Done:No Error
164949:B_21_GoTo_FINISH|Start:No Error
164949:B_FINISH_NA_NA:No Error
164949:B_21_GoTo_FINISH|Done:No Error
164949:C_21_GoTo_FINISH|Start:No Error
164949:D_21_GoTo_FINISH|Done:No Error
164954:C_21_GoTo_FINISH|Done:No Error
164954:S_21_GoTo_FINISH|Finish:No Error
165013:S_18_GoTo_19|Start:No Error
165013:D_18_GoTo_19|Start:No Error
165013:A_18_GoTo_19|Start:No Error
165013:D_18_GoTo_19|Done:No Error
165015:S_22_GoTo_21|Start:No Error
165015:A_22_GoTo_21|Start:No Error
165015:D_22_GoTo_21|Start:No Error
165015:D_22_GoTo_21|Done:No Error
165015:A_22_GoTo_21|Done:No Error
165015:B_22_GoTo_21|Start:No Error
165015:B_22_GoTo_21|Done:No Error
165015:C_22_GoTo_21|Start:No Error
165016:C_22_GoTo_21|Done:No Error
165016:S_22_GoTo_21|Finish:No Error
165020:A_16_GoTo_17|Start:No Error
165020:S_16_GoTo_17|Start:No Error
165020:D_16_GoTo_17|Start:No Error
165020:A_16_GoTo_17|Done:No Error
165020:D_16_GoTo_17|Done:No Error
165020:B_16_GoTo_17|Start:No Error
165020:B_16_GoTo_17|Done:No Error
165020:C_16_GoTo_17|Start:No Error
165020:C_16_GoTo_17|Done:No Error
165020:S_16_GoTo_17|Finish:No Error
165030:S_19_GoTo_20|Start:No Error
165030:A_19_GoTo_20|Start:No Error
165030:D_19_GoTo_20|Start:No Error
165030:D_19_GoTo_20|Done:No Error
165032:S_7_GoTo_8|Start:No Error
165032:A_7_GoTo_8|Start:No Error
165032:D_7_GoTo_8|Start:No Error
165032:A_7_GoTo_8|Done:No Error
165032:B_7_GoTo_8|Start:No Error
165032:D_7_GoTo_8|Done:No Error
165032:B_7_GoTo_8|Done:No Error
165032:C_7_GoTo_8|Start:No Error
165033:C_7_GoTo_8|Done:No Error
165033:S_7_GoTo_8|Finish:No Error
165033:A_6_GoTo_7|Done:No Error
165033:B_6_GoTo_7|Start:No Error
165033:B_6_GoTo_7|Done:No Error
165033:C_6_GoTo_7|Start:No Error
165034:C_6_GoTo_7|Done:No Error
165034:S_6_GoTo_7|Finish:No Error
165035:D_13_GoTo_16|Start:No Error
165035:A_13_GoTo_16|Start:No Error
165035:S_13_GoTo_16|Start:No Error
165035:A_13_GoTo_16|Done:No Error
165035:B_13_GoTo_16|Start:No Error
165035:D_13_GoTo_16|Done:No Error
165035:B_13_GoTo_16|Done:No Error
165035:C_13_GoTo_16|Start:No Error
165035:C_13_GoTo_16|Done:No Error
165035:S_13_GoTo_16|Finish:No Error
165036:S_3_GoTo_5|Start:No Error
165036:D_3_GoTo_5|Start:No Error
165036:A_3_GoTo_5|Start:No Error
165036:A_3_GoTo_5|Done:No Error
165036:B_3_GoTo_5|Start:No Error
165045:B_3_GoTo_5|Done:No Error
165045:C_3_GoTo_5|Start:No Error
165052:C_3_GoTo_5|Done:No Error
165052:D_3_GoTo_5|Done:No Error
165052:S_3_GoTo_5|Finish:No Error
165053:S_20_GoTo_22|Start:No Error
165053:A_20_GoTo_22|Start:No Error
165053:D_20_GoTo_22|Start:No Error
165053:D_20_GoTo_22|Done:No Error
165053:A_20_GoTo_22|Done:No Error
165053:B_20_GoTo_22|Start:No Error
165054:B_20_GoTo_22|Done:No Error
165054:C_20_GoTo_22|Start:No Error
165054:A_17_GoTo_18|Start:No Error
165054:D_17_GoTo_18|Start:No Error
165054:S_17_GoTo_18|Start:No Error
165054:C_20_GoTo_22|Done:No Error
165054:S_20_GoTo_22|Finish:No Error
165054:A_19_GoTo_20|Done:No Error
165054:B_19_GoTo_20|Start:No Error
165054:D_17_GoTo_18|Done:No Error
165055:B_19_GoTo_20|Done:No Error
165055:C_19_GoTo_20|Start:No Error
165055:A_18_GoTo_19|Done:No Error
165055:C_19_GoTo_20|Done:No Error
165055:B_18_GoTo_19|Start:No Error
165055:S_19_GoTo_20|Finish:No Error
165056:B_18_GoTo_19|Done:No Error
165056:C_18_GoTo_19|Start:No Error
165056:C_18_GoTo_19|Done:No Error
165056:S_18_GoTo_19|Finish:No Error
165056:A_17_GoTo_18|Done:No Error
165056:B_17_GoTo_18|Start:No Error
165057:B_17_GoTo_18|Done:No Error
165057:C_17_GoTo_18|Start:No Error
165057:C_17_GoTo_18|Done:No Error
165057:S_17_GoTo_18|Finish:No Error
165058:S_12_GoTo_13|Start:No Error
165058:A_12_GoTo_13|Start:No Error
165058:D_12_GoTo_13|Start:No Error
165058:A_12_GoTo_13|Done:No Error
165058:B_12_GoTo_13|Start:No Error
165058:D_12_GoTo_13|Done:No Error
165058:B_12_GoTo_13|Done:No Error
165058:C_12_GoTo_13|Start:No Error
165059:C_12_GoTo_13|Done:No Error
165059:S_12_GoTo_13|Finish:No Error
165102:S_9_GoTo_10|Start:No Error
165102:D_9_GoTo_10|Start:No Error
165102:A_9_GoTo_10|Start:No Error
165102:A_9_GoTo_10|Done:No Error
165102:B_9_GoTo_10|Start:No Error
165102:D_9_GoTo_10|Done:No Error
165102:B_9_GoTo_10|Done:No Error
165102:C_9_GoTo_10|Start:No Error
165102:C_9_GoTo_10|Done:No Error
165102:S_9_GoTo_10|Finish:No Error
165108:S_10_GoTo_11|Start:No Error
165108:A_10_GoTo_11|Start:No Error
165108:D_10_GoTo_11|Start:No Error
165108:D_10_GoTo_11|Done:No Error
165108:A_10_GoTo_11|Done:No Error
165108:B_10_GoTo_11|Start:No Error
165108:B_10_GoTo_11|Done:No Error
165108:C_10_GoTo_11|Start:No Error
165108:C_10_GoTo_11|Done:No Error
165108:S_10_GoTo_11|Finish:No Error
165133:D_18_GoTo_19|Start:No Error
165133:A_18_GoTo_19|Start:No Error
165133:S_18_GoTo_19|Start:No Error
165133:D_18_GoTo_19|Done:No Error
165140:A_19_GoTo_20|Start:No Error
165140:D_19_GoTo_20|Start:No Error
165140:S_19_GoTo_20|Start:No Error
165140:D_19_GoTo_20|Done:No Error
165142:S_3_GoTo_5|Start:No Error
165142:D_3_GoTo_5|Start:No Error
165142:A_3_GoTo_5|Start:No Error
165143:D_3_GoTo_5|Done:No Error
165145:S_21_GoTo_FINISH|Start:No Error
165145:D_21_GoTo_FINISH|Start:No Error
165145:A_21_GoTo_FINISH|Start:No Error
165145:A_21_GoTo_FINISH|Done:No Error
165145:B_21_GoTo_FINISH|Start:No Error
165145:B_FINISH_NA_NA:No Error
165145:B_21_GoTo_FINISH|Done:No Error
165145:C_21_GoTo_FINISH|Start:No Error
165145:D_21_GoTo_FINISH|Done:No Error
165145:C_21_GoTo_FINISH|Done:No Error
165145:S_21_GoTo_FINISH|Finish:No Error
165149:S_5_GoTo_6|Start:No Error
165149:D_5_GoTo_6|Start:No Error
165149:A_5_GoTo_6|Start:No Error
165149:A_5_GoTo_6|Done:No Error
165149:D_5_GoTo_6|Done:No Error
165149:B_5_GoTo_6|Start:No Error
165150:B_5_GoTo_6|Done:No Error
165150:C_5_GoTo_6|Start:No Error
165150:A_3_GoTo_5|Done:No Error
165150:C_5_GoTo_6|Done:No Error
165150:B_3_GoTo_5|Start:No Error
165150:S_5_GoTo_6|Finish:No Error
165150:S_22_GoTo_21|Start:No Error
165150:D_22_GoTo_21|Start:No Error
165150:A_22_GoTo_21|Start:No Error
165150:D_22_GoTo_21|Done:No Error
165150:A_22_GoTo_21|Done:No Error
165150:B_22_GoTo_21|Start:No Error
165151:B_22_GoTo_21|Done:No Error
165151:C_22_GoTo_21|Start:No Error
165151:B_3_GoTo_5|Done:No Error
165151:C_3_GoTo_5|Start:No Error
165152:C_22_GoTo_21|Done:No Error
165152:S_22_GoTo_21|Finish:No Error
165152:C_3_GoTo_5|Done:No Error
165152:S_3_GoTo_5|Finish:No Error
165201:A_7_GoTo_8|Start:No Error
165201:D_7_GoTo_8|Start:No Error
165201:S_7_GoTo_8|Start:No Error
165201:D_7_GoTo_8|Done:No Error
165206:D_6_GoTo_7|Start:No Error
165206:A_6_GoTo_7|Start:No Error
165206:S_6_GoTo_7|Start:No Error
165206:D_6_GoTo_7|Done:No Error
165207:D_8_GoTo_9|Start:No Error
165207:S_8_GoTo_9|Start:No Error
165207:A_8_GoTo_9|Start:No Error
165208:A_8_GoTo_9|Done:No Error
165208:B_8_GoTo_9|Start:No Error
165208:D_8_GoTo_9|Done:No Error
165208:B_8_GoTo_9|Done:No Error
165208:C_8_GoTo_9|Start:No Error
165208:A_7_GoTo_8|Done:No Error
165208:C_8_GoTo_9|Done:No Error
165208:B_7_GoTo_8|Start:No Error
165208:S_8_GoTo_9|Finish:No Error
165209:B_7_GoTo_8|Done:No Error
165209:C_7_GoTo_8|Start:No Error
165209:A_6_GoTo_7|Done:No Error
165209:C_7_GoTo_8|Done:No Error
165209:B_6_GoTo_7|Start:No Error
165209:S_7_GoTo_8|Finish:No Error
165209:B_6_GoTo_7|Done:No Error
165209:C_6_GoTo_7|Start:No Error
165210:C_6_GoTo_7|Done:No Error
165210:S_6_GoTo_7|Finish:No Error
165218:S_11_GoTo_12|Start:No Error
165218:A_11_GoTo_12|Start:No Error
165218:D_11_GoTo_12|Start:No Error
165218:A_11_GoTo_12|Done:No Error
165218:B_11_GoTo_12|Start:No Error
165219:D_11_GoTo_12|Done:No Error
165219:B_11_GoTo_12|Done:No Error
165219:C_11_GoTo_12|Start:No Error
165219:C_11_GoTo_12|Done:No Error
165219:S_11_GoTo_12|Finish:No Error
165225:A_5_GoTo_6|Start:No Error
165225:S_5_GoTo_6|Start:No Error
165225:D_5_GoTo_6|Start:No Error
165225:D_5_GoTo_6|Done:No Error
165225:A_5_GoTo_6|Done:No Error
165225:B_5_GoTo_6|Start:No Error
165225:B_5_GoTo_6|Done:No Error
165225:C_5_GoTo_6|Start:No Error
165226:C_5_GoTo_6|Done:No Error
165226:S_5_GoTo_6|Finish:No Error
165234:S_3_GoTo_5|Start:No Error
165234:D_3_GoTo_5|Start:No Error
165234:A_3_GoTo_5|Start:No Error
165234:D_6_GoTo_7|Start:No Error
165234:S_6_GoTo_7|Start:No Error
165234:A_6_GoTo_7|Start:No Error
165234:D_6_GoTo_7|Done:No Error
165234:A_3_GoTo_5|Done:No Error
165234:B_3_GoTo_5|Start:No Error
165236:B_3_GoTo_5|Done:No Error
165236:C_3_GoTo_5|Start:No Error
165236:D_3_GoTo_5|Done:No Error
165237:C_3_GoTo_5|Done:No Error
165237:S_3_GoTo_5|Finish:No Error
165245:S_16_GoTo_17|Start:No Error
165245:A_16_GoTo_17|Start:No Error
165245:D_16_GoTo_17|Start:No Error
165245:A_16_GoTo_17|Done:No Error
165245:B_16_GoTo_17|Start:No Error
165245:D_16_GoTo_17|Done:No Error
165245:B_16_GoTo_17|Done:No Error
165245:C_16_GoTo_17|Start:No Error
165245:S_13_GoTo_16|Start:No Error
165245:D_13_GoTo_16|Start:No Error
165245:A_13_GoTo_16|Start:No Error
165245:D_13_GoTo_16|Done:No Error
165246:A_13_GoTo_16|Done:No Error
165246:B_13_GoTo_16|Start:No Error
165246:C_16_GoTo_17|Done:No Error
165246:S_16_GoTo_17|Finish:No Error
165246:B_13_GoTo_16|Done:No Error
165246:C_13_GoTo_16|Start:No Error
165247:C_13_GoTo_16|Done:No Error
165247:S_13_GoTo_16|Finish:No Error
165257:D_20_GoTo_22|Start:No Error
165257:A_20_GoTo_22|Start:No Error
165257:S_20_GoTo_22|Start:No Error
165257:D_20_GoTo_22|Done:No Error
165257:A_20_GoTo_22|Done:No Error
165257:B_20_GoTo_22|Start:No Error
165258:B_20_GoTo_22|Done:No Error
165258:C_20_GoTo_22|Start:No Error
165258:C_20_GoTo_22|Done:No Error
165258:S_20_GoTo_22|Finish:No Error
165258:A_19_GoTo_20|Done:No Error
165258:B_19_GoTo_20|Start:No Error
165258:B_19_GoTo_20|Done:No Error
165258:C_19_GoTo_20|Start:No Error
165259:A_18_GoTo_19|Done:No Error
165259:C_19_GoTo_20|Done:No Error
165259:B_18_GoTo_19|Start:No Error
165259:S_19_GoTo_20|Finish:No Error
165259:B_18_GoTo_19|Done:No Error
165259:C_18_GoTo_19|Start:No Error
165300:C_18_GoTo_19|Done:No Error
165300:S_18_GoTo_19|Finish:No Error
165304:A_21_GoTo_FINISH|Start:No Error
165304:D_21_GoTo_FINISH|Start:No Error
165304:S_21_GoTo_FINISH|Start:No Error
165304:A_21_GoTo_FINISH|Done:No Error
165304:B_21_GoTo_FINISH|Start:No Error
165304:B_FINISH_NA_NA:No Error
165304:B_21_GoTo_FINISH|Done:No Error
165304:C_21_GoTo_FINISH|Start:No Error
165304:D_21_GoTo_FINISH|Done:No Error
165305:C_21_GoTo_FINISH|Done:No Error
165305:S_21_GoTo_FINISH|Finish:No Error
165311:A_22_GoTo_21|Start:No Error
165311:D_22_GoTo_21|Start:No Error
165311:S_22_GoTo_21|Start:No Error
165311:D_22_GoTo_21|Done:No Error
165311:A_22_GoTo_21|Done:No Error
165311:B_22_GoTo_21|Start:No Error
165311:B_22_GoTo_21|Done:No Error
165311:C_22_GoTo_21|Start:No Error
165311:C_22_GoTo_21|Done:No Error
165311:S_22_GoTo_21|Finish:No Error
165328:S_5_GoTo_6|Start:No Error
165328:A_5_GoTo_6|Start:No Error
165328:D_5_GoTo_6|Start:No Error
165328:D_5_GoTo_6|Done:No Error
165336:D_16_GoTo_17|Start:No Error
165336:A_16_GoTo_17|Start:No Error
165336:S_16_GoTo_17|Start:No Error
165336:D_16_GoTo_17|Done:No Error
165337:A_9_GoTo_10|Start:No Error
165337:S_9_GoTo_10|Start:No Error
165337:D_9_GoTo_10|Start:No Error
165337:A_9_GoTo_10|Done:No Error
165337:B_9_GoTo_10|Start:No Error
165337:D_9_GoTo_10|Done:No Error
165338:B_9_GoTo_10|Done:No Error
165338:C_9_GoTo_10|Start:No Error
165338:C_9_GoTo_10|Done:No Error
165338:S_9_GoTo_10|Finish:No Error
165342:S_7_GoTo_8|Start:No Error
165342:A_7_GoTo_8|Start:No Error
165342:D_7_GoTo_8|Start:No Error
165342:D_7_GoTo_8|Done:No Error
165426:S_21_GoTo_FINISH|Start:No Error
165426:D_21_GoTo_FINISH|Start:No Error
165426:A_21_GoTo_FINISH|Start:No Error
165426:A_21_GoTo_FINISH|Done:No Error
165426:B_21_GoTo_FINISH|Start:No Error
165426:B_FINISH_NA_NA:No Error
165426:B_21_GoTo_FINISH|Done:No Error
165426:C_21_GoTo_FINISH|Start:No Error
165426:D_21_GoTo_FINISH|Done:No Error
165427:C_21_GoTo_FINISH|Done:No Error
165427:S_21_GoTo_FINISH|Finish:No Error
165501:S_20_GoTo_22|Start:No Error
165501:D_20_GoTo_22|Start:No Error
165501:A_20_GoTo_22|Start:No Error
165502:D_20_GoTo_22|Done:No Error
165502:A_20_GoTo_22|Done:No Error
165502:B_20_GoTo_22|Start:No Error
165502:B_20_GoTo_22|Done:No Error
165502:C_20_GoTo_22|Start:No Error
165502:C_20_GoTo_22|Done:No Error
165502:S_20_GoTo_22|Finish:No Error
165531:A_22_GoTo_21|Start:No Error
165531:S_22_GoTo_21|Start:No Error
165531:D_22_GoTo_21|Start:No Error
165531:D_22_GoTo_21|Done:No Error
165531:A_22_GoTo_21|Done:No Error
165531:B_22_GoTo_21|Start:No Error
165532:B_22_GoTo_21|Done:No Error
165532:C_22_GoTo_21|Start:No Error
165532:C_22_GoTo_21|Done:No Error
165532:S_22_GoTo_21|Finish:No Error
165602:S_19_GoTo_20|Start:No Error
165602:A_19_GoTo_20|Start:No Error
165602:D_19_GoTo_20|Start:No Error
165602:A_19_GoTo_20|Done:No Error
165602:B_19_GoTo_20|Start:No Error
165602:D_19_GoTo_20|Done:No Error
165602:B_19_GoTo_20|Done:No Error
165602:C_19_GoTo_20|Start:No Error
165603:C_19_GoTo_20|Done:No Error
165603:S_19_GoTo_20|Finish:No Error
165635:S_3_GoTo_5|Start:No Error
165635:D_3_GoTo_5|Start:No Error
165635:A_3_GoTo_5|Start:No Error
165637:D_3_GoTo_5|Done:No Error
165920:S_20_GoTo_22|Start:No Error
165920:A_20_GoTo_22|Start:No Error
165920:D_20_GoTo_22|Start:No Error
165920:D_20_GoTo_22|Done:No Error
165920:A_20_GoTo_22|Done:No Error
165920:B_20_GoTo_22|Start:No Error
165921:B_20_GoTo_22|Done:No Error
165921:C_20_GoTo_22|Start:No Error
165921:C_20_GoTo_22|Done:No Error
165921:S_20_GoTo_22|Finish:No Error
