085442:S_3_GoTo_5|Start:No Error
085442:D_3_GoTo_5|Start:No Error
085442:A_3_GoTo_5|Start:No Error
085442:A_3_GoTo_5|Done:No Error
085442:B_3_GoTo_5|Start:No Error
085443:B_3_GoTo_5|Done:No Error
085443:C_3_GoTo_5|Start:No Error
085443:D_3_GoTo_5|Done:No Error
085443:C_3_GoTo_5|Done:No Error
085443:S_3_GoTo_5|Finish:No Error
085521:S_5_GoTo_6|Start:No Error
085521:D_5_GoTo_6|Start:No Error
085521:A_5_GoTo_6|Start:No Error
085521:A_5_GoTo_6|Done:No Error
085521:B_5_GoTo_6|Start:No Error
085521:D_5_GoTo_6|Done:No Error
085522:B_5_GoTo_6|Done:No Error
085522:C_5_GoTo_6|Start:No Error
085522:C_5_GoTo_6|Done:No Error
085522:S_5_GoTo_6|Finish:No Error
085527:S_6_GoTo_7|Start:No Error
085527:D_6_GoTo_7|Start:No Error
085527:A_6_GoTo_7|Start:No Error
085527:D_6_GoTo_7|Done:No Error
085527:A_6_GoTo_7|Done:No Error
085527:B_6_GoTo_7|Start:No Error
085527:B_6_GoTo_7|Done:No Error
085527:C_6_GoTo_7|Start:No Error
085528:C_6_GoTo_7|Done:No Error
085528:S_6_GoTo_7|Finish:No Error
085604:S_7_GoTo_8|Start:No Error
085604:D_7_GoTo_8|Start:No Error
085604:A_7_GoTo_8|Start:No Error
085604:A_7_GoTo_8|Done:No Error
085604:B_7_GoTo_8|Start:No Error
085604:D_7_GoTo_8|Done:No Error
085604:B_7_GoTo_8|Done:No Error
085604:C_7_GoTo_8|Start:No Error
085605:C_7_GoTo_8|Done:No Error
085605:S_7_GoTo_8|Finish:No Error
085641:S_8_GoTo_9|Start:No Error
085641:D_8_GoTo_9|Start:No Error
085641:A_8_GoTo_9|Start:No Error
085641:A_8_GoTo_9|Done:No Error
085641:D_8_GoTo_9|Done:No Error
085641:B_8_GoTo_9|Start:No Error
085642:B_8_GoTo_9|Done:No Error
085642:C_8_GoTo_9|Start:No Error
085642:C_8_GoTo_9|Done:No Error
085642:S_8_GoTo_9|Finish:No Error
085726:S_9_GoTo_10|Start:No Error
085726:D_9_GoTo_10|Start:No Error
085726:A_9_GoTo_10|Start:No Error
085726:A_9_GoTo_10|Done:No Error
085726:B_9_GoTo_10|Start:No Error
085726:D_9_GoTo_10|Done:No Error
085726:B_9_GoTo_10|Done:No Error
085726:C_9_GoTo_10|Start:No Error
085727:C_9_GoTo_10|Done:No Error
085727:S_9_GoTo_10|Finish:No Error
085730:S_10_GoTo_11|Start:No Error
085730:D_10_GoTo_11|Start:No Error
085730:A_10_GoTo_11|Start:No Error
085730:D_10_GoTo_11|Done:No Error
085730:A_10_GoTo_11|Done:No Error
085730:B_10_GoTo_11|Start:No Error
085730:B_10_GoTo_11|Done:No Error
085730:C_10_GoTo_11|Start:No Error
085731:C_10_GoTo_11|Done:No Error
085731:S_10_GoTo_11|Finish:No Error
085743:S_11_GoTo_12|Start:No Error
085743:D_11_GoTo_12|Start:No Error
085743:A_11_GoTo_12|Start:No Error
085743:A_11_GoTo_12|Done:No Error
085743:B_11_GoTo_12|Start:No Error
085743:D_11_GoTo_12|Done:No Error
085743:B_11_GoTo_12|Done:No Error
085743:C_11_GoTo_12|Start:No Error
085744:C_11_GoTo_12|Done:No Error
085744:S_11_GoTo_12|Finish:No Error
085825:S_12_GoTo_13|Start:No Error
085825:D_12_GoTo_13|Start:No Error
085825:A_12_GoTo_13|Start:No Error
085825:A_12_GoTo_13|Done:No Error
085825:B_12_GoTo_13|Start:No Error
085825:D_12_GoTo_13|Done:No Error
085825:B_12_GoTo_13|Done:No Error
085825:C_12_GoTo_13|Start:No Error
085826:C_12_GoTo_13|Done:No Error
085826:S_12_GoTo_13|Finish:No Error
085849:D_13_GoTo_16|Start:No Error
085849:S_13_GoTo_16|Start:No Error
085849:A_13_GoTo_16|Start:No Error
085849:A_13_GoTo_16|Done:No Error
085849:B_13_GoTo_16|Start:No Error
085849:D_13_GoTo_16|Done:No Error
085849:B_13_GoTo_16|Done:No Error
085849:C_13_GoTo_16|Start:No Error
085850:C_13_GoTo_16|Done:No Error
085850:S_13_GoTo_16|Finish:No Error
085943:S_16_GoTo_17|Start:No Error
085943:D_16_GoTo_17|Start:No Error
085943:A_16_GoTo_17|Start:No Error
085943:A_16_GoTo_17|Done:No Error
085943:B_16_GoTo_17|Start:No Error
085943:D_16_GoTo_17|Done:No Error
085943:B_16_GoTo_17|Done:No Error
085943:C_16_GoTo_17|Start:No Error
085944:C_16_GoTo_17|Done:No Error
085944:S_16_GoTo_17|Finish:No Error
090438:S_17_GoTo_18|Start:No Error
090438:D_17_GoTo_18|Start:No Error
090438:A_17_GoTo_18|Start:No Error
090439:A_17_GoTo_18|Done:No Error
090439:B_17_GoTo_18|Start:No Error
090439:D_17_GoTo_18|Done:No Error
090439:B_17_GoTo_18|Done:No Error
090439:C_17_GoTo_18|Start:No Error
090439:C_17_GoTo_18|Done:No Error
090439:S_17_GoTo_18|Finish:No Error
090511:S_18_GoTo_19|Start:No Error
090511:D_18_GoTo_19|Start:No Error
090511:A_18_GoTo_19|Start:No Error
090511:A_18_GoTo_19|Done:No Error
090511:B_18_GoTo_19|Start:No Error
090511:D_18_GoTo_19|Done:No Error
090511:B_18_GoTo_19|Done:No Error
090511:C_18_GoTo_19|Start:No Error
090511:C_18_GoTo_19|Done:No Error
090511:S_18_GoTo_19|Finish:No Error
090719:S_19_GoTo_20|Start:No Error
090719:D_19_GoTo_20|Start:No Error
090719:A_19_GoTo_20|Start:No Error
090719:A_19_GoTo_20|Done:No Error
090719:B_19_GoTo_20|Start:No Error
090719:D_19_GoTo_20|Done:No Error
090719:B_19_GoTo_20|Done:No Error
090719:C_19_GoTo_20|Start:No Error
090720:C_19_GoTo_20|Done:No Error
090720:S_19_GoTo_20|Finish:No Error
090941:S_20_GoTo_22|Start:No Error
090941:D_20_GoTo_22|Start:No Error
090941:A_20_GoTo_22|Start:No Error
090941:D_20_GoTo_22|Done:No Error
090941:A_20_GoTo_22|Done:No Error
090941:B_20_GoTo_22|Start:No Error
090941:B_20_GoTo_22|Done:No Error
090941:C_20_GoTo_22|Start:No Error
090942:C_20_GoTo_22|Done:No Error
090942:S_20_GoTo_22|Finish:No Error
090950:S_22_GoTo_21|Start:No Error
090950:A_22_GoTo_21|Start:No Error
090950:D_22_GoTo_21|Start:No Error
090950:D_22_GoTo_21|Done:No Error
090950:A_22_GoTo_21|Done:No Error
090950:B_22_GoTo_21|Start:No Error
090950:B_22_GoTo_21|Done:No Error
090950:C_22_GoTo_21|Start:No Error
090950:C_22_GoTo_21|Done:No Error
090950:S_22_GoTo_21|Finish:No Error
091129:S_3_GoTo_5|Start:No Error
091129:D_3_GoTo_5|Start:No Error
091129:A_3_GoTo_5|Start:No Error
091129:A_3_GoTo_5|Done:No Error
091129:B_3_GoTo_5|Start:No Error
091135:B_3_GoTo_5|Done:No Error
091135:C_3_GoTo_5|Start:No Error
091135:D_3_GoTo_5|Done:No Error
091135:C_3_GoTo_5|Done:No Error
091135:S_3_GoTo_5|Finish:No Error
091212:S_5_GoTo_6|Start:No Error
091212:D_5_GoTo_6|Start:No Error
091212:A_5_GoTo_6|Start:No Error
091212:A_5_GoTo_6|Done:No Error
091212:B_5_GoTo_6|Start:No Error
091212:D_5_GoTo_6|Done:No Error
091212:B_5_GoTo_6|Done:No Error
091212:C_5_GoTo_6|Start:No Error
091212:C_5_GoTo_6|Done:No Error
091212:S_5_GoTo_6|Finish:No Error
091218:S_6_GoTo_7|Start:No Error
091218:D_6_GoTo_7|Start:No Error
091218:A_6_GoTo_7|Start:No Error
091218:D_6_GoTo_7|Done:No Error
091218:A_6_GoTo_7|Done:No Error
091218:B_6_GoTo_7|Start:No Error
091218:B_6_GoTo_7|Done:No Error
091218:C_6_GoTo_7|Start:No Error
091219:C_6_GoTo_7|Done:No Error
091219:S_6_GoTo_7|Finish:No Error
091243:S_7_GoTo_8|Start:No Error
091243:D_7_GoTo_8|Start:No Error
091243:A_7_GoTo_8|Start:No Error
091243:A_7_GoTo_8|Done:No Error
091243:B_7_GoTo_8|Start:No Error
091243:D_7_GoTo_8|Done:No Error
091243:B_7_GoTo_8|Done:No Error
091243:C_7_GoTo_8|Start:No Error
091244:C_7_GoTo_8|Done:No Error
091244:S_7_GoTo_8|Finish:No Error
091449:S_8_GoTo_9|Start:No Error
091449:D_8_GoTo_9|Start:No Error
091449:A_8_GoTo_9|Start:No Error
091449:A_8_GoTo_9|Done:No Error
091449:B_8_GoTo_9|Start:No Error
091449:D_8_GoTo_9|Done:No Error
091449:B_8_GoTo_9|Done:No Error
091449:C_8_GoTo_9|Start:No Error
091450:C_8_GoTo_9|Done:No Error
091450:S_8_GoTo_9|Finish:No Error
091814:S_9_GoTo_10|Start:No Error
091814:D_9_GoTo_10|Start:No Error
091814:A_9_GoTo_10|Start:No Error
091814:A_9_GoTo_10|Done:No Error
091814:B_9_GoTo_10|Start:No Error
091814:D_9_GoTo_10|Done:No Error
091815:B_9_GoTo_10|Done:No Error
091815:C_9_GoTo_10|Start:No Error
091815:C_9_GoTo_10|Done:No Error
091815:S_9_GoTo_10|Finish:No Error
091819:S_10_GoTo_11|Start:No Error
091819:A_10_GoTo_11|Start:No Error
091819:D_10_GoTo_11|Start:No Error
091819:D_10_GoTo_11|Done:No Error
091819:A_10_GoTo_11|Done:No Error
091819:B_10_GoTo_11|Start:No Error
091819:B_10_GoTo_11|Done:No Error
091819:C_10_GoTo_11|Start:No Error
091820:C_10_GoTo_11|Done:No Error
091820:S_10_GoTo_11|Finish:No Error
091831:S_11_GoTo_12|Start:No Error
091831:D_11_GoTo_12|Start:No Error
091831:A_11_GoTo_12|Start:No Error
091831:A_11_GoTo_12|Done:No Error
091831:B_11_GoTo_12|Start:No Error
091832:B_11_GoTo_12|Done:No Error
091832:D_11_GoTo_12|Done:No Error
091832:C_11_GoTo_12|Start:No Error
091832:C_11_GoTo_12|Done:No Error
091832:S_11_GoTo_12|Finish:No Error
091917:S_12_GoTo_13|Start:No Error
091917:D_12_GoTo_13|Start:No Error
091917:A_12_GoTo_13|Start:No Error
091917:A_12_GoTo_13|Done:No Error
091917:B_12_GoTo_13|Start:No Error
091917:D_12_GoTo_13|Done:No Error
091917:B_12_GoTo_13|Done:No Error
091917:C_12_GoTo_13|Start:No Error
091917:C_12_GoTo_13|Done:No Error
091917:S_12_GoTo_13|Finish:No Error
091945:S_13_GoTo_16|Start:No Error
091945:D_13_GoTo_16|Start:No Error
091945:A_13_GoTo_16|Start:No Error
091945:A_13_GoTo_16|Done:No Error
091945:B_13_GoTo_16|Start:No Error
091945:D_13_GoTo_16|Done:No Error
091945:B_13_GoTo_16|Done:No Error
091945:C_13_GoTo_16|Start:No Error
091945:C_13_GoTo_16|Done:No Error
091945:S_13_GoTo_16|Finish:No Error
092022:S_16_GoTo_17|Start:No Error
092022:D_16_GoTo_17|Start:No Error
092022:A_16_GoTo_17|Start:No Error
092022:A_16_GoTo_17|Done:No Error
092022:B_16_GoTo_17|Start:No Error
092022:D_16_GoTo_17|Done:No Error
092022:B_16_GoTo_17|Done:No Error
092022:C_16_GoTo_17|Start:No Error
092023:C_16_GoTo_17|Done:No Error
092023:S_16_GoTo_17|Finish:No Error
092114:S_17_GoTo_18|Start:No Error
092114:D_17_GoTo_18|Start:No Error
092114:A_17_GoTo_18|Start:No Error
092114:A_17_GoTo_18|Done:No Error
092114:B_17_GoTo_18|Start:No Error
092114:D_17_GoTo_18|Done:No Error
092114:B_17_GoTo_18|Done:No Error
092114:C_17_GoTo_18|Start:No Error
092115:C_17_GoTo_18|Done:No Error
092115:S_17_GoTo_18|Finish:No Error
092120:S_18_GoTo_19|Start:No Error
092120:A_18_GoTo_19|Start:No Error
092120:D_18_GoTo_19|Start:No Error
092120:A_18_GoTo_19|Done:No Error
092120:B_18_GoTo_19|Start:No Error
092120:D_18_GoTo_19|Done:No Error
092120:B_18_GoTo_19|Done:No Error
092120:C_18_GoTo_19|Start:No Error
092121:C_18_GoTo_19|Done:No Error
092121:S_18_GoTo_19|Finish:No Error
092400:S_21_GoTo_FINISH|Start:No Error
092400:C_21_GoTo_FINISH|Start:No Error
092400:D_21_GoTo_FINISH|Start:No Error
092400:D_21_GoTo_FINISH|Done:No Error
092400:C_21_GoTo_FINISH|Done:No Error
092400:S_21_GoTo_FINISH|Finish:No Error
093905:S_19_GoTo_20|Start:No Error
093905:D_19_GoTo_20|Start:No Error
093905:A_19_GoTo_20|Start:No Error
093905:A_19_GoTo_20|Done:No Error
093905:D_19_GoTo_20|Done:No Error
093905:B_19_GoTo_20|Start:No Error
093905:B_19_GoTo_20|Done:No Error
093905:C_19_GoTo_20|Start:No Error
093906:C_19_GoTo_20|Done:No Error
093906:S_19_GoTo_20|Finish:No Error
094145:S_20_GoTo_22|Start:No Error
094145:D_20_GoTo_22|Start:No Error
094145:A_20_GoTo_22|Start:No Error
094145:D_20_GoTo_22|Done:No Error
094145:A_20_GoTo_22|Done:No Error
094145:B_20_GoTo_22|Start:No Error
094146:B_20_GoTo_22|Done:No Error
094146:C_20_GoTo_22|Start:No Error
094146:C_20_GoTo_22|Done:No Error
094146:S_20_GoTo_22|Finish:No Error
094156:S_22_GoTo_21|Start:No Error
094156:A_22_GoTo_21|Start:No Error
094156:D_22_GoTo_21|Start:No Error
094156:D_22_GoTo_21|Done:No Error
094156:A_22_GoTo_21|Done:No Error
094156:B_22_GoTo_21|Start:No Error
094157:B_22_GoTo_21|Done:No Error
094157:C_22_GoTo_21|Start:No Error
094157:C_22_GoTo_21|Done:No Error
094157:S_22_GoTo_21|Finish:No Error
094520:S_21_GoTo_FINISH|Start:No Error
094520:D_21_GoTo_FINISH|Start:No Error
094520:A_21_GoTo_FINISH|Start:No Error
094520:A_21_GoTo_FINISH|Done:No Error
094520:B_21_GoTo_FINISH|Start:No Error
094520:B_FINISH_NA_NA:No Error
094520:B_21_GoTo_FINISH|Done:No Error
094520:C_21_GoTo_FINISH|Start:No Error
094520:D_21_GoTo_FINISH|Done:No Error
094521:C_21_GoTo_FINISH|Done:No Error
094521:S_21_GoTo_FINISH|Finish:No Error
155203:S_3_GoTo_5|Start:No Error
155203:D_3_GoTo_5|Start:No Error
155203:A_3_GoTo_5|Start:No Error
155203:A_3_GoTo_5|Done:No Error
155203:D_3_GoTo_5|Done:No Error
155203:B_3_GoTo_5|Start:No Error
155203:B_3_GoTo_5|Done:No Error
155203:C_3_GoTo_5|Start:No Error
155204:C_3_GoTo_5|Done:No Error
155204:S_3_GoTo_5|Finish:No Error
155454:S_5_GoTo_6|Start:No Error
155454:A_5_GoTo_6|Start:No Error
155454:D_5_GoTo_6|Start:No Error
155454:A_5_GoTo_6|Done:No Error
155454:B_5_GoTo_6|Start:No Error
155454:D_5_GoTo_6|Done:No Error
155454:B_5_GoTo_6|Done:No Error
155454:C_5_GoTo_6|Start:No Error
155455:C_5_GoTo_6|Done:No Error
155455:S_5_GoTo_6|Finish:No Error
155710:S_6_GoTo_7|Start:No Error
155710:D_6_GoTo_7|Start:No Error
155710:A_6_GoTo_7|Start:No Error
155710:D_6_GoTo_7|Done:No Error
155710:A_6_GoTo_7|Done:No Error
155710:B_6_GoTo_7|Start:No Error
155710:B_6_GoTo_7|Done:No Error
155710:C_6_GoTo_7|Start:No Error
155711:C_6_GoTo_7|Done:No Error
155711:S_6_GoTo_7|Finish:No Error
160301:S_7_GoTo_8|Start:No Error
160301:D_7_GoTo_8|Start:No Error
160301:A_7_GoTo_8|Start:No Error
160301:A_7_GoTo_8|Done:No Error
160301:D_7_GoTo_8|Done:No Error
160301:B_7_GoTo_8|Start:No Error
160301:B_7_GoTo_8|Done:No Error
160301:C_7_GoTo_8|Start:No Error
160302:C_7_GoTo_8|Done:No Error
160302:S_7_GoTo_8|Finish:No Error
160536:S_8_GoTo_9|Start:No Error
160536:D_8_GoTo_9|Start:No Error
160536:A_8_GoTo_9|Start:No Error
160536:A_8_GoTo_9|Done:No Error
160536:D_8_GoTo_9|Done:No Error
160536:B_8_GoTo_9|Start:No Error
160536:B_8_GoTo_9|Done:No Error
160536:C_8_GoTo_9|Start:No Error
160537:C_8_GoTo_9|Done:No Error
160537:S_8_GoTo_9|Finish:No Error
160726:S_9_GoTo_10|Start:No Error
160726:D_9_GoTo_10|Start:No Error
160726:A_9_GoTo_10|Start:No Error
160726:A_9_GoTo_10|Done:No Error
160726:D_9_GoTo_10|Done:No Error
160726:B_9_GoTo_10|Start:No Error
160726:B_9_GoTo_10|Done:No Error
160726:C_9_GoTo_10|Start:No Error
160726:C_9_GoTo_10|Done:No Error
160726:S_9_GoTo_10|Finish:No Error
161044:S_10_GoTo_11|Start:No Error
161044:D_10_GoTo_11|Start:No Error
161044:A_10_GoTo_11|Start:No Error
161044:D_10_GoTo_11|Done:No Error
161044:A_10_GoTo_11|Done:No Error
161044:B_10_GoTo_11|Start:No Error
161045:B_10_GoTo_11|Done:No Error
161045:C_10_GoTo_11|Start:No Error
161045:C_10_GoTo_11|Done:No Error
161045:S_10_GoTo_11|Finish:No Error
161530:S_11_GoTo_12|Start:No Error
161530:D_11_GoTo_12|Start:No Error
161530:A_11_GoTo_12|Start:No Error
161531:A_11_GoTo_12|Done:No Error
161531:B_11_GoTo_12|Start:No Error
161531:D_11_GoTo_12|Done:No Error
161531:B_11_GoTo_12|Done:No Error
161531:C_11_GoTo_12|Start:No Error
161531:C_11_GoTo_12|Done:No Error
161531:S_11_GoTo_12|Finish:No Error
161653:S_12_GoTo_13|Start:No Error
161653:D_12_GoTo_13|Start:No Error
161653:A_12_GoTo_13|Start:No Error
161653:A_12_GoTo_13|Done:No Error
161653:B_12_GoTo_13|Start:No Error
161653:D_12_GoTo_13|Done:No Error
161653:B_12_GoTo_13|Done:No Error
161653:C_12_GoTo_13|Start:No Error
161654:C_12_GoTo_13|Done:No Error
161654:S_12_GoTo_13|Finish:No Error
161742:S_13_GoTo_16|Start:No Error
161742:D_13_GoTo_16|Start:No Error
161742:A_13_GoTo_16|Start:No Error
161742:A_13_GoTo_16|Done:No Error
161742:B_13_GoTo_16|Start:No Error
161742:D_13_GoTo_16|Done:No Error
161742:B_13_GoTo_16|Done:No Error
161742:C_13_GoTo_16|Start:No Error
161743:C_13_GoTo_16|Done:No Error
161743:S_13_GoTo_16|Finish:No Error
162131:S_16_GoTo_17|Start:No Error
162131:D_16_GoTo_17|Start:No Error
162131:A_16_GoTo_17|Start:No Error
162131:A_16_GoTo_17|Done:No Error
162131:B_16_GoTo_17|Start:No Error
162131:D_16_GoTo_17|Done:No Error
162131:B_16_GoTo_17|Done:No Error
162131:C_16_GoTo_17|Start:No Error
162132:C_16_GoTo_17|Done:No Error
162132:S_16_GoTo_17|Finish:No Error
162310:S_17_GoTo_18|Start:No Error
162310:D_17_GoTo_18|Start:No Error
162310:A_17_GoTo_18|Start:No Error
162310:A_17_GoTo_18|Done:No Error
162310:B_17_GoTo_18|Start:No Error
162310:D_17_GoTo_18|Done:No Error
162311:B_17_GoTo_18|Done:No Error
162311:C_17_GoTo_18|Start:No Error
162311:C_17_GoTo_18|Done:No Error
162311:S_17_GoTo_18|Finish:No Error
162506:S_18_GoTo_19|Start:No Error
162506:D_18_GoTo_19|Start:No Error
162506:A_18_GoTo_19|Start:No Error
162507:A_18_GoTo_19|Done:No Error
162507:B_18_GoTo_19|Start:No Error
162507:D_18_GoTo_19|Done:No Error
162507:B_18_GoTo_19|Done:No Error
162507:C_18_GoTo_19|Start:No Error
162507:C_18_GoTo_19|Done:No Error
162507:S_18_GoTo_19|Finish:No Error
162707:S_19_GoTo_20|Start:No Error
162707:D_19_GoTo_20|Start:No Error
162707:A_19_GoTo_20|Start:No Error
162707:A_19_GoTo_20|Done:No Error
162707:D_19_GoTo_20|Done:No Error
162707:B_19_GoTo_20|Start:No Error
162708:B_19_GoTo_20|Done:No Error
162708:C_19_GoTo_20|Start:No Error
162708:C_19_GoTo_20|Done:No Error
162708:S_19_GoTo_20|Finish:No Error
