133726:S_3_GoTo_5|Start:No Error
133726:D_3_GoTo_5|Done:Error: Open/Create/Replace File in LogForTriggerNext.vi:4310023->TriggerNext.vi:6380002->TriggerNext.vi.ProxyCaller<APPEND>
C:\HVAC\LOG\2021_11_29.log
133726:A_3_GoTo_5|Done:Error: Open/Create/Replace File in LogForTriggerNext.vi:4310029->TriggerNext.vi:6380002->TriggerNext.vi.ProxyCaller<APPEND>
C:\HVAC\LOG\2021_11_29.log
133726:B_3_GoTo_5|Start:No Error
133727:B_3_GoTo_5|Done:No Error
133727:C_3_GoTo_5|Start:No Error
133727:C_3_GoTo_5|Done:No Error
133727:S_3_GoTo_5|Finish:Error: Open/Create/Replace File in LogForTriggerNext.vi:4310023->TriggerNext.vi:6380002->TriggerNext.vi.ProxyCaller<APPEND>
C:\HVAC\LOG\2021_11_29.log
133749:S_5_GoTo_6|Start:No Error
133749:D_5_GoTo_6|Start:No Error
133749:A_5_GoTo_6|Start:No Error
133749:D_5_GoTo_6|Done:No Error
133750:A_5_GoTo_6|Done:No Error
133750:B_5_GoTo_6|Start:No Error
133750:B_5_GoTo_6|Done:No Error
133750:C_5_GoTo_6|Start:No Error
133750:C_5_GoTo_6|Done:No Error
133750:S_5_GoTo_6|Finish:No Error
134019:S_3_GoTo_5|Start:No Error
134019:A_3_GoTo_5|Start:No Error
134019:D_3_GoTo_5|Start:No Error
134020:A_3_GoTo_5|Done:No Error
134020:B_3_GoTo_5|Start:No Error
134020:D_3_GoTo_5|Done:No Error
134020:B_3_GoTo_5|Done:No Error
134020:C_3_GoTo_5|Start:No Error
134021:C_3_GoTo_5|Done:No Error
134021:S_3_GoTo_5|Finish:No Error
134021:A_6_GoTo_7|Start:No Error
134021:D_6_GoTo_7|Start:No Error
134021:S_6_GoTo_7|Start:No Error
134021:D_6_GoTo_7|Done:No Error
134022:A_6_GoTo_7|Done:No Error
134022:B_6_GoTo_7|Start:No Error
134022:B_6_GoTo_7|Done:No Error
134022:C_6_GoTo_7|Start:No Error
134023:C_6_GoTo_7|Done:No Error
134023:S_6_GoTo_7|Finish:No Error
134041:A_5_GoTo_6|Start:No Error
134041:S_5_GoTo_6|Start:No Error
134041:D_5_GoTo_6|Start:No Error
134041:D_5_GoTo_6|Done:No Error
134041:A_5_GoTo_6|Done:No Error
134041:B_5_GoTo_6|Start:No Error
134042:B_5_GoTo_6|Done:No Error
134042:C_5_GoTo_6|Start:No Error
134042:C_5_GoTo_6|Done:No Error
134042:S_5_GoTo_6|Finish:No Error
134133:S_7_GoTo_8|Start:No Error
134133:D_7_GoTo_8|Start:No Error
134133:A_7_GoTo_8|Start:No Error
134133:D_7_GoTo_8|Done:No Error
134133:A_7_GoTo_8|Done:No Error
134133:B_7_GoTo_8|Start:No Error
134133:B_7_GoTo_8|Done:No Error
134133:C_7_GoTo_8|Start:No Error
134134:C_7_GoTo_8|Done:No Error
134134:S_7_GoTo_8|Finish:No Error
135010:D_3_GoTo_5|Start:No Error
135010:A_3_GoTo_5|Start:No Error
135010:S_3_GoTo_5|Start:No Error
135011:A_3_GoTo_5|Done:No Error
135011:B_3_GoTo_5|Start:No Error
135011:D_3_GoTo_5|Done:No Error
135011:B_3_GoTo_5|Done:No Error
135011:C_3_GoTo_5|Start:No Error
135012:C_3_GoTo_5|Done:No Error
135012:S_3_GoTo_5|Finish:No Error
135028:D_5_GoTo_6|Start:No Error
135028:A_5_GoTo_6|Start:No Error
135028:S_5_GoTo_6|Start:No Error
135028:D_5_GoTo_6|Done:No Error
135028:A_5_GoTo_6|Done:No Error
135028:B_5_GoTo_6|Start:No Error
135029:B_5_GoTo_6|Done:No Error
135029:C_5_GoTo_6|Start:No Error
135029:C_5_GoTo_6|Done:No Error
135029:S_5_GoTo_6|Finish:No Error
135058:A_6_GoTo_7|Start:No Error
135058:D_6_GoTo_7|Start:No Error
135058:S_6_GoTo_7|Start:No Error
135058:D_6_GoTo_7|Done:No Error
135058:A_6_GoTo_7|Done:No Error
135058:B_6_GoTo_7|Start:No Error
135059:B_6_GoTo_7|Done:No Error
135059:C_6_GoTo_7|Start:No Error
135059:C_6_GoTo_7|Done:No Error
135059:S_6_GoTo_7|Finish:No Error
135240:S_7_GoTo_8|Start:No Error
135240:C_7_GoTo_8|Start:No Error
135240:D_7_GoTo_8|Start:No Error
135240:C_7_GoTo_8|Done:No Error
135240:D_7_GoTo_8|Done:No Error
135240:S_7_GoTo_8|Finish:No Error
135323:D_3_GoTo_5|Start:No Error
135323:A_3_GoTo_5|Start:No Error
135323:S_3_GoTo_5|Start:No Error
135323:A_3_GoTo_5|Done:No Error
135323:B_3_GoTo_5|Start:No Error
135323:D_3_GoTo_5|Done:No Error
135324:B_3_GoTo_5|Done:No Error
135324:C_3_GoTo_5|Start:No Error
135324:C_3_GoTo_5|Done:No Error
135324:S_3_GoTo_5|Finish:No Error
135524:S_5_GoTo_6|Start:No Error
135524:A_5_GoTo_6|Start:No Error
135524:D_5_GoTo_6|Start:No Error
135524:D_5_GoTo_6|Done:No Error
135525:A_5_GoTo_6|Done:No Error
135525:B_5_GoTo_6|Start:No Error
135525:B_5_GoTo_6|Done:No Error
135525:C_5_GoTo_6|Start:No Error
135526:C_5_GoTo_6|Done:No Error
135526:S_5_GoTo_6|Finish:No Error
140003:S_3_GoTo_5|Start:No Error
140003:D_3_GoTo_5|Start:No Error
140003:A_3_GoTo_5|Start:No Error
140003:A_3_GoTo_5|Done:No Error
140003:B_3_GoTo_5|Start:No Error
140003:D_3_GoTo_5|Done:No Error
140004:B_3_GoTo_5|Done:No Error
140004:C_3_GoTo_5|Start:No Error
140004:C_3_GoTo_5|Done:No Error
140004:S_3_GoTo_5|Finish:No Error
140040:D_5_GoTo_6|Start:No Error
140040:A_5_GoTo_6|Start:No Error
140040:S_5_GoTo_6|Start:No Error
140040:D_5_GoTo_6|Done:No Error
140041:A_5_GoTo_6|Done:No Error
140041:B_5_GoTo_6|Start:No Error
140041:B_5_GoTo_6|Done:No Error
140041:C_5_GoTo_6|Start:No Error
140041:C_5_GoTo_6|Done:No Error
140041:S_5_GoTo_6|Finish:No Error
143355:S_3_GoTo_5|Start:No Error
143355:A_3_GoTo_5|Start:No Error
143355:D_3_GoTo_5|Start:No Error
143355:A_3_GoTo_5|Done:No Error
143355:B_3_GoTo_5|Start:No Error
143355:D_3_GoTo_5|Done:No Error
143355:B_3_GoTo_5|Done:No Error
143355:C_3_GoTo_5|Start:No Error
143356:C_3_GoTo_5|Done:No Error
143356:S_3_GoTo_5|Finish:No Error
143424:D_3_GoTo_5|Start:No Error
143424:A_3_GoTo_5|Start:No Error
143424:S_3_GoTo_5|Start:No Error
143424:D_3_GoTo_5|Done:No Error
143425:A_5_GoTo_6|Start:No Error
143425:S_5_GoTo_6|Start:No Error
143425:D_5_GoTo_6|Start:No Error
143425:D_5_GoTo_6|Done:No Error
143425:A_5_GoTo_6|Done:No Error
143425:B_5_GoTo_6|Start:No Error
143426:B_5_GoTo_6|Done:No Error
143426:C_5_GoTo_6|Start:No Error
143426:C_5_GoTo_6|Done:No Error
143426:S_5_GoTo_6|Finish:No Error
143426:A_3_GoTo_5|Done:No Error
143426:B_3_GoTo_5|Start:No Error
143427:B_3_GoTo_5|Done:No Error
143427:C_3_GoTo_5|Start:No Error
143427:C_3_GoTo_5|Done:No Error
143427:S_3_GoTo_5|Finish:No Error
144514:S_5_GoTo_6|Start:No Error
144514:A_5_GoTo_6|Start:No Error
144514:D_5_GoTo_6|Start:No Error
144514:D_5_GoTo_6|Done:No Error
145935:D_3_GoTo_5|Start:No Error
145935:S_3_GoTo_5|Start:No Error
145935:A_3_GoTo_5|Start:No Error
145936:A_3_GoTo_5|Done:No Error
145936:B_3_GoTo_5|Start:No Error
145936:D_3_GoTo_5|Done:No Error
145936:B_3_GoTo_5|Done:No Error
145936:C_3_GoTo_5|Start:No Error
145937:C_3_GoTo_5|Done:No Error
145937:S_3_GoTo_5|Finish:No Error
152234:D_3_GoTo_5|Start:No Error
152234:S_3_GoTo_5|Start:No Error
152234:A_3_GoTo_5|Start:No Error
152234:D_3_GoTo_5|Done:No Error
152235:A_3_GoTo_5|Done:No Error
152235:B_3_GoTo_5|Start:No Error
152235:B_3_GoTo_5|Done:No Error
152235:C_3_GoTo_5|Start:No Error
152235:C_3_GoTo_5|Done:No Error
152235:S_3_GoTo_5|Finish:No Error
173843:S_3_GoTo_5|Start:No Error
173843:A_3_GoTo_5|Start:No Error
173843:D_3_GoTo_5|Start:No Error
173843:D_3_GoTo_5|Done:No Error
173843:A_3_GoTo_5|Done:No Error
173843:B_3_GoTo_5|Start:No Error
173844:B_3_GoTo_5|Done:No Error
173844:C_3_GoTo_5|Start:No Error
173844:C_3_GoTo_5|Done:No Error
173844:S_3_GoTo_5|Finish:No Error
175744:S_3_GoTo_5|Start:No Error
175744:A_3_GoTo_5|Start:No Error
175744:D_3_GoTo_5|Start:No Error
175745:D_3_GoTo_5|Done:No Error
175745:A_3_GoTo_5|Done:No Error
175745:B_3_GoTo_5|Start:No Error
175745:B_3_GoTo_5|Done:No Error
175745:C_3_GoTo_5|Start:No Error
175745:C_3_GoTo_5|Done:No Error
175745:S_3_GoTo_5|Finish:No Error
