172010:S_3_GoTo_5|Start:No Error
172010:D_3_GoTo_5|Start:No Error
172010:A_3_GoTo_5|Start:No Error
172010:A_3_GoTo_5|Done:No Error
172010:B_3_GoTo_5|Start:No Error
172011:D_3_GoTo_5|Done:No Error
172011:B_3_GoTo_5|Done:No Error
172011:C_3_GoTo_5|Start:No Error
172011:C_3_GoTo_5|Done:No Error
172011:S_3_GoTo_5|Finish:No Error
172036:S_3_GoTo_5|Start:No Error
172036:D_3_GoTo_5|Start:No Error
172036:A_3_GoTo_5|Start:No Error
172037:D_3_GoTo_5|Done:No Error
172049:S_5_GoTo_6|Start:No Error
172049:D_5_GoTo_6|Start:No Error
172049:A_5_GoTo_6|Start:No Error
172049:A_5_GoTo_6|Done:No Error
172049:B_5_GoTo_6|Start:No Error
172049:D_5_GoTo_6|Done:No Error
172049:B_5_GoTo_6|Done:No Error
172049:C_5_GoTo_6|Start:No Error
172049:A_3_GoTo_5|Done:No Error
172049:C_5_GoTo_6|Done:No Error
172049:B_3_GoTo_5|Start:No Error
172049:S_5_GoTo_6|Finish:No Error
172050:B_3_GoTo_5|Done:No Error
172050:C_3_GoTo_5|Start:No Error
172050:C_3_GoTo_5|Done:No Error
172050:S_3_GoTo_5|Finish:No Error
172058:S_6_GoTo_7|Start:No Error
172058:D_6_GoTo_7|Start:No Error
172058:A_6_GoTo_7|Start:No Error
172058:D_6_GoTo_7|Done:No Error
172058:A_6_GoTo_7|Done:No Error
172058:B_6_GoTo_7|Start:No Error
172059:B_6_GoTo_7|Done:No Error
172059:C_6_GoTo_7|Start:No Error
172059:C_6_GoTo_7|Done:No Error
172059:S_6_GoTo_7|Finish:No Error
172116:S_3_GoTo_5|Start:No Error
172116:D_3_GoTo_5|Start:No Error
172116:A_3_GoTo_5|Start:No Error
172116:D_3_GoTo_5|Done:No Error
172123:S_5_GoTo_6|Start:No Error
172123:D_5_GoTo_6|Start:No Error
172123:A_5_GoTo_6|Start:No Error
172123:A_5_GoTo_6|Done:No Error
172123:B_5_GoTo_6|Start:No Error
172123:D_5_GoTo_6|Done:No Error
172123:B_5_GoTo_6|Done:No Error
172123:C_5_GoTo_6|Start:No Error
172123:A_3_GoTo_5|Done:No Error
172123:C_5_GoTo_6|Done:No Error
172123:B_3_GoTo_5|Start:No Error
172123:S_5_GoTo_6|Finish:No Error
172123:B_3_GoTo_5|Done:No Error
172123:C_3_GoTo_5|Start:No Error
172124:C_3_GoTo_5|Done:No Error
172124:S_3_GoTo_5|Finish:No Error
172129:S_7_GoTo_8|Start:No Error
172129:D_7_GoTo_8|Start:No Error
172129:A_7_GoTo_8|Start:No Error
172129:A_7_GoTo_8|Done:No Error
172129:B_7_GoTo_8|Start:No Error
172129:D_7_GoTo_8|Done:No Error
172129:B_7_GoTo_8|Done:No Error
172129:C_7_GoTo_8|Start:No Error
172129:C_7_GoTo_8|Done:No Error
172129:S_7_GoTo_8|Finish:No Error
172133:S_6_GoTo_7|Start:No Error
172133:D_6_GoTo_7|Start:No Error
172133:A_6_GoTo_7|Start:No Error
172133:D_6_GoTo_7|Done:No Error
172133:A_6_GoTo_7|Done:No Error
172133:B_6_GoTo_7|Start:No Error
172134:B_6_GoTo_7|Done:No Error
172134:C_6_GoTo_7|Start:No Error
172134:C_6_GoTo_7|Done:No Error
172134:S_6_GoTo_7|Finish:No Error
172146:S_3_GoTo_5|Start:No Error
172146:D_3_GoTo_5|Start:No Error
172146:A_3_GoTo_5|Start:No Error
172146:D_3_GoTo_5|Done:No Error
172157:S_8_GoTo_9|Start:No Error
172157:D_8_GoTo_9|Start:No Error
172157:A_8_GoTo_9|Start:No Error
172157:A_8_GoTo_9|Done:No Error
172157:B_8_GoTo_9|Start:No Error
172157:D_8_GoTo_9|Done:No Error
172157:S_5_GoTo_6|Start:No Error
172157:D_5_GoTo_6|Start:No Error
172157:A_5_GoTo_6|Start:No Error
172157:B_8_GoTo_9|Done:No Error
172157:C_8_GoTo_9|Start:No Error
172157:A_5_GoTo_6|Done:No Error
172157:B_5_GoTo_6|Start:No Error
172157:D_5_GoTo_6|Done:No Error
172157:B_5_GoTo_6|Done:No Error
172157:C_8_GoTo_9|Done:No Error
172157:C_5_GoTo_6|Start:No Error
172157:S_8_GoTo_9|Finish:No Error
172157:A_3_GoTo_5|Done:No Error
172157:B_3_GoTo_5|Start:No Error
172157:C_5_GoTo_6|Done:No Error
172157:S_5_GoTo_6|Finish:No Error
172158:B_3_GoTo_5|Done:No Error
172158:C_3_GoTo_5|Start:No Error
172158:C_3_GoTo_5|Done:No Error
172158:S_3_GoTo_5|Finish:No Error
172204:S_7_GoTo_8|Start:No Error
172204:D_7_GoTo_8|Start:No Error
172204:A_7_GoTo_8|Start:No Error
172204:A_7_GoTo_8|Done:No Error
172204:B_7_GoTo_8|Start:No Error
172204:D_7_GoTo_8|Done:No Error
172204:B_7_GoTo_8|Done:No Error
172204:C_7_GoTo_8|Start:No Error
172205:C_7_GoTo_8|Done:No Error
172205:S_7_GoTo_8|Finish:No Error
172205:S_6_GoTo_7|Start:No Error
172205:D_6_GoTo_7|Start:No Error
172205:A_6_GoTo_7|Start:No Error
172205:D_6_GoTo_7|Done:No Error
172205:A_6_GoTo_7|Done:No Error
172205:B_6_GoTo_7|Start:No Error
172205:B_6_GoTo_7|Done:No Error
172205:C_6_GoTo_7|Start:No Error
172205:C_6_GoTo_7|Done:No Error
172205:S_6_GoTo_7|Finish:No Error
172232:S_3_GoTo_5|Start:No Error
172232:D_3_GoTo_5|Start:No Error
172232:A_3_GoTo_5|Start:No Error
172232:D_3_GoTo_5|Done:No Error
172235:S_8_GoTo_9|Start:No Error
172235:D_8_GoTo_9|Start:No Error
172235:A_8_GoTo_9|Start:No Error
172235:D_8_GoTo_9|Done:No Error
172240:S_7_GoTo_8|Start:No Error
172240:D_7_GoTo_8|Start:No Error
172240:A_7_GoTo_8|Start:No Error
172240:D_7_GoTo_8|Done:No Error
172241:S_9_GoTo_10|Start:No Error
172241:D_9_GoTo_10|Start:No Error
172241:A_9_GoTo_10|Start:No Error
172241:A_9_GoTo_10|Done:No Error
172241:B_9_GoTo_10|Start:No Error
172241:D_9_GoTo_10|Done:No Error
172241:B_9_GoTo_10|Done:No Error
172241:C_9_GoTo_10|Start:No Error
172241:A_8_GoTo_9|Done:No Error
172241:C_9_GoTo_10|Done:No Error
172241:B_8_GoTo_9|Start:No Error
172241:S_9_GoTo_10|Finish:No Error
172242:B_8_GoTo_9|Done:No Error
172242:C_8_GoTo_9|Start:No Error
172242:A_7_GoTo_8|Done:No Error
172242:B_7_GoTo_8|Start:No Error
172242:C_8_GoTo_9|Done:No Error
172242:S_8_GoTo_9|Finish:No Error
172242:B_7_GoTo_8|Done:No Error
172242:C_7_GoTo_8|Start:No Error
172242:C_7_GoTo_8|Done:No Error
172242:S_7_GoTo_8|Finish:No Error
172245:S_10_GoTo_11|Start:No Error
172245:D_10_GoTo_11|Start:No Error
172245:A_10_GoTo_11|Start:No Error
172245:D_10_GoTo_11|Done:No Error
172245:A_10_GoTo_11|Done:No Error
172245:B_10_GoTo_11|Start:No Error
172245:B_10_GoTo_11|Done:No Error
172245:C_10_GoTo_11|Start:No Error
172245:C_10_GoTo_11|Done:No Error
172245:S_10_GoTo_11|Finish:No Error
172247:S_5_GoTo_6|Start:No Error
172247:D_5_GoTo_6|Start:No Error
172247:A_5_GoTo_6|Start:No Error
172247:A_5_GoTo_6|Done:No Error
172247:B_5_GoTo_6|Start:No Error
172247:D_5_GoTo_6|Done:No Error
172248:B_5_GoTo_6|Done:No Error
172248:C_5_GoTo_6|Start:No Error
172248:A_3_GoTo_5|Done:No Error
172248:B_3_GoTo_5|Start:No Error
172248:C_5_GoTo_6|Done:No Error
172248:S_5_GoTo_6|Finish:No Error
172248:B_3_GoTo_5|Done:No Error
172248:C_3_GoTo_5|Start:No Error
172248:C_3_GoTo_5|Done:No Error
172248:S_3_GoTo_5|Finish:No Error
172252:S_11_GoTo_12|Start:No Error
172252:A_11_GoTo_12|Start:No Error
172252:D_11_GoTo_12|Start:No Error
172252:A_11_GoTo_12|Done:No Error
172252:B_11_GoTo_12|Start:No Error
172253:D_11_GoTo_12|Done:No Error
172253:B_11_GoTo_12|Done:No Error
172253:C_11_GoTo_12|Start:No Error
172253:C_11_GoTo_12|Done:No Error
172253:S_11_GoTo_12|Finish:No Error
172300:S_6_GoTo_7|Start:No Error
172300:D_6_GoTo_7|Start:No Error
172300:A_6_GoTo_7|Start:No Error
172300:D_6_GoTo_7|Done:No Error
172300:A_6_GoTo_7|Done:No Error
172300:B_6_GoTo_7|Start:No Error
172300:B_6_GoTo_7|Done:No Error
172300:C_6_GoTo_7|Start:No Error
172300:C_6_GoTo_7|Done:No Error
172300:S_6_GoTo_7|Finish:No Error
172311:S_3_GoTo_5|Start:No Error
172311:D_3_GoTo_5|Start:No Error
172311:A_3_GoTo_5|Start:No Error
172312:D_3_GoTo_5|Done:No Error
172312:S_8_GoTo_9|Start:No Error
172312:A_8_GoTo_9|Start:No Error
172312:D_8_GoTo_9|Start:No Error
172312:D_8_GoTo_9|Done:No Error
172326:S_12_GoTo_13|Start:No Error
172326:D_12_GoTo_13|Start:No Error
172326:A_12_GoTo_13|Start:No Error
172326:D_12_GoTo_13|Done:No Error
172326:A_12_GoTo_13|Done:No Error
172326:B_12_GoTo_13|Start:No Error
172326:B_12_GoTo_13|Done:No Error
172326:C_12_GoTo_13|Start:No Error
172326:C_12_GoTo_13|Done:No Error
172326:S_12_GoTo_13|Finish:No Error
172329:S_9_GoTo_10|Start:No Error
172329:D_9_GoTo_10|Start:No Error
172329:A_9_GoTo_10|Start:No Error
172329:A_9_GoTo_10|Done:No Error
172329:B_9_GoTo_10|Start:No Error
172329:D_9_GoTo_10|Done:No Error
172329:B_9_GoTo_10|Done:No Error
172329:C_9_GoTo_10|Start:No Error
172330:A_8_GoTo_9|Done:No Error
172330:B_8_GoTo_9|Start:No Error
172330:C_9_GoTo_10|Done:No Error
172330:S_9_GoTo_10|Finish:No Error
172330:B_8_GoTo_9|Done:No Error
172330:C_8_GoTo_9|Start:No Error
172330:C_8_GoTo_9|Done:No Error
172330:S_8_GoTo_9|Finish:No Error
172333:S_10_GoTo_11|Start:No Error
172333:D_10_GoTo_11|Start:No Error
172333:A_10_GoTo_11|Start:No Error
172333:D_10_GoTo_11|Done:No Error
172334:A_10_GoTo_11|Done:No Error
172334:B_10_GoTo_11|Start:No Error
172334:B_10_GoTo_11|Done:No Error
172334:C_10_GoTo_11|Start:No Error
172334:C_10_GoTo_11|Done:No Error
172334:S_10_GoTo_11|Finish:No Error
172344:S_5_GoTo_6|Start:No Error
172344:A_5_GoTo_6|Start:No Error
172344:D_5_GoTo_6|Start:No Error
172344:A_5_GoTo_6|Done:No Error
172344:B_5_GoTo_6|Start:No Error
172344:D_5_GoTo_6|Done:No Error
172344:B_5_GoTo_6|Done:No Error
172344:C_5_GoTo_6|Start:No Error
172344:C_5_GoTo_6|Done:No Error
172344:S_5_GoTo_6|Finish:No Error
172344:A_3_GoTo_5|Done:No Error
172344:B_3_GoTo_5|Start:No Error
172344:B_3_GoTo_5|Done:No Error
172344:C_3_GoTo_5|Start:No Error
172345:C_3_GoTo_5|Done:No Error
172345:S_3_GoTo_5|Finish:No Error
172346:S_7_GoTo_8|Start:No Error
172346:D_7_GoTo_8|Start:No Error
172346:A_7_GoTo_8|Start:No Error
172346:A_7_GoTo_8|Done:No Error
172346:B_7_GoTo_8|Start:No Error
172346:D_7_GoTo_8|Done:No Error
172346:B_7_GoTo_8|Done:No Error
172346:C_7_GoTo_8|Start:No Error
172347:C_7_GoTo_8|Done:No Error
172347:S_7_GoTo_8|Finish:No Error
172348:S_11_GoTo_12|Start:No Error
172348:D_11_GoTo_12|Start:No Error
172348:A_11_GoTo_12|Start:No Error
172348:A_11_GoTo_12|Done:No Error
172348:B_11_GoTo_12|Start:No Error
172348:D_11_GoTo_12|Done:No Error
172348:B_11_GoTo_12|Done:No Error
172348:C_11_GoTo_12|Start:No Error
172348:C_11_GoTo_12|Done:No Error
172348:S_11_GoTo_12|Finish:No Error
172351:S_6_GoTo_7|Start:No Error
172351:A_6_GoTo_7|Start:No Error
172351:D_6_GoTo_7|Start:No Error
172351:D_6_GoTo_7|Done:No Error
172352:A_6_GoTo_7|Done:No Error
172352:B_6_GoTo_7|Start:No Error
172352:B_6_GoTo_7|Done:No Error
172352:C_6_GoTo_7|Start:No Error
172352:C_6_GoTo_7|Done:No Error
172352:S_6_GoTo_7|Finish:No Error
172408:S_13_GoTo_16|Start:No Error
172408:D_13_GoTo_16|Start:No Error
172408:A_13_GoTo_16|Start:No Error
172409:D_13_GoTo_16|Done:No Error
172409:A_13_GoTo_16|Done:No Error
172409:B_13_GoTo_16|Start:No Error
172409:B_13_GoTo_16|Done:No Error
172409:C_13_GoTo_16|Start:No Error
172409:C_13_GoTo_16|Done:No Error
172409:S_13_GoTo_16|Finish:No Error
172418:S_3_GoTo_5|Start:No Error
172418:D_3_GoTo_5|Start:No Error
172418:A_3_GoTo_5|Start:No Error
172418:D_3_GoTo_5|Done:No Error
172419:S_5_GoTo_6|Start:No Error
172419:D_5_GoTo_6|Start:No Error
172419:A_5_GoTo_6|Start:No Error
172419:A_5_GoTo_6|Done:No Error
172419:B_5_GoTo_6|Start:No Error
172419:D_5_GoTo_6|Done:No Error
172420:B_5_GoTo_6|Done:No Error
172420:C_5_GoTo_6|Start:No Error
172420:A_3_GoTo_5|Done:No Error
172420:C_5_GoTo_6|Done:No Error
172420:B_3_GoTo_5|Start:No Error
172420:S_5_GoTo_6|Finish:No Error
172420:B_3_GoTo_5|Done:No Error
172420:C_3_GoTo_5|Start:No Error
172421:C_3_GoTo_5|Done:No Error
172421:S_3_GoTo_5|Finish:No Error
172424:S_8_GoTo_9|Start:No Error
172424:D_8_GoTo_9|Start:No Error
172424:A_8_GoTo_9|Start:No Error
172424:D_8_GoTo_9|Done:No Error
172427:S_6_GoTo_7|Start:No Error
172427:A_6_GoTo_7|Start:No Error
172427:D_6_GoTo_7|Start:No Error
172427:D_6_GoTo_7|Done:No Error
172429:S_7_GoTo_8|Start:No Error
172429:D_7_GoTo_8|Start:No Error
172429:A_7_GoTo_8|Start:No Error
172429:D_7_GoTo_8|Done:No Error
172430:S_9_GoTo_10|Start:No Error
172430:A_9_GoTo_10|Start:No Error
172430:D_9_GoTo_10|Start:No Error
172430:D_9_GoTo_10|Done:No Error
172430:A_9_GoTo_10|Done:No Error
172430:B_9_GoTo_10|Start:No Error
172430:B_9_GoTo_10|Done:No Error
172430:C_9_GoTo_10|Start:No Error
172430:A_8_GoTo_9|Done:No Error
172430:C_9_GoTo_10|Done:No Error
172430:B_8_GoTo_9|Start:No Error
172430:S_9_GoTo_10|Finish:No Error
172430:B_8_GoTo_9|Done:No Error
172430:C_8_GoTo_9|Start:No Error
172431:A_7_GoTo_8|Done:No Error
172431:B_7_GoTo_8|Start:No Error
172431:C_8_GoTo_9|Done:No Error
172431:S_8_GoTo_9|Finish:No Error
172431:B_7_GoTo_8|Done:No Error
172431:C_7_GoTo_8|Start:No Error
172431:A_6_GoTo_7|Done:No Error
172431:B_6_GoTo_7|Start:No Error
172431:C_7_GoTo_8|Done:No Error
172431:S_7_GoTo_8|Finish:No Error
172431:B_6_GoTo_7|Done:No Error
172431:C_6_GoTo_7|Start:No Error
172432:C_6_GoTo_7|Done:No Error
172432:S_6_GoTo_7|Finish:No Error
172436:S_10_GoTo_11|Start:No Error
172436:D_10_GoTo_11|Start:No Error
172436:A_10_GoTo_11|Start:No Error
172436:D_10_GoTo_11|Done:No Error
172436:A_10_GoTo_11|Done:No Error
172436:B_10_GoTo_11|Start:No Error
172436:B_10_GoTo_11|Done:No Error
172436:C_10_GoTo_11|Start:No Error
172436:C_10_GoTo_11|Done:No Error
172436:S_10_GoTo_11|Finish:No Error
172439:S_12_GoTo_13|Start:No Error
172439:D_12_GoTo_13|Start:No Error
172439:A_12_GoTo_13|Start:No Error
172439:A_12_GoTo_13|Done:No Error
172439:B_12_GoTo_13|Start:No Error
172439:D_12_GoTo_13|Done:No Error
172440:B_12_GoTo_13|Done:No Error
172440:C_12_GoTo_13|Start:No Error
172440:C_12_GoTo_13|Done:No Error
172440:S_12_GoTo_13|Finish:No Error
172446:S_3_GoTo_5|Start:No Error
172446:D_3_GoTo_5|Start:No Error
172446:A_3_GoTo_5|Start:No Error
172447:D_3_GoTo_5|Done:No Error
172455:S_11_GoTo_12|Start:No Error
172455:D_11_GoTo_12|Start:No Error
172455:A_11_GoTo_12|Start:No Error
172455:S_5_GoTo_6|Start:No Error
172455:A_5_GoTo_6|Start:No Error
172455:D_5_GoTo_6|Start:No Error
172455:A_11_GoTo_12|Done:No Error
172455:B_11_GoTo_12|Start:No Error
172455:A_5_GoTo_6|Done:No Error
172455:B_5_GoTo_6|Start:No Error
172455:D_5_GoTo_6|Done:No Error
172455:B_5_GoTo_6|Done:No Error
172455:C_5_GoTo_6|Start:No Error
172455:D_11_GoTo_12|Done:No Error
172455:B_11_GoTo_12|Done:No Error
172455:C_11_GoTo_12|Start:No Error
172456:A_3_GoTo_5|Done:No Error
172456:B_3_GoTo_5|Start:No Error
172456:C_5_GoTo_6|Done:No Error
172456:S_5_GoTo_6|Finish:No Error
172456:C_11_GoTo_12|Done:No Error
172456:S_11_GoTo_12|Finish:No Error
172456:B_3_GoTo_5|Done:No Error
172456:C_3_GoTo_5|Start:No Error
172456:C_3_GoTo_5|Done:No Error
172456:S_3_GoTo_5|Finish:No Error
172459:S_16_GoTo_17|Start:No Error
172459:D_16_GoTo_17|Start:No Error
172459:A_16_GoTo_17|Start:No Error
172459:D_16_GoTo_17|Done:No Error
172459:A_16_GoTo_17|Done:No Error
172459:B_16_GoTo_17|Start:No Error
172500:B_16_GoTo_17|Done:No Error
172500:C_16_GoTo_17|Start:No Error
172500:C_16_GoTo_17|Done:No Error
172500:S_16_GoTo_17|Finish:No Error
172503:S_7_GoTo_8|Start:No Error
172503:D_7_GoTo_8|Start:No Error
172503:A_7_GoTo_8|Start:No Error
172503:D_7_GoTo_8|Done:No Error
172503:S_6_GoTo_7|Start:No Error
172503:D_6_GoTo_7|Start:No Error
172503:A_6_GoTo_7|Start:No Error
172503:D_6_GoTo_7|Done:No Error
172508:S_8_GoTo_9|Start:No Error
172508:D_8_GoTo_9|Start:No Error
172508:A_8_GoTo_9|Start:No Error
172508:D_8_GoTo_9|Done:No Error
172519:S_13_GoTo_16|Start:No Error
172519:D_13_GoTo_16|Start:No Error
172519:A_13_GoTo_16|Start:No Error
172519:A_13_GoTo_16|Done:No Error
172519:B_13_GoTo_16|Start:No Error
172519:D_13_GoTo_16|Done:No Error
172520:B_13_GoTo_16|Done:No Error
172520:C_13_GoTo_16|Start:No Error
172520:C_13_GoTo_16|Done:No Error
172520:S_13_GoTo_16|Finish:No Error
172525:S_3_GoTo_5|Start:No Error
172525:D_3_GoTo_5|Start:No Error
172525:A_3_GoTo_5|Start:No Error
172526:D_3_GoTo_5|Done:No Error
172526:S_17_GoTo_18|Start:No Error
172526:D_17_GoTo_18|Start:No Error
172526:A_17_GoTo_18|Start:No Error
172526:A_17_GoTo_18|Done:No Error
172526:B_17_GoTo_18|Start:No Error
172527:D_17_GoTo_18|Done:No Error
172527:B_17_GoTo_18|Done:No Error
172527:C_17_GoTo_18|Start:No Error
172527:C_17_GoTo_18|Done:No Error
172527:S_17_GoTo_18|Finish:No Error
172530:S_12_GoTo_13|Start:No Error
172530:D_12_GoTo_13|Start:No Error
172530:A_12_GoTo_13|Start:No Error
172530:A_12_GoTo_13|Done:No Error
172530:B_12_GoTo_13|Start:No Error
172530:D_12_GoTo_13|Done:No Error
172531:B_12_GoTo_13|Done:No Error
172531:C_12_GoTo_13|Start:No Error
172531:C_12_GoTo_13|Done:No Error
172531:S_12_GoTo_13|Finish:No Error
172537:S_9_GoTo_10|Start:No Error
172537:D_9_GoTo_10|Start:No Error
172537:A_9_GoTo_10|Start:No Error
172537:A_9_GoTo_10|Done:No Error
172537:B_9_GoTo_10|Start:No Error
172537:D_9_GoTo_10|Done:No Error
172537:B_9_GoTo_10|Done:No Error
172537:C_9_GoTo_10|Start:No Error
172537:A_8_GoTo_9|Done:No Error
172537:C_9_GoTo_10|Done:No Error
172537:B_8_GoTo_9|Start:No Error
172537:S_9_GoTo_10|Finish:No Error
172538:B_8_GoTo_9|Done:No Error
172538:C_8_GoTo_9|Start:No Error
172538:A_7_GoTo_8|Done:No Error
172538:C_8_GoTo_9|Done:No Error
172538:B_7_GoTo_8|Start:No Error
172538:S_8_GoTo_9|Finish:No Error
172538:B_7_GoTo_8|Done:No Error
172538:C_7_GoTo_8|Start:No Error
172539:A_6_GoTo_7|Done:No Error
172539:C_7_GoTo_8|Done:No Error
172539:B_6_GoTo_7|Start:No Error
172539:S_7_GoTo_8|Finish:No Error
172539:B_6_GoTo_7|Done:No Error
172539:C_6_GoTo_7|Start:No Error
172539:C_6_GoTo_7|Done:No Error
172539:S_6_GoTo_7|Finish:No Error
172540:S_5_GoTo_6|Start:No Error
172540:A_5_GoTo_6|Start:No Error
172540:D_5_GoTo_6|Start:No Error
172540:A_5_GoTo_6|Done:No Error
172540:B_5_GoTo_6|Start:No Error
172540:D_5_GoTo_6|Done:No Error
172540:B_5_GoTo_6|Done:No Error
172540:C_5_GoTo_6|Start:No Error
172541:A_3_GoTo_5|Done:No Error
172541:C_5_GoTo_6|Done:No Error
172541:B_3_GoTo_5|Start:No Error
172541:S_5_GoTo_6|Finish:No Error
172541:B_3_GoTo_5|Done:No Error
172541:C_3_GoTo_5|Start:No Error
172541:C_3_GoTo_5|Done:No Error
172541:S_3_GoTo_5|Finish:No Error
172543:S_10_GoTo_11|Start:No Error
172543:D_10_GoTo_11|Start:No Error
172543:A_10_GoTo_11|Start:No Error
172543:D_10_GoTo_11|Done:No Error
172543:A_10_GoTo_11|Done:No Error
172543:B_10_GoTo_11|Start:No Error
172543:B_10_GoTo_11|Done:No Error
172543:C_10_GoTo_11|Start:No Error
172543:C_10_GoTo_11|Done:No Error
172543:S_10_GoTo_11|Finish:No Error
172547:S_18_GoTo_19|Start:No Error
172547:D_18_GoTo_19|Start:No Error
172547:A_18_GoTo_19|Start:No Error
172547:A_18_GoTo_19|Done:No Error
172547:B_18_GoTo_19|Start:No Error
172547:D_18_GoTo_19|Done:No Error
172548:B_18_GoTo_19|Done:No Error
172548:C_18_GoTo_19|Start:No Error
172548:C_18_GoTo_19|Done:No Error
172548:S_18_GoTo_19|Finish:No Error
172549:S_6_GoTo_7|Start:No Error
172549:D_6_GoTo_7|Start:No Error
172549:A_6_GoTo_7|Start:No Error
172549:D_6_GoTo_7|Done:No Error
172552:S_16_GoTo_17|Start:No Error
172552:D_16_GoTo_17|Start:No Error
172552:A_16_GoTo_17|Start:No Error
172552:A_16_GoTo_17|Done:No Error
172552:B_16_GoTo_17|Start:No Error
172552:D_16_GoTo_17|Done:No Error
172553:B_16_GoTo_17|Done:No Error
172553:C_16_GoTo_17|Start:No Error
172553:C_16_GoTo_17|Done:No Error
172553:S_16_GoTo_17|Finish:No Error
172601:S_11_GoTo_12|Start:No Error
172601:D_11_GoTo_12|Start:No Error
172601:A_11_GoTo_12|Start:No Error
172601:A_11_GoTo_12|Done:No Error
172601:B_11_GoTo_12|Start:No Error
172601:D_11_GoTo_12|Done:No Error
172601:B_11_GoTo_12|Done:No Error
172601:C_11_GoTo_12|Start:No Error
172601:C_11_GoTo_12|Done:No Error
172601:S_11_GoTo_12|Finish:No Error
172609:S_8_GoTo_9|Start:No Error
172609:D_8_GoTo_9|Start:No Error
172609:A_8_GoTo_9|Start:No Error
172609:D_8_GoTo_9|Done:No Error
172610:S_7_GoTo_8|Start:No Error
172610:D_7_GoTo_8|Start:No Error
172610:A_7_GoTo_8|Start:No Error
172610:D_7_GoTo_8|Done:No Error
172610:S_13_GoTo_16|Start:No Error
172610:D_13_GoTo_16|Start:No Error
172610:A_13_GoTo_16|Start:No Error
172610:A_13_GoTo_16|Done:No Error
172610:B_13_GoTo_16|Start:No Error
172610:D_13_GoTo_16|Done:No Error
172610:B_13_GoTo_16|Done:No Error
172610:C_13_GoTo_16|Start:No Error
172611:C_13_GoTo_16|Done:No Error
172611:S_13_GoTo_16|Finish:No Error
172615:S_17_GoTo_18|Start:No Error
172615:D_17_GoTo_18|Start:No Error
172615:A_17_GoTo_18|Start:No Error
172615:A_17_GoTo_18|Done:No Error
172615:B_17_GoTo_18|Start:No Error
172615:D_17_GoTo_18|Done:No Error
172615:B_17_GoTo_18|Done:No Error
172615:C_17_GoTo_18|Start:No Error
172616:C_17_GoTo_18|Done:No Error
172616:S_17_GoTo_18|Finish:No Error
172642:A_8_GoTo_9|Done:Error: Open Variable Connection in TriggerNext.vi:6380003->TriggerNext.vi.ProxyCaller
172642:B_8_GoTo_9|Start:No Error
172647:A_7_GoTo_8|Done:Error: Open Variable Connection in TriggerNext.vi:6380004->TriggerNext.vi.ProxyCaller
172647:B_7_GoTo_8|Start:No Error
172652:A_6_GoTo_7|Done:Error: Open Variable Connection in TriggerNext.vi:6380002->TriggerNext.vi.ProxyCaller
172652:B_6_GoTo_7|Start:No Error
172715:B_8_GoTo_9|Done:No Error
172715:C_8_GoTo_9|Start:No Error
172715:B_7_GoTo_8|Done:No Error
172715:C_7_GoTo_8|Start:No Error
172715:B_6_GoTo_7|Done:No Error
172715:C_6_GoTo_7|Start:No Error
172715:C_8_GoTo_9|Done:No Error
172715:S_8_GoTo_9|Finish:No Error
172715:C_6_GoTo_7|Done:No Error
172715:S_6_GoTo_7|Finish:No Error
172715:C_7_GoTo_8|Done:No Error
172715:S_7_GoTo_8|Finish:No Error
172807:S_5_GoTo_6|Start:No Error
172807:D_5_GoTo_6|Start:No Error
172807:A_5_GoTo_6|Start:No Error
172807:D_5_GoTo_6|Done:No Error
172807:A_5_GoTo_6|Done:No Error
172807:B_5_GoTo_6|Start:No Error
172807:B_5_GoTo_6|Done:No Error
172807:C_5_GoTo_6|Start:No Error
172808:C_5_GoTo_6|Done:No Error
172808:S_5_GoTo_6|Finish:No Error
172837:S_9_GoTo_10|Start:No Error
172837:A_9_GoTo_10|Start:No Error
172837:D_9_GoTo_10|Start:No Error
172837:D_9_GoTo_10|Done:No Error
172837:A_9_GoTo_10|Done:No Error
172837:B_9_GoTo_10|Start:No Error
172837:B_9_GoTo_10|Done:No Error
172837:C_9_GoTo_10|Start:No Error
172837:C_9_GoTo_10|Done:No Error
172837:S_9_GoTo_10|Finish:No Error
172844:S_10_GoTo_11|Start:No Error
172844:D_10_GoTo_11|Start:No Error
172844:A_10_GoTo_11|Start:No Error
172844:D_10_GoTo_11|Done:No Error
172844:A_10_GoTo_11|Done:No Error
172844:B_10_GoTo_11|Start:No Error
172845:B_10_GoTo_11|Done:No Error
172845:C_10_GoTo_11|Start:No Error
172845:C_10_GoTo_11|Done:No Error
172845:S_10_GoTo_11|Finish:No Error
172907:S_11_GoTo_12|Start:No Error
172907:D_11_GoTo_12|Start:No Error
172907:A_11_GoTo_12|Start:No Error
172908:D_11_GoTo_12|Done:No Error
172912:S_8_GoTo_9|Start:No Error
172912:D_8_GoTo_9|Start:No Error
172912:A_8_GoTo_9|Start:No Error
172912:D_8_GoTo_9|Done:No Error
172927:S_9_GoTo_10|Start:No Error
172927:D_9_GoTo_10|Start:No Error
172927:A_9_GoTo_10|Start:No Error
172928:A_9_GoTo_10|Done:No Error
172928:B_9_GoTo_10|Start:No Error
172928:D_9_GoTo_10|Done:No Error
172928:B_9_GoTo_10|Done:No Error
172928:C_9_GoTo_10|Start:No Error
172928:A_8_GoTo_9|Done:No Error
172928:C_9_GoTo_10|Done:No Error
172928:B_8_GoTo_9|Start:No Error
172928:S_9_GoTo_10|Finish:No Error
172929:B_8_GoTo_9|Done:No Error
172929:C_8_GoTo_9|Start:No Error
172930:C_8_GoTo_9|Done:No Error
172930:S_8_GoTo_9|Finish:No Error
172935:S_18_GoTo_19|Start:No Error
172935:D_18_GoTo_19|Start:No Error
172935:A_18_GoTo_19|Start:No Error
172936:D_18_GoTo_19|Done:No Error
172937:S_6_GoTo_7|Start:No Error
172937:D_6_GoTo_7|Start:No Error
172937:A_6_GoTo_7|Start:No Error
172937:D_6_GoTo_7|Done:No Error
172940:S_19_GoTo_20|Start:No Error
172940:A_19_GoTo_20|Start:No Error
172940:D_19_GoTo_20|Start:No Error
172940:A_19_GoTo_20|Done:No Error
172940:B_19_GoTo_20|Start:No Error
172940:D_19_GoTo_20|Done:No Error
172940:B_19_GoTo_20|Done:No Error
172940:C_19_GoTo_20|Start:No Error
172940:A_18_GoTo_19|Done:No Error
172940:B_18_GoTo_19|Start:No Error
172940:C_19_GoTo_20|Done:No Error
172940:S_19_GoTo_20|Finish:No Error
172944:B_18_GoTo_19|Done:No Error
172944:C_18_GoTo_19|Start:No Error
172945:C_18_GoTo_19|Done:No Error
172945:S_18_GoTo_19|Finish:No Error
173013:S_12_GoTo_13|Start:No Error
173013:D_12_GoTo_13|Start:No Error
173013:A_12_GoTo_13|Start:No Error
173013:A_12_GoTo_13|Done:No Error
173013:B_12_GoTo_13|Start:No Error
173013:D_12_GoTo_13|Done:No Error
173014:B_12_GoTo_13|Done:No Error
173014:C_12_GoTo_13|Start:No Error
173015:A_11_GoTo_12|Done:No Error
173015:C_12_GoTo_13|Done:No Error
173015:B_11_GoTo_12|Start:No Error
173015:S_12_GoTo_13|Finish:No Error
173016:B_11_GoTo_12|Done:No Error
173016:C_11_GoTo_12|Start:No Error
173017:C_11_GoTo_12|Done:No Error
173017:S_11_GoTo_12|Finish:No Error
173017:S_10_GoTo_11|Start:No Error
173017:D_10_GoTo_11|Start:No Error
173017:A_10_GoTo_11|Start:No Error
173017:D_10_GoTo_11|Done:No Error
173017:A_10_GoTo_11|Done:No Error
173017:B_10_GoTo_11|Start:No Error
173017:B_10_GoTo_11|Done:No Error
173017:C_10_GoTo_11|Start:No Error
173018:C_10_GoTo_11|Done:No Error
173018:S_10_GoTo_11|Finish:No Error
173018:S_3_GoTo_5|Start:No Error
173018:D_3_GoTo_5|Start:No Error
173018:A_3_GoTo_5|Start:No Error
173018:A_3_GoTo_5|Done:No Error
173018:B_3_GoTo_5|Start:No Error
173022:S_16_GoTo_17|Start:No Error
173022:D_16_GoTo_17|Start:No Error
173022:A_16_GoTo_17|Start:No Error
173022:A_16_GoTo_17|Done:No Error
173022:B_16_GoTo_17|Start:No Error
173022:D_16_GoTo_17|Done:No Error
173038:B_3_GoTo_5|Done:No Error
173038:C_3_GoTo_5|Start:No Error
173042:B_16_GoTo_17|Done:No Error
173042:C_16_GoTo_17|Start:No Error
173046:D_3_GoTo_5|Done:No Error
173048:C_3_GoTo_5|Done:No Error
173048:S_3_GoTo_5|Finish:No Error
173048:C_16_GoTo_17|Done:No Error
173048:S_16_GoTo_17|Finish:No Error
173110:S_7_GoTo_8|Start:No Error
173110:A_7_GoTo_8|Start:No Error
173110:D_7_GoTo_8|Start:No Error
173110:A_7_GoTo_8|Done:No Error
173110:B_7_GoTo_8|Start:No Error
173110:D_7_GoTo_8|Done:No Error
173112:B_7_GoTo_8|Done:No Error
173112:C_7_GoTo_8|Start:No Error
173114:A_6_GoTo_7|Done:No Error
173114:B_6_GoTo_7|Start:No Error
173114:C_7_GoTo_8|Done:No Error
173114:S_7_GoTo_8|Finish:No Error
173115:B_6_GoTo_7|Done:No Error
173115:C_6_GoTo_7|Start:No Error
173116:C_6_GoTo_7|Done:No Error
173116:S_6_GoTo_7|Finish:No Error
173117:S_9_GoTo_10|Start:No Error
173117:D_9_GoTo_10|Start:No Error
173117:A_9_GoTo_10|Start:No Error
173117:D_9_GoTo_10|Done:No Error
173117:A_9_GoTo_10|Done:No Error
173117:B_9_GoTo_10|Start:No Error
173118:B_9_GoTo_10|Done:No Error
173118:C_9_GoTo_10|Start:No Error
173119:C_9_GoTo_10|Done:No Error
173119:S_9_GoTo_10|Finish:No Error
173120:S_11_GoTo_12|Start:No Error
173120:D_11_GoTo_12|Start:No Error
173120:A_11_GoTo_12|Start:No Error
173126:D_11_GoTo_12|Done:No Error
173127:S_10_GoTo_11|Start:No Error
173127:D_10_GoTo_11|Start:No Error
173127:A_10_GoTo_11|Start:No Error
173127:D_10_GoTo_11|Done:No Error
173145:S_13_GoTo_16|Start:No Error
173145:D_13_GoTo_16|Start:No Error
173145:A_13_GoTo_16|Start:No Error
173145:A_13_GoTo_16|Done:No Error
173145:B_13_GoTo_16|Start:No Error
173145:D_13_GoTo_16|Done:No Error
173145:B_13_GoTo_16|Done:No Error
173145:C_13_GoTo_16|Start:No Error
173146:S_17_GoTo_18|Start:No Error
173146:A_17_GoTo_18|Start:No Error
173146:D_17_GoTo_18|Start:No Error
173146:C_13_GoTo_16|Done:No Error
173146:S_13_GoTo_16|Finish:No Error
173146:A_17_GoTo_18|Done:No Error
173146:B_17_GoTo_18|Start:No Error
173150:B_17_GoTo_18|Done:No Error
173150:C_17_GoTo_18|Start:No Error
173150:D_17_GoTo_18|Done:No Error
173151:C_17_GoTo_18|Done:No Error
173151:S_17_GoTo_18|Finish:No Error
173157:S_8_GoTo_9|Start:No Error
173157:D_8_GoTo_9|Start:No Error
173157:A_8_GoTo_9|Start:No Error
173157:A_8_GoTo_9|Done:No Error
173157:B_8_GoTo_9|Start:No Error
173157:D_8_GoTo_9|Done:No Error
173158:B_8_GoTo_9|Done:No Error
173158:C_8_GoTo_9|Start:No Error
173159:C_8_GoTo_9|Done:No Error
173159:S_8_GoTo_9|Finish:No Error
173201:D_5_GoTo_6|Start:No Error
173201:S_5_GoTo_6|Start:No Error
173201:A_5_GoTo_6|Start:No Error
173201:A_5_GoTo_6|Done:No Error
173201:B_5_GoTo_6|Start:No Error
173201:D_5_GoTo_6|Done:No Error
173202:B_5_GoTo_6|Done:No Error
173202:C_5_GoTo_6|Start:No Error
173202:C_5_GoTo_6|Done:No Error
173202:S_5_GoTo_6|Finish:No Error
173205:S_18_GoTo_19|Start:No Error
173205:D_18_GoTo_19|Start:No Error
173205:A_18_GoTo_19|Start:No Error
173206:D_18_GoTo_19|Done:No Error
173210:S_6_GoTo_7|Start:No Error
173210:A_6_GoTo_7|Start:No Error
173210:D_6_GoTo_7|Start:No Error
173210:D_6_GoTo_7|Done:No Error
173218:S_7_GoTo_8|Start:No Error
173218:D_7_GoTo_8|Start:No Error
173218:A_7_GoTo_8|Start:No Error
173218:A_7_GoTo_8|Done:No Error
173218:B_7_GoTo_8|Start:No Error
173218:D_7_GoTo_8|Done:No Error
173218:B_7_GoTo_8|Done:No Error
173218:C_7_GoTo_8|Start:No Error
173219:A_6_GoTo_7|Done:No Error
173219:B_6_GoTo_7|Start:No Error
173219:C_7_GoTo_8|Done:No Error
173219:S_7_GoTo_8|Finish:No Error
173221:B_6_GoTo_7|Done:No Error
173221:C_6_GoTo_7|Start:No Error
173222:C_6_GoTo_7|Done:No Error
173222:S_6_GoTo_7|Finish:No Error
173228:S_12_GoTo_13|Start:No Error
173228:D_12_GoTo_13|Start:No Error
173228:A_12_GoTo_13|Start:No Error
173228:D_12_GoTo_13|Done:No Error
173228:A_12_GoTo_13|Done:No Error
173228:B_12_GoTo_13|Start:No Error
173228:B_12_GoTo_13|Done:No Error
173228:C_12_GoTo_13|Start:No Error
173229:A_11_GoTo_12|Done:No Error
173229:B_11_GoTo_12|Start:No Error
173229:C_12_GoTo_13|Done:No Error
173229:S_12_GoTo_13|Finish:No Error
173230:B_11_GoTo_12|Done:No Error
173230:C_11_GoTo_12|Start:No Error
173230:A_10_GoTo_11|Done:No Error
173230:C_11_GoTo_12|Done:No Error
173230:B_10_GoTo_11|Start:No Error
173230:S_11_GoTo_12|Finish:No Error
173231:B_10_GoTo_11|Done:No Error
173231:C_10_GoTo_11|Start:No Error
173232:C_10_GoTo_11|Done:No Error
173232:S_10_GoTo_11|Finish:No Error
173247:S_16_GoTo_17|Start:No Error
173247:D_16_GoTo_17|Start:No Error
173247:A_16_GoTo_17|Start:No Error
173247:A_16_GoTo_17|Done:No Error
173247:B_16_GoTo_17|Start:No Error
173247:D_16_GoTo_17|Done:No Error
173248:S_11_GoTo_12|Start:No Error
173248:D_11_GoTo_12|Start:No Error
173248:A_11_GoTo_12|Start:No Error
173249:D_11_GoTo_12|Done:No Error
173251:B_16_GoTo_17|Done:No Error
173251:C_16_GoTo_17|Start:No Error
173252:C_16_GoTo_17|Done:No Error
173252:S_16_GoTo_17|Finish:No Error
173300:S_8_GoTo_9|Start:No Error
173300:D_8_GoTo_9|Start:No Error
173300:A_8_GoTo_9|Start:No Error
173300:D_8_GoTo_9|Done:No Error
173301:S_9_GoTo_10|Start:No Error
173301:D_9_GoTo_10|Start:No Error
173301:A_9_GoTo_10|Start:No Error
173301:A_9_GoTo_10|Done:No Error
173301:D_9_GoTo_10|Done:No Error
173301:B_9_GoTo_10|Start:No Error
173302:B_9_GoTo_10|Done:No Error
173302:C_9_GoTo_10|Start:No Error
173310:A_8_GoTo_9|Done:No Error
173310:C_9_GoTo_10|Done:No Error
173310:B_8_GoTo_9|Start:No Error
173310:S_9_GoTo_10|Finish:No Error
173312:B_8_GoTo_9|Done:No Error
173312:C_8_GoTo_9|Start:No Error
173313:C_8_GoTo_9|Done:No Error
173313:S_8_GoTo_9|Finish:No Error
173316:S_10_GoTo_11|Start:No Error
173316:D_10_GoTo_11|Start:No Error
173316:A_10_GoTo_11|Start:No Error
173316:D_10_GoTo_11|Done:No Error
173318:S_7_GoTo_8|Start:No Error
173318:A_7_GoTo_8|Start:No Error
173318:D_7_GoTo_8|Start:No Error
173318:A_7_GoTo_8|Done:No Error
173318:B_7_GoTo_8|Start:No Error
173318:D_7_GoTo_8|Done:No Error
173319:B_7_GoTo_8|Done:No Error
173319:C_7_GoTo_8|Start:No Error
173319:C_7_GoTo_8|Done:No Error
173319:S_7_GoTo_8|Finish:No Error
173333:S_13_GoTo_16|Start:No Error
173333:D_13_GoTo_16|Start:No Error
173333:A_13_GoTo_16|Start:No Error
173333:A_13_GoTo_16|Done:No Error
173333:B_13_GoTo_16|Start:No Error
173333:D_13_GoTo_16|Done:No Error
173333:B_13_GoTo_16|Done:No Error
173333:C_13_GoTo_16|Start:No Error
173334:C_13_GoTo_16|Done:No Error
173334:S_13_GoTo_16|Finish:No Error
173340:S_17_GoTo_18|Start:No Error
173340:A_17_GoTo_18|Start:No Error
173340:D_17_GoTo_18|Start:No Error
173340:D_17_GoTo_18|Done:No Error
173353:S_12_GoTo_13|Start:No Error
173353:D_12_GoTo_13|Start:No Error
173353:A_12_GoTo_13|Start:No Error
173353:A_12_GoTo_13|Done:No Error
173353:B_12_GoTo_13|Start:No Error
173353:D_12_GoTo_13|Done:No Error
173353:B_12_GoTo_13|Done:No Error
173353:C_12_GoTo_13|Start:No Error
173354:A_11_GoTo_12|Done:No Error
173354:B_11_GoTo_12|Start:No Error
173354:C_12_GoTo_13|Done:No Error
173354:S_12_GoTo_13|Finish:No Error
173354:B_11_GoTo_12|Done:No Error
173354:C_11_GoTo_12|Start:No Error
173355:A_10_GoTo_11|Done:No Error
173355:B_10_GoTo_11|Start:No Error
173355:C_11_GoTo_12|Done:No Error
173355:S_11_GoTo_12|Finish:No Error
173356:B_10_GoTo_11|Done:No Error
173356:C_10_GoTo_11|Start:No Error
173356:C_10_GoTo_11|Done:No Error
173356:S_10_GoTo_11|Finish:No Error
173412:S_11_GoTo_12|Start:No Error
173412:D_11_GoTo_12|Start:No Error
173412:A_11_GoTo_12|Start:No Error
173418:D_11_GoTo_12|Done:No Error
173421:S_8_GoTo_9|Start:No Error
173421:A_8_GoTo_9|Start:No Error
173421:D_8_GoTo_9|Start:No Error
173421:D_8_GoTo_9|Done:No Error
173427:S_9_GoTo_10|Start:No Error
173427:D_9_GoTo_10|Start:No Error
173427:A_9_GoTo_10|Start:No Error
173427:A_9_GoTo_10|Done:No Error
173427:B_9_GoTo_10|Start:No Error
173427:D_9_GoTo_10|Done:No Error
173427:B_9_GoTo_10|Done:No Error
173427:C_9_GoTo_10|Start:No Error
173429:A_8_GoTo_9|Done:No Error
173429:C_9_GoTo_10|Done:No Error
173429:B_8_GoTo_9|Start:No Error
173429:S_9_GoTo_10|Finish:No Error
173431:B_8_GoTo_9|Done:No Error
173431:C_8_GoTo_9|Start:No Error
173432:C_8_GoTo_9|Done:No Error
173432:S_8_GoTo_9|Finish:No Error
173432:S_16_GoTo_17|Start:No Error
173432:D_16_GoTo_17|Start:No Error
173432:A_16_GoTo_17|Start:No Error
173432:D_16_GoTo_17|Done:No Error
173434:S_13_GoTo_16|Start:No Error
173434:D_13_GoTo_16|Start:No Error
173434:A_13_GoTo_16|Start:No Error
173434:D_13_GoTo_16|Done:No Error
173440:S_10_GoTo_11|Start:No Error
173440:D_10_GoTo_11|Start:No Error
173440:A_10_GoTo_11|Start:No Error
173440:D_10_GoTo_11|Done:No Error
173448:S_12_GoTo_13|Start:No Error
173448:D_12_GoTo_13|Start:No Error
173448:A_12_GoTo_13|Start:No Error
173448:D_12_GoTo_13|Done:No Error
173558:S_9_GoTo_10|Start:No Error
173558:D_9_GoTo_10|Start:No Error
173558:A_9_GoTo_10|Start:No Error
173558:D_9_GoTo_10|Done:No Error
173701:S_20_GoTo_22|Start:No Error
173701:D_20_GoTo_22|Start:No Error
173701:A_20_GoTo_22|Start:No Error
173701:D_20_GoTo_22|Done:No Error
173701:A_20_GoTo_22|Done:No Error
173701:B_20_GoTo_22|Start:No Error
173701:B_20_GoTo_22|Done:No Error
173701:C_20_GoTo_22|Start:No Error
173702:C_20_GoTo_22|Done:No Error
173702:S_20_GoTo_22|Finish:No Error
173705:S_22_GoTo_21|Start:No Error
173705:A_22_GoTo_21|Start:No Error
173705:D_22_GoTo_21|Start:No Error
173705:D_22_GoTo_21|Done:No Error
173705:A_22_GoTo_21|Done:No Error
173705:B_22_GoTo_21|Start:No Error
173705:B_22_GoTo_21|Done:No Error
173705:C_22_GoTo_21|Start:No Error
173705:C_22_GoTo_21|Done:No Error
173705:S_22_GoTo_21|Finish:No Error
173719:S_19_GoTo_20|Start:No Error
173719:D_19_GoTo_20|Start:No Error
173719:A_19_GoTo_20|Start:No Error
173719:A_19_GoTo_20|Done:No Error
173719:B_19_GoTo_20|Start:No Error
173719:D_19_GoTo_20|Done:No Error
173719:B_19_GoTo_20|Done:No Error
173719:C_19_GoTo_20|Start:No Error
173720:A_18_GoTo_19|Done:No Error
173720:C_19_GoTo_20|Done:No Error
173720:B_18_GoTo_19|Start:No Error
173720:S_19_GoTo_20|Finish:No Error
173720:B_18_GoTo_19|Done:No Error
173720:C_18_GoTo_19|Start:No Error
173721:A_17_GoTo_18|Done:No Error
173721:B_17_GoTo_18|Start:No Error
173721:C_18_GoTo_19|Done:No Error
173721:S_18_GoTo_19|Finish:No Error
173722:B_17_GoTo_18|Done:No Error
173722:C_17_GoTo_18|Start:No Error
173722:A_16_GoTo_17|Done:No Error
173722:C_17_GoTo_18|Done:No Error
173722:B_16_GoTo_17|Start:No Error
173722:S_17_GoTo_18|Finish:No Error
173723:B_16_GoTo_17|Done:No Error
173723:C_16_GoTo_17|Start:No Error
173723:A_13_GoTo_16|Done:No Error
173723:B_13_GoTo_16|Start:No Error
173723:C_16_GoTo_17|Done:No Error
173723:S_16_GoTo_17|Finish:No Error
173724:B_13_GoTo_16|Done:No Error
173724:C_13_GoTo_16|Start:No Error
173725:A_12_GoTo_13|Done:No Error
173725:C_13_GoTo_16|Done:No Error
173725:B_12_GoTo_13|Start:No Error
173725:S_13_GoTo_16|Finish:No Error
173725:B_12_GoTo_13|Done:No Error
173725:C_12_GoTo_13|Start:No Error
173726:A_11_GoTo_12|Done:No Error
173726:C_12_GoTo_13|Done:No Error
173726:B_11_GoTo_12|Start:No Error
173726:S_12_GoTo_13|Finish:No Error
173726:B_11_GoTo_12|Done:No Error
173726:C_11_GoTo_12|Start:No Error
173727:A_10_GoTo_11|Done:No Error
173727:B_10_GoTo_11|Start:No Error
173727:C_11_GoTo_12|Done:No Error
173727:S_11_GoTo_12|Finish:No Error
173728:B_10_GoTo_11|Done:No Error
173728:C_10_GoTo_11|Start:No Error
173728:A_9_GoTo_10|Done:No Error
173728:C_10_GoTo_11|Done:No Error
173728:B_9_GoTo_10|Start:No Error
173728:S_10_GoTo_11|Finish:No Error
173729:B_9_GoTo_10|Done:No Error
173729:C_9_GoTo_10|Start:No Error
173730:C_9_GoTo_10|Done:No Error
173730:S_9_GoTo_10|Finish:No Error
173733:S_18_GoTo_19|Start:No Error
173733:D_18_GoTo_19|Start:No Error
173733:A_18_GoTo_19|Start:No Error
173734:D_18_GoTo_19|Done:No Error
173757:S_3_GoTo_5|Start:No Error
173757:D_3_GoTo_5|Start:No Error
173757:A_3_GoTo_5|Start:No Error
173757:A_3_GoTo_5|Done:No Error
173757:B_3_GoTo_5|Start:No Error
173803:D_3_GoTo_5|Done:No Error
173805:S_10_GoTo_11|Start:No Error
173805:D_10_GoTo_11|Start:No Error
173805:A_10_GoTo_11|Start:No Error
173805:D_10_GoTo_11|Done:No Error
173813:D_17_GoTo_18|Start:No Error
173813:S_17_GoTo_18|Start:No Error
173813:A_17_GoTo_18|Start:No Error
173821:S_11_GoTo_12|Start:No Error
173821:A_11_GoTo_12|Start:No Error
173821:D_11_GoTo_12|Start:No Error
173835:B_3_GoTo_5|Done:No Error
173835:C_3_GoTo_5|Start:No Error
173840:D_17_GoTo_18|Done:No Error
173842:D_11_GoTo_12|Done:No Error
173842:S_13_GoTo_16|Start:No Error
173842:D_13_GoTo_16|Start:No Error
173842:A_13_GoTo_16|Start:No Error
173842:D_13_GoTo_16|Done:No Error
173842:C_3_GoTo_5|Done:No Error
173842:S_3_GoTo_5|Finish:No Error
173903:S_12_GoTo_13|Start:No Error
173903:D_12_GoTo_13|Start:No Error
173903:A_12_GoTo_13|Start:No Error
173903:D_12_GoTo_13|Done:No Error
173904:S_16_GoTo_17|Start:No Error
173904:D_16_GoTo_17|Start:No Error
173904:A_16_GoTo_17|Start:No Error
173904:D_16_GoTo_17|Done:No Error
173935:S_5_GoTo_6|Start:No Error
173935:D_5_GoTo_6|Start:No Error
173935:A_5_GoTo_6|Start:No Error
173935:A_5_GoTo_6|Done:No Error
173935:B_5_GoTo_6|Start:No Error
173935:D_5_GoTo_6|Done:No Error
173935:B_5_GoTo_6|Done:No Error
173935:C_5_GoTo_6|Start:No Error
173936:C_5_GoTo_6|Done:No Error
173936:S_5_GoTo_6|Finish:No Error
173943:S_6_GoTo_7|Start:No Error
173943:D_6_GoTo_7|Start:No Error
173943:A_6_GoTo_7|Start:No Error
173943:D_6_GoTo_7|Done:No Error
173943:A_6_GoTo_7|Done:No Error
173943:B_6_GoTo_7|Start:No Error
173944:B_6_GoTo_7|Done:No Error
173944:C_6_GoTo_7|Start:No Error
173944:C_6_GoTo_7|Done:No Error
173944:S_6_GoTo_7|Finish:No Error
174016:S_7_GoTo_8|Start:No Error
174016:A_7_GoTo_8|Start:No Error
174016:D_7_GoTo_8|Start:No Error
174016:A_7_GoTo_8|Done:No Error
174016:B_7_GoTo_8|Start:No Error
174016:D_7_GoTo_8|Done:No Error
174017:B_7_GoTo_8|Done:No Error
174017:C_7_GoTo_8|Start:No Error
174017:C_7_GoTo_8|Done:No Error
174017:S_7_GoTo_8|Finish:No Error
174058:S_8_GoTo_9|Start:No Error
174058:D_8_GoTo_9|Start:No Error
174058:A_8_GoTo_9|Start:No Error
174058:A_8_GoTo_9|Done:No Error
174058:B_8_GoTo_9|Start:No Error
174058:D_8_GoTo_9|Done:No Error
174058:B_8_GoTo_9|Done:No Error
174058:C_8_GoTo_9|Start:No Error
174059:C_8_GoTo_9|Done:No Error
174059:S_8_GoTo_9|Finish:No Error
181948:S_19_GoTo_20|Start:No Error
181948:D_19_GoTo_20|Start:No Error
181948:A_19_GoTo_20|Start:No Error
181949:D_19_GoTo_20|Done:No Error
183203:S_21_GoTo_FINISH|Start:No Error
183203:D_21_GoTo_FINISH|Start:No Error
183203:A_21_GoTo_FINISH|Start:No Error
183203:A_21_GoTo_FINISH|Done:No Error
183203:B_21_GoTo_FINISH|Start:No Error
183203:B_FINISH_NA_NA:No Error
183203:B_21_GoTo_FINISH|Done:No Error
183203:C_21_GoTo_FINISH|Start:No Error
183203:D_21_GoTo_FINISH|Done:No Error
183204:C_21_GoTo_FINISH|Done:No Error
183204:S_21_GoTo_FINISH|Finish:No Error
183305:S_20_GoTo_22|Start:No Error
183305:D_20_GoTo_22|Start:No Error
183305:A_20_GoTo_22|Start:No Error
183305:D_20_GoTo_22|Done:No Error
183305:A_20_GoTo_22|Done:No Error
183305:B_20_GoTo_22|Start:No Error
183306:B_20_GoTo_22|Done:No Error
183306:C_20_GoTo_22|Start:No Error
183306:A_19_GoTo_20|Done:No Error
183306:C_20_GoTo_22|Done:No Error
183306:B_19_GoTo_20|Start:No Error
183306:S_20_GoTo_22|Finish:No Error
183307:B_19_GoTo_20|Done:No Error
183307:C_19_GoTo_20|Start:No Error
183307:A_18_GoTo_19|Done:No Error
183307:C_19_GoTo_20|Done:No Error
183307:B_18_GoTo_19|Start:No Error
183307:S_19_GoTo_20|Finish:No Error
183307:B_18_GoTo_19|Done:No Error
183307:C_18_GoTo_19|Start:No Error
183308:A_17_GoTo_18|Done:No Error
183308:C_18_GoTo_19|Done:No Error
183308:B_17_GoTo_18|Start:No Error
183308:S_18_GoTo_19|Finish:No Error
183309:B_17_GoTo_18|Done:No Error
183309:C_17_GoTo_18|Start:No Error
183309:C_17_GoTo_18|Done:No Error
183309:S_17_GoTo_18|Finish:No Error
183309:A_16_GoTo_17|Done:No Error
183309:B_16_GoTo_17|Start:No Error
183310:B_16_GoTo_17|Done:No Error
183310:C_16_GoTo_17|Start:No Error
183310:A_13_GoTo_16|Done:No Error
183310:C_16_GoTo_17|Done:No Error
183310:B_13_GoTo_16|Start:No Error
183310:S_16_GoTo_17|Finish:No Error
183311:B_13_GoTo_16|Done:No Error
183311:C_13_GoTo_16|Start:No Error
183312:A_12_GoTo_13|Done:No Error
183312:C_13_GoTo_16|Done:No Error
183312:B_12_GoTo_13|Start:No Error
183312:S_13_GoTo_16|Finish:No Error
183312:B_12_GoTo_13|Done:No Error
183312:C_12_GoTo_13|Start:No Error
183313:A_11_GoTo_12|Done:No Error
183313:B_11_GoTo_12|Start:No Error
183313:C_12_GoTo_13|Done:No Error
183313:S_12_GoTo_13|Finish:No Error
183313:S_22_GoTo_21|Start:No Error
183313:D_22_GoTo_21|Start:No Error
183313:A_22_GoTo_21|Start:No Error
183313:D_22_GoTo_21|Done:No Error
183313:A_22_GoTo_21|Done:No Error
183313:B_22_GoTo_21|Start:No Error
183314:B_22_GoTo_21|Done:No Error
183314:C_22_GoTo_21|Start:No Error
183314:B_11_GoTo_12|Done:No Error
183314:C_11_GoTo_12|Start:No Error
183315:A_10_GoTo_11|Done:No Error
183315:C_11_GoTo_12|Done:No Error
183315:B_10_GoTo_11|Start:No Error
183315:S_11_GoTo_12|Finish:No Error
183315:C_22_GoTo_21|Done:No Error
183315:S_22_GoTo_21|Finish:No Error
183316:B_10_GoTo_11|Done:No Error
183316:C_10_GoTo_11|Start:No Error
183316:C_10_GoTo_11|Done:No Error
183316:S_10_GoTo_11|Finish:No Error
183431:S_21_GoTo_FINISH|Start:No Error
183431:D_21_GoTo_FINISH|Start:No Error
183431:A_21_GoTo_FINISH|Start:No Error
183431:A_21_GoTo_FINISH|Done:No Error
183431:B_21_GoTo_FINISH|Start:No Error
183431:B_FINISH_NA_NA:No Error
183431:B_21_GoTo_FINISH|Done:No Error
183431:C_21_GoTo_FINISH|Start:No Error
183431:D_21_GoTo_FINISH|Done:No Error
183432:C_21_GoTo_FINISH|Done:No Error
183432:S_21_GoTo_FINISH|Finish:No Error
184143:S_19_GoTo_20|Start:No Error
184143:A_19_GoTo_20|Start:No Error
184143:D_19_GoTo_20|Start:No Error
184144:D_19_GoTo_20|Done:No Error
192504:S_20_GoTo_22|Start:No Error
192504:D_20_GoTo_22|Start:No Error
192504:A_20_GoTo_22|Start:No Error
192504:D_20_GoTo_22|Done:No Error
192504:A_20_GoTo_22|Done:No Error
192504:B_20_GoTo_22|Start:No Error
192505:B_20_GoTo_22|Done:No Error
192505:C_20_GoTo_22|Start:No Error
192505:A_19_GoTo_20|Done:No Error
192505:B_19_GoTo_20|Start:No Error
192505:C_20_GoTo_22|Done:No Error
192505:S_20_GoTo_22|Finish:No Error
192506:B_19_GoTo_20|Done:No Error
192506:C_19_GoTo_20|Start:No Error
192506:C_19_GoTo_20|Done:No Error
192506:S_19_GoTo_20|Finish:No Error
192513:S_22_GoTo_21|Start:No Error
192513:A_22_GoTo_21|Start:No Error
192513:D_22_GoTo_21|Start:No Error
192513:D_22_GoTo_21|Done:No Error
192513:A_22_GoTo_21|Done:No Error
192513:B_22_GoTo_21|Start:No Error
192513:B_22_GoTo_21|Done:No Error
192513:C_22_GoTo_21|Start:No Error
192513:C_22_GoTo_21|Done:No Error
192513:S_22_GoTo_21|Finish:No Error
192659:S_21_GoTo_FINISH|Start:No Error
192659:A_21_GoTo_FINISH|Start:No Error
192659:D_21_GoTo_FINISH|Start:No Error
192659:A_21_GoTo_FINISH|Done:No Error
192659:B_21_GoTo_FINISH|Start:No Error
192659:B_FINISH_NA_NA:No Error
192659:B_21_GoTo_FINISH|Done:No Error
192659:C_21_GoTo_FINISH|Start:No Error
192659:D_21_GoTo_FINISH|Done:No Error
192659:C_21_GoTo_FINISH|Done:No Error
192659:S_21_GoTo_FINISH|Finish:No Error
192837:S_17_GoTo_18|Start:No Error
192837:A_17_GoTo_18|Start:No Error
192837:D_17_GoTo_18|Start:No Error
192837:D_17_GoTo_18|Done:No Error
192902:S_18_GoTo_19|Start:No Error
192902:D_18_GoTo_19|Start:No Error
192902:A_18_GoTo_19|Start:No Error
192902:A_18_GoTo_19|Done:No Error
192902:B_18_GoTo_19|Start:No Error
192902:D_18_GoTo_19|Done:No Error
192902:B_18_GoTo_19|Done:No Error
192902:C_18_GoTo_19|Start:No Error
192903:A_17_GoTo_18|Done:No Error
192903:B_17_GoTo_18|Start:No Error
192903:C_18_GoTo_19|Done:No Error
192903:S_18_GoTo_19|Finish:No Error
192904:B_17_GoTo_18|Done:No Error
192904:C_17_GoTo_18|Start:No Error
192904:C_17_GoTo_18|Done:No Error
192904:S_17_GoTo_18|Finish:No Error
192920:S_19_GoTo_20|Start:No Error
192920:D_19_GoTo_20|Start:No Error
192920:A_19_GoTo_20|Start:No Error
192920:D_19_GoTo_20|Done:No Error
192950:S_20_GoTo_22|Start:No Error
192950:D_20_GoTo_22|Start:No Error
192950:A_20_GoTo_22|Start:No Error
192950:D_20_GoTo_22|Done:No Error
192950:A_20_GoTo_22|Done:No Error
192950:B_20_GoTo_22|Start:No Error
192950:B_20_GoTo_22|Done:No Error
192950:C_20_GoTo_22|Start:No Error
192951:A_19_GoTo_20|Done:No Error
192951:B_19_GoTo_20|Start:No Error
192951:C_20_GoTo_22|Done:No Error
192951:S_20_GoTo_22|Finish:No Error
192951:B_19_GoTo_20|Done:No Error
192951:C_19_GoTo_20|Start:No Error
192952:C_19_GoTo_20|Done:No Error
192952:S_19_GoTo_20|Finish:No Error
193021:S_22_GoTo_21|Start:No Error
193021:D_22_GoTo_21|Start:No Error
193021:A_22_GoTo_21|Start:No Error
193021:D_22_GoTo_21|Done:No Error
193021:A_22_GoTo_21|Done:No Error
193021:B_22_GoTo_21|Start:No Error
193022:B_22_GoTo_21|Done:No Error
193022:C_22_GoTo_21|Start:No Error
193022:C_22_GoTo_21|Done:No Error
193022:S_22_GoTo_21|Finish:No Error
193140:S_21_GoTo_FINISH|Start:No Error
193140:D_21_GoTo_FINISH|Start:No Error
193140:A_21_GoTo_FINISH|Start:No Error
193140:A_21_GoTo_FINISH|Done:No Error
193140:B_21_GoTo_FINISH|Start:No Error
193140:B_FINISH_NA_NA:No Error
193140:B_21_GoTo_FINISH|Done:No Error
193140:C_21_GoTo_FINISH|Start:No Error
193140:D_21_GoTo_FINISH|Done:No Error
193140:C_21_GoTo_FINISH|Done:No Error
193140:S_21_GoTo_FINISH|Finish:No Error
193201:S_20_GoTo_22|Start:No Error
193201:D_20_GoTo_22|Start:No Error
193201:A_20_GoTo_22|Start:No Error
193201:D_20_GoTo_22|Done:No Error
193201:A_20_GoTo_22|Done:No Error
193201:B_20_GoTo_22|Start:No Error
193202:B_20_GoTo_22|Done:No Error
193202:C_20_GoTo_22|Start:No Error
193202:C_20_GoTo_22|Done:No Error
193202:S_20_GoTo_22|Finish:No Error
