081429:S_3_GoTo_20|Start:No Error
081429:D_3_GoTo_20|Done:Error: Open/Create/Replace File in LogForTriggerNext.vi:4310023->TriggerNext.vi:6380002->TriggerNext.vi.ProxyCaller<APPEND>
C:\HVAC\LOG\2021_12_07.log
081430:A_3_GoTo_20|Done:Error: Open/Create/Replace File in LogForTriggerNext.vi:4310029->TriggerNext.vi:6380002->TriggerNext.vi.ProxyCaller<APPEND>
C:\HVAC\LOG\2021_12_07.log
081430:B_3_GoTo_20|Start:No Error
081430:B_3_GoTo_20|Done:No Error
081430:C_3_GoTo_20|Start:No Error
081430:C_3_GoTo_20|Done:No Error
081430:S_3_GoTo_20|Finish:Error: Open/Create/Replace File in LogForTriggerNext.vi:4310023->TriggerNext.vi:6380002->TriggerNext.vi.ProxyCaller<APPEND>
C:\HVAC\LOG\2021_12_07.log
081815:D_3_GoTo_5|Start:No Error
081815:S_3_GoTo_5|Start:No Error
081815:A_3_GoTo_5|Start:No Error
081815:D_3_GoTo_5|Done:No Error
081815:A_3_GoTo_5|Done:No Error
081815:B_3_GoTo_5|Start:No Error
081815:B_3_GoTo_5|Done:No Error
081815:C_3_GoTo_5|Start:No Error
081816:C_3_GoTo_5|Done:No Error
081816:S_3_GoTo_5|Finish:No Error
082120:A_5_GoTo_6|Start:No Error
082120:S_5_GoTo_6|Start:No Error
082120:D_5_GoTo_6|Start:No Error
082121:D_5_GoTo_6|Done:No Error
082121:A_5_GoTo_6|Done:No Error
082121:B_5_GoTo_6|Start:No Error
082121:B_5_GoTo_6|Done:No Error
082121:C_5_GoTo_6|Start:No Error
082121:C_5_GoTo_6|Done:No Error
082121:S_5_GoTo_6|Finish:No Error
082126:D_6_GoTo_7|Start:No Error
082126:A_6_GoTo_7|Start:No Error
082126:S_6_GoTo_7|Start:No Error
082126:D_6_GoTo_7|Done:No Error
082127:A_6_GoTo_7|Done:No Error
082127:B_6_GoTo_7|Start:No Error
082127:B_6_GoTo_7|Done:No Error
082127:C_6_GoTo_7|Start:No Error
082127:C_6_GoTo_7|Done:No Error
082127:S_6_GoTo_7|Finish:No Error
082557:S_7_GoTo_8|Start:No Error
082557:D_7_GoTo_8|Start:No Error
082557:A_7_GoTo_8|Start:No Error
082557:D_7_GoTo_8|Done:No Error
082557:A_7_GoTo_8|Done:No Error
082557:B_7_GoTo_8|Start:No Error
082558:B_7_GoTo_8|Done:No Error
082558:C_7_GoTo_8|Start:No Error
082558:C_7_GoTo_8|Done:No Error
082558:S_7_GoTo_8|Finish:No Error
082612:S_8_GoTo_9|Start:No Error
082612:A_8_GoTo_9|Start:No Error
082612:D_8_GoTo_9|Start:No Error
082612:D_8_GoTo_9|Done:No Error
082612:A_8_GoTo_9|Done:No Error
082612:B_8_GoTo_9|Start:No Error
082613:B_8_GoTo_9|Done:No Error
082613:C_8_GoTo_9|Start:No Error
082613:C_8_GoTo_9|Done:No Error
082613:S_8_GoTo_9|Finish:No Error
082645:S_9_GoTo_10|Start:No Error
082645:C_9_GoTo_10|Start:No Error
082645:D_9_GoTo_10|Start:No Error
082645:C_9_GoTo_10|Done:No Error
082645:D_9_GoTo_10|Done:No Error
082645:S_9_GoTo_10|Finish:No Error
083731:S_3_GoTo_5|Start:No Error
083731:D_3_GoTo_5|Start:No Error
083731:A_3_GoTo_5|Start:No Error
083732:D_3_GoTo_5|Done:No Error
083732:A_3_GoTo_5|Done:No Error
083732:B_3_GoTo_5|Start:No Error
083732:B_3_GoTo_5|Done:No Error
083732:C_3_GoTo_5|Start:No Error
083732:C_3_GoTo_5|Done:No Error
083732:S_3_GoTo_5|Finish:No Error
083743:S_5_GoTo_6|Start:No Error
083743:D_5_GoTo_6|Start:No Error
083743:A_5_GoTo_6|Start:No Error
083744:D_5_GoTo_6|Done:No Error
083744:A_5_GoTo_6|Done:No Error
083744:B_5_GoTo_6|Start:No Error
083744:B_5_GoTo_6|Done:No Error
083744:C_5_GoTo_6|Start:No Error
083745:C_5_GoTo_6|Done:No Error
083745:S_5_GoTo_6|Finish:No Error
083750:S_6_GoTo_7|Start:No Error
083750:A_6_GoTo_7|Start:No Error
083750:D_6_GoTo_7|Start:No Error
083750:D_6_GoTo_7|Done:No Error
083751:A_6_GoTo_7|Done:No Error
083751:B_6_GoTo_7|Start:No Error
083751:B_6_GoTo_7|Done:No Error
083751:C_6_GoTo_7|Start:No Error
083751:C_6_GoTo_7|Done:No Error
083751:S_6_GoTo_7|Finish:No Error
083812:S_3_GoTo_5|Start:No Error
083812:A_3_GoTo_5|Start:No Error
083812:D_3_GoTo_5|Start:No Error
083812:D_3_GoTo_5|Done:No Error
083812:A_3_GoTo_5|Done:No Error
083812:B_3_GoTo_5|Start:No Error
083812:B_3_GoTo_5|Done:No Error
083812:C_3_GoTo_5|Start:No Error
083813:C_3_GoTo_5|Done:No Error
083813:S_3_GoTo_5|Finish:No Error
083813:D_7_GoTo_8|Start:No Error
083813:A_7_GoTo_8|Start:No Error
083813:S_7_GoTo_8|Start:No Error
083813:D_7_GoTo_8|Done:No Error
083813:A_7_GoTo_8|Done:No Error
083813:B_7_GoTo_8|Start:No Error
083813:B_7_GoTo_8|Done:No Error
083813:C_7_GoTo_8|Start:No Error
083814:C_7_GoTo_8|Done:No Error
083814:S_7_GoTo_8|Finish:No Error
083820:S_5_GoTo_6|Start:No Error
083820:D_5_GoTo_6|Start:No Error
083820:A_5_GoTo_6|Start:No Error
083820:D_5_GoTo_6|Done:No Error
083820:A_5_GoTo_6|Done:No Error
083820:B_5_GoTo_6|Start:No Error
083821:B_5_GoTo_6|Done:No Error
083821:C_5_GoTo_6|Start:No Error
083821:C_5_GoTo_6|Done:No Error
083821:S_5_GoTo_6|Finish:No Error
083825:S_6_GoTo_7|Start:No Error
083825:A_6_GoTo_7|Start:No Error
083825:D_6_GoTo_7|Start:No Error
083825:D_6_GoTo_7|Done:No Error
083826:A_6_GoTo_7|Done:No Error
083826:B_6_GoTo_7|Start:No Error
083826:B_6_GoTo_7|Done:No Error
083826:C_6_GoTo_7|Start:No Error
083826:C_6_GoTo_7|Done:No Error
083826:S_6_GoTo_7|Finish:No Error
083844:D_8_GoTo_9|Start:No Error
083844:S_8_GoTo_9|Start:No Error
083844:A_8_GoTo_9|Start:No Error
083845:D_8_GoTo_9|Done:No Error
083845:A_8_GoTo_9|Done:No Error
083845:B_8_GoTo_9|Start:No Error
083845:B_8_GoTo_9|Done:No Error
083845:C_8_GoTo_9|Start:No Error
083845:C_8_GoTo_9|Done:No Error
083845:S_8_GoTo_9|Finish:No Error
084247:A_7_GoTo_8|Start:No Error
084247:D_7_GoTo_8|Start:No Error
084247:S_7_GoTo_8|Start:No Error
084247:D_7_GoTo_8|Done:No Error
084247:A_7_GoTo_8|Done:No Error
084247:B_7_GoTo_8|Start:No Error
084247:B_7_GoTo_8|Done:No Error
084247:C_7_GoTo_8|Start:No Error
084248:C_7_GoTo_8|Done:No Error
084248:S_7_GoTo_8|Finish:No Error
084449:D_9_GoTo_10|Start:No Error
084449:S_9_GoTo_10|Start:No Error
084449:C_9_GoTo_10|Start:No Error
084449:D_9_GoTo_10|Done:No Error
084449:C_9_GoTo_10|Done:No Error
084449:S_9_GoTo_10|Finish:No Error
084656:A_8_GoTo_9|Start:No Error
084656:S_8_GoTo_9|Start:No Error
084656:D_8_GoTo_9|Start:No Error
084656:D_8_GoTo_9|Done:No Error
084656:A_8_GoTo_9|Done:No Error
084656:B_8_GoTo_9|Start:No Error
084657:B_8_GoTo_9|Done:No Error
084657:C_8_GoTo_9|Start:No Error
084657:C_8_GoTo_9|Done:No Error
084657:S_8_GoTo_9|Finish:No Error
085102:D_3_GoTo_5|Start:No Error
085102:A_3_GoTo_5|Start:No Error
085102:S_3_GoTo_5|Start:No Error
085102:D_3_GoTo_5|Done:No Error
085103:A_3_GoTo_5|Done:No Error
085103:B_3_GoTo_5|Start:No Error
085103:B_3_GoTo_5|Done:No Error
085103:C_3_GoTo_5|Start:No Error
085103:C_3_GoTo_5|Done:No Error
085103:S_3_GoTo_5|Finish:No Error
085143:D_5_GoTo_6|Start:No Error
085143:A_5_GoTo_6|Start:No Error
085143:S_5_GoTo_6|Start:No Error
085144:D_5_GoTo_6|Done:No Error
085144:A_5_GoTo_6|Done:No Error
085144:B_5_GoTo_6|Start:No Error
085144:B_5_GoTo_6|Done:No Error
085144:C_5_GoTo_6|Start:No Error
085144:C_5_GoTo_6|Done:No Error
085144:S_5_GoTo_6|Finish:No Error
085146:D_9_GoTo_10|Start:No Error
085146:S_9_GoTo_10|Start:No Error
085146:A_9_GoTo_10|Start:No Error
085146:D_9_GoTo_10|Done:No Error
085146:A_9_GoTo_10|Done:No Error
085146:B_9_GoTo_10|Start:No Error
085146:B_9_GoTo_10|Done:No Error
085146:C_9_GoTo_10|Start:No Error
085146:C_9_GoTo_10|Done:No Error
085146:S_9_GoTo_10|Finish:No Error
160131:A_3_GoTo_5|Start:No Error
160131:S_3_GoTo_5|Start:No Error
160131:D_3_GoTo_5|Start:No Error
160131:D_3_GoTo_5|Done:No Error
160131:A_3_GoTo_5|Done:No Error
160131:B_3_GoTo_5|Start:No Error
160132:B_3_GoTo_5|Done:No Error
160132:C_3_GoTo_5|Start:No Error
160132:C_3_GoTo_5|Done:No Error
160132:S_3_GoTo_5|Finish:No Error
160252:S_5_GoTo_6|Start:No Error
160252:A_5_GoTo_6|Start:No Error
160252:D_5_GoTo_6|Start:No Error
160253:D_5_GoTo_6|Done:No Error
160253:A_5_GoTo_6|Done:No Error
160253:B_5_GoTo_6|Start:No Error
160253:B_5_GoTo_6|Done:No Error
160253:C_5_GoTo_6|Start:No Error
160254:C_5_GoTo_6|Done:No Error
160254:S_5_GoTo_6|Finish:No Error
160310:D_6_GoTo_7|Start:No Error
160310:A_6_GoTo_7|Start:No Error
160310:S_6_GoTo_7|Start:No Error
160310:D_6_GoTo_7|Done:No Error
160311:A_6_GoTo_7|Done:No Error
160311:B_6_GoTo_7|Start:No Error
160311:B_6_GoTo_7|Done:No Error
160311:C_6_GoTo_7|Start:No Error
160311:C_6_GoTo_7|Done:No Error
160311:S_6_GoTo_7|Finish:No Error
160314:S_3_GoTo_5|Start:No Error
160314:A_3_GoTo_5|Start:No Error
160314:D_3_GoTo_5|Start:No Error
160314:D_3_GoTo_5|Done:No Error
160315:A_3_GoTo_5|Done:No Error
160315:B_3_GoTo_5|Start:No Error
160315:B_3_GoTo_5|Done:No Error
160315:C_3_GoTo_5|Start:No Error
160315:C_3_GoTo_5|Done:No Error
160315:S_3_GoTo_5|Finish:No Error
160408:S_5_GoTo_6|Start:No Error
160408:D_5_GoTo_6|Start:No Error
160408:A_5_GoTo_6|Start:No Error
160408:D_5_GoTo_6|Done:No Error
160408:A_5_GoTo_6|Done:No Error
160408:B_5_GoTo_6|Start:No Error
160408:B_5_GoTo_6|Done:No Error
160408:C_5_GoTo_6|Start:No Error
160408:C_5_GoTo_6|Done:No Error
160408:S_5_GoTo_6|Finish:No Error
160413:D_7_GoTo_8|Start:No Error
160413:A_7_GoTo_8|Start:No Error
160413:S_7_GoTo_8|Start:No Error
160413:D_7_GoTo_8|Done:No Error
160413:A_7_GoTo_8|Done:No Error
160413:B_7_GoTo_8|Start:No Error
160414:B_7_GoTo_8|Done:No Error
160414:C_7_GoTo_8|Start:No Error
160414:C_7_GoTo_8|Done:No Error
160414:S_7_GoTo_8|Finish:No Error
160441:D_6_GoTo_7|Start:No Error
160441:S_6_GoTo_7|Start:No Error
160441:A_6_GoTo_7|Start:No Error
160441:D_6_GoTo_7|Done:No Error
160442:A_6_GoTo_7|Done:No Error
160442:B_6_GoTo_7|Start:No Error
160442:B_6_GoTo_7|Done:No Error
160442:C_6_GoTo_7|Start:No Error
160442:C_6_GoTo_7|Done:No Error
160442:S_6_GoTo_7|Finish:No Error
160450:S_3_GoTo_5|Start:No Error
160450:D_3_GoTo_5|Start:No Error
160450:A_3_GoTo_5|Start:No Error
160451:D_3_GoTo_5|Done:No Error
160451:A_3_GoTo_5|Done:No Error
160451:B_3_GoTo_5|Start:No Error
160451:B_3_GoTo_5|Done:No Error
160451:C_3_GoTo_5|Start:No Error
160451:C_3_GoTo_5|Done:No Error
160451:S_3_GoTo_5|Finish:No Error
160455:D_8_GoTo_9|Start:No Error
160455:S_8_GoTo_9|Start:No Error
160455:A_8_GoTo_9|Start:No Error
160455:D_8_GoTo_9|Done:No Error
160455:A_8_GoTo_9|Done:No Error
160455:B_8_GoTo_9|Start:No Error
160456:B_8_GoTo_9|Done:No Error
160456:C_8_GoTo_9|Start:No Error
160456:C_8_GoTo_9|Done:No Error
160456:S_8_GoTo_9|Finish:No Error
160542:S_5_GoTo_6|Start:No Error
160542:A_5_GoTo_6|Start:No Error
160542:D_5_GoTo_6|Start:No Error
160542:D_5_GoTo_6|Done:No Error
160543:A_5_GoTo_6|Done:No Error
160543:B_5_GoTo_6|Start:No Error
160543:B_5_GoTo_6|Done:No Error
160543:C_5_GoTo_6|Start:No Error
160543:C_5_GoTo_6|Done:No Error
160543:S_5_GoTo_6|Finish:No Error
160551:S_7_GoTo_8|Start:No Error
160551:A_7_GoTo_8|Start:No Error
160551:D_7_GoTo_8|Start:No Error
160551:D_7_GoTo_8|Done:No Error
160551:A_7_GoTo_8|Done:No Error
160551:B_7_GoTo_8|Start:No Error
160551:B_7_GoTo_8|Done:No Error
160551:C_7_GoTo_8|Start:No Error
160552:C_7_GoTo_8|Done:No Error
160552:S_7_GoTo_8|Finish:No Error
160558:S_6_GoTo_7|Start:No Error
160558:A_6_GoTo_7|Start:No Error
160558:D_6_GoTo_7|Start:No Error
160558:D_6_GoTo_7|Done:No Error
160558:A_6_GoTo_7|Done:No Error
160558:B_6_GoTo_7|Start:No Error
160559:B_6_GoTo_7|Done:No Error
160559:C_6_GoTo_7|Start:No Error
160559:C_6_GoTo_7|Done:No Error
160559:S_6_GoTo_7|Finish:No Error
160617:D_3_GoTo_5|Start:No Error
160617:S_3_GoTo_5|Start:No Error
160617:A_3_GoTo_5|Start:No Error
160617:D_3_GoTo_5|Done:No Error
160617:A_3_GoTo_5|Done:No Error
160617:B_3_GoTo_5|Start:No Error
160617:B_3_GoTo_5|Done:No Error
160617:C_3_GoTo_5|Start:No Error
160618:C_3_GoTo_5|Done:No Error
160618:S_3_GoTo_5|Finish:No Error
160620:D_9_GoTo_10|Start:No Error
160620:S_9_GoTo_10|Start:No Error
160620:A_9_GoTo_10|Start:No Error
160620:D_9_GoTo_10|Done:No Error
160620:A_9_GoTo_10|Done:No Error
160620:B_9_GoTo_10|Start:No Error
160621:B_9_GoTo_10|Done:No Error
160621:C_9_GoTo_10|Start:No Error
160621:C_9_GoTo_10|Done:No Error
160621:S_9_GoTo_10|Finish:No Error
160636:A_8_GoTo_9|Start:No Error
160636:S_8_GoTo_9|Start:No Error
160636:D_8_GoTo_9|Start:No Error
160636:D_8_GoTo_9|Done:No Error
160636:A_8_GoTo_9|Done:No Error
160636:B_8_GoTo_9|Start:No Error
160637:B_8_GoTo_9|Done:No Error
160637:C_8_GoTo_9|Start:No Error
160637:C_8_GoTo_9|Done:No Error
160637:S_8_GoTo_9|Finish:No Error
160653:A_10_GoTo_11|Start:No Error
160653:D_10_GoTo_11|Start:No Error
160653:S_10_GoTo_11|Start:No Error
160653:D_10_GoTo_11|Done:No Error
160654:A_10_GoTo_11|Done:No Error
160654:B_10_GoTo_11|Start:No Error
160654:B_10_GoTo_11|Done:No Error
160654:C_10_GoTo_11|Start:No Error
160654:C_10_GoTo_11|Done:No Error
160654:S_10_GoTo_11|Finish:No Error
160704:S_7_GoTo_8|Start:No Error
160704:D_7_GoTo_8|Start:No Error
160704:A_7_GoTo_8|Start:No Error
160705:D_7_GoTo_8|Done:No Error
160705:A_7_GoTo_8|Done:No Error
160705:B_7_GoTo_8|Start:No Error
160705:B_7_GoTo_8|Done:No Error
160705:C_7_GoTo_8|Start:No Error
160706:C_7_GoTo_8|Done:No Error
160706:S_7_GoTo_8|Finish:No Error
160717:A_5_GoTo_6|Start:No Error
160717:S_5_GoTo_6|Start:No Error
160717:D_5_GoTo_6|Start:No Error
160717:D_5_GoTo_6|Done:No Error
160717:A_5_GoTo_6|Done:No Error
160717:B_5_GoTo_6|Start:No Error
160717:B_5_GoTo_6|Done:No Error
160717:C_5_GoTo_6|Start:No Error
160717:S_3_GoTo_5|Start:No Error
160717:A_3_GoTo_5|Start:No Error
160717:D_3_GoTo_5|Start:No Error
160718:D_3_GoTo_5|Done:No Error
160718:C_5_GoTo_6|Done:No Error
160718:S_5_GoTo_6|Finish:No Error
160718:A_3_GoTo_5|Done:No Error
160718:B_3_GoTo_5|Start:No Error
160718:B_3_GoTo_5|Done:No Error
160718:C_3_GoTo_5|Start:No Error
160719:C_3_GoTo_5|Done:No Error
160719:S_3_GoTo_5|Finish:No Error
160735:A_11_GoTo_12|Start:No Error
160735:S_11_GoTo_12|Start:No Error
160735:D_11_GoTo_12|Start:No Error
160735:D_11_GoTo_12|Done:No Error
160735:A_6_GoTo_7|Start:No Error
160735:S_6_GoTo_7|Start:No Error
160735:D_6_GoTo_7|Start:No Error
160735:D_6_GoTo_7|Done:No Error
160736:A_11_GoTo_12|Done:No Error
160736:B_11_GoTo_12|Start:No Error
160736:A_6_GoTo_7|Done:No Error
160736:B_6_GoTo_7|Start:No Error
160736:B_11_GoTo_12|Done:No Error
160736:C_11_GoTo_12|Start:No Error
160736:C_11_GoTo_12|Done:No Error
160736:S_11_GoTo_12|Finish:No Error
160736:B_6_GoTo_7|Done:No Error
160736:C_6_GoTo_7|Start:No Error
160737:C_6_GoTo_7|Done:No Error
160737:S_6_GoTo_7|Finish:No Error
160751:A_8_GoTo_9|Start:No Error
160751:S_8_GoTo_9|Start:No Error
160751:D_8_GoTo_9|Start:No Error
160751:D_8_GoTo_9|Done:No Error
160758:S_9_GoTo_10|Start:No Error
160758:A_9_GoTo_10|Start:No Error
160758:D_9_GoTo_10|Start:No Error
160758:D_9_GoTo_10|Done:No Error
160759:A_9_GoTo_10|Done:No Error
160759:B_9_GoTo_10|Start:No Error
160759:B_9_GoTo_10|Done:No Error
160759:C_9_GoTo_10|Start:No Error
160759:C_9_GoTo_10|Done:No Error
160759:S_9_GoTo_10|Finish:No Error
160800:A_8_GoTo_9|Done:No Error
160800:B_8_GoTo_9|Start:No Error
160800:B_8_GoTo_9|Done:No Error
160800:C_8_GoTo_9|Start:No Error
160800:C_8_GoTo_9|Done:No Error
160800:S_8_GoTo_9|Finish:No Error
160810:S_5_GoTo_6|Start:No Error
160810:D_5_GoTo_6|Start:No Error
160810:A_5_GoTo_6|Start:No Error
160810:D_5_GoTo_6|Done:No Error
160811:A_5_GoTo_6|Done:No Error
160811:B_5_GoTo_6|Start:No Error
160811:B_5_GoTo_6|Done:No Error
160811:C_5_GoTo_6|Start:No Error
160811:C_5_GoTo_6|Done:No Error
160811:S_5_GoTo_6|Finish:No Error
160814:D_12_GoTo_13|Start:No Error
160814:A_12_GoTo_13|Start:No Error
160814:S_12_GoTo_13|Start:No Error
160814:D_12_GoTo_13|Done:No Error
160815:A_12_GoTo_13|Done:No Error
160815:B_12_GoTo_13|Start:No Error
160815:B_12_GoTo_13|Done:No Error
160815:C_12_GoTo_13|Start:No Error
160815:C_12_GoTo_13|Done:No Error
160815:S_12_GoTo_13|Finish:No Error
160819:A_6_GoTo_7|Start:No Error
160819:D_6_GoTo_7|Start:No Error
160819:S_6_GoTo_7|Start:No Error
160819:D_6_GoTo_7|Done:No Error
160819:A_3_GoTo_5|Start:No Error
160819:D_3_GoTo_5|Start:No Error
160819:S_3_GoTo_5|Start:No Error
160819:D_3_GoTo_5|Done:No Error
160819:A_3_GoTo_5|Done:No Error
160819:B_3_GoTo_5|Start:No Error
160819:B_3_GoTo_5|Done:No Error
160819:C_3_GoTo_5|Start:No Error
160820:C_3_GoTo_5|Done:No Error
160820:S_3_GoTo_5|Finish:No Error
160831:S_7_GoTo_8|Start:No Error
160831:A_7_GoTo_8|Start:No Error
160831:D_7_GoTo_8|Start:No Error
160831:D_7_GoTo_8|Done:No Error
160831:A_7_GoTo_8|Done:No Error
160831:B_7_GoTo_8|Start:No Error
160832:B_7_GoTo_8|Done:No Error
160832:C_7_GoTo_8|Start:No Error
160832:C_7_GoTo_8|Done:No Error
160832:S_7_GoTo_8|Finish:No Error
160833:A_6_GoTo_7|Done:No Error
160833:B_6_GoTo_7|Start:No Error
160833:B_6_GoTo_7|Done:No Error
160833:C_6_GoTo_7|Start:No Error
160833:C_6_GoTo_7|Done:No Error
160833:S_6_GoTo_7|Finish:No Error
160835:S_10_GoTo_11|Start:No Error
160835:A_10_GoTo_11|Start:No Error
160835:D_10_GoTo_11|Start:No Error
160835:D_10_GoTo_11|Done:No Error
160835:A_10_GoTo_11|Done:No Error
160835:B_10_GoTo_11|Start:No Error
160836:B_10_GoTo_11|Done:No Error
160836:C_10_GoTo_11|Start:No Error
160836:C_10_GoTo_11|Done:No Error
160836:S_10_GoTo_11|Finish:No Error
160900:S_9_GoTo_10|Start:No Error
160900:A_9_GoTo_10|Start:No Error
160900:D_9_GoTo_10|Start:No Error
160901:D_9_GoTo_10|Done:No Error
160901:A_9_GoTo_10|Done:No Error
160901:B_9_GoTo_10|Start:No Error
160901:B_9_GoTo_10|Done:No Error
160901:C_9_GoTo_10|Start:No Error
160902:D_13_GoTo_16|Start:No Error
160902:A_13_GoTo_16|Start:No Error
160902:S_13_GoTo_16|Start:No Error
160902:C_9_GoTo_10|Done:No Error
160902:S_9_GoTo_10|Finish:No Error
160902:D_13_GoTo_16|Done:No Error
160902:A_13_GoTo_16|Done:No Error
160902:B_13_GoTo_16|Start:No Error
160902:B_13_GoTo_16|Done:No Error
160902:C_13_GoTo_16|Start:No Error
160903:C_13_GoTo_16|Done:No Error
160903:S_13_GoTo_16|Finish:No Error
160905:S_8_GoTo_9|Start:No Error
160905:A_8_GoTo_9|Start:No Error
160905:D_8_GoTo_9|Start:No Error
160905:D_8_GoTo_9|Done:No Error
160906:A_8_GoTo_9|Done:No Error
160906:B_8_GoTo_9|Start:No Error
160906:B_8_GoTo_9|Done:No Error
160906:C_8_GoTo_9|Start:No Error
160906:C_8_GoTo_9|Done:No Error
160906:S_8_GoTo_9|Finish:No Error
160910:S_7_GoTo_8|Start:No Error
160910:A_7_GoTo_8|Start:No Error
160910:D_7_GoTo_8|Start:No Error
160910:D_7_GoTo_8|Done:No Error
160910:A_7_GoTo_8|Done:No Error
160910:B_7_GoTo_8|Start:No Error
160910:B_7_GoTo_8|Done:No Error
160910:C_7_GoTo_8|Start:No Error
160911:C_7_GoTo_8|Done:No Error
160911:S_7_GoTo_8|Finish:No Error
160918:S_5_GoTo_6|Start:No Error
160918:D_5_GoTo_6|Start:No Error
160918:A_5_GoTo_6|Start:No Error
160918:D_5_GoTo_6|Done:No Error
160919:A_5_GoTo_6|Done:No Error
160919:B_5_GoTo_6|Start:No Error
160919:B_5_GoTo_6|Done:No Error
160919:C_5_GoTo_6|Start:No Error
160919:C_5_GoTo_6|Done:No Error
160919:S_5_GoTo_6|Finish:No Error
160923:S_11_GoTo_12|Start:No Error
160923:A_11_GoTo_12|Start:No Error
160923:D_11_GoTo_12|Start:No Error
160923:D_11_GoTo_12|Done:No Error
160924:A_11_GoTo_12|Done:No Error
160924:B_11_GoTo_12|Start:No Error
160924:B_11_GoTo_12|Done:No Error
160924:C_11_GoTo_12|Start:No Error
160924:C_11_GoTo_12|Done:No Error
160924:S_11_GoTo_12|Finish:No Error
160930:A_10_GoTo_11|Start:No Error
160930:S_10_GoTo_11|Start:No Error
160930:D_10_GoTo_11|Start:No Error
160930:D_10_GoTo_11|Done:No Error
160930:A_10_GoTo_11|Done:No Error
160930:B_10_GoTo_11|Start:No Error
160931:B_10_GoTo_11|Done:No Error
160931:C_10_GoTo_11|Start:No Error
160931:C_10_GoTo_11|Done:No Error
160931:S_10_GoTo_11|Finish:No Error
160932:S_3_GoTo_5|Start:No Error
160932:A_3_GoTo_5|Start:No Error
160932:D_3_GoTo_5|Start:No Error
160933:D_3_GoTo_5|Done:No Error
160933:A_3_GoTo_5|Done:No Error
160933:B_3_GoTo_5|Start:No Error
160933:B_3_GoTo_5|Done:No Error
160933:C_3_GoTo_5|Start:No Error
160934:C_3_GoTo_5|Done:No Error
160934:S_3_GoTo_5|Finish:No Error
160945:S_6_GoTo_7|Start:No Error
160945:A_6_GoTo_7|Start:No Error
160945:D_6_GoTo_7|Start:No Error
160945:D_6_GoTo_7|Done:No Error
160945:A_6_GoTo_7|Done:No Error
160945:B_6_GoTo_7|Start:No Error
160946:B_6_GoTo_7|Done:No Error
160946:C_6_GoTo_7|Start:No Error
160946:C_6_GoTo_7|Done:No Error
160946:S_6_GoTo_7|Finish:No Error
160955:S_9_GoTo_10|Start:No Error
160955:A_9_GoTo_10|Start:No Error
160955:D_9_GoTo_10|Start:No Error
160955:D_9_GoTo_10|Done:No Error
160955:A_9_GoTo_10|Done:No Error
160955:B_9_GoTo_10|Start:No Error
160955:B_9_GoTo_10|Done:No Error
160955:C_9_GoTo_10|Start:No Error
160956:C_9_GoTo_10|Done:No Error
160956:S_9_GoTo_10|Finish:No Error
160957:A_8_GoTo_9|Start:No Error
160957:D_8_GoTo_9|Start:No Error
160957:S_8_GoTo_9|Start:No Error
160957:D_8_GoTo_9|Done:No Error
160957:A_8_GoTo_9|Done:No Error
160957:B_8_GoTo_9|Start:No Error
160957:B_8_GoTo_9|Done:No Error
160957:C_8_GoTo_9|Start:No Error
160958:C_8_GoTo_9|Done:No Error
160958:S_8_GoTo_9|Finish:No Error
161000:S_16_GoTo_17|Start:No Error
161000:A_16_GoTo_17|Start:No Error
161000:D_16_GoTo_17|Start:No Error
161000:D_16_GoTo_17|Done:No Error
161000:A_16_GoTo_17|Done:No Error
161000:B_16_GoTo_17|Start:No Error
161001:B_16_GoTo_17|Done:No Error
161001:C_16_GoTo_17|Start:No Error
161001:C_16_GoTo_17|Done:No Error
161001:S_16_GoTo_17|Finish:No Error
161004:S_11_GoTo_12|Start:No Error
161004:D_11_GoTo_12|Start:No Error
161004:A_11_GoTo_12|Start:No Error
161004:D_11_GoTo_12|Done:No Error
161011:D_12_GoTo_13|Start:No Error
161011:A_12_GoTo_13|Start:No Error
161011:S_12_GoTo_13|Start:No Error
161011:D_12_GoTo_13|Done:No Error
161011:A_12_GoTo_13|Done:No Error
161011:B_12_GoTo_13|Start:No Error
161012:B_12_GoTo_13|Done:No Error
161012:C_12_GoTo_13|Start:No Error
161012:C_12_GoTo_13|Done:No Error
161012:S_12_GoTo_13|Finish:No Error
161012:A_11_GoTo_12|Done:No Error
161012:B_11_GoTo_12|Start:No Error
161013:B_11_GoTo_12|Done:No Error
161013:C_11_GoTo_12|Start:No Error
161013:C_11_GoTo_12|Done:No Error
161013:S_11_GoTo_12|Finish:No Error
161027:D_5_GoTo_6|Start:No Error
161027:S_5_GoTo_6|Start:No Error
161027:A_5_GoTo_6|Start:No Error
161027:D_5_GoTo_6|Done:No Error
161027:A_5_GoTo_6|Done:No Error
161027:B_5_GoTo_6|Start:No Error
161027:B_5_GoTo_6|Done:No Error
161027:C_5_GoTo_6|Start:No Error
161028:C_5_GoTo_6|Done:No Error
161028:S_5_GoTo_6|Finish:No Error
161029:S_7_GoTo_8|Start:No Error
161029:D_7_GoTo_8|Start:No Error
161029:A_7_GoTo_8|Start:No Error
161029:D_7_GoTo_8|Done:No Error
161029:A_7_GoTo_8|Done:No Error
161029:B_7_GoTo_8|Start:No Error
161029:B_7_GoTo_8|Done:No Error
161029:C_7_GoTo_8|Start:No Error
161030:C_7_GoTo_8|Done:No Error
161030:S_7_GoTo_8|Finish:No Error
161040:S_6_GoTo_7|Start:No Error
161040:D_6_GoTo_7|Start:No Error
161040:A_6_GoTo_7|Start:No Error
161040:D_6_GoTo_7|Done:No Error
161040:A_6_GoTo_7|Done:No Error
161040:B_6_GoTo_7|Start:No Error
161041:B_6_GoTo_7|Done:No Error
161041:C_6_GoTo_7|Start:No Error
161041:C_6_GoTo_7|Done:No Error
161041:S_6_GoTo_7|Finish:No Error
161046:D_10_GoTo_11|Start:No Error
161046:S_10_GoTo_11|Start:No Error
161046:A_10_GoTo_11|Start:No Error
161046:D_10_GoTo_11|Done:No Error
161047:A_10_GoTo_11|Done:No Error
161047:B_10_GoTo_11|Start:No Error
161047:B_10_GoTo_11|Done:No Error
161047:C_10_GoTo_11|Start:No Error
161047:C_10_GoTo_11|Done:No Error
161047:S_10_GoTo_11|Finish:No Error
161048:A_17_GoTo_18|Start:No Error
161048:D_17_GoTo_18|Start:No Error
161048:S_17_GoTo_18|Start:No Error
161048:D_17_GoTo_18|Done:No Error
161048:A_17_GoTo_18|Done:No Error
161048:B_17_GoTo_18|Start:No Error
161048:B_17_GoTo_18|Done:No Error
161048:C_17_GoTo_18|Start:No Error
161049:C_17_GoTo_18|Done:No Error
161049:S_17_GoTo_18|Finish:No Error
161049:S_13_GoTo_16|Start:No Error
161049:D_13_GoTo_16|Start:No Error
161049:A_13_GoTo_16|Start:No Error
161049:D_13_GoTo_16|Done:No Error
161049:A_13_GoTo_16|Done:No Error
161049:B_13_GoTo_16|Start:No Error
161049:B_13_GoTo_16|Done:No Error
161049:C_13_GoTo_16|Start:No Error
161050:C_13_GoTo_16|Done:No Error
161050:S_13_GoTo_16|Finish:No Error
161055:A_12_GoTo_13|Start:No Error
161055:S_12_GoTo_13|Start:No Error
161055:D_12_GoTo_13|Start:No Error
161056:D_12_GoTo_13|Done:No Error
161056:A_12_GoTo_13|Done:No Error
161056:B_12_GoTo_13|Start:No Error
161056:B_12_GoTo_13|Done:No Error
161056:C_12_GoTo_13|Start:No Error
161056:C_12_GoTo_13|Done:No Error
161056:S_12_GoTo_13|Finish:No Error
161103:S_8_GoTo_9|Start:No Error
161103:D_8_GoTo_9|Start:No Error
161103:A_8_GoTo_9|Start:No Error
161103:D_8_GoTo_9|Done:No Error
161105:S_18_GoTo_19|Start:No Error
161105:A_18_GoTo_19|Start:No Error
161105:D_18_GoTo_19|Start:No Error
161105:D_18_GoTo_19|Done:No Error
161105:A_18_GoTo_19|Done:No Error
161105:B_18_GoTo_19|Start:No Error
161106:B_18_GoTo_19|Done:No Error
161106:C_18_GoTo_19|Start:No Error
161106:C_18_GoTo_19|Done:No Error
161106:S_18_GoTo_19|Finish:No Error
161117:S_7_GoTo_8|Start:No Error
161117:D_7_GoTo_8|Start:No Error
161117:A_7_GoTo_8|Start:No Error
161117:D_7_GoTo_8|Done:No Error
161118:S_9_GoTo_10|Start:No Error
161118:D_9_GoTo_10|Start:No Error
161118:A_9_GoTo_10|Start:No Error
161118:D_9_GoTo_10|Done:No Error
161118:A_9_GoTo_10|Done:No Error
161118:B_9_GoTo_10|Start:No Error
161119:B_9_GoTo_10|Done:No Error
161119:C_9_GoTo_10|Start:No Error
161119:C_9_GoTo_10|Done:No Error
161119:S_9_GoTo_10|Finish:No Error
161120:A_8_GoTo_9|Done:No Error
161120:B_8_GoTo_9|Start:No Error
161120:B_8_GoTo_9|Done:No Error
161120:C_8_GoTo_9|Start:No Error
161120:C_8_GoTo_9|Done:No Error
161120:S_8_GoTo_9|Finish:No Error
161121:A_7_GoTo_8|Done:No Error
161121:B_7_GoTo_8|Start:No Error
161121:B_7_GoTo_8|Done:No Error
161121:C_7_GoTo_8|Start:No Error
161121:C_7_GoTo_8|Done:No Error
161121:S_7_GoTo_8|Finish:No Error
161130:D_16_GoTo_17|Start:No Error
161130:A_16_GoTo_17|Start:No Error
161130:S_16_GoTo_17|Start:No Error
161130:D_16_GoTo_17|Done:No Error
161130:A_16_GoTo_17|Done:No Error
161130:B_16_GoTo_17|Start:No Error
161131:B_16_GoTo_17|Done:No Error
161131:C_16_GoTo_17|Start:No Error
161131:A_19_GoTo_20|Start:No Error
161131:D_19_GoTo_20|Start:No Error
161131:S_19_GoTo_20|Start:No Error
161131:D_19_GoTo_20|Done:No Error
161131:C_16_GoTo_17|Done:No Error
161131:S_16_GoTo_17|Finish:No Error
161131:A_13_GoTo_16|Start:No Error
161131:D_13_GoTo_16|Start:No Error
161131:S_13_GoTo_16|Start:No Error
161131:A_19_GoTo_20|Done:No Error
161131:B_19_GoTo_20|Start:No Error
161131:D_13_GoTo_16|Done:No Error
161132:A_13_GoTo_16|Done:No Error
161132:B_13_GoTo_16|Start:No Error
161132:B_19_GoTo_20|Done:No Error
161132:C_19_GoTo_20|Start:No Error
161132:C_19_GoTo_20|Done:No Error
161132:S_19_GoTo_20|Finish:No Error
161132:B_13_GoTo_16|Done:No Error
161132:C_13_GoTo_16|Start:No Error
161132:C_13_GoTo_16|Done:No Error
161132:S_13_GoTo_16|Finish:No Error
161144:S_11_GoTo_12|Start:No Error
161144:A_11_GoTo_12|Start:No Error
161144:D_11_GoTo_12|Start:No Error
161145:D_11_GoTo_12|Done:No Error
161145:S_3_GoTo_5|Start:No Error
161145:A_3_GoTo_5|Start:No Error
161145:D_3_GoTo_5|Start:No Error
161145:D_3_GoTo_5|Done:No Error
161145:A_11_GoTo_12|Done:No Error
161145:B_11_GoTo_12|Start:No Error
161145:A_3_GoTo_5|Done:No Error
161145:B_3_GoTo_5|Start:No Error
161145:B_11_GoTo_12|Done:No Error
161145:C_11_GoTo_12|Start:No Error
161146:C_11_GoTo_12|Done:No Error
161146:S_11_GoTo_12|Finish:No Error
161146:B_3_GoTo_5|Done:No Error
161146:C_3_GoTo_5|Start:No Error
161146:C_3_GoTo_5|Done:No Error
161146:S_3_GoTo_5|Finish:No Error
161214:D_10_GoTo_11|Start:No Error
161214:A_10_GoTo_11|Start:No Error
161214:S_10_GoTo_11|Start:No Error
161214:D_10_GoTo_11|Done:No Error
161214:A_10_GoTo_11|Done:No Error
161214:B_10_GoTo_11|Start:No Error
161215:B_10_GoTo_11|Done:No Error
161215:C_10_GoTo_11|Start:No Error
161215:C_10_GoTo_11|Done:No Error
161215:S_10_GoTo_11|Finish:No Error
161216:A_16_GoTo_17|Start:No Error
161216:S_16_GoTo_17|Start:No Error
161216:D_16_GoTo_17|Start:No Error
161216:D_16_GoTo_17|Done:No Error
161218:D_8_GoTo_9|Start:No Error
161218:A_8_GoTo_9|Start:No Error
161218:S_8_GoTo_9|Start:No Error
161219:D_8_GoTo_9|Done:No Error
161222:S_17_GoTo_18|Start:No Error
161222:D_17_GoTo_18|Start:No Error
161222:A_17_GoTo_18|Start:No Error
161222:D_17_GoTo_18|Done:No Error
161223:A_17_GoTo_18|Done:No Error
161223:B_17_GoTo_18|Start:No Error
161223:D_9_GoTo_10|Start:No Error
161223:S_9_GoTo_10|Start:No Error
161223:A_9_GoTo_10|Start:No Error
161223:B_17_GoTo_18|Done:No Error
161223:C_17_GoTo_18|Start:No Error
161223:D_9_GoTo_10|Done:No Error
161223:C_17_GoTo_18|Done:No Error
161223:S_17_GoTo_18|Finish:No Error
161223:A_9_GoTo_10|Done:No Error
161223:B_9_GoTo_10|Start:No Error
161224:B_9_GoTo_10|Done:No Error
161224:C_9_GoTo_10|Start:No Error
161224:A_16_GoTo_17|Done:No Error
161224:B_16_GoTo_17|Start:No Error
161224:C_9_GoTo_10|Done:No Error
161224:S_9_GoTo_10|Finish:No Error
161224:B_16_GoTo_17|Done:No Error
161224:C_16_GoTo_17|Start:No Error
161225:A_8_GoTo_9|Done:No Error
161225:B_8_GoTo_9|Start:No Error
161225:C_16_GoTo_17|Done:No Error
161225:S_16_GoTo_17|Finish:No Error
161225:B_8_GoTo_9|Done:No Error
161225:C_8_GoTo_9|Start:No Error
161225:C_8_GoTo_9|Done:No Error
161225:S_8_GoTo_9|Finish:No Error
161226:A_12_GoTo_13|Start:No Error
161226:D_12_GoTo_13|Start:No Error
161226:S_12_GoTo_13|Start:No Error
161226:D_12_GoTo_13|Done:No Error
161227:A_12_GoTo_13|Done:No Error
161227:B_12_GoTo_13|Start:No Error
161227:B_12_GoTo_13|Done:No Error
161227:C_12_GoTo_13|Start:No Error
161227:C_12_GoTo_13|Done:No Error
161227:S_12_GoTo_13|Finish:No Error
161234:D_18_GoTo_19|Start:No Error
161234:S_18_GoTo_19|Start:No Error
161234:A_18_GoTo_19|Start:No Error
161235:D_18_GoTo_19|Done:No Error
161235:A_18_GoTo_19|Done:No Error
161235:B_18_GoTo_19|Start:No Error
161235:B_18_GoTo_19|Done:No Error
161235:C_18_GoTo_19|Start:No Error
161235:C_18_GoTo_19|Done:No Error
161235:S_18_GoTo_19|Finish:No Error
161245:A_11_GoTo_12|Start:No Error
161245:S_11_GoTo_12|Start:No Error
161245:D_11_GoTo_12|Start:No Error
161245:D_11_GoTo_12|Done:No Error
161246:A_11_GoTo_12|Done:No Error
161246:B_11_GoTo_12|Start:No Error
161246:B_11_GoTo_12|Done:No Error
161246:C_11_GoTo_12|Start:No Error
161246:C_11_GoTo_12|Done:No Error
161246:S_11_GoTo_12|Finish:No Error
161247:S_5_GoTo_6|Start:No Error
161247:A_5_GoTo_6|Start:No Error
161247:D_5_GoTo_6|Start:No Error
161248:D_5_GoTo_6|Done:No Error
161248:A_5_GoTo_6|Done:No Error
161248:B_5_GoTo_6|Start:No Error
161248:B_5_GoTo_6|Done:No Error
161248:C_5_GoTo_6|Start:No Error
161248:C_5_GoTo_6|Done:No Error
161248:S_5_GoTo_6|Finish:No Error
161302:S_13_GoTo_16|Start:No Error
161302:D_13_GoTo_16|Start:No Error
161302:A_13_GoTo_16|Start:No Error
161302:D_13_GoTo_16|Done:No Error
161303:A_13_GoTo_16|Done:No Error
161303:B_13_GoTo_16|Start:No Error
161303:B_13_GoTo_16|Done:No Error
161303:C_13_GoTo_16|Start:No Error
161303:C_13_GoTo_16|Done:No Error
161303:S_13_GoTo_16|Finish:No Error
161305:D_17_GoTo_18|Start:No Error
161305:A_17_GoTo_18|Start:No Error
161305:S_17_GoTo_18|Start:No Error
161305:D_17_GoTo_18|Done:No Error
161305:A_3_GoTo_5|Start:No Error
161305:S_3_GoTo_5|Start:No Error
161305:D_3_GoTo_5|Start:No Error
161305:A_17_GoTo_18|Done:No Error
161305:B_17_GoTo_18|Start:No Error
161305:D_3_GoTo_5|Done:No Error
161305:A_3_GoTo_5|Done:No Error
161305:B_3_GoTo_5|Start:No Error
161306:B_17_GoTo_18|Done:No Error
161306:C_17_GoTo_18|Start:No Error
161306:B_3_GoTo_5|Done:No Error
161306:C_3_GoTo_5|Start:No Error
161306:C_17_GoTo_18|Done:No Error
161306:S_17_GoTo_18|Finish:No Error
161306:C_3_GoTo_5|Done:No Error
161306:S_3_GoTo_5|Finish:No Error
161310:D_10_GoTo_11|Start:No Error
161310:S_10_GoTo_11|Start:No Error
161310:A_10_GoTo_11|Start:No Error
161310:D_10_GoTo_11|Done:No Error
161310:S_6_GoTo_7|Start:No Error
161310:A_6_GoTo_7|Start:No Error
161310:D_6_GoTo_7|Start:No Error
161310:D_6_GoTo_7|Done:No Error
161310:A_10_GoTo_11|Done:No Error
161310:B_10_GoTo_11|Start:No Error
161310:A_6_GoTo_7|Done:No Error
161310:B_6_GoTo_7|Start:No Error
161310:B_6_GoTo_7|Done:No Error
161310:B_10_GoTo_11|Done:No Error
161310:C_6_GoTo_7|Start:No Error
161310:C_10_GoTo_11|Start:No Error
161311:C_10_GoTo_11|Done:No Error
161311:S_10_GoTo_11|Finish:No Error
161311:C_6_GoTo_7|Done:No Error
161311:S_6_GoTo_7|Finish:No Error
161312:S_9_GoTo_10|Start:No Error
161312:D_9_GoTo_10|Start:No Error
161312:A_9_GoTo_10|Start:No Error
161312:D_9_GoTo_10|Done:No Error
161312:A_9_GoTo_10|Done:No Error
161312:B_9_GoTo_10|Start:No Error
161313:B_9_GoTo_10|Done:No Error
161313:C_9_GoTo_10|Start:No Error
161313:C_9_GoTo_10|Done:No Error
161313:S_9_GoTo_10|Finish:No Error
161313:S_18_GoTo_19|Start:No Error
161313:D_18_GoTo_19|Start:No Error
161313:A_18_GoTo_19|Start:No Error
161313:D_18_GoTo_19|Done:No Error
161321:D_19_GoTo_20|Start:No Error
161321:S_19_GoTo_20|Start:No Error
161321:A_19_GoTo_20|Start:No Error
161321:D_19_GoTo_20|Done:No Error
161330:D_20_GoTo_22|Start:No Error
161330:S_20_GoTo_22|Start:No Error
161330:A_20_GoTo_22|Start:No Error
161330:D_20_GoTo_22|Done:No Error
161331:A_20_GoTo_22|Done:No Error
161331:B_20_GoTo_22|Start:No Error
161331:B_20_GoTo_22|Done:No Error
161331:C_20_GoTo_22|Start:No Error
161332:C_20_GoTo_22|Done:No Error
161332:S_20_GoTo_22|Finish:No Error
161332:A_19_GoTo_20|Done:No Error
161332:B_19_GoTo_20|Start:No Error
161333:B_19_GoTo_20|Done:No Error
161333:C_19_GoTo_20|Start:No Error
161333:C_19_GoTo_20|Done:No Error
161333:S_19_GoTo_20|Finish:No Error
161333:S_12_GoTo_13|Start:No Error
161333:D_12_GoTo_13|Start:No Error
161333:A_12_GoTo_13|Start:No Error
161333:D_12_GoTo_13|Done:No Error
161333:A_18_GoTo_19|Done:No Error
161333:B_18_GoTo_19|Start:No Error
161333:A_12_GoTo_13|Done:No Error
161333:B_12_GoTo_13|Start:No Error
161334:B_18_GoTo_19|Done:No Error
161334:C_18_GoTo_19|Start:No Error
161334:C_18_GoTo_19|Done:No Error
161334:S_18_GoTo_19|Finish:No Error
161334:B_12_GoTo_13|Done:No Error
161334:C_12_GoTo_13|Start:No Error
161334:C_12_GoTo_13|Done:No Error
161334:S_12_GoTo_13|Finish:No Error
161338:A_16_GoTo_17|Start:No Error
161338:S_16_GoTo_17|Start:No Error
161338:D_16_GoTo_17|Start:No Error
161338:D_16_GoTo_17|Done:No Error
161338:A_16_GoTo_17|Done:No Error
161338:B_16_GoTo_17|Start:No Error
161338:B_16_GoTo_17|Done:No Error
161338:C_16_GoTo_17|Start:No Error
161339:C_16_GoTo_17|Done:No Error
161339:S_16_GoTo_17|Finish:No Error
161341:A_22_GoTo_21|Start:No Error
161341:D_22_GoTo_21|Start:No Error
161341:S_22_GoTo_21|Start:No Error
161341:D_22_GoTo_21|Done:No Error
161342:A_22_GoTo_21|Done:No Error
161342:B_22_GoTo_21|Start:No Error
161342:B_22_GoTo_21|Done:No Error
161342:C_22_GoTo_21|Start:No Error
161342:C_22_GoTo_21|Done:No Error
161342:S_22_GoTo_21|Finish:No Error
161404:D_13_GoTo_16|Start:No Error
161404:S_13_GoTo_16|Start:No Error
161404:A_13_GoTo_16|Start:No Error
161404:D_13_GoTo_16|Done:No Error
161405:A_13_GoTo_16|Done:No Error
161405:B_13_GoTo_16|Start:No Error
161405:B_13_GoTo_16|Done:No Error
161405:C_13_GoTo_16|Start:No Error
161405:A_10_GoTo_11|Start:No Error
161405:D_10_GoTo_11|Start:No Error
161405:S_10_GoTo_11|Start:No Error
161405:D_10_GoTo_11|Done:No Error
161405:C_13_GoTo_16|Done:No Error
161405:S_13_GoTo_16|Finish:No Error
161406:D_5_GoTo_6|Start:No Error
161406:A_5_GoTo_6|Start:No Error
161406:S_5_GoTo_6|Start:No Error
161406:D_5_GoTo_6|Done:No Error
161406:A_5_GoTo_6|Done:No Error
161406:B_5_GoTo_6|Start:No Error
161407:B_5_GoTo_6|Done:No Error
161407:C_5_GoTo_6|Start:No Error
161407:C_5_GoTo_6|Done:No Error
161407:S_5_GoTo_6|Finish:No Error
161409:S_11_GoTo_12|Start:No Error
161409:A_11_GoTo_12|Start:No Error
161409:D_11_GoTo_12|Start:No Error
161409:D_11_GoTo_12|Done:No Error
161409:A_11_GoTo_12|Done:No Error
161409:B_11_GoTo_12|Start:No Error
161410:B_11_GoTo_12|Done:No Error
161410:C_11_GoTo_12|Start:No Error
161410:C_11_GoTo_12|Done:No Error
161410:S_11_GoTo_12|Finish:No Error
161410:D_7_GoTo_8|Start:No Error
161410:S_7_GoTo_8|Start:No Error
161410:A_7_GoTo_8|Start:No Error
161410:D_7_GoTo_8|Done:No Error
161410:A_10_GoTo_11|Done:No Error
161410:B_10_GoTo_11|Start:No Error
161410:A_7_GoTo_8|Done:No Error
161410:B_7_GoTo_8|Start:No Error
161411:B_10_GoTo_11|Done:No Error
161411:C_10_GoTo_11|Start:No Error
161411:B_7_GoTo_8|Done:No Error
161411:C_7_GoTo_8|Start:No Error
161411:C_10_GoTo_11|Done:No Error
161411:S_10_GoTo_11|Finish:No Error
161411:C_7_GoTo_8|Done:No Error
161411:S_7_GoTo_8|Finish:No Error
161412:S_19_GoTo_20|Start:No Error
161412:A_19_GoTo_20|Start:No Error
161412:D_19_GoTo_20|Start:No Error
161412:D_19_GoTo_20|Done:No Error
161424:S_6_GoTo_7|Start:No Error
161424:D_6_GoTo_7|Start:No Error
161424:A_6_GoTo_7|Start:No Error
161424:D_6_GoTo_7|Done:No Error
161425:A_6_GoTo_7|Done:No Error
161425:B_6_GoTo_7|Start:No Error
161425:B_6_GoTo_7|Done:No Error
161425:C_6_GoTo_7|Start:No Error
161425:C_6_GoTo_7|Done:No Error
161425:S_6_GoTo_7|Finish:No Error
161426:D_3_GoTo_5|Start:No Error
161426:S_3_GoTo_5|Start:No Error
161426:A_3_GoTo_5|Start:No Error
161426:D_3_GoTo_5|Done:No Error
161426:A_3_GoTo_5|Done:No Error
161426:B_3_GoTo_5|Start:No Error
161426:B_3_GoTo_5|Done:No Error
161426:C_3_GoTo_5|Start:No Error
161427:C_3_GoTo_5|Done:No Error
161427:S_3_GoTo_5|Finish:No Error
161432:S_17_GoTo_18|Start:No Error
161432:A_17_GoTo_18|Start:No Error
161432:D_17_GoTo_18|Start:No Error
161432:D_17_GoTo_18|Done:No Error
161433:A_17_GoTo_18|Done:No Error
161433:B_17_GoTo_18|Start:No Error
161433:B_17_GoTo_18|Done:No Error
161433:C_17_GoTo_18|Start:No Error
161433:C_17_GoTo_18|Done:No Error
161433:S_17_GoTo_18|Finish:No Error
161443:S_11_GoTo_12|Start:No Error
161443:D_11_GoTo_12|Start:No Error
161443:A_11_GoTo_12|Start:No Error
161443:D_11_GoTo_12|Done:No Error
161444:D_18_GoTo_19|Start:No Error
161444:S_18_GoTo_19|Start:No Error
161444:A_18_GoTo_19|Start:No Error
161444:D_18_GoTo_19|Done:No Error
161446:A_16_GoTo_17|Start:No Error
161446:D_16_GoTo_17|Start:No Error
161446:S_16_GoTo_17|Start:No Error
161446:D_16_GoTo_17|Done:No Error
161447:A_16_GoTo_17|Done:No Error
161447:B_16_GoTo_17|Start:No Error
161447:B_16_GoTo_17|Done:No Error
161447:C_16_GoTo_17|Start:No Error
161447:C_16_GoTo_17|Done:No Error
161447:S_16_GoTo_17|Finish:No Error
161451:S_12_GoTo_13|Start:No Error
161451:D_12_GoTo_13|Start:No Error
161451:A_12_GoTo_13|Start:No Error
161451:D_12_GoTo_13|Done:No Error
161451:A_12_GoTo_13|Done:No Error
161451:B_12_GoTo_13|Start:No Error
161451:D_20_GoTo_22|Start:No Error
161451:S_20_GoTo_22|Start:No Error
161451:A_20_GoTo_22|Start:No Error
161451:D_20_GoTo_22|Done:No Error
161451:B_12_GoTo_13|Done:No Error
161451:C_12_GoTo_13|Start:No Error
161452:D_8_GoTo_9|Start:No Error
161452:S_8_GoTo_9|Start:No Error
161452:A_8_GoTo_9|Start:No Error
161452:D_8_GoTo_9|Done:No Error
161452:A_20_GoTo_22|Done:No Error
161452:B_20_GoTo_22|Start:No Error
161452:C_12_GoTo_13|Done:No Error
161452:S_12_GoTo_13|Finish:No Error
161452:B_20_GoTo_22|Done:No Error
161452:C_20_GoTo_22|Start:No Error
161452:A_8_GoTo_9|Done:No Error
161452:B_8_GoTo_9|Start:No Error
161452:B_8_GoTo_9|Done:No Error
161452:C_8_GoTo_9|Start:No Error
161452:C_20_GoTo_22|Done:No Error
161452:S_20_GoTo_22|Finish:No Error
161452:A_11_GoTo_12|Done:No Error
161452:B_11_GoTo_12|Start:No Error
161453:C_8_GoTo_9|Done:No Error
161453:S_8_GoTo_9|Finish:No Error
161453:B_11_GoTo_12|Done:No Error
161453:C_11_GoTo_12|Start:No Error
161453:A_19_GoTo_20|Done:No Error
161453:B_19_GoTo_20|Start:No Error
161453:C_11_GoTo_12|Done:No Error
161453:S_11_GoTo_12|Finish:No Error
161453:B_19_GoTo_20|Done:No Error
161453:C_19_GoTo_20|Start:No Error
161453:C_19_GoTo_20|Done:No Error
161453:S_19_GoTo_20|Finish:No Error
161454:A_18_GoTo_19|Done:No Error
161454:B_18_GoTo_19|Start:No Error
161455:B_18_GoTo_19|Done:No Error
161455:C_18_GoTo_19|Start:No Error
161455:C_18_GoTo_19|Done:No Error
161455:S_18_GoTo_19|Finish:No Error
161512:S_7_GoTo_8|Start:No Error
161512:A_7_GoTo_8|Start:No Error
161512:D_7_GoTo_8|Start:No Error
161512:D_7_GoTo_8|Done:No Error
161512:A_7_GoTo_8|Done:No Error
161512:B_7_GoTo_8|Start:No Error
161512:B_7_GoTo_8|Done:No Error
161512:C_7_GoTo_8|Start:No Error
161513:C_7_GoTo_8|Done:No Error
161513:S_7_GoTo_8|Finish:No Error
161516:S_5_GoTo_6|Start:No Error
161516:A_5_GoTo_6|Start:No Error
161516:D_5_GoTo_6|Start:No Error
161516:D_5_GoTo_6|Done:No Error
161516:A_5_GoTo_6|Done:No Error
161516:B_5_GoTo_6|Start:No Error
161517:B_5_GoTo_6|Done:No Error
161517:C_5_GoTo_6|Start:No Error
161517:C_5_GoTo_6|Done:No Error
161517:S_5_GoTo_6|Finish:No Error
161526:S_12_GoTo_13|Start:No Error
161526:D_12_GoTo_13|Start:No Error
161526:A_12_GoTo_13|Start:No Error
161526:D_12_GoTo_13|Done:No Error
161527:S_13_GoTo_16|Start:No Error
161527:D_13_GoTo_16|Start:No Error
161527:A_13_GoTo_16|Start:No Error
161527:D_13_GoTo_16|Done:No Error
161528:A_13_GoTo_16|Done:No Error
161528:B_13_GoTo_16|Start:No Error
161528:B_13_GoTo_16|Done:No Error
161528:C_13_GoTo_16|Start:No Error
161528:C_13_GoTo_16|Done:No Error
161528:S_13_GoTo_16|Finish:No Error
161529:A_12_GoTo_13|Done:No Error
161529:B_12_GoTo_13|Start:No Error
161529:B_12_GoTo_13|Done:No Error
161529:C_12_GoTo_13|Start:No Error
161529:D_17_GoTo_18|Start:No Error
161529:A_17_GoTo_18|Start:No Error
161529:S_17_GoTo_18|Start:No Error
161529:D_17_GoTo_18|Done:No Error
161529:C_12_GoTo_13|Done:No Error
161529:S_12_GoTo_13|Finish:No Error
161530:A_17_GoTo_18|Done:No Error
161530:B_17_GoTo_18|Start:No Error
161530:B_17_GoTo_18|Done:No Error
161530:C_17_GoTo_18|Start:No Error
161530:C_17_GoTo_18|Done:No Error
161530:S_17_GoTo_18|Finish:No Error
161536:D_19_GoTo_20|Start:No Error
161536:S_19_GoTo_20|Start:No Error
161536:A_19_GoTo_20|Start:No Error
161536:D_19_GoTo_20|Done:No Error
161538:D_6_GoTo_7|Start:No Error
161538:A_6_GoTo_7|Start:No Error
161538:S_6_GoTo_7|Start:No Error
161538:D_6_GoTo_7|Done:No Error
161538:A_6_GoTo_7|Done:No Error
161538:B_6_GoTo_7|Start:No Error
161539:B_6_GoTo_7|Done:No Error
161539:C_6_GoTo_7|Start:No Error
161539:C_6_GoTo_7|Done:No Error
161539:S_6_GoTo_7|Finish:No Error
161541:D_18_GoTo_19|Start:No Error
161541:S_18_GoTo_19|Start:No Error
161541:A_18_GoTo_19|Start:No Error
161541:D_18_GoTo_19|Done:No Error
161546:D_8_GoTo_9|Start:No Error
161546:A_8_GoTo_9|Start:No Error
161546:S_8_GoTo_9|Start:No Error
161547:D_8_GoTo_9|Done:No Error
161556:D_13_GoTo_16|Start:No Error
161556:S_13_GoTo_16|Start:No Error
161556:A_13_GoTo_16|Start:No Error
161557:D_13_GoTo_16|Done:No Error
161557:D_3_GoTo_5|Start:No Error
161557:S_3_GoTo_5|Start:No Error
161557:A_3_GoTo_5|Start:No Error
161558:D_3_GoTo_5|Done:No Error
161558:A_3_GoTo_5|Done:No Error
161558:B_3_GoTo_5|Start:No Error
161558:B_3_GoTo_5|Done:No Error
161558:C_3_GoTo_5|Start:No Error
161558:C_3_GoTo_5|Done:No Error
161558:S_3_GoTo_5|Finish:No Error
161600:D_16_GoTo_17|Start:No Error
161600:A_16_GoTo_17|Start:No Error
161600:S_16_GoTo_17|Start:No Error
161600:D_16_GoTo_17|Done:No Error
161600:A_16_GoTo_17|Done:No Error
161600:B_16_GoTo_17|Start:No Error
161601:B_16_GoTo_17|Done:No Error
161601:C_16_GoTo_17|Start:No Error
161601:C_16_GoTo_17|Done:No Error
161601:S_16_GoTo_17|Finish:No Error
161601:A_13_GoTo_16|Done:No Error
161601:B_13_GoTo_16|Start:No Error
161602:B_13_GoTo_16|Done:No Error
161602:C_13_GoTo_16|Start:No Error
161602:C_13_GoTo_16|Done:No Error
161602:S_13_GoTo_16|Finish:No Error
161606:D_9_GoTo_10|Start:No Error
161606:S_9_GoTo_10|Start:No Error
161606:A_9_GoTo_10|Start:No Error
161606:D_9_GoTo_10|Done:No Error
161607:A_9_GoTo_10|Done:No Error
161607:B_9_GoTo_10|Start:No Error
161607:B_9_GoTo_10|Done:No Error
161607:C_9_GoTo_10|Start:No Error
161607:S_20_GoTo_22|Start:No Error
161607:D_20_GoTo_22|Start:No Error
161607:A_20_GoTo_22|Start:No Error
161607:D_20_GoTo_22|Done:No Error
161607:C_9_GoTo_10|Done:No Error
161607:S_9_GoTo_10|Finish:No Error
161608:A_8_GoTo_9|Done:No Error
161608:B_8_GoTo_9|Start:No Error
161608:B_8_GoTo_9|Done:No Error
161608:C_8_GoTo_9|Start:No Error
161608:C_8_GoTo_9|Done:No Error
161608:S_8_GoTo_9|Finish:No Error
161628:D_10_GoTo_11|Start:No Error
161628:S_10_GoTo_11|Start:No Error
161628:A_10_GoTo_11|Start:No Error
161628:D_10_GoTo_11|Done:No Error
161628:A_10_GoTo_11|Done:No Error
161628:B_10_GoTo_11|Start:No Error
161629:B_10_GoTo_11|Done:No Error
161629:C_10_GoTo_11|Start:No Error
161629:C_10_GoTo_11|Done:No Error
161629:S_10_GoTo_11|Finish:No Error
161646:S_16_GoTo_17|Start:No Error
161646:A_16_GoTo_17|Start:No Error
161646:D_16_GoTo_17|Start:No Error
161646:D_16_GoTo_17|Done:No Error
161652:S_5_GoTo_6|Start:No Error
161652:D_5_GoTo_6|Start:No Error
161652:A_5_GoTo_6|Start:No Error
161652:D_5_GoTo_6|Done:No Error
161652:A_5_GoTo_6|Done:No Error
161652:B_5_GoTo_6|Start:No Error
161653:B_5_GoTo_6|Done:No Error
161653:C_5_GoTo_6|Start:No Error
161653:C_5_GoTo_6|Done:No Error
161653:S_5_GoTo_6|Finish:No Error
161658:S_17_GoTo_18|Start:No Error
161658:D_17_GoTo_18|Start:No Error
161658:A_17_GoTo_18|Start:No Error
161658:D_17_GoTo_18|Done:No Error
161711:A_7_GoTo_8|Start:No Error
161711:S_7_GoTo_8|Start:No Error
161711:D_7_GoTo_8|Start:No Error
161711:D_7_GoTo_8|Done:No Error
161711:A_7_GoTo_8|Done:No Error
161711:B_7_GoTo_8|Start:No Error
161712:B_7_GoTo_8|Done:No Error
161712:C_7_GoTo_8|Start:No Error
161712:C_7_GoTo_8|Done:No Error
161712:S_7_GoTo_8|Finish:No Error
161713:S_6_GoTo_7|Start:No Error
161713:A_6_GoTo_7|Start:No Error
161713:D_6_GoTo_7|Start:No Error
161713:D_6_GoTo_7|Done:No Error
161713:A_6_GoTo_7|Done:No Error
161713:B_6_GoTo_7|Start:No Error
161714:B_6_GoTo_7|Done:No Error
161714:C_6_GoTo_7|Start:No Error
161714:C_6_GoTo_7|Done:No Error
161714:S_6_GoTo_7|Finish:No Error
161717:A_21_GoTo_FINISH|Start:No Error
161717:S_21_GoTo_FINISH|Start:No Error
161717:D_21_GoTo_FINISH|Start:No Error
161717:A_21_GoTo_FINISH|Done:No Error
161717:B_21_GoTo_FINISH|Start:No Error
161717:B_FINISH_NA_NA:No Error
161717:B_21_GoTo_FINISH|Done:No Error
161717:C_21_GoTo_FINISH|Start:No Error
161717:D_21_GoTo_FINISH|Done:No Error
161717:C_21_GoTo_FINISH|Done:No Error
161717:S_21_GoTo_FINISH|Finish:No Error
161721:D_9_GoTo_10|Start:No Error
161721:S_9_GoTo_10|Start:No Error
161721:A_9_GoTo_10|Start:No Error
161722:D_9_GoTo_10|Done:No Error
161722:A_9_GoTo_10|Done:No Error
161722:B_9_GoTo_10|Start:No Error
161722:B_9_GoTo_10|Done:No Error
161722:C_9_GoTo_10|Start:No Error
161722:C_9_GoTo_10|Done:No Error
161722:S_9_GoTo_10|Finish:No Error
161723:S_22_GoTo_21|Start:No Error
161723:D_22_GoTo_21|Start:No Error
161723:A_22_GoTo_21|Start:No Error
161723:D_22_GoTo_21|Done:No Error
161724:A_22_GoTo_21|Done:No Error
161724:B_22_GoTo_21|Start:No Error
161724:B_22_GoTo_21|Done:No Error
161724:C_22_GoTo_21|Start:No Error
161724:C_22_GoTo_21|Done:No Error
161724:S_22_GoTo_21|Finish:No Error
161725:A_20_GoTo_22|Done:No Error
161725:B_20_GoTo_22|Start:No Error
161726:B_20_GoTo_22|Done:No Error
161726:C_20_GoTo_22|Start:No Error
161726:C_20_GoTo_22|Done:No Error
161726:S_20_GoTo_22|Finish:No Error
161726:A_19_GoTo_20|Done:No Error
161726:B_19_GoTo_20|Start:No Error
161727:B_19_GoTo_20|Done:No Error
161727:C_19_GoTo_20|Start:No Error
161727:C_19_GoTo_20|Done:No Error
161727:S_19_GoTo_20|Finish:No Error
161727:A_18_GoTo_19|Done:No Error
161727:B_18_GoTo_19|Start:No Error
161727:B_18_GoTo_19|Done:No Error
161727:C_18_GoTo_19|Start:No Error
161728:C_18_GoTo_19|Done:No Error
161728:S_18_GoTo_19|Finish:No Error
161729:A_17_GoTo_18|Done:No Error
161729:B_17_GoTo_18|Start:No Error
161729:B_17_GoTo_18|Done:No Error
161729:C_17_GoTo_18|Start:No Error
161729:C_17_GoTo_18|Done:No Error
161729:S_17_GoTo_18|Finish:No Error
161729:A_16_GoTo_17|Done:No Error
161729:B_16_GoTo_17|Start:No Error
161730:B_16_GoTo_17|Done:No Error
161730:C_16_GoTo_17|Start:No Error
161730:C_16_GoTo_17|Done:No Error
161730:S_16_GoTo_17|Finish:No Error
161749:D_11_GoTo_12|Start:No Error
161749:A_11_GoTo_12|Start:No Error
161749:S_11_GoTo_12|Start:No Error
161749:D_11_GoTo_12|Done:No Error
161749:A_11_GoTo_12|Done:No Error
161749:B_11_GoTo_12|Start:No Error
161749:B_11_GoTo_12|Done:No Error
161749:C_11_GoTo_12|Start:No Error
161750:C_11_GoTo_12|Done:No Error
161750:S_11_GoTo_12|Finish:No Error
161752:A_10_GoTo_11|Start:No Error
161752:D_10_GoTo_11|Start:No Error
161752:S_10_GoTo_11|Start:No Error
161752:D_10_GoTo_11|Done:No Error
161752:A_10_GoTo_11|Done:No Error
161752:B_10_GoTo_11|Start:No Error
161752:B_10_GoTo_11|Done:No Error
161752:C_10_GoTo_11|Start:No Error
161753:C_10_GoTo_11|Done:No Error
161753:S_10_GoTo_11|Finish:No Error
161754:S_18_GoTo_19|Start:No Error
161754:A_18_GoTo_19|Start:No Error
161754:D_18_GoTo_19|Start:No Error
161754:D_18_GoTo_19|Done:No Error
161802:D_3_GoTo_5|Start:No Error
161802:A_3_GoTo_5|Start:No Error
161802:S_3_GoTo_5|Start:No Error
161802:D_3_GoTo_5|Done:No Error
161802:A_3_GoTo_5|Done:No Error
161802:B_3_GoTo_5|Start:No Error
161803:B_3_GoTo_5|Done:No Error
161803:C_3_GoTo_5|Start:No Error
161803:C_3_GoTo_5|Done:No Error
161803:S_3_GoTo_5|Finish:No Error
161808:D_8_GoTo_9|Start:No Error
161808:A_8_GoTo_9|Start:No Error
161808:S_8_GoTo_9|Start:No Error
161808:D_8_GoTo_9|Done:No Error
161808:A_8_GoTo_9|Done:No Error
161808:B_8_GoTo_9|Start:No Error
161809:D_19_GoTo_20|Start:No Error
161809:S_19_GoTo_20|Start:No Error
161809:A_19_GoTo_20|Start:No Error
161809:D_19_GoTo_20|Done:No Error
161809:B_8_GoTo_9|Done:No Error
161809:C_8_GoTo_9|Start:No Error
161809:C_8_GoTo_9|Done:No Error
161809:S_8_GoTo_9|Finish:No Error
161819:D_17_GoTo_18|Start:No Error
161819:A_17_GoTo_18|Start:No Error
161819:S_17_GoTo_18|Start:No Error
161819:D_17_GoTo_18|Done:No Error
161825:A_7_GoTo_8|Start:No Error
161825:S_7_GoTo_8|Start:No Error
161825:D_7_GoTo_8|Start:No Error
161825:D_7_GoTo_8|Done:No Error
161825:A_7_GoTo_8|Done:No Error
161825:B_7_GoTo_8|Start:No Error
161826:B_7_GoTo_8|Done:No Error
161826:C_7_GoTo_8|Start:No Error
161826:C_7_GoTo_8|Done:No Error
161826:S_7_GoTo_8|Finish:No Error
161837:S_5_GoTo_6|Start:No Error
161837:A_5_GoTo_6|Start:No Error
161837:D_5_GoTo_6|Start:No Error
161838:D_5_GoTo_6|Done:No Error
161838:A_5_GoTo_6|Done:No Error
161838:B_5_GoTo_6|Start:No Error
161838:B_5_GoTo_6|Done:No Error
161838:C_5_GoTo_6|Start:No Error
161838:C_5_GoTo_6|Done:No Error
161838:S_5_GoTo_6|Finish:No Error
161845:S_12_GoTo_13|Start:No Error
161845:D_12_GoTo_13|Start:No Error
161845:A_12_GoTo_13|Start:No Error
161845:D_12_GoTo_13|Done:No Error
161845:A_12_GoTo_13|Done:No Error
161845:B_12_GoTo_13|Start:No Error
161845:B_12_GoTo_13|Done:No Error
161845:C_12_GoTo_13|Start:No Error
161846:C_12_GoTo_13|Done:No Error
161846:S_12_GoTo_13|Finish:No Error
161847:D_21_GoTo_FINISH|Start:No Error
161847:S_21_GoTo_FINISH|Start:No Error
161847:A_21_GoTo_FINISH|Start:No Error
161847:A_21_GoTo_FINISH|Done:No Error
161847:B_21_GoTo_FINISH|Start:No Error
161847:B_FINISH_NA_NA:No Error
161847:B_21_GoTo_FINISH|Done:No Error
161847:C_21_GoTo_FINISH|Start:No Error
161847:D_21_GoTo_FINISH|Done:No Error
161847:C_21_GoTo_FINISH|Done:No Error
161847:S_21_GoTo_FINISH|Finish:No Error
161851:S_6_GoTo_7|Start:No Error
161851:D_6_GoTo_7|Start:No Error
161851:A_6_GoTo_7|Start:No Error
161851:D_6_GoTo_7|Done:No Error
161851:A_6_GoTo_7|Done:No Error
161851:B_6_GoTo_7|Start:No Error
161852:B_6_GoTo_7|Done:No Error
161852:C_6_GoTo_7|Start:No Error
161852:S_22_GoTo_21|Start:No Error
161852:D_22_GoTo_21|Start:No Error
161852:A_22_GoTo_21|Start:No Error
161852:D_22_GoTo_21|Done:No Error
161852:C_6_GoTo_7|Done:No Error
161852:S_6_GoTo_7|Finish:No Error
161852:A_22_GoTo_21|Done:No Error
161852:B_22_GoTo_21|Start:No Error
161853:B_22_GoTo_21|Done:No Error
161853:C_22_GoTo_21|Start:No Error
161853:C_22_GoTo_21|Done:No Error
161853:S_22_GoTo_21|Finish:No Error
161908:S_20_GoTo_22|Start:No Error
161908:A_20_GoTo_22|Start:No Error
161908:D_20_GoTo_22|Start:No Error
161908:D_20_GoTo_22|Done:No Error
161908:A_20_GoTo_22|Done:No Error
161908:B_20_GoTo_22|Start:No Error
161909:B_20_GoTo_22|Done:No Error
161909:C_20_GoTo_22|Start:No Error
161909:C_20_GoTo_22|Done:No Error
161909:S_20_GoTo_22|Finish:No Error
161910:A_19_GoTo_20|Done:No Error
161910:B_19_GoTo_20|Start:No Error
161910:A_3_GoTo_5|Start:No Error
161910:S_3_GoTo_5|Start:No Error
161910:D_3_GoTo_5|Start:No Error
161910:D_3_GoTo_5|Done:No Error
161910:B_19_GoTo_20|Done:No Error
161910:C_19_GoTo_20|Start:No Error
161910:A_3_GoTo_5|Done:No Error
161910:B_3_GoTo_5|Start:No Error
161911:C_19_GoTo_20|Done:No Error
161911:S_19_GoTo_20|Finish:No Error
161911:B_3_GoTo_5|Done:No Error
161911:C_3_GoTo_5|Start:No Error
161911:C_3_GoTo_5|Done:No Error
161911:S_3_GoTo_5|Finish:No Error
161911:A_18_GoTo_19|Done:No Error
161911:B_18_GoTo_19|Start:No Error
161912:B_18_GoTo_19|Done:No Error
161912:C_18_GoTo_19|Start:No Error
161912:C_18_GoTo_19|Done:No Error
161912:S_18_GoTo_19|Finish:No Error
161913:A_17_GoTo_18|Done:No Error
161913:B_17_GoTo_18|Start:No Error
161913:B_17_GoTo_18|Done:No Error
161913:C_17_GoTo_18|Start:No Error
161913:C_17_GoTo_18|Done:No Error
161913:S_17_GoTo_18|Finish:No Error
161921:D_13_GoTo_16|Start:No Error
161921:A_13_GoTo_16|Start:No Error
161921:S_13_GoTo_16|Start:No Error
161921:D_13_GoTo_16|Done:No Error
161921:A_13_GoTo_16|Done:No Error
161921:B_13_GoTo_16|Start:No Error
161922:B_13_GoTo_16|Done:No Error
161922:C_13_GoTo_16|Start:No Error
161922:C_13_GoTo_16|Done:No Error
161922:S_13_GoTo_16|Finish:No Error
161938:A_7_GoTo_8|Start:No Error
161938:S_7_GoTo_8|Start:No Error
161938:D_7_GoTo_8|Start:No Error
161938:D_7_GoTo_8|Done:No Error
161942:S_19_GoTo_20|Start:No Error
161942:D_19_GoTo_20|Start:No Error
161942:A_19_GoTo_20|Start:No Error
161942:D_19_GoTo_20|Done:No Error
162003:A_11_GoTo_12|Start:No Error
162003:D_11_GoTo_12|Start:No Error
162003:S_11_GoTo_12|Start:No Error
162003:D_11_GoTo_12|Done:No Error
162003:A_11_GoTo_12|Done:No Error
162003:B_11_GoTo_12|Start:No Error
162004:B_11_GoTo_12|Done:No Error
162004:C_11_GoTo_12|Start:No Error
162004:C_11_GoTo_12|Done:No Error
162004:S_11_GoTo_12|Finish:No Error
162009:S_18_GoTo_19|Start:No Error
162009:A_18_GoTo_19|Start:No Error
162009:D_18_GoTo_19|Start:No Error
162010:S_16_GoTo_17|Start:No Error
162010:A_16_GoTo_17|Start:No Error
162010:D_16_GoTo_17|Start:No Error
162010:D_18_GoTo_19|Done:No Error
162010:D_16_GoTo_17|Done:No Error
162010:A_16_GoTo_17|Done:No Error
162010:B_16_GoTo_17|Start:No Error
162010:B_16_GoTo_17|Done:No Error
162010:C_16_GoTo_17|Start:No Error
162010:C_16_GoTo_17|Done:No Error
162010:S_16_GoTo_17|Finish:No Error
162015:S_3_GoTo_5|Start:No Error
162015:A_3_GoTo_5|Start:No Error
162015:D_3_GoTo_5|Start:No Error
162015:D_3_GoTo_5|Done:No Error
162015:S_5_GoTo_6|Start:No Error
162015:D_5_GoTo_6|Start:No Error
162015:A_5_GoTo_6|Start:No Error
162016:D_5_GoTo_6|Done:No Error
162016:A_5_GoTo_6|Done:No Error
162016:B_5_GoTo_6|Start:No Error
162016:B_5_GoTo_6|Done:No Error
162016:C_5_GoTo_6|Start:No Error
162016:C_5_GoTo_6|Done:No Error
162016:S_5_GoTo_6|Finish:No Error
162017:A_3_GoTo_5|Done:No Error
162017:B_3_GoTo_5|Start:No Error
162017:B_3_GoTo_5|Done:No Error
162017:C_3_GoTo_5|Start:No Error
162017:C_3_GoTo_5|Done:No Error
162017:S_3_GoTo_5|Finish:No Error
162020:D_21_GoTo_FINISH|Start:No Error
162020:A_21_GoTo_FINISH|Start:No Error
162020:S_21_GoTo_FINISH|Start:No Error
162020:A_21_GoTo_FINISH|Done:No Error
162020:B_21_GoTo_FINISH|Start:No Error
162020:B_FINISH_NA_NA:No Error
162020:B_21_GoTo_FINISH|Done:No Error
162020:C_21_GoTo_FINISH|Start:No Error
162021:D_21_GoTo_FINISH|Done:No Error
162021:C_21_GoTo_FINISH|Done:No Error
162021:S_21_GoTo_FINISH|Finish:No Error
162026:D_22_GoTo_21|Start:No Error
162026:A_22_GoTo_21|Start:No Error
162026:S_22_GoTo_21|Start:No Error
162026:D_22_GoTo_21|Done:No Error
162026:A_22_GoTo_21|Done:No Error
162026:B_22_GoTo_21|Start:No Error
162026:B_22_GoTo_21|Done:No Error
162026:C_22_GoTo_21|Start:No Error
162027:C_22_GoTo_21|Done:No Error
162027:S_22_GoTo_21|Finish:No Error
162027:A_6_GoTo_7|Start:No Error
162027:S_6_GoTo_7|Start:No Error
162027:D_6_GoTo_7|Start:No Error
162027:D_6_GoTo_7|Done:No Error
162039:D_20_GoTo_22|Start:No Error
162039:S_20_GoTo_22|Start:No Error
162039:A_20_GoTo_22|Start:No Error
162039:D_20_GoTo_22|Done:No Error
162040:A_20_GoTo_22|Done:No Error
162040:B_20_GoTo_22|Start:No Error
162040:B_20_GoTo_22|Done:No Error
162040:C_20_GoTo_22|Start:No Error
162040:C_20_GoTo_22|Done:No Error
162040:S_20_GoTo_22|Finish:No Error
162041:A_19_GoTo_20|Done:No Error
162041:B_19_GoTo_20|Start:No Error
162041:B_19_GoTo_20|Done:No Error
162041:C_19_GoTo_20|Start:No Error
162041:A_12_GoTo_13|Start:No Error
162041:D_12_GoTo_13|Start:No Error
162041:S_12_GoTo_13|Start:No Error
162041:C_19_GoTo_20|Done:No Error
162041:S_19_GoTo_20|Finish:No Error
162041:D_12_GoTo_13|Done:No Error
162042:A_12_GoTo_13|Done:No Error
162042:B_12_GoTo_13|Start:No Error
162042:A_18_GoTo_19|Done:No Error
162042:B_18_GoTo_19|Start:No Error
162042:B_18_GoTo_19|Done:No Error
162042:C_18_GoTo_19|Start:No Error
162042:B_12_GoTo_13|Done:No Error
162042:C_12_GoTo_13|Start:No Error
162042:C_12_GoTo_13|Done:No Error
162042:S_12_GoTo_13|Finish:No Error
162042:C_18_GoTo_19|Done:No Error
162042:S_18_GoTo_19|Finish:No Error
162054:D_8_GoTo_9|Start:No Error
162054:A_8_GoTo_9|Start:No Error
162054:S_8_GoTo_9|Start:No Error
162054:D_8_GoTo_9|Done:No Error
162105:A_5_GoTo_6|Start:No Error
162105:S_5_GoTo_6|Start:No Error
162105:D_5_GoTo_6|Start:No Error
162105:D_5_GoTo_6|Done:No Error
162113:A_13_GoTo_16|Start:No Error
162113:D_13_GoTo_16|Start:No Error
162113:S_13_GoTo_16|Start:No Error
162114:D_13_GoTo_16|Done:No Error
162114:A_13_GoTo_16|Done:No Error
162114:B_13_GoTo_16|Start:No Error
162114:B_13_GoTo_16|Done:No Error
162114:C_13_GoTo_16|Start:No Error
162114:C_13_GoTo_16|Done:No Error
162114:S_13_GoTo_16|Finish:No Error
162117:A_3_GoTo_5|Start:No Error
162117:D_3_GoTo_5|Start:No Error
162117:S_3_GoTo_5|Start:No Error
162117:D_3_GoTo_5|Done:No Error
162118:D_17_GoTo_18|Start:No Error
162118:S_17_GoTo_18|Start:No Error
162118:A_17_GoTo_18|Start:No Error
162118:D_17_GoTo_18|Done:No Error
162118:A_17_GoTo_18|Done:No Error
162118:B_17_GoTo_18|Start:No Error
162118:S_9_GoTo_10|Start:No Error
162118:A_9_GoTo_10|Start:No Error
162118:D_9_GoTo_10|Start:No Error
162118:D_9_GoTo_10|Done:No Error
162118:B_17_GoTo_18|Done:No Error
162118:C_17_GoTo_18|Start:No Error
162119:A_9_GoTo_10|Done:No Error
162119:B_9_GoTo_10|Start:No Error
162119:C_17_GoTo_18|Done:No Error
162119:S_17_GoTo_18|Finish:No Error
162119:B_9_GoTo_10|Done:No Error
162119:C_9_GoTo_10|Start:No Error
162119:C_9_GoTo_10|Done:No Error
162119:S_9_GoTo_10|Finish:No Error
162120:A_8_GoTo_9|Done:No Error
162120:B_8_GoTo_9|Start:No Error
162120:B_8_GoTo_9|Done:No Error
162120:C_8_GoTo_9|Start:No Error
162121:C_8_GoTo_9|Done:No Error
162121:S_8_GoTo_9|Finish:No Error
162121:A_7_GoTo_8|Done:No Error
162121:B_7_GoTo_8|Start:No Error
162122:B_7_GoTo_8|Done:No Error
162122:C_7_GoTo_8|Start:No Error
162122:C_7_GoTo_8|Done:No Error
162122:S_7_GoTo_8|Finish:No Error
162122:A_6_GoTo_7|Done:No Error
162122:B_6_GoTo_7|Start:No Error
162123:B_6_GoTo_7|Done:No Error
162123:C_6_GoTo_7|Start:No Error
162123:C_6_GoTo_7|Done:No Error
162123:S_6_GoTo_7|Finish:No Error
162124:A_5_GoTo_6|Done:No Error
162124:B_5_GoTo_6|Start:No Error
162124:B_5_GoTo_6|Done:No Error
162124:C_5_GoTo_6|Start:No Error
162124:C_5_GoTo_6|Done:No Error
162124:S_5_GoTo_6|Finish:No Error
162125:A_3_GoTo_5|Done:No Error
162125:B_3_GoTo_5|Start:No Error
162125:B_3_GoTo_5|Done:No Error
162125:C_3_GoTo_5|Start:No Error
162126:C_3_GoTo_5|Done:No Error
162126:S_3_GoTo_5|Finish:No Error
162137:S_18_GoTo_19|Start:No Error
162137:D_18_GoTo_19|Start:No Error
162137:A_18_GoTo_19|Start:No Error
162137:D_18_GoTo_19|Done:No Error
162145:S_21_GoTo_FINISH|Start:No Error
162145:D_21_GoTo_FINISH|Start:No Error
162145:A_21_GoTo_FINISH|Start:No Error
162145:A_21_GoTo_FINISH|Done:No Error
162145:B_21_GoTo_FINISH|Start:No Error
162145:B_FINISH_NA_NA:No Error
162145:B_21_GoTo_FINISH|Done:No Error
162145:C_21_GoTo_FINISH|Start:No Error
162145:D_21_GoTo_FINISH|Done:No Error
162145:C_21_GoTo_FINISH|Done:No Error
162145:S_21_GoTo_FINISH|Finish:No Error
162147:S_20_GoTo_22|Start:No Error
162147:D_20_GoTo_22|Start:No Error
162147:A_20_GoTo_22|Start:No Error
162147:D_20_GoTo_22|Done:No Error
162150:D_22_GoTo_21|Start:No Error
162150:S_22_GoTo_21|Start:No Error
162150:A_22_GoTo_21|Start:No Error
162150:D_22_GoTo_21|Done:No Error
162151:A_22_GoTo_21|Done:No Error
162151:B_22_GoTo_21|Start:No Error
162151:B_22_GoTo_21|Done:No Error
162151:C_22_GoTo_21|Start:No Error
162151:C_22_GoTo_21|Done:No Error
162151:S_22_GoTo_21|Finish:No Error
162152:A_20_GoTo_22|Done:No Error
162152:B_20_GoTo_22|Start:No Error
162152:B_20_GoTo_22|Done:No Error
162152:C_20_GoTo_22|Start:No Error
162153:C_20_GoTo_22|Done:No Error
162153:S_20_GoTo_22|Finish:No Error
162155:D_6_GoTo_7|Start:No Error
162155:S_6_GoTo_7|Start:No Error
162155:A_6_GoTo_7|Start:No Error
162155:D_6_GoTo_7|Done:No Error
162155:A_19_GoTo_20|Start:No Error
162155:D_19_GoTo_20|Start:No Error
162155:S_19_GoTo_20|Start:No Error
162155:D_19_GoTo_20|Done:No Error
162156:A_19_GoTo_20|Done:No Error
162156:B_19_GoTo_20|Start:No Error
162156:B_19_GoTo_20|Done:No Error
162156:C_19_GoTo_20|Start:No Error
162156:C_19_GoTo_20|Done:No Error
162156:S_19_GoTo_20|Finish:No Error
162157:A_18_GoTo_19|Done:No Error
162157:B_18_GoTo_19|Start:No Error
162157:B_18_GoTo_19|Done:No Error
162157:C_18_GoTo_19|Start:No Error
162157:A_10_GoTo_11|Start:No Error
162157:S_10_GoTo_11|Start:No Error
162157:D_10_GoTo_11|Start:No Error
162157:D_10_GoTo_11|Done:No Error
162158:C_18_GoTo_19|Done:No Error
162158:S_18_GoTo_19|Finish:No Error
162158:A_10_GoTo_11|Done:No Error
162158:B_10_GoTo_11|Start:No Error
162158:B_10_GoTo_11|Done:No Error
162158:C_10_GoTo_11|Start:No Error
162158:C_10_GoTo_11|Done:No Error
162158:S_10_GoTo_11|Finish:No Error
162200:D_16_GoTo_17|Start:No Error
162200:A_16_GoTo_17|Start:No Error
162200:S_16_GoTo_17|Start:No Error
162200:D_16_GoTo_17|Done:No Error
162200:A_16_GoTo_17|Done:No Error
162200:B_16_GoTo_17|Start:No Error
162200:B_16_GoTo_17|Done:No Error
162200:C_16_GoTo_17|Start:No Error
162201:C_16_GoTo_17|Done:No Error
162201:S_16_GoTo_17|Finish:No Error
162202:S_8_GoTo_9|Start:No Error
162202:D_8_GoTo_9|Start:No Error
162202:A_8_GoTo_9|Start:No Error
162203:D_8_GoTo_9|Done:No Error
162208:A_7_GoTo_8|Start:No Error
162208:S_7_GoTo_8|Start:No Error
162208:D_7_GoTo_8|Start:No Error
162209:D_7_GoTo_8|Done:No Error
162216:A_5_GoTo_6|Start:No Error
162216:S_5_GoTo_6|Start:No Error
162216:D_5_GoTo_6|Start:No Error
162216:D_5_GoTo_6|Done:No Error
162229:D_19_GoTo_20|Start:No Error
162229:A_19_GoTo_20|Start:No Error
162229:S_19_GoTo_20|Start:No Error
162229:D_19_GoTo_20|Done:No Error
162233:S_9_GoTo_10|Start:No Error
162233:A_9_GoTo_10|Start:No Error
162233:D_9_GoTo_10|Start:No Error
162233:D_9_GoTo_10|Done:No Error
162233:A_9_GoTo_10|Done:No Error
162233:B_9_GoTo_10|Start:No Error
162234:B_9_GoTo_10|Done:No Error
162234:C_9_GoTo_10|Start:No Error
162234:C_9_GoTo_10|Done:No Error
162234:S_9_GoTo_10|Finish:No Error
162235:A_8_GoTo_9|Done:No Error
162235:B_8_GoTo_9|Start:No Error
162235:B_8_GoTo_9|Done:No Error
162235:C_8_GoTo_9|Start:No Error
162236:C_8_GoTo_9|Done:No Error
162236:S_8_GoTo_9|Finish:No Error
162236:A_7_GoTo_8|Done:No Error
162236:B_7_GoTo_8|Start:No Error
162236:B_7_GoTo_8|Done:No Error
162236:C_7_GoTo_8|Start:No Error
162237:C_7_GoTo_8|Done:No Error
162237:S_7_GoTo_8|Finish:No Error
162237:S_11_GoTo_12|Start:No Error
162237:A_11_GoTo_12|Start:No Error
162237:D_11_GoTo_12|Start:No Error
162237:D_11_GoTo_12|Done:No Error
162237:A_6_GoTo_7|Done:No Error
162237:B_6_GoTo_7|Start:No Error
162238:A_11_GoTo_12|Done:No Error
162238:B_11_GoTo_12|Start:No Error
162238:B_6_GoTo_7|Done:No Error
162238:C_6_GoTo_7|Start:No Error
162238:B_11_GoTo_12|Done:No Error
162238:C_11_GoTo_12|Start:No Error
162238:C_6_GoTo_7|Done:No Error
162238:S_6_GoTo_7|Finish:No Error
162238:C_11_GoTo_12|Done:No Error
162238:S_11_GoTo_12|Finish:No Error
162239:A_5_GoTo_6|Done:No Error
162239:B_5_GoTo_6|Start:No Error
162239:B_5_GoTo_6|Done:No Error
162239:C_5_GoTo_6|Start:No Error
162239:C_5_GoTo_6|Done:No Error
162239:S_5_GoTo_6|Finish:No Error
162244:S_17_GoTo_18|Start:No Error
162244:D_17_GoTo_18|Start:No Error
162244:A_17_GoTo_18|Start:No Error
162244:D_17_GoTo_18|Done:No Error
162244:A_17_GoTo_18|Done:No Error
162244:B_17_GoTo_18|Start:No Error
162245:B_17_GoTo_18|Done:No Error
162245:C_17_GoTo_18|Start:No Error
162245:C_17_GoTo_18|Done:No Error
162245:S_17_GoTo_18|Finish:No Error
162255:A_18_GoTo_19|Start:No Error
162255:D_18_GoTo_19|Start:No Error
162255:S_18_GoTo_19|Start:No Error
162255:D_18_GoTo_19|Done:No Error
162256:S_6_GoTo_7|Start:No Error
162256:A_6_GoTo_7|Start:No Error
162256:D_6_GoTo_7|Start:No Error
162256:D_6_GoTo_7|Done:No Error
162306:S_3_GoTo_5|Start:No Error
162306:D_3_GoTo_5|Start:No Error
162306:A_3_GoTo_5|Start:No Error
162306:D_3_GoTo_5|Done:No Error
162306:A_3_GoTo_5|Done:No Error
162306:B_3_GoTo_5|Start:No Error
162307:B_3_GoTo_5|Done:No Error
162307:C_3_GoTo_5|Start:No Error
162307:C_3_GoTo_5|Done:No Error
162307:S_3_GoTo_5|Finish:No Error
162308:A_10_GoTo_11|Start:No Error
162308:S_10_GoTo_11|Start:No Error
162308:D_10_GoTo_11|Start:No Error
162308:D_10_GoTo_11|Done:No Error
162309:A_10_GoTo_11|Done:No Error
162309:B_10_GoTo_11|Start:No Error
162309:B_10_GoTo_11|Done:No Error
162309:C_10_GoTo_11|Start:No Error
162310:C_10_GoTo_11|Done:No Error
162310:S_10_GoTo_11|Finish:No Error
162310:S_20_GoTo_22|Start:No Error
162310:D_20_GoTo_22|Start:No Error
162310:A_20_GoTo_22|Start:No Error
162310:D_20_GoTo_22|Done:No Error
162311:A_21_GoTo_FINISH|Start:No Error
162311:S_21_GoTo_FINISH|Start:No Error
162311:D_21_GoTo_FINISH|Start:No Error
162311:A_21_GoTo_FINISH|Done:No Error
162311:B_21_GoTo_FINISH|Start:No Error
162311:B_FINISH_NA_NA:No Error
162311:B_21_GoTo_FINISH|Done:No Error
162311:C_21_GoTo_FINISH|Start:No Error
162311:D_21_GoTo_FINISH|Done:No Error
162311:C_21_GoTo_FINISH|Done:No Error
162311:S_21_GoTo_FINISH|Finish:No Error
162315:S_22_GoTo_21|Start:No Error
162315:D_22_GoTo_21|Start:No Error
162315:A_22_GoTo_21|Start:No Error
162315:D_22_GoTo_21|Done:No Error
162316:S_8_GoTo_9|Start:No Error
162316:D_8_GoTo_9|Start:No Error
162316:A_8_GoTo_9|Start:No Error
162316:A_22_GoTo_21|Done:No Error
162316:B_22_GoTo_21|Start:No Error
162316:D_8_GoTo_9|Done:No Error
162316:B_22_GoTo_21|Done:No Error
162316:C_22_GoTo_21|Start:No Error
162316:C_22_GoTo_21|Done:No Error
162316:S_22_GoTo_21|Finish:No Error
162317:A_20_GoTo_22|Done:No Error
162317:B_20_GoTo_22|Start:No Error
162317:B_20_GoTo_22|Done:No Error
162317:C_20_GoTo_22|Start:No Error
162318:C_20_GoTo_22|Done:No Error
162318:S_20_GoTo_22|Finish:No Error
162318:A_19_GoTo_20|Done:No Error
162318:B_19_GoTo_20|Start:No Error
162318:B_19_GoTo_20|Done:No Error
162318:C_19_GoTo_20|Start:No Error
162319:C_19_GoTo_20|Done:No Error
162319:S_19_GoTo_20|Finish:No Error
162319:A_18_GoTo_19|Done:No Error
162319:B_18_GoTo_19|Start:No Error
162320:B_18_GoTo_19|Done:No Error
162320:C_18_GoTo_19|Start:No Error
162320:C_18_GoTo_19|Done:No Error
162320:S_18_GoTo_19|Finish:No Error
162327:S_12_GoTo_13|Start:No Error
162327:A_12_GoTo_13|Start:No Error
162327:D_12_GoTo_13|Start:No Error
162327:D_12_GoTo_13|Done:No Error
162327:A_12_GoTo_13|Done:No Error
162327:B_12_GoTo_13|Start:No Error
162327:B_12_GoTo_13|Done:No Error
162327:C_12_GoTo_13|Start:No Error
162328:C_12_GoTo_13|Done:No Error
162328:S_12_GoTo_13|Finish:No Error
162328:A_9_GoTo_10|Start:No Error
162328:S_9_GoTo_10|Start:No Error
162328:D_9_GoTo_10|Start:No Error
162328:D_9_GoTo_10|Done:No Error
162328:A_9_GoTo_10|Done:No Error
162328:B_9_GoTo_10|Start:No Error
162329:B_9_GoTo_10|Done:No Error
162329:C_9_GoTo_10|Start:No Error
162329:C_9_GoTo_10|Done:No Error
162329:S_9_GoTo_10|Finish:No Error
162329:A_8_GoTo_9|Done:No Error
162329:B_8_GoTo_9|Start:No Error
162330:B_8_GoTo_9|Done:No Error
162330:C_8_GoTo_9|Start:No Error
162330:C_8_GoTo_9|Done:No Error
162330:S_8_GoTo_9|Finish:No Error
162347:D_19_GoTo_20|Start:No Error
162347:S_19_GoTo_20|Start:No Error
162347:A_19_GoTo_20|Start:No Error
162347:D_19_GoTo_20|Done:No Error
162350:S_5_GoTo_6|Start:No Error
162350:A_5_GoTo_6|Start:No Error
162350:D_5_GoTo_6|Start:No Error
162351:D_5_GoTo_6|Done:No Error
162400:D_11_GoTo_12|Start:No Error
162400:S_11_GoTo_12|Start:No Error
162400:A_11_GoTo_12|Start:No Error
162400:D_11_GoTo_12|Done:No Error
162400:A_11_GoTo_12|Done:No Error
162400:B_11_GoTo_12|Start:No Error
162400:B_11_GoTo_12|Done:No Error
162400:C_11_GoTo_12|Start:No Error
162401:C_11_GoTo_12|Done:No Error
162401:S_11_GoTo_12|Finish:No Error
162402:S_10_GoTo_11|Start:No Error
162402:D_10_GoTo_11|Start:No Error
162402:A_10_GoTo_11|Start:No Error
162402:D_10_GoTo_11|Done:No Error
162402:A_10_GoTo_11|Done:No Error
162402:B_10_GoTo_11|Start:No Error
162402:D_7_GoTo_8|Start:No Error
162402:A_7_GoTo_8|Start:No Error
162402:S_7_GoTo_8|Start:No Error
162403:D_7_GoTo_8|Done:No Error
162403:B_10_GoTo_11|Done:No Error
162403:C_10_GoTo_11|Start:No Error
162403:A_7_GoTo_8|Done:No Error
162403:B_7_GoTo_8|Start:No Error
162403:B_7_GoTo_8|Done:No Error
162403:C_10_GoTo_11|Done:No Error
162403:C_7_GoTo_8|Start:No Error
162403:S_10_GoTo_11|Finish:No Error
162403:C_7_GoTo_8|Done:No Error
162403:S_7_GoTo_8|Finish:No Error
162404:A_6_GoTo_7|Done:No Error
162404:B_6_GoTo_7|Start:No Error
162404:B_6_GoTo_7|Done:No Error
162404:C_6_GoTo_7|Start:No Error
162404:C_6_GoTo_7|Done:No Error
162404:S_6_GoTo_7|Finish:No Error
162405:A_5_GoTo_6|Done:No Error
162405:B_5_GoTo_6|Start:No Error
162405:B_5_GoTo_6|Done:No Error
162405:C_5_GoTo_6|Start:No Error
162406:C_5_GoTo_6|Done:No Error
162406:S_5_GoTo_6|Finish:No Error
162407:S_13_GoTo_16|Start:No Error
162407:D_13_GoTo_16|Start:No Error
162407:A_13_GoTo_16|Start:No Error
162407:D_13_GoTo_16|Done:No Error
162407:A_13_GoTo_16|Done:No Error
162407:B_13_GoTo_16|Start:No Error
162407:B_13_GoTo_16|Done:No Error
162407:C_13_GoTo_16|Start:No Error
162408:C_13_GoTo_16|Done:No Error
162408:S_13_GoTo_16|Finish:No Error
162414:A_3_GoTo_5|Start:No Error
162414:S_3_GoTo_5|Start:No Error
162414:D_3_GoTo_5|Start:No Error
162414:D_3_GoTo_5|Done:No Error
162414:A_3_GoTo_5|Done:No Error
162414:B_3_GoTo_5|Start:No Error
162415:B_3_GoTo_5|Done:No Error
162415:C_3_GoTo_5|Start:No Error
162415:C_3_GoTo_5|Done:No Error
162415:S_3_GoTo_5|Finish:No Error
162428:D_11_GoTo_12|Start:No Error
162428:S_11_GoTo_12|Start:No Error
162428:A_11_GoTo_12|Start:No Error
162428:D_11_GoTo_12|Done:No Error
162432:S_9_GoTo_10|Start:No Error
162432:A_9_GoTo_10|Start:No Error
162432:D_9_GoTo_10|Start:No Error
162432:D_9_GoTo_10|Done:No Error
162432:A_9_GoTo_10|Done:No Error
162432:B_9_GoTo_10|Start:No Error
162432:A_20_GoTo_22|Start:No Error
162432:S_20_GoTo_22|Start:No Error
162432:D_20_GoTo_22|Start:No Error
162432:D_20_GoTo_22|Done:No Error
162432:S_21_GoTo_FINISH|Start:No Error
162432:A_21_GoTo_FINISH|Start:No Error
162432:D_21_GoTo_FINISH|Start:No Error
162432:A_21_GoTo_FINISH|Done:No Error
162432:B_21_GoTo_FINISH|Start:No Error
162432:B_FINISH_NA_NA:No Error
162432:B_21_GoTo_FINISH|Done:No Error
162432:C_21_GoTo_FINISH|Start:No Error
162432:D_21_GoTo_FINISH|Done:No Error
162433:B_9_GoTo_10|Done:No Error
162433:C_9_GoTo_10|Start:No Error
162433:C_21_GoTo_FINISH|Done:No Error
162433:S_21_GoTo_FINISH|Finish:No Error
162433:C_9_GoTo_10|Done:No Error
162433:S_9_GoTo_10|Finish:No Error
162437:D_6_GoTo_7|Start:No Error
162437:A_6_GoTo_7|Start:No Error
162437:S_6_GoTo_7|Start:No Error
162437:D_6_GoTo_7|Done:No Error
162437:S_22_GoTo_21|Start:No Error
162437:A_22_GoTo_21|Start:No Error
162437:D_22_GoTo_21|Start:No Error
162437:D_22_GoTo_21|Done:No Error
162438:A_22_GoTo_21|Done:No Error
162438:B_22_GoTo_21|Start:No Error
162438:B_22_GoTo_21|Done:No Error
162438:C_22_GoTo_21|Start:No Error
162438:C_22_GoTo_21|Done:No Error
162438:S_22_GoTo_21|Finish:No Error
162439:A_20_GoTo_22|Done:No Error
162439:B_20_GoTo_22|Start:No Error
162440:B_20_GoTo_22|Done:No Error
162440:C_20_GoTo_22|Start:No Error
162440:C_20_GoTo_22|Done:No Error
162440:S_20_GoTo_22|Finish:No Error
162440:A_19_GoTo_20|Done:No Error
162440:B_19_GoTo_20|Start:No Error
162441:S_8_GoTo_9|Start:No Error
162441:D_8_GoTo_9|Start:No Error
162441:A_8_GoTo_9|Start:No Error
162441:B_19_GoTo_20|Done:No Error
162441:C_19_GoTo_20|Start:No Error
162441:D_8_GoTo_9|Done:No Error
162441:C_19_GoTo_20|Done:No Error
162441:S_19_GoTo_20|Finish:No Error
162441:A_8_GoTo_9|Done:No Error
162441:B_8_GoTo_9|Start:No Error
162441:B_8_GoTo_9|Done:No Error
162441:C_8_GoTo_9|Start:No Error
162442:C_8_GoTo_9|Done:No Error
162442:S_8_GoTo_9|Finish:No Error
162448:S_12_GoTo_13|Start:No Error
162448:D_12_GoTo_13|Start:No Error
162448:A_12_GoTo_13|Start:No Error
162449:D_12_GoTo_13|Done:No Error
162449:A_12_GoTo_13|Done:No Error
162449:B_12_GoTo_13|Start:No Error
162449:B_12_GoTo_13|Done:No Error
162449:C_12_GoTo_13|Start:No Error
162449:C_12_GoTo_13|Done:No Error
162449:S_12_GoTo_13|Finish:No Error
162450:A_11_GoTo_12|Done:No Error
162450:B_11_GoTo_12|Start:No Error
162450:B_11_GoTo_12|Done:No Error
162450:C_11_GoTo_12|Start:No Error
162450:C_11_GoTo_12|Done:No Error
162450:S_11_GoTo_12|Finish:No Error
162452:S_16_GoTo_17|Start:No Error
162452:D_16_GoTo_17|Start:No Error
162452:A_16_GoTo_17|Start:No Error
162452:D_16_GoTo_17|Done:No Error
162453:A_16_GoTo_17|Done:No Error
162453:B_16_GoTo_17|Start:No Error
162453:B_16_GoTo_17|Done:No Error
162453:C_16_GoTo_17|Start:No Error
162453:C_16_GoTo_17|Done:No Error
162453:S_16_GoTo_17|Finish:No Error
162500:S_10_GoTo_11|Start:No Error
162500:A_10_GoTo_11|Start:No Error
162500:D_10_GoTo_11|Start:No Error
162500:D_10_GoTo_11|Done:No Error
162501:A_10_GoTo_11|Done:No Error
162501:B_10_GoTo_11|Start:No Error
162501:B_10_GoTo_11|Done:No Error
162501:C_10_GoTo_11|Start:No Error
162501:C_10_GoTo_11|Done:No Error
162501:S_10_GoTo_11|Finish:No Error
162508:S_5_GoTo_6|Start:No Error
162508:D_5_GoTo_6|Start:No Error
162508:A_5_GoTo_6|Start:No Error
162508:D_5_GoTo_6|Done:No Error
162528:S_12_GoTo_13|Start:No Error
162528:D_12_GoTo_13|Start:No Error
162528:A_12_GoTo_13|Start:No Error
162528:D_12_GoTo_13|Done:No Error
162532:D_13_GoTo_16|Start:No Error
162532:S_13_GoTo_16|Start:No Error
162532:A_13_GoTo_16|Start:No Error
162532:D_13_GoTo_16|Done:No Error
162532:A_13_GoTo_16|Done:No Error
162532:B_13_GoTo_16|Start:No Error
162533:B_13_GoTo_16|Done:No Error
162533:C_13_GoTo_16|Start:No Error
162533:C_13_GoTo_16|Done:No Error
162533:S_13_GoTo_16|Finish:No Error
162533:A_12_GoTo_13|Done:No Error
162533:B_12_GoTo_13|Start:No Error
162534:B_12_GoTo_13|Done:No Error
162534:C_12_GoTo_13|Start:No Error
162534:C_12_GoTo_13|Done:No Error
162534:S_12_GoTo_13|Finish:No Error
162537:S_9_GoTo_10|Start:No Error
162537:A_9_GoTo_10|Start:No Error
162537:D_9_GoTo_10|Start:No Error
162538:D_9_GoTo_10|Done:No Error
162538:A_9_GoTo_10|Done:No Error
162538:B_9_GoTo_10|Start:No Error
162538:B_9_GoTo_10|Done:No Error
162538:C_9_GoTo_10|Start:No Error
162538:C_9_GoTo_10|Done:No Error
162538:S_9_GoTo_10|Finish:No Error
162541:S_7_GoTo_8|Start:No Error
162541:D_7_GoTo_8|Start:No Error
162541:A_7_GoTo_8|Start:No Error
162542:D_7_GoTo_8|Done:No Error
162542:D_11_GoTo_12|Start:No Error
162542:S_11_GoTo_12|Start:No Error
162542:A_11_GoTo_12|Start:No Error
162542:D_11_GoTo_12|Done:No Error
162542:A_7_GoTo_8|Done:No Error
162542:B_7_GoTo_8|Start:No Error
162542:A_11_GoTo_12|Done:No Error
162542:B_11_GoTo_12|Start:No Error
162542:B_7_GoTo_8|Done:No Error
162542:C_7_GoTo_8|Start:No Error
162542:B_11_GoTo_12|Done:No Error
162542:C_11_GoTo_12|Start:No Error
162542:C_11_GoTo_12|Done:No Error
162542:S_11_GoTo_12|Finish:No Error
162542:C_7_GoTo_8|Done:No Error
162542:S_7_GoTo_8|Finish:No Error
162543:A_6_GoTo_7|Done:No Error
162543:B_6_GoTo_7|Start:No Error
162543:B_6_GoTo_7|Done:No Error
162543:C_6_GoTo_7|Start:No Error
162543:C_6_GoTo_7|Done:No Error
162543:S_6_GoTo_7|Finish:No Error
162544:A_5_GoTo_6|Done:No Error
162544:B_5_GoTo_6|Start:No Error
162544:B_5_GoTo_6|Done:No Error
162544:C_5_GoTo_6|Start:No Error
162545:C_5_GoTo_6|Done:No Error
162545:S_5_GoTo_6|Finish:No Error
162554:S_17_GoTo_18|Start:No Error
162554:D_17_GoTo_18|Start:No Error
162554:A_17_GoTo_18|Start:No Error
162554:D_17_GoTo_18|Done:No Error
162554:A_17_GoTo_18|Done:No Error
162554:B_17_GoTo_18|Start:No Error
162554:B_17_GoTo_18|Done:No Error
162554:C_17_GoTo_18|Start:No Error
162555:C_17_GoTo_18|Done:No Error
162555:S_17_GoTo_18|Finish:No Error
162556:S_3_GoTo_5|Start:No Error
162556:A_3_GoTo_5|Start:No Error
162556:D_3_GoTo_5|Start:No Error
162557:D_3_GoTo_5|Done:No Error
162557:D_21_GoTo_FINISH|Start:No Error
162557:S_21_GoTo_FINISH|Start:No Error
162557:A_21_GoTo_FINISH|Start:No Error
162557:A_21_GoTo_FINISH|Done:No Error
162557:B_21_GoTo_FINISH|Start:No Error
162557:B_FINISH_NA_NA:No Error
162557:B_21_GoTo_FINISH|Done:No Error
162557:C_21_GoTo_FINISH|Start:No Error
162557:D_21_GoTo_FINISH|Done:No Error
162557:A_3_GoTo_5|Done:No Error
162557:B_3_GoTo_5|Start:No Error
162557:C_21_GoTo_FINISH|Done:No Error
162557:S_21_GoTo_FINISH|Finish:No Error
162557:B_3_GoTo_5|Done:No Error
162557:C_3_GoTo_5|Start:No Error
162557:C_3_GoTo_5|Done:No Error
162557:S_3_GoTo_5|Finish:No Error
162601:A_22_GoTo_21|Start:No Error
162601:D_22_GoTo_21|Start:No Error
162601:S_22_GoTo_21|Start:No Error
162601:D_22_GoTo_21|Done:No Error
162601:A_22_GoTo_21|Done:No Error
162601:B_22_GoTo_21|Start:No Error
162602:B_22_GoTo_21|Done:No Error
162602:C_22_GoTo_21|Start:No Error
162602:C_22_GoTo_21|Done:No Error
162602:S_22_GoTo_21|Finish:No Error
162605:A_18_GoTo_19|Start:No Error
162605:D_18_GoTo_19|Start:No Error
162605:S_18_GoTo_19|Start:No Error
162605:D_18_GoTo_19|Done:No Error
162605:A_18_GoTo_19|Done:No Error
162605:B_18_GoTo_19|Start:No Error
162606:A_13_GoTo_16|Start:No Error
162606:D_13_GoTo_16|Start:No Error
162606:S_13_GoTo_16|Start:No Error
162606:B_18_GoTo_19|Done:No Error
162606:C_18_GoTo_19|Start:No Error
162606:D_13_GoTo_16|Done:No Error
162606:C_18_GoTo_19|Done:No Error
162606:S_18_GoTo_19|Finish:No Error
162612:S_16_GoTo_17|Start:No Error
162612:D_16_GoTo_17|Start:No Error
162612:A_16_GoTo_17|Start:No Error
162612:D_16_GoTo_17|Done:No Error
162612:A_16_GoTo_17|Done:No Error
162612:B_16_GoTo_17|Start:No Error
162613:B_16_GoTo_17|Done:No Error
162613:C_16_GoTo_17|Start:No Error
162613:C_16_GoTo_17|Done:No Error
162613:S_16_GoTo_17|Finish:No Error
162614:A_13_GoTo_16|Done:No Error
162614:B_13_GoTo_16|Start:No Error
162614:B_13_GoTo_16|Done:No Error
162614:C_13_GoTo_16|Start:No Error
162614:C_13_GoTo_16|Done:No Error
162614:S_13_GoTo_16|Finish:No Error
162616:S_10_GoTo_11|Start:No Error
162616:D_10_GoTo_11|Start:No Error
162616:A_10_GoTo_11|Start:No Error
162616:D_10_GoTo_11|Done:No Error
162616:A_10_GoTo_11|Done:No Error
162616:B_10_GoTo_11|Start:No Error
162616:B_10_GoTo_11|Done:No Error
162616:C_10_GoTo_11|Start:No Error
162617:C_10_GoTo_11|Done:No Error
162617:S_10_GoTo_11|Finish:No Error
162618:D_8_GoTo_9|Start:No Error
162618:S_8_GoTo_9|Start:No Error
162618:A_8_GoTo_9|Start:No Error
162618:D_8_GoTo_9|Done:No Error
162618:A_8_GoTo_9|Done:No Error
162618:B_8_GoTo_9|Start:No Error
162618:B_8_GoTo_9|Done:No Error
162618:C_8_GoTo_9|Start:No Error
162618:A_6_GoTo_7|Start:No Error
162618:S_6_GoTo_7|Start:No Error
162618:D_6_GoTo_7|Start:No Error
162618:D_6_GoTo_7|Done:No Error
162619:C_8_GoTo_9|Done:No Error
162619:S_8_GoTo_9|Finish:No Error
162622:A_7_GoTo_8|Start:No Error
162622:D_7_GoTo_8|Start:No Error
162622:S_7_GoTo_8|Start:No Error
162622:D_7_GoTo_8|Done:No Error
162623:A_7_GoTo_8|Done:No Error
162623:B_7_GoTo_8|Start:No Error
162623:B_7_GoTo_8|Done:No Error
162623:C_7_GoTo_8|Start:No Error
162623:C_7_GoTo_8|Done:No Error
162623:S_7_GoTo_8|Finish:No Error
162624:A_6_GoTo_7|Done:No Error
162624:B_6_GoTo_7|Start:No Error
162624:B_6_GoTo_7|Done:No Error
162624:C_6_GoTo_7|Start:No Error
162625:C_6_GoTo_7|Done:No Error
162625:S_6_GoTo_7|Finish:No Error
162626:D_12_GoTo_13|Start:No Error
162626:A_12_GoTo_13|Start:No Error
162626:S_12_GoTo_13|Start:No Error
162626:D_12_GoTo_13|Done:No Error
162626:A_12_GoTo_13|Done:No Error
162626:B_12_GoTo_13|Start:No Error
162627:B_12_GoTo_13|Done:No Error
162627:C_12_GoTo_13|Start:No Error
162627:C_12_GoTo_13|Done:No Error
162627:S_12_GoTo_13|Finish:No Error
162642:A_11_GoTo_12|Start:No Error
162642:D_11_GoTo_12|Start:No Error
162642:S_11_GoTo_12|Start:No Error
162642:D_11_GoTo_12|Done:No Error
162643:A_11_GoTo_12|Done:No Error
162643:B_11_GoTo_12|Start:No Error
162643:B_11_GoTo_12|Done:No Error
162643:C_11_GoTo_12|Start:No Error
162643:C_11_GoTo_12|Done:No Error
162643:S_11_GoTo_12|Finish:No Error
162648:S_5_GoTo_6|Start:No Error
162648:D_5_GoTo_6|Start:No Error
162648:A_5_GoTo_6|Start:No Error
162648:D_5_GoTo_6|Done:No Error
162648:A_5_GoTo_6|Done:No Error
162648:B_5_GoTo_6|Start:No Error
162649:B_5_GoTo_6|Done:No Error
162649:C_5_GoTo_6|Start:No Error
162649:C_5_GoTo_6|Done:No Error
162649:S_5_GoTo_6|Finish:No Error
162656:D_16_GoTo_17|Start:No Error
162656:S_16_GoTo_17|Start:No Error
162656:A_16_GoTo_17|Start:No Error
162656:D_16_GoTo_17|Done:No Error
162701:S_8_GoTo_9|Start:No Error
162701:A_8_GoTo_9|Start:No Error
162701:D_8_GoTo_9|Start:No Error
162702:D_8_GoTo_9|Done:No Error
162702:S_13_GoTo_16|Start:No Error
162702:D_13_GoTo_16|Start:No Error
162702:A_13_GoTo_16|Start:No Error
162703:D_13_GoTo_16|Done:No Error
162710:A_9_GoTo_10|Start:No Error
162710:D_9_GoTo_10|Start:No Error
162710:S_9_GoTo_10|Start:No Error
162710:D_9_GoTo_10|Done:No Error
162710:A_9_GoTo_10|Done:No Error
162710:B_9_GoTo_10|Start:No Error
162711:B_9_GoTo_10|Done:No Error
162711:C_9_GoTo_10|Start:No Error
162711:A_7_GoTo_8|Start:No Error
162711:D_7_GoTo_8|Start:No Error
162711:S_7_GoTo_8|Start:No Error
162711:C_9_GoTo_10|Done:No Error
162711:S_9_GoTo_10|Finish:No Error
162711:D_7_GoTo_8|Done:No Error
162712:A_8_GoTo_9|Done:No Error
162712:B_8_GoTo_9|Start:No Error
162712:B_8_GoTo_9|Done:No Error
162712:C_8_GoTo_9|Start:No Error
162713:C_8_GoTo_9|Done:No Error
162713:S_8_GoTo_9|Finish:No Error
162713:A_7_GoTo_8|Done:No Error
162713:B_7_GoTo_8|Start:No Error
162714:B_7_GoTo_8|Done:No Error
162714:C_7_GoTo_8|Start:No Error
162714:C_7_GoTo_8|Done:No Error
162714:S_7_GoTo_8|Finish:No Error
162719:A_6_GoTo_7|Start:No Error
162719:S_6_GoTo_7|Start:No Error
162719:D_6_GoTo_7|Start:No Error
162719:D_6_GoTo_7|Done:No Error
162720:A_6_GoTo_7|Done:No Error
162720:B_6_GoTo_7|Start:No Error
162720:B_6_GoTo_7|Done:No Error
162720:C_6_GoTo_7|Start:No Error
162720:C_6_GoTo_7|Done:No Error
162720:S_6_GoTo_7|Finish:No Error
162720:D_21_GoTo_FINISH|Start:No Error
162720:A_21_GoTo_FINISH|Start:No Error
162720:S_21_GoTo_FINISH|Start:No Error
162720:A_21_GoTo_FINISH|Done:No Error
162720:B_21_GoTo_FINISH|Start:No Error
162720:B_FINISH_NA_NA:No Error
162720:B_21_GoTo_FINISH|Done:No Error
162720:C_21_GoTo_FINISH|Start:No Error
162720:D_21_GoTo_FINISH|Done:No Error
162720:C_21_GoTo_FINISH|Done:No Error
162720:S_21_GoTo_FINISH|Finish:No Error
162747:A_10_GoTo_11|Start:No Error
162747:D_10_GoTo_11|Start:No Error
162747:S_10_GoTo_11|Start:No Error
162747:D_10_GoTo_11|Done:No Error
162748:A_10_GoTo_11|Done:No Error
162748:B_10_GoTo_11|Start:No Error
162748:B_10_GoTo_11|Done:No Error
162748:C_10_GoTo_11|Start:No Error
162748:C_10_GoTo_11|Done:No Error
162748:S_10_GoTo_11|Finish:No Error
174002:A_13_GoTo_16|Done:No Error
174002:B_13_GoTo_16|Start:No Error
174002:B_13_GoTo_16|Done:No Error
174002:C_13_GoTo_16|Start:No Error
174002:A_16_GoTo_17|Done:No Error
174002:B_16_GoTo_17|Start:No Error
174002:C_13_GoTo_16|Done:No Error
174002:S_13_GoTo_16|Finish:No Error
174003:B_16_GoTo_17|Done:No Error
174003:C_16_GoTo_17|Start:No Error
174003:C_16_GoTo_17|Done:No Error
174003:S_16_GoTo_17|Finish:No Error
180721:D_3_GoTo_20|Start:No Error
180721:A_3_GoTo_20|Start:No Error
180721:S_3_GoTo_20|Start:No Error
180722:D_3_GoTo_20|Done:No Error
180722:A_3_GoTo_20|Done:No Error
180722:B_3_GoTo_20|Start:No Error
180722:B_3_GoTo_20|Done:No Error
180722:C_3_GoTo_20|Start:No Error
180722:C_3_GoTo_20|Done:No Error
180722:S_3_GoTo_20|Finish:No Error
193137:A_20_GoTo_FINISH|Start:No Error
193137:S_20_GoTo_FINISH|Start:No Error
193137:D_20_GoTo_FINISH|Start:No Error
193137:A_20_GoTo_FINISH|Done:No Error
193137:B_20_GoTo_FINISH|Start:No Error
193137:B_FINISH_NA_NA:No Error
193137:B_20_GoTo_FINISH|Done:No Error
193137:C_20_GoTo_FINISH|Start:No Error
193137:D_20_GoTo_FINISH|Done:No Error
193138:C_20_GoTo_FINISH|Done:No Error
193138:S_20_GoTo_FINISH|Finish:No Error
194312:S_3_GoTo_5|Start:No Error
194312:D_3_GoTo_5|Start:No Error
194312:A_3_GoTo_5|Start:No Error
194312:A_3_GoTo_5|Done:No Error
194312:B_3_GoTo_5|Start:No Error
194312:D_3_GoTo_5|Done:No Error
194313:B_3_GoTo_5|Done:No Error
194313:C_3_GoTo_5|Start:No Error
194313:C_3_GoTo_5|Done:No Error
194313:S_3_GoTo_5|Finish:No Error
194333:S_5_GoTo_6|Start:No Error
194333:A_5_GoTo_6|Start:No Error
194333:D_5_GoTo_6|Start:No Error
194334:D_5_GoTo_6|Done:No Error
194334:A_5_GoTo_6|Done:No Error
194334:B_5_GoTo_6|Start:No Error
194334:B_5_GoTo_6|Done:No Error
194334:C_5_GoTo_6|Start:No Error
194334:C_5_GoTo_6|Done:No Error
194334:S_5_GoTo_6|Finish:No Error
194424:A_6_GoTo_7|Start:No Error
194424:S_6_GoTo_7|Start:No Error
194424:D_6_GoTo_7|Start:No Error
194424:D_6_GoTo_7|Done:No Error
194424:A_6_GoTo_7|Done:No Error
194424:B_6_GoTo_7|Start:No Error
194425:B_6_GoTo_7|Done:No Error
194425:C_6_GoTo_7|Start:No Error
194425:C_6_GoTo_7|Done:No Error
194425:S_6_GoTo_7|Finish:No Error
194923:D_7_GoTo_8|Start:No Error
194923:S_7_GoTo_8|Start:No Error
194923:A_7_GoTo_8|Start:No Error
194923:D_7_GoTo_8|Done:No Error
194923:A_7_GoTo_8|Done:No Error
194923:B_7_GoTo_8|Start:No Error
194924:B_7_GoTo_8|Done:No Error
194924:C_7_GoTo_8|Start:No Error
194924:C_7_GoTo_8|Done:No Error
194924:S_7_GoTo_8|Finish:No Error
195024:A_8_GoTo_9|Start:No Error
195024:D_8_GoTo_9|Start:No Error
195024:S_8_GoTo_9|Start:No Error
195024:D_8_GoTo_9|Done:No Error
195024:A_8_GoTo_9|Done:No Error
195024:B_8_GoTo_9|Start:No Error
195025:B_8_GoTo_9|Done:No Error
195025:C_8_GoTo_9|Start:No Error
195025:C_8_GoTo_9|Done:No Error
195025:S_8_GoTo_9|Finish:No Error
195057:S_9_GoTo_10|Start:No Error
195057:A_9_GoTo_10|Start:No Error
195057:D_9_GoTo_10|Start:No Error
195057:D_9_GoTo_10|Done:No Error
195057:A_9_GoTo_10|Done:No Error
195057:B_9_GoTo_10|Start:No Error
195057:B_9_GoTo_10|Done:No Error
195057:C_9_GoTo_10|Start:No Error
195057:C_9_GoTo_10|Done:No Error
195057:S_9_GoTo_10|Finish:No Error
195120:A_10_GoTo_11|Start:No Error
195120:S_10_GoTo_11|Start:No Error
195120:D_10_GoTo_11|Start:No Error
195120:D_10_GoTo_11|Done:No Error
195121:A_10_GoTo_11|Done:No Error
195121:B_10_GoTo_11|Start:No Error
195121:B_10_GoTo_11|Done:No Error
195121:C_10_GoTo_11|Start:No Error
195121:C_10_GoTo_11|Done:No Error
195121:S_10_GoTo_11|Finish:No Error
195155:S_11_GoTo_12|Start:No Error
195155:D_11_GoTo_12|Start:No Error
195155:A_11_GoTo_12|Start:No Error
195155:D_11_GoTo_12|Done:No Error
195156:A_11_GoTo_12|Done:No Error
195156:B_11_GoTo_12|Start:No Error
195156:B_11_GoTo_12|Done:No Error
195156:C_11_GoTo_12|Start:No Error
195156:C_11_GoTo_12|Done:No Error
195156:S_11_GoTo_12|Finish:No Error
195223:A_12_GoTo_13|Start:No Error
195223:D_12_GoTo_13|Start:No Error
195223:S_12_GoTo_13|Start:No Error
195223:D_12_GoTo_13|Done:No Error
195223:A_12_GoTo_13|Done:No Error
195223:B_12_GoTo_13|Start:No Error
195223:B_12_GoTo_13|Done:No Error
195223:C_12_GoTo_13|Start:No Error
195224:C_12_GoTo_13|Done:No Error
195224:S_12_GoTo_13|Finish:No Error
195254:D_13_GoTo_16|Start:No Error
195254:S_13_GoTo_16|Start:No Error
195254:A_13_GoTo_16|Start:No Error
195254:D_13_GoTo_16|Done:No Error
195254:A_13_GoTo_16|Done:No Error
195254:B_13_GoTo_16|Start:No Error
195255:B_13_GoTo_16|Done:No Error
195255:C_13_GoTo_16|Start:No Error
195255:C_13_GoTo_16|Done:No Error
195255:S_13_GoTo_16|Finish:No Error
195433:D_16_GoTo_17|Start:No Error
195433:A_16_GoTo_17|Start:No Error
195433:S_16_GoTo_17|Start:No Error
195433:D_16_GoTo_17|Done:No Error
195433:A_16_GoTo_17|Done:No Error
195433:B_16_GoTo_17|Start:No Error
195433:B_16_GoTo_17|Done:No Error
195433:C_16_GoTo_17|Start:No Error
195434:C_16_GoTo_17|Done:No Error
195434:S_16_GoTo_17|Finish:No Error
195514:S_17_GoTo_18|Start:No Error
195514:A_17_GoTo_18|Start:No Error
195514:D_17_GoTo_18|Start:No Error
195515:D_17_GoTo_18|Done:No Error
195515:A_17_GoTo_18|Done:No Error
195515:B_17_GoTo_18|Start:No Error
195515:B_17_GoTo_18|Done:No Error
195515:C_17_GoTo_18|Start:No Error
195516:C_17_GoTo_18|Done:No Error
195516:S_17_GoTo_18|Finish:No Error
195530:S_18_GoTo_19|Start:No Error
195530:D_18_GoTo_19|Start:No Error
195530:A_18_GoTo_19|Start:No Error
195530:D_18_GoTo_19|Done:No Error
195530:A_18_GoTo_19|Done:No Error
195530:B_18_GoTo_19|Start:No Error
195531:B_18_GoTo_19|Done:No Error
195531:C_18_GoTo_19|Start:No Error
195531:C_18_GoTo_19|Done:No Error
195531:S_18_GoTo_19|Finish:No Error
195610:D_19_GoTo_20|Start:No Error
195610:A_19_GoTo_20|Start:No Error
195610:S_19_GoTo_20|Start:No Error
195611:D_19_GoTo_20|Done:No Error
195611:A_19_GoTo_20|Done:No Error
195611:B_19_GoTo_20|Start:No Error
195611:B_19_GoTo_20|Done:No Error
195611:C_19_GoTo_20|Start:No Error
195611:C_19_GoTo_20|Done:No Error
195611:S_19_GoTo_20|Finish:No Error
