174145:S_3_GoTo_5|Start:No Error
174145:D_3_GoTo_5|Start:No Error
174145:A_3_GoTo_5|Start:No Error
174146:A_3_GoTo_5|Done:No Error
174146:B_3_GoTo_5|Start:No Error
174146:B_3_GoTo_5|Done:No Error
174146:C_3_GoTo_5|Start:No Error
174146:D_3_GoTo_5|Done:No Error
174146:C_3_GoTo_5|Done:No Error
174146:S_3_GoTo_5|Finish:No Error
174220:S_5_GoTo_6|Start:No Error
174220:A_5_GoTo_6|Start:No Error
174220:D_5_GoTo_6|Start:No Error
174220:A_5_GoTo_6|Done:No Error
174220:B_5_GoTo_6|Start:No Error
174220:D_5_GoTo_6|Done:No Error
174220:B_5_GoTo_6|Done:No Error
174220:C_5_GoTo_6|Start:No Error
174220:C_5_GoTo_6|Done:No Error
174220:S_5_GoTo_6|Finish:No Error
174226:S_6_GoTo_7|Start:No Error
174226:D_6_GoTo_7|Start:No Error
174226:A_6_GoTo_7|Start:No Error
174226:D_6_GoTo_7|Done:No Error
174226:A_6_GoTo_7|Done:No Error
174226:B_6_GoTo_7|Start:No Error
174226:B_6_GoTo_7|Done:No Error
174226:C_6_GoTo_7|Start:No Error
174226:C_6_GoTo_7|Done:No Error
174226:S_6_GoTo_7|Finish:No Error
174243:D_7_GoTo_8|Start:No Error
174243:S_7_GoTo_8|Start:No Error
174243:A_7_GoTo_8|Start:No Error
174243:A_7_GoTo_8|Done:No Error
174243:B_7_GoTo_8|Start:No Error
174243:D_7_GoTo_8|Done:No Error
174243:B_7_GoTo_8|Done:No Error
174243:C_7_GoTo_8|Start:No Error
174243:C_7_GoTo_8|Done:No Error
174243:S_7_GoTo_8|Finish:No Error
174314:S_8_GoTo_9|Start:No Error
174314:A_8_GoTo_9|Start:No Error
174314:D_8_GoTo_9|Start:No Error
174314:A_8_GoTo_9|Done:No Error
174314:B_8_GoTo_9|Start:No Error
174314:D_8_GoTo_9|Done:No Error
174315:B_8_GoTo_9|Done:No Error
174315:C_8_GoTo_9|Start:No Error
174315:C_8_GoTo_9|Done:No Error
174315:S_8_GoTo_9|Finish:No Error
174409:S_9_GoTo_10|Start:No Error
174409:D_9_GoTo_10|Start:No Error
174409:C_9_GoTo_10|Start:No Error
174409:C_9_GoTo_10|Done:No Error
174410:D_9_GoTo_10|Done:No Error
174410:S_9_GoTo_10|Finish:No Error
174641:S_3_GoTo_5|Start:No Error
174641:D_3_GoTo_5|Start:No Error
174641:A_3_GoTo_5|Start:No Error
174641:A_3_GoTo_5|Done:No Error
174641:B_3_GoTo_5|Start:No Error
174642:B_3_GoTo_5|Done:No Error
174642:C_3_GoTo_5|Start:No Error
174642:D_3_GoTo_5|Done:No Error
174642:C_3_GoTo_5|Done:No Error
174642:S_3_GoTo_5|Finish:No Error
174821:S_5_GoTo_6|Start:No Error
174821:D_5_GoTo_6|Start:No Error
174821:A_5_GoTo_6|Start:No Error
174822:A_5_GoTo_6|Done:No Error
174822:B_5_GoTo_6|Start:No Error
174822:D_5_GoTo_6|Done:No Error
174822:B_5_GoTo_6|Done:No Error
174822:C_5_GoTo_6|Start:No Error
174822:C_5_GoTo_6|Done:No Error
174822:S_5_GoTo_6|Finish:No Error
174843:S_6_GoTo_7|Start:No Error
174843:D_6_GoTo_7|Start:No Error
174843:A_6_GoTo_7|Start:No Error
174843:D_6_GoTo_7|Done:No Error
174843:A_6_GoTo_7|Done:No Error
174843:B_6_GoTo_7|Start:No Error
174843:B_6_GoTo_7|Done:No Error
174843:C_6_GoTo_7|Start:No Error
174843:C_6_GoTo_7|Done:No Error
174843:S_6_GoTo_7|Finish:No Error
174920:S_7_GoTo_8|Start:No Error
174920:D_7_GoTo_8|Start:No Error
174920:A_7_GoTo_8|Start:No Error
174920:A_7_GoTo_8|Done:No Error
174920:B_7_GoTo_8|Start:No Error
174920:D_7_GoTo_8|Done:No Error
174920:B_7_GoTo_8|Done:No Error
174920:C_7_GoTo_8|Start:No Error
174920:C_7_GoTo_8|Done:No Error
174920:S_7_GoTo_8|Finish:No Error
174932:S_8_GoTo_9|Start:No Error
174932:D_8_GoTo_9|Start:No Error
174932:A_8_GoTo_9|Start:No Error
174932:A_8_GoTo_9|Done:No Error
174932:B_8_GoTo_9|Start:No Error
174932:D_8_GoTo_9|Done:No Error
174932:B_8_GoTo_9|Done:No Error
174932:C_8_GoTo_9|Start:No Error
174933:C_8_GoTo_9|Done:No Error
174933:S_8_GoTo_9|Finish:No Error
174953:S_9_GoTo_10|Start:No Error
174953:D_9_GoTo_10|Start:No Error
174953:C_9_GoTo_10|Start:No Error
174954:C_9_GoTo_10|Done:No Error
174954:D_9_GoTo_10|Done:No Error
174954:S_9_GoTo_10|Finish:No Error
