132424:A_3_GoTo_5|Start:No Error
132424:D_3_GoTo_5|Done:Error: Open/Create/Replace File in LogForTriggerNext.vi:4310023->TriggerNext.vi:6380002->TriggerNext.vi.ProxyCaller<APPEND>
C:\HVAC\LOG\2021_11_30.log
132425:A_3_GoTo_5|Done:No Error
132425:B_3_GoTo_5|Start:No Error
132425:B_3_GoTo_5|Done:No Error
132425:C_3_GoTo_5|Start:No Error
132425:C_3_GoTo_5|Done:No Error
132425:S_3_GoTo_5|Finish:Error: Open/Create/Replace File in LogForTriggerNext.vi:4310023->TriggerNext.vi:6380002->TriggerNext.vi.ProxyCaller<APPEND>
C:\HVAC\LOG\2021_11_30.log
150549:S_3_GoTo_5|Start:No Error
150549:A_3_GoTo_5|Start:No Error
150549:D_3_GoTo_5|Start:No Error
150550:D_3_GoTo_5|Done:No Error
150550:A_3_GoTo_5|Done:No Error
150550:B_3_GoTo_5|Start:No Error
150550:B_3_GoTo_5|Done:No Error
150550:C_3_GoTo_5|Start:No Error
150550:C_3_GoTo_5|Done:No Error
150550:S_3_GoTo_5|Finish:No Error
150751:S_5_GoTo_6|Start:No Error
150751:A_5_GoTo_6|Start:No Error
150751:D_5_GoTo_6|Start:No Error
150752:D_5_GoTo_6|Done:No Error
150752:A_5_GoTo_6|Done:No Error
150752:B_5_GoTo_6|Start:No Error
150752:B_5_GoTo_6|Done:No Error
150752:C_5_GoTo_6|Start:No Error
150752:C_5_GoTo_6|Done:No Error
150752:S_5_GoTo_6|Finish:No Error
150840:D_6_GoTo_7|Start:No Error
150840:S_6_GoTo_7|Start:No Error
150840:A_6_GoTo_7|Start:No Error
150840:D_6_GoTo_7|Done:No Error
150841:A_6_GoTo_7|Done:No Error
150841:B_6_GoTo_7|Start:No Error
150841:B_6_GoTo_7|Done:No Error
150841:C_6_GoTo_7|Start:No Error
150842:C_6_GoTo_7|Done:No Error
150842:S_6_GoTo_7|Finish:No Error
151041:S_7_GoTo_8|Start:No Error
151041:D_7_GoTo_8|Start:No Error
151041:A_7_GoTo_8|Start:No Error
151042:D_7_GoTo_8|Done:No Error
151042:A_7_GoTo_8|Done:No Error
151042:B_7_GoTo_8|Start:No Error
151042:B_7_GoTo_8|Done:No Error
151042:C_7_GoTo_8|Start:No Error
151043:C_7_GoTo_8|Done:No Error
151043:S_7_GoTo_8|Finish:No Error
151144:S_8_GoTo_9|Start:No Error
151144:D_8_GoTo_9|Start:No Error
151144:A_8_GoTo_9|Start:No Error
151144:D_8_GoTo_9|Done:No Error
151144:A_8_GoTo_9|Done:No Error
151144:B_8_GoTo_9|Start:No Error
151144:B_8_GoTo_9|Done:No Error
151144:C_8_GoTo_9|Start:No Error
151145:C_8_GoTo_9|Done:No Error
151145:S_8_GoTo_9|Finish:No Error
152527:S_9_GoTo_10|Start:No Error
152527:D_9_GoTo_10|Start:No Error
152527:A_9_GoTo_10|Start:No Error
152527:D_9_GoTo_10|Done:No Error
152528:A_9_GoTo_10|Done:No Error
152528:B_9_GoTo_10|Start:No Error
152528:B_9_GoTo_10|Done:No Error
152528:C_9_GoTo_10|Start:No Error
152528:C_9_GoTo_10|Done:No Error
152528:S_9_GoTo_10|Finish:No Error
152551:S_10_GoTo_11|Start:No Error
152551:A_10_GoTo_11|Start:No Error
152551:D_10_GoTo_11|Start:No Error
152551:D_10_GoTo_11|Done:No Error
152551:A_10_GoTo_11|Done:No Error
152551:B_10_GoTo_11|Start:No Error
152552:B_10_GoTo_11|Done:No Error
152552:C_10_GoTo_11|Start:No Error
152552:C_10_GoTo_11|Done:No Error
152552:S_10_GoTo_11|Finish:No Error
152624:D_11_GoTo_12|Start:No Error
152624:A_11_GoTo_12|Start:No Error
152624:S_11_GoTo_12|Start:No Error
152624:D_11_GoTo_12|Done:No Error
152624:A_11_GoTo_12|Done:No Error
152624:B_11_GoTo_12|Start:No Error
152625:B_11_GoTo_12|Done:No Error
152625:C_11_GoTo_12|Start:No Error
152625:C_11_GoTo_12|Done:No Error
152625:S_11_GoTo_12|Finish:No Error
154938:S_12_GoTo_13|Start:No Error
154938:D_12_GoTo_13|Start:No Error
154938:A_12_GoTo_13|Start:No Error
154939:D_12_GoTo_13|Done:No Error
154939:A_12_GoTo_13|Done:No Error
154939:B_12_GoTo_13|Start:No Error
154939:B_12_GoTo_13|Done:No Error
154939:C_12_GoTo_13|Start:No Error
154939:C_12_GoTo_13|Done:No Error
154939:S_12_GoTo_13|Finish:No Error
160530:D_13_GoTo_16|Start:No Error
160530:A_13_GoTo_16|Start:No Error
160530:S_13_GoTo_16|Start:No Error
160530:D_13_GoTo_16|Done:No Error
160530:A_13_GoTo_16|Done:No Error
160530:B_13_GoTo_16|Start:No Error
160530:B_13_GoTo_16|Done:No Error
160530:C_13_GoTo_16|Start:No Error
160531:C_13_GoTo_16|Done:No Error
160531:S_13_GoTo_16|Finish:No Error
