083535:S_3_GoTo_5|Start:No Error
083535:D_3_GoTo_5|Start:No Error
083535:A_3_GoTo_5|Start:No Error
083535:A_3_GoTo_5|Done:No Error
083535:B_3_GoTo_5|Start:No Error
083535:D_3_GoTo_5|Done:No Error
083535:B_3_GoTo_5|Done:No Error
083535:C_3_GoTo_5|Start:No Error
083536:C_3_GoTo_5|Done:No Error
083536:S_3_GoTo_5|Finish:No Error
083606:S_5_GoTo_6|Start:No Error
083606:D_5_GoTo_6|Start:No Error
083606:A_5_GoTo_6|Start:No Error
083606:A_5_GoTo_6|Done:No Error
083606:B_5_GoTo_6|Start:No Error
083607:B_5_GoTo_6|Done:No Error
083607:C_5_GoTo_6|Start:No Error
083607:D_5_GoTo_6|Done:No Error
083607:C_5_GoTo_6|Done:No Error
083607:S_5_GoTo_6|Finish:No Error
083614:S_6_GoTo_7|Start:No Error
083614:D_6_GoTo_7|Start:No Error
083614:A_6_GoTo_7|Start:No Error
083614:D_6_GoTo_7|Done:No Error
083615:A_6_GoTo_7|Done:No Error
083615:B_6_GoTo_7|Start:No Error
083615:B_6_GoTo_7|Done:No Error
083615:C_6_GoTo_7|Start:No Error
083615:C_6_GoTo_7|Done:No Error
083615:S_6_GoTo_7|Finish:No Error
083656:S_7_GoTo_8|Start:No Error
083656:D_7_GoTo_8|Start:No Error
083656:A_7_GoTo_8|Start:No Error
083656:A_7_GoTo_8|Done:No Error
083656:B_7_GoTo_8|Start:No Error
083657:D_7_GoTo_8|Done:No Error
083657:B_7_GoTo_8|Done:No Error
083657:C_7_GoTo_8|Start:No Error
083657:C_7_GoTo_8|Done:No Error
083657:S_7_GoTo_8|Finish:No Error
083811:S_8_GoTo_9|Start:No Error
083811:D_8_GoTo_9|Start:No Error
083811:A_8_GoTo_9|Start:No Error
083812:A_8_GoTo_9|Done:No Error
083812:B_8_GoTo_9|Start:No Error
083812:B_8_GoTo_9|Done:No Error
083812:C_8_GoTo_9|Start:No Error
083812:D_8_GoTo_9|Done:No Error
083812:C_8_GoTo_9|Done:No Error
083812:S_8_GoTo_9|Finish:No Error
083852:S_9_GoTo_10|Start:No Error
083852:D_9_GoTo_10|Start:No Error
083852:C_9_GoTo_10|Start:No Error
083852:C_9_GoTo_10|Done:No Error
083852:D_9_GoTo_10|Done:No Error
083852:S_9_GoTo_10|Finish:No Error
084020:S_3_GoTo_5|Start:No Error
084020:D_3_GoTo_5|Start:No Error
084020:A_3_GoTo_5|Start:No Error
084020:A_3_GoTo_5|Done:No Error
084020:B_3_GoTo_5|Start:No Error
084020:D_3_GoTo_5|Done:No Error
084020:B_3_GoTo_5|Done:No Error
084020:C_3_GoTo_5|Start:No Error
084021:C_3_GoTo_5|Done:No Error
084021:S_3_GoTo_5|Finish:No Error
084041:S_5_GoTo_6|Start:No Error
084041:D_5_GoTo_6|Start:No Error
084041:A_5_GoTo_6|Start:No Error
084041:A_5_GoTo_6|Done:No Error
084041:B_5_GoTo_6|Start:No Error
084041:D_5_GoTo_6|Done:No Error
084042:B_5_GoTo_6|Done:No Error
084042:C_5_GoTo_6|Start:No Error
084042:C_5_GoTo_6|Done:No Error
084042:S_5_GoTo_6|Finish:No Error
084046:S_6_GoTo_7|Start:No Error
084046:D_6_GoTo_7|Start:No Error
084046:A_6_GoTo_7|Start:No Error
084046:D_6_GoTo_7|Done:No Error
084046:A_6_GoTo_7|Done:No Error
084046:B_6_GoTo_7|Start:No Error
084047:B_6_GoTo_7|Done:No Error
084047:C_6_GoTo_7|Start:No Error
084047:C_6_GoTo_7|Done:No Error
084047:S_6_GoTo_7|Finish:No Error
084149:S_7_GoTo_8|Start:No Error
084149:D_7_GoTo_8|Start:No Error
084149:A_7_GoTo_8|Start:No Error
084149:A_7_GoTo_8|Done:No Error
084149:B_7_GoTo_8|Start:No Error
084150:D_7_GoTo_8|Done:No Error
084150:B_7_GoTo_8|Done:No Error
084150:C_7_GoTo_8|Start:No Error
084150:C_7_GoTo_8|Done:No Error
084150:S_7_GoTo_8|Finish:No Error
085350:S_3_GoTo_5|Start:No Error
085350:D_3_GoTo_5|Start:No Error
085350:A_3_GoTo_5|Start:No Error
085350:A_3_GoTo_5|Done:No Error
085350:B_3_GoTo_5|Start:No Error
085351:D_3_GoTo_5|Done:No Error
085351:B_3_GoTo_5|Done:No Error
085351:C_3_GoTo_5|Start:No Error
085351:C_3_GoTo_5|Done:No Error
085351:S_3_GoTo_5|Finish:No Error
085409:S_5_GoTo_6|Start:No Error
085409:D_5_GoTo_6|Start:No Error
085409:A_5_GoTo_6|Start:No Error
085409:A_5_GoTo_6|Done:No Error
085409:B_5_GoTo_6|Start:No Error
085410:B_5_GoTo_6|Done:No Error
085410:C_5_GoTo_6|Start:No Error
085410:D_5_GoTo_6|Done:No Error
085410:C_5_GoTo_6|Done:No Error
085410:S_5_GoTo_6|Finish:No Error
085414:S_6_GoTo_7|Start:No Error
085414:D_6_GoTo_7|Start:No Error
085414:A_6_GoTo_7|Start:No Error
085414:D_6_GoTo_7|Done:No Error
085414:A_6_GoTo_7|Done:No Error
085414:B_6_GoTo_7|Start:No Error
085414:B_6_GoTo_7|Done:No Error
085414:C_6_GoTo_7|Start:No Error
085414:C_6_GoTo_7|Done:No Error
085414:S_6_GoTo_7|Finish:No Error
085444:S_7_GoTo_8|Start:No Error
085444:D_7_GoTo_8|Start:No Error
085444:A_7_GoTo_8|Start:No Error
085444:A_7_GoTo_8|Done:No Error
085444:B_7_GoTo_8|Start:No Error
085444:D_7_GoTo_8|Done:No Error
085444:B_7_GoTo_8|Done:No Error
085444:C_7_GoTo_8|Start:No Error
085444:C_7_GoTo_8|Done:No Error
085444:S_7_GoTo_8|Finish:No Error
094151:S_3_GoTo_5|Start:No Error
094151:D_3_GoTo_5|Start:No Error
094151:A_3_GoTo_5|Start:No Error
094151:A_3_GoTo_5|Done:No Error
094151:B_3_GoTo_5|Start:No Error
094152:B_3_GoTo_5|Done:No Error
094152:C_3_GoTo_5|Start:No Error
094152:D_3_GoTo_5|Done:No Error
094152:C_3_GoTo_5|Done:No Error
094152:S_3_GoTo_5|Finish:No Error
094234:S_5_GoTo_6|Start:No Error
094234:D_5_GoTo_6|Start:No Error
094234:A_5_GoTo_6|Start:No Error
094235:A_5_GoTo_6|Done:No Error
094235:B_5_GoTo_6|Start:No Error
094235:B_5_GoTo_6|Done:No Error
094235:C_5_GoTo_6|Start:No Error
094235:D_5_GoTo_6|Done:No Error
094235:C_5_GoTo_6|Done:No Error
094235:S_5_GoTo_6|Finish:No Error
094241:S_6_GoTo_7|Start:No Error
094241:D_6_GoTo_7|Start:No Error
094241:A_6_GoTo_7|Start:No Error
094241:D_6_GoTo_7|Done:No Error
094241:A_6_GoTo_7|Done:No Error
094241:B_6_GoTo_7|Start:No Error
094241:B_6_GoTo_7|Done:No Error
094241:C_6_GoTo_7|Start:No Error
094242:C_6_GoTo_7|Done:No Error
094242:S_6_GoTo_7|Finish:No Error
094319:S_7_GoTo_8|Start:No Error
094319:D_7_GoTo_8|Start:No Error
094319:A_7_GoTo_8|Start:No Error
094319:A_7_GoTo_8|Done:No Error
094319:B_7_GoTo_8|Start:No Error
094319:B_7_GoTo_8|Done:No Error
094319:C_7_GoTo_8|Start:No Error
094319:D_7_GoTo_8|Done:No Error
094319:C_7_GoTo_8|Done:No Error
094319:S_7_GoTo_8|Finish:No Error
094349:S_8_GoTo_9|Start:No Error
094349:D_8_GoTo_9|Start:No Error
094349:A_8_GoTo_9|Start:No Error
094349:A_8_GoTo_9|Done:No Error
094349:B_8_GoTo_9|Start:No Error
094349:D_8_GoTo_9|Done:No Error
094349:B_8_GoTo_9|Done:No Error
094349:C_8_GoTo_9|Start:No Error
094349:C_8_GoTo_9|Done:No Error
094349:S_8_GoTo_9|Finish:No Error
094434:S_9_GoTo_10|Start:No Error
094434:D_9_GoTo_10|Start:No Error
094434:A_9_GoTo_10|Start:No Error
094434:A_9_GoTo_10|Done:No Error
094434:B_9_GoTo_10|Start:No Error
094434:D_9_GoTo_10|Done:No Error
094434:B_9_GoTo_10|Done:No Error
094434:C_9_GoTo_10|Start:No Error
094435:C_9_GoTo_10|Done:No Error
094435:S_9_GoTo_10|Finish:No Error
094449:S_10_GoTo_11|Start:No Error
094449:D_10_GoTo_11|Start:No Error
094449:A_10_GoTo_11|Start:No Error
094449:D_10_GoTo_11|Done:No Error
094449:A_10_GoTo_11|Done:No Error
094449:B_10_GoTo_11|Start:No Error
094450:B_10_GoTo_11|Done:No Error
094450:C_10_GoTo_11|Start:No Error
094450:C_10_GoTo_11|Done:No Error
094450:S_10_GoTo_11|Finish:No Error
094517:S_11_GoTo_12|Start:No Error
094517:D_11_GoTo_12|Start:No Error
094517:A_11_GoTo_12|Start:No Error
094517:A_11_GoTo_12|Done:No Error
094517:B_11_GoTo_12|Start:No Error
094517:D_11_GoTo_12|Done:No Error
094517:B_11_GoTo_12|Done:No Error
094517:C_11_GoTo_12|Start:No Error
094517:C_11_GoTo_12|Done:No Error
094517:S_11_GoTo_12|Finish:No Error
094542:S_12_GoTo_13|Start:No Error
094542:D_12_GoTo_13|Start:No Error
094542:A_12_GoTo_13|Start:No Error
094542:A_12_GoTo_13|Done:No Error
094542:B_12_GoTo_13|Start:No Error
094543:B_12_GoTo_13|Done:No Error
094543:C_12_GoTo_13|Start:No Error
094543:D_12_GoTo_13|Done:No Error
094543:C_12_GoTo_13|Done:No Error
094543:S_12_GoTo_13|Finish:No Error
094556:D_13_GoTo_16|Start:No Error
094556:S_13_GoTo_16|Start:No Error
094556:A_13_GoTo_16|Start:No Error
094556:A_13_GoTo_16|Done:No Error
094556:B_13_GoTo_16|Start:No Error
094556:B_13_GoTo_16|Done:No Error
094556:C_13_GoTo_16|Start:No Error
094556:D_13_GoTo_16|Done:No Error
094556:C_13_GoTo_16|Done:No Error
094556:S_13_GoTo_16|Finish:No Error
094628:S_16_GoTo_17|Start:No Error
094628:D_16_GoTo_17|Start:No Error
094628:A_16_GoTo_17|Start:No Error
094628:A_16_GoTo_17|Done:No Error
094628:B_16_GoTo_17|Start:No Error
094628:D_16_GoTo_17|Done:No Error
094628:B_16_GoTo_17|Done:No Error
094628:C_16_GoTo_17|Start:No Error
094629:C_16_GoTo_17|Done:No Error
094629:S_16_GoTo_17|Finish:No Error
094635:S_17_GoTo_18|Start:No Error
094635:D_17_GoTo_18|Start:No Error
094635:A_17_GoTo_18|Start:No Error
094635:A_17_GoTo_18|Done:No Error
094635:B_17_GoTo_18|Start:No Error
094635:B_17_GoTo_18|Done:No Error
094635:C_17_GoTo_18|Start:No Error
094635:D_17_GoTo_18|Done:No Error
094636:C_17_GoTo_18|Done:No Error
094636:S_17_GoTo_18|Finish:No Error
094648:S_18_GoTo_19|Start:No Error
094648:D_18_GoTo_19|Start:No Error
094648:A_18_GoTo_19|Start:No Error
094648:A_18_GoTo_19|Done:No Error
094648:B_18_GoTo_19|Start:No Error
094648:D_18_GoTo_19|Done:No Error
094649:B_18_GoTo_19|Done:No Error
094649:C_18_GoTo_19|Start:No Error
094649:C_18_GoTo_19|Done:No Error
094649:S_18_GoTo_19|Finish:No Error
094708:S_19_GoTo_20|Start:No Error
094708:D_19_GoTo_20|Start:No Error
094708:A_19_GoTo_20|Start:No Error
094708:A_19_GoTo_20|Done:No Error
094708:B_19_GoTo_20|Start:No Error
094708:D_19_GoTo_20|Done:No Error
094708:B_19_GoTo_20|Done:No Error
094708:C_19_GoTo_20|Start:No Error
094708:C_19_GoTo_20|Done:No Error
094708:S_19_GoTo_20|Finish:No Error
095007:S_20_GoTo_22|Start:No Error
095007:D_20_GoTo_22|Start:No Error
095007:A_20_GoTo_22|Start:No Error
095007:D_20_GoTo_22|Done:No Error
095007:A_20_GoTo_22|Done:No Error
095007:B_20_GoTo_22|Start:No Error
095007:B_20_GoTo_22|Done:No Error
095007:C_20_GoTo_22|Start:No Error
095007:C_20_GoTo_22|Done:No Error
095007:S_20_GoTo_22|Finish:No Error
095011:S_22_GoTo_21|Start:No Error
095011:A_22_GoTo_21|Start:No Error
095011:D_22_GoTo_21|Start:No Error
095011:D_22_GoTo_21|Done:No Error
095011:A_22_GoTo_21|Done:No Error
095011:B_22_GoTo_21|Start:No Error
095011:B_22_GoTo_21|Done:No Error
095011:C_22_GoTo_21|Start:No Error
095011:C_22_GoTo_21|Done:No Error
095011:S_22_GoTo_21|Finish:No Error
095035:S_21_GoTo_FINISH|Start:No Error
095035:D_21_GoTo_FINISH|Start:No Error
095035:A_21_GoTo_FINISH|Start:No Error
095035:A_21_GoTo_FINISH|Done:No Error
095035:B_21_GoTo_FINISH|Start:No Error
095035:B_FINISH_NA_NA:No Error
095035:B_21_GoTo_FINISH|Done:No Error
095035:C_21_GoTo_FINISH|Start:No Error
095035:D_21_GoTo_FINISH|Done:No Error
095035:C_21_GoTo_FINISH|Done:No Error
095035:S_21_GoTo_FINISH|Finish:No Error
095416:S_3_GoTo_5|Start:No Error
095416:D_3_GoTo_5|Start:No Error
095416:A_3_GoTo_5|Start:No Error
095416:D_3_GoTo_5|Done:No Error
095416:A_3_GoTo_5|Done:No Error
095416:B_3_GoTo_5|Start:No Error
095416:B_3_GoTo_5|Done:No Error
095416:C_3_GoTo_5|Start:No Error
095417:C_3_GoTo_5|Done:No Error
095417:S_3_GoTo_5|Finish:No Error
095652:S_5_GoTo_6|Start:No Error
095652:D_5_GoTo_6|Start:No Error
095652:A_5_GoTo_6|Start:No Error
095652:A_5_GoTo_6|Done:No Error
095652:B_5_GoTo_6|Start:No Error
095652:D_5_GoTo_6|Done:No Error
095652:B_5_GoTo_6|Done:No Error
095652:C_5_GoTo_6|Start:No Error
095652:C_5_GoTo_6|Done:No Error
095652:S_5_GoTo_6|Finish:No Error
095703:S_6_GoTo_7|Start:No Error
095703:D_6_GoTo_7|Start:No Error
095703:A_6_GoTo_7|Start:No Error
095703:D_6_GoTo_7|Done:No Error
095703:A_6_GoTo_7|Done:No Error
095703:B_6_GoTo_7|Start:No Error
095703:B_6_GoTo_7|Done:No Error
095703:C_6_GoTo_7|Start:No Error
095703:C_6_GoTo_7|Done:No Error
095703:S_6_GoTo_7|Finish:No Error
095749:S_7_GoTo_8|Start:No Error
095749:D_7_GoTo_8|Start:No Error
095749:A_7_GoTo_8|Start:No Error
095749:A_7_GoTo_8|Done:No Error
095749:B_7_GoTo_8|Start:No Error
095749:D_7_GoTo_8|Done:No Error
095750:B_7_GoTo_8|Done:No Error
095750:C_7_GoTo_8|Start:No Error
095750:C_7_GoTo_8|Done:No Error
095750:S_7_GoTo_8|Finish:No Error
095822:S_8_GoTo_9|Start:No Error
095822:D_8_GoTo_9|Start:No Error
095822:A_8_GoTo_9|Start:No Error
095822:A_8_GoTo_9|Done:No Error
095822:B_8_GoTo_9|Start:No Error
095822:D_8_GoTo_9|Done:No Error
095822:B_8_GoTo_9|Done:No Error
095822:C_8_GoTo_9|Start:No Error
095822:C_8_GoTo_9|Done:No Error
095822:S_8_GoTo_9|Finish:No Error
095932:S_9_GoTo_10|Start:No Error
095932:D_9_GoTo_10|Start:No Error
095932:A_9_GoTo_10|Start:No Error
095932:A_9_GoTo_10|Done:No Error
095932:B_9_GoTo_10|Start:No Error
095932:D_9_GoTo_10|Done:No Error
095932:B_9_GoTo_10|Done:No Error
095932:C_9_GoTo_10|Start:No Error
095933:C_9_GoTo_10|Done:No Error
095933:S_9_GoTo_10|Finish:No Error
095942:S_10_GoTo_11|Start:No Error
095942:D_10_GoTo_11|Start:No Error
095942:A_10_GoTo_11|Start:No Error
095942:D_10_GoTo_11|Done:No Error
095942:A_10_GoTo_11|Done:No Error
095942:B_10_GoTo_11|Start:No Error
095942:B_10_GoTo_11|Done:No Error
095942:C_10_GoTo_11|Start:No Error
095943:C_10_GoTo_11|Done:No Error
095943:S_10_GoTo_11|Finish:No Error
100002:S_11_GoTo_12|Start:No Error
100002:D_11_GoTo_12|Start:No Error
100002:A_11_GoTo_12|Start:No Error
100002:A_11_GoTo_12|Done:No Error
100002:B_11_GoTo_12|Start:No Error
100002:D_11_GoTo_12|Done:No Error
100002:B_11_GoTo_12|Done:No Error
100002:C_11_GoTo_12|Start:No Error
100002:C_11_GoTo_12|Done:No Error
100002:S_11_GoTo_12|Finish:No Error
100136:S_12_GoTo_13|Start:No Error
100136:D_12_GoTo_13|Start:No Error
100136:A_12_GoTo_13|Start:No Error
100136:A_12_GoTo_13|Done:No Error
100136:B_12_GoTo_13|Start:No Error
100136:D_12_GoTo_13|Done:No Error
100136:B_12_GoTo_13|Done:No Error
100136:C_12_GoTo_13|Start:No Error
100137:C_12_GoTo_13|Done:No Error
100137:S_12_GoTo_13|Finish:No Error
100231:S_13_GoTo_16|Start:No Error
100231:D_13_GoTo_16|Start:No Error
100231:A_13_GoTo_16|Start:No Error
100231:A_13_GoTo_16|Done:No Error
100231:B_13_GoTo_16|Start:No Error
100231:D_13_GoTo_16|Done:No Error
100231:B_13_GoTo_16|Done:No Error
100231:C_13_GoTo_16|Start:No Error
100231:C_13_GoTo_16|Done:No Error
100231:S_13_GoTo_16|Finish:No Error
100333:S_16_GoTo_17|Start:No Error
100333:D_16_GoTo_17|Start:No Error
100333:A_16_GoTo_17|Start:No Error
100334:A_16_GoTo_17|Done:No Error
100334:B_16_GoTo_17|Start:No Error
100334:D_16_GoTo_17|Done:No Error
100334:B_16_GoTo_17|Done:No Error
100334:C_16_GoTo_17|Start:No Error
100334:C_16_GoTo_17|Done:No Error
100334:S_16_GoTo_17|Finish:No Error
100447:S_17_GoTo_18|Start:No Error
100447:D_17_GoTo_18|Start:No Error
100447:A_17_GoTo_18|Start:No Error
100447:A_17_GoTo_18|Done:No Error
100447:B_17_GoTo_18|Start:No Error
100447:D_17_GoTo_18|Done:No Error
100447:B_17_GoTo_18|Done:No Error
100447:C_17_GoTo_18|Start:No Error
100448:C_17_GoTo_18|Done:No Error
100448:S_17_GoTo_18|Finish:No Error
100458:S_18_GoTo_19|Start:No Error
100458:D_18_GoTo_19|Start:No Error
100458:A_18_GoTo_19|Start:No Error
100458:A_18_GoTo_19|Done:No Error
100458:B_18_GoTo_19|Start:No Error
100458:D_18_GoTo_19|Done:No Error
100459:B_18_GoTo_19|Done:No Error
100459:C_18_GoTo_19|Start:No Error
100459:C_18_GoTo_19|Done:No Error
100459:S_18_GoTo_19|Finish:No Error
100530:S_19_GoTo_20|Start:No Error
100530:D_19_GoTo_20|Start:No Error
100530:A_19_GoTo_20|Start:No Error
100530:A_19_GoTo_20|Done:No Error
100530:B_19_GoTo_20|Start:No Error
100530:D_19_GoTo_20|Done:No Error
100530:B_19_GoTo_20|Done:No Error
100530:C_19_GoTo_20|Start:No Error
100530:C_19_GoTo_20|Done:No Error
100530:S_19_GoTo_20|Finish:No Error
100741:S_20_GoTo_22|Start:No Error
100741:D_20_GoTo_22|Start:No Error
100741:A_20_GoTo_22|Start:No Error
100741:D_20_GoTo_22|Done:No Error
100741:A_20_GoTo_22|Done:No Error
100741:B_20_GoTo_22|Start:No Error
100741:B_20_GoTo_22|Done:No Error
100741:C_20_GoTo_22|Start:No Error
100742:C_20_GoTo_22|Done:No Error
100742:S_20_GoTo_22|Finish:No Error
100754:S_22_GoTo_21|Start:No Error
100754:D_22_GoTo_21|Start:No Error
100754:A_22_GoTo_21|Start:No Error
100754:D_22_GoTo_21|Done:No Error
100754:A_22_GoTo_21|Done:No Error
100754:B_22_GoTo_21|Start:No Error
100754:B_22_GoTo_21|Done:No Error
100754:C_22_GoTo_21|Start:No Error
100754:C_22_GoTo_21|Done:No Error
100754:S_22_GoTo_21|Finish:No Error
100758:S_21_GoTo_FINISH|Start:No Error
100758:D_21_GoTo_FINISH|Start:No Error
100758:A_21_GoTo_FINISH|Start:No Error
100758:A_21_GoTo_FINISH|Done:No Error
100758:B_21_GoTo_FINISH|Start:No Error
100758:B_FINISH_NA_NA:No Error
100758:B_21_GoTo_FINISH|Done:No Error
100758:C_21_GoTo_FINISH|Start:No Error
100758:D_21_GoTo_FINISH|Done:No Error
100758:C_21_GoTo_FINISH|Done:No Error
100758:S_21_GoTo_FINISH|Finish:No Error
101116:S_3_GoTo_5|Start:No Error
101116:D_3_GoTo_5|Start:No Error
101116:A_3_GoTo_5|Start:No Error
101116:A_3_GoTo_5|Done:No Error
101116:B_3_GoTo_5|Start:No Error
101117:B_3_GoTo_5|Done:No Error
101117:C_3_GoTo_5|Start:No Error
101117:D_3_GoTo_5|Done:No Error
101117:C_3_GoTo_5|Done:No Error
101117:S_3_GoTo_5|Finish:No Error
101146:S_3_GoTo_5|Start:No Error
101146:D_3_GoTo_5|Start:No Error
101146:A_3_GoTo_5|Start:No Error
101146:D_3_GoTo_5|Done:No Error
101159:S_5_GoTo_6|Start:No Error
101159:D_5_GoTo_6|Start:No Error
101159:A_5_GoTo_6|Start:No Error
101200:A_5_GoTo_6|Done:No Error
101200:B_5_GoTo_6|Start:No Error
101200:D_5_GoTo_6|Done:No Error
101200:B_5_GoTo_6|Done:No Error
101200:C_5_GoTo_6|Start:No Error
101200:A_3_GoTo_5|Done:No Error
101200:C_5_GoTo_6|Done:No Error
101200:B_3_GoTo_5|Start:No Error
101200:S_5_GoTo_6|Finish:No Error
101200:B_3_GoTo_5|Done:No Error
101200:C_3_GoTo_5|Start:No Error
101201:C_3_GoTo_5|Done:No Error
101201:S_3_GoTo_5|Finish:No Error
101218:D_6_GoTo_7|Start:No Error
101218:S_6_GoTo_7|Start:No Error
101218:A_6_GoTo_7|Start:No Error
101218:D_6_GoTo_7|Done:No Error
101218:A_6_GoTo_7|Done:No Error
101218:B_6_GoTo_7|Start:No Error
101218:B_6_GoTo_7|Done:No Error
101218:C_6_GoTo_7|Start:No Error
101218:C_6_GoTo_7|Done:No Error
101218:S_6_GoTo_7|Finish:No Error
101231:S_5_GoTo_6|Start:No Error
101231:D_5_GoTo_6|Start:No Error
101231:A_5_GoTo_6|Start:No Error
101231:A_5_GoTo_6|Done:No Error
101231:B_5_GoTo_6|Start:No Error
101231:D_5_GoTo_6|Done:No Error
101231:B_5_GoTo_6|Done:No Error
101231:C_5_GoTo_6|Start:No Error
101231:C_5_GoTo_6|Done:No Error
101231:S_5_GoTo_6|Finish:No Error
101236:S_3_GoTo_5|Start:No Error
101236:D_3_GoTo_5|Start:No Error
101236:A_3_GoTo_5|Start:No Error
101236:A_3_GoTo_5|Done:No Error
101236:B_3_GoTo_5|Start:No Error
101236:B_3_GoTo_5|Done:No Error
101236:C_3_GoTo_5|Start:No Error
101236:D_3_GoTo_5|Done:No Error
101237:C_3_GoTo_5|Done:No Error
101237:S_3_GoTo_5|Finish:No Error
101239:S_6_GoTo_7|Start:No Error
101239:D_6_GoTo_7|Start:No Error
101239:A_6_GoTo_7|Start:No Error
101239:D_6_GoTo_7|Done:No Error
101241:S_7_GoTo_8|Start:No Error
101241:D_7_GoTo_8|Start:No Error
101241:A_7_GoTo_8|Start:No Error
101241:A_7_GoTo_8|Done:No Error
101241:B_7_GoTo_8|Start:No Error
101242:D_7_GoTo_8|Done:No Error
101242:B_7_GoTo_8|Done:No Error
101242:C_7_GoTo_8|Start:No Error
101242:A_6_GoTo_7|Done:No Error
101242:C_7_GoTo_8|Done:No Error
101242:B_6_GoTo_7|Start:No Error
101242:S_7_GoTo_8|Finish:No Error
101242:B_6_GoTo_7|Done:No Error
101242:C_6_GoTo_7|Start:No Error
101242:C_6_GoTo_7|Done:No Error
101242:S_6_GoTo_7|Finish:No Error
101420:S_8_GoTo_9|Start:No Error
101420:D_8_GoTo_9|Start:No Error
101420:A_8_GoTo_9|Start:No Error
101420:A_8_GoTo_9|Done:No Error
101420:B_8_GoTo_9|Start:No Error
101420:D_8_GoTo_9|Done:No Error
101420:B_8_GoTo_9|Done:No Error
101420:C_8_GoTo_9|Start:No Error
101420:C_8_GoTo_9|Done:No Error
101420:S_8_GoTo_9|Finish:No Error
101424:S_5_GoTo_6|Start:No Error
101424:D_5_GoTo_6|Start:No Error
101424:A_5_GoTo_6|Start:No Error
101424:A_5_GoTo_6|Done:No Error
101424:B_5_GoTo_6|Start:No Error
101424:D_5_GoTo_6|Done:No Error
101424:B_5_GoTo_6|Done:No Error
101424:C_5_GoTo_6|Start:No Error
101425:C_5_GoTo_6|Done:No Error
101425:S_5_GoTo_6|Finish:No Error
101451:S_3_GoTo_5|Start:No Error
101451:D_3_GoTo_5|Start:No Error
101451:A_3_GoTo_5|Start:No Error
101451:A_3_GoTo_5|Done:No Error
101451:B_3_GoTo_5|Start:No Error
101451:D_3_GoTo_5|Done:No Error
101451:B_3_GoTo_5|Done:No Error
101451:C_3_GoTo_5|Start:No Error
101451:C_3_GoTo_5|Done:No Error
101451:S_3_GoTo_5|Finish:No Error
101452:S_7_GoTo_8|Start:No Error
101452:A_7_GoTo_8|Start:No Error
101452:D_7_GoTo_8|Start:No Error
101452:A_7_GoTo_8|Done:No Error
101452:B_7_GoTo_8|Start:No Error
101452:D_7_GoTo_8|Done:No Error
101452:B_7_GoTo_8|Done:No Error
101452:C_7_GoTo_8|Start:No Error
101452:C_7_GoTo_8|Done:No Error
101452:S_7_GoTo_8|Finish:No Error
101507:S_8_GoTo_9|Start:No Error
101507:A_8_GoTo_9|Start:No Error
101507:D_8_GoTo_9|Start:No Error
101507:D_8_GoTo_9|Done:No Error
101507:S_9_GoTo_10|Start:No Error
101507:D_9_GoTo_10|Start:No Error
101507:A_9_GoTo_10|Start:No Error
101507:A_9_GoTo_10|Done:No Error
101507:B_9_GoTo_10|Start:No Error
101507:B_9_GoTo_10|Done:No Error
101507:C_9_GoTo_10|Start:No Error
101507:D_9_GoTo_10|Done:No Error
101507:A_8_GoTo_9|Done:No Error
101507:C_9_GoTo_10|Done:No Error
101507:B_8_GoTo_9|Start:No Error
101507:S_9_GoTo_10|Finish:No Error
101508:B_8_GoTo_9|Done:No Error
101508:C_8_GoTo_9|Start:No Error
101508:C_8_GoTo_9|Done:No Error
101508:S_8_GoTo_9|Finish:No Error
101516:S_10_GoTo_11|Start:No Error
101516:D_10_GoTo_11|Start:No Error
101516:A_10_GoTo_11|Start:No Error
101516:D_10_GoTo_11|Done:No Error
101516:A_10_GoTo_11|Done:No Error
101516:B_10_GoTo_11|Start:No Error
101516:B_10_GoTo_11|Done:No Error
101516:C_10_GoTo_11|Start:No Error
101517:C_10_GoTo_11|Done:No Error
101517:S_10_GoTo_11|Finish:No Error
101521:S_6_GoTo_7|Start:No Error
101521:D_6_GoTo_7|Start:No Error
101521:A_6_GoTo_7|Start:No Error
101521:D_6_GoTo_7|Done:No Error
101521:A_6_GoTo_7|Done:No Error
101521:B_6_GoTo_7|Start:No Error
101521:B_6_GoTo_7|Done:No Error
101521:C_6_GoTo_7|Start:No Error
101521:C_6_GoTo_7|Done:No Error
101521:S_6_GoTo_7|Finish:No Error
101527:S_11_GoTo_12|Start:No Error
101527:D_11_GoTo_12|Start:No Error
101527:A_11_GoTo_12|Start:No Error
101527:A_11_GoTo_12|Done:No Error
101527:B_11_GoTo_12|Start:No Error
101528:D_11_GoTo_12|Done:No Error
101528:B_11_GoTo_12|Done:No Error
101528:C_11_GoTo_12|Start:No Error
101528:C_11_GoTo_12|Done:No Error
101528:S_11_GoTo_12|Finish:No Error
101533:S_5_GoTo_6|Start:No Error
101533:D_5_GoTo_6|Start:No Error
101533:A_5_GoTo_6|Start:No Error
101533:A_5_GoTo_6|Done:No Error
101533:B_5_GoTo_6|Start:No Error
101533:D_5_GoTo_6|Done:No Error
101533:B_5_GoTo_6|Done:No Error
101533:C_5_GoTo_6|Start:No Error
101533:C_5_GoTo_6|Done:No Error
101533:S_5_GoTo_6|Finish:No Error
101552:S_7_GoTo_8|Start:No Error
101552:D_7_GoTo_8|Start:No Error
101552:A_7_GoTo_8|Start:No Error
101552:A_7_GoTo_8|Done:No Error
101552:B_7_GoTo_8|Start:No Error
101552:D_7_GoTo_8|Done:No Error
101552:S_9_GoTo_10|Start:No Error
101552:D_9_GoTo_10|Start:No Error
101552:A_9_GoTo_10|Start:No Error
101552:B_7_GoTo_8|Done:No Error
101552:C_7_GoTo_8|Start:No Error
101552:A_9_GoTo_10|Done:No Error
101552:B_9_GoTo_10|Start:No Error
101552:D_9_GoTo_10|Done:No Error
101552:C_7_GoTo_8|Done:No Error
101552:S_7_GoTo_8|Finish:No Error
101552:B_9_GoTo_10|Done:No Error
101552:C_9_GoTo_10|Start:No Error
101552:C_9_GoTo_10|Done:No Error
101552:S_9_GoTo_10|Finish:No Error
101556:S_10_GoTo_11|Start:No Error
101556:D_10_GoTo_11|Start:No Error
101556:A_10_GoTo_11|Start:No Error
101556:D_10_GoTo_11|Done:No Error
101557:A_10_GoTo_11|Done:No Error
101557:B_10_GoTo_11|Start:No Error
101557:B_10_GoTo_11|Done:No Error
101557:C_10_GoTo_11|Start:No Error
101557:C_10_GoTo_11|Done:No Error
101557:S_10_GoTo_11|Finish:No Error
101600:S_6_GoTo_7|Start:No Error
101600:D_6_GoTo_7|Start:No Error
101600:A_6_GoTo_7|Start:No Error
101600:D_6_GoTo_7|Done:No Error
101600:A_6_GoTo_7|Done:No Error
101600:B_6_GoTo_7|Start:No Error
101600:B_6_GoTo_7|Done:No Error
101600:C_6_GoTo_7|Start:No Error
101600:C_6_GoTo_7|Done:No Error
101600:S_6_GoTo_7|Finish:No Error
101607:S_11_GoTo_12|Start:No Error
101607:D_11_GoTo_12|Start:No Error
101607:A_11_GoTo_12|Start:No Error
101607:D_11_GoTo_12|Done:No Error
101616:S_8_GoTo_9|Start:No Error
101616:D_8_GoTo_9|Start:No Error
101616:A_8_GoTo_9|Start:No Error
101616:A_8_GoTo_9|Done:No Error
101616:B_8_GoTo_9|Start:No Error
101616:D_8_GoTo_9|Done:No Error
101616:B_8_GoTo_9|Done:No Error
101616:C_8_GoTo_9|Start:No Error
101616:C_8_GoTo_9|Done:No Error
101616:S_8_GoTo_9|Finish:No Error
101617:S_12_GoTo_13|Start:No Error
101617:D_12_GoTo_13|Start:No Error
101617:A_12_GoTo_13|Start:No Error
101617:A_12_GoTo_13|Done:No Error
101617:B_12_GoTo_13|Start:No Error
101617:D_12_GoTo_13|Done:No Error
101617:B_12_GoTo_13|Done:No Error
101617:C_12_GoTo_13|Start:No Error
101618:A_11_GoTo_12|Done:No Error
101618:C_12_GoTo_13|Done:No Error
101618:B_11_GoTo_12|Start:No Error
101618:S_12_GoTo_13|Finish:No Error
101618:B_11_GoTo_12|Done:No Error
101618:C_11_GoTo_12|Start:No Error
101618:C_11_GoTo_12|Done:No Error
101618:S_11_GoTo_12|Finish:No Error
101630:S_12_GoTo_13|Start:No Error
101630:D_12_GoTo_13|Start:No Error
101630:A_12_GoTo_13|Start:No Error
101630:D_12_GoTo_13|Done:No Error
101630:S_13_GoTo_16|Start:No Error
101630:A_13_GoTo_16|Start:No Error
101630:D_13_GoTo_16|Start:No Error
101631:A_13_GoTo_16|Done:No Error
101631:B_13_GoTo_16|Start:No Error
101631:D_13_GoTo_16|Done:No Error
101631:B_13_GoTo_16|Done:No Error
101631:C_13_GoTo_16|Start:No Error
101631:A_12_GoTo_13|Done:No Error
101631:C_13_GoTo_16|Done:No Error
101631:B_12_GoTo_13|Start:No Error
101631:S_13_GoTo_16|Finish:No Error
101631:B_12_GoTo_13|Done:No Error
101631:C_12_GoTo_13|Start:No Error
101631:C_12_GoTo_13|Done:No Error
101631:S_12_GoTo_13|Finish:No Error
101644:S_13_GoTo_16|Start:No Error
101644:D_13_GoTo_16|Start:No Error
101644:A_13_GoTo_16|Start:No Error
101644:D_13_GoTo_16|Done:No Error
101647:S_16_GoTo_17|Start:No Error
101647:D_16_GoTo_17|Start:No Error
101647:A_16_GoTo_17|Start:No Error
101647:A_16_GoTo_17|Done:No Error
101647:B_16_GoTo_17|Start:No Error
101647:D_16_GoTo_17|Done:No Error
101647:B_16_GoTo_17|Done:No Error
101647:C_16_GoTo_17|Start:No Error
101648:A_13_GoTo_16|Done:No Error
101648:C_16_GoTo_17|Done:No Error
101648:B_13_GoTo_16|Start:No Error
101648:S_16_GoTo_17|Finish:No Error
101648:B_13_GoTo_16|Done:No Error
101648:C_13_GoTo_16|Start:No Error
101648:C_13_GoTo_16|Done:No Error
101648:S_13_GoTo_16|Finish:No Error
101657:S_3_GoTo_5|Start:No Error
101657:D_3_GoTo_5|Start:No Error
101657:A_3_GoTo_5|Start:No Error
101657:A_3_GoTo_5|Done:No Error
101657:B_3_GoTo_5|Start:No Error
101658:D_3_GoTo_5|Done:No Error
101658:B_3_GoTo_5|Done:No Error
101658:C_3_GoTo_5|Start:No Error
101658:C_3_GoTo_5|Done:No Error
101658:S_3_GoTo_5|Finish:No Error
101754:S_17_GoTo_18|Start:No Error
101754:D_17_GoTo_18|Start:No Error
101754:A_17_GoTo_18|Start:No Error
101755:A_17_GoTo_18|Done:No Error
101755:B_17_GoTo_18|Start:No Error
101755:D_17_GoTo_18|Done:No Error
101755:B_17_GoTo_18|Done:No Error
101755:C_17_GoTo_18|Start:No Error
101755:C_17_GoTo_18|Done:No Error
101755:S_17_GoTo_18|Finish:No Error
101757:S_16_GoTo_17|Start:No Error
101757:D_16_GoTo_17|Start:No Error
101757:A_16_GoTo_17|Start:No Error
101757:A_16_GoTo_17|Done:No Error
101757:B_16_GoTo_17|Start:No Error
101757:B_16_GoTo_17|Done:No Error
101757:C_16_GoTo_17|Start:No Error
101757:D_16_GoTo_17|Done:No Error
101757:C_16_GoTo_17|Done:No Error
101757:S_16_GoTo_17|Finish:No Error
101806:S_18_GoTo_19|Start:No Error
101806:D_18_GoTo_19|Start:No Error
101806:A_18_GoTo_19|Start:No Error
101806:A_18_GoTo_19|Done:No Error
101806:B_18_GoTo_19|Start:No Error
101806:D_18_GoTo_19|Done:No Error
101806:B_18_GoTo_19|Done:No Error
101806:C_18_GoTo_19|Start:No Error
101806:C_18_GoTo_19|Done:No Error
101806:S_18_GoTo_19|Finish:No Error
101809:S_17_GoTo_18|Start:No Error
101809:D_17_GoTo_18|Start:No Error
101809:A_17_GoTo_18|Start:No Error
101809:A_17_GoTo_18|Done:No Error
101809:B_17_GoTo_18|Start:No Error
101809:D_17_GoTo_18|Done:No Error
101809:B_17_GoTo_18|Done:No Error
101809:C_17_GoTo_18|Start:No Error
101809:C_17_GoTo_18|Done:No Error
101809:S_17_GoTo_18|Finish:No Error
101828:S_19_GoTo_20|Start:No Error
101828:D_19_GoTo_20|Start:No Error
101828:A_19_GoTo_20|Start:No Error
101828:A_19_GoTo_20|Done:No Error
101828:B_19_GoTo_20|Start:No Error
101828:D_19_GoTo_20|Done:No Error
101828:B_19_GoTo_20|Done:No Error
101828:C_19_GoTo_20|Start:No Error
101828:C_19_GoTo_20|Done:No Error
101828:S_19_GoTo_20|Finish:No Error
101847:S_18_GoTo_19|Start:No Error
101847:A_18_GoTo_19|Start:No Error
101847:D_18_GoTo_19|Start:No Error
101847:A_18_GoTo_19|Done:No Error
101847:B_18_GoTo_19|Start:No Error
101847:D_18_GoTo_19|Done:No Error
101847:B_18_GoTo_19|Done:No Error
101847:C_18_GoTo_19|Start:No Error
101847:C_18_GoTo_19|Done:No Error
101847:S_18_GoTo_19|Finish:No Error
101848:S_5_GoTo_6|Start:No Error
101848:A_5_GoTo_6|Start:No Error
101848:D_5_GoTo_6|Start:No Error
101848:A_5_GoTo_6|Done:No Error
101848:B_5_GoTo_6|Start:No Error
101848:D_5_GoTo_6|Done:No Error
101848:B_5_GoTo_6|Done:No Error
101848:C_5_GoTo_6|Start:No Error
101849:C_5_GoTo_6|Done:No Error
101849:S_5_GoTo_6|Finish:No Error
101852:S_7_GoTo_8|Start:No Error
101852:D_7_GoTo_8|Start:No Error
101852:A_7_GoTo_8|Start:No Error
101852:A_7_GoTo_8|Done:No Error
101852:B_7_GoTo_8|Start:No Error
101853:D_7_GoTo_8|Done:No Error
101853:B_7_GoTo_8|Done:No Error
101853:C_7_GoTo_8|Start:No Error
101853:C_7_GoTo_8|Done:No Error
101853:S_7_GoTo_8|Finish:No Error
101901:S_20_GoTo_22|Start:No Error
101901:D_20_GoTo_22|Start:No Error
101901:A_20_GoTo_22|Start:No Error
101901:D_20_GoTo_22|Done:No Error
101901:A_20_GoTo_22|Done:No Error
101901:B_20_GoTo_22|Start:No Error
101902:B_20_GoTo_22|Done:No Error
101902:C_20_GoTo_22|Start:No Error
101902:C_20_GoTo_22|Done:No Error
101902:S_20_GoTo_22|Finish:No Error
101906:S_6_GoTo_7|Start:No Error
101906:D_6_GoTo_7|Start:No Error
101906:A_6_GoTo_7|Start:No Error
101906:D_6_GoTo_7|Done:No Error
101906:A_6_GoTo_7|Done:No Error
101906:B_6_GoTo_7|Start:No Error
101906:B_6_GoTo_7|Done:No Error
101906:C_6_GoTo_7|Start:No Error
101907:C_6_GoTo_7|Done:No Error
101907:S_6_GoTo_7|Finish:No Error
101907:S_22_GoTo_21|Start:No Error
101907:A_22_GoTo_21|Start:No Error
101907:D_22_GoTo_21|Start:No Error
101907:D_22_GoTo_21|Done:No Error
101907:A_22_GoTo_21|Done:No Error
101907:B_22_GoTo_21|Start:No Error
101908:B_22_GoTo_21|Done:No Error
101908:C_22_GoTo_21|Start:No Error
101908:C_22_GoTo_21|Done:No Error
101908:S_22_GoTo_21|Finish:No Error
101914:S_9_GoTo_10|Start:No Error
101914:D_9_GoTo_10|Start:No Error
101914:A_9_GoTo_10|Start:No Error
101914:A_9_GoTo_10|Done:No Error
101914:B_9_GoTo_10|Start:No Error
101914:D_9_GoTo_10|Done:No Error
101914:B_9_GoTo_10|Done:No Error
101914:C_9_GoTo_10|Start:No Error
101915:C_9_GoTo_10|Done:No Error
101915:S_9_GoTo_10|Finish:No Error
101918:D_19_GoTo_20|Start:No Error
101918:S_19_GoTo_20|Start:No Error
101918:A_19_GoTo_20|Start:No Error
101918:A_19_GoTo_20|Done:No Error
101918:B_19_GoTo_20|Start:No Error
101918:D_19_GoTo_20|Done:No Error
101918:B_19_GoTo_20|Done:No Error
101918:C_19_GoTo_20|Start:No Error
101918:C_19_GoTo_20|Done:No Error
101918:S_19_GoTo_20|Finish:No Error
101919:S_10_GoTo_11|Start:No Error
101919:D_10_GoTo_11|Start:No Error
101919:A_10_GoTo_11|Start:No Error
101919:D_10_GoTo_11|Done:No Error
101919:A_10_GoTo_11|Done:No Error
101919:B_10_GoTo_11|Start:No Error
101919:B_10_GoTo_11|Done:No Error
101919:C_10_GoTo_11|Start:No Error
101920:C_10_GoTo_11|Done:No Error
101920:S_10_GoTo_11|Finish:No Error
101924:S_20_GoTo_22|Start:No Error
101924:D_20_GoTo_22|Start:No Error
101924:A_20_GoTo_22|Start:No Error
101924:D_20_GoTo_22|Done:No Error
101924:A_20_GoTo_22|Done:No Error
101924:B_20_GoTo_22|Start:No Error
101924:B_20_GoTo_22|Done:No Error
101924:C_20_GoTo_22|Start:No Error
101925:C_20_GoTo_22|Done:No Error
101925:S_20_GoTo_22|Finish:No Error
101925:S_8_GoTo_9|Start:No Error
101925:D_8_GoTo_9|Start:No Error
101925:A_8_GoTo_9|Start:No Error
101925:A_8_GoTo_9|Done:No Error
101925:B_8_GoTo_9|Start:No Error
101925:D_8_GoTo_9|Done:No Error
101926:B_8_GoTo_9|Done:No Error
101926:C_8_GoTo_9|Start:No Error
101926:C_8_GoTo_9|Done:No Error
101926:S_8_GoTo_9|Finish:No Error
101938:S_21_GoTo_FINISH|Start:No Error
101938:D_21_GoTo_FINISH|Start:No Error
101938:A_21_GoTo_FINISH|Start:No Error
101938:A_21_GoTo_FINISH|Done:No Error
101938:B_21_GoTo_FINISH|Start:No Error
101938:B_FINISH_NA_NA:No Error
101938:B_21_GoTo_FINISH|Done:No Error
101938:C_21_GoTo_FINISH|Start:No Error
101938:D_21_GoTo_FINISH|Done:No Error
101938:C_21_GoTo_FINISH|Done:No Error
101938:S_21_GoTo_FINISH|Finish:No Error
101939:S_22_GoTo_21|Start:No Error
101939:D_22_GoTo_21|Start:No Error
101939:A_22_GoTo_21|Start:No Error
101939:D_22_GoTo_21|Done:No Error
101939:A_22_GoTo_21|Done:No Error
101939:B_22_GoTo_21|Start:No Error
101939:S_7_GoTo_8|Start:No Error
101939:D_7_GoTo_8|Start:No Error
101939:A_7_GoTo_8|Start:No Error
101939:B_22_GoTo_21|Done:No Error
101939:C_22_GoTo_21|Start:No Error
101939:A_7_GoTo_8|Done:No Error
101939:B_7_GoTo_8|Start:No Error
101939:C_22_GoTo_21|Done:No Error
101939:S_22_GoTo_21|Finish:No Error
101939:D_7_GoTo_8|Done:No Error
101939:B_7_GoTo_8|Done:No Error
101939:C_7_GoTo_8|Start:No Error
101940:C_7_GoTo_8|Done:No Error
101940:S_7_GoTo_8|Finish:No Error
101945:S_21_GoTo_FINISH|Start:No Error
101945:D_21_GoTo_FINISH|Start:No Error
101945:A_21_GoTo_FINISH|Start:No Error
101945:A_21_GoTo_FINISH|Done:No Error
101945:B_21_GoTo_FINISH|Start:No Error
101945:B_FINISH_NA_NA:No Error
101945:B_21_GoTo_FINISH|Done:No Error
101945:C_21_GoTo_FINISH|Start:No Error
101945:D_21_GoTo_FINISH|Done:No Error
101945:C_21_GoTo_FINISH|Done:No Error
101945:S_21_GoTo_FINISH|Finish:No Error
101949:S_9_GoTo_10|Start:No Error
101949:D_9_GoTo_10|Start:No Error
101949:A_9_GoTo_10|Start:No Error
101949:A_9_GoTo_10|Done:No Error
101949:B_9_GoTo_10|Start:No Error
101949:D_9_GoTo_10|Done:No Error
101950:B_9_GoTo_10|Done:No Error
101950:C_9_GoTo_10|Start:No Error
101950:C_9_GoTo_10|Done:No Error
101950:S_9_GoTo_10|Finish:No Error
101959:S_11_GoTo_12|Start:No Error
101959:D_11_GoTo_12|Start:No Error
101959:A_11_GoTo_12|Start:No Error
101959:A_11_GoTo_12|Done:No Error
101959:B_11_GoTo_12|Start:No Error
101959:D_11_GoTo_12|Done:No Error
101959:B_11_GoTo_12|Done:No Error
101959:C_11_GoTo_12|Start:No Error
101959:C_11_GoTo_12|Done:No Error
101959:S_11_GoTo_12|Finish:No Error
102005:S_3_GoTo_5|Start:No Error
102005:D_3_GoTo_5|Start:No Error
102005:A_3_GoTo_5|Start:No Error
102005:A_3_GoTo_5|Done:No Error
102005:B_3_GoTo_5|Start:No Error
102005:B_3_GoTo_5|Done:No Error
102005:C_3_GoTo_5|Start:No Error
102005:D_3_GoTo_5|Done:No Error
102006:C_3_GoTo_5|Done:No Error
102006:S_3_GoTo_5|Finish:No Error
102015:S_10_GoTo_11|Start:No Error
102015:D_10_GoTo_11|Start:No Error
102015:A_10_GoTo_11|Start:No Error
102015:D_10_GoTo_11|Done:No Error
102015:A_10_GoTo_11|Done:No Error
102015:B_10_GoTo_11|Start:No Error
102015:B_10_GoTo_11|Done:No Error
102015:C_10_GoTo_11|Start:No Error
102016:C_10_GoTo_11|Done:No Error
102016:S_10_GoTo_11|Finish:No Error
102417:S_12_GoTo_13|Start:No Error
102417:D_12_GoTo_13|Start:No Error
102417:A_12_GoTo_13|Start:No Error
102417:A_12_GoTo_13|Done:No Error
102417:B_12_GoTo_13|Start:No Error
102417:D_12_GoTo_13|Done:No Error
102417:B_12_GoTo_13|Done:No Error
102417:C_12_GoTo_13|Start:No Error
102417:C_12_GoTo_13|Done:No Error
102417:S_12_GoTo_13|Finish:No Error
102423:S_5_GoTo_6|Start:No Error
102423:D_5_GoTo_6|Start:No Error
102423:A_5_GoTo_6|Start:No Error
102423:A_5_GoTo_6|Done:No Error
102423:B_5_GoTo_6|Start:No Error
102423:D_5_GoTo_6|Done:No Error
102423:B_5_GoTo_6|Done:No Error
102423:C_5_GoTo_6|Start:No Error
102423:C_5_GoTo_6|Done:No Error
102423:S_5_GoTo_6|Finish:No Error
102506:S_6_GoTo_7|Start:No Error
102506:D_6_GoTo_7|Start:No Error
102506:A_6_GoTo_7|Start:No Error
102506:D_6_GoTo_7|Done:No Error
102506:A_6_GoTo_7|Done:No Error
102506:B_6_GoTo_7|Start:No Error
102507:B_6_GoTo_7|Done:No Error
102507:C_6_GoTo_7|Start:No Error
102507:C_6_GoTo_7|Done:No Error
102507:S_6_GoTo_7|Finish:No Error
102511:S_13_GoTo_16|Start:No Error
102511:D_13_GoTo_16|Start:No Error
102511:A_13_GoTo_16|Start:No Error
102511:A_13_GoTo_16|Done:No Error
102511:B_13_GoTo_16|Start:No Error
102511:D_13_GoTo_16|Done:No Error
102511:B_13_GoTo_16|Done:No Error
102511:C_13_GoTo_16|Start:No Error
102511:C_13_GoTo_16|Done:No Error
102511:S_13_GoTo_16|Finish:No Error
102519:S_11_GoTo_12|Start:No Error
102519:D_11_GoTo_12|Start:No Error
102519:A_11_GoTo_12|Start:No Error
102519:A_11_GoTo_12|Done:No Error
102519:B_11_GoTo_12|Start:No Error
102519:D_11_GoTo_12|Done:No Error
102519:B_11_GoTo_12|Done:No Error
102519:C_11_GoTo_12|Start:No Error
102519:C_11_GoTo_12|Done:No Error
102519:S_11_GoTo_12|Finish:No Error
102539:S_16_GoTo_17|Start:No Error
102539:D_16_GoTo_17|Start:No Error
102539:A_16_GoTo_17|Start:No Error
102539:A_16_GoTo_17|Done:No Error
102539:B_16_GoTo_17|Start:No Error
102539:D_16_GoTo_17|Done:No Error
102539:B_16_GoTo_17|Done:No Error
102539:C_16_GoTo_17|Start:No Error
102540:C_16_GoTo_17|Done:No Error
102540:S_16_GoTo_17|Finish:No Error
102540:S_8_GoTo_9|Start:No Error
102540:D_8_GoTo_9|Start:No Error
102540:A_8_GoTo_9|Start:No Error
102540:A_8_GoTo_9|Done:No Error
102540:B_8_GoTo_9|Start:No Error
102540:D_8_GoTo_9|Done:No Error
102540:B_8_GoTo_9|Done:No Error
102540:C_8_GoTo_9|Start:No Error
102541:C_8_GoTo_9|Done:No Error
102541:S_8_GoTo_9|Finish:No Error
102607:S_9_GoTo_10|Start:No Error
102607:D_9_GoTo_10|Start:No Error
102607:A_9_GoTo_10|Start:No Error
102607:A_9_GoTo_10|Done:No Error
102607:B_9_GoTo_10|Start:No Error
102607:D_9_GoTo_10|Done:No Error
102607:B_9_GoTo_10|Done:No Error
102607:C_9_GoTo_10|Start:No Error
102607:C_9_GoTo_10|Done:No Error
102607:S_9_GoTo_10|Finish:No Error
102615:S_12_GoTo_13|Start:No Error
102615:D_12_GoTo_13|Start:No Error
102615:A_12_GoTo_13|Start:No Error
102615:A_12_GoTo_13|Done:No Error
102615:B_12_GoTo_13|Start:No Error
102615:D_12_GoTo_13|Done:No Error
102615:B_12_GoTo_13|Done:No Error
102615:C_12_GoTo_13|Start:No Error
102615:C_12_GoTo_13|Done:No Error
102615:S_12_GoTo_13|Finish:No Error
102621:S_17_GoTo_18|Start:No Error
102621:D_17_GoTo_18|Start:No Error
102621:A_17_GoTo_18|Start:No Error
102621:A_17_GoTo_18|Done:No Error
102621:B_17_GoTo_18|Start:No Error
102621:D_17_GoTo_18|Done:No Error
102622:B_17_GoTo_18|Done:No Error
102622:C_17_GoTo_18|Start:No Error
102622:C_17_GoTo_18|Done:No Error
102622:S_17_GoTo_18|Finish:No Error
102631:S_13_GoTo_16|Start:No Error
102631:D_13_GoTo_16|Start:No Error
102631:A_13_GoTo_16|Start:No Error
102631:A_13_GoTo_16|Done:No Error
102631:B_13_GoTo_16|Start:No Error
102631:D_13_GoTo_16|Done:No Error
102632:B_13_GoTo_16|Done:No Error
102632:C_13_GoTo_16|Start:No Error
102632:C_13_GoTo_16|Done:No Error
102632:S_13_GoTo_16|Finish:No Error
102645:S_7_GoTo_8|Start:No Error
102645:D_7_GoTo_8|Start:No Error
102645:A_7_GoTo_8|Start:No Error
102645:A_7_GoTo_8|Done:No Error
102645:B_7_GoTo_8|Start:No Error
102645:D_7_GoTo_8|Done:No Error
102645:B_7_GoTo_8|Done:No Error
102645:C_7_GoTo_8|Start:No Error
102645:C_7_GoTo_8|Done:No Error
102645:S_7_GoTo_8|Finish:No Error
102653:S_16_GoTo_17|Start:No Error
102653:D_16_GoTo_17|Start:No Error
102653:A_16_GoTo_17|Start:No Error
102653:A_16_GoTo_17|Done:No Error
102653:B_16_GoTo_17|Start:No Error
102653:D_16_GoTo_17|Done:No Error
102653:B_16_GoTo_17|Done:No Error
102653:C_16_GoTo_17|Start:No Error
102653:C_16_GoTo_17|Done:No Error
102653:S_16_GoTo_17|Finish:No Error
102655:S_8_GoTo_9|Start:No Error
102655:D_8_GoTo_9|Start:No Error
102655:A_8_GoTo_9|Start:No Error
102655:A_8_GoTo_9|Done:No Error
102655:B_8_GoTo_9|Start:No Error
102655:D_8_GoTo_9|Done:No Error
102656:B_8_GoTo_9|Done:No Error
102656:C_8_GoTo_9|Start:No Error
102656:C_8_GoTo_9|Done:No Error
102656:S_8_GoTo_9|Finish:No Error
102657:S_10_GoTo_11|Start:No Error
102657:D_10_GoTo_11|Start:No Error
102657:A_10_GoTo_11|Start:No Error
102657:D_10_GoTo_11|Done:No Error
102658:A_10_GoTo_11|Done:No Error
102658:B_10_GoTo_11|Start:No Error
102658:B_10_GoTo_11|Done:No Error
102658:C_10_GoTo_11|Start:No Error
102658:C_10_GoTo_11|Done:No Error
102658:S_10_GoTo_11|Finish:No Error
102727:S_9_GoTo_10|Start:No Error
102727:D_9_GoTo_10|Start:No Error
102727:A_9_GoTo_10|Start:No Error
102727:A_9_GoTo_10|Done:No Error
102727:B_9_GoTo_10|Start:No Error
102727:D_9_GoTo_10|Done:No Error
102727:B_9_GoTo_10|Done:No Error
102727:C_9_GoTo_10|Start:No Error
102728:C_9_GoTo_10|Done:No Error
102728:S_9_GoTo_10|Finish:No Error
102813:S_11_GoTo_12|Start:No Error
102813:D_11_GoTo_12|Start:No Error
102813:A_11_GoTo_12|Start:No Error
102813:A_11_GoTo_12|Done:No Error
102813:B_11_GoTo_12|Start:No Error
102814:D_11_GoTo_12|Done:No Error
102814:B_11_GoTo_12|Done:No Error
102814:C_11_GoTo_12|Start:No Error
102814:C_11_GoTo_12|Done:No Error
102814:S_11_GoTo_12|Finish:No Error
102834:S_18_GoTo_19|Start:No Error
102834:D_18_GoTo_19|Start:No Error
102834:A_18_GoTo_19|Start:No Error
102834:A_18_GoTo_19|Done:No Error
102834:B_18_GoTo_19|Start:No Error
102834:D_18_GoTo_19|Done:No Error
102834:B_18_GoTo_19|Done:No Error
102834:C_18_GoTo_19|Start:No Error
102834:C_18_GoTo_19|Done:No Error
102834:S_18_GoTo_19|Finish:No Error
102838:S_12_GoTo_13|Start:No Error
102838:D_12_GoTo_13|Start:No Error
102838:A_12_GoTo_13|Start:No Error
102838:A_12_GoTo_13|Done:No Error
102838:B_12_GoTo_13|Start:No Error
102838:B_12_GoTo_13|Done:No Error
102838:C_12_GoTo_13|Start:No Error
102838:D_12_GoTo_13|Done:No Error
102839:C_12_GoTo_13|Done:No Error
102839:S_12_GoTo_13|Finish:No Error
102844:S_17_GoTo_18|Start:No Error
102844:D_17_GoTo_18|Start:No Error
102844:A_17_GoTo_18|Start:No Error
102844:A_17_GoTo_18|Done:No Error
102844:B_17_GoTo_18|Start:No Error
102844:D_17_GoTo_18|Done:No Error
102844:B_17_GoTo_18|Done:No Error
102844:C_17_GoTo_18|Start:No Error
102845:C_17_GoTo_18|Done:No Error
102845:S_17_GoTo_18|Finish:No Error
102854:S_13_GoTo_16|Start:No Error
102854:D_13_GoTo_16|Start:No Error
102854:A_13_GoTo_16|Start:No Error
102854:A_13_GoTo_16|Done:No Error
102854:B_13_GoTo_16|Start:No Error
102854:D_13_GoTo_16|Done:No Error
102854:B_13_GoTo_16|Done:No Error
102854:C_13_GoTo_16|Start:No Error
102854:C_13_GoTo_16|Done:No Error
102854:S_13_GoTo_16|Finish:No Error
102913:S_16_GoTo_17|Start:No Error
102913:D_16_GoTo_17|Start:No Error
102913:A_16_GoTo_17|Start:No Error
102913:A_16_GoTo_17|Done:No Error
102913:B_16_GoTo_17|Start:No Error
102913:D_16_GoTo_17|Done:No Error
102913:B_16_GoTo_17|Done:No Error
102913:C_16_GoTo_17|Start:No Error
102913:C_16_GoTo_17|Done:No Error
102913:S_16_GoTo_17|Finish:No Error
102918:S_19_GoTo_20|Start:No Error
102918:D_19_GoTo_20|Start:No Error
102918:A_19_GoTo_20|Start:No Error
102918:A_19_GoTo_20|Done:No Error
102918:B_19_GoTo_20|Start:No Error
102918:D_19_GoTo_20|Done:No Error
102918:B_19_GoTo_20|Done:No Error
102918:C_19_GoTo_20|Start:No Error
102919:C_19_GoTo_20|Done:No Error
102919:S_19_GoTo_20|Finish:No Error
102923:S_10_GoTo_11|Start:No Error
102923:D_10_GoTo_11|Start:No Error
102923:A_10_GoTo_11|Start:No Error
102923:D_10_GoTo_11|Done:No Error
102923:A_10_GoTo_11|Done:No Error
102923:B_10_GoTo_11|Start:No Error
102923:B_10_GoTo_11|Done:No Error
102923:C_10_GoTo_11|Start:No Error
102923:C_10_GoTo_11|Done:No Error
102923:S_10_GoTo_11|Finish:No Error
102925:S_20_GoTo_22|Start:No Error
102925:D_20_GoTo_22|Start:No Error
102925:A_20_GoTo_22|Start:No Error
102925:D_20_GoTo_22|Done:No Error
102925:A_20_GoTo_22|Done:No Error
102925:B_20_GoTo_22|Start:No Error
102925:B_20_GoTo_22|Done:No Error
102925:C_20_GoTo_22|Start:No Error
102926:C_20_GoTo_22|Done:No Error
102926:S_20_GoTo_22|Finish:No Error
102934:S_18_GoTo_19|Start:No Error
102934:D_18_GoTo_19|Start:No Error
102934:A_18_GoTo_19|Start:No Error
102934:A_18_GoTo_19|Done:No Error
102934:B_18_GoTo_19|Start:No Error
102934:D_18_GoTo_19|Done:No Error
102935:B_18_GoTo_19|Done:No Error
102935:C_18_GoTo_19|Start:No Error
102935:C_18_GoTo_19|Done:No Error
102935:S_18_GoTo_19|Finish:No Error
102946:S_22_GoTo_21|Start:No Error
102946:D_22_GoTo_21|Start:No Error
102946:A_22_GoTo_21|Start:No Error
102946:D_22_GoTo_21|Done:No Error
102946:A_22_GoTo_21|Done:No Error
102946:B_22_GoTo_21|Start:No Error
102946:B_22_GoTo_21|Done:No Error
102946:C_22_GoTo_21|Start:No Error
102946:C_22_GoTo_21|Done:No Error
102946:S_22_GoTo_21|Finish:No Error
102955:S_21_GoTo_FINISH|Start:No Error
102955:D_21_GoTo_FINISH|Start:No Error
102955:A_21_GoTo_FINISH|Start:No Error
102955:A_21_GoTo_FINISH|Done:No Error
102955:B_21_GoTo_FINISH|Start:No Error
102955:B_FINISH_NA_NA:No Error
102955:B_21_GoTo_FINISH|Done:No Error
102955:C_21_GoTo_FINISH|Start:No Error
102955:D_21_GoTo_FINISH|Done:No Error
102955:C_21_GoTo_FINISH|Done:No Error
102955:S_21_GoTo_FINISH|Finish:No Error
103003:S_11_GoTo_12|Start:No Error
103003:D_11_GoTo_12|Start:No Error
103003:A_11_GoTo_12|Start:No Error
103004:A_11_GoTo_12|Done:No Error
103004:B_11_GoTo_12|Start:No Error
103004:B_11_GoTo_12|Done:No Error
103004:C_11_GoTo_12|Start:No Error
103004:D_11_GoTo_12|Done:No Error
103004:C_11_GoTo_12|Done:No Error
103004:S_11_GoTo_12|Finish:No Error
103023:S_12_GoTo_13|Start:No Error
103023:D_12_GoTo_13|Start:No Error
103023:A_12_GoTo_13|Start:No Error
103023:A_12_GoTo_13|Done:No Error
103023:B_12_GoTo_13|Start:No Error
103023:D_12_GoTo_13|Done:No Error
103023:B_12_GoTo_13|Done:No Error
103023:C_12_GoTo_13|Start:No Error
103024:C_12_GoTo_13|Done:No Error
103024:S_12_GoTo_13|Finish:No Error
103047:S_17_GoTo_18|Start:No Error
103047:D_17_GoTo_18|Start:No Error
103047:A_17_GoTo_18|Start:No Error
103048:A_17_GoTo_18|Done:No Error
103048:B_17_GoTo_18|Start:No Error
103048:B_17_GoTo_18|Done:No Error
103048:C_17_GoTo_18|Start:No Error
103048:D_17_GoTo_18|Done:No Error
103048:C_17_GoTo_18|Done:No Error
103048:S_17_GoTo_18|Finish:No Error
103110:S_18_GoTo_19|Start:No Error
103110:D_18_GoTo_19|Start:No Error
103110:A_18_GoTo_19|Start:No Error
103110:D_18_GoTo_19|Done:No Error
103137:S_13_GoTo_16|Start:No Error
103137:D_13_GoTo_16|Start:No Error
103137:A_13_GoTo_16|Start:No Error
103137:A_13_GoTo_16|Done:No Error
103137:B_13_GoTo_16|Start:No Error
103138:B_13_GoTo_16|Done:No Error
103138:C_13_GoTo_16|Start:No Error
103138:D_13_GoTo_16|Done:No Error
103138:S_19_GoTo_20|Start:No Error
103138:D_19_GoTo_20|Start:No Error
103138:A_19_GoTo_20|Start:No Error
103138:A_19_GoTo_20|Done:No Error
103138:B_19_GoTo_20|Start:No Error
103139:C_13_GoTo_16|Done:No Error
103139:S_13_GoTo_16|Finish:No Error
103139:B_19_GoTo_20|Done:No Error
103139:C_19_GoTo_20|Start:No Error
103139:D_19_GoTo_20|Done:No Error
103139:A_18_GoTo_19|Done:No Error
103139:C_19_GoTo_20|Done:No Error
103139:B_18_GoTo_19|Start:No Error
103139:S_19_GoTo_20|Finish:No Error
103140:B_18_GoTo_19|Done:No Error
103140:C_18_GoTo_19|Start:No Error
103140:C_18_GoTo_19|Done:No Error
103140:S_18_GoTo_19|Finish:No Error
103144:S_20_GoTo_22|Start:No Error
103144:D_20_GoTo_22|Start:No Error
103144:A_20_GoTo_22|Start:No Error
103144:D_20_GoTo_22|Done:No Error
103144:A_20_GoTo_22|Done:No Error
103144:B_20_GoTo_22|Start:No Error
103144:B_20_GoTo_22|Done:No Error
103144:C_20_GoTo_22|Start:No Error
103145:C_20_GoTo_22|Done:No Error
103145:S_20_GoTo_22|Finish:No Error
103149:S_22_GoTo_21|Start:No Error
103149:D_22_GoTo_21|Start:No Error
103149:A_22_GoTo_21|Start:No Error
103149:D_22_GoTo_21|Done:No Error
103149:A_22_GoTo_21|Done:No Error
103149:B_22_GoTo_21|Start:No Error
103149:B_22_GoTo_21|Done:No Error
103149:C_22_GoTo_21|Start:No Error
103149:C_22_GoTo_21|Done:No Error
103149:S_22_GoTo_21|Finish:No Error
103155:S_21_GoTo_FINISH|Start:No Error
103155:D_21_GoTo_FINISH|Start:No Error
103155:A_21_GoTo_FINISH|Start:No Error
103155:A_21_GoTo_FINISH|Done:No Error
103155:B_21_GoTo_FINISH|Start:No Error
103155:B_FINISH_NA_NA:No Error
103155:B_21_GoTo_FINISH|Done:No Error
103155:C_21_GoTo_FINISH|Start:No Error
103155:D_21_GoTo_FINISH|Done:No Error
103155:C_21_GoTo_FINISH|Done:No Error
103155:S_21_GoTo_FINISH|Finish:No Error
103207:S_16_GoTo_17|Start:No Error
103207:D_16_GoTo_17|Start:No Error
103207:A_16_GoTo_17|Start:No Error
103207:A_16_GoTo_17|Done:No Error
103207:B_16_GoTo_17|Start:No Error
103207:B_16_GoTo_17|Done:No Error
103207:C_16_GoTo_17|Start:No Error
103207:D_16_GoTo_17|Done:No Error
103208:C_16_GoTo_17|Done:No Error
103208:S_16_GoTo_17|Finish:No Error
103346:S_19_GoTo_20|Start:No Error
103346:D_19_GoTo_20|Start:No Error
103346:A_19_GoTo_20|Start:No Error
103346:A_19_GoTo_20|Done:No Error
103346:B_19_GoTo_20|Start:No Error
103346:D_19_GoTo_20|Done:No Error
103347:B_19_GoTo_20|Done:No Error
103347:C_19_GoTo_20|Start:No Error
103347:C_19_GoTo_20|Done:No Error
103347:S_19_GoTo_20|Finish:No Error
103359:S_17_GoTo_18|Start:No Error
103359:D_17_GoTo_18|Start:No Error
103359:A_17_GoTo_18|Start:No Error
103400:A_17_GoTo_18|Done:No Error
103400:B_17_GoTo_18|Start:No Error
103400:B_17_GoTo_18|Done:No Error
103400:C_17_GoTo_18|Start:No Error
103400:D_17_GoTo_18|Done:No Error
103400:C_17_GoTo_18|Done:No Error
103400:S_17_GoTo_18|Finish:No Error
103409:S_18_GoTo_19|Start:No Error
103409:D_18_GoTo_19|Start:No Error
103409:A_18_GoTo_19|Start:No Error
103409:S_20_GoTo_22|Start:No Error
103409:D_20_GoTo_22|Start:No Error
103409:A_20_GoTo_22|Start:No Error
103409:D_20_GoTo_22|Done:No Error
103409:A_18_GoTo_19|Done:No Error
103409:B_18_GoTo_19|Start:No Error
103409:A_20_GoTo_22|Done:No Error
103409:B_20_GoTo_22|Start:No Error
103409:B_18_GoTo_19|Done:No Error
103409:C_18_GoTo_19|Start:No Error
103409:D_18_GoTo_19|Done:No Error
103410:C_18_GoTo_19|Done:No Error
103410:B_20_GoTo_22|Done:No Error
103410:S_18_GoTo_19|Finish:No Error
103410:C_20_GoTo_22|Start:No Error
103410:C_20_GoTo_22|Done:No Error
103410:S_20_GoTo_22|Finish:No Error
103418:S_22_GoTo_21|Start:No Error
103418:D_22_GoTo_21|Start:No Error
103418:A_22_GoTo_21|Start:No Error
103418:D_22_GoTo_21|Done:No Error
103418:A_22_GoTo_21|Done:No Error
103418:B_22_GoTo_21|Start:No Error
103418:B_22_GoTo_21|Done:No Error
103418:C_22_GoTo_21|Start:No Error
103419:C_22_GoTo_21|Done:No Error
103419:S_22_GoTo_21|Finish:No Error
103423:S_21_GoTo_FINISH|Start:No Error
103423:D_21_GoTo_FINISH|Start:No Error
103423:A_21_GoTo_FINISH|Start:No Error
103423:A_21_GoTo_FINISH|Done:No Error
103423:B_21_GoTo_FINISH|Start:No Error
103423:B_FINISH_NA_NA:No Error
103423:B_21_GoTo_FINISH|Done:No Error
103423:C_21_GoTo_FINISH|Start:No Error
103423:D_21_GoTo_FINISH|Done:No Error
103423:C_21_GoTo_FINISH|Done:No Error
103423:S_21_GoTo_FINISH|Finish:No Error
103458:S_19_GoTo_20|Start:No Error
103458:D_19_GoTo_20|Start:No Error
103458:A_19_GoTo_20|Start:No Error
103458:A_19_GoTo_20|Done:No Error
103458:B_19_GoTo_20|Start:No Error
103458:B_19_GoTo_20|Done:No Error
103458:C_19_GoTo_20|Start:No Error
103458:D_19_GoTo_20|Done:No Error
103459:C_19_GoTo_20|Done:No Error
103459:S_19_GoTo_20|Finish:No Error
103503:S_20_GoTo_22|Start:No Error
103503:D_20_GoTo_22|Start:No Error
103503:A_20_GoTo_22|Start:No Error
103503:D_20_GoTo_22|Done:No Error
103503:A_20_GoTo_22|Done:No Error
103503:B_20_GoTo_22|Start:No Error
103503:B_20_GoTo_22|Done:No Error
103503:C_20_GoTo_22|Start:No Error
103503:C_20_GoTo_22|Done:No Error
103503:S_20_GoTo_22|Finish:No Error
103508:S_22_GoTo_21|Start:No Error
103508:D_22_GoTo_21|Start:No Error
103508:A_22_GoTo_21|Start:No Error
103508:D_22_GoTo_21|Done:No Error
103508:A_22_GoTo_21|Done:No Error
103508:B_22_GoTo_21|Start:No Error
103509:B_22_GoTo_21|Done:No Error
103509:C_22_GoTo_21|Start:No Error
103509:C_22_GoTo_21|Done:No Error
103509:S_22_GoTo_21|Finish:No Error
103513:S_21_GoTo_FINISH|Start:No Error
103513:D_21_GoTo_FINISH|Start:No Error
103513:A_21_GoTo_FINISH|Start:No Error
103513:A_21_GoTo_FINISH|Done:No Error
103513:B_21_GoTo_FINISH|Start:No Error
103513:B_FINISH_NA_NA:No Error
103513:B_21_GoTo_FINISH|Done:No Error
103513:C_21_GoTo_FINISH|Start:No Error
103513:D_21_GoTo_FINISH|Done:No Error
103513:C_21_GoTo_FINISH|Done:No Error
103513:S_21_GoTo_FINISH|Finish:No Error
103558:S_3_GoTo_5|Start:No Error
103558:D_3_GoTo_5|Start:No Error
103558:A_3_GoTo_5|Start:No Error
103558:A_3_GoTo_5|Done:No Error
103558:B_3_GoTo_5|Start:No Error
103559:D_3_GoTo_5|Done:No Error
103559:B_3_GoTo_5|Done:No Error
103559:C_3_GoTo_5|Start:No Error
103600:C_3_GoTo_5|Done:No Error
103600:S_3_GoTo_5|Finish:No Error
103615:S_5_GoTo_6|Start:No Error
103615:A_5_GoTo_6|Start:No Error
103615:D_5_GoTo_6|Start:No Error
103615:A_5_GoTo_6|Done:No Error
103615:B_5_GoTo_6|Start:No Error
103615:B_5_GoTo_6|Done:No Error
103615:C_5_GoTo_6|Start:No Error
103615:D_5_GoTo_6|Done:No Error
103616:C_5_GoTo_6|Done:No Error
103616:S_5_GoTo_6|Finish:No Error
103617:D_3_GoTo_5|Start:No Error
103617:A_3_GoTo_5|Start:No Error
103617:S_3_GoTo_5|Start:No Error
103617:A_3_GoTo_5|Done:No Error
103617:B_3_GoTo_5|Start:No Error
103618:D_3_GoTo_5|Done:No Error
103618:B_3_GoTo_5|Done:No Error
103618:C_3_GoTo_5|Start:No Error
103619:C_3_GoTo_5|Done:No Error
103619:S_3_GoTo_5|Finish:No Error
103627:S_6_GoTo_7|Start:No Error
103627:D_6_GoTo_7|Start:No Error
103627:A_6_GoTo_7|Start:No Error
103627:D_6_GoTo_7|Done:No Error
103628:A_6_GoTo_7|Done:No Error
103628:B_6_GoTo_7|Start:No Error
103628:B_6_GoTo_7|Done:No Error
103628:C_6_GoTo_7|Start:No Error
103628:C_6_GoTo_7|Done:No Error
103628:S_6_GoTo_7|Finish:No Error
103634:S_5_GoTo_6|Start:No Error
103634:D_5_GoTo_6|Start:No Error
103634:A_5_GoTo_6|Start:No Error
103634:A_5_GoTo_6|Done:No Error
103634:B_5_GoTo_6|Start:No Error
103635:D_5_GoTo_6|Done:No Error
103635:B_5_GoTo_6|Done:No Error
103635:C_5_GoTo_6|Start:No Error
103636:C_5_GoTo_6|Done:No Error
103636:S_5_GoTo_6|Finish:No Error
103643:S_6_GoTo_7|Start:No Error
103643:D_6_GoTo_7|Start:No Error
103643:A_6_GoTo_7|Start:No Error
103643:D_6_GoTo_7|Done:No Error
103649:S_7_GoTo_8|Start:No Error
103649:D_7_GoTo_8|Start:No Error
103649:A_7_GoTo_8|Start:No Error
103649:A_7_GoTo_8|Done:No Error
103649:B_7_GoTo_8|Start:No Error
103649:B_7_GoTo_8|Done:No Error
103649:C_7_GoTo_8|Start:No Error
103649:D_7_GoTo_8|Done:No Error
103649:A_6_GoTo_7|Done:No Error
103649:C_7_GoTo_8|Done:No Error
103649:B_6_GoTo_7|Start:No Error
103649:S_7_GoTo_8|Finish:No Error
103650:B_6_GoTo_7|Done:No Error
103650:C_6_GoTo_7|Start:No Error
103650:C_6_GoTo_7|Done:No Error
103650:S_6_GoTo_7|Finish:No Error
103657:S_8_GoTo_9|Start:No Error
103657:A_8_GoTo_9|Start:No Error
103657:D_8_GoTo_9|Start:No Error
103657:A_8_GoTo_9|Done:No Error
103657:B_8_GoTo_9|Start:No Error
103658:B_8_GoTo_9|Done:No Error
103658:C_8_GoTo_9|Start:No Error
103658:D_8_GoTo_9|Done:No Error
103658:C_8_GoTo_9|Done:No Error
103658:S_8_GoTo_9|Finish:No Error
103706:S_3_GoTo_5|Start:No Error
103706:D_3_GoTo_5|Start:No Error
103706:A_3_GoTo_5|Start:No Error
103706:A_3_GoTo_5|Done:No Error
103706:B_3_GoTo_5|Start:No Error
103707:D_3_GoTo_5|Done:No Error
103707:B_3_GoTo_5|Done:No Error
103707:C_3_GoTo_5|Start:No Error
103708:S_7_GoTo_8|Start:No Error
103708:D_7_GoTo_8|Start:No Error
103708:A_7_GoTo_8|Start:No Error
103708:A_7_GoTo_8|Done:No Error
103708:B_7_GoTo_8|Start:No Error
103708:B_7_GoTo_8|Done:No Error
103708:C_7_GoTo_8|Start:No Error
103708:C_3_GoTo_5|Done:No Error
103708:S_3_GoTo_5|Finish:No Error
103708:D_7_GoTo_8|Done:No Error
103709:C_7_GoTo_8|Done:No Error
103709:S_7_GoTo_8|Finish:No Error
103720:S_8_GoTo_9|Start:No Error
103720:D_8_GoTo_9|Start:No Error
103720:A_8_GoTo_9|Start:No Error
103722:D_8_GoTo_9|Done:No Error
103732:S_9_GoTo_10|Start:No Error
103732:A_9_GoTo_10|Start:No Error
103732:D_9_GoTo_10|Start:No Error
103732:A_9_GoTo_10|Done:No Error
103732:B_9_GoTo_10|Start:No Error
103733:B_9_GoTo_10|Done:No Error
103733:C_9_GoTo_10|Start:No Error
103733:D_9_GoTo_10|Done:No Error
103733:S_5_GoTo_6|Start:No Error
103733:D_5_GoTo_6|Start:No Error
103733:A_5_GoTo_6|Start:No Error
103733:A_5_GoTo_6|Done:No Error
103733:B_5_GoTo_6|Start:No Error
103734:A_8_GoTo_9|Done:No Error
103734:C_9_GoTo_10|Done:No Error
103734:B_8_GoTo_9|Start:No Error
103734:S_9_GoTo_10|Finish:No Error
103734:B_5_GoTo_6|Done:No Error
103734:C_5_GoTo_6|Start:No Error
103734:D_5_GoTo_6|Done:No Error
103735:B_8_GoTo_9|Done:No Error
103735:C_8_GoTo_9|Start:No Error
103735:C_5_GoTo_6|Done:No Error
103735:S_5_GoTo_6|Finish:No Error
103735:C_8_GoTo_9|Done:No Error
103735:S_8_GoTo_9|Finish:No Error
103738:S_6_GoTo_7|Start:No Error
103738:D_6_GoTo_7|Start:No Error
103738:A_6_GoTo_7|Start:No Error
103738:D_6_GoTo_7|Done:No Error
103738:A_6_GoTo_7|Done:No Error
103738:B_6_GoTo_7|Start:No Error
103738:B_6_GoTo_7|Done:No Error
103738:C_6_GoTo_7|Start:No Error
103738:S_10_GoTo_11|Start:No Error
103738:D_10_GoTo_11|Start:No Error
103738:A_10_GoTo_11|Start:No Error
103738:D_10_GoTo_11|Done:No Error
103738:A_10_GoTo_11|Done:No Error
103738:B_10_GoTo_11|Start:No Error
103739:B_10_GoTo_11|Done:No Error
103739:C_6_GoTo_7|Done:No Error
103739:C_10_GoTo_11|Start:No Error
103739:S_6_GoTo_7|Finish:No Error
103739:C_10_GoTo_11|Done:No Error
103739:S_10_GoTo_11|Finish:No Error
103755:S_7_GoTo_8|Start:No Error
103755:D_7_GoTo_8|Start:No Error
103755:A_7_GoTo_8|Start:No Error
103755:A_7_GoTo_8|Done:No Error
103755:B_7_GoTo_8|Start:No Error
103756:B_7_GoTo_8|Done:No Error
103756:C_7_GoTo_8|Start:No Error
103756:D_7_GoTo_8|Done:No Error
103756:C_7_GoTo_8|Done:No Error
103756:S_7_GoTo_8|Finish:No Error
103802:S_8_GoTo_9|Start:No Error
103802:D_8_GoTo_9|Start:No Error
103802:A_8_GoTo_9|Start:No Error
103803:D_8_GoTo_9|Done:No Error
103807:S_11_GoTo_12|Start:No Error
103807:A_11_GoTo_12|Start:No Error
103807:D_11_GoTo_12|Start:No Error
103807:A_11_GoTo_12|Done:No Error
103807:B_11_GoTo_12|Start:No Error
103808:B_11_GoTo_12|Done:No Error
103808:C_11_GoTo_12|Start:No Error
103808:D_11_GoTo_12|Done:No Error
103808:C_11_GoTo_12|Done:No Error
103808:S_11_GoTo_12|Finish:No Error
103810:S_9_GoTo_10|Start:No Error
103810:D_9_GoTo_10|Start:No Error
103810:A_9_GoTo_10|Start:No Error
103810:A_9_GoTo_10|Done:No Error
103810:B_9_GoTo_10|Start:No Error
103811:B_9_GoTo_10|Done:No Error
103811:C_9_GoTo_10|Start:No Error
103811:D_9_GoTo_10|Done:No Error
103811:A_8_GoTo_9|Done:No Error
103811:B_8_GoTo_9|Start:No Error
103811:C_9_GoTo_10|Done:No Error
103811:S_9_GoTo_10|Finish:No Error
103812:B_8_GoTo_9|Done:No Error
103812:C_8_GoTo_9|Start:No Error
103812:C_8_GoTo_9|Done:No Error
103812:S_8_GoTo_9|Finish:No Error
103813:S_10_GoTo_11|Start:No Error
103813:D_10_GoTo_11|Start:No Error
103813:A_10_GoTo_11|Start:No Error
103813:D_10_GoTo_11|Done:No Error
103813:A_10_GoTo_11|Done:No Error
103813:B_10_GoTo_11|Start:No Error
103813:B_10_GoTo_11|Done:No Error
103813:C_10_GoTo_11|Start:No Error
103814:C_10_GoTo_11|Done:No Error
103814:S_10_GoTo_11|Finish:No Error
103820:S_11_GoTo_12|Start:No Error
103820:D_11_GoTo_12|Start:No Error
103820:A_11_GoTo_12|Start:No Error
103821:D_11_GoTo_12|Done:No Error
103827:S_12_GoTo_13|Start:No Error
103827:D_12_GoTo_13|Start:No Error
103827:A_12_GoTo_13|Start:No Error
103827:A_12_GoTo_13|Done:No Error
103827:B_12_GoTo_13|Start:No Error
103827:B_12_GoTo_13|Done:No Error
103827:C_12_GoTo_13|Start:No Error
103827:D_12_GoTo_13|Done:No Error
103828:A_11_GoTo_12|Done:No Error
103828:B_11_GoTo_12|Start:No Error
103828:C_12_GoTo_13|Done:No Error
103828:S_12_GoTo_13|Finish:No Error
103829:B_11_GoTo_12|Done:No Error
103829:C_11_GoTo_12|Start:No Error
103829:C_11_GoTo_12|Done:No Error
103829:S_11_GoTo_12|Finish:No Error
103839:S_9_GoTo_10|Start:No Error
103839:D_9_GoTo_10|Start:No Error
103839:A_9_GoTo_10|Start:No Error
103839:A_9_GoTo_10|Done:No Error
103839:B_9_GoTo_10|Start:No Error
103840:B_9_GoTo_10|Done:No Error
103840:C_9_GoTo_10|Start:No Error
103840:D_9_GoTo_10|Done:No Error
103840:C_9_GoTo_10|Done:No Error
103840:S_9_GoTo_10|Finish:No Error
103842:S_13_GoTo_16|Start:No Error
103842:D_13_GoTo_16|Start:No Error
103842:A_13_GoTo_16|Start:No Error
103842:A_13_GoTo_16|Done:No Error
103842:B_13_GoTo_16|Start:No Error
103842:S_10_GoTo_11|Start:No Error
103842:D_10_GoTo_11|Start:No Error
103842:A_10_GoTo_11|Start:No Error
103842:D_10_GoTo_11|Done:No Error
103842:A_10_GoTo_11|Done:No Error
103842:B_10_GoTo_11|Start:No Error
103842:B_13_GoTo_16|Done:No Error
103842:C_13_GoTo_16|Start:No Error
103842:B_10_GoTo_11|Done:No Error
103842:C_10_GoTo_11|Start:No Error
103842:D_13_GoTo_16|Done:No Error
103843:C_13_GoTo_16|Done:No Error
103843:S_13_GoTo_16|Finish:No Error
103843:C_10_GoTo_11|Done:No Error
103843:S_10_GoTo_11|Finish:No Error
103848:S_11_GoTo_12|Start:No Error
103848:A_11_GoTo_12|Start:No Error
103848:D_11_GoTo_12|Start:No Error
103849:D_11_GoTo_12|Done:No Error
103856:S_12_GoTo_13|Start:No Error
103856:D_12_GoTo_13|Start:No Error
103856:A_12_GoTo_13|Start:No Error
103856:A_12_GoTo_13|Done:No Error
103856:B_12_GoTo_13|Start:No Error
103856:D_12_GoTo_13|Done:No Error
103857:B_12_GoTo_13|Done:No Error
103857:C_12_GoTo_13|Start:No Error
103857:A_11_GoTo_12|Done:No Error
103857:B_11_GoTo_12|Start:No Error
103857:C_12_GoTo_13|Done:No Error
103857:S_12_GoTo_13|Finish:No Error
103905:B_11_GoTo_12|Done:No Error
103905:C_11_GoTo_12|Start:No Error
103906:C_11_GoTo_12|Done:No Error
103906:S_11_GoTo_12|Finish:No Error
103928:S_16_GoTo_17|Start:No Error
103928:A_16_GoTo_17|Start:No Error
103928:D_16_GoTo_17|Start:No Error
103928:A_16_GoTo_17|Done:No Error
103928:B_16_GoTo_17|Start:No Error
103929:B_16_GoTo_17|Done:No Error
103929:C_16_GoTo_17|Start:No Error
103929:D_16_GoTo_17|Done:No Error
103930:C_16_GoTo_17|Done:No Error
103930:S_16_GoTo_17|Finish:No Error
103943:S_13_GoTo_16|Start:No Error
103943:D_13_GoTo_16|Start:No Error
103943:A_13_GoTo_16|Start:No Error
103943:A_13_GoTo_16|Done:No Error
103943:B_13_GoTo_16|Start:No Error
103943:B_13_GoTo_16|Done:No Error
103943:C_13_GoTo_16|Start:No Error
103943:D_13_GoTo_16|Done:No Error
103944:C_13_GoTo_16|Done:No Error
103944:S_13_GoTo_16|Finish:No Error
103950:S_12_GoTo_13|Start:No Error
103950:D_12_GoTo_13|Start:No Error
103950:A_12_GoTo_13|Start:No Error
103950:A_12_GoTo_13|Done:No Error
103950:B_12_GoTo_13|Start:No Error
103951:B_12_GoTo_13|Done:No Error
103951:C_12_GoTo_13|Start:No Error
103951:D_12_GoTo_13|Done:No Error
103951:C_12_GoTo_13|Done:No Error
103951:S_12_GoTo_13|Finish:No Error
103957:S_17_GoTo_18|Start:No Error
103957:A_17_GoTo_18|Start:No Error
103957:D_17_GoTo_18|Start:No Error
103957:A_17_GoTo_18|Done:No Error
103957:B_17_GoTo_18|Start:No Error
103957:D_17_GoTo_18|Done:No Error
103958:B_17_GoTo_18|Done:No Error
103958:C_17_GoTo_18|Start:No Error
103959:C_17_GoTo_18|Done:No Error
103959:S_17_GoTo_18|Finish:No Error
104003:S_13_GoTo_16|Start:No Error
104003:D_13_GoTo_16|Start:No Error
104003:A_13_GoTo_16|Start:No Error
104004:D_13_GoTo_16|Done:No Error
104007:S_16_GoTo_17|Start:No Error
104007:D_16_GoTo_17|Start:No Error
104007:A_16_GoTo_17|Start:No Error
104007:A_16_GoTo_17|Done:No Error
104007:B_16_GoTo_17|Start:No Error
104008:B_16_GoTo_17|Done:No Error
104008:C_16_GoTo_17|Start:No Error
104008:D_16_GoTo_17|Done:No Error
104008:A_13_GoTo_16|Done:No Error
104008:C_16_GoTo_17|Done:No Error
104008:B_13_GoTo_16|Start:No Error
104008:S_16_GoTo_17|Finish:No Error
104009:B_13_GoTo_16|Done:No Error
104009:C_13_GoTo_16|Start:No Error
104009:C_13_GoTo_16|Done:No Error
104009:S_13_GoTo_16|Finish:No Error
104010:S_18_GoTo_19|Start:No Error
104010:D_18_GoTo_19|Start:No Error
104010:A_18_GoTo_19|Start:No Error
104010:A_18_GoTo_19|Done:No Error
104010:B_18_GoTo_19|Start:No Error
104011:B_18_GoTo_19|Done:No Error
104011:C_18_GoTo_19|Start:No Error
104011:D_18_GoTo_19|Done:No Error
104011:C_18_GoTo_19|Done:No Error
104011:S_18_GoTo_19|Finish:No Error
104014:S_17_GoTo_18|Start:No Error
104014:D_17_GoTo_18|Start:No Error
104014:A_17_GoTo_18|Start:No Error
104014:A_17_GoTo_18|Done:No Error
104014:B_17_GoTo_18|Start:No Error
104014:D_17_GoTo_18|Done:No Error
104014:B_17_GoTo_18|Done:No Error
104014:C_17_GoTo_18|Start:No Error
104015:C_17_GoTo_18|Done:No Error
104015:S_17_GoTo_18|Finish:No Error
104022:S_16_GoTo_17|Start:No Error
104022:D_16_GoTo_17|Start:No Error
104022:A_16_GoTo_17|Start:No Error
104022:A_16_GoTo_17|Done:No Error
104022:B_16_GoTo_17|Start:No Error
104023:B_16_GoTo_17|Done:No Error
104023:C_16_GoTo_17|Start:No Error
104023:D_16_GoTo_17|Done:No Error
104023:C_16_GoTo_17|Done:No Error
104023:S_16_GoTo_17|Finish:No Error
104037:S_17_GoTo_18|Start:No Error
104037:D_17_GoTo_18|Start:No Error
104037:A_17_GoTo_18|Start:No Error
104037:D_17_GoTo_18|Done:No Error
104038:S_19_GoTo_20|Start:No Error
104038:A_19_GoTo_20|Start:No Error
104038:D_19_GoTo_20|Start:No Error
104038:A_19_GoTo_20|Done:No Error
104038:B_19_GoTo_20|Start:No Error
104039:B_19_GoTo_20|Done:No Error
104039:C_19_GoTo_20|Start:No Error
104039:D_19_GoTo_20|Done:No Error
104039:C_19_GoTo_20|Done:No Error
104039:S_19_GoTo_20|Finish:No Error
104042:S_18_GoTo_19|Start:No Error
104042:D_18_GoTo_19|Start:No Error
104042:A_18_GoTo_19|Start:No Error
104042:A_18_GoTo_19|Done:No Error
104042:B_18_GoTo_19|Start:No Error
104042:B_18_GoTo_19|Done:No Error
104042:C_18_GoTo_19|Start:No Error
104042:D_18_GoTo_19|Done:No Error
104043:A_17_GoTo_18|Done:No Error
104043:C_18_GoTo_19|Done:No Error
104043:B_17_GoTo_18|Start:No Error
104043:S_18_GoTo_19|Finish:No Error
104043:B_17_GoTo_18|Done:No Error
104043:C_17_GoTo_18|Start:No Error
104044:C_17_GoTo_18|Done:No Error
104044:S_17_GoTo_18|Finish:No Error
104056:S_20_GoTo_22|Start:No Error
104056:A_20_GoTo_22|Start:No Error
104056:D_20_GoTo_22|Start:No Error
104056:D_20_GoTo_22|Done:No Error
104056:A_20_GoTo_22|Done:No Error
104056:B_20_GoTo_22|Start:No Error
104056:B_20_GoTo_22|Done:No Error
104056:C_20_GoTo_22|Start:No Error
104057:C_20_GoTo_22|Done:No Error
104057:S_20_GoTo_22|Finish:No Error
104057:S_18_GoTo_19|Start:No Error
104057:D_18_GoTo_19|Start:No Error
104057:A_18_GoTo_19|Start:No Error
104058:D_18_GoTo_19|Done:No Error
104104:S_22_GoTo_21|Start:No Error
104104:D_22_GoTo_21|Start:No Error
104104:A_22_GoTo_21|Start:No Error
104104:D_22_GoTo_21|Done:No Error
104104:A_22_GoTo_21|Done:No Error
104104:B_22_GoTo_21|Start:No Error
104105:B_22_GoTo_21|Done:No Error
104105:C_22_GoTo_21|Start:No Error
104105:C_22_GoTo_21|Done:No Error
104105:S_22_GoTo_21|Finish:No Error
104110:S_21_GoTo_FINISH|Start:No Error
104110:A_21_GoTo_FINISH|Start:No Error
104110:D_21_GoTo_FINISH|Start:No Error
104110:A_21_GoTo_FINISH|Done:No Error
104110:B_21_GoTo_FINISH|Start:No Error
104110:B_FINISH_NA_NA:No Error
104110:B_21_GoTo_FINISH|Done:No Error
104110:C_21_GoTo_FINISH|Start:No Error
104110:D_21_GoTo_FINISH|Done:No Error
104110:C_21_GoTo_FINISH|Done:No Error
104110:S_21_GoTo_FINISH|Finish:No Error
104112:S_19_GoTo_20|Start:No Error
104112:A_19_GoTo_20|Start:No Error
104112:D_19_GoTo_20|Start:No Error
104112:A_19_GoTo_20|Done:No Error
104112:B_19_GoTo_20|Start:No Error
104113:D_19_GoTo_20|Done:No Error
104113:B_19_GoTo_20|Done:No Error
104113:C_19_GoTo_20|Start:No Error
104113:A_18_GoTo_19|Done:No Error
104113:C_19_GoTo_20|Done:No Error
104113:B_18_GoTo_19|Start:No Error
104113:S_19_GoTo_20|Finish:No Error
104114:B_18_GoTo_19|Done:No Error
104114:C_18_GoTo_19|Start:No Error
104114:C_18_GoTo_19|Done:No Error
104114:S_18_GoTo_19|Finish:No Error
104117:S_20_GoTo_22|Start:No Error
104117:D_20_GoTo_22|Start:No Error
104117:A_20_GoTo_22|Start:No Error
104117:D_20_GoTo_22|Done:No Error
104117:A_20_GoTo_22|Done:No Error
104117:B_20_GoTo_22|Start:No Error
104118:B_20_GoTo_22|Done:No Error
104118:C_20_GoTo_22|Start:No Error
104118:C_20_GoTo_22|Done:No Error
104118:S_20_GoTo_22|Finish:No Error
104121:S_22_GoTo_21|Start:No Error
104121:D_22_GoTo_21|Start:No Error
104121:A_22_GoTo_21|Start:No Error
104121:D_22_GoTo_21|Done:No Error
104121:A_22_GoTo_21|Done:No Error
104121:B_22_GoTo_21|Start:No Error
104122:B_22_GoTo_21|Done:No Error
104122:C_22_GoTo_21|Start:No Error
104122:C_22_GoTo_21|Done:No Error
104122:S_22_GoTo_21|Finish:No Error
104126:S_21_GoTo_FINISH|Start:No Error
104126:D_21_GoTo_FINISH|Start:No Error
104126:A_21_GoTo_FINISH|Start:No Error
104126:A_21_GoTo_FINISH|Done:No Error
104126:B_21_GoTo_FINISH|Start:No Error
104126:B_FINISH_NA_NA:No Error
104126:B_21_GoTo_FINISH|Done:No Error
104126:C_21_GoTo_FINISH|Start:No Error
104126:D_21_GoTo_FINISH|Done:No Error
104127:C_21_GoTo_FINISH|Done:No Error
104127:S_21_GoTo_FINISH|Finish:No Error
104129:S_19_GoTo_20|Start:No Error
104129:D_19_GoTo_20|Start:No Error
104129:A_19_GoTo_20|Start:No Error
104129:A_19_GoTo_20|Done:No Error
104129:B_19_GoTo_20|Start:No Error
104129:D_19_GoTo_20|Done:No Error
104129:B_19_GoTo_20|Done:No Error
104129:C_19_GoTo_20|Start:No Error
104130:C_19_GoTo_20|Done:No Error
104130:S_19_GoTo_20|Finish:No Error
104134:S_20_GoTo_22|Start:No Error
104134:D_20_GoTo_22|Start:No Error
104134:A_20_GoTo_22|Start:No Error
104134:D_20_GoTo_22|Done:No Error
104134:A_20_GoTo_22|Done:No Error
104134:B_20_GoTo_22|Start:No Error
104135:B_20_GoTo_22|Done:No Error
104135:C_20_GoTo_22|Start:No Error
104135:C_20_GoTo_22|Done:No Error
104135:S_20_GoTo_22|Finish:No Error
104137:S_22_GoTo_21|Start:No Error
104137:D_22_GoTo_21|Start:No Error
104137:A_22_GoTo_21|Start:No Error
104137:D_22_GoTo_21|Done:No Error
104137:A_22_GoTo_21|Done:No Error
104137:B_22_GoTo_21|Start:No Error
104137:B_22_GoTo_21|Done:No Error
104137:C_22_GoTo_21|Start:No Error
104138:C_22_GoTo_21|Done:No Error
104138:S_22_GoTo_21|Finish:No Error
104143:S_21_GoTo_FINISH|Start:No Error
104143:D_21_GoTo_FINISH|Start:No Error
104143:A_21_GoTo_FINISH|Start:No Error
104143:A_21_GoTo_FINISH|Done:No Error
104143:B_21_GoTo_FINISH|Start:No Error
104143:B_FINISH_NA_NA:No Error
104143:B_21_GoTo_FINISH|Done:No Error
104143:C_21_GoTo_FINISH|Start:No Error
104143:D_21_GoTo_FINISH|Done:No Error
104144:C_21_GoTo_FINISH|Done:No Error
104144:S_21_GoTo_FINISH|Finish:No Error
114911:S_3_GoTo_5|Start:No Error
114911:D_3_GoTo_5|Start:No Error
114911:A_3_GoTo_5|Start:No Error
114911:A_3_GoTo_5|Done:No Error
114911:B_3_GoTo_5|Start:No Error
114912:D_3_GoTo_5|Done:No Error
114912:B_3_GoTo_5|Done:No Error
114912:C_3_GoTo_5|Start:No Error
114912:C_3_GoTo_5|Done:No Error
114912:S_3_GoTo_5|Finish:No Error
114932:S_5_GoTo_6|Start:No Error
114932:D_5_GoTo_6|Start:No Error
114932:A_5_GoTo_6|Start:No Error
114932:A_5_GoTo_6|Done:No Error
114932:B_5_GoTo_6|Start:No Error
114933:B_5_GoTo_6|Done:No Error
114933:D_5_GoTo_6|Done:No Error
114933:C_5_GoTo_6|Start:No Error
114933:C_5_GoTo_6|Done:No Error
114933:S_5_GoTo_6|Finish:No Error
114940:S_6_GoTo_7|Start:No Error
114940:D_6_GoTo_7|Start:No Error
114940:A_6_GoTo_7|Start:No Error
114940:D_6_GoTo_7|Done:No Error
114941:A_6_GoTo_7|Done:No Error
114941:B_6_GoTo_7|Start:No Error
114941:B_6_GoTo_7|Done:No Error
114941:C_6_GoTo_7|Start:No Error
114941:C_6_GoTo_7|Done:No Error
114941:S_6_GoTo_7|Finish:No Error
115035:S_7_GoTo_8|Start:No Error
115035:D_7_GoTo_8|Start:No Error
115035:A_7_GoTo_8|Start:No Error
115035:A_7_GoTo_8|Done:No Error
115035:B_7_GoTo_8|Start:No Error
115035:D_7_GoTo_8|Done:No Error
115036:B_7_GoTo_8|Done:No Error
115036:C_7_GoTo_8|Start:No Error
115036:C_7_GoTo_8|Done:No Error
115036:S_7_GoTo_8|Finish:No Error
115123:S_8_GoTo_9|Start:No Error
115123:D_8_GoTo_9|Start:No Error
115123:A_8_GoTo_9|Start:No Error
115123:A_8_GoTo_9|Done:No Error
115123:B_8_GoTo_9|Start:No Error
115123:D_8_GoTo_9|Done:No Error
115123:B_8_GoTo_9|Done:No Error
115123:C_8_GoTo_9|Start:No Error
115124:C_8_GoTo_9|Done:No Error
115124:S_8_GoTo_9|Finish:No Error
115205:S_9_GoTo_10|Start:No Error
115205:D_9_GoTo_10|Start:No Error
115205:A_9_GoTo_10|Start:No Error
115205:A_9_GoTo_10|Done:No Error
115205:B_9_GoTo_10|Start:No Error
115205:D_9_GoTo_10|Done:No Error
115206:B_9_GoTo_10|Done:No Error
115206:C_9_GoTo_10|Start:No Error
115206:C_9_GoTo_10|Done:No Error
115206:S_9_GoTo_10|Finish:No Error
115211:S_10_GoTo_11|Start:No Error
115211:D_10_GoTo_11|Start:No Error
115211:A_10_GoTo_11|Start:No Error
115211:D_10_GoTo_11|Done:No Error
115211:A_10_GoTo_11|Done:No Error
115211:B_10_GoTo_11|Start:No Error
115211:B_10_GoTo_11|Done:No Error
115211:C_10_GoTo_11|Start:No Error
115211:C_10_GoTo_11|Done:No Error
115211:S_10_GoTo_11|Finish:No Error
115231:S_11_GoTo_12|Start:No Error
115231:A_11_GoTo_12|Start:No Error
115231:D_11_GoTo_12|Start:No Error
115231:A_11_GoTo_12|Done:No Error
115231:B_11_GoTo_12|Start:No Error
115231:B_11_GoTo_12|Done:No Error
115231:C_11_GoTo_12|Start:No Error
115231:D_11_GoTo_12|Done:No Error
115231:C_11_GoTo_12|Done:No Error
115231:S_11_GoTo_12|Finish:No Error
115347:S_12_GoTo_13|Start:No Error
115347:D_12_GoTo_13|Start:No Error
115347:A_12_GoTo_13|Start:No Error
115347:A_12_GoTo_13|Done:No Error
115347:B_12_GoTo_13|Start:No Error
115348:B_12_GoTo_13|Done:No Error
115348:C_12_GoTo_13|Start:No Error
115348:D_12_GoTo_13|Done:No Error
115349:C_12_GoTo_13|Done:No Error
115349:S_12_GoTo_13|Finish:No Error
115406:S_13_GoTo_16|Start:No Error
115406:D_13_GoTo_16|Start:No Error
115406:A_13_GoTo_16|Start:No Error
115406:A_13_GoTo_16|Done:No Error
115406:B_13_GoTo_16|Start:No Error
115406:B_13_GoTo_16|Done:No Error
115406:C_13_GoTo_16|Start:No Error
115406:D_13_GoTo_16|Done:No Error
115406:C_13_GoTo_16|Done:No Error
115406:S_13_GoTo_16|Finish:No Error
115518:S_16_GoTo_17|Start:No Error
115518:D_16_GoTo_17|Start:No Error
115518:A_16_GoTo_17|Start:No Error
115518:A_16_GoTo_17|Done:No Error
115518:B_16_GoTo_17|Start:No Error
115518:D_16_GoTo_17|Done:No Error
115518:B_16_GoTo_17|Done:No Error
115518:C_16_GoTo_17|Start:No Error
115519:C_16_GoTo_17|Done:No Error
115519:S_16_GoTo_17|Finish:No Error
115526:S_17_GoTo_18|Start:No Error
115526:D_17_GoTo_18|Start:No Error
115526:A_17_GoTo_18|Start:No Error
115526:A_17_GoTo_18|Done:No Error
115526:B_17_GoTo_18|Start:No Error
115526:D_17_GoTo_18|Done:No Error
115526:B_17_GoTo_18|Done:No Error
115526:C_17_GoTo_18|Start:No Error
115527:C_17_GoTo_18|Done:No Error
115527:S_17_GoTo_18|Finish:No Error
115543:S_18_GoTo_19|Start:No Error
115543:D_18_GoTo_19|Start:No Error
115543:A_18_GoTo_19|Start:No Error
115543:A_18_GoTo_19|Done:No Error
115543:B_18_GoTo_19|Start:No Error
115543:D_18_GoTo_19|Done:No Error
115543:B_18_GoTo_19|Done:No Error
115543:C_18_GoTo_19|Start:No Error
115544:C_18_GoTo_19|Done:No Error
115544:S_18_GoTo_19|Finish:No Error
115813:S_19_GoTo_20|Start:No Error
115813:D_19_GoTo_20|Start:No Error
115813:A_19_GoTo_20|Start:No Error
115813:A_19_GoTo_20|Done:No Error
115813:B_19_GoTo_20|Start:No Error
115813:D_19_GoTo_20|Done:No Error
115813:B_19_GoTo_20|Done:No Error
115813:C_19_GoTo_20|Start:No Error
115814:C_19_GoTo_20|Done:No Error
115814:S_19_GoTo_20|Finish:No Error
120102:S_20_GoTo_22|Start:No Error
120102:D_20_GoTo_22|Start:No Error
120102:A_20_GoTo_22|Start:No Error
120102:D_20_GoTo_22|Done:No Error
120102:A_20_GoTo_22|Done:No Error
120102:B_20_GoTo_22|Start:No Error
120102:B_20_GoTo_22|Done:No Error
120102:C_20_GoTo_22|Start:No Error
120103:C_20_GoTo_22|Done:No Error
120103:S_20_GoTo_22|Finish:No Error
120108:S_22_GoTo_21|Start:No Error
120108:D_22_GoTo_21|Start:No Error
120108:A_22_GoTo_21|Start:No Error
120108:D_22_GoTo_21|Done:No Error
120108:A_22_GoTo_21|Done:No Error
120108:B_22_GoTo_21|Start:No Error
120108:B_22_GoTo_21|Done:No Error
120108:C_22_GoTo_21|Start:No Error
120109:C_22_GoTo_21|Done:No Error
120109:S_22_GoTo_21|Finish:No Error
120114:S_21_GoTo_FINISH|Start:No Error
120114:A_21_GoTo_FINISH|Start:No Error
120114:D_21_GoTo_FINISH|Start:No Error
120114:A_21_GoTo_FINISH|Done:No Error
120114:B_21_GoTo_FINISH|Start:No Error
120114:B_FINISH_NA_NA:No Error
120114:B_21_GoTo_FINISH|Done:No Error
120114:C_21_GoTo_FINISH|Start:No Error
120114:D_21_GoTo_FINISH|Done:No Error
120114:C_21_GoTo_FINISH|Done:No Error
120114:S_21_GoTo_FINISH|Finish:No Error
