162028:S_3_GoTo_5|Start:No Error
162028:D_3_GoTo_5|Start:No Error
162028:A_3_GoTo_5|Start:No Error
162028:A_3_GoTo_5|Done:No Error
162028:B_3_GoTo_5|Start:No Error
162029:B_3_GoTo_5|Done:No Error
162029:C_3_GoTo_5|Start:No Error
162030:D_3_GoTo_5|Done:No Error
162030:C_3_GoTo_5|Done:No Error
162030:S_3_GoTo_5|Finish:No Error
162103:S_5_GoTo_6|Start:No Error
162103:D_5_GoTo_6|Start:No Error
162103:A_5_GoTo_6|Start:No Error
162103:A_5_GoTo_6|Done:No Error
162103:B_5_GoTo_6|Start:No Error
162103:B_5_GoTo_6|Done:No Error
162103:C_5_GoTo_6|Start:No Error
162104:D_5_GoTo_6|Done:No Error
162104:C_5_GoTo_6|Done:No Error
162104:S_5_GoTo_6|Finish:No Error
162106:S_6_GoTo_7|Start:No Error
162106:D_6_GoTo_7|Start:No Error
162106:A_6_GoTo_7|Start:No Error
162106:D_6_GoTo_7|Done:No Error
162106:A_6_GoTo_7|Done:No Error
162106:B_6_GoTo_7|Start:No Error
162106:B_6_GoTo_7|Done:No Error
162106:C_6_GoTo_7|Start:No Error
162107:C_6_GoTo_7|Done:No Error
162107:S_6_GoTo_7|Finish:No Error
162124:S_7_GoTo_8|Start:No Error
162124:D_7_GoTo_8|Start:No Error
162124:A_7_GoTo_8|Start:No Error
162124:A_7_GoTo_8|Done:No Error
162124:B_7_GoTo_8|Start:No Error
162125:B_7_GoTo_8|Done:No Error
162125:C_7_GoTo_8|Start:No Error
162125:D_7_GoTo_8|Done:No Error
162125:C_7_GoTo_8|Done:No Error
162125:S_7_GoTo_8|Finish:No Error
162127:S_3_GoTo_5|Start:No Error
162127:D_3_GoTo_5|Start:No Error
162127:A_3_GoTo_5|Start:No Error
162127:A_3_GoTo_5|Done:No Error
162127:B_3_GoTo_5|Start:No Error
162130:D_3_GoTo_5|Done:No Error
162131:B_3_GoTo_5|Done:No Error
162131:C_3_GoTo_5|Start:No Error
162132:C_3_GoTo_5|Done:No Error
162132:S_3_GoTo_5|Finish:No Error
162134:S_8_GoTo_9|Start:No Error
162134:D_8_GoTo_9|Start:No Error
162134:A_8_GoTo_9|Start:No Error
162134:A_8_GoTo_9|Done:No Error
162134:B_8_GoTo_9|Start:No Error
162134:B_8_GoTo_9|Done:No Error
162134:C_8_GoTo_9|Start:No Error
162134:D_8_GoTo_9|Done:No Error
162135:C_8_GoTo_9|Done:No Error
162135:S_8_GoTo_9|Finish:No Error
162152:S_5_GoTo_6|Start:No Error
162152:D_5_GoTo_6|Start:No Error
162152:A_5_GoTo_6|Start:No Error
162152:A_5_GoTo_6|Done:No Error
162152:B_5_GoTo_6|Start:No Error
162153:D_5_GoTo_6|Done:No Error
162153:B_5_GoTo_6|Done:No Error
162153:C_5_GoTo_6|Start:No Error
162153:C_5_GoTo_6|Done:No Error
162153:S_5_GoTo_6|Finish:No Error
162157:S_6_GoTo_7|Start:No Error
162157:D_6_GoTo_7|Start:No Error
162157:A_6_GoTo_7|Start:No Error
162157:D_6_GoTo_7|Done:No Error
162157:A_6_GoTo_7|Done:No Error
162157:B_6_GoTo_7|Start:No Error
162158:B_6_GoTo_7|Done:No Error
162158:C_6_GoTo_7|Start:No Error
162158:C_6_GoTo_7|Done:No Error
162158:S_6_GoTo_7|Finish:No Error
162158:S_9_GoTo_10|Start:No Error
162158:D_9_GoTo_10|Start:No Error
162158:A_9_GoTo_10|Start:No Error
162159:A_9_GoTo_10|Done:No Error
162159:B_9_GoTo_10|Start:No Error
162159:B_9_GoTo_10|Done:No Error
162159:C_9_GoTo_10|Start:No Error
162159:D_9_GoTo_10|Done:No Error
162200:C_9_GoTo_10|Done:No Error
162200:S_9_GoTo_10|Finish:No Error
162202:S_10_GoTo_11|Start:No Error
162202:A_10_GoTo_11|Start:No Error
162202:D_10_GoTo_11|Start:No Error
162202:D_10_GoTo_11|Done:No Error
162202:A_10_GoTo_11|Done:No Error
162202:B_10_GoTo_11|Start:No Error
162202:B_10_GoTo_11|Done:No Error
162202:C_10_GoTo_11|Start:No Error
162203:C_10_GoTo_11|Done:No Error
162203:S_10_GoTo_11|Finish:No Error
162204:S_3_GoTo_5|Start:No Error
162204:D_3_GoTo_5|Start:No Error
162204:A_3_GoTo_5|Start:No Error
162204:A_3_GoTo_5|Done:No Error
162204:B_3_GoTo_5|Start:No Error
162205:B_3_GoTo_5|Done:No Error
162205:C_3_GoTo_5|Start:No Error
162205:D_3_GoTo_5|Done:No Error
162206:C_3_GoTo_5|Done:No Error
162206:S_3_GoTo_5|Finish:No Error
162219:S_11_GoTo_12|Start:No Error
162219:D_11_GoTo_12|Start:No Error
162219:A_11_GoTo_12|Start:No Error
162219:A_11_GoTo_12|Done:No Error
162219:B_11_GoTo_12|Start:No Error
162219:D_11_GoTo_12|Done:No Error
162220:B_11_GoTo_12|Done:No Error
162220:C_11_GoTo_12|Start:No Error
162220:C_11_GoTo_12|Done:No Error
162220:S_11_GoTo_12|Finish:No Error
162223:S_7_GoTo_8|Start:No Error
162223:D_7_GoTo_8|Start:No Error
162223:A_7_GoTo_8|Start:No Error
162223:A_7_GoTo_8|Done:No Error
162223:B_7_GoTo_8|Start:No Error
162223:B_7_GoTo_8|Done:No Error
162223:C_7_GoTo_8|Start:No Error
162223:D_7_GoTo_8|Done:No Error
162224:C_7_GoTo_8|Done:No Error
162224:S_7_GoTo_8|Finish:No Error
162228:S_5_GoTo_6|Start:No Error
162228:D_5_GoTo_6|Start:No Error
162228:A_5_GoTo_6|Start:No Error
162229:A_5_GoTo_6|Done:No Error
162229:B_5_GoTo_6|Start:No Error
162229:B_5_GoTo_6|Done:No Error
162229:C_5_GoTo_6|Start:No Error
162229:D_5_GoTo_6|Done:No Error
162229:C_5_GoTo_6|Done:No Error
162229:S_5_GoTo_6|Finish:No Error
162233:S_8_GoTo_9|Start:No Error
162233:D_8_GoTo_9|Start:No Error
162233:A_8_GoTo_9|Start:No Error
162233:A_8_GoTo_9|Done:No Error
162233:B_8_GoTo_9|Start:No Error
162233:S_6_GoTo_7|Start:No Error
162233:D_6_GoTo_7|Start:No Error
162233:A_6_GoTo_7|Start:No Error
162233:D_6_GoTo_7|Done:No Error
162233:A_6_GoTo_7|Done:No Error
162233:B_6_GoTo_7|Start:No Error
162233:B_6_GoTo_7|Done:No Error
162233:B_8_GoTo_9|Done:No Error
162233:C_6_GoTo_7|Start:No Error
162233:C_8_GoTo_9|Start:No Error
162233:D_8_GoTo_9|Done:No Error
162233:S_12_GoTo_13|Start:No Error
162233:A_12_GoTo_13|Start:No Error
162233:D_12_GoTo_13|Start:No Error
162234:A_12_GoTo_13|Done:No Error
162234:B_12_GoTo_13|Start:No Error
162235:C_6_GoTo_7|Done:No Error
162235:S_6_GoTo_7|Finish:No Error
162235:C_8_GoTo_9|Done:No Error
162235:B_12_GoTo_13|Done:No Error
162235:S_8_GoTo_9|Finish:No Error
162235:C_12_GoTo_13|Start:No Error
162235:D_12_GoTo_13|Done:No Error
162236:C_12_GoTo_13|Done:No Error
162236:S_12_GoTo_13|Finish:No Error
162245:S_13_GoTo_16|Start:No Error
162245:D_13_GoTo_16|Start:No Error
162245:A_13_GoTo_16|Start:No Error
162245:A_13_GoTo_16|Done:No Error
162245:B_13_GoTo_16|Start:No Error
162246:B_13_GoTo_16|Done:No Error
162246:C_13_GoTo_16|Start:No Error
162246:D_13_GoTo_16|Done:No Error
162246:C_13_GoTo_16|Done:No Error
162246:S_13_GoTo_16|Finish:No Error
162251:S_3_GoTo_5|Start:No Error
162251:D_3_GoTo_5|Start:No Error
162251:A_3_GoTo_5|Start:No Error
162251:A_3_GoTo_5|Done:No Error
162251:B_3_GoTo_5|Start:No Error
162252:D_3_GoTo_5|Done:No Error
162255:B_3_GoTo_5|Done:No Error
162255:C_3_GoTo_5|Start:No Error
162256:C_3_GoTo_5|Done:No Error
162256:S_3_GoTo_5|Finish:No Error
162317:S_16_GoTo_17|Start:No Error
162317:A_16_GoTo_17|Start:No Error
162317:D_16_GoTo_17|Start:No Error
162317:A_16_GoTo_17|Done:No Error
162317:B_16_GoTo_17|Start:No Error
162318:B_16_GoTo_17|Done:No Error
162318:C_16_GoTo_17|Start:No Error
162318:D_16_GoTo_17|Done:No Error
162319:C_16_GoTo_17|Done:No Error
162319:S_16_GoTo_17|Finish:No Error
162321:S_7_GoTo_8|Start:No Error
162321:D_7_GoTo_8|Start:No Error
162321:A_7_GoTo_8|Start:No Error
162321:A_7_GoTo_8|Done:No Error
162321:B_7_GoTo_8|Start:No Error
162322:B_7_GoTo_8|Done:No Error
162322:C_7_GoTo_8|Start:No Error
162322:D_7_GoTo_8|Done:No Error
162323:C_7_GoTo_8|Done:No Error
162323:S_7_GoTo_8|Finish:No Error
162323:S_3_GoTo_5|Start:No Error
162323:D_3_GoTo_5|Start:No Error
162323:A_3_GoTo_5|Start:No Error
162325:D_3_GoTo_5|Done:No Error
162329:S_5_GoTo_6|Start:No Error
162329:A_5_GoTo_6|Start:No Error
162329:D_5_GoTo_6|Start:No Error
162329:A_5_GoTo_6|Done:No Error
162329:B_5_GoTo_6|Start:No Error
162329:S_17_GoTo_18|Start:No Error
162329:D_17_GoTo_18|Start:No Error
162329:A_17_GoTo_18|Start:No Error
162330:A_17_GoTo_18|Done:No Error
162330:B_17_GoTo_18|Start:No Error
162330:B_17_GoTo_18|Done:No Error
162330:C_17_GoTo_18|Start:No Error
162331:D_5_GoTo_6|Done:No Error
162333:B_5_GoTo_6|Done:No Error
162333:C_5_GoTo_6|Start:No Error
162333:C_17_GoTo_18|Done:No Error
162333:D_17_GoTo_18|Done:No Error
162333:S_17_GoTo_18|Finish:No Error
162334:C_5_GoTo_6|Done:No Error
162334:S_5_GoTo_6|Finish:No Error
162334:A_3_GoTo_5|Done:No Error
162334:B_3_GoTo_5|Start:No Error
162335:B_3_GoTo_5|Done:No Error
162335:C_3_GoTo_5|Start:No Error
162335:C_3_GoTo_5|Done:No Error
162335:S_3_GoTo_5|Finish:No Error
162336:S_8_GoTo_9|Start:No Error
162336:D_8_GoTo_9|Start:No Error
162336:A_8_GoTo_9|Start:No Error
162336:D_8_GoTo_9|Done:No Error
162337:S_6_GoTo_7|Start:No Error
162337:D_6_GoTo_7|Start:No Error
162337:A_6_GoTo_7|Start:No Error
162337:D_6_GoTo_7|Done:No Error
162337:A_6_GoTo_7|Done:No Error
162337:B_6_GoTo_7|Start:No Error
162337:B_6_GoTo_7|Done:No Error
162337:C_6_GoTo_7|Start:No Error
162337:S_18_GoTo_19|Start:No Error
162337:D_18_GoTo_19|Start:No Error
162337:A_18_GoTo_19|Start:No Error
162337:A_18_GoTo_19|Done:No Error
162337:B_18_GoTo_19|Start:No Error
162338:C_6_GoTo_7|Done:No Error
162338:S_6_GoTo_7|Finish:No Error
162338:B_18_GoTo_19|Done:No Error
162338:C_18_GoTo_19|Start:No Error
162338:D_18_GoTo_19|Done:No Error
162342:C_18_GoTo_19|Done:No Error
162342:S_18_GoTo_19|Finish:No Error
162344:S_9_GoTo_10|Start:No Error
162344:D_9_GoTo_10|Start:No Error
162344:A_9_GoTo_10|Start:No Error
162344:A_9_GoTo_10|Done:No Error
162344:B_9_GoTo_10|Start:No Error
162344:B_9_GoTo_10|Done:No Error
162344:C_9_GoTo_10|Start:No Error
162344:D_9_GoTo_10|Done:No Error
162345:A_8_GoTo_9|Done:No Error
162345:B_8_GoTo_9|Start:No Error
162345:C_9_GoTo_10|Done:No Error
162345:S_9_GoTo_10|Finish:No Error
162345:B_8_GoTo_9|Done:No Error
162345:C_8_GoTo_9|Start:No Error
162346:C_8_GoTo_9|Done:No Error
162346:S_8_GoTo_9|Finish:No Error
162348:S_10_GoTo_11|Start:No Error
162348:D_10_GoTo_11|Start:No Error
162348:A_10_GoTo_11|Start:No Error
162348:D_10_GoTo_11|Done:No Error
162348:A_10_GoTo_11|Done:No Error
162348:B_10_GoTo_11|Start:No Error
162348:B_10_GoTo_11|Done:No Error
162348:C_10_GoTo_11|Start:No Error
162349:C_10_GoTo_11|Done:No Error
162349:S_10_GoTo_11|Finish:No Error
162400:S_3_GoTo_5|Start:No Error
162400:D_3_GoTo_5|Start:No Error
162400:A_3_GoTo_5|Start:No Error
162402:D_3_GoTo_5|Done:No Error
162402:S_7_GoTo_8|Start:No Error
162402:A_7_GoTo_8|Start:No Error
162402:D_7_GoTo_8|Start:No Error
162402:A_7_GoTo_8|Done:No Error
162402:B_7_GoTo_8|Start:No Error
162403:S_11_GoTo_12|Start:No Error
162403:D_11_GoTo_12|Start:No Error
162403:A_11_GoTo_12|Start:No Error
162403:A_11_GoTo_12|Done:No Error
162403:B_11_GoTo_12|Start:No Error
162404:S_5_GoTo_6|Start:No Error
162404:D_5_GoTo_6|Start:No Error
162404:A_5_GoTo_6|Start:No Error
162404:A_5_GoTo_6|Done:No Error
162404:B_5_GoTo_6|Start:No Error
162411:B_11_GoTo_12|Done:No Error
162411:C_11_GoTo_12|Start:No Error
162414:B_7_GoTo_8|Done:No Error
162414:C_7_GoTo_8|Start:No Error
162414:B_5_GoTo_6|Done:No Error
162414:C_5_GoTo_6|Start:No Error
162414:S_19_GoTo_20|Start:No Error
162414:D_19_GoTo_20|Start:No Error
162414:A_19_GoTo_20|Start:No Error
162415:D_7_GoTo_8|Done:No Error
162415:A_19_GoTo_20|Done:No Error
162415:B_19_GoTo_20|Start:No Error
162418:D_19_GoTo_20|Done:No Error
162421:B_19_GoTo_20|Done:No Error
162421:C_19_GoTo_20|Start:No Error
162425:C_19_GoTo_20|Done:No Error
162425:S_19_GoTo_20|Finish:No Error
162425:C_11_GoTo_12|Done:No Error
162428:C_7_GoTo_8|Done:No Error
162428:S_7_GoTo_8|Finish:No Error
162428:A_3_GoTo_5|Done:No Error
162428:B_3_GoTo_5|Start:No Error
162428:C_5_GoTo_6|Done:No Error
162429:D_5_GoTo_6|Done:No Error
162429:S_5_GoTo_6|Finish:No Error
162430:B_3_GoTo_5|Done:No Error
162430:C_3_GoTo_5|Start:No Error
162430:D_11_GoTo_12|Done:No Error
162430:S_11_GoTo_12|Finish:No Error
162430:C_3_GoTo_5|Done:No Error
162430:S_3_GoTo_5|Finish:No Error
162438:S_9_GoTo_10|Start:No Error
162438:D_9_GoTo_10|Start:No Error
162438:A_9_GoTo_10|Start:No Error
162438:A_9_GoTo_10|Done:No Error
162438:B_9_GoTo_10|Start:No Error
162438:S_6_GoTo_7|Start:No Error
162438:D_6_GoTo_7|Start:No Error
162438:A_6_GoTo_7|Start:No Error
162438:D_6_GoTo_7|Done:No Error
162438:A_6_GoTo_7|Done:No Error
162438:B_6_GoTo_7|Start:No Error
162439:B_9_GoTo_10|Done:No Error
162439:C_9_GoTo_10|Start:No Error
162439:B_6_GoTo_7|Done:No Error
162439:C_6_GoTo_7|Start:No Error
162439:D_9_GoTo_10|Done:No Error
162440:C_6_GoTo_7|Done:No Error
162440:S_6_GoTo_7|Finish:No Error
162440:C_9_GoTo_10|Done:No Error
162440:S_9_GoTo_10|Finish:No Error
162447:S_20_GoTo_22|Start:No Error
162447:D_20_GoTo_22|Start:No Error
162447:A_20_GoTo_22|Start:No Error
162447:D_20_GoTo_22|Done:No Error
162447:A_20_GoTo_22|Done:No Error
162447:B_20_GoTo_22|Start:No Error
162454:B_20_GoTo_22|Done:No Error
162454:C_20_GoTo_22|Start:No Error
162455:C_20_GoTo_22|Done:No Error
162455:S_20_GoTo_22|Finish:No Error
162458:S_8_GoTo_9|Start:No Error
162458:A_8_GoTo_9|Start:No Error
162458:D_8_GoTo_9|Start:No Error
162458:A_8_GoTo_9|Done:No Error
162458:B_8_GoTo_9|Start:No Error
162459:S_10_GoTo_11|Start:No Error
162459:D_10_GoTo_11|Start:No Error
162459:A_10_GoTo_11|Start:No Error
162459:D_10_GoTo_11|Done:No Error
162459:B_8_GoTo_9|Done:No Error
162459:C_8_GoTo_9|Start:No Error
162459:A_10_GoTo_11|Done:No Error
162459:B_10_GoTo_11|Start:No Error
162459:D_8_GoTo_9|Done:No Error
162459:C_8_GoTo_9|Done:No Error
162459:S_8_GoTo_9|Finish:No Error
162459:B_10_GoTo_11|Done:No Error
162459:C_10_GoTo_11|Start:No Error
162500:C_10_GoTo_11|Done:No Error
162500:S_10_GoTo_11|Finish:No Error
162503:S_12_GoTo_13|Start:No Error
162503:D_12_GoTo_13|Start:No Error
162503:A_12_GoTo_13|Start:No Error
162503:A_12_GoTo_13|Done:No Error
162503:B_12_GoTo_13|Start:No Error
162503:B_12_GoTo_13|Done:No Error
162503:C_12_GoTo_13|Start:No Error
162504:D_12_GoTo_13|Done:No Error
162504:C_12_GoTo_13|Done:No Error
162504:S_12_GoTo_13|Finish:No Error
162509:S_7_GoTo_8|Start:No Error
162509:D_7_GoTo_8|Start:No Error
162509:A_7_GoTo_8|Start:No Error
162509:A_7_GoTo_8|Done:No Error
162509:B_7_GoTo_8|Start:No Error
162510:B_7_GoTo_8|Done:No Error
162510:C_7_GoTo_8|Start:No Error
162510:D_7_GoTo_8|Done:No Error
162510:C_7_GoTo_8|Done:No Error
162510:S_7_GoTo_8|Finish:No Error
162513:S_5_GoTo_6|Start:No Error
162513:D_5_GoTo_6|Start:No Error
162513:A_5_GoTo_6|Start:No Error
162513:A_5_GoTo_6|Done:No Error
162513:B_5_GoTo_6|Start:No Error
162514:B_5_GoTo_6|Done:No Error
162514:C_5_GoTo_6|Start:No Error
162514:D_5_GoTo_6|Done:No Error
162514:C_5_GoTo_6|Done:No Error
162514:S_5_GoTo_6|Finish:No Error
162516:S_13_GoTo_16|Start:No Error
162516:D_13_GoTo_16|Start:No Error
162516:A_13_GoTo_16|Start:No Error
162516:A_13_GoTo_16|Done:No Error
162516:B_13_GoTo_16|Start:No Error
162516:B_13_GoTo_16|Done:No Error
162516:C_13_GoTo_16|Start:No Error
162516:D_13_GoTo_16|Done:No Error
162517:C_13_GoTo_16|Done:No Error
162517:S_13_GoTo_16|Finish:No Error
162518:S_11_GoTo_12|Start:No Error
162518:D_11_GoTo_12|Start:No Error
162518:A_11_GoTo_12|Start:No Error
162518:A_11_GoTo_12|Done:No Error
162518:B_11_GoTo_12|Start:No Error
162518:B_11_GoTo_12|Done:No Error
162518:C_11_GoTo_12|Start:No Error
162518:D_11_GoTo_12|Done:No Error
162519:C_11_GoTo_12|Done:No Error
162519:S_11_GoTo_12|Finish:No Error
162522:S_6_GoTo_7|Start:No Error
162522:D_6_GoTo_7|Start:No Error
162522:A_6_GoTo_7|Start:No Error
162522:D_6_GoTo_7|Done:No Error
162522:A_6_GoTo_7|Done:No Error
162522:B_6_GoTo_7|Start:No Error
162523:B_6_GoTo_7|Done:No Error
162523:C_6_GoTo_7|Start:No Error
162523:C_6_GoTo_7|Done:No Error
162523:S_6_GoTo_7|Finish:No Error
162539:S_9_GoTo_10|Start:No Error
162539:A_9_GoTo_10|Start:No Error
162539:D_9_GoTo_10|Start:No Error
162539:A_9_GoTo_10|Done:No Error
162539:B_9_GoTo_10|Start:No Error
162539:B_9_GoTo_10|Done:No Error
162539:C_9_GoTo_10|Start:No Error
162539:D_9_GoTo_10|Done:No Error
162540:C_9_GoTo_10|Done:No Error
162540:S_9_GoTo_10|Finish:No Error
162540:S_16_GoTo_17|Start:No Error
162540:A_16_GoTo_17|Start:No Error
162540:D_16_GoTo_17|Start:No Error
162540:A_16_GoTo_17|Done:No Error
162540:B_16_GoTo_17|Start:No Error
162541:B_16_GoTo_17|Done:No Error
162541:C_16_GoTo_17|Start:No Error
162541:D_16_GoTo_17|Done:No Error
162542:C_16_GoTo_17|Done:No Error
162542:S_16_GoTo_17|Finish:No Error
162542:S_12_GoTo_13|Start:No Error
162542:D_12_GoTo_13|Start:No Error
162542:A_12_GoTo_13|Start:No Error
162542:A_12_GoTo_13|Done:No Error
162542:B_12_GoTo_13|Start:No Error
162543:B_12_GoTo_13|Done:No Error
162543:C_12_GoTo_13|Start:No Error
162543:D_12_GoTo_13|Done:No Error
162543:C_12_GoTo_13|Done:No Error
162543:S_12_GoTo_13|Finish:No Error
162546:S_17_GoTo_18|Start:No Error
162546:D_17_GoTo_18|Start:No Error
162546:A_17_GoTo_18|Start:No Error
162546:A_17_GoTo_18|Done:No Error
162546:B_17_GoTo_18|Start:No Error
162547:D_17_GoTo_18|Done:No Error
162547:B_17_GoTo_18|Done:No Error
162547:C_17_GoTo_18|Start:No Error
162547:C_17_GoTo_18|Done:No Error
162547:S_17_GoTo_18|Finish:No Error
162549:S_10_GoTo_11|Start:No Error
162549:D_10_GoTo_11|Start:No Error
162549:A_10_GoTo_11|Start:No Error
162549:D_10_GoTo_11|Done:No Error
162549:A_10_GoTo_11|Done:No Error
162549:B_10_GoTo_11|Start:No Error
162550:B_10_GoTo_11|Done:No Error
162550:C_10_GoTo_11|Start:No Error
162551:C_10_GoTo_11|Done:No Error
162551:S_10_GoTo_11|Finish:No Error
162553:S_18_GoTo_19|Start:No Error
162553:D_18_GoTo_19|Start:No Error
162553:A_18_GoTo_19|Start:No Error
162553:S_3_GoTo_5|Start:No Error
162553:D_3_GoTo_5|Start:No Error
162553:A_3_GoTo_5|Start:No Error
162553:A_18_GoTo_19|Done:No Error
162553:B_18_GoTo_19|Start:No Error
162553:A_3_GoTo_5|Done:No Error
162553:B_3_GoTo_5|Start:No Error
162555:B_18_GoTo_19|Done:No Error
162555:C_18_GoTo_19|Start:No Error
162558:C_18_GoTo_19|Done:No Error
162610:D_18_GoTo_19|Done:No Error
162610:S_18_GoTo_19|Finish:No Error
162616:B_3_GoTo_5|Done:No Error
162616:C_3_GoTo_5|Start:No Error
162630:C_3_GoTo_5|Done:No Error
162632:S_11_GoTo_12|Start:No Error
162632:D_11_GoTo_12|Start:No Error
162632:A_11_GoTo_12|Start:No Error
162632:A_11_GoTo_12|Done:No Error
162632:B_11_GoTo_12|Start:No Error
162633:D_3_GoTo_5|Done:No Error
162633:S_3_GoTo_5|Finish:No Error
162633:D_11_GoTo_12|Done:No Error
162640:S_8_GoTo_9|Start:No Error
162640:D_8_GoTo_9|Start:No Error
162640:A_8_GoTo_9|Start:No Error
162641:A_8_GoTo_9|Done:No Error
162641:B_8_GoTo_9|Start:No Error
162644:B_11_GoTo_12|Done:No Error
162644:C_11_GoTo_12|Start:No Error
162644:D_8_GoTo_9|Done:No Error
162647:C_11_GoTo_12|Done:No Error
162647:S_11_GoTo_12|Finish:No Error
162647:B_8_GoTo_9|Done:No Error
162647:C_8_GoTo_9|Start:No Error
162653:S_13_GoTo_16|Start:No Error
162653:D_13_GoTo_16|Start:No Error
162653:A_13_GoTo_16|Start:No Error
162653:S_7_GoTo_8|Start:No Error
162653:A_7_GoTo_8|Start:No Error
162653:D_7_GoTo_8|Start:No Error
162653:A_13_GoTo_16|Done:No Error
162653:B_13_GoTo_16|Start:No Error
162656:B_13_GoTo_16|Done:No Error
162656:C_13_GoTo_16|Start:No Error
162656:A_7_GoTo_8|Done:No Error
162656:B_7_GoTo_8|Start:No Error
162656:C_8_GoTo_9|Done:No Error
162656:S_8_GoTo_9|Finish:No Error
162700:D_7_GoTo_8|Done:No Error
162704:B_7_GoTo_8|Done:No Error
162704:C_7_GoTo_8|Start:No Error
162711:C_13_GoTo_16|Done:No Error
162714:C_7_GoTo_8|Done:No Error
162714:S_7_GoTo_8|Finish:No Error
162717:D_13_GoTo_16|Done:No Error
162717:S_13_GoTo_16|Finish:No Error
162724:S_5_GoTo_6|Start:No Error
162724:D_5_GoTo_6|Start:No Error
162724:A_5_GoTo_6|Start:No Error
162724:A_5_GoTo_6|Done:No Error
162724:B_5_GoTo_6|Start:No Error
162725:B_5_GoTo_6|Done:No Error
162725:C_5_GoTo_6|Start:No Error
162725:D_5_GoTo_6|Done:No Error
162726:C_5_GoTo_6|Done:No Error
162726:S_5_GoTo_6|Finish:No Error
162727:S_3_GoTo_5|Start:No Error
162727:D_3_GoTo_5|Start:No Error
162727:A_3_GoTo_5|Start:No Error
162727:A_3_GoTo_5|Done:No Error
162727:B_3_GoTo_5|Start:No Error
162729:D_3_GoTo_5|Done:No Error
162730:S_6_GoTo_7|Start:No Error
162730:A_6_GoTo_7|Start:No Error
162730:D_6_GoTo_7|Start:No Error
162730:D_6_GoTo_7|Done:No Error
162730:A_6_GoTo_7|Done:No Error
162730:B_6_GoTo_7|Start:No Error
162732:B_6_GoTo_7|Done:No Error
162732:C_6_GoTo_7|Start:No Error
162735:B_3_GoTo_5|Done:No Error
162735:C_3_GoTo_5|Start:No Error
162735:C_6_GoTo_7|Done:No Error
162735:S_6_GoTo_7|Finish:No Error
162739:C_3_GoTo_5|Done:No Error
162739:S_3_GoTo_5|Finish:No Error
162739:S_12_GoTo_13|Start:No Error
162739:D_12_GoTo_13|Start:No Error
162739:A_12_GoTo_13|Start:No Error
162739:A_12_GoTo_13|Done:No Error
162739:B_12_GoTo_13|Start:No Error
162746:D_12_GoTo_13|Done:No Error
162749:B_12_GoTo_13|Done:No Error
162749:C_12_GoTo_13|Start:No Error
162749:S_8_GoTo_9|Start:No Error
162749:D_8_GoTo_9|Start:No Error
162749:A_8_GoTo_9|Start:No Error
162752:C_12_GoTo_13|Done:No Error
162752:S_12_GoTo_13|Finish:No Error
162752:D_8_GoTo_9|Done:No Error
162801:S_16_GoTo_17|Start:No Error
162801:D_16_GoTo_17|Start:No Error
162801:A_16_GoTo_17|Start:No Error
162801:A_16_GoTo_17|Done:No Error
162801:B_16_GoTo_17|Start:No Error
162802:B_16_GoTo_17|Done:No Error
162802:C_16_GoTo_17|Start:No Error
162802:D_16_GoTo_17|Done:No Error
162802:C_16_GoTo_17|Done:No Error
162802:S_16_GoTo_17|Finish:No Error
162810:S_9_GoTo_10|Start:No Error
162810:D_9_GoTo_10|Start:No Error
162810:A_9_GoTo_10|Start:No Error
162810:A_9_GoTo_10|Done:No Error
162810:B_9_GoTo_10|Start:No Error
162811:B_9_GoTo_10|Done:No Error
162811:C_9_GoTo_10|Start:No Error
162811:D_9_GoTo_10|Done:No Error
162811:A_8_GoTo_9|Done:No Error
162811:B_8_GoTo_9|Start:No Error
162811:C_9_GoTo_10|Done:No Error
162811:S_9_GoTo_10|Finish:No Error
162812:B_8_GoTo_9|Done:No Error
162812:C_8_GoTo_9|Start:No Error
162813:C_8_GoTo_9|Done:No Error
162813:S_8_GoTo_9|Finish:No Error
162814:S_5_GoTo_6|Start:No Error
162814:D_5_GoTo_6|Start:No Error
162814:A_5_GoTo_6|Start:No Error
162814:A_5_GoTo_6|Done:No Error
162814:B_5_GoTo_6|Start:No Error
162814:B_5_GoTo_6|Done:No Error
162814:C_5_GoTo_6|Start:No Error
162814:D_5_GoTo_6|Done:No Error
162815:C_5_GoTo_6|Done:No Error
162815:S_5_GoTo_6|Finish:No Error
162816:S_17_GoTo_18|Start:No Error
162816:D_17_GoTo_18|Start:No Error
162816:A_17_GoTo_18|Start:No Error
162816:A_17_GoTo_18|Done:No Error
162816:B_17_GoTo_18|Start:No Error
162816:D_17_GoTo_18|Done:No Error
162817:B_17_GoTo_18|Done:No Error
162817:C_17_GoTo_18|Start:No Error
162817:S_7_GoTo_8|Start:No Error
162817:A_7_GoTo_8|Start:No Error
162817:D_7_GoTo_8|Start:No Error
162817:A_7_GoTo_8|Done:No Error
162817:B_7_GoTo_8|Start:No Error
162817:B_7_GoTo_8|Done:No Error
162817:C_7_GoTo_8|Start:No Error
162817:C_17_GoTo_18|Done:No Error
162817:S_17_GoTo_18|Finish:No Error
162818:D_7_GoTo_8|Done:No Error
162818:C_7_GoTo_8|Done:No Error
162818:S_7_GoTo_8|Finish:No Error
162821:S_10_GoTo_11|Start:No Error
162821:D_10_GoTo_11|Start:No Error
162821:A_10_GoTo_11|Start:No Error
162821:D_10_GoTo_11|Done:No Error
162821:A_10_GoTo_11|Done:No Error
162821:B_10_GoTo_11|Start:No Error
162821:B_10_GoTo_11|Done:No Error
162821:C_10_GoTo_11|Start:No Error
162822:C_10_GoTo_11|Done:No Error
162822:S_10_GoTo_11|Finish:No Error
162823:S_3_GoTo_5|Start:No Error
162823:D_3_GoTo_5|Start:No Error
162823:A_3_GoTo_5|Start:No Error
162823:A_3_GoTo_5|Done:No Error
162823:B_3_GoTo_5|Start:No Error
162838:D_3_GoTo_5|Done:No Error
162842:B_3_GoTo_5|Done:No Error
162842:C_3_GoTo_5|Start:No Error
162843:C_3_GoTo_5|Done:No Error
162843:S_3_GoTo_5|Finish:No Error
162844:S_11_GoTo_12|Start:No Error
162844:A_11_GoTo_12|Start:No Error
162844:D_11_GoTo_12|Start:No Error
162844:A_11_GoTo_12|Done:No Error
162844:B_11_GoTo_12|Start:No Error
162845:B_11_GoTo_12|Done:No Error
162845:C_11_GoTo_12|Start:No Error
162845:D_11_GoTo_12|Done:No Error
162845:C_11_GoTo_12|Done:No Error
162845:S_11_GoTo_12|Finish:No Error
162846:S_8_GoTo_9|Start:No Error
162846:D_8_GoTo_9|Start:No Error
162846:A_8_GoTo_9|Start:No Error
162846:D_8_GoTo_9|Done:No Error
162847:S_13_GoTo_16|Start:No Error
162847:D_13_GoTo_16|Start:No Error
162847:A_13_GoTo_16|Start:No Error
162847:A_13_GoTo_16|Done:No Error
162847:B_13_GoTo_16|Start:No Error
162848:B_13_GoTo_16|Done:No Error
162848:C_13_GoTo_16|Start:No Error
162848:D_13_GoTo_16|Done:No Error
162848:C_13_GoTo_16|Done:No Error
162848:S_13_GoTo_16|Finish:No Error
162859:S_12_GoTo_13|Start:No Error
162859:A_12_GoTo_13|Start:No Error
162859:D_12_GoTo_13|Start:No Error
162859:A_12_GoTo_13|Done:No Error
162859:B_12_GoTo_13|Start:No Error
162859:D_12_GoTo_13|Done:No Error
162859:B_12_GoTo_13|Done:No Error
162859:C_12_GoTo_13|Start:No Error
162900:C_12_GoTo_13|Done:No Error
162900:S_12_GoTo_13|Finish:No Error
162908:S_9_GoTo_10|Start:No Error
162908:D_9_GoTo_10|Start:No Error
162908:A_9_GoTo_10|Start:No Error
162908:A_9_GoTo_10|Done:No Error
162908:B_9_GoTo_10|Start:No Error
162908:B_9_GoTo_10|Done:No Error
162908:C_9_GoTo_10|Start:No Error
162909:D_9_GoTo_10|Done:No Error
162909:A_8_GoTo_9|Done:No Error
162909:B_8_GoTo_9|Start:No Error
162909:C_9_GoTo_10|Done:No Error
162909:S_9_GoTo_10|Finish:No Error
162910:B_8_GoTo_9|Done:No Error
162910:C_8_GoTo_9|Start:No Error
162910:C_8_GoTo_9|Done:No Error
162910:S_8_GoTo_9|Finish:No Error
162914:S_10_GoTo_11|Start:No Error
162914:D_10_GoTo_11|Start:No Error
162914:A_10_GoTo_11|Start:No Error
162914:D_10_GoTo_11|Done:No Error
162914:A_10_GoTo_11|Done:No Error
162914:B_10_GoTo_11|Start:No Error
162914:B_10_GoTo_11|Done:No Error
162914:C_10_GoTo_11|Start:No Error
162915:C_10_GoTo_11|Done:No Error
162915:S_10_GoTo_11|Finish:No Error
162925:S_11_GoTo_12|Start:No Error
162925:D_11_GoTo_12|Start:No Error
162925:A_11_GoTo_12|Start:No Error
162925:A_11_GoTo_12|Done:No Error
162925:B_11_GoTo_12|Start:No Error
162925:B_11_GoTo_12|Done:No Error
162925:C_11_GoTo_12|Start:No Error
162926:D_11_GoTo_12|Done:No Error
162926:C_11_GoTo_12|Done:No Error
162926:S_11_GoTo_12|Finish:No Error
162938:S_6_GoTo_7|Start:No Error
162938:D_6_GoTo_7|Start:No Error
162938:A_6_GoTo_7|Start:No Error
162938:D_6_GoTo_7|Done:No Error
162938:A_6_GoTo_7|Done:No Error
162938:B_6_GoTo_7|Start:No Error
162939:B_6_GoTo_7|Done:No Error
162939:C_6_GoTo_7|Start:No Error
162939:C_6_GoTo_7|Done:No Error
162939:S_6_GoTo_7|Finish:No Error
163002:S_7_GoTo_8|Start:No Error
163002:D_7_GoTo_8|Start:No Error
163002:A_7_GoTo_8|Start:No Error
163002:A_7_GoTo_8|Done:No Error
163002:B_7_GoTo_8|Start:No Error
163003:B_7_GoTo_8|Done:No Error
163003:C_7_GoTo_8|Start:No Error
163003:D_7_GoTo_8|Done:No Error
163003:C_7_GoTo_8|Done:No Error
163003:S_7_GoTo_8|Finish:No Error
163005:S_5_GoTo_6|Start:No Error
163005:D_5_GoTo_6|Start:No Error
163005:A_5_GoTo_6|Start:No Error
163005:A_5_GoTo_6|Done:No Error
163005:B_5_GoTo_6|Start:No Error
163005:D_5_GoTo_6|Done:No Error
163005:B_5_GoTo_6|Done:No Error
163005:C_5_GoTo_6|Start:No Error
163006:C_5_GoTo_6|Done:No Error
163006:S_5_GoTo_6|Finish:No Error
163009:S_6_GoTo_7|Start:No Error
163009:D_6_GoTo_7|Start:No Error
163009:A_6_GoTo_7|Start:No Error
163009:D_6_GoTo_7|Done:No Error
163009:A_6_GoTo_7|Done:No Error
163009:B_6_GoTo_7|Start:No Error
163010:B_6_GoTo_7|Done:No Error
163010:C_6_GoTo_7|Start:No Error
163010:C_6_GoTo_7|Done:No Error
163010:S_6_GoTo_7|Finish:No Error
163022:S_3_GoTo_5|Start:No Error
163022:D_3_GoTo_5|Start:No Error
163022:A_3_GoTo_5|Start:No Error
163023:A_3_GoTo_5|Done:No Error
163023:B_3_GoTo_5|Start:No Error
163023:B_3_GoTo_5|Done:No Error
163023:C_3_GoTo_5|Start:No Error
163024:D_3_GoTo_5|Done:No Error
163024:C_3_GoTo_5|Done:No Error
163024:S_3_GoTo_5|Finish:No Error
163454:S_13_GoTo_16|Start:No Error
163454:D_13_GoTo_16|Start:No Error
163454:A_13_GoTo_16|Start:No Error
163454:D_13_GoTo_16|Done:No Error
163458:S_19_GoTo_20|Start:No Error
163458:D_19_GoTo_20|Start:No Error
163458:A_19_GoTo_20|Start:No Error
163458:A_19_GoTo_20|Done:No Error
163458:B_19_GoTo_20|Start:No Error
163501:D_19_GoTo_20|Done:No Error
163504:B_19_GoTo_20|Done:No Error
163504:C_19_GoTo_20|Start:No Error
163505:S_22_GoTo_21|Start:No Error
163505:D_22_GoTo_21|Start:No Error
163505:A_22_GoTo_21|Start:No Error
163505:D_22_GoTo_21|Done:No Error
163505:A_22_GoTo_21|Done:No Error
163505:B_22_GoTo_21|Start:No Error
163506:B_22_GoTo_21|Done:No Error
163506:C_22_GoTo_21|Start:No Error
163506:C_19_GoTo_20|Done:No Error
163506:S_19_GoTo_20|Finish:No Error
163507:C_22_GoTo_21|Done:No Error
163507:S_22_GoTo_21|Finish:No Error
164053:S_21_GoTo_FINISH|Start:No Error
164053:D_21_GoTo_FINISH|Start:No Error
164053:A_21_GoTo_FINISH|Start:No Error
164053:A_21_GoTo_FINISH|Done:No Error
164053:B_21_GoTo_FINISH|Start:No Error
164053:B_FINISH_NA_NA:No Error
164053:B_21_GoTo_FINISH|Done:No Error
164053:C_21_GoTo_FINISH|Start:No Error
164053:D_21_GoTo_FINISH|Done:No Error
164053:C_21_GoTo_FINISH|Done:No Error
164053:S_21_GoTo_FINISH|Finish:No Error
164057:S_20_GoTo_22|Start:No Error
164057:D_20_GoTo_22|Start:No Error
164057:A_20_GoTo_22|Start:No Error
164057:D_20_GoTo_22|Done:No Error
164057:A_20_GoTo_22|Done:No Error
164057:B_20_GoTo_22|Start:No Error
164057:B_20_GoTo_22|Done:No Error
164057:C_20_GoTo_22|Start:No Error
164057:C_20_GoTo_22|Done:No Error
164057:S_20_GoTo_22|Finish:No Error
164107:S_18_GoTo_19|Start:No Error
164107:D_18_GoTo_19|Start:No Error
164107:A_18_GoTo_19|Start:No Error
164108:A_18_GoTo_19|Done:No Error
164108:B_18_GoTo_19|Start:No Error
164108:D_18_GoTo_19|Done:No Error
164108:B_18_GoTo_19|Done:No Error
164108:C_18_GoTo_19|Start:No Error
164108:C_18_GoTo_19|Done:No Error
164108:S_18_GoTo_19|Finish:No Error
164227:S_8_GoTo_9|Start:No Error
164227:D_8_GoTo_9|Start:No Error
164227:A_8_GoTo_9|Start:No Error
164227:D_8_GoTo_9|Done:No Error
164342:S_16_GoTo_17|Start:No Error
164342:D_16_GoTo_17|Start:No Error
164342:A_16_GoTo_17|Start:No Error
164343:A_16_GoTo_17|Done:No Error
164343:B_16_GoTo_17|Start:No Error
164343:B_16_GoTo_17|Done:No Error
164343:C_16_GoTo_17|Start:No Error
164343:D_16_GoTo_17|Done:No Error
164343:A_13_GoTo_16|Done:No Error
164343:B_13_GoTo_16|Start:No Error
164343:C_16_GoTo_17|Done:No Error
164343:S_16_GoTo_17|Finish:No Error
164344:B_13_GoTo_16|Done:No Error
164344:C_13_GoTo_16|Start:No Error
164344:C_13_GoTo_16|Done:No Error
164344:S_13_GoTo_16|Finish:No Error
164356:S_12_GoTo_13|Start:No Error
164356:D_12_GoTo_13|Start:No Error
164356:A_12_GoTo_13|Start:No Error
164356:A_12_GoTo_13|Done:No Error
164356:B_12_GoTo_13|Start:No Error
164356:B_12_GoTo_13|Done:No Error
164356:C_12_GoTo_13|Start:No Error
164356:D_12_GoTo_13|Done:No Error
164356:C_12_GoTo_13|Done:No Error
164356:S_12_GoTo_13|Finish:No Error
164416:S_22_GoTo_21|Start:No Error
164416:D_22_GoTo_21|Start:No Error
164416:A_22_GoTo_21|Start:No Error
164416:D_22_GoTo_21|Done:No Error
164416:A_22_GoTo_21|Done:No Error
164416:B_22_GoTo_21|Start:No Error
164416:B_22_GoTo_21|Done:No Error
164416:C_22_GoTo_21|Start:No Error
164416:C_22_GoTo_21|Done:No Error
164416:S_22_GoTo_21|Finish:No Error
164420:S_21_GoTo_FINISH|Start:No Error
164420:D_21_GoTo_FINISH|Start:No Error
164420:A_21_GoTo_FINISH|Start:No Error
164420:A_21_GoTo_FINISH|Done:No Error
164420:B_21_GoTo_FINISH|Start:No Error
164420:B_FINISH_NA_NA:No Error
164420:B_21_GoTo_FINISH|Done:No Error
164420:C_21_GoTo_FINISH|Start:No Error
164420:D_21_GoTo_FINISH|Done:No Error
164420:C_21_GoTo_FINISH|Done:No Error
164420:S_21_GoTo_FINISH|Finish:No Error
164427:S_19_GoTo_20|Start:No Error
164427:D_19_GoTo_20|Start:No Error
164427:A_19_GoTo_20|Start:No Error
164427:A_19_GoTo_20|Done:No Error
164427:B_19_GoTo_20|Start:No Error
164427:B_19_GoTo_20|Done:No Error
164427:C_19_GoTo_20|Start:No Error
164427:D_19_GoTo_20|Done:No Error
164428:C_19_GoTo_20|Done:No Error
164428:S_19_GoTo_20|Finish:No Error
164431:S_20_GoTo_22|Start:No Error
164431:D_20_GoTo_22|Start:No Error
164431:A_20_GoTo_22|Start:No Error
164431:D_20_GoTo_22|Done:No Error
164431:A_20_GoTo_22|Done:No Error
164431:B_20_GoTo_22|Start:No Error
164431:B_20_GoTo_22|Done:No Error
164431:C_20_GoTo_22|Start:No Error
164431:C_20_GoTo_22|Done:No Error
164431:S_20_GoTo_22|Finish:No Error
164437:S_22_GoTo_21|Start:No Error
164437:D_22_GoTo_21|Start:No Error
164437:A_22_GoTo_21|Start:No Error
164437:D_22_GoTo_21|Done:No Error
164437:A_22_GoTo_21|Done:No Error
164437:B_22_GoTo_21|Start:No Error
164437:B_22_GoTo_21|Done:No Error
164437:C_22_GoTo_21|Start:No Error
164437:C_22_GoTo_21|Done:No Error
164437:S_22_GoTo_21|Finish:No Error
164440:S_21_GoTo_FINISH|Start:No Error
164440:D_21_GoTo_FINISH|Start:No Error
164440:A_21_GoTo_FINISH|Start:No Error
164440:A_21_GoTo_FINISH|Done:No Error
164440:B_21_GoTo_FINISH|Start:No Error
164440:B_FINISH_NA_NA:No Error
164440:B_21_GoTo_FINISH|Done:No Error
164440:C_21_GoTo_FINISH|Start:No Error
164440:D_21_GoTo_FINISH|Done:No Error
164441:C_21_GoTo_FINISH|Done:No Error
164441:S_21_GoTo_FINISH|Finish:No Error
164450:S_17_GoTo_18|Start:No Error
164450:D_17_GoTo_18|Start:No Error
164450:A_17_GoTo_18|Start:No Error
164450:A_17_GoTo_18|Done:No Error
164450:B_17_GoTo_18|Start:No Error
164450:B_17_GoTo_18|Done:No Error
164450:C_17_GoTo_18|Start:No Error
164450:D_17_GoTo_18|Done:No Error
164450:C_17_GoTo_18|Done:No Error
164450:S_17_GoTo_18|Finish:No Error
164500:S_9_GoTo_10|Start:No Error
164500:D_9_GoTo_10|Start:No Error
164500:A_9_GoTo_10|Start:No Error
164500:A_9_GoTo_10|Done:No Error
164500:B_9_GoTo_10|Start:No Error
164501:B_9_GoTo_10|Done:No Error
164501:C_9_GoTo_10|Start:No Error
164501:D_9_GoTo_10|Done:No Error
164501:C_9_GoTo_10|Done:No Error
164501:S_9_GoTo_10|Finish:No Error
164501:A_8_GoTo_9|Done:No Error
164501:B_8_GoTo_9|Start:No Error
164503:B_8_GoTo_9|Done:No Error
164503:C_8_GoTo_9|Start:No Error
164504:C_8_GoTo_9|Done:No Error
164504:S_8_GoTo_9|Finish:No Error
164504:S_18_GoTo_19|Start:No Error
164504:D_18_GoTo_19|Start:No Error
164504:A_18_GoTo_19|Start:No Error
164504:A_18_GoTo_19|Done:No Error
164504:B_18_GoTo_19|Start:No Error
164507:D_18_GoTo_19|Done:No Error
164508:S_10_GoTo_11|Start:No Error
164508:D_10_GoTo_11|Start:No Error
164508:A_10_GoTo_11|Start:No Error
164508:D_10_GoTo_11|Done:No Error
164508:A_10_GoTo_11|Done:No Error
164508:B_10_GoTo_11|Start:No Error
164509:B_18_GoTo_19|Done:No Error
164509:C_18_GoTo_19|Start:No Error
164512:C_18_GoTo_19|Done:No Error
164512:S_18_GoTo_19|Finish:No Error
164515:B_10_GoTo_11|Done:No Error
164515:C_10_GoTo_11|Start:No Error
164540:C_10_GoTo_11|Done:No Error
164540:S_10_GoTo_11|Finish:No Error
164553:S_7_GoTo_8|Start:No Error
164553:D_7_GoTo_8|Start:No Error
164553:A_7_GoTo_8|Start:No Error
164553:A_7_GoTo_8|Done:No Error
164553:B_7_GoTo_8|Start:No Error
164556:D_7_GoTo_8|Done:No Error
164557:B_7_GoTo_8|Done:No Error
164557:C_7_GoTo_8|Start:No Error
164558:C_7_GoTo_8|Done:No Error
164558:S_7_GoTo_8|Finish:No Error
164558:S_5_GoTo_6|Start:No Error
164558:D_5_GoTo_6|Start:No Error
164558:A_5_GoTo_6|Start:No Error
164558:A_5_GoTo_6|Done:No Error
164558:B_5_GoTo_6|Start:No Error
164559:B_5_GoTo_6|Done:No Error
164559:C_5_GoTo_6|Start:No Error
164600:D_5_GoTo_6|Done:No Error
164600:C_5_GoTo_6|Done:No Error
164600:S_5_GoTo_6|Finish:No Error
164602:S_13_GoTo_16|Start:No Error
164602:D_13_GoTo_16|Start:No Error
164602:A_13_GoTo_16|Start:No Error
164602:D_13_GoTo_16|Done:No Error
164604:S_16_GoTo_17|Start:No Error
164604:D_16_GoTo_17|Start:No Error
164604:A_16_GoTo_17|Start:No Error
164604:A_16_GoTo_17|Done:No Error
164604:B_16_GoTo_17|Start:No Error
164605:B_16_GoTo_17|Done:No Error
164605:C_16_GoTo_17|Start:No Error
164605:D_16_GoTo_17|Done:No Error
164605:A_13_GoTo_16|Done:No Error
164605:B_13_GoTo_16|Start:No Error
164605:C_16_GoTo_17|Done:No Error
164605:S_16_GoTo_17|Finish:No Error
164606:B_13_GoTo_16|Done:No Error
164606:C_13_GoTo_16|Start:No Error
164606:C_13_GoTo_16|Done:No Error
164606:S_13_GoTo_16|Finish:No Error
164606:S_6_GoTo_7|Start:No Error
164606:D_6_GoTo_7|Start:No Error
164606:A_6_GoTo_7|Start:No Error
164606:D_6_GoTo_7|Done:No Error
164606:A_6_GoTo_7|Done:No Error
164606:B_6_GoTo_7|Start:No Error
164614:B_6_GoTo_7|Done:No Error
164614:C_6_GoTo_7|Start:No Error
164615:S_17_GoTo_18|Start:No Error
164615:D_17_GoTo_18|Start:No Error
164615:A_17_GoTo_18|Start:No Error
164615:A_17_GoTo_18|Done:No Error
164615:B_17_GoTo_18|Start:No Error
164617:C_6_GoTo_7|Done:No Error
164617:S_6_GoTo_7|Finish:No Error
164617:B_17_GoTo_18|Done:No Error
164617:C_17_GoTo_18|Start:No Error
164617:D_17_GoTo_18|Done:No Error
164618:C_17_GoTo_18|Done:No Error
164618:S_17_GoTo_18|Finish:No Error
164624:S_18_GoTo_19|Start:No Error
164624:D_18_GoTo_19|Start:No Error
164624:A_18_GoTo_19|Start:No Error
164630:D_18_GoTo_19|Done:No Error
164639:S_11_GoTo_12|Start:No Error
164639:D_11_GoTo_12|Start:No Error
164639:A_11_GoTo_12|Start:No Error
164639:A_11_GoTo_12|Done:No Error
164639:B_11_GoTo_12|Start:No Error
164639:D_11_GoTo_12|Done:No Error
164639:S_8_GoTo_9|Start:No Error
164639:D_8_GoTo_9|Start:No Error
164639:A_8_GoTo_9|Start:No Error
164641:B_11_GoTo_12|Done:No Error
164641:C_11_GoTo_12|Start:No Error
164641:D_8_GoTo_9|Done:No Error
164641:C_11_GoTo_12|Done:No Error
164641:S_11_GoTo_12|Finish:No Error
164642:S_9_GoTo_10|Start:No Error
164642:D_9_GoTo_10|Start:No Error
164642:A_9_GoTo_10|Start:No Error
164642:A_9_GoTo_10|Done:No Error
164642:B_9_GoTo_10|Start:No Error
164643:B_9_GoTo_10|Done:No Error
164643:C_9_GoTo_10|Start:No Error
164643:D_9_GoTo_10|Done:No Error
164643:A_8_GoTo_9|Done:No Error
164643:C_9_GoTo_10|Done:No Error
164643:B_8_GoTo_9|Start:No Error
164643:S_9_GoTo_10|Finish:No Error
164644:B_8_GoTo_9|Done:No Error
164644:C_8_GoTo_9|Start:No Error
164644:S_16_GoTo_17|Start:No Error
164644:D_16_GoTo_17|Start:No Error
164644:A_16_GoTo_17|Start:No Error
164644:A_16_GoTo_17|Done:No Error
164644:B_16_GoTo_17|Start:No Error
164645:B_16_GoTo_17|Done:No Error
164645:C_8_GoTo_9|Done:No Error
164645:C_16_GoTo_17|Start:No Error
164645:S_8_GoTo_9|Finish:No Error
164645:D_16_GoTo_17|Done:No Error
164646:C_16_GoTo_17|Done:No Error
164646:S_16_GoTo_17|Finish:No Error
164646:S_19_GoTo_20|Start:No Error
164646:D_19_GoTo_20|Start:No Error
164646:A_19_GoTo_20|Start:No Error
164646:A_19_GoTo_20|Done:No Error
164646:B_19_GoTo_20|Start:No Error
164647:B_19_GoTo_20|Done:No Error
164647:C_19_GoTo_20|Start:No Error
164647:D_19_GoTo_20|Done:No Error
164647:C_19_GoTo_20|Done:No Error
164647:A_18_GoTo_19|Done:No Error
164647:S_19_GoTo_20|Finish:No Error
164647:B_18_GoTo_19|Start:No Error
164648:B_18_GoTo_19|Done:No Error
164648:C_18_GoTo_19|Start:No Error
164649:C_18_GoTo_19|Done:No Error
164649:S_18_GoTo_19|Finish:No Error
164649:S_10_GoTo_11|Start:No Error
164649:D_10_GoTo_11|Start:No Error
164649:A_10_GoTo_11|Start:No Error
164649:D_10_GoTo_11|Done:No Error
164649:A_10_GoTo_11|Done:No Error
164649:B_10_GoTo_11|Start:No Error
164650:B_10_GoTo_11|Done:No Error
164650:C_10_GoTo_11|Start:No Error
164650:C_10_GoTo_11|Done:No Error
164650:S_10_GoTo_11|Finish:No Error
164652:S_7_GoTo_8|Start:No Error
164652:D_7_GoTo_8|Start:No Error
164652:A_7_GoTo_8|Start:No Error
164652:A_7_GoTo_8|Done:No Error
164652:B_7_GoTo_8|Start:No Error
164652:B_7_GoTo_8|Done:No Error
164652:C_7_GoTo_8|Start:No Error
164652:D_7_GoTo_8|Done:No Error
164653:C_7_GoTo_8|Done:No Error
164653:S_7_GoTo_8|Finish:No Error
164658:S_12_GoTo_13|Start:No Error
164658:A_12_GoTo_13|Start:No Error
164658:D_12_GoTo_13|Start:No Error
164658:A_12_GoTo_13|Done:No Error
164658:B_12_GoTo_13|Start:No Error
164659:D_12_GoTo_13|Done:No Error
164659:B_12_GoTo_13|Done:No Error
164659:C_12_GoTo_13|Start:No Error
164700:C_12_GoTo_13|Done:No Error
164700:S_12_GoTo_13|Finish:No Error
164703:S_20_GoTo_22|Start:No Error
164703:D_20_GoTo_22|Start:No Error
164703:A_20_GoTo_22|Start:No Error
164703:D_20_GoTo_22|Done:No Error
164703:A_20_GoTo_22|Done:No Error
164703:B_20_GoTo_22|Start:No Error
164704:B_20_GoTo_22|Done:No Error
164704:C_20_GoTo_22|Start:No Error
164704:C_20_GoTo_22|Done:No Error
164704:S_20_GoTo_22|Finish:No Error
164706:S_17_GoTo_18|Start:No Error
164706:D_17_GoTo_18|Start:No Error
164706:A_17_GoTo_18|Start:No Error
164706:A_17_GoTo_18|Done:No Error
164706:B_17_GoTo_18|Start:No Error
164707:B_17_GoTo_18|Done:No Error
164707:C_17_GoTo_18|Start:No Error
164707:D_17_GoTo_18|Done:No Error
164708:S_11_GoTo_12|Start:No Error
164708:D_11_GoTo_12|Start:No Error
164708:A_11_GoTo_12|Start:No Error
164708:A_11_GoTo_12|Done:No Error
164708:B_11_GoTo_12|Start:No Error
164713:S_8_GoTo_9|Start:No Error
164713:D_8_GoTo_9|Start:No Error
164713:A_8_GoTo_9|Start:No Error
164716:C_17_GoTo_18|Done:No Error
164716:S_17_GoTo_18|Finish:No Error
164716:S_22_GoTo_21|Start:No Error
164716:A_22_GoTo_21|Start:No Error
164716:D_22_GoTo_21|Start:No Error
164716:D_22_GoTo_21|Done:No Error
164716:A_22_GoTo_21|Done:No Error
164716:B_22_GoTo_21|Start:No Error
164720:D_11_GoTo_12|Done:No Error
164723:B_11_GoTo_12|Done:No Error
164723:C_11_GoTo_12|Start:No Error
164726:C_11_GoTo_12|Done:No Error
164726:S_11_GoTo_12|Finish:No Error
164727:B_22_GoTo_21|Done:No Error
164727:C_22_GoTo_21|Start:No Error
164727:D_8_GoTo_9|Done:No Error
164727:C_22_GoTo_21|Done:No Error
164727:S_22_GoTo_21|Finish:No Error
164729:S_19_GoTo_20|Start:No Error
164729:D_19_GoTo_20|Start:No Error
164729:A_19_GoTo_20|Start:No Error
164729:A_19_GoTo_20|Done:No Error
164729:B_19_GoTo_20|Start:No Error
164729:B_19_GoTo_20|Done:No Error
164729:C_19_GoTo_20|Start:No Error
164729:D_19_GoTo_20|Done:No Error
164730:C_19_GoTo_20|Done:No Error
164730:S_19_GoTo_20|Finish:No Error
164732:S_21_GoTo_FINISH|Start:No Error
164732:D_21_GoTo_FINISH|Start:No Error
164732:A_21_GoTo_FINISH|Start:No Error
164732:A_21_GoTo_FINISH|Done:No Error
164732:B_21_GoTo_FINISH|Start:No Error
164732:B_FINISH_NA_NA:No Error
164732:B_21_GoTo_FINISH|Done:No Error
164732:C_21_GoTo_FINISH|Start:No Error
164732:D_21_GoTo_FINISH|Done:No Error
164732:C_21_GoTo_FINISH|Done:No Error
164732:S_21_GoTo_FINISH|Finish:No Error
164733:S_13_GoTo_16|Start:No Error
164733:D_13_GoTo_16|Start:No Error
164733:A_13_GoTo_16|Start:No Error
164733:A_13_GoTo_16|Done:No Error
164733:B_13_GoTo_16|Start:No Error
164733:B_13_GoTo_16|Done:No Error
164733:C_13_GoTo_16|Start:No Error
164733:D_13_GoTo_16|Done:No Error
164734:C_13_GoTo_16|Done:No Error
164734:S_13_GoTo_16|Finish:No Error
164734:S_20_GoTo_22|Start:No Error
164734:D_20_GoTo_22|Start:No Error
164734:A_20_GoTo_22|Start:No Error
164734:D_20_GoTo_22|Done:No Error
164734:A_20_GoTo_22|Done:No Error
164734:B_20_GoTo_22|Start:No Error
164734:B_20_GoTo_22|Done:No Error
164734:C_20_GoTo_22|Start:No Error
164735:C_20_GoTo_22|Done:No Error
164735:S_20_GoTo_22|Finish:No Error
164735:S_9_GoTo_10|Start:No Error
164735:D_9_GoTo_10|Start:No Error
164735:A_9_GoTo_10|Start:No Error
164735:A_9_GoTo_10|Done:No Error
164735:B_9_GoTo_10|Start:No Error
164736:B_9_GoTo_10|Done:No Error
164736:C_9_GoTo_10|Start:No Error
164736:D_9_GoTo_10|Done:No Error
164736:A_8_GoTo_9|Done:No Error
164736:B_8_GoTo_9|Start:No Error
164736:C_9_GoTo_10|Done:No Error
164736:S_9_GoTo_10|Finish:No Error
164737:B_8_GoTo_9|Done:No Error
164737:C_8_GoTo_9|Start:No Error
164738:C_8_GoTo_9|Done:No Error
164738:S_8_GoTo_9|Finish:No Error
164743:S_12_GoTo_13|Start:No Error
164743:D_12_GoTo_13|Start:No Error
164743:A_12_GoTo_13|Start:No Error
164743:A_12_GoTo_13|Done:No Error
164743:B_12_GoTo_13|Start:No Error
164744:B_12_GoTo_13|Done:No Error
164744:C_12_GoTo_13|Start:No Error
164744:D_12_GoTo_13|Done:No Error
164745:C_12_GoTo_13|Done:No Error
164745:S_12_GoTo_13|Finish:No Error
164746:S_10_GoTo_11|Start:No Error
164746:D_10_GoTo_11|Start:No Error
164746:A_10_GoTo_11|Start:No Error
164746:D_10_GoTo_11|Done:No Error
164746:A_10_GoTo_11|Done:No Error
164746:B_10_GoTo_11|Start:No Error
164746:B_10_GoTo_11|Done:No Error
164746:C_10_GoTo_11|Start:No Error
164747:C_10_GoTo_11|Done:No Error
164747:S_10_GoTo_11|Finish:No Error
164752:S_16_GoTo_17|Start:No Error
164752:D_16_GoTo_17|Start:No Error
164752:A_16_GoTo_17|Start:No Error
164752:A_16_GoTo_17|Done:No Error
164752:B_16_GoTo_17|Start:No Error
164754:B_16_GoTo_17|Done:No Error
164754:C_16_GoTo_17|Start:No Error
164800:C_16_GoTo_17|Done:No Error
164800:D_16_GoTo_17|Done:No Error
164800:S_16_GoTo_17|Finish:No Error
164808:S_13_GoTo_16|Start:No Error
164808:D_13_GoTo_16|Start:No Error
164808:A_13_GoTo_16|Start:No Error
164808:A_13_GoTo_16|Done:No Error
164808:B_13_GoTo_16|Start:No Error
164808:B_13_GoTo_16|Done:No Error
164808:C_13_GoTo_16|Start:No Error
164808:D_13_GoTo_16|Done:No Error
164808:C_13_GoTo_16|Done:No Error
164808:S_13_GoTo_16|Finish:No Error
164809:S_9_GoTo_10|Start:No Error
164809:D_9_GoTo_10|Start:No Error
164809:A_9_GoTo_10|Start:No Error
164809:A_9_GoTo_10|Done:No Error
164809:B_9_GoTo_10|Start:No Error
164810:B_9_GoTo_10|Done:No Error
164810:C_9_GoTo_10|Start:No Error
164810:D_9_GoTo_10|Done:No Error
164810:C_9_GoTo_10|Done:No Error
164810:S_9_GoTo_10|Finish:No Error
164812:S_22_GoTo_21|Start:No Error
164812:A_22_GoTo_21|Start:No Error
164812:D_22_GoTo_21|Start:No Error
164812:D_22_GoTo_21|Done:No Error
164812:A_22_GoTo_21|Done:No Error
164812:B_22_GoTo_21|Start:No Error
164812:B_22_GoTo_21|Done:No Error
164812:C_22_GoTo_21|Start:No Error
164812:S_10_GoTo_11|Start:No Error
164812:D_10_GoTo_11|Start:No Error
164812:A_10_GoTo_11|Start:No Error
164812:D_10_GoTo_11|Done:No Error
164812:C_22_GoTo_21|Done:No Error
164812:S_22_GoTo_21|Finish:No Error
164816:S_11_GoTo_12|Start:No Error
164816:D_11_GoTo_12|Start:No Error
164816:A_11_GoTo_12|Start:No Error
164816:A_11_GoTo_12|Done:No Error
164816:B_11_GoTo_12|Start:No Error
164817:S_21_GoTo_FINISH|Start:No Error
164817:A_21_GoTo_FINISH|Start:No Error
164817:D_21_GoTo_FINISH|Start:No Error
164817:A_21_GoTo_FINISH|Done:No Error
164817:B_21_GoTo_FINISH|Start:No Error
164817:B_FINISH_NA_NA:No Error
164817:B_21_GoTo_FINISH|Done:No Error
164817:C_21_GoTo_FINISH|Start:No Error
164817:D_21_GoTo_FINISH|Done:No Error
164817:B_11_GoTo_12|Done:No Error
164817:C_11_GoTo_12|Start:No Error
164817:C_21_GoTo_FINISH|Done:No Error
164817:S_21_GoTo_FINISH|Finish:No Error
164817:D_11_GoTo_12|Done:No Error
164817:C_11_GoTo_12|Done:No Error
164817:S_11_GoTo_12|Finish:No Error
164818:A_10_GoTo_11|Done:No Error
164818:B_10_GoTo_11|Start:No Error
164818:B_10_GoTo_11|Done:No Error
164818:C_10_GoTo_11|Start:No Error
164818:C_10_GoTo_11|Done:No Error
164818:S_10_GoTo_11|Finish:No Error
164825:S_18_GoTo_19|Start:No Error
164825:D_18_GoTo_19|Start:No Error
164825:A_18_GoTo_19|Start:No Error
164825:A_18_GoTo_19|Done:No Error
164825:B_18_GoTo_19|Start:No Error
164826:B_18_GoTo_19|Done:No Error
164826:C_18_GoTo_19|Start:No Error
164826:D_18_GoTo_19|Done:No Error
164826:C_18_GoTo_19|Done:No Error
164826:S_18_GoTo_19|Finish:No Error
164828:S_17_GoTo_18|Start:No Error
164828:D_17_GoTo_18|Start:No Error
164828:A_17_GoTo_18|Start:No Error
164828:A_17_GoTo_18|Done:No Error
164828:B_17_GoTo_18|Start:No Error
164828:B_17_GoTo_18|Done:No Error
164828:C_17_GoTo_18|Start:No Error
164828:D_17_GoTo_18|Done:No Error
164829:C_17_GoTo_18|Done:No Error
164829:S_17_GoTo_18|Finish:No Error
164832:S_11_GoTo_12|Start:No Error
164832:D_11_GoTo_12|Start:No Error
164832:A_11_GoTo_12|Start:No Error
164833:D_11_GoTo_12|Done:No Error
164838:S_16_GoTo_17|Start:No Error
164838:D_16_GoTo_17|Start:No Error
164838:A_16_GoTo_17|Start:No Error
164839:A_16_GoTo_17|Done:No Error
164839:B_16_GoTo_17|Start:No Error
164839:B_16_GoTo_17|Done:No Error
164839:C_16_GoTo_17|Start:No Error
164839:D_16_GoTo_17|Done:No Error
164839:S_12_GoTo_13|Start:No Error
164839:D_12_GoTo_13|Start:No Error
164839:A_12_GoTo_13|Start:No Error
164839:A_12_GoTo_13|Done:No Error
164839:B_12_GoTo_13|Start:No Error
164839:B_12_GoTo_13|Done:No Error
164839:C_12_GoTo_13|Start:No Error
164839:C_16_GoTo_17|Done:No Error
164839:S_16_GoTo_17|Finish:No Error
164840:D_12_GoTo_13|Done:No Error
164840:A_11_GoTo_12|Done:No Error
164840:B_11_GoTo_12|Start:No Error
164840:C_12_GoTo_13|Done:No Error
164840:S_12_GoTo_13|Finish:No Error
164841:B_11_GoTo_12|Done:No Error
164841:C_11_GoTo_12|Start:No Error
164841:C_11_GoTo_12|Done:No Error
164841:S_11_GoTo_12|Finish:No Error
164848:S_18_GoTo_19|Start:No Error
164848:D_18_GoTo_19|Start:No Error
164848:A_18_GoTo_19|Start:No Error
164848:D_18_GoTo_19|Done:No Error
164854:S_13_GoTo_16|Start:No Error
164854:D_13_GoTo_16|Start:No Error
164854:A_13_GoTo_16|Start:No Error
164854:A_13_GoTo_16|Done:No Error
164854:B_13_GoTo_16|Start:No Error
164854:B_13_GoTo_16|Done:No Error
164854:C_13_GoTo_16|Start:No Error
164854:D_13_GoTo_16|Done:No Error
164855:C_13_GoTo_16|Done:No Error
164855:S_13_GoTo_16|Finish:No Error
164856:S_12_GoTo_13|Start:No Error
164856:D_12_GoTo_13|Start:No Error
164856:A_12_GoTo_13|Start:No Error
164856:A_12_GoTo_13|Done:No Error
164856:B_12_GoTo_13|Start:No Error
164856:S_19_GoTo_20|Start:No Error
164856:D_19_GoTo_20|Start:No Error
164856:A_19_GoTo_20|Start:No Error
164856:A_19_GoTo_20|Done:No Error
164856:B_19_GoTo_20|Start:No Error
164858:B_19_GoTo_20|Done:No Error
164858:C_19_GoTo_20|Start:No Error
164858:B_12_GoTo_13|Done:No Error
164858:C_12_GoTo_13|Start:No Error
164858:D_19_GoTo_20|Done:No Error
164858:D_12_GoTo_13|Done:No Error
164859:C_12_GoTo_13|Done:No Error
164859:S_12_GoTo_13|Finish:No Error
164859:A_18_GoTo_19|Done:No Error
164859:C_19_GoTo_20|Done:No Error
164859:B_18_GoTo_19|Start:No Error
164859:S_19_GoTo_20|Finish:No Error
164900:B_18_GoTo_19|Done:No Error
164900:C_18_GoTo_19|Start:No Error
164900:C_18_GoTo_19|Done:No Error
164900:S_18_GoTo_19|Finish:No Error
164903:S_20_GoTo_22|Start:No Error
164903:D_20_GoTo_22|Start:No Error
164903:A_20_GoTo_22|Start:No Error
164903:D_20_GoTo_22|Done:No Error
164903:A_20_GoTo_22|Done:No Error
164903:B_20_GoTo_22|Start:No Error
164903:B_20_GoTo_22|Done:No Error
164903:C_20_GoTo_22|Start:No Error
164904:C_20_GoTo_22|Done:No Error
164904:S_20_GoTo_22|Finish:No Error
164906:S_17_GoTo_18|Start:No Error
164906:D_17_GoTo_18|Start:No Error
164906:A_17_GoTo_18|Start:No Error
164906:A_17_GoTo_18|Done:No Error
164906:B_17_GoTo_18|Start:No Error
164907:D_17_GoTo_18|Done:No Error
164907:B_17_GoTo_18|Done:No Error
164907:C_17_GoTo_18|Start:No Error
164908:C_17_GoTo_18|Done:No Error
164908:S_17_GoTo_18|Finish:No Error
164909:S_13_GoTo_16|Start:No Error
164909:D_13_GoTo_16|Start:No Error
164909:A_13_GoTo_16|Start:No Error
164909:D_13_GoTo_16|Done:No Error
164910:S_22_GoTo_21|Start:No Error
164910:D_22_GoTo_21|Start:No Error
164910:A_22_GoTo_21|Start:No Error
164910:D_22_GoTo_21|Done:No Error
164910:A_22_GoTo_21|Done:No Error
164910:B_22_GoTo_21|Start:No Error
164910:B_22_GoTo_21|Done:No Error
164910:C_22_GoTo_21|Start:No Error
164911:C_22_GoTo_21|Done:No Error
164911:S_22_GoTo_21|Finish:No Error
164914:S_21_GoTo_FINISH|Start:No Error
164914:A_21_GoTo_FINISH|Start:No Error
164914:D_21_GoTo_FINISH|Start:No Error
164914:A_21_GoTo_FINISH|Done:No Error
164914:B_21_GoTo_FINISH|Start:No Error
164914:B_FINISH_NA_NA:No Error
164914:B_21_GoTo_FINISH|Done:No Error
164914:C_21_GoTo_FINISH|Start:No Error
164914:D_21_GoTo_FINISH|Done:No Error
164915:C_21_GoTo_FINISH|Done:No Error
164915:S_21_GoTo_FINISH|Finish:No Error
164915:S_16_GoTo_17|Start:No Error
164915:D_16_GoTo_17|Start:No Error
164915:A_16_GoTo_17|Start:No Error
164915:A_16_GoTo_17|Done:No Error
164915:B_16_GoTo_17|Start:No Error
164915:B_16_GoTo_17|Done:No Error
164915:C_16_GoTo_17|Start:No Error
164915:D_16_GoTo_17|Done:No Error
164916:A_13_GoTo_16|Done:No Error
164916:C_16_GoTo_17|Done:No Error
164916:B_13_GoTo_16|Start:No Error
164916:S_16_GoTo_17|Finish:No Error
164916:B_13_GoTo_16|Done:No Error
164916:C_13_GoTo_16|Start:No Error
164917:C_13_GoTo_16|Done:No Error
164917:S_13_GoTo_16|Finish:No Error
164918:S_19_GoTo_20|Start:No Error
164918:D_19_GoTo_20|Start:No Error
164918:A_19_GoTo_20|Start:No Error
164918:A_19_GoTo_20|Done:No Error
164918:B_19_GoTo_20|Start:No Error
164919:B_19_GoTo_20|Done:No Error
164919:C_19_GoTo_20|Start:No Error
164919:D_19_GoTo_20|Done:No Error
164919:C_19_GoTo_20|Done:No Error
164919:S_19_GoTo_20|Finish:No Error
164921:S_18_GoTo_19|Start:No Error
164921:D_18_GoTo_19|Start:No Error
164921:A_18_GoTo_19|Start:No Error
164921:A_18_GoTo_19|Done:No Error
164921:B_18_GoTo_19|Start:No Error
164921:B_18_GoTo_19|Done:No Error
164921:C_18_GoTo_19|Start:No Error
164921:D_18_GoTo_19|Done:No Error
164922:C_18_GoTo_19|Done:No Error
164922:S_18_GoTo_19|Finish:No Error
164923:S_17_GoTo_18|Start:No Error
164923:D_17_GoTo_18|Start:No Error
164923:A_17_GoTo_18|Start:No Error
164923:A_17_GoTo_18|Done:No Error
164923:B_17_GoTo_18|Start:No Error
164923:S_20_GoTo_22|Start:No Error
164923:D_20_GoTo_22|Start:No Error
164923:A_20_GoTo_22|Start:No Error
164923:D_20_GoTo_22|Done:No Error
164923:A_20_GoTo_22|Done:No Error
164923:B_20_GoTo_22|Start:No Error
164924:B_20_GoTo_22|Done:No Error
164924:C_20_GoTo_22|Start:No Error
164924:B_17_GoTo_18|Done:No Error
164924:C_17_GoTo_18|Start:No Error
164924:D_17_GoTo_18|Done:No Error
164925:C_17_GoTo_18|Done:No Error
164925:S_17_GoTo_18|Finish:No Error
164925:C_20_GoTo_22|Done:No Error
164925:S_20_GoTo_22|Finish:No Error
164930:S_22_GoTo_21|Start:No Error
164930:D_22_GoTo_21|Start:No Error
164930:A_22_GoTo_21|Start:No Error
164930:D_22_GoTo_21|Done:No Error
164930:A_22_GoTo_21|Done:No Error
164930:B_22_GoTo_21|Start:No Error
164930:B_22_GoTo_21|Done:No Error
164930:C_22_GoTo_21|Start:No Error
164930:C_22_GoTo_21|Done:No Error
164930:S_22_GoTo_21|Finish:No Error
164931:S_16_GoTo_17|Start:No Error
164931:D_16_GoTo_17|Start:No Error
164931:A_16_GoTo_17|Start:No Error
164931:A_16_GoTo_17|Done:No Error
164931:B_16_GoTo_17|Start:No Error
164931:B_16_GoTo_17|Done:No Error
164931:C_16_GoTo_17|Start:No Error
164931:D_16_GoTo_17|Done:No Error
164931:C_16_GoTo_17|Done:No Error
164931:S_16_GoTo_17|Finish:No Error
164935:S_21_GoTo_FINISH|Start:No Error
164935:D_21_GoTo_FINISH|Start:No Error
164935:A_21_GoTo_FINISH|Start:No Error
164935:A_21_GoTo_FINISH|Done:No Error
164935:B_21_GoTo_FINISH|Start:No Error
164935:B_FINISH_NA_NA:No Error
164935:B_21_GoTo_FINISH|Done:No Error
164935:C_21_GoTo_FINISH|Start:No Error
164935:D_21_GoTo_FINISH|Done:No Error
164935:C_21_GoTo_FINISH|Done:No Error
164935:S_21_GoTo_FINISH|Finish:No Error
164937:S_18_GoTo_19|Start:No Error
164937:A_18_GoTo_19|Start:No Error
164937:D_18_GoTo_19|Start:No Error
164937:D_18_GoTo_19|Done:No Error
164940:S_17_GoTo_18|Start:No Error
164940:D_17_GoTo_18|Start:No Error
164940:A_17_GoTo_18|Start:No Error
164940:D_17_GoTo_18|Done:No Error
164952:S_19_GoTo_20|Start:No Error
164952:D_19_GoTo_20|Start:No Error
164952:A_19_GoTo_20|Start:No Error
164952:A_19_GoTo_20|Done:No Error
164952:B_19_GoTo_20|Start:No Error
164952:B_19_GoTo_20|Done:No Error
164952:C_19_GoTo_20|Start:No Error
164952:D_19_GoTo_20|Done:No Error
164952:A_18_GoTo_19|Done:No Error
164952:B_18_GoTo_19|Start:No Error
164952:C_19_GoTo_20|Done:No Error
164952:S_19_GoTo_20|Finish:No Error
164953:B_18_GoTo_19|Done:No Error
164953:C_18_GoTo_19|Start:No Error
164953:A_17_GoTo_18|Done:No Error
164953:C_18_GoTo_19|Done:No Error
164953:B_17_GoTo_18|Start:No Error
164953:S_18_GoTo_19|Finish:No Error
164954:B_17_GoTo_18|Done:No Error
164954:C_17_GoTo_18|Start:No Error
164954:C_17_GoTo_18|Done:No Error
164954:S_17_GoTo_18|Finish:No Error
164957:S_20_GoTo_22|Start:No Error
164957:A_20_GoTo_22|Start:No Error
164957:D_20_GoTo_22|Start:No Error
164957:D_20_GoTo_22|Done:No Error
164957:A_20_GoTo_22|Done:No Error
164957:B_20_GoTo_22|Start:No Error
164958:B_20_GoTo_22|Done:No Error
164958:C_20_GoTo_22|Start:No Error
164958:C_20_GoTo_22|Done:No Error
164958:S_20_GoTo_22|Finish:No Error
164959:S_18_GoTo_19|Start:No Error
164959:D_18_GoTo_19|Start:No Error
164959:A_18_GoTo_19|Start:No Error
165000:D_18_GoTo_19|Done:No Error
165003:S_22_GoTo_21|Start:No Error
165003:D_22_GoTo_21|Start:No Error
165003:A_22_GoTo_21|Start:No Error
165003:D_22_GoTo_21|Done:No Error
165003:A_22_GoTo_21|Done:No Error
165003:B_22_GoTo_21|Start:No Error
165003:B_22_GoTo_21|Done:No Error
165003:C_22_GoTo_21|Start:No Error
165003:C_22_GoTo_21|Done:No Error
165003:S_22_GoTo_21|Finish:No Error
165008:S_21_GoTo_FINISH|Start:No Error
165008:D_21_GoTo_FINISH|Start:No Error
165008:A_21_GoTo_FINISH|Start:No Error
165008:A_21_GoTo_FINISH|Done:No Error
165008:B_21_GoTo_FINISH|Start:No Error
165008:B_FINISH_NA_NA:No Error
165008:B_21_GoTo_FINISH|Done:No Error
165008:D_21_GoTo_FINISH|Done:No Error
165008:C_21_GoTo_FINISH|Start:No Error
165008:C_21_GoTo_FINISH|Done:No Error
165008:S_21_GoTo_FINISH|Finish:No Error
165016:S_19_GoTo_20|Start:No Error
165016:A_19_GoTo_20|Start:No Error
165016:D_19_GoTo_20|Start:No Error
165016:A_19_GoTo_20|Done:No Error
165016:B_19_GoTo_20|Start:No Error
165016:B_19_GoTo_20|Done:No Error
165016:C_19_GoTo_20|Start:No Error
165016:D_19_GoTo_20|Done:No Error
165017:A_18_GoTo_19|Done:No Error
165017:C_19_GoTo_20|Done:No Error
165017:B_18_GoTo_19|Start:No Error
165017:S_19_GoTo_20|Finish:No Error
165017:B_18_GoTo_19|Done:No Error
165017:C_18_GoTo_19|Start:No Error
165018:C_18_GoTo_19|Done:No Error
165018:S_18_GoTo_19|Finish:No Error
165026:S_20_GoTo_22|Start:No Error
165026:D_20_GoTo_22|Start:No Error
165026:A_20_GoTo_22|Start:No Error
165026:D_20_GoTo_22|Done:No Error
165027:A_20_GoTo_22|Done:No Error
165027:B_20_GoTo_22|Start:No Error
165027:B_20_GoTo_22|Done:No Error
165027:C_20_GoTo_22|Start:No Error
165027:C_20_GoTo_22|Done:No Error
165027:S_20_GoTo_22|Finish:No Error
165031:S_22_GoTo_21|Start:No Error
165031:D_22_GoTo_21|Start:No Error
165031:A_22_GoTo_21|Start:No Error
165031:D_22_GoTo_21|Done:No Error
165031:A_22_GoTo_21|Done:No Error
165031:B_22_GoTo_21|Start:No Error
165032:B_22_GoTo_21|Done:No Error
165032:C_22_GoTo_21|Start:No Error
165032:S_19_GoTo_20|Start:No Error
165032:A_19_GoTo_20|Start:No Error
165032:D_19_GoTo_20|Start:No Error
165032:A_19_GoTo_20|Done:No Error
165032:B_19_GoTo_20|Start:No Error
165032:B_19_GoTo_20|Done:No Error
165032:C_19_GoTo_20|Start:No Error
165032:C_22_GoTo_21|Done:No Error
165032:S_22_GoTo_21|Finish:No Error
165032:D_19_GoTo_20|Done:No Error
165033:C_19_GoTo_20|Done:No Error
165033:S_19_GoTo_20|Finish:No Error
165037:S_21_GoTo_FINISH|Start:No Error
165037:D_21_GoTo_FINISH|Start:No Error
165037:A_21_GoTo_FINISH|Start:No Error
165037:A_21_GoTo_FINISH|Done:No Error
165037:B_21_GoTo_FINISH|Start:No Error
165037:B_FINISH_NA_NA:No Error
165037:D_21_GoTo_FINISH|Done:No Error
165037:B_21_GoTo_FINISH|Done:No Error
165037:C_21_GoTo_FINISH|Start:No Error
165037:C_21_GoTo_FINISH|Done:No Error
165037:S_21_GoTo_FINISH|Finish:No Error
165037:S_20_GoTo_22|Start:No Error
165037:D_20_GoTo_22|Start:No Error
165037:A_20_GoTo_22|Start:No Error
165037:D_20_GoTo_22|Done:No Error
165038:A_20_GoTo_22|Done:No Error
165038:B_20_GoTo_22|Start:No Error
165038:B_20_GoTo_22|Done:No Error
165038:C_20_GoTo_22|Start:No Error
165038:C_20_GoTo_22|Done:No Error
165038:S_20_GoTo_22|Finish:No Error
165041:S_22_GoTo_21|Start:No Error
165041:D_22_GoTo_21|Start:No Error
165041:A_22_GoTo_21|Start:No Error
165041:D_22_GoTo_21|Done:No Error
165041:A_22_GoTo_21|Done:No Error
165041:B_22_GoTo_21|Start:No Error
165041:B_22_GoTo_21|Done:No Error
165041:C_22_GoTo_21|Start:No Error
165041:C_22_GoTo_21|Done:No Error
165041:S_22_GoTo_21|Finish:No Error
165045:S_21_GoTo_FINISH|Start:No Error
165045:D_21_GoTo_FINISH|Start:No Error
165045:A_21_GoTo_FINISH|Start:No Error
165045:A_21_GoTo_FINISH|Done:No Error
165045:B_21_GoTo_FINISH|Start:No Error
165045:B_FINISH_NA_NA:No Error
165045:B_21_GoTo_FINISH|Done:No Error
165045:D_21_GoTo_FINISH|Done:No Error
165045:C_21_GoTo_FINISH|Start:No Error
165046:C_21_GoTo_FINISH|Done:No Error
165046:S_21_GoTo_FINISH|Finish:No Error
