161015:T510836_5:Machine Process.. START
161015:T510836_5:GOING TO SEND START
161015:T510836_5:SENT START, WAITING FOR FINISH 
161047:T510836_5:MACHINE DONE
161047:T510836_5:Error Code 0
161152:T510836_6:Machine Process.. START
161153:T510836_6:GOING TO SEND START
161153:T510836_6:SENT START, WAITING FOR FINISH 
161222:T510836_6:MACHINE DONE
161222:T510836_6:Error Code 0
161236:T510836_7:Machine Process.. START
161236:T510836_7:GOING TO SEND START
161236:T510836_7:SENT START, WAITING FOR FINISH 
161304:T510836_7:MACHINE DONE
161305:T510836_7:Error Code 0
161403:T510836_8:Machine Process.. START
161403:T510836_8:GOING TO SEND START
161403:T510836_8:SENT START, WAITING FOR FINISH 
161432:T510836_8:MACHINE DONE
161432:T510836_8:Error Code 0
161500:T510836_9:Machine Process.. START
161500:T510836_9:GOING TO SEND START
161501:T510836_9:SENT START, WAITING FOR FINISH 
161529:T510836_9:MACHINE DONE
161529:T510836_9:Error Code 0
161623:T510836_10:Machine Process.. START
161623:T510836_10:GOING TO SEND START
161623:T510836_10:SENT START, WAITING FOR FINISH 
161658:T510836_10:MACHINE DONE
161658:T510836_10:Error Code 0
161750:T510836_11:Machine Process.. START
161750:T510836_11:GOING TO SEND START
161751:T510836_11:SENT START, WAITING FOR FINISH 
161819:T510836_11:MACHINE DONE
161819:T510836_11:Error Code 0
162036:T510836_12:Machine Process.. START
162037:T510836_12:GOING TO SEND START
162037:T510836_12:SENT START, WAITING FOR FINISH 
162117:T510836_12:MACHINE DONE
162117:T510836_12:Error Code 0
162214:T510836_13:Machine Process.. START
162214:T510836_13:GOING TO SEND START
162214:T510836_13:SENT START, WAITING FOR FINISH 
162244:T510836_13:MACHINE DONE
162244:T510836_13:Error Code 0
162515:T510836_14:Machine Process.. START
162515:T510836_14:GOING TO SEND START
162515:T510836_14:SENT START, WAITING FOR FINISH 
162553:T510836_14:MACHINE DONE
162553:T510836_14:Error Code 0
162716:T510836_15:Machine Process.. START
162716:T510836_15:GOING TO SEND START
162717:T510836_15:SENT START, WAITING FOR FINISH 
195513:T510836_15:MACHINE DONE
195513:T510836_15:Error Code 0
