081431:T510836COVA_1:Machine Process.. START
081431:T510836COVA_1:GOING TO SEND START
081431:T510836COVA_1:SENT START, WAITING FOR FINISH 
083014:T510836COVA_1:MACHINE DONE
083014:T510836COVA_1:Error Code 0
161132:T510836_5:Machine Process.. START
161133:T510836_5:GOING TO SEND START
161133:T510836_5:SENT START, WAITING FOR FINISH 
161330:T510836_5:MACHINE DONE
161330:T510836_5:Error Code 0
161333:T510836_6:Machine Process.. START
161333:T510836_6:GOING TO SEND START
161334:T510836_6:SENT START, WAITING FOR FINISH 
161451:T510836_6:MACHINE DONE
161451:T510836_6:Error Code 0
161454:T510836_7:Machine Process.. START
161454:T510836_7:GOING TO SEND START
161454:T510836_7:SENT START, WAITING FOR FINISH 
161607:T510836_7:MACHINE DONE
161607:T510836_7:Error Code 0
161727:T510836_8:Machine Process.. START
161727:T510836_8:GOING TO SEND START
161728:T510836_8:SENT START, WAITING FOR FINISH 
161908:T510836_8:MACHINE DONE
161908:T510836_8:Error Code 0
161911:T510836_9:Machine Process.. START
161911:T510836_9:GOING TO SEND START
161911:T510836_9:SENT START, WAITING FOR FINISH 
162039:T510836_9:MACHINE DONE
162039:T510836_9:Error Code 0
162042:T510836_10:Machine Process.. START
162042:T510836_10:GOING TO SEND START
162042:T510836_10:SENT START, WAITING FOR FINISH 
162147:T510836_10:MACHINE DONE
162147:T510836_10:Error Code 0
162157:T510836_11:Machine Process.. START
162157:T510836_11:GOING TO SEND START
162157:T510836_11:SENT START, WAITING FOR FINISH 
162310:T510836_11:MACHINE DONE
162310:T510836_11:Error Code 0
162319:T510836_12:Machine Process.. START
162319:T510836_12:GOING TO SEND START
162320:T510836_12:SENT START, WAITING FOR FINISH 
162432:T510836_12:MACHINE DONE
162432:T510836_12:Error Code 0
162441:T510836_13:Machine Process.. START
162441:T510836_13:GOING TO SEND START
162442:T510836_13:SENT START, WAITING FOR FINISH 
174034:T510836_13:MACHINE DONE
174034:T510836_13:Error Code 0
180723:T510836COVA_2:Machine Process.. START
180723:T510836COVA_2:GOING TO SEND START
180723:T510836COVA_2:SENT START, WAITING FOR FINISH 
193137:T510836COVA_2:MACHINE DONE
193137:T510836COVA_2:Error Code 0
195612:T510836_23:Machine Process.. START
195612:T510836_23:GOING TO SEND START
195613:T510836_23:SENT START, WAITING FOR FINISH 
