090531:T510837_1:Machine Process.. START
090531:T510837_1:GOING TO SEND START
090532:T510837_1:SENT START, WAITING FOR FINISH 
090603:T510837_1:MACHINE DONE
090603:T510837_1:Error Code 0
090758:T510837_2:Machine Process.. START
090758:T510837_2:GOING TO SEND START
090758:T510837_2:SENT START, WAITING FOR FINISH 
090800:T510837_2:MACHINE DONE
090800:T510837_2:Error Code 0
090932:T510837_3:Machine Process.. START
090932:T510837_3:GOING TO SEND START
090933:T510837_3:SENT START, WAITING FOR FINISH 
090954:T510837_3:MACHINE DONE
090954:T510837_3:Error Code 0
091621:T510837_4:Machine Process.. START
091621:T510837_4:GOING TO SEND START
091621:T510837_4:SENT START, WAITING FOR FINISH 
091643:T510837_4:MACHINE DONE
091643:T510837_4:Error Code 0
091944:T510837_5:Machine Process.. START
091945:T510837_5:GOING TO SEND START
091945:T510837_5:SENT START, WAITING FOR FINISH 
092001:T510837_5:MACHINE DONE
092001:T510837_5:Error Code 0
092531:T510837_6:Machine Process.. START
092531:T510837_6:GOING TO SEND START
092531:T510837_6:SENT START, WAITING FOR FINISH 
092546:T510837_6:MACHINE DONE
092546:T510837_6:Error Code 0
092805:T510837_7:Machine Process.. START
092806:T510837_7:GOING TO SEND START
092806:T510837_7:SENT START, WAITING FOR FINISH 
092818:T510837_7:MACHINE DONE
092818:T510837_7:Error Code 0
093027:T510837_8:Machine Process.. START
093028:T510837_8:GOING TO SEND START
093028:T510837_8:SENT START, WAITING FOR FINISH 
093052:T510837_8:MACHINE DONE
093052:T510837_8:Error Code 0
093239:T510837_9:Machine Process.. START
093239:T510837_9:GOING TO SEND START
093239:T510837_9:SENT START, WAITING FOR FINISH 
093252:T510837_9:MACHINE DONE
093252:T510837_9:Error Code 0
093427:T510837_10:Machine Process.. START
093427:T510837_10:GOING TO SEND START
093428:T510837_10:SENT START, WAITING FOR FINISH 
093442:T510837_10:MACHINE DONE
093442:T510837_10:Error Code 0
093730:T510837_11:Machine Process.. START
093730:T510837_11:GOING TO SEND START
093731:T510837_11:SENT START, WAITING FOR FINISH 
093929:T510837_11:MACHINE DONE
093929:T510837_11:Error Code 0
094048:T510837_12:Machine Process.. START
094048:T510837_12:GOING TO SEND START
094049:T510837_12:SENT START, WAITING FOR FINISH 
094217:T510837_12:MACHINE DONE
094217:T510837_12:Error Code 0
094323:T510837_13:Machine Process.. START
094323:T510837_13:GOING TO SEND START
094323:T510837_13:SENT START, WAITING FOR FINISH 
094347:T510837_13:MACHINE DONE
094347:T510837_13:Error Code 0
094529:T510837_14:Machine Process.. START
094529:T510837_14:GOING TO SEND START
094530:T510837_14:SENT START, WAITING FOR FINISH 
094548:T510837_14:MACHINE DONE
094548:T510837_14:Error Code 0
094739:T510837_15:Machine Process.. START
094739:T510837_15:GOING TO SEND START
094739:T510837_15:SENT START, WAITING FOR FINISH 
095000:T510837_15:MACHINE DONE
095001:T510837_15:Error Code 0
095148:T510837_16:Machine Process.. START
095148:T510837_16:GOING TO SEND START
095149:T510837_16:SENT START, WAITING FOR FINISH 
095201:T510837_16:MACHINE DONE
095201:T510837_16:Error Code 0
095441:T510837_17:Machine Process.. START
095441:T510837_17:GOING TO SEND START
095442:T510837_17:SENT START, WAITING FOR FINISH 
095508:T510837_17:MACHINE DONE
095508:T510837_17:Error Code 0
095642:T510837_18:Machine Process.. START
095642:T510837_18:GOING TO SEND START
095643:T510837_18:SENT START, WAITING FOR FINISH 
095943:T510837_18:MACHINE DONE
095943:T510837_18:Error Code 0
101450:T510837_19:Machine Process.. START
101450:T510837_19:GOING TO SEND START
101450:T510837_19:SENT START, WAITING FOR FINISH 
101533:T510837_19:MACHINE DONE
101534:T510837_19:Error Code 0
102123:T510836_1:Machine Process.. START
102123:T510836_1:GOING TO SEND START
102124:T510836_1:SENT START, WAITING FOR FINISH 
102440:T510836_1:MACHINE DONE
102441:T510836_1:Error Code 0
102841:T510836_2:Machine Process.. START
102841:T510836_2:GOING TO SEND START
102842:T510836_2:SENT START, WAITING FOR FINISH 
102910:T510836_2:MACHINE DONE
102910:T510836_2:Error Code 0
103440:T510836_3:Machine Process.. START
103441:T510836_3:GOING TO SEND START
103441:T510836_3:SENT START, WAITING FOR FINISH 
103453:T510836_3:MACHINE DONE
103453:T510836_3:Error Code 0
103810:T510836_4:Machine Process.. START
103810:T510836_4:GOING TO SEND START
103811:T510836_4:SENT START, WAITING FOR FINISH 
103917:T510836_4:MACHINE DONE
103919:T510836_4:Error Code 0
104357:T510836_5:Machine Process.. START
104357:T510836_5:GOING TO SEND START
104357:T510836_5:SENT START, WAITING FOR FINISH 
104459:T510836_5:MACHINE DONE
104459:T510836_5:Error Code 0
104630:T510836_6:Machine Process.. START
104630:T510836_6:GOING TO SEND START
104630:T510836_6:SENT START, WAITING FOR FINISH 
104714:T510836_6:MACHINE DONE
104714:T510836_6:Error Code 0
104912:T510836_7:Machine Process.. START
104913:T510836_7:GOING TO SEND START
104913:T510836_7:SENT START, WAITING FOR FINISH 
104948:T510836_7:MACHINE DONE
104948:T510836_7:Error Code 0
134913:T510837_20:Machine Process.. START
134914:T510837_20:GOING TO SEND START
134914:T510837_20:SENT START, WAITING FOR FINISH 
134918:T510837_20:MACHINE DONE
134918:T510837_20:Error Code 0
135022:T510837_21:Machine Process.. START
135022:T510837_21:GOING TO SEND START
135022:T510837_21:SENT START, WAITING FOR FINISH 
135027:T510837_21:MACHINE DONE
135027:T510837_21:Error Code 0
135113:T510837_22:Machine Process.. START
135113:T510837_22:GOING TO SEND START
135114:T510837_22:SENT START, WAITING FOR FINISH 
135127:T510837_22:MACHINE DONE
135127:T510837_22:Error Code 0
135213:T510837_23:Machine Process.. START
135213:T510837_23:GOING TO SEND START
135213:T510837_23:SENT START, WAITING FOR FINISH 
135220:T510837_23:MACHINE DONE
135220:T510837_23:Error Code 0
135310:T510837_24:Machine Process.. START
135310:T510837_24:GOING TO SEND START
135311:T510837_24:SENT START, WAITING FOR FINISH 
135317:T510837_24:MACHINE DONE
135317:T510837_24:Error Code 0
135501:T510837_25:Machine Process.. START
135501:T510837_25:GOING TO SEND START
135502:T510837_25:SENT START, WAITING FOR FINISH 
135508:T510837_25:MACHINE DONE
135508:T510837_25:Error Code 0
135615:T510837_26:Machine Process.. START
135615:T510837_26:GOING TO SEND START
135615:T510837_26:SENT START, WAITING FOR FINISH 
135624:T510837_26:MACHINE DONE
135624:T510837_26:Error Code 0
135657:T510837_27:Machine Process.. START
135657:T510837_27:GOING TO SEND START
135657:T510837_27:SENT START, WAITING FOR FINISH 
135701:T510837_27:MACHINE DONE
135701:T510837_27:Error Code 0
135726:T510837_28:Machine Process.. START
135727:T510837_28:GOING TO SEND START
135727:T510837_28:SENT START, WAITING FOR FINISH 
135730:T510837_28:MACHINE DONE
135730:T510837_28:Error Code 0
135805:T510837_29:Machine Process.. START
135805:T510837_29:GOING TO SEND START
135806:T510837_29:SENT START, WAITING FOR FINISH 
135809:T510837_29:MACHINE DONE
135810:T510837_29:Error Code 0
135900:T510837_30:Machine Process.. START
135900:T510837_30:GOING TO SEND START
135901:T510837_30:SENT START, WAITING FOR FINISH 
135905:T510837_30:MACHINE DONE
135905:T510837_30:Error Code 0
140000:T510837_31:Machine Process.. START
140000:T510837_31:GOING TO SEND START
140001:T510837_31:SENT START, WAITING FOR FINISH 
140007:T510837_31:MACHINE DONE
140007:T510837_31:Error Code 0
140135:T510837_32:Machine Process.. START
140135:T510837_32:GOING TO SEND START
140136:T510837_32:SENT START, WAITING FOR FINISH 
140141:T510837_32:MACHINE DONE
140141:T510837_32:Error Code 0
140223:T510837_33:Machine Process.. START
140223:T510837_33:GOING TO SEND START
140224:T510837_33:SENT START, WAITING FOR FINISH 
140229:T510837_33:MACHINE DONE
140229:T510837_33:Error Code 0
140350:T510837_34:Machine Process.. START
140350:T510837_34:GOING TO SEND START
140350:T510837_34:SENT START, WAITING FOR FINISH 
140400:T510837_34:MACHINE DONE
140400:T510837_34:Error Code 0
140504:T510837_35:Machine Process.. START
140504:T510837_35:GOING TO SEND START
140504:T510837_35:SENT START, WAITING FOR FINISH 
140510:T510837_35:MACHINE DONE
140510:T510837_35:Error Code 0
140615:T510837_36:Machine Process.. START
140616:T510837_36:GOING TO SEND START
140616:T510837_36:SENT START, WAITING FOR FINISH 
140621:T510837_36:MACHINE DONE
140621:T510837_36:Error Code 0
140731:T510837_37:Machine Process.. START
140731:T510837_37:GOING TO SEND START
140732:T510837_37:SENT START, WAITING FOR FINISH 
140734:T510837_37:MACHINE DONE
140734:T510837_37:Error Code 0
140847:T510837_38:Machine Process.. START
140847:T510837_38:GOING TO SEND START
140847:T510837_38:SENT START, WAITING FOR FINISH 
140850:T510837_38:MACHINE DONE
140850:T510837_38:Error Code 0
141005:T510837_39:Machine Process.. START
141005:T510837_39:GOING TO SEND START
141005:T510837_39:SENT START, WAITING FOR FINISH 
141015:T510837_39:MACHINE DONE
141016:T510837_39:Error Code 0
141126:T510837_40:Machine Process.. START
141126:T510837_40:GOING TO SEND START
141127:T510837_40:SENT START, WAITING FOR FINISH 
141132:T510837_40:MACHINE DONE
141132:T510837_40:Error Code 0
141242:T510837_41:Machine Process.. START
141242:T510837_41:GOING TO SEND START
141243:T510837_41:SENT START, WAITING FOR FINISH 
141246:T510837_41:MACHINE DONE
141246:T510837_41:Error Code 0
141413:T510837_42:Machine Process.. START
141414:T510837_42:GOING TO SEND START
141414:T510837_42:SENT START, WAITING FOR FINISH 
141418:T510837_42:MACHINE DONE
141418:T510837_42:Error Code 0
141529:T510837_43:Machine Process.. START
141529:T510837_43:GOING TO SEND START
141530:T510837_43:SENT START, WAITING FOR FINISH 
141545:T510837_43:MACHINE DONE
141546:T510837_43:Error Code 0
141645:T510837_44:Machine Process.. START
141646:T510837_44:GOING TO SEND START
141646:T510837_44:SENT START, WAITING FOR FINISH 
141648:T510837_44:MACHINE DONE
141649:T510837_44:Error Code 0
141726:T510837_45:Machine Process.. START
141726:T510837_45:GOING TO SEND START
141727:T510837_45:SENT START, WAITING FOR FINISH 
141729:T510837_45:MACHINE DONE
141729:T510837_45:Error Code 0
141802:T510837_46:Machine Process.. START
141802:T510837_46:GOING TO SEND START
141803:T510837_46:SENT START, WAITING FOR FINISH 
141806:T510837_46:MACHINE DONE
141806:T510837_46:Error Code 0
141840:T510837_47:Machine Process.. START
141840:T510837_47:GOING TO SEND START
141841:T510837_47:SENT START, WAITING FOR FINISH 
141844:T510837_47:MACHINE DONE
141844:T510837_47:Error Code 0
141917:T510837_48:Machine Process.. START
141917:T510837_48:GOING TO SEND START
141917:T510837_48:SENT START, WAITING FOR FINISH 
141921:T510837_48:MACHINE DONE
141922:T510837_48:Error Code 0
142002:T510837_49:Machine Process.. START
142002:T510837_49:GOING TO SEND START
142002:T510837_49:SENT START, WAITING FOR FINISH 
142008:T510837_49:MACHINE DONE
142008:T510837_49:Error Code 0
142141:T510837_50:Machine Process.. START
142142:T510837_50:GOING TO SEND START
142142:T510837_50:SENT START, WAITING FOR FINISH 
142147:T510837_50:MACHINE DONE
142147:T510837_50:Error Code 0
142321:T510837_51:Machine Process.. START
142321:T510837_51:GOING TO SEND START
142321:T510837_51:SENT START, WAITING FOR FINISH 
142325:T510837_51:MACHINE DONE
142325:T510837_51:Error Code 0
142429:T510837_52:Machine Process.. START
142429:T510837_52:GOING TO SEND START
142429:T510837_52:SENT START, WAITING FOR FINISH 
142444:T510837_52:MACHINE DONE
142444:T510837_52:Error Code 0
142527:T510837_53:Machine Process.. START
142527:T510837_53:GOING TO SEND START
142527:T510837_53:SENT START, WAITING FOR FINISH 
142533:T510837_53:MACHINE DONE
142533:T510837_53:Error Code 0
142604:T510837_54:Machine Process.. START
142604:T510837_54:GOING TO SEND START
142604:T510837_54:SENT START, WAITING FOR FINISH 
142608:T510837_54:MACHINE DONE
142608:T510837_54:Error Code 0
142645:T510837_55:Machine Process.. START
142646:T510837_55:GOING TO SEND START
142646:T510837_55:SENT START, WAITING FOR FINISH 
142700:T510837_55:MACHINE DONE
142700:T510837_55:Error Code 0
142723:T510837_56:Machine Process.. START
142723:T510837_56:GOING TO SEND START
142723:T510837_56:SENT START, WAITING FOR FINISH 
142729:T510837_56:MACHINE DONE
142729:T510837_56:Error Code 0
143806:T510837_57:Machine Process.. START
143807:T510837_57:GOING TO SEND START
143807:T510837_57:SENT START, WAITING FOR FINISH 
143809:T510837_57:MACHINE DONE
143809:T510837_57:Error Code 0
143859:T510837_58:Machine Process.. START
143859:T510837_58:GOING TO SEND START
143859:T510837_58:SENT START, WAITING FOR FINISH 
143907:T510837_58:MACHINE DONE
143908:T510837_58:Error Code 0
143956:T510837_59:Machine Process.. START
143957:T510837_59:GOING TO SEND START
143957:T510837_59:SENT START, WAITING FOR FINISH 
144003:T510837_59:MACHINE DONE
144003:T510837_59:Error Code 0
144135:T510837_60:Machine Process.. START
144135:T510837_60:GOING TO SEND START
144136:T510837_60:SENT START, WAITING FOR FINISH 
144140:T510837_60:MACHINE DONE
144140:T510837_60:Error Code 0
144234:T510837_61:Machine Process.. START
144235:T510837_61:GOING TO SEND START
144235:T510837_61:SENT START, WAITING FOR FINISH 
144246:T510837_61:MACHINE DONE
144246:T510837_61:Error Code 0
144339:T510837_62:Machine Process.. START
144339:T510837_62:GOING TO SEND START
144340:T510837_62:SENT START, WAITING FOR FINISH 
144344:T510837_62:MACHINE DONE
144344:T510837_62:Error Code 0
144437:T510837_63:Machine Process.. START
144438:T510837_63:GOING TO SEND START
144438:T510837_63:SENT START, WAITING FOR FINISH 
144442:T510837_63:MACHINE DONE
144442:T510837_63:Error Code 0
144612:T510837_64:Machine Process.. START
144612:T510837_64:GOING TO SEND START
144612:T510837_64:SENT START, WAITING FOR FINISH 
144617:T510837_64:MACHINE DONE
144617:T510837_64:Error Code 0
144647:T510837_65:Machine Process.. START
144647:T510837_65:GOING TO SEND START
144647:T510837_65:SENT START, WAITING FOR FINISH 
144649:T510837_65:MACHINE DONE
144649:T510837_65:Error Code 0
144725:T510837_66:Machine Process.. START
144725:T510837_66:GOING TO SEND START
144726:T510837_66:SENT START, WAITING FOR FINISH 
144729:T510837_66:MACHINE DONE
144729:T510837_66:Error Code 0
144818:T510837_67:Machine Process.. START
144818:T510837_67:GOING TO SEND START
144818:T510837_67:SENT START, WAITING FOR FINISH 
144822:T510837_67:MACHINE DONE
144822:T510837_67:Error Code 0
144931:T510837_68:Machine Process.. START
144931:T510837_68:GOING TO SEND START
144931:T510837_68:SENT START, WAITING FOR FINISH 
144936:T510837_68:MACHINE DONE
144937:T510837_68:Error Code 0
145022:T510837_69:Machine Process.. START
145022:T510837_69:GOING TO SEND START
145023:T510837_69:SENT START, WAITING FOR FINISH 
145027:T510837_69:MACHINE DONE
145027:T510837_69:Error Code 0
145203:T510837_70:Machine Process.. START
145203:T510837_70:GOING TO SEND START
145204:T510837_70:SENT START, WAITING FOR FINISH 
145209:T510837_70:MACHINE DONE
145209:T510837_70:Error Code 0
145248:T510837_71:Machine Process.. START
145248:T510837_71:GOING TO SEND START
145249:T510837_71:SENT START, WAITING FOR FINISH 
145255:T510837_71:MACHINE DONE
145255:T510837_71:Error Code 0
145333:T510837_72:Machine Process.. START
145333:T510837_72:GOING TO SEND START
145334:T510837_72:SENT START, WAITING FOR FINISH 
145336:T510837_72:MACHINE DONE
145337:T510837_72:Error Code 0
145424:T510837_73:Machine Process.. START
145424:T510837_73:GOING TO SEND START
145424:T510837_73:SENT START, WAITING FOR FINISH 
145435:T510837_73:MACHINE DONE
145435:T510837_73:Error Code 0
145501:T510837_74:Machine Process.. START
145501:T510837_74:GOING TO SEND START
145502:T510837_74:SENT START, WAITING FOR FINISH 
145505:T510837_74:MACHINE DONE
145505:T510837_74:Error Code 0
145607:T510837_75:Machine Process.. START
145608:T510837_75:GOING TO SEND START
145608:T510837_75:SENT START, WAITING FOR FINISH 
145611:T510837_75:MACHINE DONE
145611:T510837_75:Error Code 0
145650:T510837_76:Machine Process.. START
145650:T510837_76:GOING TO SEND START
145650:T510837_76:SENT START, WAITING FOR FINISH 
145654:T510837_76:MACHINE DONE
145655:T510837_76:Error Code 0
145855:T510837_77:Machine Process.. START
145855:T510837_77:GOING TO SEND START
145856:T510837_77:SENT START, WAITING FOR FINISH 
145858:T510837_77:MACHINE DONE
145858:T510837_77:Error Code 0
145942:T510837_78:Machine Process.. START
145942:T510837_78:GOING TO SEND START
145943:T510837_78:SENT START, WAITING FOR FINISH 
145947:T510837_78:MACHINE DONE
145947:T510837_78:Error Code 0
152043:T510837_80:Machine Process.. START
152043:T510837_80:GOING TO SEND START
152044:T510837_80:SENT START, WAITING FOR FINISH 
152049:T510837_80:MACHINE DONE
152049:T510837_80:Error Code 0
152118:T510837_81:Machine Process.. START
152118:T510837_81:GOING TO SEND START
152118:T510837_81:SENT START, WAITING FOR FINISH 
152122:T510837_81:MACHINE DONE
152122:T510837_81:Error Code 0
152141:T510837_82:Machine Process.. START
152142:T510837_82:GOING TO SEND START
152142:T510837_82:SENT START, WAITING FOR FINISH 
152146:T510837_82:MACHINE DONE
152146:T510837_82:Error Code 0
152239:T510837_83:Machine Process.. START
152240:T510837_83:GOING TO SEND START
152240:T510837_83:SENT START, WAITING FOR FINISH 
152243:T510837_83:MACHINE DONE
152243:T510837_83:Error Code 0
152329:T510837_84:Machine Process.. START
152329:T510837_84:GOING TO SEND START
152330:T510837_84:SENT START, WAITING FOR FINISH 
152334:T510837_84:MACHINE DONE
152334:T510837_84:Error Code 0
152413:T510837_85:Machine Process.. START
152413:T510837_85:GOING TO SEND START
152413:T510837_85:SENT START, WAITING FOR FINISH 
152418:T510837_85:MACHINE DONE
152418:T510837_85:Error Code 0
152538:T510837_86:Machine Process.. START
152538:T510837_86:GOING TO SEND START
152539:T510837_86:SENT START, WAITING FOR FINISH 
152543:T510837_86:MACHINE DONE
152543:T510837_86:Error Code 0
152620:T510837_87:Machine Process.. START
152620:T510837_87:GOING TO SEND START
152620:T510837_87:SENT START, WAITING FOR FINISH 
152625:T510837_87:MACHINE DONE
152625:T510837_87:Error Code 0
152728:T510837_88:Machine Process.. START
152728:T510837_88:GOING TO SEND START
152728:T510837_88:SENT START, WAITING FOR FINISH 
152734:T510837_88:MACHINE DONE
152734:T510837_88:Error Code 0
152840:T510837_89:Machine Process.. START
152840:T510837_89:GOING TO SEND START
152841:T510837_89:SENT START, WAITING FOR FINISH 
152844:T510837_89:MACHINE DONE
152844:T510837_89:Error Code 0
152911:T510837_90:Machine Process.. START
152912:T510837_90:GOING TO SEND START
152912:T510837_90:SENT START, WAITING FOR FINISH 
152914:T510837_90:MACHINE DONE
152914:T510837_90:Error Code 0
153009:T510837_91:Machine Process.. START
153009:T510837_91:GOING TO SEND START
153009:T510837_91:SENT START, WAITING FOR FINISH 
153013:T510837_91:MACHINE DONE
153014:T510837_91:Error Code 0
153108:T510837_92:Machine Process.. START
153109:T510837_92:GOING TO SEND START
153109:T510837_92:SENT START, WAITING FOR FINISH 
153111:T510837_92:MACHINE DONE
153111:T510837_92:Error Code 0
153157:T510837_93:Machine Process.. START
153157:T510837_93:GOING TO SEND START
153157:T510837_93:SENT START, WAITING FOR FINISH 
153200:T510837_93:MACHINE DONE
153200:T510837_93:Error Code 0
153240:T510837_94:Machine Process.. START
153241:T510837_94:GOING TO SEND START
153241:T510837_94:SENT START, WAITING FOR FINISH 
153244:T510837_94:MACHINE DONE
153245:T510837_94:Error Code 0
153338:T510837_95:Machine Process.. START
153339:T510837_95:GOING TO SEND START
153339:T510837_95:SENT START, WAITING FOR FINISH 
153342:T510837_95:MACHINE DONE
153342:T510837_95:Error Code 0
153416:T510837_96:Machine Process.. START
153416:T510837_96:GOING TO SEND START
153417:T510837_96:SENT START, WAITING FOR FINISH 
153421:T510837_96:MACHINE DONE
153421:T510837_96:Error Code 0
153510:T510837_97:Machine Process.. START
153510:T510837_97:GOING TO SEND START
153510:T510837_97:SENT START, WAITING FOR FINISH 
153515:T510837_97:MACHINE DONE
153515:T510837_97:Error Code 0
153546:T510837_98:Machine Process.. START
153546:T510837_98:GOING TO SEND START
153546:T510837_98:SENT START, WAITING FOR FINISH 
153556:T510837_98:MACHINE DONE
153556:T510837_98:Error Code 0
153620:T510837_99:Machine Process.. START
153621:T510837_99:GOING TO SEND START
153621:T510837_99:SENT START, WAITING FOR FINISH 
153630:T510837_99:MACHINE DONE
153630:T510837_99:Error Code 0
153714:T510837_100:Machine Process.. START
153714:T510837_100:GOING TO SEND START
153715:T510837_100:SENT START, WAITING FOR FINISH 
153719:T510837_100:MACHINE DONE
153719:T510837_100:Error Code 0
153741:T510837_101:Machine Process.. START
153742:T510837_101:GOING TO SEND START
153742:T510837_101:SENT START, WAITING FOR FINISH 
153745:T510837_101:MACHINE DONE
153745:T510837_101:Error Code 0
153808:T510837_102:Machine Process.. START
153808:T510837_102:GOING TO SEND START
153809:T510837_102:SENT START, WAITING FOR FINISH 
153811:T510837_102:MACHINE DONE
153811:T510837_102:Error Code 0
153858:T510837_103:Machine Process.. START
153858:T510837_103:GOING TO SEND START
153859:T510837_103:SENT START, WAITING FOR FINISH 
153902:T510837_103:MACHINE DONE
153902:T510837_103:Error Code 0
154047:T510837_104:Machine Process.. START
154047:T510837_104:GOING TO SEND START
154048:T510837_104:SENT START, WAITING FOR FINISH 
154052:T510837_104:MACHINE DONE
154053:T510837_104:Error Code 0
154133:T510837_105:Machine Process.. START
154133:T510837_105:GOING TO SEND START
154134:T510837_105:SENT START, WAITING FOR FINISH 
154140:T510837_105:MACHINE DONE
154140:T510837_105:Error Code 0
154234:T510837_106:Machine Process.. START
154234:T510837_106:GOING TO SEND START
154235:T510837_106:SENT START, WAITING FOR FINISH 
154240:T510837_106:MACHINE DONE
154240:T510837_106:Error Code 0
154311:T510837_107:Machine Process.. START
154311:T510837_107:GOING TO SEND START
154312:T510837_107:SENT START, WAITING FOR FINISH 
154320:T510837_107:MACHINE DONE
154320:T510837_107:Error Code 0
154343:T510837_108:Machine Process.. START
154343:T510837_108:GOING TO SEND START
154344:T510837_108:SENT START, WAITING FOR FINISH 
154348:T510837_108:MACHINE DONE
154348:T510837_108:Error Code 0
154444:T510837_109:Machine Process.. START
154444:T510837_109:GOING TO SEND START
154445:T510837_109:SENT START, WAITING FOR FINISH 
154449:T510837_109:MACHINE DONE
154450:T510837_109:Error Code 0
154548:T510837_110:Machine Process.. START
154548:T510837_110:GOING TO SEND START
154549:T510837_110:SENT START, WAITING FOR FINISH 
154550:T510837_110:MACHINE DONE
154550:T510837_110:Error Code 0
154635:T510837_111:Machine Process.. START
154636:T510837_111:GOING TO SEND START
154636:T510837_111:SENT START, WAITING FOR FINISH 
154639:T510837_111:MACHINE DONE
154639:T510837_111:Error Code 0
154707:T510837_112:Machine Process.. START
154707:T510837_112:GOING TO SEND START
154708:T510837_112:SENT START, WAITING FOR FINISH 
154711:T510837_112:MACHINE DONE
154711:T510837_112:Error Code 0
154928:T510837_113:Machine Process.. START
154928:T510837_113:GOING TO SEND START
154929:T510837_113:SENT START, WAITING FOR FINISH 
154933:T510837_113:MACHINE DONE
154933:T510837_113:Error Code 0
154959:T510837_114:Machine Process.. START
154959:T510837_114:GOING TO SEND START
154959:T510837_114:SENT START, WAITING FOR FINISH 
155003:T510837_114:MACHINE DONE
155003:T510837_114:Error Code 0
155041:T510837_115:Machine Process.. START
155041:T510837_115:GOING TO SEND START
155041:T510837_115:SENT START, WAITING FOR FINISH 
155045:T510837_115:MACHINE DONE
155045:T510837_115:Error Code 0
155123:T510837_116:Machine Process.. START
155123:T510837_116:GOING TO SEND START
155123:T510837_116:SENT START, WAITING FOR FINISH 
155125:T510837_116:MACHINE DONE
155125:T510837_116:Error Code 0
155154:T510837_117:Machine Process.. START
155154:T510837_117:GOING TO SEND START
155154:T510837_117:SENT START, WAITING FOR FINISH 
155158:T510837_117:MACHINE DONE
155158:T510837_117:Error Code 0
155228:T510837_118:Machine Process.. START
155228:T510837_118:GOING TO SEND START
155229:T510837_118:SENT START, WAITING FOR FINISH 
155233:T510837_118:MACHINE DONE
155233:T510837_118:Error Code 0
155258:T510837_119:Machine Process.. START
155258:T510837_119:GOING TO SEND START
155259:T510837_119:SENT START, WAITING FOR FINISH 
155304:T510837_119:MACHINE DONE
155304:T510837_119:Error Code 0
155323:T510837_120:Machine Process.. START
155324:T510837_120:GOING TO SEND START
155324:T510837_120:SENT START, WAITING FOR FINISH 
155327:T510837_120:MACHINE DONE
155327:T510837_120:Error Code 0
155427:T510837_121:Machine Process.. START
155427:T510837_121:GOING TO SEND START
155428:T510837_121:SENT START, WAITING FOR FINISH 
155431:T510837_121:MACHINE DONE
155431:T510837_121:Error Code 0
155525:T510837_122:Machine Process.. START
155525:T510837_122:GOING TO SEND START
155525:T510837_122:SENT START, WAITING FOR FINISH 
155529:T510837_122:MACHINE DONE
155529:T510837_122:Error Code 0
155551:T510837_123:Machine Process.. START
155551:T510837_123:GOING TO SEND START
155552:T510837_123:SENT START, WAITING FOR FINISH 
155556:T510837_123:MACHINE DONE
155556:T510837_123:Error Code 0
155711:T510837_124:Machine Process.. START
155712:T510837_124:GOING TO SEND START
155712:T510837_124:SENT START, WAITING FOR FINISH 
155716:T510837_124:MACHINE DONE
155716:T510837_124:Error Code 0
155813:T510837_125:Machine Process.. START
155813:T510837_125:GOING TO SEND START
155813:T510837_125:SENT START, WAITING FOR FINISH 
155817:T510837_125:MACHINE DONE
155817:T510837_125:Error Code 0
155843:T510837_126:Machine Process.. START
155843:T510837_126:GOING TO SEND START
155843:T510837_126:SENT START, WAITING FOR FINISH 
155846:T510837_126:MACHINE DONE
155846:T510837_126:Error Code 0
155952:T510837_127:Machine Process.. START
155953:T510837_127:GOING TO SEND START
155953:T510837_127:SENT START, WAITING FOR FINISH 
155957:T510837_127:MACHINE DONE
155957:T510837_127:Error Code 0
160024:T510837_128:Machine Process.. START
160024:T510837_128:GOING TO SEND START
160024:T510837_128:SENT START, WAITING FOR FINISH 
160027:T510837_128:MACHINE DONE
160027:T510837_128:Error Code 0
160046:T510837_129:Machine Process.. START
160047:T510837_129:GOING TO SEND START
160047:T510837_129:SENT START, WAITING FOR FINISH 
160051:T510837_129:MACHINE DONE
160051:T510837_129:Error Code 0
