093134:T589126_14:Machine Process.. START
093135:T589126_14:GOING TO SEND START
093135:T589126_14:SENT START, WAITING FOR FINISH 
093219:T589126_14:MACHINE DONE
093219:T589126_14:Error Code 0
093701:T589126_15:Machine Process.. START
093702:T589126_15:GOING TO SEND START
093702:T589126_15:SENT START, WAITING FOR FINISH 
093814:T589126_15:MACHINE DONE
093814:T589126_15:Error Code 0
094010:T589126_16:Machine Process.. START
094010:T589126_16:GOING TO SEND START
094011:T589126_16:SENT START, WAITING FOR FINISH 
094056:T589126_16:MACHINE DONE
094056:T589126_16:Error Code 0
094323:T589126_17:Machine Process.. START
094323:T589126_17:GOING TO SEND START
094324:T589126_17:SENT START, WAITING FOR FINISH 
094403:T589126_17:MACHINE DONE
094403:T589126_17:Error Code 0
094622:T589126_18:Machine Process.. START
094622:T589126_18:GOING TO SEND START
094622:T589126_18:SENT START, WAITING FOR FINISH 
094832:T589126_18:MACHINE DONE
094832:T589126_18:Error Code 0
095011:T589126_19:Machine Process.. START
095011:T589126_19:GOING TO SEND START
095011:T589126_19:SENT START, WAITING FOR FINISH 
095101:T589126_19:MACHINE DONE
095101:T589126_19:Error Code 0
095132:T589126_20:Machine Process.. START
095132:T589126_20:GOING TO SEND START
095132:T589126_20:SENT START, WAITING FOR FINISH 
095224:T589126_20:MACHINE DONE
095224:T589126_20:Error Code 0
095600:T589126_21:Machine Process.. START
095600:T589126_21:GOING TO SEND START
095601:T589126_21:SENT START, WAITING FOR FINISH 
095641:T589126_21:MACHINE DONE
095641:T589126_21:Error Code 0
095847:T589126_22:Machine Process.. START
095847:T589126_22:GOING TO SEND START
095847:T589126_22:SENT START, WAITING FOR FINISH 
095940:T589126_22:MACHINE DONE
095940:T589126_22:Error Code 0
101516:T589126_23:Machine Process.. START
101517:T589126_23:GOING TO SEND START
101517:T589126_23:SENT START, WAITING FOR FINISH 
101628:T589126_23:MACHINE DONE
101628:T589126_23:Error Code 0
101859:T589126_24:Machine Process.. START
101859:T589126_24:GOING TO SEND START
101859:T589126_24:SENT START, WAITING FOR FINISH 
101947:T589126_24:MACHINE DONE
101947:T589126_24:Error Code 0
102019:T589126_25:Machine Process.. START
102019:T589126_25:GOING TO SEND START
102019:T589126_25:SENT START, WAITING FOR FINISH 
102137:T589126_25:MACHINE DONE
102137:T589126_25:Error Code 0
145420:T510837_2:Machine Process.. START
145420:T510837_2:GOING TO SEND START
145421:T510837_2:SENT START, WAITING FOR FINISH 
145450:T510837_2:MACHINE DONE
145450:T510837_2:Error Code 0
153121:T510837_3:Machine Process.. START
153121:T510837_3:GOING TO SEND START
153121:T510837_3:SENT START, WAITING FOR FINISH 
153124:T510837_3:MACHINE DONE
153124:T510837_3:Error Code 0
153202:T510837_4:Machine Process.. START
153202:T510837_4:GOING TO SEND START
153202:T510837_4:SENT START, WAITING FOR FINISH 
153209:T510837_4:MACHINE DONE
153209:T510837_4:Error Code 0
153221:T510837_5:Machine Process.. START
153221:T510837_5:GOING TO SEND START
153221:T510837_5:SENT START, WAITING FOR FINISH 
153225:T510837_5:MACHINE DONE
153225:T510837_5:Error Code 0
153256:T510837_6:Machine Process.. START
153256:T510837_6:GOING TO SEND START
153256:T510837_6:SENT START, WAITING FOR FINISH 
153307:T510837_6:MACHINE DONE
153307:T510837_6:Error Code 0
153354:T510837_7:Machine Process.. START
153354:T510837_7:GOING TO SEND START
153354:T510837_7:SENT START, WAITING FOR FINISH 
153408:T510837_7:MACHINE DONE
153408:T510837_7:Error Code 0
153537:T510837_8:Machine Process.. START
153538:T510837_8:GOING TO SEND START
153538:T510837_8:SENT START, WAITING FOR FINISH 
153548:T510837_8:MACHINE DONE
153548:T510837_8:Error Code 0
153619:T510837_9:Machine Process.. START
153619:T510837_9:GOING TO SEND START
153619:T510837_9:SENT START, WAITING FOR FINISH 
153625:T510837_9:MACHINE DONE
153625:T510837_9:Error Code 0
153648:T510837_10:Machine Process.. START
153649:T510837_10:GOING TO SEND START
153649:T510837_10:SENT START, WAITING FOR FINISH 
153708:T510837_10:MACHINE DONE
153708:T510837_10:Error Code 0
153740:T510837_11:Machine Process.. START
153740:T510837_11:GOING TO SEND START
153741:T510837_11:SENT START, WAITING FOR FINISH 
153758:T510837_11:MACHINE DONE
153758:T510837_11:Error Code 0
154112:T510837_12:Machine Process.. START
154112:T510837_12:GOING TO SEND START
154112:T510837_12:SENT START, WAITING FOR FINISH 
154117:T510837_12:MACHINE DONE
154117:T510837_12:Error Code 0
154215:T510837_14:Machine Process.. START
154215:T510837_14:GOING TO SEND START
154215:T510837_14:SENT START, WAITING FOR FINISH 
154223:T510837_14:MACHINE DONE
154223:T510837_14:Error Code 0
154335:T510837_15:Machine Process.. START
154335:T510837_15:GOING TO SEND START
154335:T510837_15:SENT START, WAITING FOR FINISH 
154340:T510837_15:MACHINE DONE
154340:T510837_15:Error Code 0
154358:T510837_16:Machine Process.. START
154358:T510837_16:GOING TO SEND START
154359:T510837_16:SENT START, WAITING FOR FINISH 
154405:T510837_16:MACHINE DONE
154405:T510837_16:Error Code 0
154451:T510837_17:Machine Process.. START
154451:T510837_17:GOING TO SEND START
154452:T510837_17:SENT START, WAITING FOR FINISH 
154502:T510837_17:MACHINE DONE
154502:T510837_17:Error Code 0
154528:T510837_18:Machine Process.. START
154528:T510837_18:GOING TO SEND START
154528:T510837_18:SENT START, WAITING FOR FINISH 
154558:T510837_19:Machine Process.. START
154558:T510837_19:GOING TO SEND START
154558:T510837_19:SENT START, WAITING FOR FINISH 
154653:T510837_19:MACHINE DONE
154653:T510837_19:Error Code 0
154811:T510837_20:Machine Process.. START
154811:T510837_20:GOING TO SEND START
154811:T510837_20:SENT START, WAITING FOR FINISH 
154816:T510837_20:MACHINE DONE
154816:T510837_20:Error Code 0
155047:T510837_21:Machine Process.. START
155047:T510837_21:GOING TO SEND START
155047:T510837_21:SENT START, WAITING FOR FINISH 
155052:T510837_21:MACHINE DONE
155052:T510837_21:Error Code 0
155129:T510837_22:Machine Process.. START
155129:T510837_22:GOING TO SEND START
155130:T510837_22:SENT START, WAITING FOR FINISH 
155135:T510837_22:MACHINE DONE
155135:T510837_22:Error Code 0
155150:T510837_23:Machine Process.. START
155151:T510837_23:GOING TO SEND START
155151:T510837_23:SENT START, WAITING FOR FINISH 
155154:T510837_23:MACHINE DONE
155154:T510837_23:Error Code 0
155253:T510837_24:Machine Process.. START
155253:T510837_24:GOING TO SEND START
155253:T510837_24:SENT START, WAITING FOR FINISH 
155257:T510837_24:MACHINE DONE
155257:T510837_24:Error Code 0
155307:T510837_25:Machine Process.. START
155307:T510837_25:GOING TO SEND START
155307:T510837_25:SENT START, WAITING FOR FINISH 
155313:T510837_25:MACHINE DONE
155313:T510837_25:Error Code 0
155424:T510837_26:Machine Process.. START
155424:T510837_26:GOING TO SEND START
155425:T510837_26:SENT START, WAITING FOR FINISH 
155430:T510837_26:MACHINE DONE
155430:T510837_26:Error Code 0
155527:T510837_28:Machine Process.. START
155528:T510837_28:GOING TO SEND START
155528:T510837_28:SENT START, WAITING FOR FINISH 
155533:T510837_28:MACHINE DONE
155533:T510837_28:Error Code 0
155621:T510837_29:Machine Process.. START
155622:T510837_29:GOING TO SEND START
155622:T510837_29:SENT START, WAITING FOR FINISH 
155627:T510837_29:MACHINE DONE
155627:T510837_29:Error Code 0
155729:T510837_30:Machine Process.. START
155729:T510837_30:GOING TO SEND START
155729:T510837_30:SENT START, WAITING FOR FINISH 
155735:T510837_30:MACHINE DONE
155735:T510837_30:Error Code 0
155912:T510837_31:Machine Process.. START
155913:T510837_31:GOING TO SEND START
155913:T510837_31:SENT START, WAITING FOR FINISH 
155918:T510837_31:MACHINE DONE
155918:T510837_31:Error Code 0
160012:T510837_32:Machine Process.. START
160012:T510837_32:GOING TO SEND START
160013:T510837_32:SENT START, WAITING FOR FINISH 
160016:T510837_32:MACHINE DONE
160016:T510837_32:Error Code 0
160105:T510837_33:Machine Process.. START
160105:T510837_33:GOING TO SEND START
160105:T510837_33:SENT START, WAITING FOR FINISH 
160122:T510837_33:MACHINE DONE
160122:T510837_33:Error Code 0
160134:T510837_34:Machine Process.. START
160134:T510837_34:GOING TO SEND START
160134:T510837_34:SENT START, WAITING FOR FINISH 
160139:T510837_34:MACHINE DONE
160139:T510837_34:Error Code 0
160236:T510837_35:Machine Process.. START
160236:T510837_35:GOING TO SEND START
160236:T510837_35:SENT START, WAITING FOR FINISH 
160243:T510837_35:MACHINE DONE
160243:T510837_35:Error Code 0
160313:T510837_36:Machine Process.. START
160314:T510837_36:GOING TO SEND START
160314:T510837_36:SENT START, WAITING FOR FINISH 
160407:T510837_37:Machine Process.. START
160408:T510837_37:GOING TO SEND START
160408:T510837_37:SENT START, WAITING FOR FINISH 
160413:T510837_37:MACHINE DONE
160413:T510837_37:Error Code 0
160442:T510837_38:Machine Process.. START
160442:T510837_38:GOING TO SEND START
160442:T510837_38:SENT START, WAITING FOR FINISH 
160447:T510837_38:MACHINE DONE
160447:T510837_38:Error Code 0
160531:T510837_39:Machine Process.. START
160531:T510837_39:GOING TO SEND START
160531:T510837_39:SENT START, WAITING FOR FINISH 
160536:T510837_39:MACHINE DONE
160536:T510837_39:Error Code 0
160637:T510837_40:Machine Process.. START
160637:T510837_40:GOING TO SEND START
160637:T510837_40:SENT START, WAITING FOR FINISH 
160643:T510837_40:MACHINE DONE
160643:T510837_40:Error Code 0
160707:T510837_41:Machine Process.. START
160707:T510837_41:GOING TO SEND START
160708:T510837_41:SENT START, WAITING FOR FINISH 
160719:T510837_41:MACHINE DONE
160719:T510837_41:Error Code 0
160807:T510837_42:Machine Process.. START
160807:T510837_42:GOING TO SEND START
160807:T510837_42:SENT START, WAITING FOR FINISH 
160812:T510837_42:MACHINE DONE
160812:T510837_42:Error Code 0
160822:T510837_43:Machine Process.. START
160822:T510837_43:GOING TO SEND START
160822:T510837_43:SENT START, WAITING FOR FINISH 
160827:T510837_43:MACHINE DONE
160827:T510837_43:Error Code 0
160936:T510837_44:Machine Process.. START
160936:T510837_44:GOING TO SEND START
160937:T510837_44:SENT START, WAITING FOR FINISH 
160944:T510837_44:MACHINE DONE
160944:T510837_44:Error Code 0
161033:T510837_46:Machine Process.. START
161033:T510837_46:GOING TO SEND START
161034:T510837_46:SENT START, WAITING FOR FINISH 
161038:T510837_46:MACHINE DONE
161038:T510837_46:Error Code 0
161127:T510837_47:Machine Process.. START
161127:T510837_47:GOING TO SEND START
161128:T510837_47:SENT START, WAITING FOR FINISH 
161132:T510837_47:MACHINE DONE
161132:T510837_47:Error Code 0
161207:T510837_48:Machine Process.. START
161207:T510837_48:GOING TO SEND START
161207:T510837_48:SENT START, WAITING FOR FINISH 
161211:T510837_48:MACHINE DONE
161211:T510837_48:Error Code 0
161236:T510837_49:Machine Process.. START
161237:T510837_49:GOING TO SEND START
161237:T510837_49:SENT START, WAITING FOR FINISH 
161253:T510837_49:MACHINE DONE
161253:T510837_49:Error Code 0
161308:T510837_50:Machine Process.. START
161309:T510837_50:GOING TO SEND START
161309:T510837_50:SENT START, WAITING FOR FINISH 
161315:T510837_50:MACHINE DONE
161315:T510837_50:Error Code 0
161352:T510837_51:Machine Process.. START
161352:T510837_51:GOING TO SEND START
161352:T510837_51:SENT START, WAITING FOR FINISH 
161401:T510837_51:MACHINE DONE
161401:T510837_51:Error Code 0
161421:T510837_52:Machine Process.. START
161421:T510837_52:GOING TO SEND START
161421:T510837_52:SENT START, WAITING FOR FINISH 
161426:T510837_52:MACHINE DONE
161426:T510837_52:Error Code 0
