133101:T510836_1:Machine Process.. START
133101:T510836_1:GOING TO SEND START
133102:T510836_1:SENT START, WAITING FOR FINISH 
133216:T510836_1:MACHINE DONE
133216:T510836_1:Error Code 0
133257:T510836_2:Machine Process.. START
133257:T510836_2:GOING TO SEND START
133258:T510836_2:SENT START, WAITING FOR FINISH 
133524:T510836_2:MACHINE DONE
133525:T510836_2:Error Code 0
133605:T510836_3:Machine Process.. START
133606:T510836_3:GOING TO SEND START
133606:T510836_3:SENT START, WAITING FOR FINISH 
133636:T510836_3:MACHINE DONE
133636:T510836_3:Error Code 0
133706:T510836_4:Machine Process.. START
133706:T510836_4:GOING TO SEND START
133706:T510836_4:SENT START, WAITING FOR FINISH 
133740:T510836_4:MACHINE DONE
133740:T510836_4:Error Code 0
133948:T510836_5:Machine Process.. START
133948:T510836_5:GOING TO SEND START
133949:T510836_5:SENT START, WAITING FOR FINISH 
134019:T510836_5:MACHINE DONE
134019:T510836_5:Error Code 0
134359:T510836_6:Machine Process.. START
134359:T510836_6:GOING TO SEND START
134359:T510836_6:SENT START, WAITING FOR FINISH 
134431:T510836_6:MACHINE DONE
134431:T510836_6:Error Code 0
134518:T510836_7:Machine Process.. START
134518:T510836_7:GOING TO SEND START
134518:T510836_7:SENT START, WAITING FOR FINISH 
134547:T510836_7:MACHINE DONE
134547:T510836_7:Error Code 0
134638:T510836_8:Machine Process.. START
134638:T510836_8:GOING TO SEND START
134639:T510836_8:SENT START, WAITING FOR FINISH 
134710:T510836_8:MACHINE DONE
134710:T510836_8:Error Code 0
134755:T510836_9:Machine Process.. START
134755:T510836_9:GOING TO SEND START
134756:T510836_9:SENT START, WAITING FOR FINISH 
134830:T510836_9:MACHINE DONE
134830:T510836_9:Error Code 0
134905:T510836_10:Machine Process.. START
134905:T510836_10:GOING TO SEND START
134906:T510836_10:SENT START, WAITING FOR FINISH 
134934:T510836_10:MACHINE DONE
134934:T510836_10:Error Code 0
135100:T510836_11:Machine Process.. START
135100:T510836_11:GOING TO SEND START
135100:T510836_11:SENT START, WAITING FOR FINISH 
135132:T510836_11:MACHINE DONE
135132:T510836_11:Error Code 0
135301:T510836_12:Machine Process.. START
135301:T510836_12:GOING TO SEND START
135302:T510836_12:SENT START, WAITING FOR FINISH 
135330:T510836_12:MACHINE DONE
135330:T510836_12:Error Code 0
135507:T510836_13:Machine Process.. START
135507:T510836_13:GOING TO SEND START
135507:T510836_13:SENT START, WAITING FOR FINISH 
135536:T510836_13:MACHINE DONE
135536:T510836_13:Error Code 0
135554:T510836_14:Machine Process.. START
135554:T510836_14:GOING TO SEND START
135555:T510836_14:SENT START, WAITING FOR FINISH 
135625:T510836_14:MACHINE DONE
135625:T510836_14:Error Code 0
135716:T510836_15:Machine Process.. START
135716:T510836_15:GOING TO SEND START
135717:T510836_15:SENT START, WAITING FOR FINISH 
135748:T510836_15:MACHINE DONE
135748:T510836_15:Error Code 0
135805:T510836_16:Machine Process.. START
135805:T510836_16:GOING TO SEND START
135805:T510836_16:SENT START, WAITING FOR FINISH 
135833:T510836_16:MACHINE DONE
135833:T510836_16:Error Code 0
135927:T510836_17:Machine Process.. START
135927:T510836_17:GOING TO SEND START
135927:T510836_17:SENT START, WAITING FOR FINISH 
135957:T510836_17:MACHINE DONE
135957:T510836_17:Error Code 0
140011:T510836_18:Machine Process.. START
140011:T510836_18:GOING TO SEND START
140011:T510836_18:SENT START, WAITING FOR FINISH 
140041:T510836_18:MACHINE DONE
140041:T510836_18:Error Code 0
140242:T510836_19:Machine Process.. START
140242:T510836_19:GOING TO SEND START
140242:T510836_19:SENT START, WAITING FOR FINISH 
140310:T510836_19:MACHINE DONE
140310:T510836_19:Error Code 0
140332:T510836_20:Machine Process.. START
140332:T510836_20:GOING TO SEND START
140332:T510836_20:SENT START, WAITING FOR FINISH 
140401:T510836_20:MACHINE DONE
140401:T510836_20:Error Code 0
140434:T510836_21:Machine Process.. START
140434:T510836_21:GOING TO SEND START
140434:T510836_21:SENT START, WAITING FOR FINISH 
140502:T510836_21:MACHINE DONE
140502:T510836_21:Error Code 0
140546:T510836_22:Machine Process.. START
140546:T510836_22:GOING TO SEND START
140546:T510836_22:SENT START, WAITING FOR FINISH 
140615:T510836_22:MACHINE DONE
140615:T510836_22:Error Code 0
140701:T510836_23:Machine Process.. START
140701:T510836_23:GOING TO SEND START
140701:T510836_23:SENT START, WAITING FOR FINISH 
140729:T510836_23:MACHINE DONE
140729:T510836_23:Error Code 0
140817:T510836_24:Machine Process.. START
140817:T510836_24:GOING TO SEND START
140818:T510836_24:SENT START, WAITING FOR FINISH 
140846:T510836_24:MACHINE DONE
140846:T510836_24:Error Code 0
140902:T510836_25:Machine Process.. START
140902:T510836_25:GOING TO SEND START
140902:T510836_25:SENT START, WAITING FOR FINISH 
140935:T510836_25:MACHINE DONE
140935:T510836_25:Error Code 0
140953:T510836_26:Machine Process.. START
140953:T510836_26:GOING TO SEND START
140953:T510836_26:SENT START, WAITING FOR FINISH 
141023:T510836_26:MACHINE DONE
141023:T510836_26:Error Code 0
141045:T510836_27:Machine Process.. START
141045:T510836_27:GOING TO SEND START
141045:T510836_27:SENT START, WAITING FOR FINISH 
141115:T510836_27:MACHINE DONE
141115:T510836_27:Error Code 0
141202:T510836_28:Machine Process.. START
141202:T510836_28:GOING TO SEND START
141202:T510836_28:SENT START, WAITING FOR FINISH 
141230:T510836_28:MACHINE DONE
141230:T510836_28:Error Code 0
141319:T510836_29:Machine Process.. START
141319:T510836_29:GOING TO SEND START
141320:T510836_29:SENT START, WAITING FOR FINISH 
141412:T510836_29:MACHINE DONE
141412:T510836_29:Error Code 0
141455:T510836_30:Machine Process.. START
141455:T510836_30:GOING TO SEND START
141456:T510836_30:SENT START, WAITING FOR FINISH 
141529:T510836_30:MACHINE DONE
141529:T510836_30:Error Code 0
141618:T510836_31:Machine Process.. START
141618:T510836_31:GOING TO SEND START
141619:T510836_31:SENT START, WAITING FOR FINISH 
141648:T510836_31:MACHINE DONE
141648:T510836_31:Error Code 0
141727:T510836_32:Machine Process.. START
141727:T510836_32:GOING TO SEND START
141727:T510836_32:SENT START, WAITING FOR FINISH 
141758:T510836_32:MACHINE DONE
141758:T510836_32:Error Code 0
141856:T510836_33:Machine Process.. START
141856:T510836_33:GOING TO SEND START
141856:T510836_33:SENT START, WAITING FOR FINISH 
141930:T510836_33:MACHINE DONE
141930:T510836_33:Error Code 0
142014:T510836_34:Machine Process.. START
142015:T510836_34:GOING TO SEND START
142015:T510836_34:SENT START, WAITING FOR FINISH 
142043:T510836_34:MACHINE DONE
142043:T510836_34:Error Code 0
142136:T510836_35:Machine Process.. START
142136:T510836_35:GOING TO SEND START
142136:T510836_35:SENT START, WAITING FOR FINISH 
142206:T510836_35:MACHINE DONE
142206:T510836_35:Error Code 0
142257:T510836_36:Machine Process.. START
142257:T510836_36:GOING TO SEND START
142258:T510836_36:SENT START, WAITING FOR FINISH 
142328:T510836_36:MACHINE DONE
142328:T510836_36:Error Code 0
142412:T510836_37:Machine Process.. START
142412:T510836_37:GOING TO SEND START
142412:T510836_37:SENT START, WAITING FOR FINISH 
142445:T510836_37:MACHINE DONE
142445:T510836_37:Error Code 0
142547:T510836_38:Machine Process.. START
142547:T510836_38:GOING TO SEND START
142547:T510836_38:SENT START, WAITING FOR FINISH 
142616:T510836_38:MACHINE DONE
142616:T510836_38:Error Code 0
142714:T510836_39:Machine Process.. START
142715:T510836_39:GOING TO SEND START
142715:T510836_39:SENT START, WAITING FOR FINISH 
142744:T510836_39:MACHINE DONE
142744:T510836_39:Error Code 0
142829:T510836_40:Machine Process.. START
142829:T510836_40:GOING TO SEND START
142830:T510836_40:SENT START, WAITING FOR FINISH 
142858:T510836_40:MACHINE DONE
142858:T510836_40:Error Code 0
142954:T510836_41:Machine Process.. START
142954:T510836_41:GOING TO SEND START
142954:T510836_41:SENT START, WAITING FOR FINISH 
143029:T510836_41:MACHINE DONE
143029:T510836_41:Error Code 0
143116:T510836_42:Machine Process.. START
143116:T510836_42:GOING TO SEND START
143117:T510836_42:SENT START, WAITING FOR FINISH 
143147:T510836_42:MACHINE DONE
143147:T510836_42:Error Code 0
143244:T510836_43:Machine Process.. START
143244:T510836_43:GOING TO SEND START
143245:T510836_43:SENT START, WAITING FOR FINISH 
143428:T510836_43:MACHINE DONE
143428:T510836_43:Error Code 0
143503:T510836_44:Machine Process.. START
143503:T510836_44:GOING TO SEND START
143503:T510836_44:SENT START, WAITING FOR FINISH 
143533:T510836_44:MACHINE DONE
143533:T510836_44:Error Code 0
143621:T510836_45:Machine Process.. START
143622:T510836_45:GOING TO SEND START
143622:T510836_45:SENT START, WAITING FOR FINISH 
143653:T510836_45:MACHINE DONE
143653:T510836_45:Error Code 0
143738:T510836_46:Machine Process.. START
143738:T510836_46:GOING TO SEND START
143738:T510836_46:SENT START, WAITING FOR FINISH 
143808:T510836_46:MACHINE DONE
143808:T510836_46:Error Code 0
143930:T510836_47:Machine Process.. START
143930:T510836_47:GOING TO SEND START
143930:T510836_47:SENT START, WAITING FOR FINISH 
143959:T510836_47:MACHINE DONE
143959:T510836_47:Error Code 0
144013:T510836_48:Machine Process.. START
144013:T510836_48:GOING TO SEND START
144013:T510836_48:SENT START, WAITING FOR FINISH 
144044:T510836_48:MACHINE DONE
144044:T510836_48:Error Code 0
144131:T510836_49:Machine Process.. START
144131:T510836_49:GOING TO SEND START
144132:T510836_49:SENT START, WAITING FOR FINISH 
144159:T510836_49:MACHINE DONE
144159:T510836_49:Error Code 0
144230:T510836_50:Machine Process.. START
144231:T510836_50:GOING TO SEND START
144231:T510836_50:SENT START, WAITING FOR FINISH 
144300:T510836_50:MACHINE DONE
144300:T510836_50:Error Code 0
144514:T510836_51:Machine Process.. START
144514:T510836_51:GOING TO SEND START
144515:T510836_51:SENT START, WAITING FOR FINISH 
144548:T510836_51:MACHINE DONE
144548:T510836_51:Error Code 0
144602:T510836_52:Machine Process.. START
144602:T510836_52:GOING TO SEND START
144602:T510836_52:SENT START, WAITING FOR FINISH 
144632:T510836_52:MACHINE DONE
144632:T510836_52:Error Code 0
145012:T510836_53:Machine Process.. START
145012:T510836_53:GOING TO SEND START
145012:T510836_53:SENT START, WAITING FOR FINISH 
145040:T510836_53:MACHINE DONE
145040:T510836_53:Error Code 0
145054:T510836_54:Machine Process.. START
145054:T510836_54:GOING TO SEND START
145055:T510836_54:SENT START, WAITING FOR FINISH 
145125:T510836_54:MACHINE DONE
145125:T510836_54:Error Code 0
145200:T510836_55:Machine Process.. START
145200:T510836_55:GOING TO SEND START
145201:T510836_55:SENT START, WAITING FOR FINISH 
145230:T510836_55:MACHINE DONE
145230:T510836_55:Error Code 0
161004:T510837_1:Machine Process.. START
161005:T510837_1:GOING TO SEND START
161005:T510837_1:SENT START, WAITING FOR FINISH 
161106:T510837_1:MACHINE DONE
161106:T510837_1:Error Code 0
161650:T510837_2:Machine Process.. START
161650:T510837_2:GOING TO SEND START
161650:T510837_2:SENT START, WAITING FOR FINISH 
161841:T510837_2:MACHINE DONE
161841:T510837_2:Error Code 0
162250:T510837_3:Machine Process.. START
162250:T510837_3:GOING TO SEND START
162251:T510837_3:SENT START, WAITING FOR FINISH 
162403:T510837_3:MACHINE DONE
162403:T510837_3:Error Code 0
162808:T510837_4:Machine Process.. START
162808:T510837_4:GOING TO SEND START
162808:T510837_4:SENT START, WAITING FOR FINISH 
163015:T510837_4:MACHINE DONE
163015:T510837_4:Error Code 0
164937:T510837_5:Machine Process.. START
164937:T510837_5:GOING TO SEND START
164937:T510837_5:SENT START, WAITING FOR FINISH 
165124:T510837_5:MACHINE DONE
165124:T510837_5:Error Code 0
165308:T510837_6:Machine Process.. START
165308:T510837_6:GOING TO SEND START
165309:T510837_6:SENT START, WAITING FOR FINISH 
165432:T510837_6:MACHINE DONE
165432:T510837_6:Error Code 0
165746:T510837_7:Machine Process.. START
165746:T510837_7:GOING TO SEND START
165747:T510837_7:SENT START, WAITING FOR FINISH 
165854:T510837_7:MACHINE DONE
165854:T510837_7:Error Code 0
170042:T510837_8:Machine Process.. START
170042:T510837_8:GOING TO SEND START
170042:T510837_8:SENT START, WAITING FOR FINISH 
171358:T510837_8:MACHINE DONE
171358:T510837_8:Error Code 0
172033:T589126_1:Machine Process.. START
172034:T589126_1:GOING TO SEND START
172034:T589126_1:SENT START, WAITING FOR FINISH 
172135:T589126_1:MACHINE DONE
172135:T589126_1:Error Code 0
