095952:T510836_1:Machine Process.. START
095952:T510836_1:GOING TO SEND START
095953:T510836_1:SENT START, WAITING FOR FINISH 
100801:T510836_1:MACHINE DONE
100801:T510836_1:Error Code 0
102934:T510836_2:Machine Process.. START
102934:T510836_2:GOING TO SEND START
102934:T510836_2:SENT START, WAITING FOR FINISH 
103101:T510836_2:MACHINE DONE
103101:T510836_2:Error Code 0
103111:T510836_3:Machine Process.. START
103111:T510836_3:GOING TO SEND START
103111:T510836_3:SENT START, WAITING FOR FINISH 
103231:T510836_3:MACHINE DONE
103231:T510836_3:Error Code 0
103244:T510836_4:Machine Process.. START
103244:T510836_4:GOING TO SEND START
103245:T510836_4:SENT START, WAITING FOR FINISH 
103357:T510836_4:MACHINE DONE
103357:T510836_4:Error Code 0
103403:T510836_5:Machine Process.. START
103404:T510836_5:GOING TO SEND START
103404:T510836_5:SENT START, WAITING FOR FINISH 
103515:T510836_5:MACHINE DONE
103515:T510836_5:Error Code 0
103534:T510836_6:Machine Process.. START
103535:T510836_6:GOING TO SEND START
103535:T510836_6:SENT START, WAITING FOR FINISH 
103645:T510836_6:MACHINE DONE
103645:T510836_6:Error Code 0
103704:T510836_7:Machine Process.. START
103704:T510836_7:GOING TO SEND START
103705:T510836_7:SENT START, WAITING FOR FINISH 
103821:T510836_7:MACHINE DONE
103821:T510836_7:Error Code 0
103827:T510836_8:Machine Process.. START
103828:T510836_8:GOING TO SEND START
103828:T510836_8:SENT START, WAITING FOR FINISH 
103939:T510836_8:MACHINE DONE
103939:T510836_8:Error Code 0
103944:T510836_9:Machine Process.. START
103944:T510836_9:GOING TO SEND START
103945:T510836_9:SENT START, WAITING FOR FINISH 
104104:T510836_9:MACHINE DONE
104104:T510836_9:Error Code 0
104110:T510836_10:Machine Process.. START
104110:T510836_10:GOING TO SEND START
104110:T510836_10:SENT START, WAITING FOR FINISH 
104222:T510836_10:MACHINE DONE
104222:T510836_10:Error Code 0
104228:T510836_11:Machine Process.. START
104228:T510836_11:GOING TO SEND START
104229:T510836_11:SENT START, WAITING FOR FINISH 
104341:T510836_11:MACHINE DONE
104341:T510836_11:Error Code 0
104346:T510836_12:Machine Process.. START
104346:T510836_12:GOING TO SEND START
104346:T510836_12:SENT START, WAITING FOR FINISH 
104457:T510836_12:MACHINE DONE
104457:T510836_12:Error Code 0
104502:T510836_13:Machine Process.. START
104503:T510836_13:GOING TO SEND START
104503:T510836_13:SENT START, WAITING FOR FINISH 
104615:T510836_13:MACHINE DONE
104615:T510836_13:Error Code 0
104620:T510836_14:Machine Process.. START
104620:T510836_14:GOING TO SEND START
104621:T510836_14:SENT START, WAITING FOR FINISH 
104731:T510836_14:MACHINE DONE
104731:T510836_14:Error Code 0
104740:T510836_15:Machine Process.. START
104741:T510836_15:GOING TO SEND START
104741:T510836_15:SENT START, WAITING FOR FINISH 
104851:T510836_15:MACHINE DONE
104851:T510836_15:Error Code 0
105030:T510836_16:Machine Process.. START
105030:T510836_16:GOING TO SEND START
105030:T510836_16:SENT START, WAITING FOR FINISH 
105142:T510836_16:MACHINE DONE
105142:T510836_16:Error Code 0
105150:T510836_17:Machine Process.. START
105150:T510836_17:GOING TO SEND START
105151:T510836_17:SENT START, WAITING FOR FINISH 
105302:T510836_17:MACHINE DONE
105302:T510836_17:Error Code 0
105307:T510836_18:Machine Process.. START
105307:T510836_18:GOING TO SEND START
105308:T510836_18:SENT START, WAITING FOR FINISH 
105420:T510836_18:MACHINE DONE
105420:T510836_18:Error Code 0
105427:T510836_19:Machine Process.. START
105427:T510836_19:GOING TO SEND START
105428:T510836_19:SENT START, WAITING FOR FINISH 
105537:T510836_19:MACHINE DONE
105537:T510836_19:Error Code 0
105557:T510836_20:Machine Process.. START
105557:T510836_20:GOING TO SEND START
105557:T510836_20:SENT START, WAITING FOR FINISH 
105711:T510836_20:MACHINE DONE
105711:T510836_20:Error Code 0
105814:T510836_21:Machine Process.. START
105814:T510836_21:GOING TO SEND START
105815:T510836_21:SENT START, WAITING FOR FINISH 
105933:T510836_21:MACHINE DONE
105933:T510836_21:Error Code 0
105938:T510836_22:Machine Process.. START
105938:T510836_22:GOING TO SEND START
105939:T510836_22:SENT START, WAITING FOR FINISH 
110050:T510836_22:MACHINE DONE
110050:T510836_22:Error Code 0
110114:T510836_23:Machine Process.. START
110114:T510836_23:GOING TO SEND START
110114:T510836_23:SENT START, WAITING FOR FINISH 
110227:T510836_23:MACHINE DONE
110227:T510836_23:Error Code 0
110405:T510836_24:Machine Process.. START
110405:T510836_24:GOING TO SEND START
110406:T510836_24:SENT START, WAITING FOR FINISH 
110539:T510836_24:MACHINE DONE
110539:T510836_24:Error Code 0
131336:T510836_35:Machine Process.. START
131336:T510836_35:GOING TO SEND START
131337:T510836_35:SENT START, WAITING FOR FINISH 
131339:T510836_35:MACHINE DONE
131339:T510836_35:Error Code 0
131349:T510836_36:Machine Process.. START
131349:T510836_36:GOING TO SEND START
131349:T510836_36:SENT START, WAITING FOR FINISH 
131350:T510836_36:MACHINE DONE
131350:T510836_36:Error Code 0
140302:T510836_47:Machine Process.. START
140303:T510836_47:GOING TO SEND START
140303:T510836_47:SENT START, WAITING FOR FINISH 
140306:T510836_47:MACHINE DONE
140306:T510836_47:Error Code 0
140323:T510836_48:Machine Process.. START
140323:T510836_48:GOING TO SEND START
140324:T510836_48:SENT START, WAITING FOR FINISH 
140326:T510836_48:MACHINE DONE
140326:T510836_48:Error Code 0
140425:T510836_49:Machine Process.. START
140425:T510836_49:GOING TO SEND START
140425:T510836_49:SENT START, WAITING FOR FINISH 
140427:T510836_49:MACHINE DONE
140427:T510836_49:Error Code 0
140618:T510836_50:Machine Process.. START
140618:T510836_50:GOING TO SEND START
140619:T510836_50:SENT START, WAITING FOR FINISH 
140624:T510836_50:MACHINE DONE
140624:T510836_50:Error Code 0
140713:T510836_51:Machine Process.. START
140713:T510836_51:GOING TO SEND START
140713:T510836_51:SENT START, WAITING FOR FINISH 
140718:T510836_51:MACHINE DONE
140718:T510836_51:Error Code 0
140812:T510836_52:Machine Process.. START
140812:T510836_52:GOING TO SEND START
140812:T510836_52:SENT START, WAITING FOR FINISH 
140813:T510836_52:MACHINE DONE
140813:T510836_52:Error Code 0
140822:T510836_53:Machine Process.. START
140822:T510836_53:GOING TO SEND START
140822:T510836_53:SENT START, WAITING FOR FINISH 
140824:T510836_53:MACHINE DONE
140824:T510836_53:Error Code 0
140949:T510836_54:Machine Process.. START
140949:T510836_54:GOING TO SEND START
140950:T510836_54:SENT START, WAITING FOR FINISH 
140955:T510836_54:MACHINE DONE
140955:T510836_54:Error Code 0
141027:T510836_55:Machine Process.. START
141027:T510836_55:GOING TO SEND START
141028:T510836_55:SENT START, WAITING FOR FINISH 
141030:T510836_55:MACHINE DONE
141030:T510836_55:Error Code 0
141156:T510836_56:Machine Process.. START
141156:T510836_56:GOING TO SEND START
141157:T510836_56:SENT START, WAITING FOR FINISH 
141157:T510836_56:MACHINE DONE
141157:T510836_56:Error Code 0
141254:T510836_57:Machine Process.. START
141254:T510836_57:GOING TO SEND START
141254:T510836_57:SENT START, WAITING FOR FINISH 
141256:T510836_57:MACHINE DONE
141256:T510836_57:Error Code 0
141353:T510836_58:Machine Process.. START
141353:T510836_58:GOING TO SEND START
141353:T510836_58:SENT START, WAITING FOR FINISH 
141355:T510836_58:MACHINE DONE
141355:T510836_58:Error Code 0
141454:T510836_59:Machine Process.. START
141454:T510836_59:GOING TO SEND START
141455:T510836_59:SENT START, WAITING FOR FINISH 
141457:T510836_59:MACHINE DONE
141457:T510836_59:Error Code 0
141620:T510836_60:Machine Process.. START
141620:T510836_60:GOING TO SEND START
141621:T510836_60:SENT START, WAITING FOR FINISH 
141623:T510836_60:MACHINE DONE
141623:T510836_60:Error Code 0
141943:T510836_61:Machine Process.. START
141943:T510836_61:GOING TO SEND START
141943:T510836_61:SENT START, WAITING FOR FINISH 
141946:T510836_61:MACHINE DONE
141946:T510836_61:Error Code 0
142011:T510836_62:Machine Process.. START
142011:T510836_62:GOING TO SEND START
142012:T510836_62:SENT START, WAITING FOR FINISH 
142013:T510836_62:MACHINE DONE
142013:T510836_62:Error Code 0
142123:T510836_63:Machine Process.. START
142123:T510836_63:GOING TO SEND START
142123:T510836_63:SENT START, WAITING FOR FINISH 
142127:T510836_63:MACHINE DONE
142127:T510836_63:Error Code 0
142202:T510836_64:Machine Process.. START
142202:T510836_64:GOING TO SEND START
142202:T510836_64:SENT START, WAITING FOR FINISH 
142205:T510836_64:MACHINE DONE
142205:T510836_64:Error Code 0
142307:T510836_65:Machine Process.. START
142307:T510836_65:GOING TO SEND START
142307:T510836_65:SENT START, WAITING FOR FINISH 
142309:T510836_65:MACHINE DONE
142309:T510836_65:Error Code 0
142320:T510836_66:Machine Process.. START
142320:T510836_66:GOING TO SEND START
142320:T510836_66:SENT START, WAITING FOR FINISH 
142322:T510836_66:MACHINE DONE
142322:T510836_66:Error Code 0
142503:T510836_67:Machine Process.. START
142503:T510836_67:GOING TO SEND START
142503:T510836_67:SENT START, WAITING FOR FINISH 
142506:T510836_67:MACHINE DONE
142506:T510836_67:Error Code 0
142703:T510836_68:Machine Process.. START
142703:T510836_68:GOING TO SEND START
142704:T510836_68:SENT START, WAITING FOR FINISH 
142706:T510836_68:MACHINE DONE
142706:T510836_68:Error Code 0
142833:T510836_69:Machine Process.. START
142833:T510836_69:GOING TO SEND START
142833:T510836_69:SENT START, WAITING FOR FINISH 
142835:T510836_69:MACHINE DONE
142835:T510836_69:Error Code 0
143103:T510836_70:Machine Process.. START
143103:T510836_70:GOING TO SEND START
143104:T510836_70:SENT START, WAITING FOR FINISH 
143106:T510836_70:MACHINE DONE
143106:T510836_70:Error Code 0
143134:T510836_71:Machine Process.. START
143134:T510836_71:GOING TO SEND START
143134:T510836_71:SENT START, WAITING FOR FINISH 
143136:T510836_71:MACHINE DONE
143136:T510836_71:Error Code 0
143220:T510836_72:Machine Process.. START
143220:T510836_72:GOING TO SEND START
143221:T510836_72:SENT START, WAITING FOR FINISH 
143222:T510836_72:MACHINE DONE
143223:T510836_72:Error Code 0
143250:T510836_73:Machine Process.. START
143250:T510836_73:GOING TO SEND START
143251:T510836_73:SENT START, WAITING FOR FINISH 
143253:T510836_73:MACHINE DONE
143253:T510836_73:Error Code 0
143344:T510836_74:Machine Process.. START
143344:T510836_74:GOING TO SEND START
143344:T510836_74:SENT START, WAITING FOR FINISH 
143346:T510836_74:MACHINE DONE
143346:T510836_74:Error Code 0
143506:T510836_75:Machine Process.. START
143506:T510836_75:GOING TO SEND START
143507:T510836_75:SENT START, WAITING FOR FINISH 
143509:T510836_75:MACHINE DONE
143509:T510836_75:Error Code 0
143545:T510836_76:Machine Process.. START
143545:T510836_76:GOING TO SEND START
143546:T510836_76:SENT START, WAITING FOR FINISH 
143548:T510836_76:MACHINE DONE
143548:T510836_76:Error Code 0
143642:T510836_77:Machine Process.. START
143643:T510836_77:GOING TO SEND START
143643:T510836_77:SENT START, WAITING FOR FINISH 
143645:T510836_77:MACHINE DONE
143645:T510836_77:Error Code 0
143731:T510836_78:Machine Process.. START
143732:T510836_78:GOING TO SEND START
143732:T510836_78:SENT START, WAITING FOR FINISH 
143734:T510836_78:MACHINE DONE
143734:T510836_78:Error Code 0
143935:T510836_79:Machine Process.. START
143935:T510836_79:GOING TO SEND START
143936:T510836_79:SENT START, WAITING FOR FINISH 
143938:T510836_79:MACHINE DONE
143938:T510836_79:Error Code 0
143949:T510836_80:Machine Process.. START
143949:T510836_80:GOING TO SEND START
143950:T510836_80:SENT START, WAITING FOR FINISH 
143951:T510836_80:MACHINE DONE
143951:T510836_80:Error Code 0
144120:T510836_81:Machine Process.. START
144121:T510836_81:GOING TO SEND START
144121:T510836_81:SENT START, WAITING FOR FINISH 
144123:T510836_81:MACHINE DONE
144123:T510836_81:Error Code 0
144159:T510836_82:Machine Process.. START
144200:T510836_82:GOING TO SEND START
144200:T510836_82:SENT START, WAITING FOR FINISH 
144202:T510836_82:MACHINE DONE
144202:T510836_82:Error Code 0
144348:T510836_83:Machine Process.. START
144349:T510836_83:GOING TO SEND START
144349:T510836_83:SENT START, WAITING FOR FINISH 
144351:T510836_83:MACHINE DONE
144352:T510836_83:Error Code 0
144531:T510836_84:Machine Process.. START
144531:T510836_84:GOING TO SEND START
144532:T510836_84:SENT START, WAITING FOR FINISH 
144537:T510836_84:MACHINE DONE
144537:T510836_84:Error Code 0
144615:T510836_85:Machine Process.. START
144615:T510836_85:GOING TO SEND START
144615:T510836_85:SENT START, WAITING FOR FINISH 
144618:T510836_85:MACHINE DONE
144618:T510836_85:Error Code 0
145436:T510836_86:Machine Process.. START
145436:T510836_86:GOING TO SEND START
145437:T510836_86:SENT START, WAITING FOR FINISH 
145439:T510836_86:MACHINE DONE
145440:T510836_86:Error Code 0
145549:T510836_87:Machine Process.. START
145549:T510836_87:GOING TO SEND START
145550:T510836_87:SENT START, WAITING FOR FINISH 
145552:T510836_87:MACHINE DONE
145552:T510836_87:Error Code 0
171534:T510837_1:Machine Process.. START
171534:T510837_1:GOING TO SEND START
171534:T510837_1:SENT START, WAITING FOR FINISH 
171537:T510837_1:MACHINE DONE
171538:T510837_1:Error Code 0
172430:T510837_2:Machine Process.. START
172430:T510837_2:GOING TO SEND START
172430:T510837_2:SENT START, WAITING FOR FINISH 
172443:T510837_2:MACHINE DONE
172443:T510837_2:Error Code 0
173129:T510836_107:Machine Process.. START
173129:T510836_107:GOING TO SEND START
173130:T510836_107:SENT START, WAITING FOR FINISH 
173132:T510836_107:MACHINE DONE
173132:T510836_107:Error Code 0
175211:T510837_3:Machine Process.. START
175212:T510837_3:GOING TO SEND START
175212:T510837_3:SENT START, WAITING FOR FINISH 
175419:T510837_3:MACHINE DONE
175419:T510837_3:Error Code 0
175422:T510837_4:Machine Process.. START
175422:T510837_4:GOING TO SEND START
175422:T510837_4:SENT START, WAITING FOR FINISH 
175427:T510837_4:MACHINE DONE
175427:T510837_4:Error Code 0
175442:T510837_5:Machine Process.. START
175443:T510837_5:GOING TO SEND START
175443:T510837_5:SENT START, WAITING FOR FINISH 
175446:T510837_5:MACHINE DONE
175446:T510837_5:Error Code 0
175510:T510837_6:Machine Process.. START
175510:T510837_6:GOING TO SEND START
175510:T510837_6:SENT START, WAITING FOR FINISH 
175512:T510837_6:MACHINE DONE
175512:T510837_6:Error Code 0
182424:T510837_7:Machine Process.. START
182425:T510837_7:GOING TO SEND START
182425:T510837_7:SENT START, WAITING FOR FINISH 
182432:T510837_7:MACHINE DONE
182432:T510837_7:Error Code 0
182513:T510837_8:Machine Process.. START
182513:T510837_8:GOING TO SEND START
182513:T510837_8:SENT START, WAITING FOR FINISH 
182516:T510837_8:MACHINE DONE
182516:T510837_8:Error Code 0
182535:T510837_9:Machine Process.. START
182536:T510837_9:GOING TO SEND START
182536:T510837_9:SENT START, WAITING FOR FINISH 
182539:T510837_9:MACHINE DONE
182539:T510837_9:Error Code 0
182633:T510837_10:Machine Process.. START
182633:T510837_10:GOING TO SEND START
182633:T510837_10:SENT START, WAITING FOR FINISH 
182636:T510837_10:MACHINE DONE
182636:T510837_10:Error Code 0
182657:T510837_11:Machine Process.. START
182658:T510837_11:GOING TO SEND START
182658:T510837_11:SENT START, WAITING FOR FINISH 
182700:T510837_11:MACHINE DONE
182700:T510837_11:Error Code 0
182728:T510837_12:Machine Process.. START
182728:T510837_12:GOING TO SEND START
182728:T510837_12:SENT START, WAITING FOR FINISH 
182731:T510837_12:MACHINE DONE
182731:T510837_12:Error Code 0
182916:T510837_13:Machine Process.. START
182917:T510837_13:GOING TO SEND START
182917:T510837_13:SENT START, WAITING FOR FINISH 
182919:T510837_13:MACHINE DONE
182919:T510837_13:Error Code 0
182957:T510837_14:Machine Process.. START
182957:T510837_14:GOING TO SEND START
182958:T510837_14:SENT START, WAITING FOR FINISH 
183000:T510837_14:MACHINE DONE
183000:T510837_14:Error Code 0
183039:T510837_15:Machine Process.. START
183039:T510837_15:GOING TO SEND START
183039:T510837_15:SENT START, WAITING FOR FINISH 
183041:T510837_15:MACHINE DONE
183041:T510837_15:Error Code 0
183120:T510837_16:Machine Process.. START
183120:T510837_16:GOING TO SEND START
183120:T510837_16:SENT START, WAITING FOR FINISH 
183154:T510837_16:MACHINE DONE
183154:T510837_16:Error Code 0
183245:T510837_17:Machine Process.. START
183245:T510837_17:GOING TO SEND START
183246:T510837_17:SENT START, WAITING FOR FINISH 
183248:T510837_17:MACHINE DONE
183248:T510837_17:Error Code 0
183314:T510837_18:Machine Process.. START
183314:T510837_18:GOING TO SEND START
183314:T510837_18:SENT START, WAITING FOR FINISH 
183317:T510837_18:MACHINE DONE
183317:T510837_18:Error Code 0
183345:T510837_19:Machine Process.. START
183345:T510837_19:GOING TO SEND START
183346:T510837_19:SENT START, WAITING FOR FINISH 
183349:T510837_19:MACHINE DONE
183349:T510837_19:Error Code 0
183438:T510837_20:Machine Process.. START
183439:T510837_20:GOING TO SEND START
183439:T510837_20:SENT START, WAITING FOR FINISH 
183442:T510837_20:MACHINE DONE
183442:T510837_20:Error Code 0
183522:T510837_21:Machine Process.. START
183522:T510837_21:GOING TO SEND START
183523:T510837_21:SENT START, WAITING FOR FINISH 
183526:T510837_21:MACHINE DONE
183526:T510837_21:Error Code 0
183617:T510837_22:Machine Process.. START
183618:T510837_22:GOING TO SEND START
183618:T510837_22:SENT START, WAITING FOR FINISH 
183620:T510837_22:MACHINE DONE
183620:T510837_22:Error Code 0
183840:T510837_23:Machine Process.. START
183840:T510837_23:GOING TO SEND START
183841:T510837_23:SENT START, WAITING FOR FINISH 
183843:T510837_23:MACHINE DONE
183843:T510837_23:Error Code 0
183850:T510837_24:Machine Process.. START
183850:T510837_24:GOING TO SEND START
183851:T510837_24:SENT START, WAITING FOR FINISH 
183852:T510837_24:MACHINE DONE
183852:T510837_24:Error Code 0
183917:T510837_25:Machine Process.. START
183917:T510837_25:GOING TO SEND START
183918:T510837_25:SENT START, WAITING FOR FINISH 
183919:T510837_25:MACHINE DONE
183919:T510837_25:Error Code 0
183947:T510837_26:Machine Process.. START
183947:T510837_26:GOING TO SEND START
183948:T510837_26:SENT START, WAITING FOR FINISH 
183950:T510837_26:MACHINE DONE
183950:T510837_26:Error Code 0
184017:T510837_27:Machine Process.. START
184017:T510837_27:GOING TO SEND START
184018:T510837_27:SENT START, WAITING FOR FINISH 
184025:T510837_27:MACHINE DONE
184025:T510837_27:Error Code 0
184037:T510837_28:Machine Process.. START
184038:T510837_28:GOING TO SEND START
184038:T510837_28:SENT START, WAITING FOR FINISH 
184040:T510837_28:MACHINE DONE
184040:T510837_28:Error Code 0
184132:T510837_29:Machine Process.. START
184132:T510837_29:GOING TO SEND START
184133:T510837_29:SENT START, WAITING FOR FINISH 
184134:T510837_29:MACHINE DONE
184134:T510837_29:Error Code 0
184200:T510837_30:Machine Process.. START
184200:T510837_30:GOING TO SEND START
184201:T510837_30:SENT START, WAITING FOR FINISH 
184203:T510837_30:MACHINE DONE
184203:T510837_30:Error Code 0
184236:T510837_31:Machine Process.. START
184236:T510837_31:GOING TO SEND START
184237:T510837_31:SENT START, WAITING FOR FINISH 
184239:T510837_31:MACHINE DONE
184239:T510837_31:Error Code 0
184322:T510837_32:Machine Process.. START
184322:T510837_32:GOING TO SEND START
184323:T510837_32:SENT START, WAITING FOR FINISH 
184325:T510837_32:MACHINE DONE
184325:T510837_32:Error Code 0
184346:T510837_33:Machine Process.. START
184346:T510837_33:GOING TO SEND START
184346:T510837_33:SENT START, WAITING FOR FINISH 
184349:T510837_33:MACHINE DONE
184349:T510837_33:Error Code 0
184425:T510837_34:Machine Process.. START
184426:T510837_34:GOING TO SEND START
184426:T510837_34:SENT START, WAITING FOR FINISH 
184429:T510837_34:MACHINE DONE
184429:T510837_34:Error Code 0
184510:T510837_35:Machine Process.. START
184510:T510837_35:GOING TO SEND START
184510:T510837_35:SENT START, WAITING FOR FINISH 
184515:T510837_35:MACHINE DONE
184515:T510837_35:Error Code 0
184601:T510837_36:Machine Process.. START
184601:T510837_36:GOING TO SEND START
184602:T510837_36:SENT START, WAITING FOR FINISH 
184604:T510837_36:MACHINE DONE
184604:T510837_36:Error Code 0
184653:T510837_37:Machine Process.. START
184654:T510837_37:GOING TO SEND START
184654:T510837_37:SENT START, WAITING FOR FINISH 
184656:T510837_37:MACHINE DONE
184656:T510837_37:Error Code 0
184740:T510837_38:Machine Process.. START
184740:T510837_38:GOING TO SEND START
184740:T510837_38:SENT START, WAITING FOR FINISH 
184744:T510837_38:MACHINE DONE
184744:T510837_38:Error Code 0
184926:T510837_39:Machine Process.. START
184926:T510837_39:GOING TO SEND START
184926:T510837_39:SENT START, WAITING FOR FINISH 
190306:T510837_42:Machine Process.. START
190306:T510837_42:GOING TO SEND START
190307:T510837_42:SENT START, WAITING FOR FINISH 
190427:T510837_42:MACHINE DONE
190427:T510837_42:Error Code 0
190429:T510837_43:Machine Process.. START
190429:T510837_43:GOING TO SEND START
190429:T510837_43:SENT START, WAITING FOR FINISH 
190545:T510837_43:MACHINE DONE
190545:T510837_43:Error Code 0
190547:T510837_44:Machine Process.. START
190547:T510837_44:GOING TO SEND START
190548:T510837_44:SENT START, WAITING FOR FINISH 
190658:T510837_44:MACHINE DONE
190658:T510837_44:Error Code 0
190700:T510837_45:Machine Process.. START
190700:T510837_45:GOING TO SEND START
190701:T510837_45:SENT START, WAITING FOR FINISH 
190706:T510837_45:MACHINE DONE
190706:T510837_45:Error Code 0
190716:T510837_46:Machine Process.. START
190716:T510837_46:GOING TO SEND START
190716:T510837_46:SENT START, WAITING FOR FINISH 
190731:T510837_46:MACHINE DONE
190731:T510837_46:Error Code 0
190734:T510837_47:Machine Process.. START
190734:T510837_47:GOING TO SEND START
190734:T510837_47:SENT START, WAITING FOR FINISH 
190739:T510837_47:MACHINE DONE
190739:T510837_47:Error Code 0
190845:T510837_48:Machine Process.. START
190845:T510837_48:GOING TO SEND START
190846:T510837_48:SENT START, WAITING FOR FINISH 
190848:T510837_48:MACHINE DONE
190848:T510837_48:Error Code 0
190910:T510837_49:Machine Process.. START
190910:T510837_49:GOING TO SEND START
190910:T510837_49:SENT START, WAITING FOR FINISH 
190916:T510837_49:MACHINE DONE
190916:T510837_49:Error Code 0
190932:T510837_50:Machine Process.. START
190932:T510837_50:GOING TO SEND START
190933:T510837_50:SENT START, WAITING FOR FINISH 
190936:T510837_50:MACHINE DONE
190936:T510837_50:Error Code 0
190958:T510837_51:Machine Process.. START
190958:T510837_51:GOING TO SEND START
190958:T510837_51:SENT START, WAITING FOR FINISH 
191000:T510837_51:MACHINE DONE
191001:T510837_51:Error Code 0
191027:T510837_52:Machine Process.. START
191027:T510837_52:GOING TO SEND START
191028:T510837_52:SENT START, WAITING FOR FINISH 
191031:T510837_52:MACHINE DONE
191031:T510837_52:Error Code 0
191130:T510837_53:Machine Process.. START
191131:T510837_53:GOING TO SEND START
191131:T510837_53:SENT START, WAITING FOR FINISH 
191241:T510837_53:MACHINE DONE
191241:T510837_53:Error Code 0
191301:T510837_54:Machine Process.. START
191301:T510837_54:GOING TO SEND START
191301:T510837_54:SENT START, WAITING FOR FINISH 
191341:T510837_54:MACHINE DONE
191341:T510837_54:Error Code 0
191345:T510837_55:Machine Process.. START
191345:T510837_55:GOING TO SEND START
191345:T510837_55:SENT START, WAITING FOR FINISH 
191348:T510837_55:MACHINE DONE
191348:T510837_55:Error Code 0
191518:T510837_56:Machine Process.. START
191519:T510837_56:GOING TO SEND START
191519:T510837_56:SENT START, WAITING FOR FINISH 
191522:T510837_56:MACHINE DONE
191522:T510837_56:Error Code 0
191630:T510837_57:Machine Process.. START
191630:T510837_57:GOING TO SEND START
191630:T510837_57:SENT START, WAITING FOR FINISH 
191631:T510837_57:MACHINE DONE
191631:T510837_57:Error Code 0
191725:T510837_58:Machine Process.. START
191725:T510837_58:GOING TO SEND START
191725:T510837_58:SENT START, WAITING FOR FINISH 
191731:T510837_58:MACHINE DONE
191731:T510837_58:Error Code 0
191749:T510837_59:Machine Process.. START
191749:T510837_59:GOING TO SEND START
191749:T510837_59:SENT START, WAITING FOR FINISH 
191754:T510837_59:MACHINE DONE
191754:T510837_59:Error Code 0
