132805:T510836_1:Machine Process.. START
132805:T510836_1:GOING TO SEND START
132805:T510836_1:SENT START, WAITING FOR FINISH 
132815:T510836_1:MACHINE DONE
132815:T510836_1:Error Code 0
132902:T510836_2:Machine Process.. START
132902:T510836_2:GOING TO SEND START
132902:T510836_2:SENT START, WAITING FOR FINISH 
132907:T510836_2:MACHINE DONE
132907:T510836_2:Error Code 0
132953:T510836_3:Machine Process.. START
132953:T510836_3:GOING TO SEND START
132954:T510836_3:SENT START, WAITING FOR FINISH 
133004:T510836_3:MACHINE DONE
133004:T510836_3:Error Code 0
133044:T510836_4:Machine Process.. START
133045:T510836_4:GOING TO SEND START
133045:T510836_4:SENT START, WAITING FOR FINISH 
133052:T510836_4:MACHINE DONE
133052:T510836_4:Error Code 0
133140:T510836_5:Machine Process.. START
133140:T510836_5:GOING TO SEND START
133141:T510836_5:SENT START, WAITING FOR FINISH 
133145:T510836_5:MACHINE DONE
133145:T510836_5:Error Code 0
133315:T510836_6:Machine Process.. START
133315:T510836_6:GOING TO SEND START
133315:T510836_6:SENT START, WAITING FOR FINISH 
133455:T510836_6:MACHINE DONE
133455:T510836_6:Error Code 0
133458:T510836_7:Machine Process.. START
133458:T510836_7:GOING TO SEND START
133459:T510836_7:SENT START, WAITING FOR FINISH 
133526:T510836_7:MACHINE DONE
133526:T510836_7:Error Code 0
133626:T510836_8:Machine Process.. START
133626:T510836_8:GOING TO SEND START
133626:T510836_8:SENT START, WAITING FOR FINISH 
133632:T510836_8:MACHINE DONE
133632:T510836_8:Error Code 0
133715:T510836_9:Machine Process.. START
133715:T510836_9:GOING TO SEND START
133715:T510836_9:SENT START, WAITING FOR FINISH 
133722:T510836_9:MACHINE DONE
133722:T510836_9:Error Code 0
133858:T510836_10:Machine Process.. START
133858:T510836_10:GOING TO SEND START
133858:T510836_10:SENT START, WAITING FOR FINISH 
133938:T510836_10:MACHINE DONE
133938:T510836_10:Error Code 0
134349:T510836_11:Machine Process.. START
134349:T510836_11:GOING TO SEND START
134349:T510836_11:SENT START, WAITING FOR FINISH 
134433:T510836_11:MACHINE DONE
134433:T510836_11:Error Code 0
134850:T510836_12:Machine Process.. START
134850:T510836_12:GOING TO SEND START
134851:T510836_12:SENT START, WAITING FOR FINISH 
134905:T510836_12:MACHINE DONE
134905:T510836_12:Error Code 0
134952:T510836_13:Machine Process.. START
134952:T510836_13:GOING TO SEND START
134952:T510836_13:SENT START, WAITING FOR FINISH 
135000:T510836_13:MACHINE DONE
135000:T510836_13:Error Code 0
135109:T510836_14:Machine Process.. START
135109:T510836_14:GOING TO SEND START
135109:T510836_14:SENT START, WAITING FOR FINISH 
135123:T510836_14:MACHINE DONE
135123:T510836_14:Error Code 0
135242:T510836_15:Machine Process.. START
135242:T510836_15:GOING TO SEND START
135242:T510836_15:SENT START, WAITING FOR FINISH 
135258:T510836_15:MACHINE DONE
135258:T510836_15:Error Code 0
135334:T510836_16:Machine Process.. START
135334:T510836_16:GOING TO SEND START
135334:T510836_16:SENT START, WAITING FOR FINISH 
135339:T510836_16:MACHINE DONE
135339:T510836_16:Error Code 0
135427:T510836_17:Machine Process.. START
135428:T510836_17:GOING TO SEND START
135428:T510836_17:SENT START, WAITING FOR FINISH 
135440:T510836_17:MACHINE DONE
135440:T510836_17:Error Code 0
135607:T510836_18:Machine Process.. START
135607:T510836_18:GOING TO SEND START
135607:T510836_18:SENT START, WAITING FOR FINISH 
135614:T510836_18:MACHINE DONE
135614:T510836_18:Error Code 0
135713:T510836_19:Machine Process.. START
135713:T510836_19:GOING TO SEND START
135713:T510836_19:SENT START, WAITING FOR FINISH 
135720:T510836_19:MACHINE DONE
135720:T510836_19:Error Code 0
135812:T510836_20:Machine Process.. START
135812:T510836_20:GOING TO SEND START
135813:T510836_20:SENT START, WAITING FOR FINISH 
135842:T510836_20:MACHINE DONE
135842:T510836_20:Error Code 0
140005:T510836_21:Machine Process.. START
140005:T510836_21:GOING TO SEND START
140005:T510836_21:SENT START, WAITING FOR FINISH 
140017:T510836_21:MACHINE DONE
140017:T510836_21:Error Code 0
140117:T510836_22:Machine Process.. START
140117:T510836_22:GOING TO SEND START
140118:T510836_22:SENT START, WAITING FOR FINISH 
140131:T510836_22:MACHINE DONE
140131:T510836_22:Error Code 0
140230:T510836_23:Machine Process.. START
140231:T510836_23:GOING TO SEND START
140231:T510836_23:SENT START, WAITING FOR FINISH 
140246:T510836_23:MACHINE DONE
140246:T510836_23:Error Code 0
140410:T510836_24:Machine Process.. START
140410:T510836_24:GOING TO SEND START
140411:T510836_24:SENT START, WAITING FOR FINISH 
140416:T510836_24:MACHINE DONE
140416:T510836_24:Error Code 0
140457:T510836_25:Machine Process.. START
140457:T510836_25:GOING TO SEND START
140457:T510836_25:SENT START, WAITING FOR FINISH 
140505:T510836_25:MACHINE DONE
140505:T510836_25:Error Code 0
140559:T510836_26:Machine Process.. START
140559:T510836_26:GOING TO SEND START
140600:T510836_26:SENT START, WAITING FOR FINISH 
140608:T510836_26:MACHINE DONE
140608:T510836_26:Error Code 0
140645:T510836_27:Machine Process.. START
140645:T510836_27:GOING TO SEND START
140645:T510836_27:SENT START, WAITING FOR FINISH 
140658:T510836_27:MACHINE DONE
140658:T510836_27:Error Code 0
140740:T510836_28:Machine Process.. START
140740:T510836_28:GOING TO SEND START
140740:T510836_28:SENT START, WAITING FOR FINISH 
140746:T510836_28:MACHINE DONE
140746:T510836_28:Error Code 0
140845:T510836_29:Machine Process.. START
140845:T510836_29:GOING TO SEND START
140846:T510836_29:SENT START, WAITING FOR FINISH 
140850:T510836_29:MACHINE DONE
140850:T510836_29:Error Code 0
141009:T510836_30:Machine Process.. START
141009:T510836_30:GOING TO SEND START
141010:T510836_30:SENT START, WAITING FOR FINISH 
141013:T510836_30:MACHINE DONE
141013:T510836_30:Error Code 0
141226:T510836_31:Machine Process.. START
141226:T510836_31:GOING TO SEND START
141226:T510836_31:SENT START, WAITING FOR FINISH 
141231:T510836_31:MACHINE DONE
141231:T510836_31:Error Code 0
141348:T510836_32:Machine Process.. START
141348:T510836_32:GOING TO SEND START
141348:T510836_32:SENT START, WAITING FOR FINISH 
141354:T510836_32:MACHINE DONE
141354:T510836_32:Error Code 0
141446:T510836_33:Machine Process.. START
141447:T510836_33:GOING TO SEND START
141447:T510836_33:SENT START, WAITING FOR FINISH 
141452:T510836_33:MACHINE DONE
141452:T510836_33:Error Code 0
141536:T510836_34:Machine Process.. START
141536:T510836_34:GOING TO SEND START
141537:T510836_34:SENT START, WAITING FOR FINISH 
141540:T510836_34:MACHINE DONE
141540:T510836_34:Error Code 0
141710:T510836_35:Machine Process.. START
141710:T510836_35:GOING TO SEND START
141711:T510836_35:SENT START, WAITING FOR FINISH 
141713:T510836_35:MACHINE DONE
141713:T510836_35:Error Code 0
141751:T510836_36:Machine Process.. START
141751:T510836_36:GOING TO SEND START
141751:T510836_36:SENT START, WAITING FOR FINISH 
141755:T510836_36:MACHINE DONE
141755:T510836_36:Error Code 0
141910:T510836_37:Machine Process.. START
141910:T510836_37:GOING TO SEND START
141911:T510836_37:SENT START, WAITING FOR FINISH 
141913:T510836_37:MACHINE DONE
141913:T510836_37:Error Code 0
142015:T510836_38:Machine Process.. START
142016:T510836_38:GOING TO SEND START
142016:T510836_38:SENT START, WAITING FOR FINISH 
142019:T510836_38:MACHINE DONE
142019:T510836_38:Error Code 0
142233:T510836_39:Machine Process.. START
142233:T510836_39:GOING TO SEND START
142234:T510836_39:SENT START, WAITING FOR FINISH 
142251:T510836_39:MACHINE DONE
142252:T510836_39:Error Code 0
142339:T510836_40:Machine Process.. START
142339:T510836_40:GOING TO SEND START
142339:T510836_40:SENT START, WAITING FOR FINISH 
142344:T510836_40:MACHINE DONE
142344:T510836_40:Error Code 0
142511:T510836_41:Machine Process.. START
142511:T510836_41:GOING TO SEND START
142511:T510836_41:SENT START, WAITING FOR FINISH 
142516:T510836_41:MACHINE DONE
142516:T510836_41:Error Code 0
142649:T510836_42:Machine Process.. START
142649:T510836_42:GOING TO SEND START
142649:T510836_42:SENT START, WAITING FOR FINISH 
142652:T510836_42:MACHINE DONE
142652:T510836_42:Error Code 0
142738:T510836_43:Machine Process.. START
142738:T510836_43:GOING TO SEND START
142738:T510836_43:SENT START, WAITING FOR FINISH 
142740:T510836_43:MACHINE DONE
142740:T510836_43:Error Code 0
142844:T510836_44:Machine Process.. START
142844:T510836_44:GOING TO SEND START
142844:T510836_44:SENT START, WAITING FOR FINISH 
142849:T510836_44:MACHINE DONE
142849:T510836_44:Error Code 0
142947:T510836_45:Machine Process.. START
142947:T510836_45:GOING TO SEND START
142947:T510836_45:SENT START, WAITING FOR FINISH 
142951:T510836_45:MACHINE DONE
142951:T510836_45:Error Code 0
143118:T510836_46:Machine Process.. START
143118:T510836_46:GOING TO SEND START
143119:T510836_46:SENT START, WAITING FOR FINISH 
143121:T510836_46:MACHINE DONE
143121:T510836_46:Error Code 0
143222:T510836_47:Machine Process.. START
143223:T510836_47:GOING TO SEND START
143223:T510836_47:SENT START, WAITING FOR FINISH 
143227:T510836_47:MACHINE DONE
143227:T510836_47:Error Code 0
143705:T510836_48:Machine Process.. START
143705:T510836_48:GOING TO SEND START
143705:T510836_48:SENT START, WAITING FOR FINISH 
143709:T510836_48:MACHINE DONE
143709:T510836_48:Error Code 0
143759:T510836_49:Machine Process.. START
143759:T510836_49:GOING TO SEND START
143759:T510836_49:SENT START, WAITING FOR FINISH 
143803:T510836_49:MACHINE DONE
143803:T510836_49:Error Code 0
143916:T510836_50:Machine Process.. START
143917:T510836_50:GOING TO SEND START
143917:T510836_50:SENT START, WAITING FOR FINISH 
143920:T510836_50:MACHINE DONE
143920:T510836_50:Error Code 0
144047:T510836_51:Machine Process.. START
144047:T510836_51:GOING TO SEND START
144048:T510836_51:SENT START, WAITING FOR FINISH 
144052:T510836_51:MACHINE DONE
144052:T510836_51:Error Code 0
144158:T510836_52:Machine Process.. START
144159:T510836_52:GOING TO SEND START
144159:T510836_52:SENT START, WAITING FOR FINISH 
144201:T510836_52:MACHINE DONE
144201:T510836_52:Error Code 0
144249:T510836_53:Machine Process.. START
144249:T510836_53:GOING TO SEND START
144250:T510836_53:SENT START, WAITING FOR FINISH 
144253:T510836_53:MACHINE DONE
144253:T510836_53:Error Code 0
144335:T510836_54:Machine Process.. START
144335:T510836_54:GOING TO SEND START
144335:T510836_54:SENT START, WAITING FOR FINISH 
144337:T510836_54:MACHINE DONE
144337:T510836_54:Error Code 0
144423:T510836_55:Machine Process.. START
144423:T510836_55:GOING TO SEND START
144423:T510836_55:SENT START, WAITING FOR FINISH 
144426:T510836_55:MACHINE DONE
144426:T510836_55:Error Code 0
144628:T510836_56:Machine Process.. START
144628:T510836_56:GOING TO SEND START
144628:T510836_56:SENT START, WAITING FOR FINISH 
144632:T510836_56:MACHINE DONE
144632:T510836_56:Error Code 0
144754:T510836_57:Machine Process.. START
144755:T510836_57:GOING TO SEND START
144755:T510836_57:SENT START, WAITING FOR FINISH 
144756:T510836_57:MACHINE DONE
144756:T510836_57:Error Code 0
144840:T510836_58:Machine Process.. START
144840:T510836_58:GOING TO SEND START
144840:T510836_58:SENT START, WAITING FOR FINISH 
144845:T510836_58:MACHINE DONE
144845:T510836_58:Error Code 0
