081740:T589126_1:Machine Process.. START
081741:T589126_1:GOING TO SEND START
081741:T589126_1:SENT START, WAITING FOR FINISH 
081856:T589126_1:MACHINE DONE
081856:T589126_1:Error Code 0
081930:T589126_2:Machine Process.. START
081930:T589126_2:GOING TO SEND START
081930:T589126_2:SENT START, WAITING FOR FINISH 
082017:T589126_2:MACHINE DONE
082017:T589126_2:Error Code 0
082121:T589126_3:Machine Process.. START
082121:T589126_3:GOING TO SEND START
082121:T589126_3:SENT START, WAITING FOR FINISH 
082244:T589126_3:MACHINE DONE
082244:T589126_3:Error Code 0
082340:T589126_4:Machine Process.. START
082340:T589126_4:GOING TO SEND START
082340:T589126_4:SENT START, WAITING FOR FINISH 
082455:T589126_4:MACHINE DONE
082455:T589126_4:Error Code 0
082541:T589126_5:Machine Process.. START
082542:T589126_5:GOING TO SEND START
082542:T589126_5:SENT START, WAITING FOR FINISH 
082744:T589126_6:Machine Process.. START
082744:T589126_6:GOING TO SEND START
082744:T589126_6:SENT START, WAITING FOR FINISH 
082912:T589126_6:MACHINE DONE
082912:T589126_6:Error Code 0
082942:T589126_7:Machine Process.. START
082942:T589126_7:GOING TO SEND START
082942:T589126_7:SENT START, WAITING FOR FINISH 
083026:T589126_7:MACHINE DONE
083026:T589126_7:Error Code 0
083145:T589126_8:Machine Process.. START
083145:T589126_8:GOING TO SEND START
083145:T589126_8:SENT START, WAITING FOR FINISH 
083230:T589126_8:MACHINE DONE
083230:T589126_8:Error Code 0
085932:T589126_9:Machine Process.. START
085932:T589126_9:GOING TO SEND START
085932:T589126_9:SENT START, WAITING FOR FINISH 
090034:T589126_9:MACHINE DONE
090034:T589126_9:Error Code 0
090109:T589126_10:Machine Process.. START
090110:T589126_10:GOING TO SEND START
090110:T589126_10:SENT START, WAITING FOR FINISH 
090141:T589126_10:MACHINE DONE
090141:T589126_10:Error Code 0
090300:T589126_11:Machine Process.. START
090300:T589126_11:GOING TO SEND START
090301:T589126_11:SENT START, WAITING FOR FINISH 
090353:T589126_11:MACHINE DONE
090353:T589126_11:Error Code 0
091241:T589126_12:Machine Process.. START
091242:T589126_12:GOING TO SEND START
091242:T589126_12:SENT START, WAITING FOR FINISH 
091330:T589126_12:MACHINE DONE
091330:T589126_12:Error Code 0
091503:T589126_13:Machine Process.. START
091503:T589126_13:GOING TO SEND START
091504:T589126_13:SENT START, WAITING FOR FINISH 
092055:T589126_14:Machine Process.. START
092055:T589126_14:GOING TO SEND START
092055:T589126_14:SENT START, WAITING FOR FINISH 
092136:T589126_14:MACHINE DONE
092136:T589126_13:MACHINE DONE
092136:T589126_13:Error Code 0
092136:T589126_14:Error Code 0
092442:T589126_15:Machine Process.. START
092442:T589126_15:GOING TO SEND START
092442:T589126_15:SENT START, WAITING FOR FINISH 
092608:T589126_15:MACHINE DONE
092608:T589126_15:Error Code 0
092645:T589126_16:Machine Process.. START
092645:T589126_16:GOING TO SEND START
092646:T589126_16:SENT START, WAITING FOR FINISH 
092740:T589126_16:MACHINE DONE
092740:T589126_16:Error Code 0
092848:T589126_17:Machine Process.. START
092848:T589126_17:GOING TO SEND START
092848:T589126_17:SENT START, WAITING FOR FINISH 
092941:T589126_17:MACHINE DONE
092941:T589126_17:Error Code 0
093009:T589126_18:Machine Process.. START
093010:T589126_18:GOING TO SEND START
093010:T589126_18:SENT START, WAITING FOR FINISH 
093050:T589126_18:MACHINE DONE
093050:T589126_18:Error Code 0
093720:T589126_19:Machine Process.. START
093720:T589126_19:GOING TO SEND START
093721:T589126_19:SENT START, WAITING FOR FINISH 
093819:T589126_19:MACHINE DONE
093819:T589126_19:Error Code 0
094053:T589126_20:Machine Process.. START
094054:T589126_20:GOING TO SEND START
094054:T589126_20:SENT START, WAITING FOR FINISH 
094143:T589126_20:MACHINE DONE
094143:T589126_20:Error Code 0
094445:T589126_21:Machine Process.. START
094446:T589126_21:GOING TO SEND START
094446:T589126_21:SENT START, WAITING FOR FINISH 
094620:T589126_21:MACHINE DONE
094620:T589126_21:Error Code 0
094709:T589126_22:Machine Process.. START
094709:T589126_22:GOING TO SEND START
094709:T589126_22:SENT START, WAITING FOR FINISH 
094808:T589126_22:MACHINE DONE
094808:T589126_22:Error Code 0
095115:T589126_23:Machine Process.. START
095115:T589126_23:GOING TO SEND START
095115:T589126_23:SENT START, WAITING FOR FINISH 
095154:T589126_23:MACHINE DONE
095154:T589126_23:Error Code 0
095415:T589126_24:Machine Process.. START
095415:T589126_24:GOING TO SEND START
095416:T589126_24:SENT START, WAITING FOR FINISH 
095457:T589126_24:MACHINE DONE
095457:T589126_24:Error Code 0
095516:T589126_25:Machine Process.. START
095516:T589126_25:GOING TO SEND START
095516:T589126_25:SENT START, WAITING FOR FINISH 
095547:T589126_25:MACHINE DONE
095547:T589126_25:Error Code 0
101330:T589126_26:Machine Process.. START
101330:T589126_26:GOING TO SEND START
101331:T589126_26:SENT START, WAITING FOR FINISH 
101412:T589126_26:MACHINE DONE
101412:T589126_26:Error Code 0
101701:T510836_1:Machine Process.. START
101701:T510836_1:GOING TO SEND START
101702:T510836_1:SENT START, WAITING FOR FINISH 
101751:T510836_1:MACHINE DONE
101751:T510836_1:Error Code 0
101924:T510836_2:Machine Process.. START
101924:T510836_2:GOING TO SEND START
101924:T510836_2:SENT START, WAITING FOR FINISH 
102005:T510836_2:MACHINE DONE
102006:T510836_2:Error Code 0
102235:T510836_3:Machine Process.. START
102235:T510836_3:GOING TO SEND START
102235:T510836_3:SENT START, WAITING FOR FINISH 
102410:T510836_3:MACHINE DONE
102410:T510836_3:Error Code 0
102439:T510836_4:Machine Process.. START
102439:T510836_4:GOING TO SEND START
102439:T510836_4:SENT START, WAITING FOR FINISH 
102516:T510836_4:MACHINE DONE
102516:T510836_4:Error Code 0
131519:T510837_1:Machine Process.. START
131519:T510837_1:GOING TO SEND START
131520:T510837_1:SENT START, WAITING FOR FINISH 
131612:T510837_1:MACHINE DONE
131612:T510837_1:Error Code 0
144721:T510837_2:Machine Process.. START
144721:T510837_2:GOING TO SEND START
144721:T510837_2:SENT START, WAITING FOR FINISH 
144802:T510837_2:MACHINE DONE
144802:T510837_2:Error Code 0
152456:T510837_3:Machine Process.. START
152456:T510837_3:GOING TO SEND START
152456:T510837_3:SENT START, WAITING FOR FINISH 
152547:T510837_3:MACHINE DONE
152547:T510837_3:Error Code 0
152620:T510837_4:Machine Process.. START
152620:T510837_4:GOING TO SEND START
152620:T510837_4:SENT START, WAITING FOR FINISH 
152653:T510837_4:MACHINE DONE
152653:T510837_4:Error Code 0
152714:T510837_5:Machine Process.. START
152714:T510837_5:GOING TO SEND START
152714:T510837_5:SENT START, WAITING FOR FINISH 
152746:T510837_5:MACHINE DONE
152746:T510837_5:Error Code 0
152803:T510837_6:Machine Process.. START
152803:T510837_6:GOING TO SEND START
152803:T510837_6:SENT START, WAITING FOR FINISH 
152830:T510837_6:MACHINE DONE
152830:T510837_6:Error Code 0
152901:T510837_7:Machine Process.. START
152901:T510837_7:GOING TO SEND START
152901:T510837_7:SENT START, WAITING FOR FINISH 
152927:T510837_7:MACHINE DONE
152927:T510837_7:Error Code 0
152942:T510837_8:Machine Process.. START
152943:T510837_8:GOING TO SEND START
152943:T510837_8:SENT START, WAITING FOR FINISH 
153002:T510837_8:MACHINE DONE
153002:T510837_8:Error Code 0
153100:T510837_9:Machine Process.. START
153100:T510837_9:GOING TO SEND START
153100:T510837_9:SENT START, WAITING FOR FINISH 
153136:T510837_9:MACHINE DONE
153136:T510837_9:Error Code 0
153203:T510837_10:Machine Process.. START
153203:T510837_10:GOING TO SEND START
153203:T510837_10:SENT START, WAITING FOR FINISH 
153231:T510837_10:MACHINE DONE
153232:T510837_10:Error Code 0
153246:T510837_11:Machine Process.. START
153246:T510837_11:GOING TO SEND START
153247:T510837_11:SENT START, WAITING FOR FINISH 
153346:T510837_11:MACHINE DONE
153346:T510837_11:Error Code 0
153413:T510837_12:Machine Process.. START
153414:T510837_12:GOING TO SEND START
153414:T510837_12:SENT START, WAITING FOR FINISH 
153442:T510837_12:MACHINE DONE
153442:T510837_12:Error Code 0
153459:T510837_13:Machine Process.. START
153459:T510837_13:GOING TO SEND START
153459:T510837_13:SENT START, WAITING FOR FINISH 
153524:T510837_13:MACHINE DONE
153524:T510837_13:Error Code 0
153541:T510837_14:Machine Process.. START
153541:T510837_14:GOING TO SEND START
153542:T510837_14:SENT START, WAITING FOR FINISH 
153618:T510837_14:MACHINE DONE
153618:T510837_14:Error Code 0
153642:T510837_15:Machine Process.. START
153643:T510837_15:GOING TO SEND START
153643:T510837_15:SENT START, WAITING FOR FINISH 
153709:T510837_15:MACHINE DONE
153709:T510837_15:Error Code 0
153734:T510837_16:Machine Process.. START
153734:T510837_16:GOING TO SEND START
153734:T510837_16:SENT START, WAITING FOR FINISH 
153756:T510837_16:MACHINE DONE
153756:T510837_16:Error Code 0
153814:T510837_17:Machine Process.. START
153815:T510837_17:GOING TO SEND START
153815:T510837_17:SENT START, WAITING FOR FINISH 
153834:T510837_17:MACHINE DONE
153834:T510837_17:Error Code 0
154019:T510837_18:Machine Process.. START
154019:T510837_18:GOING TO SEND START
154019:T510837_18:SENT START, WAITING FOR FINISH 
154123:T510837_18:MACHINE DONE
154123:T510837_18:Error Code 0
154140:T510837_19:Machine Process.. START
154140:T510837_19:GOING TO SEND START
154140:T510837_19:SENT START, WAITING FOR FINISH 
154201:T510837_19:MACHINE DONE
154201:T510837_19:Error Code 0
154216:T510837_20:Machine Process.. START
154216:T510837_20:GOING TO SEND START
154216:T510837_20:SENT START, WAITING FOR FINISH 
154434:T510837_20:MACHINE DONE
154434:T510837_20:Error Code 0
154457:T510837_21:Machine Process.. START
154457:T510837_21:GOING TO SEND START
154457:T510837_21:SENT START, WAITING FOR FINISH 
154551:T510837_21:MACHINE DONE
154551:T510837_21:Error Code 0
154655:T510837_23:Machine Process.. START
154655:T510837_23:GOING TO SEND START
154655:T510837_23:SENT START, WAITING FOR FINISH 
154701:T510837_23:MACHINE DONE
154701:T510837_23:Error Code 0
154744:T510837_24:Machine Process.. START
154744:T510837_24:GOING TO SEND START
154745:T510837_24:SENT START, WAITING FOR FINISH 
154846:T510837_26:Machine Process.. START
154846:T510837_26:GOING TO SEND START
154846:T510837_26:SENT START, WAITING FOR FINISH 
154855:T510837_26:MACHINE DONE
154855:T510837_26:Error Code 0
154945:T510837_27:Machine Process.. START
154945:T510837_27:GOING TO SEND START
154945:T510837_27:SENT START, WAITING FOR FINISH 
155015:T510837_27:MACHINE DONE
155015:T510837_27:Error Code 0
155029:T510837_28:Machine Process.. START
155029:T510837_28:GOING TO SEND START
155030:T510837_28:SENT START, WAITING FOR FINISH 
155109:T510837_28:MACHINE DONE
155109:T510837_28:Error Code 0
155124:T510837_29:Machine Process.. START
155124:T510837_29:GOING TO SEND START
155124:T510837_29:SENT START, WAITING FOR FINISH 
155132:T510837_29:MACHINE DONE
155132:T510837_29:Error Code 0
155203:T510837_30:Machine Process.. START
155203:T510837_30:GOING TO SEND START
155204:T510837_30:SENT START, WAITING FOR FINISH 
155324:T510837_32:Machine Process.. START
155324:T510837_32:GOING TO SEND START
155324:T510837_32:SENT START, WAITING FOR FINISH 
155330:T510837_32:MACHINE DONE
155330:T510837_32:Error Code 0
155527:T510837_35:Machine Process.. START
155527:T510837_35:GOING TO SEND START
155527:T510837_35:SENT START, WAITING FOR FINISH 
155534:T510837_35:MACHINE DONE
155534:T510837_35:Error Code 0
155713:T510837_36:Machine Process.. START
155713:T510837_36:GOING TO SEND START
155713:T510837_36:SENT START, WAITING FOR FINISH 
155740:T510837_36:MACHINE DONE
155740:T510837_36:Error Code 0
155839:T510837_37:Machine Process.. START
155839:T510837_37:GOING TO SEND START
155840:T510837_37:SENT START, WAITING FOR FINISH 
155853:T510837_37:MACHINE DONE
155853:T510837_37:Error Code 0
155919:T510837_38:Machine Process.. START
155919:T510837_38:GOING TO SEND START
155920:T510837_38:SENT START, WAITING FOR FINISH 
155926:T510837_38:MACHINE DONE
155926:T510837_38:Error Code 0
160009:T510837_39:Machine Process.. START
160009:T510837_39:GOING TO SEND START
160009:T510837_39:SENT START, WAITING FOR FINISH 
160143:T510837_41:Machine Process.. START
160143:T510837_41:GOING TO SEND START
160144:T510837_41:SENT START, WAITING FOR FINISH 
160150:T510837_41:MACHINE DONE
160150:T510837_41:Error Code 0
160359:T510837_44:Machine Process.. START
160359:T510837_44:GOING TO SEND START
160359:T510837_44:SENT START, WAITING FOR FINISH 
160415:T510837_44:MACHINE DONE
160415:T510837_44:Error Code 0
160446:T510837_45:Machine Process.. START
160447:T510837_45:GOING TO SEND START
160447:T510837_45:SENT START, WAITING FOR FINISH 
160507:T510837_45:MACHINE DONE
160507:T510837_45:Error Code 0
160530:T510837_46:Machine Process.. START
160530:T510837_46:GOING TO SEND START
160530:T510837_46:SENT START, WAITING FOR FINISH 
160545:T510837_46:MACHINE DONE
160545:T510837_46:Error Code 0
160610:T510837_47:Machine Process.. START
160610:T510837_47:GOING TO SEND START
160610:T510837_47:SENT START, WAITING FOR FINISH 
160617:T510837_47:MACHINE DONE
160617:T510837_47:Error Code 0
160707:T510837_48:Machine Process.. START
160707:T510837_48:GOING TO SEND START
160708:T510837_48:SENT START, WAITING FOR FINISH 
160826:T510837_50:Machine Process.. START
160826:T510837_50:GOING TO SEND START
160827:T510837_50:SENT START, WAITING FOR FINISH 
160834:T510837_50:MACHINE DONE
160834:T510837_50:Error Code 0
