102832:T589126_1:Machine Process.. START
102832:T589126_1:GOING TO SEND START
102832:T589126_1:SENT START, WAITING FOR FINISH 
102854:T589126_1:MACHINE DONE
102854:T589126_1:Error Code 0
103107:T589126_2:Machine Process.. START
103107:T589126_2:GOING TO SEND START
103108:T589126_2:SENT START, WAITING FOR FINISH 
103221:T589126_2:MACHINE DONE
103221:T589126_2:Error Code 0
103358:T589126_3:Machine Process.. START
103358:T589126_3:GOING TO SEND START
103359:T589126_3:SENT START, WAITING FOR FINISH 
103444:T589126_3:MACHINE DONE
103444:T589126_3:Error Code 0
103643:T589126_4:Machine Process.. START
103643:T589126_4:GOING TO SEND START
103644:T589126_4:SENT START, WAITING FOR FINISH 
103719:T589126_4:MACHINE DONE
103719:T589126_4:Error Code 0
104113:T589126_5:Machine Process.. START
104113:T589126_5:GOING TO SEND START
104113:T589126_5:SENT START, WAITING FOR FINISH 
104154:T589126_5:MACHINE DONE
104155:T589126_5:Error Code 0
104653:T589126_6:Machine Process.. START
104653:T589126_6:GOING TO SEND START
104653:T589126_6:SENT START, WAITING FOR FINISH 
104719:T589126_6:MACHINE DONE
104719:T589126_6:Error Code 0
105251:T589126_7:Machine Process.. START
105251:T589126_7:GOING TO SEND START
105251:T589126_7:SENT START, WAITING FOR FINISH 
105317:T589126_7:MACHINE DONE
105317:T589126_7:Error Code 0
105804:T589126_8:Machine Process.. START
105804:T589126_8:GOING TO SEND START
105805:T589126_8:SENT START, WAITING FOR FINISH 
105833:T589126_8:MACHINE DONE
105833:T589126_8:Error Code 0
110116:T589126_9:Machine Process.. START
110116:T589126_9:GOING TO SEND START
110117:T589126_9:SENT START, WAITING FOR FINISH 
110237:T589126_9:MACHINE DONE
110237:T589126_9:Error Code 0
110539:T589126_10:Machine Process.. START
110539:T589126_10:GOING TO SEND START
110540:T589126_10:SENT START, WAITING FOR FINISH 
110712:T589126_10:MACHINE DONE
110712:T589126_10:Error Code 0
110732:T589126_11:Machine Process.. START
110733:T589126_11:GOING TO SEND START
110733:T589126_11:SENT START, WAITING FOR FINISH 
110808:T589126_11:MACHINE DONE
110808:T589126_11:Error Code 0
111001:T589126_12:Machine Process.. START
111001:T589126_12:GOING TO SEND START
111001:T589126_12:SENT START, WAITING FOR FINISH 
111027:T589126_12:MACHINE DONE
111027:T589126_12:Error Code 0
111518:T589126_13:Machine Process.. START
111518:T589126_13:GOING TO SEND START
111519:T589126_13:SENT START, WAITING FOR FINISH 
111610:T589126_13:MACHINE DONE
111610:T589126_13:Error Code 0
111918:T589126_14:Machine Process.. START
111918:T589126_14:GOING TO SEND START
111918:T589126_14:SENT START, WAITING FOR FINISH 
111958:T589126_14:MACHINE DONE
111958:T589126_14:Error Code 0
112240:T589126_15:Machine Process.. START
112240:T589126_15:GOING TO SEND START
112240:T589126_15:SENT START, WAITING FOR FINISH 
112305:T589126_15:MACHINE DONE
112305:T589126_15:Error Code 0
112357:T589126_16:Machine Process.. START
112357:T589126_16:GOING TO SEND START
112357:T589126_16:SENT START, WAITING FOR FINISH 
112419:T589126_16:MACHINE DONE
112419:T589126_16:Error Code 0
112716:T589126_17:Machine Process.. START
112716:T589126_17:GOING TO SEND START
112716:T589126_17:SENT START, WAITING FOR FINISH 
112750:T589126_17:MACHINE DONE
112750:T589126_17:Error Code 0
113313:T589126_18:Machine Process.. START
113313:T589126_18:GOING TO SEND START
113313:T589126_18:SENT START, WAITING FOR FINISH 
113343:T589126_18:MACHINE DONE
113343:T589126_18:Error Code 0
113657:T589126_19:Machine Process.. START
113657:T589126_19:GOING TO SEND START
113658:T589126_19:SENT START, WAITING FOR FINISH 
113716:T589126_19:MACHINE DONE
113716:T589126_19:Error Code 0
113914:T589126_20:Machine Process.. START
113914:T589126_20:GOING TO SEND START
113915:T589126_20:SENT START, WAITING FOR FINISH 
114400:T589126_20:MACHINE DONE
114400:T589126_20:Error Code 0
114403:T510836_1:Machine Process.. START
114403:T510836_1:GOING TO SEND START
114403:T510836_1:SENT START, WAITING FOR FINISH 
114446:T510836_1:MACHINE DONE
114446:T510836_1:Error Code 0
114748:T510836_2:Machine Process.. START
114748:T510836_2:GOING TO SEND START
114749:T510836_2:SENT START, WAITING FOR FINISH 
114830:T510836_2:MACHINE DONE
114830:T510836_2:Error Code 0
115013:T510836_3:Machine Process.. START
115014:T510836_3:GOING TO SEND START
115014:T510836_3:SENT START, WAITING FOR FINISH 
115055:T510836_3:MACHINE DONE
115055:T510836_3:Error Code 0
115324:T510836_4:Machine Process.. START
115324:T510836_4:GOING TO SEND START
115324:T510836_4:SENT START, WAITING FOR FINISH 
115412:T510836_4:MACHINE DONE
115412:T510836_4:Error Code 0
171245:T510836_5:Machine Process.. START
171245:T510836_5:GOING TO SEND START
171245:T510836_5:SENT START, WAITING FOR FINISH 
171252:T510836_5:MACHINE DONE
171252:T510836_5:Error Code 0
172733:T510836_6:Machine Process.. START
172733:T510836_6:GOING TO SEND START
172734:T510836_6:SENT START, WAITING FOR FINISH 
172749:T510836_6:MACHINE DONE
172749:T510836_6:Error Code 0
