132350:T510836_1:Machine Process.. START
132350:T510836_1:GOING TO SEND START
132351:T510836_1:SENT START, WAITING FOR FINISH 
132407:T510836_1:MACHINE DONE
132407:T510836_1:Error Code 0
132435:T510836_2:Machine Process.. START
132435:T510836_2:GOING TO SEND START
132435:T510836_2:SENT START, WAITING FOR FINISH 
132451:T510836_2:MACHINE DONE
132451:T510836_2:Error Code 0
132522:T510836_3:Machine Process.. START
132522:T510836_3:GOING TO SEND START
132523:T510836_3:SENT START, WAITING FOR FINISH 
132539:T510836_3:MACHINE DONE
132539:T510836_3:Error Code 0
132602:T510836_4:Machine Process.. START
132602:T510836_4:GOING TO SEND START
132603:T510836_4:SENT START, WAITING FOR FINISH 
132623:T510836_4:MACHINE DONE
132623:T510836_4:Error Code 0
132648:T510836_5:Machine Process.. START
132649:T510836_5:GOING TO SEND START
132649:T510836_5:SENT START, WAITING FOR FINISH 
132711:T510836_5:MACHINE DONE
132711:T510836_5:Error Code 0
132811:T510836_6:Machine Process.. START
132811:T510836_6:GOING TO SEND START
132811:T510836_6:SENT START, WAITING FOR FINISH 
132835:T510836_6:MACHINE DONE
132835:T510836_6:Error Code 0
132915:T510836_7:Machine Process.. START
132916:T510836_7:GOING TO SEND START
132916:T510836_7:SENT START, WAITING FOR FINISH 
132930:T510836_7:MACHINE DONE
132930:T510836_7:Error Code 0
133001:T510836_8:Machine Process.. START
133001:T510836_8:GOING TO SEND START
133001:T510836_8:SENT START, WAITING FOR FINISH 
133021:T510836_8:MACHINE DONE
133021:T510836_8:Error Code 0
133111:T510836_9:Machine Process.. START
133111:T510836_9:GOING TO SEND START
133111:T510836_9:SENT START, WAITING FOR FINISH 
133131:T510836_9:MACHINE DONE
133131:T510836_9:Error Code 0
133349:T510836_10:Machine Process.. START
133349:T510836_10:GOING TO SEND START
133350:T510836_10:SENT START, WAITING FOR FINISH 
133408:T510836_10:MACHINE DONE
133409:T510836_10:Error Code 0
133704:T510836_11:Machine Process.. START
133704:T510836_11:GOING TO SEND START
133704:T510836_11:SENT START, WAITING FOR FINISH 
133718:T510836_11:MACHINE DONE
133718:T510836_11:Error Code 0
134441:T510836_12:Machine Process.. START
134441:T510836_12:GOING TO SEND START
134442:T510836_12:SENT START, WAITING FOR FINISH 
134455:T510836_12:MACHINE DONE
134455:T510836_12:Error Code 0
134546:T510836_13:Machine Process.. START
134546:T510836_13:GOING TO SEND START
134546:T510836_13:SENT START, WAITING FOR FINISH 
134611:T510836_13:MACHINE DONE
134611:T510836_13:Error Code 0
134708:T510836_14:Machine Process.. START
134709:T510836_14:GOING TO SEND START
134709:T510836_14:SENT START, WAITING FOR FINISH 
134732:T510836_14:MACHINE DONE
134732:T510836_14:Error Code 0
134820:T510836_15:Machine Process.. START
134820:T510836_15:GOING TO SEND START
134820:T510836_15:SENT START, WAITING FOR FINISH 
134847:T510836_15:MACHINE DONE
134847:T510836_15:Error Code 0
134925:T510836_16:Machine Process.. START
134925:T510836_16:GOING TO SEND START
134925:T510836_16:SENT START, WAITING FOR FINISH 
134939:T510836_16:MACHINE DONE
134939:T510836_16:Error Code 0
135049:T510836_17:Machine Process.. START
135049:T510836_17:GOING TO SEND START
135050:T510836_17:SENT START, WAITING FOR FINISH 
135108:T510836_17:MACHINE DONE
135109:T510836_17:Error Code 0
135157:T510836_18:Machine Process.. START
135157:T510836_18:GOING TO SEND START
135157:T510836_18:SENT START, WAITING FOR FINISH 
135212:T510836_18:MACHINE DONE
135212:T510836_18:Error Code 0
135307:T510836_19:Machine Process.. START
135307:T510836_19:GOING TO SEND START
135308:T510836_19:SENT START, WAITING FOR FINISH 
135324:T510836_19:MACHINE DONE
135324:T510836_19:Error Code 0
135429:T510836_20:Machine Process.. START
135429:T510836_20:GOING TO SEND START
135429:T510836_20:SENT START, WAITING FOR FINISH 
135505:T510836_20:MACHINE DONE
135505:T510836_20:Error Code 0
135544:T510836_21:Machine Process.. START
135545:T510836_21:GOING TO SEND START
135545:T510836_21:SENT START, WAITING FOR FINISH 
135600:T510836_21:MACHINE DONE
135600:T510836_21:Error Code 0
135729:T510836_22:Machine Process.. START
135729:T510836_22:GOING TO SEND START
135729:T510836_22:SENT START, WAITING FOR FINISH 
135748:T510836_22:MACHINE DONE
135748:T510836_22:Error Code 0
135846:T510836_23:Machine Process.. START
135846:T510836_23:GOING TO SEND START
135846:T510836_23:SENT START, WAITING FOR FINISH 
135922:T510836_23:MACHINE DONE
135922:T510836_23:Error Code 0
140010:T510836_24:Machine Process.. START
140010:T510836_24:GOING TO SEND START
140011:T510836_24:SENT START, WAITING FOR FINISH 
140034:T510836_24:MACHINE DONE
140034:T510836_24:Error Code 0
140121:T510836_25:Machine Process.. START
140121:T510836_25:GOING TO SEND START
140122:T510836_25:SENT START, WAITING FOR FINISH 
140134:T510836_25:MACHINE DONE
140134:T510836_25:Error Code 0
140155:T510836_26:Machine Process.. START
140155:T510836_26:GOING TO SEND START
140155:T510836_26:SENT START, WAITING FOR FINISH 
140208:T510836_26:MACHINE DONE
140208:T510836_26:Error Code 0
140250:T510836_27:Machine Process.. START
140250:T510836_27:GOING TO SEND START
140250:T510836_27:SENT START, WAITING FOR FINISH 
140305:T510836_27:MACHINE DONE
140305:T510836_27:Error Code 0
140420:T510836_28:Machine Process.. START
140420:T510836_28:GOING TO SEND START
140421:T510836_28:SENT START, WAITING FOR FINISH 
140433:T510836_28:MACHINE DONE
140433:T510836_28:Error Code 0
140550:T510836_29:Machine Process.. START
140550:T510836_29:GOING TO SEND START
140551:T510836_29:SENT START, WAITING FOR FINISH 
140617:T510836_29:MACHINE DONE
140617:T510836_29:Error Code 0
140701:T510836_30:Machine Process.. START
140701:T510836_30:GOING TO SEND START
140701:T510836_30:SENT START, WAITING FOR FINISH 
140714:T510836_30:MACHINE DONE
140715:T510836_30:Error Code 0
140820:T510836_31:Machine Process.. START
140820:T510836_31:GOING TO SEND START
140820:T510836_31:SENT START, WAITING FOR FINISH 
140841:T510836_31:MACHINE DONE
140841:T510836_31:Error Code 0
141012:T510836_32:Machine Process.. START
141012:T510836_32:GOING TO SEND START
141013:T510836_32:SENT START, WAITING FOR FINISH 
141041:T510836_32:MACHINE DONE
141041:T510836_32:Error Code 0
141119:T510836_33:Machine Process.. START
141119:T510836_33:GOING TO SEND START
141120:T510836_33:SENT START, WAITING FOR FINISH 
141138:T510836_33:MACHINE DONE
141139:T510836_33:Error Code 0
141300:T510836_34:Machine Process.. START
141300:T510836_34:GOING TO SEND START
141300:T510836_34:SENT START, WAITING FOR FINISH 
141314:T510836_34:MACHINE DONE
141314:T510836_34:Error Code 0
141341:T510836_35:Machine Process.. START
141342:T510836_35:GOING TO SEND START
141342:T510836_35:SENT START, WAITING FOR FINISH 
141357:T510836_35:MACHINE DONE
141357:T510836_35:Error Code 0
141458:T510836_36:Machine Process.. START
141459:T510836_36:GOING TO SEND START
141459:T510836_36:SENT START, WAITING FOR FINISH 
141512:T510836_36:MACHINE DONE
141512:T510836_36:Error Code 0
141636:T510836_37:Machine Process.. START
141636:T510836_37:GOING TO SEND START
141636:T510836_37:SENT START, WAITING FOR FINISH 
141651:T510836_37:MACHINE DONE
141651:T510836_37:Error Code 0
141719:T510836_38:Machine Process.. START
141720:T510836_38:GOING TO SEND START
141720:T510836_38:SENT START, WAITING FOR FINISH 
141734:T510836_38:MACHINE DONE
141734:T510836_38:Error Code 0
141840:T510836_39:Machine Process.. START
141840:T510836_39:GOING TO SEND START
141841:T510836_39:SENT START, WAITING FOR FINISH 
141854:T510836_39:MACHINE DONE
141854:T510836_39:Error Code 0
142012:T510836_40:Machine Process.. START
142012:T510836_40:GOING TO SEND START
142013:T510836_40:SENT START, WAITING FOR FINISH 
142031:T510836_40:MACHINE DONE
142031:T510836_40:Error Code 0
142158:T510836_41:Machine Process.. START
142158:T510836_41:GOING TO SEND START
142159:T510836_41:SENT START, WAITING FOR FINISH 
142231:T510836_41:MACHINE DONE
142231:T510836_41:Error Code 0
142335:T510836_42:Machine Process.. START
142335:T510836_42:GOING TO SEND START
142335:T510836_42:SENT START, WAITING FOR FINISH 
142350:T510836_42:MACHINE DONE
142350:T510836_42:Error Code 0
142417:T510836_43:Machine Process.. START
142417:T510836_43:GOING TO SEND START
142417:T510836_43:SENT START, WAITING FOR FINISH 
142431:T510836_43:MACHINE DONE
142431:T510836_43:Error Code 0
142528:T510836_44:Machine Process.. START
142529:T510836_44:GOING TO SEND START
142529:T510836_44:SENT START, WAITING FOR FINISH 
142545:T510836_44:MACHINE DONE
142545:T510836_44:Error Code 0
142725:T510836_45:Machine Process.. START
142725:T510836_45:GOING TO SEND START
142726:T510836_45:SENT START, WAITING FOR FINISH 
142739:T510836_45:MACHINE DONE
142739:T510836_45:Error Code 0
142848:T510836_46:Machine Process.. START
142848:T510836_46:GOING TO SEND START
142848:T510836_46:SENT START, WAITING FOR FINISH 
142903:T510836_46:MACHINE DONE
142903:T510836_46:Error Code 0
142946:T510836_47:Machine Process.. START
142946:T510836_47:GOING TO SEND START
142947:T510836_47:SENT START, WAITING FOR FINISH 
142959:T510836_47:MACHINE DONE
142959:T510836_47:Error Code 0
143112:T510836_48:Machine Process.. START
143112:T510836_48:GOING TO SEND START
143112:T510836_48:SENT START, WAITING FOR FINISH 
143129:T510836_48:MACHINE DONE
143129:T510836_48:Error Code 0
143231:T510836_49:Machine Process.. START
143231:T510836_49:GOING TO SEND START
143232:T510836_49:SENT START, WAITING FOR FINISH 
143248:T510836_49:MACHINE DONE
143248:T510836_49:Error Code 0
143556:T510836_50:Machine Process.. START
143556:T510836_50:GOING TO SEND START
143556:T510836_50:SENT START, WAITING FOR FINISH 
143612:T510836_50:MACHINE DONE
143612:T510836_50:Error Code 0
143648:T510836_51:Machine Process.. START
143648:T510836_51:GOING TO SEND START
143649:T510836_51:SENT START, WAITING FOR FINISH 
143733:T510836_51:MACHINE DONE
143733:T510836_51:Error Code 0
143757:T510836_52:Machine Process.. START
143757:T510836_52:GOING TO SEND START
143757:T510836_52:SENT START, WAITING FOR FINISH 
143818:T510836_52:MACHINE DONE
143818:T510836_52:Error Code 0
143911:T510836_53:Machine Process.. START
143911:T510836_53:GOING TO SEND START
143911:T510836_53:SENT START, WAITING FOR FINISH 
143928:T510836_53:MACHINE DONE
143928:T510836_53:Error Code 0
144018:T510836_54:Machine Process.. START
144018:T510836_54:GOING TO SEND START
144019:T510836_54:SENT START, WAITING FOR FINISH 
144030:T510836_54:MACHINE DONE
144030:T510836_54:Error Code 0
144145:T510836_55:Machine Process.. START
144145:T510836_55:GOING TO SEND START
144145:T510836_55:SENT START, WAITING FOR FINISH 
144202:T510836_55:MACHINE DONE
144202:T510836_55:Error Code 0
144236:T510836_56:Machine Process.. START
144236:T510836_56:GOING TO SEND START
144237:T510836_56:SENT START, WAITING FOR FINISH 
144249:T510836_56:MACHINE DONE
144249:T510836_56:Error Code 0
144349:T510836_57:Machine Process.. START
144350:T510836_57:GOING TO SEND START
144350:T510836_57:SENT START, WAITING FOR FINISH 
144401:T510836_57:MACHINE DONE
144401:T510836_57:Error Code 0
144530:T510836_58:Machine Process.. START
144530:T510836_58:GOING TO SEND START
144531:T510836_58:SENT START, WAITING FOR FINISH 
144550:T510836_58:MACHINE DONE
144550:T510836_58:Error Code 0
144831:T510836_59:Machine Process.. START
144831:T510836_59:GOING TO SEND START
144832:T510836_59:SENT START, WAITING FOR FINISH 
144849:T510836_59:MACHINE DONE
144849:T510836_59:Error Code 0
154612:T510837_1:Machine Process.. START
154612:T510837_1:GOING TO SEND START
154613:T510837_1:SENT START, WAITING FOR FINISH 
154744:T510837_1:MACHINE DONE
154744:T510837_1:Error Code 0
155017:T510837_2:Machine Process.. START
155018:T510837_2:GOING TO SEND START
155018:T510837_2:SENT START, WAITING FOR FINISH 
155309:T510837_2:MACHINE DONE
155309:T510837_2:Error Code 0
155555:T510837_3:Machine Process.. START
155555:T510837_3:GOING TO SEND START
155555:T510837_3:SENT START, WAITING FOR FINISH 
155715:T510837_3:MACHINE DONE
155715:T510837_3:Error Code 0
155950:T510837_4:Machine Process.. START
155950:T510837_4:GOING TO SEND START
155951:T510837_4:SENT START, WAITING FOR FINISH 
160206:T510837_4:MACHINE DONE
160206:T510837_4:Error Code 0
160457:T510837_5:Machine Process.. START
160458:T510837_5:GOING TO SEND START
160458:T510837_5:SENT START, WAITING FOR FINISH 
160657:T510837_5:MACHINE DONE
160657:T510837_5:Error Code 0
160955:T510837_6:Machine Process.. START
160955:T510837_6:GOING TO SEND START
160955:T510837_6:SENT START, WAITING FOR FINISH 
161112:T510837_6:MACHINE DONE
161112:T510837_6:Error Code 0
161518:T510837_7:Machine Process.. START
161519:T510837_7:GOING TO SEND START
161519:T510837_7:SENT START, WAITING FOR FINISH 
161724:T510837_7:MACHINE DONE
161724:T510837_7:Error Code 0
161918:T510837_8:Machine Process.. START
161918:T510837_8:GOING TO SEND START
161918:T510837_8:SENT START, WAITING FOR FINISH 
162052:T510837_8:MACHINE DONE
162052:T510837_8:Error Code 0
162247:T589126_1:Machine Process.. START
162247:T589126_1:GOING TO SEND START
162247:T589126_1:SENT START, WAITING FOR FINISH 
162429:T589126_1:MACHINE DONE
162429:T589126_1:Error Code 0
162800:T589126_2:Machine Process.. START
162800:T589126_2:GOING TO SEND START
162800:T589126_2:SENT START, WAITING FOR FINISH 
163009:T589126_2:MACHINE DONE
163009:T589126_2:Error Code 0
165602:T589126_3:Machine Process.. START
165602:T589126_3:GOING TO SEND START
165603:T589126_3:SENT START, WAITING FOR FINISH 
170033:T589126_3:MACHINE DONE
170033:T589126_3:Error Code 0
171422:T589126_4:Machine Process.. START
171423:T589126_4:GOING TO SEND START
171423:T589126_4:SENT START, WAITING FOR FINISH 
171903:T589126_4:MACHINE DONE
171903:T589126_4:Error Code 0
172142:T589126_5:Machine Process.. START
172142:T589126_5:GOING TO SEND START
172142:T589126_5:SENT START, WAITING FOR FINISH 
172348:T589126_5:MACHINE DONE
172348:T589126_5:Error Code 0
172824:T510837_9:Machine Process.. START
172824:T510837_9:GOING TO SEND START
172824:T510837_9:SENT START, WAITING FOR FINISH 
173209:T510837_9:MACHINE DONE
173209:T510837_9:Error Code 0
