095728:T510836_1:Machine Process.. START
095728:T510836_1:GOING TO SEND START
095729:T510836_1:SENT START, WAITING FOR FINISH 
095732:T510836_1:MACHINE DONE
095732:T510836_1:Error Code 0
102656:T510836_2:Machine Process.. START
102656:T510836_2:GOING TO SEND START
102657:T510836_2:SENT START, WAITING FOR FINISH 
102700:T510836_2:MACHINE DONE
102700:T510836_2:Error Code 0
102807:T510836_3:Machine Process.. START
102808:T510836_3:GOING TO SEND START
102808:T510836_3:SENT START, WAITING FOR FINISH 
102812:T510836_3:MACHINE DONE
102812:T510836_3:Error Code 0
103008:T510836_4:Machine Process.. START
103008:T510836_4:GOING TO SEND START
103008:T510836_4:SENT START, WAITING FOR FINISH 
103013:T510836_4:MACHINE DONE
103013:T510836_4:Error Code 0
103101:T510836_5:Machine Process.. START
103101:T510836_5:GOING TO SEND START
103101:T510836_5:SENT START, WAITING FOR FINISH 
103109:T510836_5:MACHINE DONE
103109:T510836_5:Error Code 0
103152:T510836_6:Machine Process.. START
103152:T510836_6:GOING TO SEND START
103153:T510836_6:SENT START, WAITING FOR FINISH 
103206:T510836_6:MACHINE DONE
103206:T510836_6:Error Code 0
103302:T510836_7:Machine Process.. START
103302:T510836_7:GOING TO SEND START
103303:T510836_7:SENT START, WAITING FOR FINISH 
103311:T510836_7:MACHINE DONE
103311:T510836_7:Error Code 0
103332:T510836_8:Machine Process.. START
103332:T510836_8:GOING TO SEND START
103333:T510836_8:SENT START, WAITING FOR FINISH 
103337:T510836_8:MACHINE DONE
103337:T510836_8:Error Code 0
103518:T510836_9:Machine Process.. START
103518:T510836_9:GOING TO SEND START
103519:T510836_9:SENT START, WAITING FOR FINISH 
103524:T510836_9:MACHINE DONE
103524:T510836_9:Error Code 0
103602:T510836_10:Machine Process.. START
103602:T510836_10:GOING TO SEND START
103602:T510836_10:SENT START, WAITING FOR FINISH 
103608:T510836_10:MACHINE DONE
103608:T510836_10:Error Code 0
103700:T510836_11:Machine Process.. START
103700:T510836_11:GOING TO SEND START
103700:T510836_11:SENT START, WAITING FOR FINISH 
103710:T510836_11:MACHINE DONE
103710:T510836_11:Error Code 0
103822:T510836_12:Machine Process.. START
103822:T510836_12:GOING TO SEND START
103822:T510836_12:SENT START, WAITING FOR FINISH 
103840:T510836_12:MACHINE DONE
103840:T510836_12:Error Code 0
103939:T510836_13:Machine Process.. START
103939:T510836_13:GOING TO SEND START
103940:T510836_13:SENT START, WAITING FOR FINISH 
103949:T510836_13:MACHINE DONE
103949:T510836_13:Error Code 0
104110:T510836_14:Machine Process.. START
104110:T510836_14:GOING TO SEND START
104110:T510836_14:SENT START, WAITING FOR FINISH 
104120:T510836_14:MACHINE DONE
104120:T510836_14:Error Code 0
104226:T510836_15:Machine Process.. START
104226:T510836_15:GOING TO SEND START
104227:T510836_15:SENT START, WAITING FOR FINISH 
104239:T510836_15:MACHINE DONE
104239:T510836_15:Error Code 0
104348:T510836_16:Machine Process.. START
104348:T510836_16:GOING TO SEND START
104348:T510836_16:SENT START, WAITING FOR FINISH 
104359:T510836_16:MACHINE DONE
104359:T510836_16:Error Code 0
104504:T510836_17:Machine Process.. START
104504:T510836_17:GOING TO SEND START
104505:T510836_17:SENT START, WAITING FOR FINISH 
104511:T510836_17:MACHINE DONE
104511:T510836_17:Error Code 0
104621:T510836_18:Machine Process.. START
104621:T510836_18:GOING TO SEND START
104621:T510836_18:SENT START, WAITING FOR FINISH 
104636:T510836_18:MACHINE DONE
104636:T510836_18:Error Code 0
104822:T510836_19:Machine Process.. START
104822:T510836_19:GOING TO SEND START
104823:T510836_19:SENT START, WAITING FOR FINISH 
104828:T510836_19:MACHINE DONE
104828:T510836_19:Error Code 0
105031:T510836_20:Machine Process.. START
105032:T510836_20:GOING TO SEND START
105032:T510836_20:SENT START, WAITING FOR FINISH 
105037:T510836_20:MACHINE DONE
105037:T510836_20:Error Code 0
105151:T510836_21:Machine Process.. START
105151:T510836_21:GOING TO SEND START
105152:T510836_21:SENT START, WAITING FOR FINISH 
105202:T510836_21:MACHINE DONE
105202:T510836_21:Error Code 0
105308:T510836_22:Machine Process.. START
105308:T510836_22:GOING TO SEND START
105308:T510836_22:SENT START, WAITING FOR FINISH 
105316:T510836_22:MACHINE DONE
105316:T510836_22:Error Code 0
105430:T510836_23:Machine Process.. START
105431:T510836_23:GOING TO SEND START
105431:T510836_23:SENT START, WAITING FOR FINISH 
105444:T510836_23:MACHINE DONE
105444:T510836_23:Error Code 0
105744:T510836_24:Machine Process.. START
105744:T510836_24:GOING TO SEND START
105744:T510836_24:SENT START, WAITING FOR FINISH 
105803:T510836_24:MACHINE DONE
105803:T510836_24:Error Code 0
105833:T510836_25:Machine Process.. START
105834:T510836_25:GOING TO SEND START
105834:T510836_25:SENT START, WAITING FOR FINISH 
105844:T510836_25:MACHINE DONE
105844:T510836_25:Error Code 0
131144:T510836_35:Machine Process.. START
131144:T510836_35:GOING TO SEND START
131144:T510836_35:SENT START, WAITING FOR FINISH 
131148:T510836_35:MACHINE DONE
131148:T510836_35:Error Code 0
131222:T510836_36:Machine Process.. START
131222:T510836_36:GOING TO SEND START
131222:T510836_36:SENT START, WAITING FOR FINISH 
131227:T510836_36:MACHINE DONE
131227:T510836_36:Error Code 0
140044:T510836_47:Machine Process.. START
140044:T510836_47:GOING TO SEND START
140044:T510836_47:SENT START, WAITING FOR FINISH 
140050:T510836_47:MACHINE DONE
140050:T510836_47:Error Code 0
140136:T510836_48:Machine Process.. START
140137:T510836_48:GOING TO SEND START
140137:T510836_48:SENT START, WAITING FOR FINISH 
140140:T510836_48:MACHINE DONE
140140:T510836_48:Error Code 0
140320:T510836_49:Machine Process.. START
140320:T510836_49:GOING TO SEND START
140320:T510836_49:SENT START, WAITING FOR FINISH 
140325:T510836_49:MACHINE DONE
140325:T510836_49:Error Code 0
140446:T510836_50:Machine Process.. START
140447:T510836_50:GOING TO SEND START
140447:T510836_50:SENT START, WAITING FOR FINISH 
140504:T510836_50:MACHINE DONE
140504:T510836_50:Error Code 0
140545:T510836_51:Machine Process.. START
140545:T510836_51:GOING TO SEND START
140546:T510836_51:SENT START, WAITING FOR FINISH 
140550:T510836_51:MACHINE DONE
140550:T510836_51:Error Code 0
140625:T510836_52:Machine Process.. START
140625:T510836_52:GOING TO SEND START
140625:T510836_52:SENT START, WAITING FOR FINISH 
140637:T510836_52:MACHINE DONE
140637:T510836_52:Error Code 0
140714:T510836_53:Machine Process.. START
140714:T510836_53:GOING TO SEND START
140714:T510836_53:SENT START, WAITING FOR FINISH 
140718:T510836_53:MACHINE DONE
140718:T510836_53:Error Code 0
140833:T510836_54:Machine Process.. START
140833:T510836_54:GOING TO SEND START
140834:T510836_54:SENT START, WAITING FOR FINISH 
140838:T510836_54:MACHINE DONE
140838:T510836_54:Error Code 0
140912:T510836_55:Machine Process.. START
140912:T510836_55:GOING TO SEND START
140913:T510836_55:SENT START, WAITING FOR FINISH 
140917:T510836_55:MACHINE DONE
140917:T510836_55:Error Code 0
141021:T510836_56:Machine Process.. START
141021:T510836_56:GOING TO SEND START
141021:T510836_56:SENT START, WAITING FOR FINISH 
141025:T510836_56:MACHINE DONE
141025:T510836_56:Error Code 0
141143:T510836_57:Machine Process.. START
141143:T510836_57:GOING TO SEND START
141143:T510836_57:SENT START, WAITING FOR FINISH 
141146:T510836_57:MACHINE DONE
141146:T510836_57:Error Code 0
141240:T510836_58:Machine Process.. START
141241:T510836_58:GOING TO SEND START
141241:T510836_58:SENT START, WAITING FOR FINISH 
141244:T510836_58:MACHINE DONE
141244:T510836_58:Error Code 0
141341:T510836_59:Machine Process.. START
141341:T510836_59:GOING TO SEND START
141342:T510836_59:SENT START, WAITING FOR FINISH 
141350:T510836_59:MACHINE DONE
141350:T510836_59:Error Code 0
141454:T510836_60:Machine Process.. START
141454:T510836_60:GOING TO SEND START
141455:T510836_60:SENT START, WAITING FOR FINISH 
141500:T510836_60:MACHINE DONE
141500:T510836_60:Error Code 0
141613:T510836_61:Machine Process.. START
141614:T510836_61:GOING TO SEND START
141614:T510836_61:SENT START, WAITING FOR FINISH 
141622:T510836_61:MACHINE DONE
141622:T510836_61:Error Code 0
141647:T510836_62:Machine Process.. START
141647:T510836_62:GOING TO SEND START
141648:T510836_62:SENT START, WAITING FOR FINISH 
141651:T510836_62:MACHINE DONE
141651:T510836_62:Error Code 0
142012:T510836_63:Machine Process.. START
142012:T510836_63:GOING TO SEND START
142013:T510836_63:SENT START, WAITING FOR FINISH 
142017:T510836_63:MACHINE DONE
142017:T510836_63:Error Code 0
142101:T510836_64:Machine Process.. START
142101:T510836_64:GOING TO SEND START
142101:T510836_64:SENT START, WAITING FOR FINISH 
142105:T510836_64:MACHINE DONE
142105:T510836_64:Error Code 0
142139:T510836_65:Machine Process.. START
142139:T510836_65:GOING TO SEND START
142139:T510836_65:SENT START, WAITING FOR FINISH 
142144:T510836_65:MACHINE DONE
142144:T510836_65:Error Code 0
142222:T510836_66:Machine Process.. START
142222:T510836_66:GOING TO SEND START
142222:T510836_66:SENT START, WAITING FOR FINISH 
142226:T510836_66:MACHINE DONE
142226:T510836_66:Error Code 0
142352:T510836_67:Machine Process.. START
142352:T510836_67:GOING TO SEND START
142353:T510836_67:SENT START, WAITING FOR FINISH 
142356:T510836_67:MACHINE DONE
142356:T510836_67:Error Code 0
142547:T510836_68:Machine Process.. START
142547:T510836_68:GOING TO SEND START
142547:T510836_68:SENT START, WAITING FOR FINISH 
142552:T510836_68:MACHINE DONE
142552:T510836_68:Error Code 0
142659:T510836_69:Machine Process.. START
142659:T510836_69:GOING TO SEND START
142700:T510836_69:SENT START, WAITING FOR FINISH 
142706:T510836_69:MACHINE DONE
142706:T510836_69:Error Code 0
142816:T510836_70:Machine Process.. START
142816:T510836_70:GOING TO SEND START
142816:T510836_70:SENT START, WAITING FOR FINISH 
142825:T510836_70:MACHINE DONE
142825:T510836_70:Error Code 0
142908:T510836_71:Machine Process.. START
142908:T510836_71:GOING TO SEND START
142908:T510836_71:SENT START, WAITING FOR FINISH 
142912:T510836_71:MACHINE DONE
142913:T510836_71:Error Code 0
142949:T510836_72:Machine Process.. START
142949:T510836_72:GOING TO SEND START
142950:T510836_72:SENT START, WAITING FOR FINISH 
143043:T510836_72:MACHINE DONE
143043:T510836_72:Error Code 0
143114:T510836_73:Machine Process.. START
143114:T510836_73:GOING TO SEND START
143115:T510836_73:SENT START, WAITING FOR FINISH 
143119:T510836_73:MACHINE DONE
143119:T510836_73:Error Code 0
143208:T510836_74:Machine Process.. START
143208:T510836_74:GOING TO SEND START
143208:T510836_74:SENT START, WAITING FOR FINISH 
143213:T510836_74:MACHINE DONE
143213:T510836_74:Error Code 0
143255:T510836_75:Machine Process.. START
143255:T510836_75:GOING TO SEND START
143255:T510836_75:SENT START, WAITING FOR FINISH 
143259:T510836_75:MACHINE DONE
143259:T510836_75:Error Code 0
143424:T510836_76:Machine Process.. START
143424:T510836_76:GOING TO SEND START
143425:T510836_76:SENT START, WAITING FOR FINISH 
143430:T510836_76:MACHINE DONE
143430:T510836_76:Error Code 0
143524:T510836_77:Machine Process.. START
143524:T510836_77:GOING TO SEND START
143524:T510836_77:SENT START, WAITING FOR FINISH 
143531:T510836_77:MACHINE DONE
143531:T510836_77:Error Code 0
143611:T510836_78:Machine Process.. START
143611:T510836_78:GOING TO SEND START
143611:T510836_78:SENT START, WAITING FOR FINISH 
143615:T510836_78:MACHINE DONE
143615:T510836_78:Error Code 0
143755:T510836_79:Machine Process.. START
143756:T510836_79:GOING TO SEND START
143756:T510836_79:SENT START, WAITING FOR FINISH 
143803:T510836_79:MACHINE DONE
143803:T510836_79:Error Code 0
143838:T510836_80:Machine Process.. START
143838:T510836_80:GOING TO SEND START
143838:T510836_80:SENT START, WAITING FOR FINISH 
143841:T510836_80:MACHINE DONE
143841:T510836_80:Error Code 0
144008:T510836_81:Machine Process.. START
144008:T510836_81:GOING TO SEND START
144009:T510836_81:SENT START, WAITING FOR FINISH 
144013:T510836_81:MACHINE DONE
144013:T510836_81:Error Code 0
144039:T510836_82:Machine Process.. START
144039:T510836_82:GOING TO SEND START
144040:T510836_82:SENT START, WAITING FOR FINISH 
144047:T510836_82:MACHINE DONE
144047:T510836_82:Error Code 0
144200:T510836_83:Machine Process.. START
144200:T510836_83:GOING TO SEND START
144200:T510836_83:SENT START, WAITING FOR FINISH 
144206:T510836_83:MACHINE DONE
144206:T510836_83:Error Code 0
144410:T510836_84:Machine Process.. START
144410:T510836_84:GOING TO SEND START
144410:T510836_84:SENT START, WAITING FOR FINISH 
144417:T510836_84:MACHINE DONE
144417:T510836_84:Error Code 0
144518:T510836_85:Machine Process.. START
144518:T510836_85:GOING TO SEND START
144519:T510836_85:SENT START, WAITING FOR FINISH 
144521:T510836_85:MACHINE DONE
144521:T510836_85:Error Code 0
145009:T510836_86:Machine Process.. START
145009:T510836_86:GOING TO SEND START
145009:T510836_86:SENT START, WAITING FOR FINISH 
145017:T510836_86:MACHINE DONE
145017:T510836_86:Error Code 0
145213:T510836_87:Machine Process.. START
145214:T510836_87:GOING TO SEND START
145214:T510836_87:SENT START, WAITING FOR FINISH 
145227:T510836_87:MACHINE DONE
145227:T510836_87:Error Code 0
145740:T510836_88:Machine Process.. START
145740:T510836_88:GOING TO SEND START
145741:T510836_88:SENT START, WAITING FOR FINISH 
145749:T510836_88:MACHINE DONE
145749:T510836_88:Error Code 0
145812:T510836_89:Machine Process.. START
145812:T510836_89:GOING TO SEND START
145812:T510836_89:SENT START, WAITING FOR FINISH 
145815:T510836_89:MACHINE DONE
145815:T510836_89:Error Code 0
153753:T510836_98:Machine Process.. START
153753:T510836_98:GOING TO SEND START
153754:T510836_98:SENT START, WAITING FOR FINISH 
153759:T510836_98:MACHINE DONE
153759:T510836_98:Error Code 0
153826:T510836_99:Machine Process.. START
153826:T510836_99:GOING TO SEND START
153827:T510836_99:SENT START, WAITING FOR FINISH 
153841:T510836_99:MACHINE DONE
153841:T510836_99:Error Code 0
154002:T510836_100:Machine Process.. START
154002:T510836_100:GOING TO SEND START
154002:T510836_100:SENT START, WAITING FOR FINISH 
154011:T510836_100:MACHINE DONE
154011:T510836_100:Error Code 0
171413:T510837_1:Machine Process.. START
171414:T510837_1:GOING TO SEND START
171414:T510837_1:SENT START, WAITING FOR FINISH 
171420:T510837_1:MACHINE DONE
171420:T510837_1:Error Code 0
171907:T510837_2:Machine Process.. START
171907:T510837_2:GOING TO SEND START
171908:T510837_2:SENT START, WAITING FOR FINISH 
171909:T510837_2:MACHINE DONE
171909:T510837_2:Error Code 0
172038:T510836_107:Machine Process.. START
172038:T510836_107:GOING TO SEND START
172039:T510836_107:SENT START, WAITING FOR FINISH 
172044:T510836_107:MACHINE DONE
172044:T510836_107:Error Code 0
172444:T510836_108:Machine Process.. START
172444:T510836_108:GOING TO SEND START
172445:T510836_108:SENT START, WAITING FOR FINISH 
172449:T510836_108:MACHINE DONE
172449:T510836_108:Error Code 0
174901:T510837_3:Machine Process.. START
174901:T510837_3:GOING TO SEND START
174901:T510837_3:SENT START, WAITING FOR FINISH 
175008:T510837_3:MACHINE DONE
175008:T510837_3:Error Code 0
175023:T510837_4:Machine Process.. START
175024:T510837_4:GOING TO SEND START
175024:T510837_4:SENT START, WAITING FOR FINISH 
175029:T510837_4:MACHINE DONE
175029:T510837_4:Error Code 0
175125:T510837_5:Machine Process.. START
175125:T510837_5:GOING TO SEND START
175126:T510837_5:SENT START, WAITING FOR FINISH 
175130:T510837_5:MACHINE DONE
175130:T510837_5:Error Code 0
175159:T510837_6:Machine Process.. START
175159:T510837_6:GOING TO SEND START
175159:T510837_6:SENT START, WAITING FOR FINISH 
175202:T510837_6:MACHINE DONE
175202:T510837_6:Error Code 0
175227:T510837_7:Machine Process.. START
175227:T510837_7:GOING TO SEND START
175228:T510837_7:SENT START, WAITING FOR FINISH 
175231:T510837_7:MACHINE DONE
175231:T510837_7:Error Code 0
175435:T510837_8:Machine Process.. START
175435:T510837_8:GOING TO SEND START
175436:T510837_8:SENT START, WAITING FOR FINISH 
175448:T510837_8:MACHINE DONE
175448:T510837_8:Error Code 0
175556:T510837_9:Machine Process.. START
175556:T510837_9:GOING TO SEND START
175557:T510837_9:SENT START, WAITING FOR FINISH 
175600:T510837_9:MACHINE DONE
175600:T510837_9:Error Code 0
182506:T510837_10:Machine Process.. START
182506:T510837_10:GOING TO SEND START
182506:T510837_10:SENT START, WAITING FOR FINISH 
182516:T510837_10:MACHINE DONE
182516:T510837_10:Error Code 0
182547:T510837_11:Machine Process.. START
182547:T510837_11:GOING TO SEND START
182547:T510837_11:SENT START, WAITING FOR FINISH 
182552:T510837_11:MACHINE DONE
182552:T510837_11:Error Code 0
182641:T510837_12:Machine Process.. START
182641:T510837_12:GOING TO SEND START
182641:T510837_12:SENT START, WAITING FOR FINISH 
182643:T510837_12:MACHINE DONE
182643:T510837_12:Error Code 0
182815:T510837_13:Machine Process.. START
182815:T510837_13:GOING TO SEND START
182816:T510837_13:SENT START, WAITING FOR FINISH 
182820:T510837_13:MACHINE DONE
182820:T510837_13:Error Code 0
182859:T510837_14:Machine Process.. START
182900:T510837_14:GOING TO SEND START
182900:T510837_14:SENT START, WAITING FOR FINISH 
182905:T510837_14:MACHINE DONE
182905:T510837_14:Error Code 0
182929:T510837_15:Machine Process.. START
182929:T510837_15:GOING TO SEND START
182929:T510837_15:SENT START, WAITING FOR FINISH 
182935:T510837_15:MACHINE DONE
182935:T510837_15:Error Code 0
183000:T510837_16:Machine Process.. START
183000:T510837_16:GOING TO SEND START
183000:T510837_16:SENT START, WAITING FOR FINISH 
183005:T510837_16:MACHINE DONE
183005:T510837_16:Error Code 0
183050:T510837_17:Machine Process.. START
183050:T510837_17:GOING TO SEND START
183051:T510837_17:SENT START, WAITING FOR FINISH 
183054:T510837_17:MACHINE DONE
183054:T510837_17:Error Code 0
183135:T510837_18:Machine Process.. START
183136:T510837_18:GOING TO SEND START
183136:T510837_18:SENT START, WAITING FOR FINISH 
183139:T510837_18:MACHINE DONE
183139:T510837_18:Error Code 0
183218:T510837_19:Machine Process.. START
183218:T510837_19:GOING TO SEND START
183218:T510837_19:SENT START, WAITING FOR FINISH 
183226:T510837_19:MACHINE DONE
183226:T510837_19:Error Code 0
183325:T510837_20:Machine Process.. START
183325:T510837_20:GOING TO SEND START
183326:T510837_20:SENT START, WAITING FOR FINISH 
183330:T510837_20:MACHINE DONE
183330:T510837_20:Error Code 0
183413:T510837_21:Machine Process.. START
183413:T510837_21:GOING TO SEND START
183413:T510837_21:SENT START, WAITING FOR FINISH 
183415:T510837_21:MACHINE DONE
183415:T510837_21:Error Code 0
183517:T510837_22:Machine Process.. START
183517:T510837_22:GOING TO SEND START
183517:T510837_22:SENT START, WAITING FOR FINISH 
183521:T510837_22:MACHINE DONE
183521:T510837_22:Error Code 0
183604:T510837_23:Machine Process.. START
183604:T510837_23:GOING TO SEND START
183604:T510837_23:SENT START, WAITING FOR FINISH 
183609:T510837_23:MACHINE DONE
183609:T510837_23:Error Code 0
183629:T510837_24:Machine Process.. START
183629:T510837_24:GOING TO SEND START
183630:T510837_24:SENT START, WAITING FOR FINISH 
183637:T510837_24:MACHINE DONE
183637:T510837_24:Error Code 0
183707:T510837_25:Machine Process.. START
183707:T510837_25:GOING TO SEND START
183707:T510837_25:SENT START, WAITING FOR FINISH 
183711:T510837_25:MACHINE DONE
183711:T510837_25:Error Code 0
183745:T510837_26:Machine Process.. START
183745:T510837_26:GOING TO SEND START
183745:T510837_26:SENT START, WAITING FOR FINISH 
183748:T510837_26:MACHINE DONE
183748:T510837_26:Error Code 0
183843:T510837_27:Machine Process.. START
183843:T510837_27:GOING TO SEND START
183844:T510837_27:SENT START, WAITING FOR FINISH 
183847:T510837_27:MACHINE DONE
183847:T510837_27:Error Code 0
183922:T510837_28:Machine Process.. START
183922:T510837_28:GOING TO SEND START
183923:T510837_28:SENT START, WAITING FOR FINISH 
183929:T510837_28:MACHINE DONE
183929:T510837_28:Error Code 0
184006:T510837_29:Machine Process.. START
184006:T510837_29:GOING TO SEND START
184006:T510837_29:SENT START, WAITING FOR FINISH 
184010:T510837_29:MACHINE DONE
184010:T510837_29:Error Code 0
184103:T510837_30:Machine Process.. START
184103:T510837_30:GOING TO SEND START
184104:T510837_30:SENT START, WAITING FOR FINISH 
184107:T510837_30:MACHINE DONE
184107:T510837_30:Error Code 0
184138:T510837_31:Machine Process.. START
184138:T510837_31:GOING TO SEND START
184138:T510837_31:SENT START, WAITING FOR FINISH 
184142:T510837_31:MACHINE DONE
184142:T510837_31:Error Code 0
184217:T510837_32:Machine Process.. START
184217:T510837_32:GOING TO SEND START
184218:T510837_32:SENT START, WAITING FOR FINISH 
184222:T510837_32:MACHINE DONE
184222:T510837_32:Error Code 0
184244:T510837_33:Machine Process.. START
184244:T510837_33:GOING TO SEND START
184245:T510837_33:SENT START, WAITING FOR FINISH 
184249:T510837_33:MACHINE DONE
184249:T510837_33:Error Code 0
184335:T510837_34:Machine Process.. START
184335:T510837_34:GOING TO SEND START
184336:T510837_34:SENT START, WAITING FOR FINISH 
184339:T510837_34:MACHINE DONE
184339:T510837_34:Error Code 0
184410:T510837_35:Machine Process.. START
184410:T510837_35:GOING TO SEND START
184410:T510837_35:SENT START, WAITING FOR FINISH 
184413:T510837_35:MACHINE DONE
184413:T510837_35:Error Code 0
184450:T510837_36:Machine Process.. START
184450:T510837_36:GOING TO SEND START
184450:T510837_36:SENT START, WAITING FOR FINISH 
184453:T510837_36:MACHINE DONE
184453:T510837_36:Error Code 0
184532:T510837_37:Machine Process.. START
184532:T510837_37:GOING TO SEND START
184532:T510837_37:SENT START, WAITING FOR FINISH 
184537:T510837_37:MACHINE DONE
184537:T510837_37:Error Code 0
184616:T510837_38:Machine Process.. START
184616:T510837_38:GOING TO SEND START
184616:T510837_38:SENT START, WAITING FOR FINISH 
184621:T510837_38:MACHINE DONE
184621:T510837_38:Error Code 0
184652:T510837_39:Machine Process.. START
184652:T510837_39:GOING TO SEND START
184653:T510837_39:SENT START, WAITING FOR FINISH 
184655:T510837_39:MACHINE DONE
184655:T510837_39:Error Code 0
184727:T510837_40:Machine Process.. START
184727:T510837_40:GOING TO SEND START
184727:T510837_40:SENT START, WAITING FOR FINISH 
184730:T510837_40:MACHINE DONE
184730:T510837_40:Error Code 0
184759:T510837_41:Machine Process.. START
184800:T510837_41:GOING TO SEND START
184800:T510837_41:SENT START, WAITING FOR FINISH 
184804:T510837_41:MACHINE DONE
184804:T510837_41:Error Code 0
190047:T510837_42:Machine Process.. START
190048:T510837_42:GOING TO SEND START
190048:T510837_42:SENT START, WAITING FOR FINISH 
190052:T510837_42:MACHINE DONE
190052:T510837_42:Error Code 0
190148:T510837_43:Machine Process.. START
190149:T510837_43:GOING TO SEND START
190149:T510837_43:SENT START, WAITING FOR FINISH 
190152:T510837_43:MACHINE DONE
190152:T510837_43:Error Code 0
190230:T510837_44:Machine Process.. START
190230:T510837_44:GOING TO SEND START
190230:T510837_44:SENT START, WAITING FOR FINISH 
190233:T510837_44:MACHINE DONE
190233:T510837_44:Error Code 0
190308:T510837_45:Machine Process.. START
190308:T510837_45:GOING TO SEND START
190309:T510837_45:SENT START, WAITING FOR FINISH 
190312:T510837_45:MACHINE DONE
190312:T510837_45:Error Code 0
190421:T510837_46:Machine Process.. START
190421:T510837_46:GOING TO SEND START
190422:T510837_46:SENT START, WAITING FOR FINISH 
190428:T510837_46:MACHINE DONE
190428:T510837_46:Error Code 0
190458:T510837_47:Machine Process.. START
190458:T510837_47:GOING TO SEND START
190459:T510837_47:SENT START, WAITING FOR FINISH 
190505:T510837_47:MACHINE DONE
190505:T510837_47:Error Code 0
190613:T510837_48:Machine Process.. START
190613:T510837_48:GOING TO SEND START
190613:T510837_48:SENT START, WAITING FOR FINISH 
190620:T510837_48:MACHINE DONE
190620:T510837_48:Error Code 0
190650:T510837_49:Machine Process.. START
190651:T510837_49:GOING TO SEND START
190651:T510837_49:SENT START, WAITING FOR FINISH 
190655:T510837_49:MACHINE DONE
190655:T510837_49:Error Code 0
190728:T510837_50:Machine Process.. START
190728:T510837_50:GOING TO SEND START
190729:T510837_50:SENT START, WAITING FOR FINISH 
190732:T510837_50:MACHINE DONE
190732:T510837_50:Error Code 0
190759:T510837_51:Machine Process.. START
190759:T510837_51:GOING TO SEND START
190800:T510837_51:SENT START, WAITING FOR FINISH 
190803:T510837_51:MACHINE DONE
190803:T510837_51:Error Code 0
190849:T510837_52:Machine Process.. START
190849:T510837_52:GOING TO SEND START
190850:T510837_52:SENT START, WAITING FOR FINISH 
190858:T510837_52:MACHINE DONE
190858:T510837_52:Error Code 0
190928:T510837_53:Machine Process.. START
190928:T510837_53:GOING TO SEND START
190929:T510837_53:SENT START, WAITING FOR FINISH 
190934:T510837_53:MACHINE DONE
190934:T510837_53:Error Code 0
191032:T510837_54:Machine Process.. START
191033:T510837_54:GOING TO SEND START
191033:T510837_54:SENT START, WAITING FOR FINISH 
191039:T510837_54:MACHINE DONE
191039:T510837_54:Error Code 0
191230:T510837_55:Machine Process.. START
191230:T510837_55:GOING TO SEND START
191231:T510837_55:SENT START, WAITING FOR FINISH 
191233:T510837_55:MACHINE DONE
191233:T510837_55:Error Code 0
191414:T510837_56:Machine Process.. START
191414:T510837_56:GOING TO SEND START
191414:T510837_56:SENT START, WAITING FOR FINISH 
191419:T510837_56:MACHINE DONE
191419:T510837_56:Error Code 0
191453:T510837_57:Machine Process.. START
191453:T510837_57:GOING TO SEND START
191454:T510837_57:SENT START, WAITING FOR FINISH 
191500:T510837_57:MACHINE DONE
191500:T510837_57:Error Code 0
191522:T510837_58:Machine Process.. START
191522:T510837_58:GOING TO SEND START
191522:T510837_58:SENT START, WAITING FOR FINISH 
191524:T510837_58:MACHINE DONE
191524:T510837_58:Error Code 0
191556:T510837_59:Machine Process.. START
191556:T510837_59:GOING TO SEND START
191556:T510837_59:SENT START, WAITING FOR FINISH 
191558:T510837_59:MACHINE DONE
191558:T510837_59:Error Code 0
191633:T510837_60:Machine Process.. START
191634:T510837_60:GOING TO SEND START
191634:T510837_60:SENT START, WAITING FOR FINISH 
191637:T510837_60:MACHINE DONE
191637:T510837_60:Error Code 0
191729:T510837_61:Machine Process.. START
191729:T510837_61:GOING TO SEND START
191730:T510837_61:SENT START, WAITING FOR FINISH 
