082048:T589126_1:Machine Process.. START
082048:T589126_1:GOING TO SEND START
082049:T589126_1:SENT START, WAITING FOR FINISH 
082209:T589126_1:MACHINE DONE
082209:T589126_1:Error Code 0
082251:T589126_2:Machine Process.. START
082251:T589126_2:GOING TO SEND START
082251:T589126_2:SENT START, WAITING FOR FINISH 
082429:T589126_2:MACHINE DONE
082429:T589126_2:Error Code 0
082520:T589126_3:Machine Process.. START
082520:T589126_3:GOING TO SEND START
082521:T589126_3:SENT START, WAITING FOR FINISH 
082602:T589126_3:MACHINE DONE
082602:T589126_3:Error Code 0
083130:T589126_6:Machine Process.. START
083130:T589126_6:GOING TO SEND START
083131:T589126_6:SENT START, WAITING FOR FINISH 
083146:T589126_6:MACHINE DONE
083147:T589126_6:Error Code 0
083224:T589126_7:Machine Process.. START
083225:T589126_7:GOING TO SEND START
083225:T589126_7:SENT START, WAITING FOR FINISH 
083435:T589126_7:MACHINE DONE
083435:T589126_7:Error Code 0
083547:T589126_8:Machine Process.. START
083547:T589126_8:GOING TO SEND START
083548:T589126_8:SENT START, WAITING FOR FINISH 
083615:T589126_8:MACHINE DONE
083615:T589126_8:Error Code 0
090228:T589126_9:Machine Process.. START
090228:T589126_9:GOING TO SEND START
090229:T589126_9:SENT START, WAITING FOR FINISH 
090259:T589126_9:MACHINE DONE
090259:T589126_9:Error Code 0
090540:T589126_10:Machine Process.. START
090540:T589126_10:GOING TO SEND START
090540:T589126_10:SENT START, WAITING FOR FINISH 
090811:T589126_10:MACHINE DONE
090811:T589126_10:Error Code 0
090925:T589126_11:Machine Process.. START
090926:T589126_11:GOING TO SEND START
090926:T589126_11:SENT START, WAITING FOR FINISH 
091100:T589126_11:MACHINE DONE
091100:T589126_11:Error Code 0
091448:T589126_12:Machine Process.. START
091449:T589126_12:GOING TO SEND START
091449:T589126_12:SENT START, WAITING FOR FINISH 
091512:T589126_12:MACHINE DONE
091512:T589126_12:Error Code 0
092228:T589126_14:Machine Process.. START
092228:T589126_14:GOING TO SEND START
092229:T589126_14:SENT START, WAITING FOR FINISH 
092248:T589126_14:MACHINE DONE
092248:T589126_14:Error Code 0
092832:T589126_15:Machine Process.. START
092832:T589126_15:GOING TO SEND START
092832:T589126_15:SENT START, WAITING FOR FINISH 
092853:T589126_15:MACHINE DONE
092853:T589126_15:Error Code 0
092934:T589126_16:Machine Process.. START
092934:T589126_16:GOING TO SEND START
092934:T589126_16:SENT START, WAITING FOR FINISH 
093006:T589126_16:MACHINE DONE
093006:T589126_16:Error Code 0
093049:T589126_17:Machine Process.. START
093050:T589126_17:GOING TO SEND START
093050:T589126_17:SENT START, WAITING FOR FINISH 
093118:T589126_17:MACHINE DONE
093119:T589126_17:Error Code 0
093256:T589126_18:Machine Process.. START
093256:T589126_18:GOING TO SEND START
093256:T589126_18:SENT START, WAITING FOR FINISH 
093318:T589126_18:MACHINE DONE
093318:T589126_18:Error Code 0
094042:T589126_19:Machine Process.. START
094042:T589126_19:GOING TO SEND START
094042:T589126_19:SENT START, WAITING FOR FINISH 
094057:T589126_19:MACHINE DONE
094057:T589126_19:Error Code 0
094357:T589126_20:Machine Process.. START
094358:T589126_20:GOING TO SEND START
094358:T589126_20:SENT START, WAITING FOR FINISH 
094419:T589126_20:MACHINE DONE
094419:T589126_20:Error Code 0
094805:T589126_21:Machine Process.. START
094806:T589126_21:GOING TO SEND START
094806:T589126_21:SENT START, WAITING FOR FINISH 
094834:T589126_21:MACHINE DONE
094834:T589126_21:Error Code 0
095001:T589126_22:Machine Process.. START
095001:T589126_22:GOING TO SEND START
095002:T589126_22:SENT START, WAITING FOR FINISH 
095030:T589126_22:MACHINE DONE
095030:T589126_22:Error Code 0
095403:T589126_23:Machine Process.. START
095403:T589126_23:GOING TO SEND START
095403:T589126_23:SENT START, WAITING FOR FINISH 
095423:T589126_23:MACHINE DONE
095423:T589126_23:Error Code 0
095657:T589126_24:Machine Process.. START
095657:T589126_24:GOING TO SEND START
095657:T589126_24:SENT START, WAITING FOR FINISH 
095752:T589126_24:MACHINE DONE
095752:T589126_24:Error Code 0
095844:T589126_25:Machine Process.. START
095844:T589126_25:GOING TO SEND START
095844:T589126_25:SENT START, WAITING FOR FINISH 
095918:T589126_25:MACHINE DONE
095918:T589126_25:Error Code 0
101614:T589126_26:Machine Process.. START
101614:T589126_26:GOING TO SEND START
101614:T589126_26:SENT START, WAITING FOR FINISH 
101838:T589126_26:MACHINE DONE
101838:T589126_26:Error Code 1
101956:T510836_1:Machine Process.. START
101957:T510836_1:GOING TO SEND START
101957:T510836_1:SENT START, WAITING FOR FINISH 
102038:T510836_1:MACHINE DONE
102038:T510836_1:Error Code 0
102207:T510836_2:Machine Process.. START
102208:T510836_2:GOING TO SEND START
102208:T510836_2:SENT START, WAITING FOR FINISH 
102234:T510836_2:MACHINE DONE
102234:T510836_2:Error Code 0
102606:T510836_3:Machine Process.. START
102606:T510836_3:GOING TO SEND START
102607:T510836_3:SENT START, WAITING FOR FINISH 
102630:T510836_3:MACHINE DONE
102630:T510836_3:Error Code 0
102826:T510836_4:Machine Process.. START
102826:T510836_4:GOING TO SEND START
102827:T510836_4:SENT START, WAITING FOR FINISH 
102842:T510836_4:MACHINE DONE
102842:T510836_4:Error Code 0
131721:T510837_1:Machine Process.. START
131722:T510837_1:GOING TO SEND START
131722:T510837_1:SENT START, WAITING FOR FINISH 
131758:T510837_1:MACHINE DONE
131758:T510837_1:Error Code 0
144849:T510837_2:Machine Process.. START
144849:T510837_2:GOING TO SEND START
144850:T510837_2:SENT START, WAITING FOR FINISH 
144912:T510837_2:MACHINE DONE
144912:T510837_2:Error Code 0
152635:T510837_3:Machine Process.. START
152635:T510837_3:GOING TO SEND START
152636:T510837_3:SENT START, WAITING FOR FINISH 
152701:T510837_3:MACHINE DONE
152701:T510837_3:Error Code 0
152743:T510837_4:Machine Process.. START
152743:T510837_4:GOING TO SEND START
152743:T510837_4:SENT START, WAITING FOR FINISH 
152756:T510837_4:MACHINE DONE
152756:T510837_4:Error Code 0
152826:T510837_5:Machine Process.. START
152826:T510837_5:GOING TO SEND START
152826:T510837_5:SENT START, WAITING FOR FINISH 
152835:T510837_5:MACHINE DONE
152835:T510837_5:Error Code 0
152930:T510837_6:Machine Process.. START
152931:T510837_6:GOING TO SEND START
152931:T510837_6:SENT START, WAITING FOR FINISH 
152938:T510837_6:MACHINE DONE
152938:T510837_6:Error Code 0
153025:T510837_7:Machine Process.. START
153025:T510837_7:GOING TO SEND START
153025:T510837_7:SENT START, WAITING FOR FINISH 
153037:T510837_7:MACHINE DONE
153037:T510837_7:Error Code 0
153111:T510837_8:Machine Process.. START
153111:T510837_8:GOING TO SEND START
153111:T510837_8:SENT START, WAITING FOR FINISH 
153124:T510837_8:MACHINE DONE
153124:T510837_8:Error Code 0
153222:T510837_9:Machine Process.. START
153222:T510837_9:GOING TO SEND START
153222:T510837_9:SENT START, WAITING FOR FINISH 
153242:T510837_9:MACHINE DONE
153242:T510837_9:Error Code 0
153311:T510837_10:Machine Process.. START
153311:T510837_10:GOING TO SEND START
153312:T510837_10:SENT START, WAITING FOR FINISH 
153323:T510837_10:MACHINE DONE
153323:T510837_10:Error Code 0
153439:T510837_11:Machine Process.. START
153439:T510837_11:GOING TO SEND START
153439:T510837_11:SENT START, WAITING FOR FINISH 
153447:T510837_11:MACHINE DONE
153447:T510837_11:Error Code 0
153528:T510837_12:Machine Process.. START
153528:T510837_12:GOING TO SEND START
153528:T510837_12:SENT START, WAITING FOR FINISH 
153542:T510837_12:MACHINE DONE
153542:T510837_12:Error Code 0
153601:T510837_13:Machine Process.. START
153601:T510837_13:GOING TO SEND START
153602:T510837_13:SENT START, WAITING FOR FINISH 
153613:T510837_13:MACHINE DONE
153613:T510837_13:Error Code 0
153704:T510837_14:Machine Process.. START
153704:T510837_14:GOING TO SEND START
153704:T510837_14:SENT START, WAITING FOR FINISH 
153721:T510837_14:MACHINE DONE
153721:T510837_14:Error Code 0
153749:T510837_15:Machine Process.. START
153749:T510837_15:GOING TO SEND START
153749:T510837_15:SENT START, WAITING FOR FINISH 
153807:T510837_15:MACHINE DONE
153807:T510837_15:Error Code 0
153839:T510837_16:Machine Process.. START
153840:T510837_16:GOING TO SEND START
153840:T510837_16:SENT START, WAITING FOR FINISH 
153849:T510837_16:MACHINE DONE
153849:T510837_16:Error Code 0
153925:T510837_17:Machine Process.. START
153925:T510837_17:GOING TO SEND START
153926:T510837_17:SENT START, WAITING FOR FINISH 
153948:T510837_17:MACHINE DONE
153948:T510837_17:Error Code 0
154201:T510837_18:Machine Process.. START
154201:T510837_18:GOING TO SEND START
154201:T510837_18:SENT START, WAITING FOR FINISH 
154216:T510837_18:MACHINE DONE
154216:T510837_18:Error Code 0
154238:T510837_19:Machine Process.. START
154238:T510837_19:GOING TO SEND START
154239:T510837_19:SENT START, WAITING FOR FINISH 
154246:T510837_19:MACHINE DONE
154246:T510837_19:Error Code 0
154508:T510837_20:Machine Process.. START
154508:T510837_20:GOING TO SEND START
154508:T510837_20:SENT START, WAITING FOR FINISH 
154515:T510837_20:MACHINE DONE
154515:T510837_20:Error Code 0
154639:T510837_21:Machine Process.. START
154639:T510837_21:GOING TO SEND START
154639:T510837_21:SENT START, WAITING FOR FINISH 
154657:T510837_21:MACHINE DONE
154657:T510837_21:Error Code 0
154723:T510837_22:Machine Process.. START
154723:T510837_22:GOING TO SEND START
154724:T510837_22:SENT START, WAITING FOR FINISH 
154734:T510837_22:MACHINE DONE
154734:T510837_22:Error Code 0
154802:T510837_23:Machine Process.. START
154802:T510837_23:GOING TO SEND START
154802:T510837_23:SENT START, WAITING FOR FINISH 
154809:T510837_23:MACHINE DONE
154809:T510837_23:Error Code 0
154832:T510837_24:Machine Process.. START
154832:T510837_24:GOING TO SEND START
154833:T510837_24:SENT START, WAITING FOR FINISH 
154843:T510837_24:MACHINE DONE
154843:T510837_24:Error Code 0
154925:T510837_25:Machine Process.. START
154925:T510837_25:GOING TO SEND START
154926:T510837_25:SENT START, WAITING FOR FINISH 
154937:T510837_25:MACHINE DONE
154937:T510837_25:Error Code 0
155009:T510837_26:Machine Process.. START
155009:T510837_26:GOING TO SEND START
155009:T510837_26:SENT START, WAITING FOR FINISH 
155022:T510837_26:MACHINE DONE
155022:T510837_26:Error Code 0
155056:T510837_27:Machine Process.. START
155057:T510837_27:GOING TO SEND START
155057:T510837_27:SENT START, WAITING FOR FINISH 
155106:T510837_27:MACHINE DONE
155106:T510837_27:Error Code 0
155145:T510837_28:Machine Process.. START
155145:T510837_28:GOING TO SEND START
155145:T510837_28:SENT START, WAITING FOR FINISH 
155151:T510837_28:MACHINE DONE
155151:T510837_28:Error Code 0
155230:T510837_29:Machine Process.. START
155230:T510837_29:GOING TO SEND START
155230:T510837_29:SENT START, WAITING FOR FINISH 
155236:T510837_29:MACHINE DONE
155237:T510837_29:Error Code 0
155310:T510837_30:Machine Process.. START
155310:T510837_30:GOING TO SEND START
155311:T510837_30:SENT START, WAITING FOR FINISH 
155324:T510837_30:MACHINE DONE
155324:T510837_30:Error Code 0
155351:T510837_31:Machine Process.. START
155351:T510837_31:GOING TO SEND START
155352:T510837_31:SENT START, WAITING FOR FINISH 
155402:T510837_31:MACHINE DONE
155402:T510837_31:Error Code 0
155422:T510837_32:Machine Process.. START
155422:T510837_32:GOING TO SEND START
155423:T510837_32:SENT START, WAITING FOR FINISH 
155431:T510837_32:MACHINE DONE
155431:T510837_32:Error Code 0
155507:T510837_33:Machine Process.. START
155507:T510837_33:GOING TO SEND START
155507:T510837_33:SENT START, WAITING FOR FINISH 
155536:T510837_33:MACHINE DONE
155536:T510837_33:Error Code 0
155653:T510837_34:Machine Process.. START
155653:T510837_34:GOING TO SEND START
155653:T510837_34:SENT START, WAITING FOR FINISH 
155805:T510837_34:MACHINE DONE
155805:T510837_34:Error Code 0
155827:T510837_35:Machine Process.. START
155827:T510837_35:GOING TO SEND START
155828:T510837_35:SENT START, WAITING FOR FINISH 
155840:T510837_35:MACHINE DONE
155840:T510837_35:Error Code 0
155907:T510837_36:Machine Process.. START
155907:T510837_36:GOING TO SEND START
155908:T510837_36:SENT START, WAITING FOR FINISH 
155916:T510837_36:MACHINE DONE
155916:T510837_36:Error Code 0
155951:T510837_37:Machine Process.. START
155951:T510837_37:GOING TO SEND START
155951:T510837_37:SENT START, WAITING FOR FINISH 
160002:T510837_37:MACHINE DONE
160002:T510837_37:Error Code 0
160036:T510837_38:Machine Process.. START
160036:T510837_38:GOING TO SEND START
160036:T510837_38:SENT START, WAITING FOR FINISH 
160045:T510837_38:MACHINE DONE
160045:T510837_38:Error Code 0
160130:T510837_39:Machine Process.. START
160130:T510837_39:GOING TO SEND START
160131:T510837_39:SENT START, WAITING FOR FINISH 
160139:T510837_39:MACHINE DONE
160139:T510837_39:Error Code 0
160203:T510837_40:Machine Process.. START
160203:T510837_40:GOING TO SEND START
160204:T510837_40:SENT START, WAITING FOR FINISH 
160227:T510837_40:MACHINE DONE
160227:T510837_40:Error Code 0
160249:T510837_41:Machine Process.. START
160249:T510837_41:GOING TO SEND START
160250:T510837_41:SENT START, WAITING FOR FINISH 
160315:T510837_41:MACHINE DONE
160315:T510837_41:Error Code 0
160324:T510837_42:Machine Process.. START
160324:T510837_42:GOING TO SEND START
160325:T510837_42:SENT START, WAITING FOR FINISH 
160330:T510837_42:MACHINE DONE
160331:T510837_42:Error Code 0
160428:T510837_43:Machine Process.. START
160428:T510837_43:GOING TO SEND START
160429:T510837_43:SENT START, WAITING FOR FINISH 
160439:T510837_43:MACHINE DONE
160439:T510837_43:Error Code 0
160516:T510837_44:Machine Process.. START
160516:T510837_44:GOING TO SEND START
160517:T510837_44:SENT START, WAITING FOR FINISH 
160547:T510837_44:MACHINE DONE
160547:T510837_44:Error Code 0
160553:T510837_45:Machine Process.. START
160553:T510837_45:GOING TO SEND START
160553:T510837_45:SENT START, WAITING FOR FINISH 
160603:T510837_45:MACHINE DONE
160603:T510837_45:Error Code 0
160633:T510837_46:Machine Process.. START
160634:T510837_46:GOING TO SEND START
160634:T510837_46:SENT START, WAITING FOR FINISH 
160643:T510837_46:MACHINE DONE
160643:T510837_46:Error Code 0
160739:T510837_47:Machine Process.. START
160739:T510837_47:GOING TO SEND START
160739:T510837_47:SENT START, WAITING FOR FINISH 
160746:T510837_47:MACHINE DONE
160746:T510837_47:Error Code 0
160813:T510837_48:Machine Process.. START
160813:T510837_48:GOING TO SEND START
160814:T510837_48:SENT START, WAITING FOR FINISH 
160818:T510837_48:MACHINE DONE
160818:T510837_48:Error Code 0
160848:T510837_49:Machine Process.. START
160848:T510837_49:GOING TO SEND START
160849:T510837_49:SENT START, WAITING FOR FINISH 
160854:T510837_49:MACHINE DONE
160854:T510837_49:Error Code 0
160920:T510837_50:Machine Process.. START
160921:T510837_50:GOING TO SEND START
160921:T510837_50:SENT START, WAITING FOR FINISH 
160927:T510837_50:MACHINE DONE
160927:T510837_50:Error Code 0
161017:T510837_51:Machine Process.. START
161017:T510837_51:GOING TO SEND START
161017:T510837_51:SENT START, WAITING FOR FINISH 
161024:T510837_51:MACHINE DONE
161024:T510837_51:Error Code 0
161052:T510837_52:Machine Process.. START
161052:T510837_52:GOING TO SEND START
161052:T510837_52:SENT START, WAITING FOR FINISH 
161057:T510837_52:MACHINE DONE
161057:T510837_52:Error Code 0
