160706:T510836_5:Machine Process.. START
160707:T510836_5:GOING TO SEND START
160707:T510836_5:SENT START, WAITING FOR FINISH 
160735:T510836_5:MACHINE DONE
160735:T510836_5:Error Code 0
160850:T510836_6:Machine Process.. START
160850:T510836_6:GOING TO SEND START
160850:T510836_6:SENT START, WAITING FOR FINISH 
160923:T510836_6:MACHINE DONE
160923:T510836_6:Error Code 0
160947:T510836_7:Machine Process.. START
160947:T510836_7:GOING TO SEND START
160947:T510836_7:SENT START, WAITING FOR FINISH 
161004:T510836_7:MACHINE DONE
161004:T510836_7:Error Code 0
161104:T510836_8:Machine Process.. START
161105:T510836_8:GOING TO SEND START
161105:T510836_8:SENT START, WAITING FOR FINISH 
161144:T510836_8:MACHINE DONE
161144:T510836_8:Error Code 0
161221:T510836_9:Machine Process.. START
161222:T510836_9:GOING TO SEND START
161222:T510836_9:SENT START, WAITING FOR FINISH 
161245:T510836_9:MACHINE DONE
161245:T510836_9:Error Code 0
161329:T510836_10:Machine Process.. START
161329:T510836_10:GOING TO SEND START
161329:T510836_10:SENT START, WAITING FOR FINISH 
161409:T510836_10:MACHINE DONE
161409:T510836_10:Error Code 0
161422:T510836_11:Machine Process.. START
161422:T510836_11:GOING TO SEND START
161422:T510836_11:SENT START, WAITING FOR FINISH 
161443:T510836_11:MACHINE DONE
161443:T510836_11:Error Code 0
161654:T510836_12:Machine Process.. START
161654:T510836_12:GOING TO SEND START
161654:T510836_12:SENT START, WAITING FOR FINISH 
161749:T510836_12:MACHINE DONE
161749:T510836_12:Error Code 0
161807:T510836_13:Machine Process.. START
161807:T510836_13:GOING TO SEND START
161807:T510836_13:SENT START, WAITING FOR FINISH 
162003:T510836_13:MACHINE DONE
162003:T510836_13:Error Code 0
162210:T510836_14:Machine Process.. START
162210:T510836_14:GOING TO SEND START
162210:T510836_14:SENT START, WAITING FOR FINISH 
162237:T510836_14:MACHINE DONE
162237:T510836_14:Error Code 0
162325:T510836_15:Machine Process.. START
162325:T510836_15:GOING TO SEND START
162326:T510836_15:SENT START, WAITING FOR FINISH 
162400:T510836_15:MACHINE DONE
162400:T510836_15:Error Code 0
162415:T510836_16:Machine Process.. START
162415:T510836_16:GOING TO SEND START
162416:T510836_16:SENT START, WAITING FOR FINISH 
162428:T510836_16:MACHINE DONE
162428:T510836_16:Error Code 0
162524:T510836_17:Machine Process.. START
162524:T510836_17:GOING TO SEND START
162524:T510836_17:SENT START, WAITING FOR FINISH 
162541:T510836_17:MACHINE DONE
162542:T510836_17:Error Code 0
162629:T510836_18:Machine Process.. START
162629:T510836_18:GOING TO SEND START
162629:T510836_18:SENT START, WAITING FOR FINISH 
162642:T510836_18:MACHINE DONE
162642:T510836_18:Error Code 0
195136:T510836_23:Machine Process.. START
195136:T510836_23:GOING TO SEND START
195137:T510836_23:SENT START, WAITING FOR FINISH 
195155:T510836_23:MACHINE DONE
195155:T510836_23:Error Code 0
