093056:T589126_14:Machine Process.. START
093057:T589126_14:GOING TO SEND START
093057:T589126_14:SENT START, WAITING FOR FINISH 
093117:T589126_14:MACHINE DONE
093117:T589126_14:Error Code 0
093613:T589126_15:Machine Process.. START
093613:T589126_15:GOING TO SEND START
093614:T589126_15:SENT START, WAITING FOR FINISH 
093646:T589126_15:MACHINE DONE
093646:T589126_15:Error Code 0
093925:T589126_16:Machine Process.. START
093925:T589126_16:GOING TO SEND START
093925:T589126_16:SENT START, WAITING FOR FINISH 
093955:T589126_16:MACHINE DONE
093955:T589126_16:Error Code 0
094204:T589126_17:Machine Process.. START
094204:T589126_17:GOING TO SEND START
094205:T589126_17:SENT START, WAITING FOR FINISH 
094305:T589126_17:MACHINE DONE
094305:T589126_17:Error Code 0
094542:T589126_18:Machine Process.. START
094542:T589126_18:GOING TO SEND START
094542:T589126_18:SENT START, WAITING FOR FINISH 
094601:T589126_18:MACHINE DONE
094601:T589126_18:Error Code 0
094933:T589126_19:Machine Process.. START
094934:T589126_19:GOING TO SEND START
094934:T589126_19:SENT START, WAITING FOR FINISH 
094953:T589126_19:MACHINE DONE
094953:T589126_19:Error Code 0
095104:T589126_20:Machine Process.. START
095104:T589126_20:GOING TO SEND START
095104:T589126_20:SENT START, WAITING FOR FINISH 
095111:T589126_20:MACHINE DONE
095111:T589126_20:Error Code 0
095518:T589126_21:Machine Process.. START
095519:T589126_21:GOING TO SEND START
095519:T589126_21:SENT START, WAITING FOR FINISH 
095547:T589126_21:MACHINE DONE
095547:T589126_21:Error Code 0
095812:T589126_22:Machine Process.. START
095812:T589126_22:GOING TO SEND START
095812:T589126_22:SENT START, WAITING FOR FINISH 
095826:T589126_22:MACHINE DONE
095826:T589126_22:Error Code 0
101434:T589126_23:Machine Process.. START
101434:T589126_23:GOING TO SEND START
101435:T589126_23:SENT START, WAITING FOR FINISH 
101453:T589126_23:MACHINE DONE
101453:T589126_23:Error Code 0
101823:T589126_24:Machine Process.. START
101823:T589126_24:GOING TO SEND START
101824:T589126_24:SENT START, WAITING FOR FINISH 
101845:T589126_24:MACHINE DONE
101845:T589126_24:Error Code 0
101950:T589126_25:Machine Process.. START
101950:T589126_25:GOING TO SEND START
101950:T589126_25:SENT START, WAITING FOR FINISH 
101955:T589126_25:MACHINE DONE
101955:T589126_25:Error Code 0
145311:T510837_2:Machine Process.. START
145311:T510837_2:GOING TO SEND START
145312:T510837_2:SENT START, WAITING FOR FINISH 
145315:T510837_2:MACHINE DONE
145315:T510837_2:Error Code 0
153057:T510837_3:Machine Process.. START
153058:T510837_3:GOING TO SEND START
153058:T510837_3:SENT START, WAITING FOR FINISH 
153107:T510837_3:MACHINE DONE
153107:T510837_3:Error Code 0
153148:T510837_4:Machine Process.. START
153148:T510837_4:GOING TO SEND START
153148:T510837_4:SENT START, WAITING FOR FINISH 
153156:T510837_4:MACHINE DONE
153156:T510837_4:Error Code 0
153214:T510837_5:Machine Process.. START
153214:T510837_5:GOING TO SEND START
153215:T510837_5:SENT START, WAITING FOR FINISH 
153217:T510837_5:MACHINE DONE
153217:T510837_5:Error Code 0
153243:T510837_6:Machine Process.. START
153244:T510837_6:GOING TO SEND START
153244:T510837_6:SENT START, WAITING FOR FINISH 
153249:T510837_6:MACHINE DONE
153249:T510837_6:Error Code 0
153346:T510837_7:Machine Process.. START
153346:T510837_7:GOING TO SEND START
153347:T510837_7:SENT START, WAITING FOR FINISH 
153350:T510837_7:MACHINE DONE
153350:T510837_7:Error Code 0
153522:T510837_8:Machine Process.. START
153522:T510837_8:GOING TO SEND START
153523:T510837_8:SENT START, WAITING FOR FINISH 
153528:T510837_8:MACHINE DONE
153528:T510837_8:Error Code 0
153603:T510837_9:Machine Process.. START
153603:T510837_9:GOING TO SEND START
153604:T510837_9:SENT START, WAITING FOR FINISH 
153609:T510837_9:MACHINE DONE
153609:T510837_9:Error Code 0
153635:T510837_10:Machine Process.. START
153635:T510837_10:GOING TO SEND START
153635:T510837_10:SENT START, WAITING FOR FINISH 
153641:T510837_10:MACHINE DONE
153641:T510837_10:Error Code 0
153731:T510837_11:Machine Process.. START
153731:T510837_11:GOING TO SEND START
153731:T510837_11:SENT START, WAITING FOR FINISH 
153734:T510837_11:MACHINE DONE
153734:T510837_11:Error Code 0
154049:T510837_12:Machine Process.. START
154049:T510837_12:GOING TO SEND START
154050:T510837_12:SENT START, WAITING FOR FINISH 
154100:T510837_12:MACHINE DONE
154100:T510837_12:Error Code 0
154124:T510837_13:Machine Process.. START
154124:T510837_13:GOING TO SEND START
154125:T510837_13:SENT START, WAITING FOR FINISH 
154140:T510837_13:MACHINE DONE
154140:T510837_13:Error Code 0
154206:T510837_14:Machine Process.. START
154206:T510837_14:GOING TO SEND START
154207:T510837_14:SENT START, WAITING FOR FINISH 
154210:T510837_14:MACHINE DONE
154210:T510837_14:Error Code 0
154237:T510837_15:Machine Process.. START
154237:T510837_15:GOING TO SEND START
154237:T510837_15:SENT START, WAITING FOR FINISH 
154241:T510837_15:MACHINE DONE
154241:T510837_15:Error Code 0
154346:T510837_16:Machine Process.. START
154346:T510837_16:GOING TO SEND START
154346:T510837_16:SENT START, WAITING FOR FINISH 
154350:T510837_16:MACHINE DONE
154350:T510837_16:Error Code 0
154438:T510837_17:Machine Process.. START
154438:T510837_17:GOING TO SEND START
154438:T510837_17:SENT START, WAITING FOR FINISH 
154443:T510837_17:MACHINE DONE
154443:T510837_17:Error Code 0
154518:T510837_18:Machine Process.. START
154518:T510837_18:GOING TO SEND START
154518:T510837_18:SENT START, WAITING FOR FINISH 
154523:T510837_18:MACHINE DONE
154523:T510837_18:Error Code 0
154548:T510837_19:Machine Process.. START
154548:T510837_19:GOING TO SEND START
154548:T510837_19:SENT START, WAITING FOR FINISH 
154552:T510837_19:MACHINE DONE
154552:T510837_19:Error Code 0
154801:T510837_20:Machine Process.. START
154801:T510837_20:GOING TO SEND START
154801:T510837_20:SENT START, WAITING FOR FINISH 
154804:T510837_20:MACHINE DONE
154804:T510837_20:Error Code 0
155033:T510837_21:Machine Process.. START
155033:T510837_21:GOING TO SEND START
155033:T510837_21:SENT START, WAITING FOR FINISH 
155037:T510837_21:MACHINE DONE
155037:T510837_21:Error Code 0
155115:T510837_22:Machine Process.. START
155115:T510837_22:GOING TO SEND START
155116:T510837_22:SENT START, WAITING FOR FINISH 
155124:T510837_22:MACHINE DONE
155124:T510837_22:Error Code 0
155143:T510837_23:Machine Process.. START
155143:T510837_23:GOING TO SEND START
155143:T510837_23:SENT START, WAITING FOR FINISH 
155146:T510837_23:MACHINE DONE
155146:T510837_23:Error Code 0
155229:T510837_24:Machine Process.. START
155229:T510837_24:GOING TO SEND START
155230:T510837_24:SENT START, WAITING FOR FINISH 
155238:T510837_24:MACHINE DONE
155238:T510837_24:Error Code 0
155300:T510837_25:Machine Process.. START
155300:T510837_25:GOING TO SEND START
155300:T510837_25:SENT START, WAITING FOR FINISH 
155303:T510837_25:MACHINE DONE
155303:T510837_25:Error Code 0
155409:T510837_26:Machine Process.. START
155409:T510837_26:GOING TO SEND START
155409:T510837_26:SENT START, WAITING FOR FINISH 
155414:T510837_26:MACHINE DONE
155414:T510837_26:Error Code 0
155439:T510837_27:Machine Process.. START
155439:T510837_27:GOING TO SEND START
155440:T510837_27:SENT START, WAITING FOR FINISH 
155443:T510837_27:MACHINE DONE
155444:T510837_27:Error Code 0
155514:T510837_28:Machine Process.. START
155515:T510837_28:GOING TO SEND START
155515:T510837_28:SENT START, WAITING FOR FINISH 
155520:T510837_28:MACHINE DONE
155520:T510837_28:Error Code 0
155612:T510837_29:Machine Process.. START
155612:T510837_29:GOING TO SEND START
155613:T510837_29:SENT START, WAITING FOR FINISH 
155616:T510837_29:MACHINE DONE
155616:T510837_29:Error Code 0
155715:T510837_30:Machine Process.. START
155715:T510837_30:GOING TO SEND START
155715:T510837_30:SENT START, WAITING FOR FINISH 
155719:T510837_30:MACHINE DONE
155719:T510837_30:Error Code 0
155901:T510837_31:Machine Process.. START
155901:T510837_31:GOING TO SEND START
155901:T510837_31:SENT START, WAITING FOR FINISH 
155907:T510837_31:MACHINE DONE
155907:T510837_31:Error Code 0
160004:T510837_32:Machine Process.. START
160004:T510837_32:GOING TO SEND START
160004:T510837_32:SENT START, WAITING FOR FINISH 
160007:T510837_32:MACHINE DONE
160007:T510837_32:Error Code 0
160051:T510837_33:Machine Process.. START
160051:T510837_33:GOING TO SEND START
160052:T510837_33:SENT START, WAITING FOR FINISH 
160055:T510837_33:MACHINE DONE
160055:T510837_33:Error Code 0
160125:T510837_34:Machine Process.. START
160125:T510837_34:GOING TO SEND START
160125:T510837_34:SENT START, WAITING FOR FINISH 
160128:T510837_34:MACHINE DONE
160128:T510837_34:Error Code 0
160224:T510837_35:Machine Process.. START
160224:T510837_35:GOING TO SEND START
160224:T510837_35:SENT START, WAITING FOR FINISH 
160229:T510837_35:MACHINE DONE
160229:T510837_35:Error Code 0
160307:T510837_36:Machine Process.. START
160307:T510837_36:GOING TO SEND START
160307:T510837_36:SENT START, WAITING FOR FINISH 
160310:T510837_36:MACHINE DONE
160310:T510837_36:Error Code 0
160339:T510837_37:Machine Process.. START
160339:T510837_37:GOING TO SEND START
160340:T510837_37:SENT START, WAITING FOR FINISH 
160341:T510837_37:MACHINE DONE
160342:T510837_37:Error Code 0
160425:T510837_38:Machine Process.. START
160425:T510837_38:GOING TO SEND START
160426:T510837_38:SENT START, WAITING FOR FINISH 
160429:T510837_38:MACHINE DONE
160429:T510837_38:Error Code 0
160519:T510837_39:Machine Process.. START
160519:T510837_39:GOING TO SEND START
160519:T510837_39:SENT START, WAITING FOR FINISH 
160522:T510837_39:MACHINE DONE
160522:T510837_39:Error Code 0
160623:T510837_40:Machine Process.. START
160623:T510837_40:GOING TO SEND START
160623:T510837_40:SENT START, WAITING FOR FINISH 
160629:T510837_40:MACHINE DONE
160629:T510837_40:Error Code 0
160657:T510837_41:Machine Process.. START
160657:T510837_41:GOING TO SEND START
160657:T510837_41:SENT START, WAITING FOR FINISH 
160700:T510837_41:MACHINE DONE
160700:T510837_41:Error Code 0
160733:T510837_42:Machine Process.. START
160734:T510837_42:GOING TO SEND START
160734:T510837_42:SENT START, WAITING FOR FINISH 
160739:T510837_42:MACHINE DONE
160739:T510837_42:Error Code 0
160815:T510837_43:Machine Process.. START
160815:T510837_43:GOING TO SEND START
160815:T510837_43:SENT START, WAITING FOR FINISH 
160818:T510837_43:MACHINE DONE
160818:T510837_43:Error Code 0
160921:T510837_44:Machine Process.. START
160921:T510837_44:GOING TO SEND START
160921:T510837_44:SENT START, WAITING FOR FINISH 
160924:T510837_44:MACHINE DONE
160924:T510837_44:Error Code 0
160951:T510837_45:Machine Process.. START
160951:T510837_45:GOING TO SEND START
160951:T510837_45:SENT START, WAITING FOR FINISH 
160956:T510837_45:MACHINE DONE
160956:T510837_45:Error Code 0
161022:T510837_46:Machine Process.. START
161022:T510837_46:GOING TO SEND START
161023:T510837_46:SENT START, WAITING FOR FINISH 
161027:T510837_46:MACHINE DONE
161027:T510837_46:Error Code 0
161119:T510837_47:Machine Process.. START
161119:T510837_47:GOING TO SEND START
161119:T510837_47:SENT START, WAITING FOR FINISH 
161122:T510837_47:MACHINE DONE
161122:T510837_47:Error Code 0
161155:T510837_48:Machine Process.. START
161155:T510837_48:GOING TO SEND START
161155:T510837_48:SENT START, WAITING FOR FINISH 
161159:T510837_48:MACHINE DONE
161159:T510837_48:Error Code 0
161224:T510837_49:Machine Process.. START
161224:T510837_49:GOING TO SEND START
161224:T510837_49:SENT START, WAITING FOR FINISH 
161230:T510837_49:MACHINE DONE
161230:T510837_49:Error Code 0
161255:T510837_50:Machine Process.. START
161255:T510837_50:GOING TO SEND START
161255:T510837_50:SENT START, WAITING FOR FINISH 
161259:T510837_50:MACHINE DONE
161259:T510837_50:Error Code 0
161335:T510837_51:Machine Process.. START
161335:T510837_51:GOING TO SEND START
161335:T510837_51:SENT START, WAITING FOR FINISH 
161338:T510837_51:MACHINE DONE
161338:T510837_51:Error Code 0
161404:T510837_52:Machine Process.. START
161404:T510837_52:GOING TO SEND START
161404:T510837_52:SENT START, WAITING FOR FINISH 
161406:T510837_52:MACHINE DONE
161406:T510837_52:Error Code 0
