115244:T589126_2:Machine Process.. START
115244:T589126_2:GOING TO SEND START
115245:T589126_2:SENT START, WAITING FOR FINISH 
115310:T589126_2:MACHINE DONE
115310:T589126_2:Error Code 0
135214:T510837_1:Machine Process.. START
135214:T510837_1:GOING TO SEND START
135214:T510837_1:SENT START, WAITING FOR FINISH 
135216:T510837_1:MACHINE DONE
135216:T510837_1:Error Code 0
135323:T510837_2:Machine Process.. START
135323:T510837_2:GOING TO SEND START
135324:T510837_2:SENT START, WAITING FOR FINISH 
135329:T510837_2:MACHINE DONE
135329:T510837_2:Error Code 0
135414:T510837_3:Machine Process.. START
135414:T510837_3:GOING TO SEND START
135414:T510837_3:SENT START, WAITING FOR FINISH 
135419:T510837_3:MACHINE DONE
135419:T510837_3:Error Code 0
135508:T510837_4:Machine Process.. START
135509:T510837_4:GOING TO SEND START
135509:T510837_4:SENT START, WAITING FOR FINISH 
135517:T510837_4:MACHINE DONE
135517:T510837_4:Error Code 0
135559:T510837_5:Machine Process.. START
135600:T510837_5:GOING TO SEND START
135600:T510837_5:SENT START, WAITING FOR FINISH 
135603:T510837_5:MACHINE DONE
135603:T510837_5:Error Code 0
135648:T510837_6:Machine Process.. START
135648:T510837_6:GOING TO SEND START
135649:T510837_6:SENT START, WAITING FOR FINISH 
135654:T510837_6:MACHINE DONE
135654:T510837_6:Error Code 0
135744:T510837_7:Machine Process.. START
135744:T510837_7:GOING TO SEND START
135744:T510837_7:SENT START, WAITING FOR FINISH 
135748:T510837_7:MACHINE DONE
135748:T510837_7:Error Code 0
135852:T510837_8:Machine Process.. START
135852:T510837_8:GOING TO SEND START
135852:T510837_8:SENT START, WAITING FOR FINISH 
135857:T510837_8:MACHINE DONE
135857:T510837_8:Error Code 0
135931:T510837_9:Machine Process.. START
135931:T510837_9:GOING TO SEND START
135932:T510837_9:SENT START, WAITING FOR FINISH 
135935:T510837_9:MACHINE DONE
135935:T510837_9:Error Code 0
140009:T510837_10:Machine Process.. START
140009:T510837_10:GOING TO SEND START
140010:T510837_10:SENT START, WAITING FOR FINISH 
140014:T510837_10:MACHINE DONE
140014:T510837_10:Error Code 0
140128:T510837_11:Machine Process.. START
140128:T510837_11:GOING TO SEND START
140128:T510837_11:SENT START, WAITING FOR FINISH 
140132:T510837_11:MACHINE DONE
140132:T510837_11:Error Code 0
140256:T510837_12:Machine Process.. START
140256:T510837_12:GOING TO SEND START
140256:T510837_12:SENT START, WAITING FOR FINISH 
140304:T510837_12:MACHINE DONE
140304:T510837_12:Error Code 0
140522:T510837_13:Machine Process.. START
140522:T510837_13:GOING TO SEND START
140522:T510837_13:SENT START, WAITING FOR FINISH 
140538:T510837_13:MACHINE DONE
140538:T510837_13:Error Code 0
140617:T510837_14:Machine Process.. START
140617:T510837_14:GOING TO SEND START
140618:T510837_14:SENT START, WAITING FOR FINISH 
140620:T510837_14:MACHINE DONE
140621:T510837_14:Error Code 0
140717:T510837_15:Machine Process.. START
140717:T510837_15:GOING TO SEND START
140717:T510837_15:SENT START, WAITING FOR FINISH 
140728:T510837_15:MACHINE DONE
140728:T510837_15:Error Code 0
141023:T510837_16:Machine Process.. START
141023:T510837_16:GOING TO SEND START
141023:T510837_16:SENT START, WAITING FOR FINISH 
141029:T510837_16:MACHINE DONE
141029:T510837_16:Error Code 0
141121:T510837_17:Machine Process.. START
141121:T510837_17:GOING TO SEND START
141122:T510837_17:SENT START, WAITING FOR FINISH 
141127:T510837_17:MACHINE DONE
141127:T510837_17:Error Code 0
141227:T510837_18:Machine Process.. START
141227:T510837_18:GOING TO SEND START
141227:T510837_18:SENT START, WAITING FOR FINISH 
141242:T510837_18:MACHINE DONE
141242:T510837_18:Error Code 0
141337:T510837_19:Machine Process.. START
141337:T510837_19:GOING TO SEND START
141337:T510837_19:SENT START, WAITING FOR FINISH 
141342:T510837_19:MACHINE DONE
141342:T510837_19:Error Code 0
141437:T510837_20:Machine Process.. START
141437:T510837_20:GOING TO SEND START
141437:T510837_20:SENT START, WAITING FOR FINISH 
141451:T510837_20:MACHINE DONE
141451:T510837_20:Error Code 0
141609:T510837_21:Machine Process.. START
141609:T510837_21:GOING TO SEND START
141609:T510837_21:SENT START, WAITING FOR FINISH 
141614:T510837_21:MACHINE DONE
141614:T510837_21:Error Code 0
141716:T510837_22:Machine Process.. START
141716:T510837_22:GOING TO SEND START
141717:T510837_22:SENT START, WAITING FOR FINISH 
141723:T510837_22:MACHINE DONE
141723:T510837_22:Error Code 0
141818:T510837_23:Machine Process.. START
141818:T510837_23:GOING TO SEND START
141818:T510837_23:SENT START, WAITING FOR FINISH 
141823:T510837_23:MACHINE DONE
141823:T510837_23:Error Code 0
141913:T510837_24:Machine Process.. START
141914:T510837_24:GOING TO SEND START
141914:T510837_24:SENT START, WAITING FOR FINISH 
141925:T510837_24:MACHINE DONE
141925:T510837_24:Error Code 0
142316:T510837_25:Machine Process.. START
142316:T510837_25:GOING TO SEND START
142316:T510837_25:SENT START, WAITING FOR FINISH 
142321:T510837_25:MACHINE DONE
142321:T510837_25:Error Code 0
142416:T510837_26:Machine Process.. START
142417:T510837_26:GOING TO SEND START
142417:T510837_26:SENT START, WAITING FOR FINISH 
142421:T510837_26:MACHINE DONE
142421:T510837_26:Error Code 0
142507:T510837_27:Machine Process.. START
142507:T510837_27:GOING TO SEND START
142507:T510837_27:SENT START, WAITING FOR FINISH 
142512:T510837_27:MACHINE DONE
142512:T510837_27:Error Code 0
142601:T510837_28:Machine Process.. START
142602:T510837_28:GOING TO SEND START
142602:T510837_28:SENT START, WAITING FOR FINISH 
142605:T510837_28:MACHINE DONE
142605:T510837_28:Error Code 0
142651:T510837_29:Machine Process.. START
142651:T510837_29:GOING TO SEND START
142651:T510837_29:SENT START, WAITING FOR FINISH 
142654:T510837_29:MACHINE DONE
142654:T510837_29:Error Code 0
142737:T510837_30:Machine Process.. START
142737:T510837_30:GOING TO SEND START
142738:T510837_30:SENT START, WAITING FOR FINISH 
142740:T510837_30:MACHINE DONE
142740:T510837_30:Error Code 0
142834:T510837_31:Machine Process.. START
142834:T510837_31:GOING TO SEND START
142834:T510837_31:SENT START, WAITING FOR FINISH 
142838:T510837_31:MACHINE DONE
142838:T510837_31:Error Code 0
142958:T510837_32:Machine Process.. START
142958:T510837_32:GOING TO SEND START
142958:T510837_32:SENT START, WAITING FOR FINISH 
143002:T510837_32:MACHINE DONE
143002:T510837_32:Error Code 0
143123:T510837_33:Machine Process.. START
143123:T510837_33:GOING TO SEND START
143123:T510837_33:SENT START, WAITING FOR FINISH 
143127:T510837_33:MACHINE DONE
143127:T510837_33:Error Code 0
143251:T510837_34:Machine Process.. START
143251:T510837_34:GOING TO SEND START
143251:T510837_34:SENT START, WAITING FOR FINISH 
143254:T510837_34:MACHINE DONE
143254:T510837_34:Error Code 0
143352:T510837_35:Machine Process.. START
143352:T510837_35:GOING TO SEND START
143352:T510837_35:SENT START, WAITING FOR FINISH 
143404:T510837_35:MACHINE DONE
143404:T510837_35:Error Code 0
143504:T510837_36:Machine Process.. START
143504:T510837_36:GOING TO SEND START
143505:T510837_36:SENT START, WAITING FOR FINISH 
143506:T510837_36:MACHINE DONE
143506:T510837_36:Error Code 0
143624:T510837_37:Machine Process.. START
143624:T510837_37:GOING TO SEND START
143625:T510837_37:SENT START, WAITING FOR FINISH 
143631:T510837_37:MACHINE DONE
143631:T510837_37:Error Code 0
143737:T510837_38:Machine Process.. START
143737:T510837_38:GOING TO SEND START
143738:T510837_38:SENT START, WAITING FOR FINISH 
143748:T510837_38:MACHINE DONE
143748:T510837_38:Error Code 0
143848:T510837_39:Machine Process.. START
143848:T510837_39:GOING TO SEND START
143849:T510837_39:SENT START, WAITING FOR FINISH 
143851:T510837_39:MACHINE DONE
143851:T510837_39:Error Code 0
144009:T510837_40:Machine Process.. START
144009:T510837_40:GOING TO SEND START
144009:T510837_40:SENT START, WAITING FOR FINISH 
144023:T510837_40:MACHINE DONE
144023:T510837_40:Error Code 0
144224:T510837_41:Machine Process.. START
144224:T510837_41:GOING TO SEND START
144225:T510837_41:SENT START, WAITING FOR FINISH 
144228:T510837_41:MACHINE DONE
144228:T510837_41:Error Code 0
144307:T510837_42:Machine Process.. START
144307:T510837_42:GOING TO SEND START
144307:T510837_42:SENT START, WAITING FOR FINISH 
144316:T510837_42:MACHINE DONE
144316:T510837_42:Error Code 0
144357:T510837_43:Machine Process.. START
144357:T510837_43:GOING TO SEND START
144357:T510837_43:SENT START, WAITING FOR FINISH 
144401:T510837_43:MACHINE DONE
144401:T510837_43:Error Code 0
144502:T510837_44:Machine Process.. START
144502:T510837_44:GOING TO SEND START
144502:T510837_44:SENT START, WAITING FOR FINISH 
144506:T510837_44:MACHINE DONE
144506:T510837_44:Error Code 0
144615:T510837_45:Machine Process.. START
144616:T510837_45:GOING TO SEND START
144616:T510837_45:SENT START, WAITING FOR FINISH 
144621:T510837_45:MACHINE DONE
144621:T510837_45:Error Code 0
144730:T510837_46:Machine Process.. START
144730:T510837_46:GOING TO SEND START
144731:T510837_46:SENT START, WAITING FOR FINISH 
144742:T510837_46:MACHINE DONE
144742:T510837_46:Error Code 0
144843:T510837_47:Machine Process.. START
144843:T510837_47:GOING TO SEND START
144844:T510837_47:SENT START, WAITING FOR FINISH 
144849:T510837_47:MACHINE DONE
144849:T510837_47:Error Code 0
145100:T510837_48:Machine Process.. START
145101:T510837_48:GOING TO SEND START
145101:T510837_48:SENT START, WAITING FOR FINISH 
145104:T510837_48:MACHINE DONE
145104:T510837_48:Error Code 0
145137:T510837_49:Machine Process.. START
145137:T510837_49:GOING TO SEND START
145138:T510837_49:SENT START, WAITING FOR FINISH 
145146:T510837_49:MACHINE DONE
145146:T510837_49:Error Code 0
145234:T510837_50:Machine Process.. START
145234:T510837_50:GOING TO SEND START
145234:T510837_50:SENT START, WAITING FOR FINISH 
145239:T510837_50:MACHINE DONE
145239:T510837_50:Error Code 0
145325:T510837_51:Machine Process.. START
145326:T510837_51:GOING TO SEND START
145326:T510837_51:SENT START, WAITING FOR FINISH 
145335:T510837_51:MACHINE DONE
145335:T510837_51:Error Code 0
