095826:T510836_1:Machine Process.. START
095827:T510836_1:GOING TO SEND START
095827:T510836_1:SENT START, WAITING FOR FINISH 
101252:T510836_1:MACHINE DONE
101252:T510836_1:Error Code 0
101707:T510836_2:Machine Process.. START
101707:T510836_2:GOING TO SEND START
101708:T510836_2:SENT START, WAITING FOR FINISH 
101824:T510836_2:MACHINE DONE
101824:T510836_2:Error Code 0
102353:T510836_3:Machine Process.. START
102354:T510836_3:GOING TO SEND START
102354:T510836_3:SENT START, WAITING FOR FINISH 
102438:T510836_3:MACHINE DONE
102438:T510836_3:Error Code 0
102733:T510836_4:Machine Process.. START
102734:T510836_4:GOING TO SEND START
102734:T510836_4:SENT START, WAITING FOR FINISH 
102811:T510836_4:MACHINE DONE
102811:T510836_4:Error Code 0
103001:T510836_5:Machine Process.. START
103001:T510836_5:GOING TO SEND START
103002:T510836_5:SENT START, WAITING FOR FINISH 
103458:T510836_5:MACHINE DONE
103458:T510836_5:Error Code 0
103501:T510836_6:Machine Process.. START
103501:T510836_6:GOING TO SEND START
103501:T510836_6:SENT START, WAITING FOR FINISH 
103706:T510836_6:MACHINE DONE
103706:T510836_6:Error Code 0
104101:T510836_7:Machine Process.. START
104101:T510836_7:GOING TO SEND START
104101:T510836_7:SENT START, WAITING FOR FINISH 
104132:T510836_7:MACHINE DONE
104132:T510836_7:Error Code 0
