090617:T510837_1:Machine Process.. START
090617:T510837_1:GOING TO SEND START
090617:T510837_1:SENT START, WAITING FOR FINISH 
090755:T510837_1:MACHINE DONE
090755:T510837_1:Error Code 0
090817:T510837_2:Machine Process.. START
090817:T510837_2:GOING TO SEND START
090817:T510837_2:SENT START, WAITING FOR FINISH 
090858:T510837_2:MACHINE DONE
090858:T510837_2:Error Code 0
091014:T510837_3:Machine Process.. START
091015:T510837_3:GOING TO SEND START
091015:T510837_3:SENT START, WAITING FOR FINISH 
091100:T510837_3:MACHINE DONE
091100:T510837_3:Error Code 0
091707:T510837_4:Machine Process.. START
091708:T510837_4:GOING TO SEND START
091708:T510837_4:SENT START, WAITING FOR FINISH 
091757:T510837_4:MACHINE DONE
091757:T510837_4:Error Code 0
092022:T510837_5:Machine Process.. START
092022:T510837_5:GOING TO SEND START
092022:T510837_5:SENT START, WAITING FOR FINISH 
092119:T510837_5:MACHINE DONE
092120:T510837_5:Error Code 0
092604:T510837_6:Machine Process.. START
092605:T510837_6:GOING TO SEND START
092605:T510837_6:SENT START, WAITING FOR FINISH 
092746:T510837_6:MACHINE DONE
092746:T510837_6:Error Code 0
092834:T510837_7:Machine Process.. START
092834:T510837_7:GOING TO SEND START
092834:T510837_7:SENT START, WAITING FOR FINISH 
092934:T510837_7:MACHINE DONE
092934:T510837_7:Error Code 0
093109:T510837_8:Machine Process.. START
093109:T510837_8:GOING TO SEND START
093109:T510837_8:SENT START, WAITING FOR FINISH 
093202:T510837_8:MACHINE DONE
093202:T510837_8:Error Code 0
093308:T510837_9:Machine Process.. START
093309:T510837_9:GOING TO SEND START
093309:T510837_9:SENT START, WAITING FOR FINISH 
093402:T510837_9:MACHINE DONE
093402:T510837_9:Error Code 0
093457:T510837_10:Machine Process.. START
093457:T510837_10:GOING TO SEND START
093457:T510837_10:SENT START, WAITING FOR FINISH 
093542:T510837_10:MACHINE DONE
093542:T510837_10:Error Code 0
093947:T510837_11:Machine Process.. START
093947:T510837_11:GOING TO SEND START
093947:T510837_11:SENT START, WAITING FOR FINISH 
094031:T510837_11:MACHINE DONE
094032:T510837_11:Error Code 0
094235:T510837_12:Machine Process.. START
094235:T510837_12:GOING TO SEND START
094236:T510837_12:SENT START, WAITING FOR FINISH 
094316:T510837_12:MACHINE DONE
094317:T510837_12:Error Code 0
094406:T510837_13:Machine Process.. START
094406:T510837_13:GOING TO SEND START
094407:T510837_13:SENT START, WAITING FOR FINISH 
094526:T510837_13:MACHINE DONE
094527:T510837_13:Error Code 0
094605:T510837_14:Machine Process.. START
094605:T510837_14:GOING TO SEND START
094605:T510837_14:SENT START, WAITING FOR FINISH 
094649:T510837_14:MACHINE DONE
094649:T510837_14:Error Code 0
095017:T510837_15:Machine Process.. START
095017:T510837_15:GOING TO SEND START
095017:T510837_15:SENT START, WAITING FOR FINISH 
095146:T510837_15:MACHINE DONE
095146:T510837_15:Error Code 0
095218:T510837_16:Machine Process.. START
095218:T510837_16:GOING TO SEND START
095219:T510837_16:SENT START, WAITING FOR FINISH 
095300:T510837_16:MACHINE DONE
095300:T510837_16:Error Code 0
095530:T510837_17:Machine Process.. START
095531:T510837_17:GOING TO SEND START
095531:T510837_17:SENT START, WAITING FOR FINISH 
095619:T510837_17:MACHINE DONE
095619:T510837_17:Error Code 0
101250:T510837_18:Machine Process.. START
101250:T510837_18:GOING TO SEND START
101250:T510837_18:SENT START, WAITING FOR FINISH 
101339:T510837_18:MACHINE DONE
101339:T510837_18:Error Code 0
101550:T510837_19:Machine Process.. START
101550:T510837_19:GOING TO SEND START
101551:T510837_19:SENT START, WAITING FOR FINISH 
101634:T510837_19:MACHINE DONE
101634:T510837_19:Error Code 0
102523:T510836_1:Machine Process.. START
102523:T510836_1:GOING TO SEND START
102523:T510836_1:SENT START, WAITING FOR FINISH 
102610:T510836_1:MACHINE DONE
102610:T510836_1:Error Code 0
102946:T510836_2:Machine Process.. START
102946:T510836_2:GOING TO SEND START
102946:T510836_2:SENT START, WAITING FOR FINISH 
103052:T510836_2:MACHINE DONE
103052:T510836_2:Error Code 0
103526:T510836_3:Machine Process.. START
103526:T510836_3:GOING TO SEND START
103527:T510836_3:SENT START, WAITING FOR FINISH 
103645:T510836_3:MACHINE DONE
103645:T510836_3:Error Code 0
104518:T510836_5:Machine Process.. START
104518:T510836_5:GOING TO SEND START
104519:T510836_5:SENT START, WAITING FOR FINISH 
104627:T510836_5:MACHINE DONE
104627:T510836_5:Error Code 0
104729:T510836_6:Machine Process.. START
104730:T510836_6:GOING TO SEND START
104730:T510836_6:SENT START, WAITING FOR FINISH 
104838:T510836_6:MACHINE DONE
104838:T510836_6:Error Code 0
105014:T510836_7:Machine Process.. START
105014:T510836_7:GOING TO SEND START
105014:T510836_7:SENT START, WAITING FOR FINISH 
105135:T510836_7:MACHINE DONE
105135:T510836_7:Error Code 0
134925:T510837_20:Machine Process.. START
134925:T510837_20:GOING TO SEND START
134925:T510837_20:SENT START, WAITING FOR FINISH 
134938:T510837_20:MACHINE DONE
134938:T510837_20:Error Code 0
135035:T510837_21:Machine Process.. START
135036:T510837_21:GOING TO SEND START
135036:T510837_21:SENT START, WAITING FOR FINISH 
135041:T510837_21:MACHINE DONE
135041:T510837_21:Error Code 0
135228:T510837_23:Machine Process.. START
135228:T510837_23:GOING TO SEND START
135229:T510837_23:SENT START, WAITING FOR FINISH 
135238:T510837_23:MACHINE DONE
135238:T510837_23:Error Code 0
135337:T510837_24:Machine Process.. START
135338:T510837_24:GOING TO SEND START
135338:T510837_24:SENT START, WAITING FOR FINISH 
135355:T510837_24:MACHINE DONE
135355:T510837_24:Error Code 0
135523:T510837_25:Machine Process.. START
135524:T510837_25:GOING TO SEND START
135524:T510837_25:SENT START, WAITING FOR FINISH 
135533:T510837_25:MACHINE DONE
135533:T510837_25:Error Code 0
135649:T510837_26:Machine Process.. START
135649:T510837_26:GOING TO SEND START
135649:T510837_26:SENT START, WAITING FOR FINISH 
135654:T510837_26:MACHINE DONE
135654:T510837_26:Error Code 0
135707:T510837_27:Machine Process.. START
135707:T510837_27:GOING TO SEND START
135708:T510837_27:SENT START, WAITING FOR FINISH 
135713:T510837_27:MACHINE DONE
135713:T510837_27:Error Code 0
135737:T510837_28:Machine Process.. START
135737:T510837_28:GOING TO SEND START
135737:T510837_28:SENT START, WAITING FOR FINISH 
135743:T510837_28:MACHINE DONE
135743:T510837_28:Error Code 0
135819:T510837_29:Machine Process.. START
135819:T510837_29:GOING TO SEND START
135820:T510837_29:SENT START, WAITING FOR FINISH 
135840:T510837_29:MACHINE DONE
135840:T510837_29:Error Code 0
135913:T510837_30:Machine Process.. START
135913:T510837_30:GOING TO SEND START
135913:T510837_30:SENT START, WAITING FOR FINISH 
135920:T510837_30:MACHINE DONE
135920:T510837_30:Error Code 0
140016:T510837_31:Machine Process.. START
140016:T510837_31:GOING TO SEND START
140017:T510837_31:SENT START, WAITING FOR FINISH 
140029:T510837_31:MACHINE DONE
140029:T510837_31:Error Code 0
140153:T510837_32:Machine Process.. START
140154:T510837_32:GOING TO SEND START
140154:T510837_32:SENT START, WAITING FOR FINISH 
140206:T510837_32:MACHINE DONE
140206:T510837_32:Error Code 0
140239:T510837_33:Machine Process.. START
140239:T510837_33:GOING TO SEND START
140239:T510837_33:SENT START, WAITING FOR FINISH 
140250:T510837_33:MACHINE DONE
140250:T510837_33:Error Code 0
140421:T510837_34:Machine Process.. START
140421:T510837_34:GOING TO SEND START
140422:T510837_34:SENT START, WAITING FOR FINISH 
140427:T510837_34:MACHINE DONE
140427:T510837_34:Error Code 0
140542:T510837_35:Machine Process.. START
140542:T510837_35:GOING TO SEND START
140542:T510837_35:SENT START, WAITING FOR FINISH 
140547:T510837_35:MACHINE DONE
140547:T510837_35:Error Code 0
140629:T510837_36:Machine Process.. START
140629:T510837_36:GOING TO SEND START
140630:T510837_36:SENT START, WAITING FOR FINISH 
140642:T510837_36:MACHINE DONE
140642:T510837_36:Error Code 0
140755:T510837_37:Machine Process.. START
140755:T510837_37:GOING TO SEND START
140756:T510837_37:SENT START, WAITING FOR FINISH 
140807:T510837_37:MACHINE DONE
140807:T510837_37:Error Code 0
140901:T510837_38:Machine Process.. START
140902:T510837_38:GOING TO SEND START
140902:T510837_38:SENT START, WAITING FOR FINISH 
140906:T510837_38:MACHINE DONE
140906:T510837_38:Error Code 0
141024:T510837_39:Machine Process.. START
141024:T510837_39:GOING TO SEND START
141024:T510837_39:SENT START, WAITING FOR FINISH 
141031:T510837_39:MACHINE DONE
141031:T510837_39:Error Code 0
141139:T510837_40:Machine Process.. START
141139:T510837_40:GOING TO SEND START
141139:T510837_40:SENT START, WAITING FOR FINISH 
141146:T510837_40:MACHINE DONE
141146:T510837_40:Error Code 0
141253:T510837_41:Machine Process.. START
141253:T510837_41:GOING TO SEND START
141254:T510837_41:SENT START, WAITING FOR FINISH 
141306:T510837_41:MACHINE DONE
141306:T510837_41:Error Code 0
141452:T510837_42:Machine Process.. START
141452:T510837_42:GOING TO SEND START
141452:T510837_42:SENT START, WAITING FOR FINISH 
141458:T510837_42:MACHINE DONE
141459:T510837_42:Error Code 0
141552:T510837_43:Machine Process.. START
141553:T510837_43:GOING TO SEND START
141553:T510837_43:SENT START, WAITING FOR FINISH 
141558:T510837_43:MACHINE DONE
141558:T510837_43:Error Code 0
141702:T510837_44:Machine Process.. START
141702:T510837_44:GOING TO SEND START
141703:T510837_44:SENT START, WAITING FOR FINISH 
141707:T510837_44:MACHINE DONE
141707:T510837_44:Error Code 0
141736:T510837_45:Machine Process.. START
141736:T510837_45:GOING TO SEND START
141737:T510837_45:SENT START, WAITING FOR FINISH 
141741:T510837_45:MACHINE DONE
141741:T510837_45:Error Code 0
141815:T510837_46:Machine Process.. START
141816:T510837_46:GOING TO SEND START
141816:T510837_46:SENT START, WAITING FOR FINISH 
141824:T510837_46:MACHINE DONE
141824:T510837_46:Error Code 0
141908:T510837_47:Machine Process.. START
141908:T510837_47:GOING TO SEND START
141908:T510837_47:SENT START, WAITING FOR FINISH 
141911:T510837_47:MACHINE DONE
141911:T510837_47:Error Code 0
141929:T510837_48:Machine Process.. START
141930:T510837_48:GOING TO SEND START
141930:T510837_48:SENT START, WAITING FOR FINISH 
141935:T510837_48:MACHINE DONE
141935:T510837_48:Error Code 0
142013:T510837_49:Machine Process.. START
142014:T510837_49:GOING TO SEND START
142014:T510837_49:SENT START, WAITING FOR FINISH 
142019:T510837_49:MACHINE DONE
142019:T510837_49:Error Code 0
142200:T510837_50:Machine Process.. START
142200:T510837_50:GOING TO SEND START
142200:T510837_50:SENT START, WAITING FOR FINISH 
142207:T510837_50:MACHINE DONE
142207:T510837_50:Error Code 0
142333:T510837_51:Machine Process.. START
142334:T510837_51:GOING TO SEND START
142334:T510837_51:SENT START, WAITING FOR FINISH 
142349:T510837_51:MACHINE DONE
142349:T510837_51:Error Code 0
142458:T510837_52:Machine Process.. START
142458:T510837_52:GOING TO SEND START
142459:T510837_52:SENT START, WAITING FOR FINISH 
142515:T510837_52:MACHINE DONE
142515:T510837_52:Error Code 0
142543:T510837_53:Machine Process.. START
142543:T510837_53:GOING TO SEND START
142544:T510837_53:SENT START, WAITING FOR FINISH 
142547:T510837_53:MACHINE DONE
142547:T510837_53:Error Code 0
142614:T510837_54:Machine Process.. START
142615:T510837_54:GOING TO SEND START
142615:T510837_54:SENT START, WAITING FOR FINISH 
142643:T510837_54:MACHINE DONE
142643:T510837_54:Error Code 0
142702:T510837_55:Machine Process.. START
142702:T510837_55:GOING TO SEND START
142703:T510837_55:SENT START, WAITING FOR FINISH 
142709:T510837_55:MACHINE DONE
142709:T510837_55:Error Code 0
143732:T510837_56:Machine Process.. START
143732:T510837_56:GOING TO SEND START
143733:T510837_56:SENT START, WAITING FOR FINISH 
143737:T510837_56:MACHINE DONE
143737:T510837_56:Error Code 0
143817:T510837_57:Machine Process.. START
143817:T510837_57:GOING TO SEND START
143817:T510837_57:SENT START, WAITING FOR FINISH 
143824:T510837_57:MACHINE DONE
143824:T510837_57:Error Code 0
143916:T510837_58:Machine Process.. START
143916:T510837_58:GOING TO SEND START
143916:T510837_58:SENT START, WAITING FOR FINISH 
143927:T510837_58:MACHINE DONE
143927:T510837_58:Error Code 0
144016:T510837_59:Machine Process.. START
144016:T510837_59:GOING TO SEND START
144017:T510837_59:SENT START, WAITING FOR FINISH 
144025:T510837_59:MACHINE DONE
144025:T510837_59:Error Code 0
144150:T510837_60:Machine Process.. START
144150:T510837_60:GOING TO SEND START
144150:T510837_60:SENT START, WAITING FOR FINISH 
144219:T510837_60:MACHINE DONE
144219:T510837_60:Error Code 0
144255:T510837_61:Machine Process.. START
144255:T510837_61:GOING TO SEND START
144256:T510837_61:SENT START, WAITING FOR FINISH 
144318:T510837_61:MACHINE DONE
144318:T510837_61:Error Code 0
144355:T510837_62:Machine Process.. START
144356:T510837_62:GOING TO SEND START
144356:T510837_62:SENT START, WAITING FOR FINISH 
144402:T510837_62:MACHINE DONE
144402:T510837_62:Error Code 0
144450:T510837_63:Machine Process.. START
144450:T510837_63:GOING TO SEND START
144451:T510837_63:SENT START, WAITING FOR FINISH 
144456:T510837_63:MACHINE DONE
144456:T510837_63:Error Code 0
144629:T510837_64:Machine Process.. START
144629:T510837_64:GOING TO SEND START
144630:T510837_64:SENT START, WAITING FOR FINISH 
144634:T510837_64:MACHINE DONE
144634:T510837_64:Error Code 0
144655:T510837_65:Machine Process.. START
144655:T510837_65:GOING TO SEND START
144656:T510837_65:SENT START, WAITING FOR FINISH 
144659:T510837_65:MACHINE DONE
144659:T510837_65:Error Code 0
144748:T510837_66:Machine Process.. START
144748:T510837_66:GOING TO SEND START
144749:T510837_66:SENT START, WAITING FOR FINISH 
144753:T510837_66:MACHINE DONE
144753:T510837_66:Error Code 0
144835:T510837_67:Machine Process.. START
144835:T510837_67:GOING TO SEND START
144835:T510837_67:SENT START, WAITING FOR FINISH 
144840:T510837_67:MACHINE DONE
144841:T510837_67:Error Code 0
144950:T510837_68:Machine Process.. START
144950:T510837_68:GOING TO SEND START
144950:T510837_68:SENT START, WAITING FOR FINISH 
144958:T510837_68:MACHINE DONE
144958:T510837_68:Error Code 0
145036:T510837_69:Machine Process.. START
145036:T510837_69:GOING TO SEND START
145036:T510837_69:SENT START, WAITING FOR FINISH 
145041:T510837_69:MACHINE DONE
145041:T510837_69:Error Code 0
145228:T510837_70:Machine Process.. START
145228:T510837_70:GOING TO SEND START
145229:T510837_70:SENT START, WAITING FOR FINISH 
145238:T510837_70:MACHINE DONE
145238:T510837_70:Error Code 0
145305:T510837_71:Machine Process.. START
145306:T510837_71:GOING TO SEND START
145306:T510837_71:SENT START, WAITING FOR FINISH 
145311:T510837_71:MACHINE DONE
145311:T510837_71:Error Code 0
145341:T510837_72:Machine Process.. START
145342:T510837_72:GOING TO SEND START
145342:T510837_72:SENT START, WAITING FOR FINISH 
145421:T510837_72:MACHINE DONE
145421:T510837_72:Error Code 0
145453:T510837_73:Machine Process.. START
145453:T510837_73:GOING TO SEND START
145454:T510837_73:SENT START, WAITING FOR FINISH 
145458:T510837_73:MACHINE DONE
145458:T510837_73:Error Code 0
145508:T510837_74:Machine Process.. START
145508:T510837_74:GOING TO SEND START
145509:T510837_74:SENT START, WAITING FOR FINISH 
145514:T510837_74:MACHINE DONE
145514:T510837_74:Error Code 0
145615:T510837_75:Machine Process.. START
145616:T510837_75:GOING TO SEND START
145616:T510837_75:SENT START, WAITING FOR FINISH 
145620:T510837_75:MACHINE DONE
145620:T510837_75:Error Code 0
145702:T510837_76:Machine Process.. START
145702:T510837_76:GOING TO SEND START
145703:T510837_76:SENT START, WAITING FOR FINISH 
145729:T510837_76:MACHINE DONE
145729:T510837_76:Error Code 0
145907:T510837_77:Machine Process.. START
145907:T510837_77:GOING TO SEND START
145907:T510837_77:SENT START, WAITING FOR FINISH 
145911:T510837_77:MACHINE DONE
145911:T510837_77:Error Code 0
145955:T510837_78:Machine Process.. START
145955:T510837_78:GOING TO SEND START
145955:T510837_78:SENT START, WAITING FOR FINISH 
145959:T510837_78:MACHINE DONE
145959:T510837_78:Error Code 0
152101:T510837_80:Machine Process.. START
152101:T510837_80:GOING TO SEND START
152102:T510837_80:SENT START, WAITING FOR FINISH 
152107:T510837_80:MACHINE DONE
152107:T510837_80:Error Code 0
152127:T510837_81:Machine Process.. START
152128:T510837_81:GOING TO SEND START
152128:T510837_81:SENT START, WAITING FOR FINISH 
152133:T510837_81:MACHINE DONE
152133:T510837_81:Error Code 0
152150:T510837_82:Machine Process.. START
152151:T510837_82:GOING TO SEND START
152151:T510837_82:SENT START, WAITING FOR FINISH 
152156:T510837_82:MACHINE DONE
152156:T510837_82:Error Code 0
152248:T510837_83:Machine Process.. START
152248:T510837_83:GOING TO SEND START
152248:T510837_83:SENT START, WAITING FOR FINISH 
152251:T510837_83:MACHINE DONE
152251:T510837_83:Error Code 0
152339:T510837_84:Machine Process.. START
152339:T510837_84:GOING TO SEND START
152339:T510837_84:SENT START, WAITING FOR FINISH 
152343:T510837_84:MACHINE DONE
152343:T510837_84:Error Code 0
152430:T510837_85:Machine Process.. START
152430:T510837_85:GOING TO SEND START
152431:T510837_85:SENT START, WAITING FOR FINISH 
152438:T510837_85:MACHINE DONE
152438:T510837_85:Error Code 0
152548:T510837_86:Machine Process.. START
152549:T510837_86:GOING TO SEND START
152549:T510837_86:SENT START, WAITING FOR FINISH 
152552:T510837_86:MACHINE DONE
152552:T510837_86:Error Code 0
152632:T510837_87:Machine Process.. START
152633:T510837_87:GOING TO SEND START
152633:T510837_87:SENT START, WAITING FOR FINISH 
152639:T510837_87:MACHINE DONE
152639:T510837_87:Error Code 0
152758:T510837_88:Machine Process.. START
152758:T510837_88:GOING TO SEND START
152759:T510837_88:SENT START, WAITING FOR FINISH 
152808:T510837_88:MACHINE DONE
152808:T510837_88:Error Code 0
152853:T510837_89:Machine Process.. START
152853:T510837_89:GOING TO SEND START
152854:T510837_89:SENT START, WAITING FOR FINISH 
152856:T510837_89:MACHINE DONE
152856:T510837_89:Error Code 0
152921:T510837_90:Machine Process.. START
152921:T510837_90:GOING TO SEND START
152922:T510837_90:SENT START, WAITING FOR FINISH 
152926:T510837_90:MACHINE DONE
152926:T510837_90:Error Code 0
153023:T510837_91:Machine Process.. START
153023:T510837_91:GOING TO SEND START
153024:T510837_91:SENT START, WAITING FOR FINISH 
153029:T510837_91:MACHINE DONE
153029:T510837_91:Error Code 0
153117:T510837_92:Machine Process.. START
153118:T510837_92:GOING TO SEND START
153118:T510837_92:SENT START, WAITING FOR FINISH 
153121:T510837_92:MACHINE DONE
153121:T510837_92:Error Code 0
153206:T510837_93:Machine Process.. START
153207:T510837_93:GOING TO SEND START
153207:T510837_93:SENT START, WAITING FOR FINISH 
153210:T510837_93:MACHINE DONE
153210:T510837_93:Error Code 0
153250:T510837_94:Machine Process.. START
153251:T510837_94:GOING TO SEND START
153251:T510837_94:SENT START, WAITING FOR FINISH 
153255:T510837_94:MACHINE DONE
153255:T510837_94:Error Code 0
153348:T510837_95:Machine Process.. START
153349:T510837_95:GOING TO SEND START
153349:T510837_95:SENT START, WAITING FOR FINISH 
153353:T510837_95:MACHINE DONE
153353:T510837_95:Error Code 0
153427:T510837_96:Machine Process.. START
153427:T510837_96:GOING TO SEND START
153427:T510837_96:SENT START, WAITING FOR FINISH 
153432:T510837_96:MACHINE DONE
153433:T510837_96:Error Code 0
153521:T510837_97:Machine Process.. START
153521:T510837_97:GOING TO SEND START
153522:T510837_97:SENT START, WAITING FOR FINISH 
153529:T510837_97:MACHINE DONE
153529:T510837_97:Error Code 0
153606:T510837_98:Machine Process.. START
153606:T510837_98:GOING TO SEND START
153607:T510837_98:SENT START, WAITING FOR FINISH 
153611:T510837_98:MACHINE DONE
153611:T510837_98:Error Code 0
153635:T510837_99:Machine Process.. START
153635:T510837_99:GOING TO SEND START
153635:T510837_99:SENT START, WAITING FOR FINISH 
153640:T510837_99:MACHINE DONE
153640:T510837_99:Error Code 0
153727:T510837_100:Machine Process.. START
153728:T510837_100:GOING TO SEND START
153728:T510837_100:SENT START, WAITING FOR FINISH 
153731:T510837_100:MACHINE DONE
153731:T510837_100:Error Code 0
153751:T510837_101:Machine Process.. START
153751:T510837_101:GOING TO SEND START
153751:T510837_101:SENT START, WAITING FOR FINISH 
153755:T510837_101:MACHINE DONE
153755:T510837_101:Error Code 0
153816:T510837_102:Machine Process.. START
153817:T510837_102:GOING TO SEND START
153817:T510837_102:SENT START, WAITING FOR FINISH 
153820:T510837_102:MACHINE DONE
153820:T510837_102:Error Code 0
153906:T510837_103:Machine Process.. START
153906:T510837_103:GOING TO SEND START
153907:T510837_103:SENT START, WAITING FOR FINISH 
153911:T510837_103:MACHINE DONE
153911:T510837_103:Error Code 0
154106:T510837_104:Machine Process.. START
154106:T510837_104:GOING TO SEND START
154106:T510837_104:SENT START, WAITING FOR FINISH 
154111:T510837_104:MACHINE DONE
154111:T510837_104:Error Code 0
154146:T510837_105:Machine Process.. START
154147:T510837_105:GOING TO SEND START
154147:T510837_105:SENT START, WAITING FOR FINISH 
154202:T510837_105:MACHINE DONE
154203:T510837_105:Error Code 0
154252:T510837_106:Machine Process.. START
154252:T510837_106:GOING TO SEND START
154253:T510837_106:SENT START, WAITING FOR FINISH 
154308:T510837_106:MACHINE DONE
154308:T510837_106:Error Code 0
154329:T510837_107:Machine Process.. START
154329:T510837_107:GOING TO SEND START
154330:T510837_107:SENT START, WAITING FOR FINISH 
154332:T510837_107:MACHINE DONE
154332:T510837_107:Error Code 0
154354:T510837_108:Machine Process.. START
154354:T510837_108:GOING TO SEND START
154355:T510837_108:SENT START, WAITING FOR FINISH 
154400:T510837_108:MACHINE DONE
154400:T510837_108:Error Code 0
154458:T510837_109:Machine Process.. START
154458:T510837_109:GOING TO SEND START
154459:T510837_109:SENT START, WAITING FOR FINISH 
154502:T510837_109:MACHINE DONE
154502:T510837_109:Error Code 0
154555:T510837_110:Machine Process.. START
154555:T510837_110:GOING TO SEND START
154555:T510837_110:SENT START, WAITING FOR FINISH 
154558:T510837_110:MACHINE DONE
154558:T510837_110:Error Code 0
154643:T510837_111:Machine Process.. START
154643:T510837_111:GOING TO SEND START
154644:T510837_111:SENT START, WAITING FOR FINISH 
154649:T510837_111:MACHINE DONE
154649:T510837_111:Error Code 0
154716:T510837_112:Machine Process.. START
154716:T510837_112:GOING TO SEND START
154717:T510837_112:SENT START, WAITING FOR FINISH 
154720:T510837_112:MACHINE DONE
154720:T510837_112:Error Code 0
154941:T510837_113:Machine Process.. START
154941:T510837_113:GOING TO SEND START
154942:T510837_113:SENT START, WAITING FOR FINISH 
154945:T510837_113:MACHINE DONE
154945:T510837_113:Error Code 0
155008:T510837_114:Machine Process.. START
155009:T510837_114:GOING TO SEND START
155009:T510837_114:SENT START, WAITING FOR FINISH 
155015:T510837_114:MACHINE DONE
155015:T510837_114:Error Code 0
155111:T510837_115:Machine Process.. START
155111:T510837_115:GOING TO SEND START
155111:T510837_115:SENT START, WAITING FOR FINISH 
155120:T510837_115:MACHINE DONE
155120:T510837_115:Error Code 0
155133:T510837_116:Machine Process.. START
155134:T510837_116:GOING TO SEND START
155134:T510837_116:SENT START, WAITING FOR FINISH 
155138:T510837_116:MACHINE DONE
155138:T510837_116:Error Code 0
155208:T510837_117:Machine Process.. START
155208:T510837_117:GOING TO SEND START
155208:T510837_117:SENT START, WAITING FOR FINISH 
155215:T510837_117:MACHINE DONE
155215:T510837_117:Error Code 0
155239:T510837_118:Machine Process.. START
155239:T510837_118:GOING TO SEND START
155239:T510837_118:SENT START, WAITING FOR FINISH 
155243:T510837_118:MACHINE DONE
155243:T510837_118:Error Code 0
155310:T510837_119:Machine Process.. START
155311:T510837_119:GOING TO SEND START
155311:T510837_119:SENT START, WAITING FOR FINISH 
155315:T510837_119:MACHINE DONE
155315:T510837_119:Error Code 0
155331:T510837_120:Machine Process.. START
155331:T510837_120:GOING TO SEND START
155331:T510837_120:SENT START, WAITING FOR FINISH 
155335:T510837_120:MACHINE DONE
155335:T510837_120:Error Code 0
155435:T510837_121:Machine Process.. START
155436:T510837_121:GOING TO SEND START
155436:T510837_121:SENT START, WAITING FOR FINISH 
155441:T510837_121:MACHINE DONE
155441:T510837_121:Error Code 0
155536:T510837_122:Machine Process.. START
155536:T510837_122:GOING TO SEND START
155536:T510837_122:SENT START, WAITING FOR FINISH 
155538:T510837_122:MACHINE DONE
155538:T510837_122:Error Code 0
155601:T510837_123:Machine Process.. START
155601:T510837_123:GOING TO SEND START
155601:T510837_123:SENT START, WAITING FOR FINISH 
155607:T510837_123:MACHINE DONE
155607:T510837_123:Error Code 0
155724:T510837_124:Machine Process.. START
155724:T510837_124:GOING TO SEND START
155725:T510837_124:SENT START, WAITING FOR FINISH 
155732:T510837_124:MACHINE DONE
155732:T510837_124:Error Code 0
155825:T510837_125:Machine Process.. START
155825:T510837_125:GOING TO SEND START
155825:T510837_125:SENT START, WAITING FOR FINISH 
155828:T510837_125:MACHINE DONE
155828:T510837_125:Error Code 0
155851:T510837_126:Machine Process.. START
155851:T510837_126:GOING TO SEND START
155851:T510837_126:SENT START, WAITING FOR FINISH 
155856:T510837_126:MACHINE DONE
155856:T510837_126:Error Code 0
160003:T510837_127:Machine Process.. START
160003:T510837_127:GOING TO SEND START
160004:T510837_127:SENT START, WAITING FOR FINISH 
160008:T510837_127:MACHINE DONE
160008:T510837_127:Error Code 0
160033:T510837_128:Machine Process.. START
160033:T510837_128:GOING TO SEND START
160034:T510837_128:SENT START, WAITING FOR FINISH 
160038:T510837_128:MACHINE DONE
160038:T510837_128:Error Code 0
160056:T510837_129:Machine Process.. START
160056:T510837_129:GOING TO SEND START
160057:T510837_129:SENT START, WAITING FOR FINISH 
160101:T510837_129:MACHINE DONE
160101:T510837_129:Error Code 0
