083719:T510836_2:Machine Process.. START
083719:T510836_2:GOING TO SEND START
083720:T510836_2:SENT START, WAITING FOR FINISH 
083727:T510836_2:MACHINE DONE
083728:T510836_2:Error Code 0
083803:T510836_3:Machine Process.. START
083803:T510836_3:GOING TO SEND START
083804:T510836_3:SENT START, WAITING FOR FINISH 
083810:T510836_3:MACHINE DONE
083810:T510836_3:Error Code 0
084517:T510836_4:Machine Process.. START
084517:T510836_4:GOING TO SEND START
084517:T510836_4:SENT START, WAITING FOR FINISH 
085055:T510836_4:MACHINE DONE
085055:T510836_4:Error Code 0
160036:T510836_5:Machine Process.. START
160036:T510836_5:GOING TO SEND START
160036:T510836_5:SENT START, WAITING FOR FINISH 
160125:T510836_5:MACHINE DONE
160126:T510836_5:Error Code 0
160203:T510836_6:Machine Process.. START
160204:T510836_6:GOING TO SEND START
160204:T510836_6:SENT START, WAITING FOR FINISH 
160310:T510836_6:MACHINE DONE
160310:T510836_6:Error Code 0
160349:T510836_7:Machine Process.. START
160349:T510836_7:GOING TO SEND START
160349:T510836_7:SENT START, WAITING FOR FINISH 
160447:T510836_7:MACHINE DONE
160447:T510836_7:Error Code 0
160511:T510836_8:Machine Process.. START
160511:T510836_8:GOING TO SEND START
160511:T510836_8:SENT START, WAITING FOR FINISH 
160602:T510836_8:MACHINE DONE
160602:T510836_8:Error Code 0
160635:T510836_9:Machine Process.. START
160635:T510836_9:GOING TO SEND START
160636:T510836_9:SENT START, WAITING FOR FINISH 
160715:T510836_9:MACHINE DONE
160715:T510836_9:Error Code 0
160740:T510836_10:Machine Process.. START
160740:T510836_10:GOING TO SEND START
160740:T510836_10:SENT START, WAITING FOR FINISH 
160816:T510836_10:MACHINE DONE
160816:T510836_10:Error Code 0
160843:T510836_11:Machine Process.. START
160844:T510836_11:GOING TO SEND START
160844:T510836_11:SENT START, WAITING FOR FINISH 
160930:T510836_11:MACHINE DONE
160930:T510836_11:Error Code 0
161008:T510836_12:Machine Process.. START
161008:T510836_12:GOING TO SEND START
161008:T510836_12:SENT START, WAITING FOR FINISH 
161142:T510836_12:MACHINE DONE
161142:T510836_12:Error Code 0
161211:T510836_13:Machine Process.. START
161211:T510836_13:GOING TO SEND START
161211:T510836_13:SENT START, WAITING FOR FINISH 
161302:T510836_13:MACHINE DONE
161302:T510836_13:Error Code 0
161326:T510836_14:Machine Process.. START
161326:T510836_14:GOING TO SEND START
161326:T510836_14:SENT START, WAITING FOR FINISH 
161421:T510836_14:MACHINE DONE
161421:T510836_14:Error Code 0
161451:T510836_15:Machine Process.. START
161451:T510836_15:GOING TO SEND START
161451:T510836_15:SENT START, WAITING FOR FINISH 
161555:T510836_15:MACHINE DONE
161555:T510836_15:Error Code 0
161622:T510836_16:Machine Process.. START
161622:T510836_16:GOING TO SEND START
161622:T510836_16:SENT START, WAITING FOR FINISH 
161750:T510836_16:MACHINE DONE
161750:T510836_16:Error Code 0
161824:T510836_17:Machine Process.. START
161824:T510836_17:GOING TO SEND START
161825:T510836_17:SENT START, WAITING FOR FINISH 
161905:T510836_17:MACHINE DONE
161905:T510836_17:Error Code 0
161937:T510836_18:Machine Process.. START
161937:T510836_18:GOING TO SEND START
161937:T510836_18:SENT START, WAITING FOR FINISH 
162012:T510836_18:MACHINE DONE
162012:T510836_18:Error Code 0
162045:T510836_19:Machine Process.. START
162045:T510836_19:GOING TO SEND START
162046:T510836_19:SENT START, WAITING FOR FINISH 
162114:T510836_19:MACHINE DONE
162114:T510836_19:Error Code 0
162232:T510836_20:Machine Process.. START
162232:T510836_20:GOING TO SEND START
162233:T510836_20:SENT START, WAITING FOR FINISH 
162303:T510836_20:MACHINE DONE
162303:T510836_20:Error Code 0
162331:T510836_21:Machine Process.. START
162331:T510836_21:GOING TO SEND START
162331:T510836_21:SENT START, WAITING FOR FINISH 
162411:T510836_21:MACHINE DONE
162411:T510836_21:Error Code 0
162449:T510836_22:Machine Process.. START
162449:T510836_22:GOING TO SEND START
162450:T510836_22:SENT START, WAITING FOR FINISH 
162553:T510836_22:MACHINE DONE
162553:T510836_22:Error Code 0
194129:T510836_23:Machine Process.. START
194129:T510836_23:GOING TO SEND START
194130:T510836_23:SENT START, WAITING FOR FINISH 
194306:T510836_23:MACHINE DONE
194306:T510836_23:Error Code 0
