092503:T589126_14:Machine Process.. START
092504:T589126_14:GOING TO SEND START
092504:T589126_14:SENT START, WAITING FOR FINISH 
092527:T589126_14:MACHINE DONE
092527:T589126_14:Error Code 0
093029:T589126_15:Machine Process.. START
093029:T589126_15:GOING TO SEND START
093030:T589126_15:SENT START, WAITING FOR FINISH 
093050:T589126_15:MACHINE DONE
093050:T589126_15:Error Code 0
093150:T589126_16:Machine Process.. START
093150:T589126_16:GOING TO SEND START
093151:T589126_16:SENT START, WAITING FOR FINISH 
093211:T589126_16:MACHINE DONE
093211:T589126_16:Error Code 0
093328:T589126_17:Machine Process.. START
093328:T589126_17:GOING TO SEND START
093328:T589126_17:SENT START, WAITING FOR FINISH 
093415:T589126_17:MACHINE DONE
093415:T589126_17:Error Code 0
093504:T589126_18:Machine Process.. START
093505:T589126_18:GOING TO SEND START
093505:T589126_18:SENT START, WAITING FOR FINISH 
093525:T589126_18:MACHINE DONE
093525:T589126_18:Error Code 0
094401:T589126_19:Machine Process.. START
094401:T589126_19:GOING TO SEND START
094401:T589126_19:SENT START, WAITING FOR FINISH 
094437:T589126_19:MACHINE DONE
094437:T589126_19:Error Code 0
094544:T589126_20:Machine Process.. START
094545:T589126_20:GOING TO SEND START
094545:T589126_20:SENT START, WAITING FOR FINISH 
094630:T589126_20:MACHINE DONE
094630:T589126_20:Error Code 0
095005:T589126_21:Machine Process.. START
095006:T589126_21:GOING TO SEND START
095006:T589126_21:SENT START, WAITING FOR FINISH 
095050:T589126_21:MACHINE DONE
095050:T589126_21:Error Code 0
095204:T589126_22:Machine Process.. START
095204:T589126_22:GOING TO SEND START
095205:T589126_22:SENT START, WAITING FOR FINISH 
095226:T589126_22:MACHINE DONE
095226:T589126_22:Error Code 0
095558:T589126_23:Machine Process.. START
095558:T589126_23:GOING TO SEND START
095558:T589126_23:SENT START, WAITING FOR FINISH 
095618:T589126_23:MACHINE DONE
095618:T589126_23:Error Code 0
095929:T589126_24:Machine Process.. START
095929:T589126_24:GOING TO SEND START
095929:T589126_24:SENT START, WAITING FOR FINISH 
095953:T589126_24:MACHINE DONE
095954:T589126_24:Error Code 0
101414:T589126_25:Machine Process.. START
101414:T589126_25:GOING TO SEND START
101414:T589126_25:SENT START, WAITING FOR FINISH 
101441:T589126_25:MACHINE DONE
101441:T589126_25:Error Code 0
102334:T510836_1:Machine Process.. START
102334:T510836_1:GOING TO SEND START
102334:T510836_1:SENT START, WAITING FOR FINISH 
102359:T510836_1:MACHINE DONE
102400:T510836_1:Error Code 0
102623:T510836_2:Machine Process.. START
102623:T510836_2:GOING TO SEND START
102624:T510836_2:SENT START, WAITING FOR FINISH 
102645:T510836_2:MACHINE DONE
102645:T510836_2:Error Code 0
103017:T510836_3:Machine Process.. START
103017:T510836_3:GOING TO SEND START
103017:T510836_3:SENT START, WAITING FOR FINISH 
103038:T510836_3:MACHINE DONE
103038:T510836_3:Error Code 0
103219:T510836_4:Machine Process.. START
103219:T510836_4:GOING TO SEND START
103220:T510836_4:SENT START, WAITING FOR FINISH 
103240:T510836_4:MACHINE DONE
103240:T510836_4:Error Code 0
131833:T510837_1:Machine Process.. START
131834:T510837_1:GOING TO SEND START
131834:T510837_1:SENT START, WAITING FOR FINISH 
145003:T510837_2:Machine Process.. START
145003:T510837_2:GOING TO SEND START
145003:T510837_2:SENT START, WAITING FOR FINISH 
145025:T510837_2:MACHINE DONE
145026:T510837_2:Error Code 0
152755:T510837_3:Machine Process.. START
152755:T510837_3:GOING TO SEND START
152755:T510837_3:SENT START, WAITING FOR FINISH 
152819:T510837_3:MACHINE DONE
152819:T510837_3:Error Code 0
152851:T510837_4:Machine Process.. START
152851:T510837_4:GOING TO SEND START
152851:T510837_4:SENT START, WAITING FOR FINISH 
152913:T510837_4:MACHINE DONE
152913:T510837_4:Error Code 0
152928:T510837_5:Machine Process.. START
152928:T510837_5:GOING TO SEND START
152928:T510837_5:SENT START, WAITING FOR FINISH 
152948:T510837_5:MACHINE DONE
152948:T510837_5:Error Code 0
153022:T510837_6:Machine Process.. START
153022:T510837_6:GOING TO SEND START
153022:T510837_6:SENT START, WAITING FOR FINISH 
153044:T510837_6:MACHINE DONE
153044:T510837_6:Error Code 0
153115:T510837_7:Machine Process.. START
153115:T510837_7:GOING TO SEND START
153116:T510837_7:SENT START, WAITING FOR FINISH 
153137:T510837_7:MACHINE DONE
153137:T510837_7:Error Code 0
153228:T510837_8:Machine Process.. START
153228:T510837_8:GOING TO SEND START
153229:T510837_8:SENT START, WAITING FOR FINISH 
153250:T510837_8:MACHINE DONE
153251:T510837_8:Error Code 0
153323:T510837_9:Machine Process.. START
153324:T510837_9:GOING TO SEND START
153324:T510837_9:SENT START, WAITING FOR FINISH 
153345:T510837_9:MACHINE DONE
153345:T510837_9:Error Code 0
153405:T510837_10:Machine Process.. START
153405:T510837_10:GOING TO SEND START
153406:T510837_10:SENT START, WAITING FOR FINISH 
153426:T510837_10:MACHINE DONE
153426:T510837_10:Error Code 0
153522:T510837_11:Machine Process.. START
153522:T510837_11:GOING TO SEND START
153523:T510837_11:SENT START, WAITING FOR FINISH 
153544:T510837_11:MACHINE DONE
153544:T510837_11:Error Code 0
153634:T510837_12:Machine Process.. START
153634:T510837_12:GOING TO SEND START
153634:T510837_12:SENT START, WAITING FOR FINISH 
153722:T510837_12:MACHINE DONE
153722:T510837_12:Error Code 0
153744:T510837_13:Machine Process.. START
153744:T510837_13:GOING TO SEND START
153744:T510837_13:SENT START, WAITING FOR FINISH 
153805:T510837_13:MACHINE DONE
153805:T510837_13:Error Code 0
153819:T510837_14:Machine Process.. START
153819:T510837_14:GOING TO SEND START
153819:T510837_14:SENT START, WAITING FOR FINISH 
153839:T510837_14:MACHINE DONE
153840:T510837_14:Error Code 0
153851:T510837_15:Machine Process.. START
153851:T510837_15:GOING TO SEND START
153852:T510837_15:SENT START, WAITING FOR FINISH 
153918:T510837_15:MACHINE DONE
153918:T510837_15:Error Code 0
153927:T510837_16:Machine Process.. START
153927:T510837_16:GOING TO SEND START
153927:T510837_16:SENT START, WAITING FOR FINISH 
153948:T510837_16:MACHINE DONE
153948:T510837_16:Error Code 0
154051:T510837_17:Machine Process.. START
154051:T510837_17:GOING TO SEND START
154051:T510837_17:SENT START, WAITING FOR FINISH 
154121:T510837_17:MACHINE DONE
154121:T510837_17:Error Code 0
154252:T510837_18:Machine Process.. START
154252:T510837_18:GOING TO SEND START
154252:T510837_18:SENT START, WAITING FOR FINISH 
154314:T510837_18:MACHINE DONE
154314:T510837_18:Error Code 0
154325:T510837_19:Machine Process.. START
154325:T510837_19:GOING TO SEND START
154325:T510837_19:SENT START, WAITING FOR FINISH 
154353:T510837_19:MACHINE DONE
154353:T510837_19:Error Code 0
154546:T510837_20:Machine Process.. START
154546:T510837_20:GOING TO SEND START
154546:T510837_20:SENT START, WAITING FOR FINISH 
154607:T510837_20:MACHINE DONE
154607:T510837_20:Error Code 0
154739:T510837_21:Machine Process.. START
154739:T510837_21:GOING TO SEND START
154740:T510837_21:SENT START, WAITING FOR FINISH 
154800:T510837_21:MACHINE DONE
154800:T510837_21:Error Code 0
154850:T510837_22:Machine Process.. START
154850:T510837_22:GOING TO SEND START
154850:T510837_22:SENT START, WAITING FOR FINISH 
154913:T510837_22:MACHINE DONE
154913:T510837_22:Error Code 0
154925:T510837_23:Machine Process.. START
154925:T510837_23:GOING TO SEND START
154926:T510837_23:SENT START, WAITING FOR FINISH 
154955:T510837_23:MACHINE DONE
154955:T510837_23:Error Code 0
155008:T510837_24:Machine Process.. START
155008:T510837_24:GOING TO SEND START
155008:T510837_24:SENT START, WAITING FOR FINISH 
155030:T510837_24:MACHINE DONE
155030:T510837_24:Error Code 0
155040:T510837_25:Machine Process.. START
155040:T510837_25:GOING TO SEND START
155040:T510837_25:SENT START, WAITING FOR FINISH 
155101:T510837_25:MACHINE DONE
155101:T510837_25:Error Code 0
155120:T510837_26:Machine Process.. START
155121:T510837_26:GOING TO SEND START
155121:T510837_26:SENT START, WAITING FOR FINISH 
155151:T510837_26:MACHINE DONE
155152:T510837_26:Error Code 0
155204:T510837_27:Machine Process.. START
155204:T510837_27:GOING TO SEND START
155205:T510837_27:SENT START, WAITING FOR FINISH 
155224:T510837_27:MACHINE DONE
155225:T510837_27:Error Code 0
155253:T510837_28:Machine Process.. START
155253:T510837_28:GOING TO SEND START
155253:T510837_28:SENT START, WAITING FOR FINISH 
155322:T510837_28:MACHINE DONE
155322:T510837_28:Error Code 0
155334:T510837_29:Machine Process.. START
155335:T510837_29:GOING TO SEND START
155335:T510837_29:SENT START, WAITING FOR FINISH 
155359:T510837_29:MACHINE DONE
155400:T510837_29:Error Code 0
155423:T510837_30:Machine Process.. START
155423:T510837_30:GOING TO SEND START
155423:T510837_30:SENT START, WAITING FOR FINISH 
155445:T510837_30:MACHINE DONE
155445:T510837_30:Error Code 0
155520:T510837_31:Machine Process.. START
155520:T510837_31:GOING TO SEND START
155521:T510837_31:SENT START, WAITING FOR FINISH 
155541:T510837_31:MACHINE DONE
155542:T510837_31:Error Code 0
155753:T510837_32:Machine Process.. START
155753:T510837_32:GOING TO SEND START
155754:T510837_32:SENT START, WAITING FOR FINISH 
155815:T510837_32:MACHINE DONE
155815:T510837_32:Error Code 0
155835:T510837_33:Machine Process.. START
155835:T510837_33:GOING TO SEND START
155835:T510837_33:SENT START, WAITING FOR FINISH 
155900:T510837_33:MACHINE DONE
155900:T510837_33:Error Code 0
155911:T510837_34:Machine Process.. START
155911:T510837_34:GOING TO SEND START
155912:T510837_34:SENT START, WAITING FOR FINISH 
155931:T510837_34:MACHINE DONE
155931:T510837_34:Error Code 0
155954:T510837_35:Machine Process.. START
155954:T510837_35:GOING TO SEND START
155955:T510837_35:SENT START, WAITING FOR FINISH 
160022:T510837_35:MACHINE DONE
160022:T510837_35:Error Code 0
160033:T510837_36:Machine Process.. START
160034:T510837_36:GOING TO SEND START
160034:T510837_36:SENT START, WAITING FOR FINISH 
160056:T510837_36:MACHINE DONE
160056:T510837_36:Error Code 0
160115:T510837_37:Machine Process.. START
160115:T510837_37:GOING TO SEND START
160115:T510837_37:SENT START, WAITING FOR FINISH 
160152:T510837_37:MACHINE DONE
160152:T510837_37:Error Code 0
160204:T510837_38:Machine Process.. START
160204:T510837_38:GOING TO SEND START
160204:T510837_38:SENT START, WAITING FOR FINISH 
160225:T510837_38:MACHINE DONE
160225:T510837_38:Error Code 0
160237:T510837_39:Machine Process.. START
160237:T510837_39:GOING TO SEND START
160237:T510837_39:SENT START, WAITING FOR FINISH 
160302:T510837_39:MACHINE DONE
160302:T510837_39:Error Code 0
160326:T510837_40:Machine Process.. START
160326:T510837_40:GOING TO SEND START
160327:T510837_40:SENT START, WAITING FOR FINISH 
160347:T510837_40:MACHINE DONE
160347:T510837_40:Error Code 0
160444:T510837_41:Machine Process.. START
160444:T510837_41:GOING TO SEND START
160445:T510837_41:SENT START, WAITING FOR FINISH 
160507:T510837_41:MACHINE DONE
160507:T510837_41:Error Code 0
160518:T510837_42:Machine Process.. START
160518:T510837_42:GOING TO SEND START
160519:T510837_42:SENT START, WAITING FOR FINISH 
160540:T510837_42:MACHINE DONE
160540:T510837_42:Error Code 0
160550:T510837_43:Machine Process.. START
160550:T510837_43:GOING TO SEND START
160550:T510837_43:SENT START, WAITING FOR FINISH 
160610:T510837_43:MACHINE DONE
160610:T510837_43:Error Code 0
160637:T510837_44:Machine Process.. START
160637:T510837_44:GOING TO SEND START
160637:T510837_44:SENT START, WAITING FOR FINISH 
160711:T510837_44:MACHINE DONE
160711:T510837_44:Error Code 0
160721:T510837_45:Machine Process.. START
160721:T510837_45:GOING TO SEND START
160721:T510837_45:SENT START, WAITING FOR FINISH 
160744:T510837_45:MACHINE DONE
160744:T510837_45:Error Code 0
160759:T510837_46:Machine Process.. START
160800:T510837_46:GOING TO SEND START
160800:T510837_46:SENT START, WAITING FOR FINISH 
160823:T510837_46:MACHINE DONE
160823:T510837_46:Error Code 0
160844:T510837_47:Machine Process.. START
160844:T510837_47:GOING TO SEND START
160844:T510837_47:SENT START, WAITING FOR FINISH 
160906:T510837_47:MACHINE DONE
160906:T510837_47:Error Code 0
160919:T510837_48:Machine Process.. START
160919:T510837_48:GOING TO SEND START
160920:T510837_48:SENT START, WAITING FOR FINISH 
160939:T510837_48:MACHINE DONE
160939:T510837_48:Error Code 0
161006:T510837_49:Machine Process.. START
161007:T510837_49:GOING TO SEND START
161007:T510837_49:SENT START, WAITING FOR FINISH 
161029:T510837_49:MACHINE DONE
161029:T510837_49:Error Code 0
161040:T510837_50:Machine Process.. START
161041:T510837_50:GOING TO SEND START
161041:T510837_50:SENT START, WAITING FOR FINISH 
161105:T510837_50:MACHINE DONE
161105:T510837_50:Error Code 0
161117:T510837_51:Machine Process.. START
161117:T510837_51:GOING TO SEND START
161117:T510837_51:SENT START, WAITING FOR FINISH 
161140:T510837_51:MACHINE DONE
161140:T510837_51:Error Code 0
161153:T510837_52:Machine Process.. START
161153:T510837_52:GOING TO SEND START
161153:T510837_52:SENT START, WAITING FOR FINISH 
161214:T510837_52:MACHINE DONE
161214:T510837_52:Error Code 0
