081816:T510836_1:Machine Process.. START
081816:T510836_1:GOING TO SEND START
081817:T510836_1:SENT START, WAITING FOR FINISH 
081824:T510836_1:MACHINE DONE
081824:T510836_1:Error Code 0
083733:T510836_2:Machine Process.. START
083733:T510836_2:GOING TO SEND START
083734:T510836_2:SENT START, WAITING FOR FINISH 
083736:T510836_2:MACHINE DONE
083736:T510836_2:Error Code 0
083813:T510836_3:Machine Process.. START
083813:T510836_3:GOING TO SEND START
083814:T510836_3:SENT START, WAITING FOR FINISH 
083817:T510836_3:MACHINE DONE
083817:T510836_3:Error Code 0
085104:T510836_4:Machine Process.. START
085104:T510836_4:GOING TO SEND START
085104:T510836_4:SENT START, WAITING FOR FINISH 
085134:T510836_4:MACHINE DONE
085134:T510836_4:Error Code 0
160133:T510836_5:Machine Process.. START
160133:T510836_5:GOING TO SEND START
160133:T510836_5:SENT START, WAITING FOR FINISH 
160202:T510836_5:MACHINE DONE
160202:T510836_5:Error Code 0
160316:T510836_6:Machine Process.. START
160316:T510836_6:GOING TO SEND START
160316:T510836_6:SENT START, WAITING FOR FINISH 
160342:T510836_6:MACHINE DONE
160342:T510836_6:Error Code 0
160452:T510836_7:Machine Process.. START
160452:T510836_7:GOING TO SEND START
160452:T510836_7:SENT START, WAITING FOR FINISH 
160513:T510836_7:MACHINE DONE
160513:T510836_7:Error Code 0
160618:T510836_8:Machine Process.. START
160618:T510836_8:GOING TO SEND START
160619:T510836_8:SENT START, WAITING FOR FINISH 
160644:T510836_8:MACHINE DONE
160644:T510836_8:Error Code 0
160719:T510836_9:Machine Process.. START
160719:T510836_9:GOING TO SEND START
160720:T510836_9:SENT START, WAITING FOR FINISH 
160740:T510836_9:MACHINE DONE
160740:T510836_9:Error Code 0
160820:T510836_10:Machine Process.. START
160820:T510836_10:GOING TO SEND START
160821:T510836_10:SENT START, WAITING FOR FINISH 
160846:T510836_10:MACHINE DONE
160846:T510836_10:Error Code 0
160934:T510836_11:Machine Process.. START
160934:T510836_11:GOING TO SEND START
160935:T510836_11:SENT START, WAITING FOR FINISH 
161002:T510836_11:MACHINE DONE
161002:T510836_11:Error Code 0
161146:T510836_12:Machine Process.. START
161147:T510836_12:GOING TO SEND START
161147:T510836_12:SENT START, WAITING FOR FINISH 
161210:T510836_12:MACHINE DONE
161210:T510836_12:Error Code 0
161306:T510836_13:Machine Process.. START
161307:T510836_13:GOING TO SEND START
161307:T510836_13:SENT START, WAITING FOR FINISH 
161331:T510836_13:MACHINE DONE
161331:T510836_13:Error Code 0
161427:T510836_14:Machine Process.. START
161427:T510836_14:GOING TO SEND START
161428:T510836_14:SENT START, WAITING FOR FINISH 
161450:T510836_14:MACHINE DONE
161451:T510836_14:Error Code 0
161559:T510836_15:Machine Process.. START
161559:T510836_15:GOING TO SEND START
161559:T510836_15:SENT START, WAITING FOR FINISH 
161624:T510836_15:MACHINE DONE
161624:T510836_15:Error Code 0
161804:T510836_16:Machine Process.. START
161804:T510836_16:GOING TO SEND START
161804:T510836_16:SENT START, WAITING FOR FINISH 
161820:T510836_16:MACHINE DONE
161820:T510836_16:Error Code 0
161911:T510836_17:Machine Process.. START
161912:T510836_17:GOING TO SEND START
161912:T510836_17:SENT START, WAITING FOR FINISH 
161942:T510836_17:MACHINE DONE
161942:T510836_17:Error Code 0
162018:T510836_18:Machine Process.. START
162018:T510836_18:GOING TO SEND START
162018:T510836_18:SENT START, WAITING FOR FINISH 
162043:T510836_18:MACHINE DONE
162043:T510836_18:Error Code 0
162126:T510836_19:Machine Process.. START
162126:T510836_19:GOING TO SEND START
162127:T510836_19:SENT START, WAITING FOR FINISH 
162157:T510836_19:MACHINE DONE
162157:T510836_19:Error Code 0
162308:T510836_20:Machine Process.. START
162308:T510836_20:GOING TO SEND START
162308:T510836_20:SENT START, WAITING FOR FINISH 
162330:T510836_20:MACHINE DONE
162330:T510836_20:Error Code 0
162416:T510836_21:Machine Process.. START
162416:T510836_21:GOING TO SEND START
162416:T510836_21:SENT START, WAITING FOR FINISH 
162439:T510836_21:MACHINE DONE
162439:T510836_21:Error Code 0
162558:T510836_22:Machine Process.. START
162558:T510836_22:GOING TO SEND START
162558:T510836_22:SENT START, WAITING FOR FINISH 
162620:T510836_22:MACHINE DONE
162620:T510836_22:Error Code 0
194313:T510836_23:Machine Process.. START
194314:T510836_23:GOING TO SEND START
194314:T510836_23:SENT START, WAITING FOR FINISH 
194332:T510836_23:MACHINE DONE
194332:T510836_23:Error Code 0
