133048:T510836_1:Machine Process.. START
133048:T510836_1:GOING TO SEND START
133048:T510836_1:SENT START, WAITING FOR FINISH 
133053:T510836_1:MACHINE DONE
133053:T510836_1:Error Code 0
133218:T510836_2:Machine Process.. START
133218:T510836_2:GOING TO SEND START
133219:T510836_2:SENT START, WAITING FOR FINISH 
133247:T510836_2:MACHINE DONE
133247:T510836_2:Error Code 0
133528:T510836_3:Machine Process.. START
133528:T510836_3:GOING TO SEND START
133528:T510836_3:SENT START, WAITING FOR FINISH 
133557:T510836_3:MACHINE DONE
133557:T510836_3:Error Code 0
133640:T510836_4:Machine Process.. START
133641:T510836_4:GOING TO SEND START
133641:T510836_4:SENT START, WAITING FOR FINISH 
133654:T510836_4:MACHINE DONE
133654:T510836_4:Error Code 0
133851:T510836_5:Machine Process.. START
133851:T510836_5:GOING TO SEND START
133852:T510836_5:SENT START, WAITING FOR FINISH 
133939:T510836_5:MACHINE DONE
133939:T510836_5:Error Code 0
134342:T510836_6:Machine Process.. START
134342:T510836_6:GOING TO SEND START
134343:T510836_6:SENT START, WAITING FOR FINISH 
134350:T510836_6:MACHINE DONE
134350:T510836_6:Error Code 0
134459:T510836_7:Machine Process.. START
134459:T510836_7:GOING TO SEND START
134500:T510836_7:SENT START, WAITING FOR FINISH 
134512:T510836_7:MACHINE DONE
134512:T510836_7:Error Code 0
134618:T510836_8:Machine Process.. START
134618:T510836_8:GOING TO SEND START
134619:T510836_8:SENT START, WAITING FOR FINISH 
134627:T510836_8:MACHINE DONE
134627:T510836_8:Error Code 0
134735:T510836_9:Machine Process.. START
134736:T510836_9:GOING TO SEND START
134736:T510836_9:SENT START, WAITING FOR FINISH 
134745:T510836_9:MACHINE DONE
134745:T510836_9:Error Code 0
134851:T510836_10:Machine Process.. START
134851:T510836_10:GOING TO SEND START
134851:T510836_10:SENT START, WAITING FOR FINISH 
134856:T510836_10:MACHINE DONE
134857:T510836_10:Error Code 0
135034:T510836_11:Machine Process.. START
135034:T510836_11:GOING TO SEND START
135034:T510836_11:SENT START, WAITING FOR FINISH 
135051:T510836_11:MACHINE DONE
135051:T510836_11:Error Code 0
135251:T510836_12:Machine Process.. START
135251:T510836_12:GOING TO SEND START
135251:T510836_12:SENT START, WAITING FOR FINISH 
135256:T510836_12:MACHINE DONE
135256:T510836_12:Error Code 0
135438:T510836_13:Machine Process.. START
135438:T510836_13:GOING TO SEND START
135438:T510836_13:SENT START, WAITING FOR FINISH 
135457:T510836_13:MACHINE DONE
135457:T510836_13:Error Code 0
135539:T510836_14:Machine Process.. START
135539:T510836_14:GOING TO SEND START
135539:T510836_14:SENT START, WAITING FOR FINISH 
135544:T510836_14:MACHINE DONE
135544:T510836_14:Error Code 0
135656:T510836_15:Machine Process.. START
135656:T510836_15:GOING TO SEND START
135656:T510836_15:SENT START, WAITING FOR FINISH 
135706:T510836_15:MACHINE DONE
135706:T510836_15:Error Code 0
135751:T510836_16:Machine Process.. START
135751:T510836_16:GOING TO SEND START
135751:T510836_16:SENT START, WAITING FOR FINISH 
135755:T510836_16:MACHINE DONE
135755:T510836_16:Error Code 0
135857:T510836_17:Machine Process.. START
135857:T510836_17:GOING TO SEND START
135858:T510836_17:SENT START, WAITING FOR FINISH 
135904:T510836_17:MACHINE DONE
135904:T510836_17:Error Code 0
140000:T510836_18:Machine Process.. START
140000:T510836_18:GOING TO SEND START
140000:T510836_18:SENT START, WAITING FOR FINISH 
140004:T510836_18:MACHINE DONE
140004:T510836_18:Error Code 0
140218:T510836_19:Machine Process.. START
140218:T510836_19:GOING TO SEND START
140218:T510836_19:SENT START, WAITING FOR FINISH 
140234:T510836_19:MACHINE DONE
140234:T510836_19:Error Code 0
140319:T510836_20:Machine Process.. START
140319:T510836_20:GOING TO SEND START
140320:T510836_20:SENT START, WAITING FOR FINISH 
140325:T510836_20:MACHINE DONE
140325:T510836_20:Error Code 0
140422:T510836_21:Machine Process.. START
140423:T510836_21:GOING TO SEND START
140423:T510836_21:SENT START, WAITING FOR FINISH 
140429:T510836_21:MACHINE DONE
140429:T510836_21:Error Code 0
140526:T510836_22:Machine Process.. START
140526:T510836_22:GOING TO SEND START
140527:T510836_22:SENT START, WAITING FOR FINISH 
140535:T510836_22:MACHINE DONE
140535:T510836_22:Error Code 0
140634:T510836_23:Machine Process.. START
140634:T510836_23:GOING TO SEND START
140635:T510836_23:SENT START, WAITING FOR FINISH 
140639:T510836_23:MACHINE DONE
140639:T510836_23:Error Code 0
140804:T510836_24:Machine Process.. START
140804:T510836_24:GOING TO SEND START
140804:T510836_24:SENT START, WAITING FOR FINISH 
140811:T510836_24:MACHINE DONE
140811:T510836_24:Error Code 0
140849:T510836_25:Machine Process.. START
140849:T510836_25:GOING TO SEND START
140849:T510836_25:SENT START, WAITING FOR FINISH 
140852:T510836_25:MACHINE DONE
140852:T510836_25:Error Code 0
140938:T510836_26:Machine Process.. START
140938:T510836_26:GOING TO SEND START
140938:T510836_26:SENT START, WAITING FOR FINISH 
140943:T510836_26:MACHINE DONE
140943:T510836_26:Error Code 0
141032:T510836_27:Machine Process.. START
141032:T510836_27:GOING TO SEND START
141032:T510836_27:SENT START, WAITING FOR FINISH 
141039:T510836_27:MACHINE DONE
141039:T510836_27:Error Code 0
141147:T510836_28:Machine Process.. START
141147:T510836_28:GOING TO SEND START
141147:T510836_28:SENT START, WAITING FOR FINISH 
141153:T510836_28:MACHINE DONE
141153:T510836_28:Error Code 0
141310:T510836_29:Machine Process.. START
141310:T510836_29:GOING TO SEND START
141310:T510836_29:SENT START, WAITING FOR FINISH 
141314:T510836_29:MACHINE DONE
141314:T510836_29:Error Code 0
141428:T510836_30:Machine Process.. START
141428:T510836_30:GOING TO SEND START
141428:T510836_30:SENT START, WAITING FOR FINISH 
141440:T510836_30:MACHINE DONE
141440:T510836_30:Error Code 0
141550:T510836_31:Machine Process.. START
141551:T510836_31:GOING TO SEND START
141551:T510836_31:SENT START, WAITING FOR FINISH 
141608:T510836_31:MACHINE DONE
141608:T510836_31:Error Code 0
141714:T510836_32:Machine Process.. START
141714:T510836_32:GOING TO SEND START
141715:T510836_32:SENT START, WAITING FOR FINISH 
141717:T510836_32:MACHINE DONE
141718:T510836_32:Error Code 0
141837:T510836_33:Machine Process.. START
141837:T510836_33:GOING TO SEND START
141837:T510836_33:SENT START, WAITING FOR FINISH 
141842:T510836_33:MACHINE DONE
141842:T510836_33:Error Code 0
141952:T510836_34:Machine Process.. START
141952:T510836_34:GOING TO SEND START
141952:T510836_34:SENT START, WAITING FOR FINISH 
142005:T510836_34:MACHINE DONE
142005:T510836_34:Error Code 0
142118:T510836_35:Machine Process.. START
142118:T510836_35:GOING TO SEND START
142118:T510836_35:SENT START, WAITING FOR FINISH 
142127:T510836_35:MACHINE DONE
142127:T510836_35:Error Code 0
142237:T510836_36:Machine Process.. START
142237:T510836_36:GOING TO SEND START
142237:T510836_36:SENT START, WAITING FOR FINISH 
142247:T510836_36:MACHINE DONE
142247:T510836_36:Error Code 0
142357:T510836_37:Machine Process.. START
142357:T510836_37:GOING TO SEND START
142357:T510836_37:SENT START, WAITING FOR FINISH 
142401:T510836_37:MACHINE DONE
142401:T510836_37:Error Code 0
142529:T510836_38:Machine Process.. START
142529:T510836_38:GOING TO SEND START
142530:T510836_38:SENT START, WAITING FOR FINISH 
142536:T510836_38:MACHINE DONE
142536:T510836_38:Error Code 0
142652:T510836_39:Machine Process.. START
142652:T510836_39:GOING TO SEND START
142652:T510836_39:SENT START, WAITING FOR FINISH 
142704:T510836_39:MACHINE DONE
142704:T510836_39:Error Code 0
142810:T510836_40:Machine Process.. START
142810:T510836_40:GOING TO SEND START
142811:T510836_40:SENT START, WAITING FOR FINISH 
142820:T510836_40:MACHINE DONE
142820:T510836_40:Error Code 0
142933:T510836_41:Machine Process.. START
142933:T510836_41:GOING TO SEND START
142933:T510836_41:SENT START, WAITING FOR FINISH 
142943:T510836_41:MACHINE DONE
142943:T510836_41:Error Code 0
143101:T510836_42:Machine Process.. START
143101:T510836_42:GOING TO SEND START
143102:T510836_42:SENT START, WAITING FOR FINISH 
143107:T510836_42:MACHINE DONE
143107:T510836_42:Error Code 0
143228:T510836_43:Machine Process.. START
143228:T510836_43:GOING TO SEND START
143229:T510836_43:SENT START, WAITING FOR FINISH 
143237:T510836_43:MACHINE DONE
143238:T510836_43:Error Code 0
143431:T510836_44:Machine Process.. START
143431:T510836_44:GOING TO SEND START
143431:T510836_44:SENT START, WAITING FOR FINISH 
143440:T510836_44:MACHINE DONE
143440:T510836_44:Error Code 0
143606:T510836_45:Machine Process.. START
143606:T510836_45:GOING TO SEND START
143607:T510836_45:SENT START, WAITING FOR FINISH 
143614:T510836_45:MACHINE DONE
143614:T510836_45:Error Code 0
143728:T510836_46:Machine Process.. START
143728:T510836_46:GOING TO SEND START
143729:T510836_46:SENT START, WAITING FOR FINISH 
143732:T510836_46:MACHINE DONE
143732:T510836_46:Error Code 0
143832:T510836_47:Machine Process.. START
143832:T510836_47:GOING TO SEND START
143832:T510836_47:SENT START, WAITING FOR FINISH 
143913:T510836_47:MACHINE DONE
143913:T510836_47:Error Code 0
144001:T510836_48:Machine Process.. START
144001:T510836_48:GOING TO SEND START
144002:T510836_48:SENT START, WAITING FOR FINISH 
144005:T510836_48:MACHINE DONE
144005:T510836_48:Error Code 0
144055:T510836_49:Machine Process.. START
144055:T510836_49:GOING TO SEND START
144056:T510836_49:SENT START, WAITING FOR FINISH 
144116:T510836_49:MACHINE DONE
144116:T510836_49:Error Code 0
144218:T510836_50:Machine Process.. START
144218:T510836_50:GOING TO SEND START
144218:T510836_50:SENT START, WAITING FOR FINISH 
144222:T510836_50:MACHINE DONE
144222:T510836_50:Error Code 0
144358:T510836_51:Machine Process.. START
144358:T510836_51:GOING TO SEND START
144358:T510836_51:SENT START, WAITING FOR FINISH 
144410:T510836_51:MACHINE DONE
144410:T510836_51:Error Code 0
144550:T510836_52:Machine Process.. START
144550:T510836_52:GOING TO SEND START
144551:T510836_52:SENT START, WAITING FOR FINISH 
144555:T510836_52:MACHINE DONE
144555:T510836_52:Error Code 0
144758:T510836_53:Machine Process.. START
144758:T510836_53:GOING TO SEND START
144758:T510836_53:SENT START, WAITING FOR FINISH 
144812:T510836_53:MACHINE DONE
144812:T510836_53:Error Code 0
145042:T510836_54:Machine Process.. START
145042:T510836_54:GOING TO SEND START
145043:T510836_54:SENT START, WAITING FOR FINISH 
145047:T510836_54:MACHINE DONE
145047:T510836_54:Error Code 0
145148:T510836_55:Machine Process.. START
145149:T510836_55:GOING TO SEND START
145149:T510836_55:SENT START, WAITING FOR FINISH 
145152:T510836_55:MACHINE DONE
145152:T510836_55:Error Code 0
145314:T510836_56:Machine Process.. START
145315:T510836_56:GOING TO SEND START
145315:T510836_56:SENT START, WAITING FOR FINISH 
160750:T510837_1:Machine Process.. START
160751:T510837_1:GOING TO SEND START
160751:T510837_1:SENT START, WAITING FOR FINISH 
160937:T510837_1:MACHINE DONE
160937:T510837_1:Error Code 0
160937:T510836_56:MACHINE DONE
160938:T510836_56:Error Code 0
161325:T510837_2:Machine Process.. START
161326:T510837_2:GOING TO SEND START
161326:T510837_2:SENT START, WAITING FOR FINISH 
161609:T510837_2:MACHINE DONE
161609:T510837_2:Error Code 0
161912:T510837_3:Machine Process.. START
161912:T510837_3:GOING TO SEND START
161912:T510837_3:SENT START, WAITING FOR FINISH 
162006:T510837_3:MACHINE DONE
162006:T510837_3:Error Code 0
162436:T510837_4:Machine Process.. START
162436:T510837_4:GOING TO SEND START
162437:T510837_4:SENT START, WAITING FOR FINISH 
162720:T510837_4:MACHINE DONE
162720:T510837_4:Error Code 0
164539:T510837_5:Machine Process.. START
164539:T510837_5:GOING TO SEND START
164539:T510837_5:SENT START, WAITING FOR FINISH 
164845:T510837_5:MACHINE DONE
164845:T510837_5:Error Code 0
165127:T510837_6:Machine Process.. START
165127:T510837_6:GOING TO SEND START
165127:T510837_6:SENT START, WAITING FOR FINISH 
165226:T510837_6:MACHINE DONE
165226:T510837_6:Error Code 0
165649:T510837_7:Machine Process.. START
165649:T510837_7:GOING TO SEND START
165649:T510837_7:SENT START, WAITING FOR FINISH 
165706:T510837_7:MACHINE DONE
165706:T510837_7:Error Code 0
165906:T510837_8:Machine Process.. START
165906:T510837_8:GOING TO SEND START
165906:T510837_8:SENT START, WAITING FOR FINISH 
170019:T510837_8:MACHINE DONE
170019:T510837_8:Error Code 0
171949:T589126_1:Machine Process.. START
171949:T589126_1:GOING TO SEND START
171950:T589126_1:SENT START, WAITING FOR FINISH 
172017:T589126_1:MACHINE DONE
172017:T589126_1:Error Code 0
173125:T589126_2:Machine Process.. START
173125:T589126_2:GOING TO SEND START
173125:T589126_2:SENT START, WAITING FOR FINISH 
173241:T589126_2:MACHINE DONE
173241:T589126_2:Error Code 0
