083013:T589126_1:Machine Process.. START
083014:T589126_1:GOING TO SEND START
083014:T589126_1:SENT START, WAITING FOR FINISH 
083118:T589126_1:MACHINE DONE
083118:T589126_1:Error Code 0
083253:T589126_2:Machine Process.. START
083253:T589126_2:GOING TO SEND START
083253:T589126_2:SENT START, WAITING FOR FINISH 
083304:T589126_2:MACHINE DONE
083305:T589126_2:Error Code 0
083528:T589126_3:Machine Process.. START
083528:T589126_3:GOING TO SEND START
083529:T589126_3:SENT START, WAITING FOR FINISH 
083558:T589126_3:MACHINE DONE
083559:T589126_3:Error Code 0
084218:T589126_4:Machine Process.. START
084218:T589126_4:GOING TO SEND START
084219:T589126_4:SENT START, WAITING FOR FINISH 
084301:T589126_4:MACHINE DONE
084301:T589126_4:Error Code 0
084537:T589126_5:Machine Process.. START
084538:T589126_5:GOING TO SEND START
084538:T589126_5:SENT START, WAITING FOR FINISH 
084549:T589126_5:MACHINE DONE
084549:T589126_5:Error Code 0
084953:T589126_6:Machine Process.. START
084954:T589126_6:GOING TO SEND START
084954:T589126_6:SENT START, WAITING FOR FINISH 
085011:T589126_6:MACHINE DONE
085011:T589126_6:Error Code 0
085135:T589126_7:Machine Process.. START
085135:T589126_7:GOING TO SEND START
085135:T589126_7:SENT START, WAITING FOR FINISH 
085145:T589126_7:MACHINE DONE
085145:T589126_7:Error Code 0
085311:T589126_8:Machine Process.. START
085311:T589126_8:GOING TO SEND START
085311:T589126_8:SENT START, WAITING FOR FINISH 
085319:T589126_8:MACHINE DONE
085319:T589126_8:Error Code 0
085426:T589126_9:Machine Process.. START
085426:T589126_9:GOING TO SEND START
085427:T589126_9:SENT START, WAITING FOR FINISH 
085441:T589126_9:MACHINE DONE
085441:T589126_9:Error Code 0
085744:T589126_10:Machine Process.. START
085744:T589126_10:GOING TO SEND START
085745:T589126_10:SENT START, WAITING FOR FINISH 
090123:T589126_10:MACHINE DONE
090124:T589126_10:Error Code 0
090226:T589126_11:Machine Process.. START
090226:T589126_11:GOING TO SEND START
090226:T589126_11:SENT START, WAITING FOR FINISH 
090837:T589126_11:MACHINE DONE
090837:T589126_11:Error Code 0
090937:T589126_12:Machine Process.. START
090937:T589126_12:GOING TO SEND START
090937:T589126_12:SENT START, WAITING FOR FINISH 
091004:T589126_12:MACHINE DONE
091004:T589126_12:Error Code 0
091054:T589126_13:Machine Process.. START
091055:T589126_13:GOING TO SEND START
091055:T589126_13:SENT START, WAITING FOR FINISH 
091126:T589126_13:MACHINE DONE
091127:T589126_13:Error Code 0
091223:T589126_14:Machine Process.. START
091224:T589126_14:GOING TO SEND START
091224:T589126_14:SENT START, WAITING FOR FINISH 
091300:T589126_14:MACHINE DONE
091300:T589126_14:Error Code 0
091358:T589126_15:Machine Process.. START
091359:T589126_15:GOING TO SEND START
091359:T589126_15:SENT START, WAITING FOR FINISH 
091433:T589126_15:MACHINE DONE
091433:T589126_15:Error Code 0
091621:T589126_16:Machine Process.. START
091622:T589126_16:GOING TO SEND START
091622:T589126_16:SENT START, WAITING FOR FINISH 
091656:T589126_16:MACHINE DONE
091656:T589126_16:Error Code 0
091749:T589126_17:Machine Process.. START
091749:T589126_17:GOING TO SEND START
091750:T589126_17:SENT START, WAITING FOR FINISH 
091845:T589126_17:MACHINE DONE
091845:T589126_17:Error Code 0
091933:T589126_18:Machine Process.. START
091933:T589126_18:GOING TO SEND START
091934:T589126_18:SENT START, WAITING FOR FINISH 
091957:T589126_18:MACHINE DONE
091957:T589126_18:Error Code 0
095449:T589126_19:Machine Process.. START
095449:T589126_19:GOING TO SEND START
095449:T589126_19:SENT START, WAITING FOR FINISH 
095550:T589126_19:MACHINE DONE
095551:T589126_19:Error Code 0
101305:T589126_20:Machine Process.. START
101305:T589126_20:GOING TO SEND START
101305:T589126_20:SENT START, WAITING FOR FINISH 
101317:T589126_20:MACHINE DONE
101317:T589126_20:Error Code 0
101445:T589126_21:Machine Process.. START
101446:T589126_21:GOING TO SEND START
101446:T589126_21:SENT START, WAITING FOR FINISH 
101539:T589126_21:MACHINE DONE
101539:T589126_21:Error Code 0
101733:T589126_22:Machine Process.. START
101734:T589126_22:GOING TO SEND START
101734:T589126_22:SENT START, WAITING FOR FINISH 
101745:T589126_22:MACHINE DONE
101745:T589126_22:Error Code 0
101913:T589126_23:Machine Process.. START
101914:T589126_23:GOING TO SEND START
101914:T589126_23:SENT START, WAITING FOR FINISH 
101926:T589126_23:MACHINE DONE
101926:T589126_23:Error Code 0
102122:T589126_24:Machine Process.. START
102122:T589126_24:GOING TO SEND START
102123:T589126_24:SENT START, WAITING FOR FINISH 
102156:T589126_24:MACHINE DONE
102157:T589126_24:Error Code 0
102356:T589126_25:Machine Process.. START
102356:T589126_25:GOING TO SEND START
102356:T589126_25:SENT START, WAITING FOR FINISH 
102456:T589126_25:MACHINE DONE
102456:T589126_25:Error Code 0
102653:T589126_26:Machine Process.. START
102653:T589126_26:GOING TO SEND START
102653:T589126_26:SENT START, WAITING FOR FINISH 
102659:T589126_26:MACHINE DONE
102659:T589126_26:Error Code 0
102908:T589126_27:Machine Process.. START
102908:T589126_27:GOING TO SEND START
102908:T589126_27:SENT START, WAITING FOR FINISH 
102918:T589126_27:MACHINE DONE
102918:T589126_27:Error Code 0
103131:T589126_28:Machine Process.. START
103131:T589126_28:GOING TO SEND START
103132:T589126_28:SENT START, WAITING FOR FINISH 
103152:T589126_28:MACHINE DONE
103152:T589126_28:Error Code 0
105119:T589126_29:Machine Process.. START
105120:T589126_29:GOING TO SEND START
105120:T589126_29:SENT START, WAITING FOR FINISH 
105133:T589126_29:MACHINE DONE
105133:T589126_29:Error Code 0
105301:T589126_30:Machine Process.. START
105301:T589126_30:GOING TO SEND START
105302:T589126_30:SENT START, WAITING FOR FINISH 
105312:T589126_30:MACHINE DONE
105312:T589126_30:Error Code 0
105438:T589126_31:Machine Process.. START
105438:T589126_31:GOING TO SEND START
105438:T589126_31:SENT START, WAITING FOR FINISH 
105457:T589126_31:MACHINE DONE
105457:T589126_31:Error Code 0
105619:T589126_32:Machine Process.. START
105619:T589126_32:GOING TO SEND START
105620:T589126_32:SENT START, WAITING FOR FINISH 
105639:T589126_32:MACHINE DONE
105639:T589126_32:Error Code 0
105818:T589126_33:Machine Process.. START
105818:T589126_33:GOING TO SEND START
105819:T589126_33:SENT START, WAITING FOR FINISH 
105833:T589126_33:MACHINE DONE
105833:T589126_33:Error Code 0
110059:T589126_34:Machine Process.. START
110059:T589126_34:GOING TO SEND START
110059:T589126_34:SENT START, WAITING FOR FINISH 
110123:T589126_34:MACHINE DONE
110123:T589126_34:Error Code 0
110243:T589126_35:Machine Process.. START
110243:T589126_35:GOING TO SEND START
110244:T589126_35:SENT START, WAITING FOR FINISH 
110259:T589126_35:MACHINE DONE
110259:T589126_35:Error Code 0
110421:T589126_36:Machine Process.. START
110421:T589126_36:GOING TO SEND START
110421:T589126_36:SENT START, WAITING FOR FINISH 
110438:T589126_36:MACHINE DONE
110438:T589126_36:Error Code 0
110620:T589126_37:Machine Process.. START
110620:T589126_37:GOING TO SEND START
110620:T589126_37:SENT START, WAITING FOR FINISH 
110632:T589126_37:MACHINE DONE
110632:T589126_37:Error Code 0
110805:T589126_38:Machine Process.. START
110805:T589126_38:GOING TO SEND START
110805:T589126_38:SENT START, WAITING FOR FINISH 
110825:T589126_38:MACHINE DONE
110826:T589126_38:Error Code 0
110956:T589126_39:Machine Process.. START
110956:T589126_39:GOING TO SEND START
110957:T589126_39:SENT START, WAITING FOR FINISH 
111013:T589126_39:MACHINE DONE
111013:T589126_39:Error Code 0
111155:T589126_40:Machine Process.. START
111155:T589126_40:GOING TO SEND START
111155:T589126_40:SENT START, WAITING FOR FINISH 
111214:T589126_40:MACHINE DONE
111214:T589126_40:Error Code 0
111342:T510837_1:Machine Process.. START
111343:T510837_1:GOING TO SEND START
111343:T510837_1:SENT START, WAITING FOR FINISH 
111354:T510837_1:MACHINE DONE
111354:T510837_1:Error Code 0
111537:T510837_2:Machine Process.. START
111538:T510837_2:GOING TO SEND START
111538:T510837_2:SENT START, WAITING FOR FINISH 
111555:T510837_2:MACHINE DONE
111555:T510837_2:Error Code 0
111706:T510837_3:Machine Process.. START
111706:T510837_3:GOING TO SEND START
111706:T510837_3:SENT START, WAITING FOR FINISH 
111715:T510837_3:MACHINE DONE
111715:T510837_3:Error Code 0
111931:T510837_4:Machine Process.. START
111932:T510837_4:GOING TO SEND START
111932:T510837_4:SENT START, WAITING FOR FINISH 
111946:T510837_4:MACHINE DONE
111946:T510837_4:Error Code 0
112130:T510837_5:Machine Process.. START
112131:T510837_5:GOING TO SEND START
112131:T510837_5:SENT START, WAITING FOR FINISH 
112139:T510837_5:MACHINE DONE
112139:T510837_5:Error Code 0
112335:T510837_6:Machine Process.. START
112336:T510837_6:GOING TO SEND START
112336:T510837_6:SENT START, WAITING FOR FINISH 
112356:T510837_6:MACHINE DONE
112357:T510837_6:Error Code 0
112511:T510837_7:Machine Process.. START
112511:T510837_7:GOING TO SEND START
112511:T510837_7:SENT START, WAITING FOR FINISH 
112540:T510837_7:MACHINE DONE
112540:T510837_7:Error Code 0
112659:T510837_8:Machine Process.. START
112659:T510837_8:GOING TO SEND START
112659:T510837_8:SENT START, WAITING FOR FINISH 
112723:T510837_8:MACHINE DONE
112723:T510837_8:Error Code 0
112856:T510837_9:Machine Process.. START
112857:T510837_9:GOING TO SEND START
112857:T510837_9:SENT START, WAITING FOR FINISH 
112906:T510837_9:MACHINE DONE
112906:T510837_9:Error Code 0
113202:T510837_10:Machine Process.. START
113203:T510837_10:GOING TO SEND START
113203:T510837_10:SENT START, WAITING FOR FINISH 
113228:T510837_10:MACHINE DONE
113228:T510837_10:Error Code 0
113437:T510837_11:Machine Process.. START
113437:T510837_11:GOING TO SEND START
113437:T510837_11:SENT START, WAITING FOR FINISH 
113454:T510837_11:MACHINE DONE
113454:T510837_11:Error Code 0
113616:T510837_12:Machine Process.. START
113617:T510837_12:GOING TO SEND START
113617:T510837_12:SENT START, WAITING FOR FINISH 
113627:T510837_12:MACHINE DONE
113627:T510837_12:Error Code 0
113803:T510837_13:Machine Process.. START
113803:T510837_13:GOING TO SEND START
113803:T510837_13:SENT START, WAITING FOR FINISH 
113812:T510837_13:MACHINE DONE
113812:T510837_13:Error Code 0
113952:T510837_14:Machine Process.. START
113952:T510837_14:GOING TO SEND START
113953:T510837_14:SENT START, WAITING FOR FINISH 
114000:T510837_14:MACHINE DONE
114000:T510837_14:Error Code 0
114133:T510837_15:Machine Process.. START
114133:T510837_15:GOING TO SEND START
114133:T510837_15:SENT START, WAITING FOR FINISH 
114142:T510837_15:MACHINE DONE
114142:T510837_15:Error Code 0
114301:T510837_16:Machine Process.. START
114301:T510837_16:GOING TO SEND START
114301:T510837_16:SENT START, WAITING FOR FINISH 
114325:T510837_16:MACHINE DONE
114325:T510837_16:Error Code 0
114456:T510837_17:Machine Process.. START
114456:T510837_17:GOING TO SEND START
114457:T510837_17:SENT START, WAITING FOR FINISH 
114509:T510837_17:MACHINE DONE
114509:T510837_17:Error Code 0
114638:T510837_18:Machine Process.. START
114638:T510837_18:GOING TO SEND START
114639:T510837_18:SENT START, WAITING FOR FINISH 
114652:T510837_18:MACHINE DONE
114652:T510837_18:Error Code 0
114850:T510837_19:Machine Process.. START
114850:T510837_19:GOING TO SEND START
114851:T510837_19:SENT START, WAITING FOR FINISH 
114910:T510837_19:MACHINE DONE
114910:T510837_19:Error Code 0
115146:T510837_20:Machine Process.. START
115147:T510837_20:GOING TO SEND START
115147:T510837_20:SENT START, WAITING FOR FINISH 
115158:T510837_20:MACHINE DONE
115158:T510837_20:Error Code 0
130514:T510837_21:Machine Process.. START
130514:T510837_21:GOING TO SEND START
130514:T510837_21:SENT START, WAITING FOR FINISH 
130525:T510837_21:MACHINE DONE
130525:T510837_21:Error Code 0
130726:T510837_22:Machine Process.. START
130726:T510837_22:GOING TO SEND START
130726:T510837_22:SENT START, WAITING FOR FINISH 
130733:T510837_22:MACHINE DONE
130733:T510837_22:Error Code 0
131015:T510837_23:Machine Process.. START
131015:T510837_23:GOING TO SEND START
131015:T510837_23:SENT START, WAITING FOR FINISH 
131025:T510837_23:MACHINE DONE
131025:T510837_23:Error Code 0
131807:T510837_24:Machine Process.. START
131808:T510837_24:GOING TO SEND START
131808:T510837_24:SENT START, WAITING FOR FINISH 
131818:T510837_24:MACHINE DONE
131818:T510837_24:Error Code 0
131939:T510837_25:Machine Process.. START
131939:T510837_25:GOING TO SEND START
131939:T510837_25:SENT START, WAITING FOR FINISH 
131947:T510837_25:MACHINE DONE
131947:T510837_25:Error Code 0
132127:T510837_26:Machine Process.. START
132127:T510837_26:GOING TO SEND START
132128:T510837_26:SENT START, WAITING FOR FINISH 
132145:T510837_26:MACHINE DONE
132145:T510837_26:Error Code 0
132327:T510837_27:Machine Process.. START
132327:T510837_27:GOING TO SEND START
132328:T510837_27:SENT START, WAITING FOR FINISH 
132335:T510837_27:MACHINE DONE
132335:T510837_27:Error Code 0
132533:T510837_28:Machine Process.. START
132533:T510837_28:GOING TO SEND START
132533:T510837_28:SENT START, WAITING FOR FINISH 
132542:T510837_28:MACHINE DONE
132542:T510837_28:Error Code 0
132758:T510837_29:Machine Process.. START
132759:T510837_29:GOING TO SEND START
132759:T510837_29:SENT START, WAITING FOR FINISH 
132804:T510837_29:MACHINE DONE
132804:T510837_29:Error Code 0
133139:T510837_30:Machine Process.. START
133139:T510837_30:GOING TO SEND START
133139:T510837_30:SENT START, WAITING FOR FINISH 
133147:T510837_30:MACHINE DONE
133147:T510837_30:Error Code 0
133305:T510837_31:Machine Process.. START
133305:T510837_31:GOING TO SEND START
133306:T510837_31:SENT START, WAITING FOR FINISH 
133326:T510837_31:MACHINE DONE
133326:T510837_31:Error Code 0
133455:T510837_32:Machine Process.. START
133456:T510837_32:GOING TO SEND START
133456:T510837_32:SENT START, WAITING FOR FINISH 
133502:T510837_32:MACHINE DONE
133503:T510837_32:Error Code 0
133628:T510837_33:Machine Process.. START
133628:T510837_33:GOING TO SEND START
133629:T510837_33:SENT START, WAITING FOR FINISH 
133643:T510837_33:MACHINE DONE
133643:T510837_33:Error Code 0
133843:T510837_34:Machine Process.. START
133843:T510837_34:GOING TO SEND START
133843:T510837_34:SENT START, WAITING FOR FINISH 
133852:T510837_34:MACHINE DONE
133852:T510837_34:Error Code 0
134222:T510837_35:Machine Process.. START
134222:T510837_35:GOING TO SEND START
134222:T510837_35:SENT START, WAITING FOR FINISH 
134231:T510837_35:MACHINE DONE
134231:T510837_35:Error Code 0
134431:T510837_36:Machine Process.. START
134432:T510837_36:GOING TO SEND START
134432:T510837_36:SENT START, WAITING FOR FINISH 
134444:T510837_36:MACHINE DONE
134444:T510837_36:Error Code 0
134614:T510837_37:Machine Process.. START
134615:T510837_37:GOING TO SEND START
134615:T510837_37:SENT START, WAITING FOR FINISH 
134627:T510837_37:MACHINE DONE
134627:T510837_37:Error Code 0
134814:T510837_38:Machine Process.. START
134814:T510837_38:GOING TO SEND START
134814:T510837_38:SENT START, WAITING FOR FINISH 
134826:T510837_38:MACHINE DONE
134826:T510837_38:Error Code 0
134942:T510837_39:Machine Process.. START
134942:T510837_39:GOING TO SEND START
134942:T510837_39:SENT START, WAITING FOR FINISH 
134950:T510837_39:MACHINE DONE
134950:T510837_39:Error Code 0
135129:T510837_40:Machine Process.. START
135129:T510837_40:GOING TO SEND START
135130:T510837_40:SENT START, WAITING FOR FINISH 
135157:T510837_40:MACHINE DONE
135157:T510837_40:Error Code 0
135401:T510837_41:Machine Process.. START
135401:T510837_41:GOING TO SEND START
135402:T510837_41:SENT START, WAITING FOR FINISH 
135408:T510837_41:MACHINE DONE
135408:T510837_41:Error Code 0
135559:T510837_42:Machine Process.. START
135559:T510837_42:GOING TO SEND START
135600:T510837_42:SENT START, WAITING FOR FINISH 
135615:T510837_42:MACHINE DONE
135615:T510837_42:Error Code 0
135749:T510837_43:Machine Process.. START
135749:T510837_43:GOING TO SEND START
135749:T510837_43:SENT START, WAITING FOR FINISH 
135804:T510837_43:MACHINE DONE
135804:T510837_43:Error Code 0
135928:T510837_44:Machine Process.. START
135928:T510837_44:GOING TO SEND START
135929:T510837_44:SENT START, WAITING FOR FINISH 
135935:T510837_44:MACHINE DONE
135935:T510837_44:Error Code 0
140211:T510837_45:Machine Process.. START
140211:T510837_45:GOING TO SEND START
140211:T510837_45:SENT START, WAITING FOR FINISH 
140219:T510837_45:MACHINE DONE
140220:T510837_45:Error Code 0
140339:T510837_46:Machine Process.. START
140339:T510837_46:GOING TO SEND START
140340:T510837_46:SENT START, WAITING FOR FINISH 
140347:T510837_46:MACHINE DONE
140347:T510837_46:Error Code 0
140525:T510837_47:Machine Process.. START
140525:T510837_47:GOING TO SEND START
140526:T510837_47:SENT START, WAITING FOR FINISH 
140537:T510837_47:MACHINE DONE
140537:T510837_47:Error Code 0
140706:T510837_48:Machine Process.. START
140706:T510837_48:GOING TO SEND START
140707:T510837_48:SENT START, WAITING FOR FINISH 
140721:T510837_48:MACHINE DONE
140721:T510837_48:Error Code 0
140920:T510837_49:Machine Process.. START
140920:T510837_49:GOING TO SEND START
140921:T510837_49:SENT START, WAITING FOR FINISH 
140940:T510837_49:MACHINE DONE
140941:T510837_49:Error Code 0
141153:T510837_50:Machine Process.. START
141153:T510837_50:GOING TO SEND START
141153:T510837_50:SENT START, WAITING FOR FINISH 
141201:T510837_50:MACHINE DONE
141201:T510837_50:Error Code 0
141339:T510837_51:Machine Process.. START
141339:T510837_51:GOING TO SEND START
141339:T510837_51:SENT START, WAITING FOR FINISH 
141353:T510837_51:MACHINE DONE
141353:T510837_51:Error Code 0
141515:T510837_52:Machine Process.. START
141515:T510837_52:GOING TO SEND START
141515:T510837_52:SENT START, WAITING FOR FINISH 
141525:T510837_52:MACHINE DONE
141525:T510837_52:Error Code 0
141648:T510837_53:Machine Process.. START
141649:T510837_53:GOING TO SEND START
141649:T510837_53:SENT START, WAITING FOR FINISH 
141659:T510837_53:MACHINE DONE
141659:T510837_53:Error Code 0
141824:T510837_54:Machine Process.. START
141825:T510837_54:GOING TO SEND START
141825:T510837_54:SENT START, WAITING FOR FINISH 
141833:T510837_54:MACHINE DONE
141833:T510837_54:Error Code 0
142014:T510837_55:Machine Process.. START
142014:T510837_55:GOING TO SEND START
142014:T510837_55:SENT START, WAITING FOR FINISH 
142022:T510837_55:MACHINE DONE
142022:T510837_55:Error Code 0
142212:T510837_56:Machine Process.. START
142213:T510837_56:GOING TO SEND START
142213:T510837_56:SENT START, WAITING FOR FINISH 
142227:T510837_56:MACHINE DONE
142227:T510837_56:Error Code 0
142402:T510837_57:Machine Process.. START
142402:T510837_57:GOING TO SEND START
142403:T510837_57:SENT START, WAITING FOR FINISH 
142413:T510837_57:MACHINE DONE
142413:T510837_57:Error Code 0
142552:T510837_58:Machine Process.. START
142552:T510837_58:GOING TO SEND START
142552:T510837_58:SENT START, WAITING FOR FINISH 
142600:T510837_58:MACHINE DONE
142600:T510837_58:Error Code 0
142738:T510837_59:Machine Process.. START
142739:T510837_59:GOING TO SEND START
142739:T510837_59:SENT START, WAITING FOR FINISH 
142747:T510837_59:MACHINE DONE
142747:T510837_59:Error Code 0
142922:T510837_60:Machine Process.. START
142922:T510837_60:GOING TO SEND START
142922:T510837_60:SENT START, WAITING FOR FINISH 
142936:T510837_60:MACHINE DONE
142936:T510837_60:Error Code 0
143208:T510837_61:Machine Process.. START
143209:T510837_61:GOING TO SEND START
143209:T510837_61:SENT START, WAITING FOR FINISH 
143217:T510837_61:MACHINE DONE
143217:T510837_61:Error Code 0
143554:T510837_62:Machine Process.. START
143554:T510837_62:GOING TO SEND START
143555:T510837_62:SENT START, WAITING FOR FINISH 
143601:T510837_62:MACHINE DONE
143601:T510837_62:Error Code 0
143757:T510837_63:Machine Process.. START
143757:T510837_63:GOING TO SEND START
143757:T510837_63:SENT START, WAITING FOR FINISH 
143804:T510837_63:MACHINE DONE
143804:T510837_63:Error Code 0
144006:T510837_64:Machine Process.. START
144006:T510837_64:GOING TO SEND START
144007:T510837_64:SENT START, WAITING FOR FINISH 
144013:T510837_64:MACHINE DONE
144013:T510837_64:Error Code 0
144150:T510837_65:Machine Process.. START
144150:T510837_65:GOING TO SEND START
144150:T510837_65:SENT START, WAITING FOR FINISH 
144157:T510837_65:MACHINE DONE
144157:T510837_65:Error Code 0
144340:T510837_66:Machine Process.. START
144340:T510837_66:GOING TO SEND START
144340:T510837_66:SENT START, WAITING FOR FINISH 
144348:T510837_66:MACHINE DONE
144348:T510837_66:Error Code 0
144540:T510837_67:Machine Process.. START
144540:T510837_67:GOING TO SEND START
144540:T510837_67:SENT START, WAITING FOR FINISH 
144552:T510837_67:MACHINE DONE
144552:T510837_67:Error Code 0
144737:T510837_68:Machine Process.. START
144738:T510837_68:GOING TO SEND START
144738:T510837_68:SENT START, WAITING FOR FINISH 
144747:T510837_68:MACHINE DONE
144747:T510837_68:Error Code 0
144926:T510837_69:Machine Process.. START
144927:T510837_69:GOING TO SEND START
144927:T510837_69:SENT START, WAITING FOR FINISH 
144934:T510837_69:MACHINE DONE
144934:T510837_69:Error Code 0
145126:T510837_70:Machine Process.. START
145126:T510837_70:GOING TO SEND START
145126:T510837_70:SENT START, WAITING FOR FINISH 
145133:T510837_70:MACHINE DONE
145133:T510837_70:Error Code 0
145308:T510837_71:Machine Process.. START
145309:T510837_71:GOING TO SEND START
145309:T510837_71:SENT START, WAITING FOR FINISH 
145316:T510837_71:MACHINE DONE
145316:T510837_71:Error Code 0
145455:T510837_72:Machine Process.. START
145455:T510837_72:GOING TO SEND START
145455:T510837_72:SENT START, WAITING FOR FINISH 
145504:T510837_72:MACHINE DONE
145505:T510837_72:Error Code 0
145727:T510837_73:Machine Process.. START
145728:T510837_73:GOING TO SEND START
145728:T510837_73:SENT START, WAITING FOR FINISH 
151329:T510837_73:MACHINE DONE
151329:T510837_73:Error Code 0
151456:T510837_74:Machine Process.. START
151457:T510837_74:GOING TO SEND START
151457:T510837_74:SENT START, WAITING FOR FINISH 
151505:T510837_74:MACHINE DONE
151505:T510837_74:Error Code 0
151645:T510837_75:Machine Process.. START
151646:T510837_75:GOING TO SEND START
151646:T510837_75:SENT START, WAITING FOR FINISH 
151654:T510837_75:MACHINE DONE
151654:T510837_75:Error Code 0
151833:T510837_76:Machine Process.. START
151833:T510837_76:GOING TO SEND START
151833:T510837_76:SENT START, WAITING FOR FINISH 
151841:T510837_76:MACHINE DONE
151841:T510837_76:Error Code 0
152022:T510837_77:Machine Process.. START
152023:T510837_77:GOING TO SEND START
152023:T510837_77:SENT START, WAITING FOR FINISH 
152030:T510837_77:MACHINE DONE
152030:T510837_77:Error Code 0
152220:T510837_78:Machine Process.. START
152220:T510837_78:GOING TO SEND START
152221:T510837_78:SENT START, WAITING FOR FINISH 
152231:T510837_78:MACHINE DONE
152231:T510837_78:Error Code 0
152447:T510837_79:Machine Process.. START
152447:T510837_79:GOING TO SEND START
152448:T510837_79:SENT START, WAITING FOR FINISH 
152455:T510837_79:MACHINE DONE
152455:T510837_79:Error Code 0
152643:T510837_80:Machine Process.. START
152643:T510837_80:GOING TO SEND START
152643:T510837_80:SENT START, WAITING FOR FINISH 
152650:T510837_80:MACHINE DONE
152650:T510837_80:Error Code 0
152827:T510837_81:Machine Process.. START
152827:T510837_81:GOING TO SEND START
152827:T510837_81:SENT START, WAITING FOR FINISH 
152833:T510837_81:MACHINE DONE
152833:T510837_81:Error Code 0
153022:T510837_82:Machine Process.. START
153022:T510837_82:GOING TO SEND START
153023:T510837_82:SENT START, WAITING FOR FINISH 
153030:T510837_82:MACHINE DONE
153030:T510837_82:Error Code 0
153151:T510837_83:Machine Process.. START
153151:T510837_83:GOING TO SEND START
153151:T510837_83:SENT START, WAITING FOR FINISH 
153159:T510837_83:MACHINE DONE
153159:T510837_83:Error Code 0
153339:T510837_84:Machine Process.. START
153339:T510837_84:GOING TO SEND START
153339:T510837_84:SENT START, WAITING FOR FINISH 
153344:T510837_84:MACHINE DONE
153344:T510837_84:Error Code 0
153544:T510837_85:Machine Process.. START
153544:T510837_85:GOING TO SEND START
153545:T510837_85:SENT START, WAITING FOR FINISH 
153550:T510837_85:MACHINE DONE
153550:T510837_85:Error Code 0
153720:T510837_86:Machine Process.. START
153720:T510837_86:GOING TO SEND START
153720:T510837_86:SENT START, WAITING FOR FINISH 
153727:T510837_86:MACHINE DONE
153727:T510837_86:Error Code 0
153914:T510837_87:Machine Process.. START
153914:T510837_87:GOING TO SEND START
153914:T510837_87:SENT START, WAITING FOR FINISH 
153923:T510837_87:MACHINE DONE
153923:T510837_87:Error Code 0
154053:T510837_88:Machine Process.. START
154054:T510837_88:GOING TO SEND START
154054:T510837_88:SENT START, WAITING FOR FINISH 
154104:T510837_88:MACHINE DONE
154104:T510837_88:Error Code 0
154232:T510837_89:Machine Process.. START
154232:T510837_89:GOING TO SEND START
154232:T510837_89:SENT START, WAITING FOR FINISH 
154238:T510837_89:MACHINE DONE
154238:T510837_89:Error Code 0
154412:T510837_90:Machine Process.. START
154412:T510837_90:GOING TO SEND START
154412:T510837_90:SENT START, WAITING FOR FINISH 
154419:T510837_90:MACHINE DONE
154420:T510837_90:Error Code 0
154551:T510837_91:Machine Process.. START
154552:T510837_91:GOING TO SEND START
154552:T510837_91:SENT START, WAITING FOR FINISH 
154601:T510837_91:MACHINE DONE
154601:T510837_91:Error Code 0
154727:T510837_92:Machine Process.. START
154727:T510837_92:GOING TO SEND START
154728:T510837_92:SENT START, WAITING FOR FINISH 
154735:T510837_92:MACHINE DONE
154735:T510837_92:Error Code 0
154858:T510837_93:Machine Process.. START
154859:T510837_93:GOING TO SEND START
154859:T510837_93:SENT START, WAITING FOR FINISH 
154906:T510837_93:MACHINE DONE
154906:T510837_93:Error Code 0
155040:T510837_94:Machine Process.. START
155040:T510837_94:GOING TO SEND START
155041:T510837_94:SENT START, WAITING FOR FINISH 
155049:T510837_94:MACHINE DONE
155049:T510837_94:Error Code 0
155236:T510837_95:Machine Process.. START
155236:T510837_95:GOING TO SEND START
155237:T510837_95:SENT START, WAITING FOR FINISH 
155245:T510837_95:MACHINE DONE
155245:T510837_95:Error Code 0
160041:T510837_96:Machine Process.. START
160041:T510837_96:GOING TO SEND START
160041:T510837_96:SENT START, WAITING FOR FINISH 
160049:T510837_96:MACHINE DONE
160049:T510837_96:Error Code 0
161320:T510837_97:Machine Process.. START
161320:T510837_97:GOING TO SEND START
161320:T510837_97:SENT START, WAITING FOR FINISH 
161331:T510837_97:MACHINE DONE
161332:T510837_97:Error Code 0
161515:T510837_98:Machine Process.. START
161515:T510837_98:GOING TO SEND START
161516:T510837_98:SENT START, WAITING FOR FINISH 
161525:T510837_98:MACHINE DONE
161525:T510837_98:Error Code 0
165504:T510837_99:Machine Process.. START
165504:T510837_99:GOING TO SEND START
165504:T510837_99:SENT START, WAITING FOR FINISH 
