102454:T589126_1:Machine Process.. START
102455:T589126_1:GOING TO SEND START
102455:T589126_1:SENT START, WAITING FOR FINISH 
102640:T589126_1:MACHINE DONE
102640:T589126_1:Error Code 0
102714:T589126_2:Machine Process.. START
102714:T589126_2:GOING TO SEND START
102715:T589126_2:SENT START, WAITING FOR FINISH 
102853:T589126_2:MACHINE DONE
102853:T589126_2:Error Code 0
102934:T589126_3:Machine Process.. START
102934:T589126_3:GOING TO SEND START
102934:T589126_3:SENT START, WAITING FOR FINISH 
103135:T589126_3:MACHINE DONE
103135:T589126_3:Error Code 0
103159:T589126_4:Machine Process.. START
103159:T589126_4:GOING TO SEND START
103159:T589126_4:SENT START, WAITING FOR FINISH 
103423:T589126_4:MACHINE DONE
103423:T589126_4:Error Code 0
103520:T589126_5:Machine Process.. START
103521:T589126_5:GOING TO SEND START
103521:T589126_5:SENT START, WAITING FOR FINISH 
103841:T589126_5:MACHINE DONE
103841:T589126_5:Error Code 0
104338:T589126_6:Machine Process.. START
104338:T589126_6:GOING TO SEND START
104338:T589126_6:SENT START, WAITING FOR FINISH 
104451:T589126_6:MACHINE DONE
104451:T589126_6:Error Code 0
104913:T589126_7:Machine Process.. START
104913:T589126_7:GOING TO SEND START
104913:T589126_7:SENT START, WAITING FOR FINISH 
105040:T589126_7:MACHINE DONE
105040:T589126_7:Error Code 0
105442:T589126_8:Machine Process.. START
105443:T589126_8:GOING TO SEND START
105443:T589126_8:SENT START, WAITING FOR FINISH 
105550:T589126_8:MACHINE DONE
105550:T589126_8:Error Code 0
105801:T589126_9:Machine Process.. START
105801:T589126_9:GOING TO SEND START
105802:T589126_9:SENT START, WAITING FOR FINISH 
105922:T589126_9:MACHINE DONE
105922:T589126_9:Error Code 0
110021:T589126_10:Machine Process.. START
110022:T589126_10:GOING TO SEND START
110022:T589126_10:SENT START, WAITING FOR FINISH 
110131:T589126_10:MACHINE DONE
110131:T589126_10:Error Code 0
110158:T589126_11:Machine Process.. START
110158:T589126_11:GOING TO SEND START
110158:T589126_11:SENT START, WAITING FOR FINISH 
110532:T589126_11:MACHINE DONE
110532:T589126_11:Error Code 0
110627:T589126_12:Machine Process.. START
110627:T589126_12:GOING TO SEND START
110627:T589126_12:SENT START, WAITING FOR FINISH 
110744:T589126_12:MACHINE DONE
110744:T589126_12:Error Code 0
111148:T589126_13:Machine Process.. START
111148:T589126_13:GOING TO SEND START
111149:T589126_13:SENT START, WAITING FOR FINISH 
111303:T589126_13:MACHINE DONE
111303:T589126_13:Error Code 0
111448:T589126_14:Machine Process.. START
111448:T589126_14:GOING TO SEND START
111449:T589126_14:SENT START, WAITING FOR FINISH 
111709:T589126_14:MACHINE DONE
111709:T589126_14:Error Code 0
111931:T589126_15:Machine Process.. START
111931:T589126_15:GOING TO SEND START
111931:T589126_15:SENT START, WAITING FOR FINISH 
112032:T589126_15:MACHINE DONE
112032:T589126_15:Error Code 0
112103:T589126_16:Machine Process.. START
112103:T589126_16:GOING TO SEND START
112103:T589126_16:SENT START, WAITING FOR FINISH 
112201:T589126_16:MACHINE DONE
112201:T589126_16:Error Code 0
112323:T589126_17:Machine Process.. START
112323:T589126_17:GOING TO SEND START
112324:T589126_17:SENT START, WAITING FOR FINISH 
112507:T589126_17:MACHINE DONE
112507:T589126_17:Error Code 0
112933:T589126_18:Machine Process.. START
112933:T589126_18:GOING TO SEND START
112933:T589126_18:SENT START, WAITING FOR FINISH 
113051:T589126_18:MACHINE DONE
113051:T589126_18:Error Code 0
113328:T589126_19:Machine Process.. START
113328:T589126_19:GOING TO SEND START
113328:T589126_19:SENT START, WAITING FOR FINISH 
113452:T589126_19:MACHINE DONE
113452:T589126_19:Error Code 0
113543:T589126_20:Machine Process.. START
113543:T589126_20:GOING TO SEND START
113544:T589126_20:SENT START, WAITING FOR FINISH 
113639:T589126_20:MACHINE DONE
113639:T589126_20:Error Code 0
113716:T510836_1:Machine Process.. START
113717:T510836_1:GOING TO SEND START
113717:T510836_1:SENT START, WAITING FOR FINISH 
113753:T510836_1:MACHINE DONE
113753:T510836_1:Error Code 0
114408:T510836_2:Machine Process.. START
114408:T510836_2:GOING TO SEND START
114409:T510836_2:SENT START, WAITING FOR FINISH 
114524:T510836_2:MACHINE DONE
114524:T510836_2:Error Code 0
114630:T510836_3:Machine Process.. START
114630:T510836_3:GOING TO SEND START
114630:T510836_3:SENT START, WAITING FOR FINISH 
114745:T510836_3:MACHINE DONE
114745:T510836_3:Error Code 0
114824:T510836_4:Machine Process.. START
114824:T510836_4:GOING TO SEND START
114824:T510836_4:SENT START, WAITING FOR FINISH 
114906:T510836_4:MACHINE DONE
114906:T510836_4:Error Code 0
170932:T510836_5:Machine Process.. START
170932:T510836_5:GOING TO SEND START
170932:T510836_5:SENT START, WAITING FOR FINISH 
172525:T510836_6:Machine Process.. START
172525:T510836_6:GOING TO SEND START
172526:T510836_6:SENT START, WAITING FOR FINISH 
