093244:T589126_14:Machine Process.. START
093244:T589126_14:GOING TO SEND START
093245:T589126_14:SENT START, WAITING FOR FINISH 
093250:T589126_14:MACHINE DONE
093250:T589126_14:Error Code 0
093822:T589126_15:Machine Process.. START
093823:T589126_15:GOING TO SEND START
093823:T589126_15:SENT START, WAITING FOR FINISH 
093840:T589126_15:MACHINE DONE
093840:T589126_15:Error Code 0
094129:T589126_16:Machine Process.. START
094129:T589126_16:GOING TO SEND START
094129:T589126_16:SENT START, WAITING FOR FINISH 
094144:T589126_16:MACHINE DONE
094144:T589126_16:Error Code 0
094429:T589126_17:Machine Process.. START
094430:T589126_17:GOING TO SEND START
094430:T589126_17:SENT START, WAITING FOR FINISH 
094442:T589126_17:MACHINE DONE
094442:T589126_17:Error Code 0
094842:T589126_18:Machine Process.. START
094842:T589126_18:GOING TO SEND START
094843:T589126_18:SENT START, WAITING FOR FINISH 
094851:T589126_18:MACHINE DONE
094851:T589126_18:Error Code 0
095111:T589126_19:Machine Process.. START
095111:T589126_19:GOING TO SEND START
095111:T589126_19:SENT START, WAITING FOR FINISH 
095120:T589126_19:MACHINE DONE
095120:T589126_19:Error Code 0
095229:T589126_20:Machine Process.. START
095229:T589126_20:GOING TO SEND START
095229:T589126_20:SENT START, WAITING FOR FINISH 
095239:T589126_20:MACHINE DONE
095239:T589126_20:Error Code 0
095649:T589126_21:Machine Process.. START
095650:T589126_21:GOING TO SEND START
095650:T589126_21:SENT START, WAITING FOR FINISH 
095654:T589126_21:MACHINE DONE
095654:T589126_21:Error Code 0
101251:T589126_22:Machine Process.. START
101251:T589126_22:GOING TO SEND START
101252:T589126_22:SENT START, WAITING FOR FINISH 
101308:T589126_22:MACHINE DONE
101308:T589126_22:Error Code 0
101632:T589126_23:Machine Process.. START
101632:T589126_23:GOING TO SEND START
101632:T589126_23:SENT START, WAITING FOR FINISH 
101635:T589126_23:MACHINE DONE
101635:T589126_23:Error Code 0
101957:T589126_24:Machine Process.. START
101958:T589126_24:GOING TO SEND START
101958:T589126_24:SENT START, WAITING FOR FINISH 
102002:T589126_24:MACHINE DONE
102002:T589126_24:Error Code 0
102157:T589126_25:Machine Process.. START
102157:T589126_25:GOING TO SEND START
102158:T589126_25:SENT START, WAITING FOR FINISH 
102200:T589126_25:MACHINE DONE
102200:T589126_25:Error Code 0
145454:T510837_2:Machine Process.. START
145454:T510837_2:GOING TO SEND START
145455:T510837_2:SENT START, WAITING FOR FINISH 
145457:T510837_2:MACHINE DONE
145457:T510837_2:Error Code 0
153131:T510837_3:Machine Process.. START
153132:T510837_3:GOING TO SEND START
153132:T510837_3:SENT START, WAITING FOR FINISH 
153134:T510837_3:MACHINE DONE
153134:T510837_3:Error Code 0
153214:T510837_4:Machine Process.. START
153214:T510837_4:GOING TO SEND START
153214:T510837_4:SENT START, WAITING FOR FINISH 
153217:T510837_4:MACHINE DONE
153217:T510837_4:Error Code 0
153228:T510837_5:Machine Process.. START
153228:T510837_5:GOING TO SEND START
153229:T510837_5:SENT START, WAITING FOR FINISH 
153231:T510837_5:MACHINE DONE
153231:T510837_5:Error Code 0
153312:T510837_6:Machine Process.. START
153313:T510837_6:GOING TO SEND START
153313:T510837_6:SENT START, WAITING FOR FINISH 
153314:T510837_6:MACHINE DONE
153314:T510837_6:Error Code 0
153414:T510837_7:Machine Process.. START
153415:T510837_7:GOING TO SEND START
153415:T510837_7:SENT START, WAITING FOR FINISH 
153417:T510837_7:MACHINE DONE
153417:T510837_7:Error Code 0
153553:T510837_8:Machine Process.. START
153553:T510837_8:GOING TO SEND START
153553:T510837_8:SENT START, WAITING FOR FINISH 
153557:T510837_8:MACHINE DONE
153557:T510837_8:Error Code 0
153630:T510837_9:Machine Process.. START
153630:T510837_9:GOING TO SEND START
153630:T510837_9:SENT START, WAITING FOR FINISH 
153633:T510837_9:MACHINE DONE
153633:T510837_9:Error Code 0
153725:T510837_10:Machine Process.. START
153725:T510837_10:GOING TO SEND START
153725:T510837_10:SENT START, WAITING FOR FINISH 
153727:T510837_10:MACHINE DONE
153727:T510837_10:Error Code 0
154002:T510837_11:Machine Process.. START
154002:T510837_11:GOING TO SEND START
154002:T510837_11:SENT START, WAITING FOR FINISH 
154003:T510837_11:MACHINE DONE
154003:T510837_11:Error Code 0
154134:T510837_12:Machine Process.. START
154134:T510837_12:GOING TO SEND START
154135:T510837_12:SENT START, WAITING FOR FINISH 
154136:T510837_12:MACHINE DONE
154136:T510837_12:Error Code 0
154211:T510837_13:Machine Process.. START
154211:T510837_13:GOING TO SEND START
154211:T510837_13:SENT START, WAITING FOR FINISH 
154213:T510837_13:MACHINE DONE
154213:T510837_13:Error Code 0
154328:T510837_14:Machine Process.. START
154328:T510837_14:GOING TO SEND START
154328:T510837_14:SENT START, WAITING FOR FINISH 
154330:T510837_14:MACHINE DONE
154330:T510837_14:Error Code 0
154353:T510837_15:Machine Process.. START
154353:T510837_15:GOING TO SEND START
154353:T510837_15:SENT START, WAITING FOR FINISH 
154355:T510837_15:MACHINE DONE
154355:T510837_15:Error Code 0
154418:T510837_16:Machine Process.. START
154418:T510837_16:GOING TO SEND START
154418:T510837_16:SENT START, WAITING FOR FINISH 
154420:T510837_16:MACHINE DONE
154420:T510837_16:Error Code 0
154509:T510837_17:Machine Process.. START
154509:T510837_17:GOING TO SEND START
154509:T510837_17:SENT START, WAITING FOR FINISH 
154511:T510837_17:MACHINE DONE
154511:T510837_17:Error Code 0
154537:T510837_18:Machine Process.. START
154537:T510837_18:GOING TO SEND START
154537:T510837_18:SENT START, WAITING FOR FINISH 
154540:T510837_18:MACHINE DONE
154540:T510837_18:Error Code 0
154658:T510837_19:Machine Process.. START
154658:T510837_19:GOING TO SEND START
154659:T510837_19:SENT START, WAITING FOR FINISH 
154701:T510837_19:MACHINE DONE
154701:T510837_19:Error Code 0
154819:T510837_20:Machine Process.. START
154819:T510837_20:GOING TO SEND START
154820:T510837_20:SENT START, WAITING FOR FINISH 
154821:T510837_20:MACHINE DONE
154821:T510837_20:Error Code 0
155056:T510837_21:Machine Process.. START
155056:T510837_21:GOING TO SEND START
155057:T510837_21:SENT START, WAITING FOR FINISH 
155059:T510837_21:MACHINE DONE
155059:T510837_21:Error Code 0
155140:T510837_22:Machine Process.. START
155140:T510837_22:GOING TO SEND START
155141:T510837_22:SENT START, WAITING FOR FINISH 
155144:T510837_22:MACHINE DONE
155144:T510837_22:Error Code 0
155157:T510837_23:Machine Process.. START
155157:T510837_23:GOING TO SEND START
155158:T510837_23:SENT START, WAITING FOR FINISH 
155159:T510837_23:MACHINE DONE
155159:T510837_23:Error Code 0
155310:T510837_24:Machine Process.. START
155310:T510837_24:GOING TO SEND START
155311:T510837_24:SENT START, WAITING FOR FINISH 
155312:T510837_24:MACHINE DONE
155312:T510837_24:Error Code 0
155319:T510837_25:Machine Process.. START
155319:T510837_25:GOING TO SEND START
155319:T510837_25:SENT START, WAITING FOR FINISH 
155320:T510837_25:MACHINE DONE
155320:T510837_25:Error Code 0
155434:T510837_26:Machine Process.. START
155434:T510837_26:GOING TO SEND START
155434:T510837_26:SENT START, WAITING FOR FINISH 
155437:T510837_26:MACHINE DONE
155437:T510837_26:Error Code 0
155451:T510837_27:Machine Process.. START
155451:T510837_27:GOING TO SEND START
155451:T510837_27:SENT START, WAITING FOR FINISH 
155453:T510837_27:MACHINE DONE
155453:T510837_27:Error Code 0
155538:T510837_28:Machine Process.. START
155539:T510837_28:GOING TO SEND START
155539:T510837_28:SENT START, WAITING FOR FINISH 
155541:T510837_28:MACHINE DONE
155541:T510837_28:Error Code 0
155631:T510837_29:Machine Process.. START
155631:T510837_29:GOING TO SEND START
155632:T510837_29:SENT START, WAITING FOR FINISH 
155633:T510837_29:MACHINE DONE
155633:T510837_29:Error Code 0
155744:T510837_30:Machine Process.. START
155744:T510837_30:GOING TO SEND START
155744:T510837_30:SENT START, WAITING FOR FINISH 
155746:T510837_30:MACHINE DONE
155746:T510837_30:Error Code 0
155923:T510837_31:Machine Process.. START
155923:T510837_31:GOING TO SEND START
155923:T510837_31:SENT START, WAITING FOR FINISH 
155925:T510837_31:MACHINE DONE
155925:T510837_31:Error Code 0
160019:T510837_32:Machine Process.. START
160019:T510837_32:GOING TO SEND START
160019:T510837_32:SENT START, WAITING FOR FINISH 
160021:T510837_32:MACHINE DONE
160021:T510837_32:Error Code 0
160126:T510837_33:Machine Process.. START
160126:T510837_33:GOING TO SEND START
160126:T510837_33:SENT START, WAITING FOR FINISH 
160129:T510837_33:MACHINE DONE
160129:T510837_33:Error Code 0
160142:T510837_34:Machine Process.. START
160143:T510837_34:GOING TO SEND START
160143:T510837_34:SENT START, WAITING FOR FINISH 
160144:T510837_34:MACHINE DONE
160144:T510837_34:Error Code 0
160246:T510837_35:Machine Process.. START
160247:T510837_35:GOING TO SEND START
160247:T510837_35:SENT START, WAITING FOR FINISH 
160249:T510837_35:MACHINE DONE
160249:T510837_35:Error Code 0
160320:T510837_36:Machine Process.. START
160320:T510837_36:GOING TO SEND START
160321:T510837_36:SENT START, WAITING FOR FINISH 
160324:T510837_36:MACHINE DONE
160324:T510837_36:Error Code 0
160416:T510837_37:Machine Process.. START
160416:T510837_37:GOING TO SEND START
160416:T510837_37:SENT START, WAITING FOR FINISH 
160418:T510837_37:MACHINE DONE
160418:T510837_37:Error Code 0
160450:T510837_38:Machine Process.. START
160450:T510837_38:GOING TO SEND START
160451:T510837_38:SENT START, WAITING FOR FINISH 
160453:T510837_38:MACHINE DONE
160453:T510837_38:Error Code 0
160539:T510837_39:Machine Process.. START
160539:T510837_39:GOING TO SEND START
160540:T510837_39:SENT START, WAITING FOR FINISH 
160541:T510837_39:MACHINE DONE
160541:T510837_39:Error Code 0
160648:T510837_40:Machine Process.. START
160648:T510837_40:GOING TO SEND START
160649:T510837_40:SENT START, WAITING FOR FINISH 
160659:T510837_40:MACHINE DONE
160659:T510837_40:Error Code 0
160722:T510837_41:Machine Process.. START
160722:T510837_41:GOING TO SEND START
160723:T510837_41:SENT START, WAITING FOR FINISH 
160724:T510837_41:MACHINE DONE
160724:T510837_41:Error Code 0
160815:T510837_42:Machine Process.. START
160815:T510837_42:GOING TO SEND START
160816:T510837_42:SENT START, WAITING FOR FINISH 
160818:T510837_42:MACHINE DONE
160818:T510837_42:Error Code 0
160830:T510837_43:Machine Process.. START
160830:T510837_43:GOING TO SEND START
160831:T510837_43:SENT START, WAITING FOR FINISH 
160834:T510837_43:MACHINE DONE
160834:T510837_43:Error Code 0
160950:T510837_44:Machine Process.. START
160950:T510837_44:GOING TO SEND START
160950:T510837_44:SENT START, WAITING FOR FINISH 
160952:T510837_44:MACHINE DONE
160952:T510837_44:Error Code 0
161006:T510837_45:Machine Process.. START
161006:T510837_45:GOING TO SEND START
161007:T510837_45:SENT START, WAITING FOR FINISH 
161008:T510837_45:MACHINE DONE
161008:T510837_45:Error Code 0
161042:T510837_46:Machine Process.. START
161042:T510837_46:GOING TO SEND START
161043:T510837_46:SENT START, WAITING FOR FINISH 
161044:T510837_46:MACHINE DONE
161044:T510837_46:Error Code 0
161135:T510837_47:Machine Process.. START
161135:T510837_47:GOING TO SEND START
161136:T510837_47:SENT START, WAITING FOR FINISH 
161137:T510837_47:MACHINE DONE
161137:T510837_47:Error Code 0
161214:T510837_48:Machine Process.. START
161215:T510837_48:GOING TO SEND START
161215:T510837_48:SENT START, WAITING FOR FINISH 
161217:T510837_48:MACHINE DONE
161217:T510837_48:Error Code 0
161258:T510837_49:Machine Process.. START
161258:T510837_49:GOING TO SEND START
161259:T510837_49:SENT START, WAITING FOR FINISH 
161300:T510837_49:MACHINE DONE
161300:T510837_49:Error Code 0
161320:T510837_50:Machine Process.. START
161320:T510837_50:GOING TO SEND START
161320:T510837_50:SENT START, WAITING FOR FINISH 
161322:T510837_50:MACHINE DONE
161322:T510837_50:Error Code 0
161405:T510837_51:Machine Process.. START
161405:T510837_51:GOING TO SEND START
161405:T510837_51:SENT START, WAITING FOR FINISH 
161410:T510837_51:MACHINE DONE
161410:T510837_51:Error Code 0
161452:T510837_52:Machine Process.. START
161452:T510837_52:GOING TO SEND START
161452:T510837_52:SENT START, WAITING FOR FINISH 
161454:T510837_52:MACHINE DONE
161454:T510837_52:Error Code 0
