095440:T510836_1:Machine Process.. START
095440:T510836_1:GOING TO SEND START
095440:T510836_1:SENT START, WAITING FOR FINISH 
095459:T510836_1:MACHINE DONE
095459:T510836_1:Error Code 0
102409:T510836_2:Machine Process.. START
102409:T510836_2:GOING TO SEND START
102410:T510836_2:SENT START, WAITING FOR FINISH 
102443:T510836_2:MACHINE DONE
102443:T510836_2:Error Code 0
102508:T510836_3:Machine Process.. START
102508:T510836_3:GOING TO SEND START
102508:T510836_3:SENT START, WAITING FOR FINISH 
102546:T510836_3:MACHINE DONE
102546:T510836_3:Error Code 0
102600:T510836_4:Machine Process.. START
102600:T510836_4:GOING TO SEND START
102600:T510836_4:SENT START, WAITING FOR FINISH 
102629:T510836_4:MACHINE DONE
102629:T510836_4:Error Code 0
102709:T510836_5:Machine Process.. START
102709:T510836_5:GOING TO SEND START
102709:T510836_5:SENT START, WAITING FOR FINISH 
102745:T510836_5:MACHINE DONE
102745:T510836_5:Error Code 0
102817:T510836_6:Machine Process.. START
102817:T510836_6:GOING TO SEND START
102818:T510836_6:SENT START, WAITING FOR FINISH 
102845:T510836_6:MACHINE DONE
102845:T510836_6:Error Code 0
102919:T510836_7:Machine Process.. START
102919:T510836_7:GOING TO SEND START
102919:T510836_7:SENT START, WAITING FOR FINISH 
103005:T510836_7:MACHINE DONE
103005:T510836_7:Error Code 0
103022:T510836_8:Machine Process.. START
103022:T510836_8:GOING TO SEND START
103022:T510836_8:SENT START, WAITING FOR FINISH 
103057:T510836_8:MACHINE DONE
103057:T510836_8:Error Code 0
103125:T510836_9:Machine Process.. START
103126:T510836_9:GOING TO SEND START
103126:T510836_9:SENT START, WAITING FOR FINISH 
103220:T510836_9:MACHINE DONE
103220:T510836_9:Error Code 0
103223:T510836_10:Machine Process.. START
103223:T510836_10:GOING TO SEND START
103223:T510836_10:SENT START, WAITING FOR FINISH 
103257:T510836_10:MACHINE DONE
103257:T510836_10:Error Code 0
103316:T510836_11:Machine Process.. START
103317:T510836_11:GOING TO SEND START
103317:T510836_11:SENT START, WAITING FOR FINISH 
103336:T510836_11:MACHINE DONE
103336:T510836_11:Error Code 0
103400:T510836_12:Machine Process.. START
103400:T510836_12:GOING TO SEND START
103400:T510836_12:SENT START, WAITING FOR FINISH 
103428:T510836_12:MACHINE DONE
103428:T510836_12:Error Code 0
103447:T510836_13:Machine Process.. START
103447:T510836_13:GOING TO SEND START
103447:T510836_13:SENT START, WAITING FOR FINISH 
103512:T510836_13:MACHINE DONE
103512:T510836_13:Error Code 0
103613:T510836_14:Machine Process.. START
103613:T510836_14:GOING TO SEND START
103613:T510836_14:SENT START, WAITING FOR FINISH 
103637:T510836_14:MACHINE DONE
103637:T510836_14:Error Code 0
103847:T510836_15:Machine Process.. START
103847:T510836_15:GOING TO SEND START
103847:T510836_15:SENT START, WAITING FOR FINISH 
103917:T510836_15:MACHINE DONE
103917:T510836_15:Error Code 0
103942:T510836_16:Machine Process.. START
103942:T510836_16:GOING TO SEND START
103943:T510836_16:SENT START, WAITING FOR FINISH 
104023:T510836_16:MACHINE DONE
104023:T510836_16:Error Code 0
104026:T510836_17:Machine Process.. START
104026:T510836_17:GOING TO SEND START
104027:T510836_17:SENT START, WAITING FOR FINISH 
104110:T510836_17:MACHINE DONE
104110:T510836_17:Error Code 0
104142:T510836_18:Machine Process.. START
104142:T510836_18:GOING TO SEND START
104143:T510836_18:SENT START, WAITING FOR FINISH 
104213:T510836_18:MACHINE DONE
104213:T510836_18:Error Code 0
104430:T510836_19:Machine Process.. START
104431:T510836_19:GOING TO SEND START
104431:T510836_19:SENT START, WAITING FOR FINISH 
104512:T510836_19:MACHINE DONE
104512:T510836_19:Error Code 0
104541:T510836_20:Machine Process.. START
104542:T510836_20:GOING TO SEND START
104542:T510836_20:SENT START, WAITING FOR FINISH 
104603:T510836_20:MACHINE DONE
104603:T510836_20:Error Code 0
104639:T510836_21:Machine Process.. START
104639:T510836_21:GOING TO SEND START
104640:T510836_21:SENT START, WAITING FOR FINISH 
104658:T510836_21:MACHINE DONE
104658:T510836_21:Error Code 0
104742:T510836_22:Machine Process.. START
104743:T510836_22:GOING TO SEND START
104743:T510836_22:SENT START, WAITING FOR FINISH 
104806:T510836_22:MACHINE DONE
104806:T510836_22:Error Code 0
104928:T510836_23:Machine Process.. START
104928:T510836_23:GOING TO SEND START
104928:T510836_23:SENT START, WAITING FOR FINISH 
105001:T510836_23:MACHINE DONE
105001:T510836_23:Error Code 0
105317:T510836_24:Machine Process.. START
105317:T510836_24:GOING TO SEND START
105317:T510836_24:SENT START, WAITING FOR FINISH 
105349:T510836_24:MACHINE DONE
105349:T510836_24:Error Code 0
105413:T510836_25:Machine Process.. START
105413:T510836_25:GOING TO SEND START
105413:T510836_25:SENT START, WAITING FOR FINISH 
105444:T510836_25:MACHINE DONE
105444:T510836_25:Error Code 0
105503:T510836_26:Machine Process.. START
105503:T510836_26:GOING TO SEND START
105503:T510836_26:SENT START, WAITING FOR FINISH 
105532:T510836_26:MACHINE DONE
105532:T510836_26:Error Code 0
105559:T510836_27:Machine Process.. START
105600:T510836_27:GOING TO SEND START
105600:T510836_27:SENT START, WAITING FOR FINISH 
105744:T510836_27:MACHINE DONE
105744:T510836_27:Error Code 0
105807:T510836_28:Machine Process.. START
105807:T510836_28:GOING TO SEND START
105808:T510836_28:SENT START, WAITING FOR FINISH 
105830:T510836_28:MACHINE DONE
105830:T510836_28:Error Code 0
105908:T510836_29:Machine Process.. START
105909:T510836_29:GOING TO SEND START
105909:T510836_29:SENT START, WAITING FOR FINISH 
105928:T510836_29:MACHINE DONE
105928:T510836_29:Error Code 0
110039:T510836_30:Machine Process.. START
110039:T510836_30:GOING TO SEND START
110040:T510836_30:SENT START, WAITING FOR FINISH 
110107:T510836_30:MACHINE DONE
110107:T510836_30:Error Code 0
130829:T510836_35:Machine Process.. START
130829:T510836_35:GOING TO SEND START
130830:T510836_35:SENT START, WAITING FOR FINISH 
130902:T510836_35:MACHINE DONE
130902:T510836_35:Error Code 0
130910:T510836_36:Machine Process.. START
130910:T510836_36:GOING TO SEND START
130911:T510836_36:SENT START, WAITING FOR FINISH 
130944:T510836_36:MACHINE DONE
130945:T510836_36:Error Code 0
130954:T510836_37:Machine Process.. START
130955:T510836_37:GOING TO SEND START
130955:T510836_37:SENT START, WAITING FOR FINISH 
131016:T510836_37:MACHINE DONE
131016:T510836_37:Error Code 0
131044:T510836_38:Machine Process.. START
131044:T510836_38:GOING TO SEND START
131044:T510836_38:SENT START, WAITING FOR FINISH 
131126:T510836_38:MACHINE DONE
131126:T510836_38:Error Code 0
131132:T510836_39:Machine Process.. START
131132:T510836_39:GOING TO SEND START
131132:T510836_39:SENT START, WAITING FOR FINISH 
131314:T510836_39:MACHINE DONE
131314:T510836_39:Error Code 0
131317:T510836_40:Machine Process.. START
131317:T510836_40:GOING TO SEND START
131317:T510836_40:SENT START, WAITING FOR FINISH 
131451:T510836_40:MACHINE DONE
131451:T510836_40:Error Code 0
131454:T510836_41:Machine Process.. START
131454:T510836_41:GOING TO SEND START
131455:T510836_41:SENT START, WAITING FOR FINISH 
135514:T510836_47:Machine Process.. START
135514:T510836_47:GOING TO SEND START
135515:T510836_47:SENT START, WAITING FOR FINISH 
135805:T510836_47:MACHINE DONE
135805:T510836_41:MACHINE DONE
135805:T510836_41:Error Code 0
135805:T510836_47:Error Code 0
135851:T510836_48:Machine Process.. START
135851:T510836_48:GOING TO SEND START
135851:T510836_48:SENT START, WAITING FOR FINISH 
135918:T510836_48:MACHINE DONE
135918:T510836_48:Error Code 0
135933:T510836_49:Machine Process.. START
135933:T510836_49:GOING TO SEND START
135934:T510836_49:SENT START, WAITING FOR FINISH 
140129:T510836_49:MACHINE DONE
140129:T510836_49:Error Code 0
140132:T510836_50:Machine Process.. START
140132:T510836_50:GOING TO SEND START
140133:T510836_50:SENT START, WAITING FOR FINISH 
140207:T510836_50:MACHINE DONE
140207:T510836_50:Error Code 0
140219:T510836_51:Machine Process.. START
140219:T510836_51:GOING TO SEND START
140220:T510836_51:SENT START, WAITING FOR FINISH 
140305:T510836_51:MACHINE DONE
140305:T510836_51:Error Code 0
140316:T510836_52:Machine Process.. START
140316:T510836_52:GOING TO SEND START
140317:T510836_52:SENT START, WAITING FOR FINISH 
140351:T510836_52:MACHINE DONE
140351:T510836_52:Error Code 0
140404:T510836_53:Machine Process.. START
140404:T510836_53:GOING TO SEND START
140404:T510836_53:SENT START, WAITING FOR FINISH 
140429:T510836_53:MACHINE DONE
140429:T510836_53:Error Code 0
140454:T510836_54:Machine Process.. START
140454:T510836_54:GOING TO SEND START
140454:T510836_54:SENT START, WAITING FOR FINISH 
140551:T510836_54:MACHINE DONE
140551:T510836_54:Error Code 0
140556:T510836_55:Machine Process.. START
140556:T510836_55:GOING TO SEND START
140557:T510836_55:SENT START, WAITING FOR FINISH 
140613:T510836_55:MACHINE DONE
140613:T510836_55:Error Code 0
140657:T510836_56:Machine Process.. START
140657:T510836_56:GOING TO SEND START
140658:T510836_56:SENT START, WAITING FOR FINISH 
140718:T510836_56:MACHINE DONE
140718:T510836_56:Error Code 0
140743:T510836_57:Machine Process.. START
140743:T510836_57:GOING TO SEND START
140743:T510836_57:SENT START, WAITING FOR FINISH 
140806:T510836_57:MACHINE DONE
140806:T510836_57:Error Code 0
140834:T510836_58:Machine Process.. START
140834:T510836_58:GOING TO SEND START
140835:T510836_58:SENT START, WAITING FOR FINISH 
140858:T510836_58:MACHINE DONE
140858:T510836_58:Error Code 0
140924:T510836_59:Machine Process.. START
140924:T510836_59:GOING TO SEND START
140925:T510836_59:SENT START, WAITING FOR FINISH 
140950:T510836_59:MACHINE DONE
140950:T510836_59:Error Code 0
141102:T510836_60:Machine Process.. START
141102:T510836_60:GOING TO SEND START
141103:T510836_60:SENT START, WAITING FOR FINISH 
141130:T510836_60:MACHINE DONE
141130:T510836_60:Error Code 0
141306:T510836_61:Machine Process.. START
141306:T510836_61:GOING TO SEND START
141306:T510836_61:SENT START, WAITING FOR FINISH 
141335:T510836_61:MACHINE DONE
141335:T510836_61:Error Code 0
141404:T510836_62:Machine Process.. START
141404:T510836_62:GOING TO SEND START
141404:T510836_62:SENT START, WAITING FOR FINISH 
141426:T510836_62:MACHINE DONE
141426:T510836_62:Error Code 0
141454:T510836_63:Machine Process.. START
141454:T510836_63:GOING TO SEND START
141454:T510836_63:SENT START, WAITING FOR FINISH 
141519:T510836_63:MACHINE DONE
141519:T510836_63:Error Code 0
141535:T510836_64:Machine Process.. START
141536:T510836_64:GOING TO SEND START
141536:T510836_64:SENT START, WAITING FOR FINISH 
141557:T510836_64:MACHINE DONE
141557:T510836_64:Error Code 0
141633:T510836_65:Machine Process.. START
141633:T510836_65:GOING TO SEND START
141633:T510836_65:SENT START, WAITING FOR FINISH 
141651:T510836_65:MACHINE DONE
141651:T510836_65:Error Code 0
141715:T510836_66:Machine Process.. START
141715:T510836_66:GOING TO SEND START
141715:T510836_66:SENT START, WAITING FOR FINISH 
141740:T510836_66:MACHINE DONE
141740:T510836_66:Error Code 0
141759:T510836_67:Machine Process.. START
141759:T510836_67:GOING TO SEND START
141800:T510836_67:SENT START, WAITING FOR FINISH 
142107:T510836_67:MACHINE DONE
142107:T510836_67:Error Code 0
142228:T510836_68:Machine Process.. START
142228:T510836_68:GOING TO SEND START
142228:T510836_68:SENT START, WAITING FOR FINISH 
142252:T510836_68:MACHINE DONE
142252:T510836_68:Error Code 0
142314:T510836_69:Machine Process.. START
142314:T510836_69:GOING TO SEND START
142315:T510836_69:SENT START, WAITING FOR FINISH 
142341:T510836_69:MACHINE DONE
142341:T510836_69:Error Code 0
142409:T510836_70:Machine Process.. START
142409:T510836_70:GOING TO SEND START
142409:T510836_70:SENT START, WAITING FOR FINISH 
142442:T510836_70:MACHINE DONE
142442:T510836_70:Error Code 0
142456:T510836_71:Machine Process.. START
142456:T510836_71:GOING TO SEND START
142457:T510836_71:SENT START, WAITING FOR FINISH 
142521:T510836_71:MACHINE DONE
142521:T510836_71:Error Code 0
142550:T510836_72:Machine Process.. START
142551:T510836_72:GOING TO SEND START
142551:T510836_72:SENT START, WAITING FOR FINISH 
142614:T510836_72:MACHINE DONE
142614:T510836_72:Error Code 0
142656:T510836_73:Machine Process.. START
142656:T510836_73:GOING TO SEND START
142656:T510836_73:SENT START, WAITING FOR FINISH 
142726:T510836_73:MACHINE DONE
142726:T510836_73:Error Code 0
142750:T510836_74:Machine Process.. START
142750:T510836_74:GOING TO SEND START
142750:T510836_74:SENT START, WAITING FOR FINISH 
142811:T510836_74:MACHINE DONE
142811:T510836_74:Error Code 0
142842:T510836_75:Machine Process.. START
142842:T510836_75:GOING TO SEND START
142842:T510836_75:SENT START, WAITING FOR FINISH 
142922:T510836_75:MACHINE DONE
142922:T510836_75:Error Code 0
143052:T510836_76:Machine Process.. START
143052:T510836_76:GOING TO SEND START
143053:T510836_76:SENT START, WAITING FOR FINISH 
143114:T510836_76:MACHINE DONE
143114:T510836_76:Error Code 0
143143:T510836_77:Machine Process.. START
143144:T510836_77:GOING TO SEND START
143144:T510836_77:SENT START, WAITING FOR FINISH 
143218:T510836_77:MACHINE DONE
143218:T510836_77:Error Code 0
143251:T510836_78:Machine Process.. START
143251:T510836_78:GOING TO SEND START
143251:T510836_78:SENT START, WAITING FOR FINISH 
143315:T510836_78:MACHINE DONE
143315:T510836_78:Error Code 0
143457:T510836_79:Machine Process.. START
143457:T510836_79:GOING TO SEND START
143458:T510836_79:SENT START, WAITING FOR FINISH 
143523:T510836_79:MACHINE DONE
143523:T510836_79:Error Code 0
143547:T510836_80:Machine Process.. START
143547:T510836_80:GOING TO SEND START
143548:T510836_80:SENT START, WAITING FOR FINISH 
143610:T510836_80:MACHINE DONE
143610:T510836_80:Error Code 0
143655:T510836_81:Machine Process.. START
143655:T510836_81:GOING TO SEND START
143656:T510836_81:SENT START, WAITING FOR FINISH 
143718:T510836_81:MACHINE DONE
143718:T510836_81:Error Code 0
143742:T510836_82:Machine Process.. START
143742:T510836_82:GOING TO SEND START
143742:T510836_82:SENT START, WAITING FOR FINISH 
143804:T510836_82:MACHINE DONE
143804:T510836_82:Error Code 0
143840:T510836_83:Machine Process.. START
143840:T510836_83:GOING TO SEND START
143840:T510836_83:SENT START, WAITING FOR FINISH 
143933:T510836_83:MACHINE DONE
143933:T510836_83:Error Code 0
144003:T510836_84:Machine Process.. START
144003:T510836_84:GOING TO SEND START
144003:T510836_84:SENT START, WAITING FOR FINISH 
144042:T510836_84:MACHINE DONE
144042:T510836_84:Error Code 0
144111:T510836_85:Machine Process.. START
144112:T510836_85:GOING TO SEND START
144112:T510836_85:SENT START, WAITING FOR FINISH 
144131:T510836_85:MACHINE DONE
144131:T510836_85:Error Code 0
144635:T510836_86:Machine Process.. START
144635:T510836_86:GOING TO SEND START
144635:T510836_86:SENT START, WAITING FOR FINISH 
144745:T510836_86:MACHINE DONE
144745:T510836_86:Error Code 0
144748:T510836_87:Machine Process.. START
144748:T510836_87:GOING TO SEND START
144749:T510836_87:SENT START, WAITING FOR FINISH 
144847:T510836_87:MACHINE DONE
144847:T510836_87:Error Code 0
145441:T510836_88:Machine Process.. START
145441:T510836_88:GOING TO SEND START
145441:T510836_88:SENT START, WAITING FOR FINISH 
145508:T510836_88:MACHINE DONE
145508:T510836_88:Error Code 0
145531:T510836_89:Machine Process.. START
145531:T510836_89:GOING TO SEND START
145531:T510836_89:SENT START, WAITING FOR FINISH 
145553:T510836_89:MACHINE DONE
145553:T510836_89:Error Code 0
145701:T510836_90:Machine Process.. START
145701:T510836_90:GOING TO SEND START
145702:T510836_90:SENT START, WAITING FOR FINISH 
145737:T510836_90:MACHINE DONE
145737:T510836_90:Error Code 0
145744:T510836_91:Machine Process.. START
145744:T510836_91:GOING TO SEND START
145744:T510836_91:SENT START, WAITING FOR FINISH 
145807:T510836_91:MACHINE DONE
145807:T510836_91:Error Code 0
145910:T510836_92:Machine Process.. START
145910:T510836_92:GOING TO SEND START
145910:T510836_92:SENT START, WAITING FOR FINISH 
153656:T510836_98:Machine Process.. START
153656:T510836_98:GOING TO SEND START
153656:T510836_98:SENT START, WAITING FOR FINISH 
153710:T510836_98:MACHINE DONE
153710:T510836_92:MACHINE DONE
153710:T510836_98:Error Code 0
153710:T510836_92:Error Code 0
153734:T510836_99:Machine Process.. START
153734:T510836_99:GOING TO SEND START
153735:T510836_99:SENT START, WAITING FOR FINISH 
153737:T510836_99:MACHINE DONE
153737:T510836_99:Error Code 0
153757:T510836_100:Machine Process.. START
153758:T510836_100:GOING TO SEND START
153758:T510836_100:SENT START, WAITING FOR FINISH 
153803:T510836_100:MACHINE DONE
153803:T510836_100:Error Code 0
153821:T510836_101:Machine Process.. START
153821:T510836_101:GOING TO SEND START
153822:T510836_101:SENT START, WAITING FOR FINISH 
153835:T510836_101:MACHINE DONE
153835:T510836_101:Error Code 0
154217:T510836_102:Machine Process.. START
154217:T510836_102:GOING TO SEND START
154218:T510836_102:SENT START, WAITING FOR FINISH 
154220:T510836_102:MACHINE DONE
154220:T510836_102:Error Code 0
154248:T510836_103:Machine Process.. START
154248:T510836_103:GOING TO SEND START
154249:T510836_103:SENT START, WAITING FOR FINISH 
154305:T510836_103:MACHINE DONE
154305:T510836_103:Error Code 0
171942:T510836_107:Machine Process.. START
171942:T510836_107:GOING TO SEND START
171943:T510836_107:SENT START, WAITING FOR FINISH 
171945:T510836_107:MACHINE DONE
171945:T510836_107:Error Code 0
172012:T510836_108:Machine Process.. START
172012:T510836_108:GOING TO SEND START
172013:T510836_108:SENT START, WAITING FOR FINISH 
172017:T510836_108:MACHINE DONE
172017:T510836_108:Error Code 0
172106:T510836_109:Machine Process.. START
172106:T510836_109:GOING TO SEND START
172107:T510836_109:SENT START, WAITING FOR FINISH 
172115:T510836_109:MACHINE DONE
172115:T510836_109:Error Code 0
172142:T510836_110:Machine Process.. START
172142:T510836_110:GOING TO SEND START
172142:T510836_110:SENT START, WAITING FOR FINISH 
172151:T510836_110:MACHINE DONE
172151:T510836_110:Error Code 0
172453:T510836_111:Machine Process.. START
172453:T510836_111:GOING TO SEND START
172454:T510836_111:SENT START, WAITING FOR FINISH 
172502:T510836_111:MACHINE DONE
172502:T510836_111:Error Code 0
