104213:T589126_1:Machine Process.. START
104214:T589126_1:GOING TO SEND START
104214:T589126_1:SENT START, WAITING FOR FINISH 
104741:T589126_1:MACHINE DONE
104741:T589126_1:Error Code 0
104800:T589126_2:Machine Process.. START
104800:T589126_2:GOING TO SEND START
104800:T589126_2:SENT START, WAITING FOR FINISH 
104946:T589126_2:MACHINE DONE
104946:T589126_2:Error Code 0
105240:T589126_3:Machine Process.. START
105240:T589126_3:GOING TO SEND START
105241:T589126_3:SENT START, WAITING FOR FINISH 
105526:T589126_3:MACHINE DONE
105526:T589126_3:Error Code 0
105641:T589126_4:Machine Process.. START
105641:T589126_4:GOING TO SEND START
105641:T589126_4:SENT START, WAITING FOR FINISH 
105845:T589126_4:MACHINE DONE
105845:T589126_4:Error Code 0
105848:T589126_5:Machine Process.. START
105848:T589126_5:GOING TO SEND START
105849:T589126_5:SENT START, WAITING FOR FINISH 
110030:T589126_5:MACHINE DONE
110031:T589126_5:Error Code 0
110034:T589126_6:Machine Process.. START
110034:T589126_6:GOING TO SEND START
110034:T589126_6:SENT START, WAITING FOR FINISH 
110204:T589126_6:MACHINE DONE
110204:T589126_6:Error Code 0
110522:T589126_7:Machine Process.. START
110523:T589126_7:GOING TO SEND START
110523:T589126_7:SENT START, WAITING FOR FINISH 
110653:T589126_7:MACHINE DONE
110653:T589126_7:Error Code 0
111054:T589126_8:Machine Process.. START
111054:T589126_8:GOING TO SEND START
111054:T589126_8:SENT START, WAITING FOR FINISH 
111221:T589126_8:MACHINE DONE
111221:T589126_8:Error Code 0
111351:T589126_9:Machine Process.. START
111352:T589126_9:GOING TO SEND START
111352:T589126_9:SENT START, WAITING FOR FINISH 
111514:T589126_9:MACHINE DONE
111514:T589126_9:Error Code 0
111828:T589126_10:Machine Process.. START
111828:T589126_10:GOING TO SEND START
111828:T589126_10:SENT START, WAITING FOR FINISH 
112018:T589126_10:MACHINE DONE
112018:T589126_10:Error Code 0
112020:T589126_11:Machine Process.. START
112021:T589126_11:GOING TO SEND START
112021:T589126_11:SENT START, WAITING FOR FINISH 
112414:T589126_11:MACHINE DONE
112414:T589126_11:Error Code 0
112417:T589126_12:Machine Process.. START
112417:T589126_12:GOING TO SEND START
112418:T589126_12:SENT START, WAITING FOR FINISH 
112543:T589126_12:MACHINE DONE
112543:T589126_12:Error Code 0
112814:T589126_13:Machine Process.. START
112814:T589126_13:GOING TO SEND START
112814:T589126_13:SENT START, WAITING FOR FINISH 
113051:T589126_13:MACHINE DONE
113051:T589126_13:Error Code 0
113247:T589126_14:Machine Process.. START
113247:T589126_14:GOING TO SEND START
113247:T589126_14:SENT START, WAITING FOR FINISH 
113403:T589126_14:MACHINE DONE
113403:T589126_14:Error Code 0
113423:T589126_15:Machine Process.. START
113423:T589126_15:GOING TO SEND START
113423:T589126_15:SENT START, WAITING FOR FINISH 
113536:T589126_15:MACHINE DONE
113537:T589126_15:Error Code 0
113539:T589126_16:Machine Process.. START
113539:T589126_16:GOING TO SEND START
113540:T589126_16:SENT START, WAITING FOR FINISH 
113647:T589126_16:MACHINE DONE
113647:T589126_16:Error Code 0
114004:T589126_17:Machine Process.. START
114004:T589126_17:GOING TO SEND START
114005:T589126_17:SENT START, WAITING FOR FINISH 
114437:T589126_17:MACHINE DONE
114437:T589126_17:Error Code 0
114503:T589126_18:Machine Process.. START
114503:T589126_18:GOING TO SEND START
114503:T589126_18:SENT START, WAITING FOR FINISH 
114655:T589126_18:MACHINE DONE
114655:T589126_18:Error Code 0
114800:T589126_19:Machine Process.. START
114800:T589126_19:GOING TO SEND START
114800:T589126_19:SENT START, WAITING FOR FINISH 
114900:T589126_19:MACHINE DONE
114900:T589126_19:Error Code 0
114903:T589126_20:Machine Process.. START
114903:T589126_20:GOING TO SEND START
114903:T589126_20:SENT START, WAITING FOR FINISH 
115106:T589126_20:MACHINE DONE
115106:T589126_20:Error Code 0
