095206:T510836_23:MACHINE DONE
095206:T510836_23:Error Code 0
095828:T510836_1:Machine Process.. START
095828:T510836_1:GOING TO SEND START
095829:T510836_1:SENT START, WAITING FOR FINISH 
095944:T510836_1:MACHINE DONE
095944:T510836_1:Error Code 0
102745:T510836_2:Machine Process.. START
102745:T510836_2:GOING TO SEND START
102745:T510836_2:SENT START, WAITING FOR FINISH 
102929:T510836_2:MACHINE DONE
102929:T510836_2:Error Code 0
102932:T510836_3:Machine Process.. START
102932:T510836_3:GOING TO SEND START
102932:T510836_3:SENT START, WAITING FOR FINISH 
103050:T510836_3:MACHINE DONE
103050:T510836_3:Error Code 0
103058:T510836_4:Machine Process.. START
103058:T510836_4:GOING TO SEND START
103058:T510836_4:SENT START, WAITING FOR FINISH 
103222:T510836_4:MACHINE DONE
103222:T510836_4:Error Code 0
103225:T510836_5:Machine Process.. START
103226:T510836_5:GOING TO SEND START
103226:T510836_5:SENT START, WAITING FOR FINISH 
103356:T510836_5:MACHINE DONE
103356:T510836_5:Error Code 0
103358:T510836_6:Machine Process.. START
103358:T510836_6:GOING TO SEND START
103359:T510836_6:SENT START, WAITING FOR FINISH 
103528:T510836_6:MACHINE DONE
103528:T510836_6:Error Code 0
103537:T510836_7:Machine Process.. START
103538:T510836_7:GOING TO SEND START
103538:T510836_7:SENT START, WAITING FOR FINISH 
103654:T510836_7:MACHINE DONE
103654:T510836_7:Error Code 0
103657:T510836_8:Machine Process.. START
103657:T510836_8:GOING TO SEND START
103657:T510836_8:SENT START, WAITING FOR FINISH 
103815:T510836_8:MACHINE DONE
103815:T510836_8:Error Code 0
103818:T510836_9:Machine Process.. START
103818:T510836_9:GOING TO SEND START
103818:T510836_9:SENT START, WAITING FOR FINISH 
103933:T510836_9:MACHINE DONE
103933:T510836_9:Error Code 0
103936:T510836_10:Machine Process.. START
103936:T510836_10:GOING TO SEND START
103936:T510836_10:SENT START, WAITING FOR FINISH 
104103:T510836_10:MACHINE DONE
104103:T510836_10:Error Code 0
104106:T510836_11:Machine Process.. START
104106:T510836_11:GOING TO SEND START
104106:T510836_11:SENT START, WAITING FOR FINISH 
104220:T510836_11:MACHINE DONE
104220:T510836_11:Error Code 0
104223:T510836_12:Machine Process.. START
104223:T510836_12:GOING TO SEND START
104223:T510836_12:SENT START, WAITING FOR FINISH 
104341:T510836_12:MACHINE DONE
104341:T510836_12:Error Code 0
104344:T510836_13:Machine Process.. START
104344:T510836_13:GOING TO SEND START
104344:T510836_13:SENT START, WAITING FOR FINISH 
104457:T510836_13:MACHINE DONE
104457:T510836_13:Error Code 0
104459:T510836_14:Machine Process.. START
104500:T510836_14:GOING TO SEND START
104500:T510836_14:SENT START, WAITING FOR FINISH 
104615:T510836_14:MACHINE DONE
104615:T510836_14:Error Code 0
104617:T510836_15:Machine Process.. START
104617:T510836_15:GOING TO SEND START
104617:T510836_15:SENT START, WAITING FOR FINISH 
104736:T510836_15:MACHINE DONE
104736:T510836_15:Error Code 0
104739:T510836_16:Machine Process.. START
104739:T510836_16:GOING TO SEND START
104739:T510836_16:SENT START, WAITING FOR FINISH 
105024:T510836_16:MACHINE DONE
105024:T510836_16:Error Code 0
105027:T510836_17:Machine Process.. START
105027:T510836_17:GOING TO SEND START
105028:T510836_17:SENT START, WAITING FOR FINISH 
105145:T510836_17:MACHINE DONE
105145:T510836_17:Error Code 0
105147:T510836_18:Machine Process.. START
105147:T510836_18:GOING TO SEND START
105148:T510836_18:SENT START, WAITING FOR FINISH 
105302:T510836_18:MACHINE DONE
105302:T510836_18:Error Code 0
105304:T510836_19:Machine Process.. START
105304:T510836_19:GOING TO SEND START
105305:T510836_19:SENT START, WAITING FOR FINISH 
105420:T510836_19:MACHINE DONE
105420:T510836_19:Error Code 0
105422:T510836_20:Machine Process.. START
105422:T510836_20:GOING TO SEND START
105422:T510836_20:SENT START, WAITING FOR FINISH 
105537:T510836_20:MACHINE DONE
105537:T510836_20:Error Code 0
105539:T510836_21:Machine Process.. START
105540:T510836_21:GOING TO SEND START
105540:T510836_21:SENT START, WAITING FOR FINISH 
105656:T510836_21:MACHINE DONE
105656:T510836_21:Error Code 0
105658:T510836_22:Machine Process.. START
105659:T510836_22:GOING TO SEND START
105659:T510836_22:SENT START, WAITING FOR FINISH 
105901:T510836_22:MACHINE DONE
105901:T510836_22:Error Code 0
105903:T510836_23:Machine Process.. START
105903:T510836_23:GOING TO SEND START
105903:T510836_23:SENT START, WAITING FOR FINISH 
110015:T510836_23:MACHINE DONE
110015:T510836_23:Error Code 0
110242:T510836_24:Machine Process.. START
110242:T510836_24:GOING TO SEND START
110243:T510836_24:SENT START, WAITING FOR FINISH 
110359:T510836_24:MACHINE DONE
110359:T510836_24:Error Code 0
110402:T510836_25:Machine Process.. START
110402:T510836_25:GOING TO SEND START
110402:T510836_25:SENT START, WAITING FOR FINISH 
110520:T510836_25:MACHINE DONE
110520:T510836_25:Error Code 0
131242:T510836_35:Machine Process.. START
131242:T510836_35:GOING TO SEND START
131242:T510836_35:SENT START, WAITING FOR FINISH 
131329:T510836_35:MACHINE DONE
131329:T510836_35:Error Code 0
131332:T510836_36:Machine Process.. START
131332:T510836_36:GOING TO SEND START
131332:T510836_36:SENT START, WAITING FOR FINISH 
131343:T510836_36:MACHINE DONE
131343:T510836_36:Error Code 0
140147:T510836_47:Machine Process.. START
140147:T510836_47:GOING TO SEND START
140148:T510836_47:SENT START, WAITING FOR FINISH 
140257:T510836_47:MACHINE DONE
140257:T510836_47:Error Code 0
140305:T510836_48:Machine Process.. START
140305:T510836_48:GOING TO SEND START
140305:T510836_48:SENT START, WAITING FOR FINISH 
140316:T510836_48:MACHINE DONE
140316:T510836_48:Error Code 0
140358:T510836_49:Machine Process.. START
140358:T510836_49:GOING TO SEND START
140359:T510836_49:SENT START, WAITING FOR FINISH 
140416:T510836_49:MACHINE DONE
140416:T510836_49:Error Code 0
140554:T510836_50:Machine Process.. START
140554:T510836_50:GOING TO SEND START
140555:T510836_50:SENT START, WAITING FOR FINISH 
140605:T510836_50:MACHINE DONE
140605:T510836_50:Error Code 0
140651:T510836_51:Machine Process.. START
140651:T510836_51:GOING TO SEND START
140651:T510836_51:SENT START, WAITING FOR FINISH 
140703:T510836_51:MACHINE DONE
140703:T510836_51:Error Code 0
140741:T510836_52:Machine Process.. START
140742:T510836_52:GOING TO SEND START
140742:T510836_52:SENT START, WAITING FOR FINISH 
140752:T510836_52:MACHINE DONE
140752:T510836_52:Error Code 0
140805:T510836_53:Machine Process.. START
140805:T510836_53:GOING TO SEND START
140805:T510836_53:SENT START, WAITING FOR FINISH 
140814:T510836_53:MACHINE DONE
140814:T510836_53:Error Code 0
140920:T510836_54:Machine Process.. START
140920:T510836_54:GOING TO SEND START
140921:T510836_54:SENT START, WAITING FOR FINISH 
140930:T510836_54:MACHINE DONE
140930:T510836_54:Error Code 0
140954:T510836_55:Machine Process.. START
140954:T510836_55:GOING TO SEND START
140954:T510836_55:SENT START, WAITING FOR FINISH 
141005:T510836_55:MACHINE DONE
141005:T510836_55:Error Code 0
141119:T510836_56:Machine Process.. START
141119:T510836_56:GOING TO SEND START
141120:T510836_56:SENT START, WAITING FOR FINISH 
141152:T510836_56:MACHINE DONE
141152:T510836_56:Error Code 0
141229:T510836_57:Machine Process.. START
141229:T510836_57:GOING TO SEND START
141230:T510836_57:SENT START, WAITING FOR FINISH 
141248:T510836_57:MACHINE DONE
141248:T510836_57:Error Code 0
141337:T510836_58:Machine Process.. START
141337:T510836_58:GOING TO SEND START
141337:T510836_58:SENT START, WAITING FOR FINISH 
141347:T510836_58:MACHINE DONE
141348:T510836_58:Error Code 0
141433:T510836_59:Machine Process.. START
141433:T510836_59:GOING TO SEND START
141434:T510836_59:SENT START, WAITING FOR FINISH 
141442:T510836_59:MACHINE DONE
141442:T510836_59:Error Code 0
141553:T510836_60:Machine Process.. START
141553:T510836_60:GOING TO SEND START
141553:T510836_60:SENT START, WAITING FOR FINISH 
141606:T510836_60:MACHINE DONE
141606:T510836_60:Error Code 0
141924:T510836_61:Machine Process.. START
141925:T510836_61:GOING TO SEND START
141925:T510836_61:SENT START, WAITING FOR FINISH 
141935:T510836_61:MACHINE DONE
141935:T510836_61:Error Code 0
141953:T510836_62:Machine Process.. START
141953:T510836_62:GOING TO SEND START
141954:T510836_62:SENT START, WAITING FOR FINISH 
142002:T510836_62:MACHINE DONE
142002:T510836_62:Error Code 0
142058:T510836_63:Machine Process.. START
142058:T510836_63:GOING TO SEND START
142058:T510836_63:SENT START, WAITING FOR FINISH 
142110:T510836_63:MACHINE DONE
142110:T510836_63:Error Code 0
142142:T510836_64:Machine Process.. START
142143:T510836_64:GOING TO SEND START
142143:T510836_64:SENT START, WAITING FOR FINISH 
142154:T510836_64:MACHINE DONE
142154:T510836_64:Error Code 0
142235:T510836_65:Machine Process.. START
142235:T510836_65:GOING TO SEND START
142236:T510836_65:SENT START, WAITING FOR FINISH 
142249:T510836_65:MACHINE DONE
142249:T510836_65:Error Code 0
142304:T510836_66:Machine Process.. START
142304:T510836_66:GOING TO SEND START
142305:T510836_66:SENT START, WAITING FOR FINISH 
142313:T510836_66:MACHINE DONE
142313:T510836_66:Error Code 0
142440:T510836_67:Machine Process.. START
142440:T510836_67:GOING TO SEND START
142440:T510836_67:SENT START, WAITING FOR FINISH 
142450:T510836_67:MACHINE DONE
142450:T510836_67:Error Code 0
142641:T510836_68:Machine Process.. START
142641:T510836_68:GOING TO SEND START
142641:T510836_68:SENT START, WAITING FOR FINISH 
142649:T510836_68:MACHINE DONE
142649:T510836_68:Error Code 0
142815:T510836_69:Machine Process.. START
142815:T510836_69:GOING TO SEND START
142816:T510836_69:SENT START, WAITING FOR FINISH 
142824:T510836_69:MACHINE DONE
142824:T510836_69:Error Code 0
143028:T510836_70:Machine Process.. START
143028:T510836_70:GOING TO SEND START
143029:T510836_70:SENT START, WAITING FOR FINISH 
143052:T510836_70:MACHINE DONE
143052:T510836_70:Error Code 0
143108:T510836_71:Machine Process.. START
143109:T510836_71:GOING TO SEND START
143109:T510836_71:SENT START, WAITING FOR FINISH 
143116:T510836_71:MACHINE DONE
143116:T510836_71:Error Code 0
143142:T510836_72:Machine Process.. START
143142:T510836_72:GOING TO SEND START
143142:T510836_72:SENT START, WAITING FOR FINISH 
143153:T510836_72:MACHINE DONE
143153:T510836_72:Error Code 0
143223:T510836_73:Machine Process.. START
143223:T510836_73:GOING TO SEND START
143224:T510836_73:SENT START, WAITING FOR FINISH 
143230:T510836_73:MACHINE DONE
143230:T510836_73:Error Code 0
143308:T510836_74:Machine Process.. START
143308:T510836_74:GOING TO SEND START
143309:T510836_74:SENT START, WAITING FOR FINISH 
143313:T510836_74:MACHINE DONE
143313:T510836_74:Error Code 0
143444:T510836_75:Machine Process.. START
143444:T510836_75:GOING TO SEND START
143444:T510836_75:SENT START, WAITING FOR FINISH 
143459:T510836_75:MACHINE DONE
143459:T510836_75:Error Code 0
143515:T510836_76:Machine Process.. START
143516:T510836_76:GOING TO SEND START
143516:T510836_76:SENT START, WAITING FOR FINISH 
143534:T510836_76:MACHINE DONE
143534:T510836_76:Error Code 0
143622:T510836_77:Machine Process.. START
143622:T510836_77:GOING TO SEND START
143623:T510836_77:SENT START, WAITING FOR FINISH 
143638:T510836_77:MACHINE DONE
143638:T510836_77:Error Code 0
143713:T510836_78:Machine Process.. START
143713:T510836_78:GOING TO SEND START
143714:T510836_78:SENT START, WAITING FOR FINISH 
143727:T510836_78:MACHINE DONE
143727:T510836_78:Error Code 0
143855:T510836_79:Machine Process.. START
143855:T510836_79:GOING TO SEND START
143856:T510836_79:SENT START, WAITING FOR FINISH 
143907:T510836_79:MACHINE DONE
143907:T510836_79:Error Code 0
143923:T510836_80:Machine Process.. START
143923:T510836_80:GOING TO SEND START
143924:T510836_80:SENT START, WAITING FOR FINISH 
143943:T510836_80:MACHINE DONE
143943:T510836_80:Error Code 0
144103:T510836_81:Machine Process.. START
144103:T510836_81:GOING TO SEND START
144103:T510836_81:SENT START, WAITING FOR FINISH 
144113:T510836_81:MACHINE DONE
144113:T510836_81:Error Code 0
144140:T510836_82:Machine Process.. START
144140:T510836_82:GOING TO SEND START
144140:T510836_82:SENT START, WAITING FOR FINISH 
144152:T510836_82:MACHINE DONE
144152:T510836_82:Error Code 0
144312:T510836_83:Machine Process.. START
144312:T510836_83:GOING TO SEND START
144313:T510836_83:SENT START, WAITING FOR FINISH 
144341:T510836_83:MACHINE DONE
144341:T510836_83:Error Code 0
144501:T510836_84:Machine Process.. START
144502:T510836_84:GOING TO SEND START
144502:T510836_84:SENT START, WAITING FOR FINISH 
144526:T510836_84:MACHINE DONE
144526:T510836_84:Error Code 0
144558:T510836_85:Machine Process.. START
144558:T510836_85:GOING TO SEND START
144558:T510836_85:SENT START, WAITING FOR FINISH 
144607:T510836_85:MACHINE DONE
144607:T510836_85:Error Code 0
145113:T510836_86:Machine Process.. START
145114:T510836_86:GOING TO SEND START
145114:T510836_86:SENT START, WAITING FOR FINISH 
145123:T510836_86:MACHINE DONE
145123:T510836_86:Error Code 0
145347:T510836_87:Machine Process.. START
145347:T510836_87:GOING TO SEND START
145348:T510836_87:SENT START, WAITING FOR FINISH 
145425:T510836_87:MACHINE DONE
145425:T510836_87:Error Code 0
145843:T510836_88:Machine Process.. START
145843:T510836_88:GOING TO SEND START
145843:T510836_88:SENT START, WAITING FOR FINISH 
145919:T510836_88:MACHINE DONE
145919:T510836_88:Error Code 0
145922:T510836_89:Machine Process.. START
145922:T510836_89:GOING TO SEND START
145922:T510836_89:SENT START, WAITING FOR FINISH 
150026:T510836_89:MACHINE DONE
150026:T510836_89:Error Code 0
153830:T510836_98:Machine Process.. START
153830:T510836_98:GOING TO SEND START
153831:T510836_98:SENT START, WAITING FOR FINISH 
171526:T510837_1:Machine Process.. START
171526:T510837_1:GOING TO SEND START
171526:T510837_1:SENT START, WAITING FOR FINISH 
171530:T510836_98:MACHINE DONE
171530:T510837_1:MACHINE DONE
171530:T510836_98:Error Code 0
171530:T510837_1:Error Code 0
172326:T510837_2:Machine Process.. START
172326:T510837_2:GOING TO SEND START
172326:T510837_2:SENT START, WAITING FOR FINISH 
172428:T510837_2:MACHINE DONE
172428:T510837_2:Error Code 0
173029:T510836_107:Machine Process.. START
173029:T510836_107:GOING TO SEND START
173030:T510836_107:SENT START, WAITING FOR FINISH 
173123:T510836_107:MACHINE DONE
173123:T510836_107:Error Code 0
175056:T510837_3:Machine Process.. START
175056:T510837_3:GOING TO SEND START
175056:T510837_3:SENT START, WAITING FOR FINISH 
175208:T510837_3:MACHINE DONE
175208:T510837_3:Error Code 0
175211:T510837_4:Machine Process.. START
175211:T510837_4:GOING TO SEND START
175211:T510837_4:SENT START, WAITING FOR FINISH 
175225:T510837_4:MACHINE DONE
175225:T510837_4:Error Code 0
175432:T510837_5:Machine Process.. START
175432:T510837_5:GOING TO SEND START
175432:T510837_5:SENT START, WAITING FOR FINISH 
175440:T510837_5:MACHINE DONE
175440:T510837_5:Error Code 0
175459:T510837_6:Machine Process.. START
175459:T510837_6:GOING TO SEND START
175500:T510837_6:SENT START, WAITING FOR FINISH 
175507:T510837_6:MACHINE DONE
175507:T510837_6:Error Code 0
175533:T510837_7:Machine Process.. START
175534:T510837_7:GOING TO SEND START
175534:T510837_7:SENT START, WAITING FOR FINISH 
182421:T510837_7:MACHINE DONE
182421:T510837_7:Error Code 0
182425:T510837_8:Machine Process.. START
182425:T510837_8:GOING TO SEND START
182426:T510837_8:SENT START, WAITING FOR FINISH 
182510:T510837_8:MACHINE DONE
182510:T510837_8:Error Code 0
182519:T510837_9:Machine Process.. START
182519:T510837_9:GOING TO SEND START
182519:T510837_9:SENT START, WAITING FOR FINISH 
182533:T510837_9:MACHINE DONE
182533:T510837_9:Error Code 0
182618:T510837_10:Machine Process.. START
182618:T510837_10:GOING TO SEND START
182619:T510837_10:SENT START, WAITING FOR FINISH 
182630:T510837_10:MACHINE DONE
182630:T510837_10:Error Code 0
182650:T510837_11:Machine Process.. START
182650:T510837_11:GOING TO SEND START
182650:T510837_11:SENT START, WAITING FOR FINISH 
182654:T510837_11:MACHINE DONE
182654:T510837_11:Error Code 0
182719:T510837_12:Machine Process.. START
182719:T510837_12:GOING TO SEND START
182720:T510837_12:SENT START, WAITING FOR FINISH 
182725:T510837_12:MACHINE DONE
182725:T510837_12:Error Code 0
182904:T510837_13:Machine Process.. START
182904:T510837_13:GOING TO SEND START
182905:T510837_13:SENT START, WAITING FOR FINISH 
182913:T510837_13:MACHINE DONE
182913:T510837_13:Error Code 0
182951:T510837_14:Machine Process.. START
182951:T510837_14:GOING TO SEND START
182951:T510837_14:SENT START, WAITING FOR FINISH 
182954:T510837_14:MACHINE DONE
182954:T510837_14:Error Code 0
183033:T510837_15:Machine Process.. START
183034:T510837_15:GOING TO SEND START
183034:T510837_15:SENT START, WAITING FOR FINISH 
183036:T510837_15:MACHINE DONE
183036:T510837_15:Error Code 0
183108:T510837_16:Machine Process.. START
183108:T510837_16:GOING TO SEND START
183108:T510837_16:SENT START, WAITING FOR FINISH 
183117:T510837_16:MACHINE DONE
183117:T510837_16:Error Code 0
183235:T510837_17:Machine Process.. START
183235:T510837_17:GOING TO SEND START
183235:T510837_17:SENT START, WAITING FOR FINISH 
183242:T510837_17:MACHINE DONE
183242:T510837_17:Error Code 0
183300:T510837_18:Machine Process.. START
183301:T510837_18:GOING TO SEND START
183301:T510837_18:SENT START, WAITING FOR FINISH 
183311:T510837_18:MACHINE DONE
183311:T510837_18:Error Code 0
183332:T510837_19:Machine Process.. START
183332:T510837_19:GOING TO SEND START
183332:T510837_19:SENT START, WAITING FOR FINISH 
183342:T510837_19:MACHINE DONE
183342:T510837_19:Error Code 0
183419:T510837_20:Machine Process.. START
183419:T510837_20:GOING TO SEND START
183420:T510837_20:SENT START, WAITING FOR FINISH 
183436:T510837_20:MACHINE DONE
183436:T510837_20:Error Code 0
183503:T510837_21:Machine Process.. START
183503:T510837_21:GOING TO SEND START
183503:T510837_21:SENT START, WAITING FOR FINISH 
183519:T510837_21:MACHINE DONE
183519:T510837_21:Error Code 0
183602:T510837_22:Machine Process.. START
183602:T510837_22:GOING TO SEND START
183602:T510837_22:SENT START, WAITING FOR FINISH 
183614:T510837_22:MACHINE DONE
183614:T510837_22:Error Code 0
183654:T510837_23:Machine Process.. START
183654:T510837_23:GOING TO SEND START
183654:T510837_23:SENT START, WAITING FOR FINISH 
183836:T510837_23:MACHINE DONE
183836:T510837_23:Error Code 0
183840:T510837_24:Machine Process.. START
183840:T510837_24:GOING TO SEND START
183841:T510837_24:SENT START, WAITING FOR FINISH 
183847:T510837_24:MACHINE DONE
183847:T510837_24:Error Code 0
183900:T510837_25:Machine Process.. START
183900:T510837_25:GOING TO SEND START
183900:T510837_25:SENT START, WAITING FOR FINISH 
183914:T510837_25:MACHINE DONE
183914:T510837_25:Error Code 0
183925:T510837_26:Machine Process.. START
183926:T510837_26:GOING TO SEND START
183926:T510837_26:SENT START, WAITING FOR FINISH 
183944:T510837_26:MACHINE DONE
183944:T510837_26:Error Code 0
183953:T510837_27:Machine Process.. START
183953:T510837_27:GOING TO SEND START
183953:T510837_27:SENT START, WAITING FOR FINISH 
184014:T510837_27:MACHINE DONE
184014:T510837_27:Error Code 0
184023:T510837_28:Machine Process.. START
184023:T510837_28:GOING TO SEND START
184023:T510837_28:SENT START, WAITING FOR FINISH 
184034:T510837_28:MACHINE DONE
184034:T510837_28:Error Code 0
184104:T510837_29:Machine Process.. START
184105:T510837_29:GOING TO SEND START
184105:T510837_29:SENT START, WAITING FOR FINISH 
184129:T510837_29:MACHINE DONE
184129:T510837_29:Error Code 0
184149:T510837_30:Machine Process.. START
184149:T510837_30:GOING TO SEND START
184149:T510837_30:SENT START, WAITING FOR FINISH 
184157:T510837_30:MACHINE DONE
184157:T510837_30:Error Code 0
184226:T510837_31:Machine Process.. START
184226:T510837_31:GOING TO SEND START
184226:T510837_31:SENT START, WAITING FOR FINISH 
184234:T510837_31:MACHINE DONE
184234:T510837_31:Error Code 0
184304:T510837_32:Machine Process.. START
184305:T510837_32:GOING TO SEND START
184305:T510837_32:SENT START, WAITING FOR FINISH 
184319:T510837_32:MACHINE DONE
184319:T510837_32:Error Code 0
184333:T510837_33:Machine Process.. START
184334:T510837_33:GOING TO SEND START
184334:T510837_33:SENT START, WAITING FOR FINISH 
184343:T510837_33:MACHINE DONE
184343:T510837_33:Error Code 0
184414:T510837_34:Machine Process.. START
184414:T510837_34:GOING TO SEND START
184414:T510837_34:SENT START, WAITING FOR FINISH 
184422:T510837_34:MACHINE DONE
184422:T510837_34:Error Code 0
184501:T510837_35:Machine Process.. START
184501:T510837_35:GOING TO SEND START
184501:T510837_35:SENT START, WAITING FOR FINISH 
184507:T510837_35:MACHINE DONE
184507:T510837_35:Error Code 0
184541:T510837_36:Machine Process.. START
184541:T510837_36:GOING TO SEND START
184541:T510837_36:SENT START, WAITING FOR FINISH 
184558:T510837_36:MACHINE DONE
184558:T510837_36:Error Code 0
184635:T510837_37:Machine Process.. START
184635:T510837_37:GOING TO SEND START
184635:T510837_37:SENT START, WAITING FOR FINISH 
184650:T510837_37:MACHINE DONE
184650:T510837_37:Error Code 0
184708:T510837_38:Machine Process.. START
184708:T510837_38:GOING TO SEND START
184709:T510837_38:SENT START, WAITING FOR FINISH 
184736:T510837_38:MACHINE DONE
184736:T510837_38:Error Code 0
184751:T510837_39:Machine Process.. START
184751:T510837_39:GOING TO SEND START
184751:T510837_39:SENT START, WAITING FOR FINISH 
184922:T510837_39:MACHINE DONE
184922:T510837_39:Error Code 0
184925:T510837_40:Machine Process.. START
184926:T510837_40:GOING TO SEND START
184926:T510837_40:SENT START, WAITING FOR FINISH 
185116:T510837_40:MACHINE DONE
185116:T510837_40:Error Code 0
190139:T510837_42:Machine Process.. START
190139:T510837_42:GOING TO SEND START
190140:T510837_42:SENT START, WAITING FOR FINISH 
190303:T510837_42:MACHINE DONE
190303:T510837_42:Error Code 0
190306:T510837_43:Machine Process.. START
190306:T510837_43:GOING TO SEND START
190307:T510837_43:SENT START, WAITING FOR FINISH 
190415:T510837_43:MACHINE DONE
190415:T510837_43:Error Code 0
190418:T510837_44:Machine Process.. START
190418:T510837_44:GOING TO SEND START
190418:T510837_44:SENT START, WAITING FOR FINISH 
190516:T510837_44:MACHINE DONE
190516:T510837_44:Error Code 0
190518:T510837_45:Machine Process.. START
190519:T510837_45:GOING TO SEND START
190519:T510837_45:SENT START, WAITING FOR FINISH 
190644:T510837_45:MACHINE DONE
190644:T510837_45:Error Code 0
190646:T510837_46:Machine Process.. START
190647:T510837_46:GOING TO SEND START
190647:T510837_46:SENT START, WAITING FOR FINISH 
190712:T510837_46:MACHINE DONE
190712:T510837_46:Error Code 0
190715:T510837_47:Machine Process.. START
190716:T510837_47:GOING TO SEND START
190716:T510837_47:SENT START, WAITING FOR FINISH 
190727:T510837_47:MACHINE DONE
190727:T510837_47:Error Code 0
190743:T510837_48:Machine Process.. START
190744:T510837_48:GOING TO SEND START
190744:T510837_48:SENT START, WAITING FOR FINISH 
190842:T510837_48:MACHINE DONE
190842:T510837_48:Error Code 0
190845:T510837_49:Machine Process.. START
190846:T510837_49:GOING TO SEND START
190846:T510837_49:SENT START, WAITING FOR FINISH 
190906:T510837_49:MACHINE DONE
190906:T510837_49:Error Code 0
190909:T510837_50:Machine Process.. START
190910:T510837_50:GOING TO SEND START
190910:T510837_50:SENT START, WAITING FOR FINISH 
190929:T510837_50:MACHINE DONE
190929:T510837_50:Error Code 0
190947:T510837_51:Machine Process.. START
190947:T510837_51:GOING TO SEND START
190947:T510837_51:SENT START, WAITING FOR FINISH 
190954:T510837_51:MACHINE DONE
190954:T510837_51:Error Code 0
191008:T510837_52:Machine Process.. START
191008:T510837_52:GOING TO SEND START
191008:T510837_52:SENT START, WAITING FOR FINISH 
191023:T510837_52:MACHINE DONE
191024:T510837_52:Error Code 0
191034:T510837_53:Machine Process.. START
191034:T510837_53:GOING TO SEND START
191035:T510837_53:SENT START, WAITING FOR FINISH 
191127:T510837_53:MACHINE DONE
191127:T510837_53:Error Code 0
191130:T510837_54:Machine Process.. START
191130:T510837_54:GOING TO SEND START
191131:T510837_54:SENT START, WAITING FOR FINISH 
191258:T510837_54:MACHINE DONE
191258:T510837_54:Error Code 0
191319:T510837_55:Machine Process.. START
191320:T510837_55:GOING TO SEND START
191320:T510837_55:SENT START, WAITING FOR FINISH 
191334:T510837_55:MACHINE DONE
191334:T510837_55:Error Code 0
191505:T510837_56:Machine Process.. START
191505:T510837_56:GOING TO SEND START
191505:T510837_56:SENT START, WAITING FOR FINISH 
191515:T510837_56:MACHINE DONE
191515:T510837_56:Error Code 0
191555:T510837_57:Machine Process.. START
191555:T510837_57:GOING TO SEND START
191556:T510837_57:SENT START, WAITING FOR FINISH 
191627:T510837_57:MACHINE DONE
191627:T510837_57:Error Code 0
191629:T510837_58:Machine Process.. START
191629:T510837_58:GOING TO SEND START
191630:T510837_58:SENT START, WAITING FOR FINISH 
191722:T510837_58:MACHINE DONE
191722:T510837_58:Error Code 0
191724:T510837_59:Machine Process.. START
191725:T510837_59:GOING TO SEND START
191725:T510837_59:SENT START, WAITING FOR FINISH 
191746:T510837_59:MACHINE DONE
191746:T510837_59:Error Code 0
191751:T510837_60:Machine Process.. START
191751:T510837_60:GOING TO SEND START
191752:T510837_60:SENT START, WAITING FOR FINISH 
