104744:T589126_1:Machine Process.. START
104744:T589126_1:GOING TO SEND START
104745:T589126_1:SENT START, WAITING FOR FINISH 
104812:T589126_1:MACHINE DONE
104812:T589126_1:Error Code 0
104949:T589126_2:Machine Process.. START
104949:T589126_2:GOING TO SEND START
104950:T589126_2:SENT START, WAITING FOR FINISH 
105109:T589126_2:MACHINE DONE
105109:T589126_2:Error Code 0
105528:T589126_3:Machine Process.. START
105528:T589126_3:GOING TO SEND START
105528:T589126_3:SENT START, WAITING FOR FINISH 
105646:T589126_3:MACHINE DONE
105646:T589126_3:Error Code 0
105848:T589126_4:Machine Process.. START
105849:T589126_4:GOING TO SEND START
105849:T589126_4:SENT START, WAITING FOR FINISH 
110033:T589126_4:MACHINE DONE
110033:T589126_4:Error Code 0
110035:T589126_5:Machine Process.. START
110035:T589126_5:GOING TO SEND START
110035:T589126_5:SENT START, WAITING FOR FINISH 
110156:T589126_5:MACHINE DONE
110156:T589126_5:Error Code 0
110206:T589126_6:Machine Process.. START
110207:T589126_6:GOING TO SEND START
110207:T589126_6:SENT START, WAITING FOR FINISH 
110335:T589126_6:MACHINE DONE
110335:T589126_6:Error Code 0
110656:T589126_7:Machine Process.. START
110656:T589126_7:GOING TO SEND START
110657:T589126_7:SENT START, WAITING FOR FINISH 
110828:T589126_7:MACHINE DONE
110828:T589126_7:Error Code 0
111224:T589126_8:Machine Process.. START
111224:T589126_8:GOING TO SEND START
111225:T589126_8:SENT START, WAITING FOR FINISH 
111642:T589126_8:MACHINE DONE
111642:T589126_8:Error Code 0
111644:T589126_9:Machine Process.. START
111644:T589126_9:GOING TO SEND START
111644:T589126_9:SENT START, WAITING FOR FINISH 
111759:T589126_9:MACHINE DONE
111759:T589126_9:Error Code 0
112021:T589126_10:Machine Process.. START
112021:T589126_10:GOING TO SEND START
112021:T589126_10:SENT START, WAITING FOR FINISH 
112224:T589126_10:MACHINE DONE
112224:T589126_10:Error Code 0
112417:T589126_11:Machine Process.. START
112418:T589126_11:GOING TO SEND START
112418:T589126_11:SENT START, WAITING FOR FINISH 
112615:T589126_11:MACHINE DONE
112615:T589126_11:Error Code 0
112616:T589126_12:Machine Process.. START
112617:T589126_12:GOING TO SEND START
112617:T589126_12:SENT START, WAITING FOR FINISH 
112733:T589126_12:MACHINE DONE
112733:T589126_12:Error Code 0
113054:T589126_13:Machine Process.. START
113054:T589126_13:GOING TO SEND START
113055:T589126_13:SENT START, WAITING FOR FINISH 
113315:T589126_13:MACHINE DONE
113315:T589126_13:Error Code 0
113406:T589126_14:Machine Process.. START
113406:T589126_14:GOING TO SEND START
113406:T589126_14:SENT START, WAITING FOR FINISH 
113530:T589126_14:MACHINE DONE
113530:T589126_14:Error Code 0
113539:T589126_15:Machine Process.. START
113540:T589126_15:GOING TO SEND START
113540:T589126_15:SENT START, WAITING FOR FINISH 
113703:T589126_15:MACHINE DONE
113703:T589126_15:Error Code 0
113707:T589126_16:Machine Process.. START
113708:T589126_16:GOING TO SEND START
113708:T589126_16:SENT START, WAITING FOR FINISH 
114249:T589126_16:MACHINE DONE
114249:T589126_16:Error Code 0
114440:T589126_17:Machine Process.. START
114440:T589126_17:GOING TO SEND START
114441:T589126_17:SENT START, WAITING FOR FINISH 
114623:T589126_17:MACHINE DONE
114623:T589126_17:Error Code 0
114658:T589126_18:Machine Process.. START
114658:T589126_18:GOING TO SEND START
114659:T589126_18:SENT START, WAITING FOR FINISH 
114830:T589126_18:MACHINE DONE
114830:T589126_18:Error Code 0
114903:T589126_19:Machine Process.. START
114903:T589126_19:GOING TO SEND START
114904:T589126_19:SENT START, WAITING FOR FINISH 
115020:T589126_19:MACHINE DONE
115020:T589126_19:Error Code 0
115109:T589126_20:Machine Process.. START
115109:T589126_20:GOING TO SEND START
115110:T589126_20:SENT START, WAITING FOR FINISH 
115501:T589126_20:MACHINE DONE
115501:T589126_20:Error Code 0
