095226:T510836_1:Machine Process.. START
095226:T510836_1:GOING TO SEND START
095227:T510836_1:SENT START, WAITING FOR FINISH 
095245:T510836_1:MACHINE DONE
095245:T510836_1:Error Code 0
102157:T510836_2:Machine Process.. START
102157:T510836_2:GOING TO SEND START
102157:T510836_2:SENT START, WAITING FOR FINISH 
102207:T510836_2:MACHINE DONE
102207:T510836_2:Error Code 0
102232:T510836_3:Machine Process.. START
102232:T510836_3:GOING TO SEND START
102232:T510836_3:SENT START, WAITING FOR FINISH 
102241:T510836_3:MACHINE DONE
102242:T510836_3:Error Code 0
102322:T510836_4:Machine Process.. START
102322:T510836_4:GOING TO SEND START
102323:T510836_4:SENT START, WAITING FOR FINISH 
102336:T510836_4:MACHINE DONE
102336:T510836_4:Error Code 0
102408:T510836_5:Machine Process.. START
102408:T510836_5:GOING TO SEND START
102408:T510836_5:SENT START, WAITING FOR FINISH 
102426:T510836_5:MACHINE DONE
102426:T510836_5:Error Code 0
102501:T510836_6:Machine Process.. START
102501:T510836_6:GOING TO SEND START
102502:T510836_6:SENT START, WAITING FOR FINISH 
102515:T510836_6:MACHINE DONE
102515:T510836_6:Error Code 0
102540:T510836_7:Machine Process.. START
102540:T510836_7:GOING TO SEND START
102540:T510836_7:SENT START, WAITING FOR FINISH 
102557:T510836_7:MACHINE DONE
102557:T510836_7:Error Code 0
102627:T510836_8:Machine Process.. START
102627:T510836_8:GOING TO SEND START
102628:T510836_8:SENT START, WAITING FOR FINISH 
102652:T510836_8:MACHINE DONE
102652:T510836_8:Error Code 0
102714:T510836_9:Machine Process.. START
102714:T510836_9:GOING TO SEND START
102715:T510836_9:SENT START, WAITING FOR FINISH 
102738:T510836_9:MACHINE DONE
102738:T510836_9:Error Code 0
102822:T510836_10:Machine Process.. START
102822:T510836_10:GOING TO SEND START
102822:T510836_10:SENT START, WAITING FOR FINISH 
102839:T510836_10:MACHINE DONE
102839:T510836_10:Error Code 0
102923:T510836_11:Machine Process.. START
102923:T510836_11:GOING TO SEND START
102924:T510836_11:SENT START, WAITING FOR FINISH 
102938:T510836_11:MACHINE DONE
102938:T510836_11:Error Code 0
103026:T510836_12:Machine Process.. START
103027:T510836_12:GOING TO SEND START
103027:T510836_12:SENT START, WAITING FOR FINISH 
103045:T510836_12:MACHINE DONE
103045:T510836_12:Error Code 0
103216:T510836_13:Machine Process.. START
103217:T510836_13:GOING TO SEND START
103217:T510836_13:SENT START, WAITING FOR FINISH 
103230:T510836_13:MACHINE DONE
103230:T510836_13:Error Code 0
103350:T510836_14:Machine Process.. START
103350:T510836_14:GOING TO SEND START
103350:T510836_14:SENT START, WAITING FOR FINISH 
103402:T510836_14:MACHINE DONE
103402:T510836_14:Error Code 0
103518:T510836_15:Machine Process.. START
103519:T510836_15:GOING TO SEND START
103519:T510836_15:SENT START, WAITING FOR FINISH 
103532:T510836_15:MACHINE DONE
103532:T510836_15:Error Code 0
103659:T510836_16:Machine Process.. START
103700:T510836_16:GOING TO SEND START
103700:T510836_16:SENT START, WAITING FOR FINISH 
103716:T510836_16:MACHINE DONE
103716:T510836_16:Error Code 0
103739:T510836_17:Machine Process.. START
103739:T510836_17:GOING TO SEND START
103740:T510836_17:SENT START, WAITING FOR FINISH 
103750:T510836_17:MACHINE DONE
103750:T510836_17:Error Code 0
103904:T510836_18:Machine Process.. START
103904:T510836_18:GOING TO SEND START
103905:T510836_18:SENT START, WAITING FOR FINISH 
103916:T510836_18:MACHINE DONE
103916:T510836_18:Error Code 0
104100:T510836_19:Machine Process.. START
104100:T510836_19:GOING TO SEND START
104100:T510836_19:SENT START, WAITING FOR FINISH 
104110:T510836_19:MACHINE DONE
104110:T510836_19:Error Code 0
104240:T510836_20:Machine Process.. START
104240:T510836_20:GOING TO SEND START
104240:T510836_20:SENT START, WAITING FOR FINISH 
104248:T510836_20:MACHINE DONE
104248:T510836_20:Error Code 0
104345:T510836_21:Machine Process.. START
104345:T510836_21:GOING TO SEND START
104346:T510836_21:SENT START, WAITING FOR FINISH 
104354:T510836_21:MACHINE DONE
104354:T510836_21:Error Code 0
104531:T510836_22:Machine Process.. START
104531:T510836_22:GOING TO SEND START
104531:T510836_22:SENT START, WAITING FOR FINISH 
104552:T510836_22:MACHINE DONE
104552:T510836_22:Error Code 0
104622:T510836_23:Machine Process.. START
104623:T510836_23:GOING TO SEND START
104623:T510836_23:SENT START, WAITING FOR FINISH 
104701:T510836_23:MACHINE DONE
104701:T510836_23:Error Code 0
104759:T510836_24:Machine Process.. START
104759:T510836_24:GOING TO SEND START
104800:T510836_24:SENT START, WAITING FOR FINISH 
105030:T510836_24:MACHINE DONE
105030:T510836_24:Error Code 0
105033:T510836_25:Machine Process.. START
105033:T510836_25:GOING TO SEND START
105033:T510836_25:SENT START, WAITING FOR FINISH 
105112:T510836_25:MACHINE DONE
105112:T510836_25:Error Code 0
105136:T510836_26:Machine Process.. START
105136:T510836_26:GOING TO SEND START
105137:T510836_26:SENT START, WAITING FOR FINISH 
105205:T510836_26:MACHINE DONE
105205:T510836_26:Error Code 0
105315:T510836_27:Machine Process.. START
105315:T510836_27:GOING TO SEND START
105315:T510836_27:SENT START, WAITING FOR FINISH 
105325:T510836_27:MACHINE DONE
105325:T510836_27:Error Code 0
105428:T510836_28:Machine Process.. START
105428:T510836_28:GOING TO SEND START
105428:T510836_28:SENT START, WAITING FOR FINISH 
105441:T510836_28:MACHINE DONE
105441:T510836_28:Error Code 0
105531:T510836_29:Machine Process.. START
105531:T510836_29:GOING TO SEND START
105532:T510836_29:SENT START, WAITING FOR FINISH 
105539:T510836_29:MACHINE DONE
105539:T510836_29:Error Code 0
105757:T510836_30:Machine Process.. START
105757:T510836_30:GOING TO SEND START
105758:T510836_30:SENT START, WAITING FOR FINISH 
105805:T510836_30:MACHINE DONE
105805:T510836_30:Error Code 0
105905:T510836_31:Machine Process.. START
105905:T510836_31:GOING TO SEND START
105906:T510836_31:SENT START, WAITING FOR FINISH 
105916:T510836_31:MACHINE DONE
105917:T510836_31:Error Code 0
110032:T510836_32:Machine Process.. START
110032:T510836_32:GOING TO SEND START
110033:T510836_32:SENT START, WAITING FOR FINISH 
110054:T510836_32:MACHINE DONE
110054:T510836_32:Error Code 0
110403:T510836_33:Machine Process.. START
110403:T510836_33:GOING TO SEND START
110404:T510836_33:SENT START, WAITING FOR FINISH 
110418:T510836_33:MACHINE DONE
110418:T510836_33:Error Code 0
110530:T510836_34:Machine Process.. START
110530:T510836_34:GOING TO SEND START
110530:T510836_34:SENT START, WAITING FOR FINISH 
110545:T510836_34:MACHINE DONE
110545:T510836_34:Error Code 0
130521:T510836_35:Machine Process.. START
130522:T510836_35:GOING TO SEND START
130522:T510836_35:SENT START, WAITING FOR FINISH 
130557:T510836_35:MACHINE DONE
130557:T510836_35:Error Code 0
130559:T510836_36:Machine Process.. START
130559:T510836_36:GOING TO SEND START
130600:T510836_36:SENT START, WAITING FOR FINISH 
130631:T510836_36:MACHINE DONE
130631:T510836_36:Error Code 0
130707:T510836_37:Machine Process.. START
130707:T510836_37:GOING TO SEND START
130708:T510836_37:SENT START, WAITING FOR FINISH 
130720:T510836_37:MACHINE DONE
130720:T510836_37:Error Code 0
130759:T510836_38:Machine Process.. START
130759:T510836_38:GOING TO SEND START
130759:T510836_38:SENT START, WAITING FOR FINISH 
130809:T510836_38:MACHINE DONE
130809:T510836_38:Error Code 0
130845:T510836_39:Machine Process.. START
130845:T510836_39:GOING TO SEND START
130845:T510836_39:SENT START, WAITING FOR FINISH 
130904:T510836_39:MACHINE DONE
130904:T510836_39:Error Code 0
130924:T510836_40:Machine Process.. START
130924:T510836_40:GOING TO SEND START
130925:T510836_40:SENT START, WAITING FOR FINISH 
130935:T510836_40:MACHINE DONE
130935:T510836_40:Error Code 0
130959:T510836_41:Machine Process.. START
130959:T510836_41:GOING TO SEND START
131000:T510836_41:SENT START, WAITING FOR FINISH 
131014:T510836_41:MACHINE DONE
131014:T510836_41:Error Code 0
131053:T510836_42:Machine Process.. START
131054:T510836_42:GOING TO SEND START
131054:T510836_42:SENT START, WAITING FOR FINISH 
131106:T510836_42:MACHINE DONE
131106:T510836_42:Error Code 0
131137:T510836_43:Machine Process.. START
131137:T510836_43:GOING TO SEND START
131138:T510836_43:SENT START, WAITING FOR FINISH 
131200:T510836_43:MACHINE DONE
131200:T510836_43:Error Code 0
131416:T510836_44:Machine Process.. START
131416:T510836_44:GOING TO SEND START
131416:T510836_44:SENT START, WAITING FOR FINISH 
131441:T510836_44:MACHINE DONE
131441:T510836_44:Error Code 0
131458:T510836_45:Machine Process.. START
131459:T510836_45:GOING TO SEND START
131459:T510836_45:SENT START, WAITING FOR FINISH 
134044:T510836_45:MACHINE DONE
134044:T510836_45:Error Code 0
135114:T510836_47:Machine Process.. START
135114:T510836_47:GOING TO SEND START
135114:T510836_47:SENT START, WAITING FOR FINISH 
135133:T510836_47:MACHINE DONE
135133:T510836_47:Error Code 0
135149:T510836_48:Machine Process.. START
135149:T510836_48:GOING TO SEND START
135149:T510836_48:SENT START, WAITING FOR FINISH 
135319:T510836_48:MACHINE DONE
135319:T510836_48:Error Code 0
135330:T510836_49:Machine Process.. START
135330:T510836_49:GOING TO SEND START
135331:T510836_49:SENT START, WAITING FOR FINISH 
135355:T510836_49:MACHINE DONE
135355:T510836_49:Error Code 0
135417:T510836_50:Machine Process.. START
135417:T510836_50:GOING TO SEND START
135418:T510836_50:SENT START, WAITING FOR FINISH 
135445:T510836_50:MACHINE DONE
135445:T510836_50:Error Code 0
135519:T510836_51:Machine Process.. START
135519:T510836_51:GOING TO SEND START
135519:T510836_51:SENT START, WAITING FOR FINISH 
135816:T510836_51:MACHINE DONE
135816:T510836_51:Error Code 0
135855:T510836_52:Machine Process.. START
135856:T510836_52:GOING TO SEND START
135856:T510836_52:SENT START, WAITING FOR FINISH 
135912:T510836_52:MACHINE DONE
135912:T510836_52:Error Code 0
135941:T510836_53:Machine Process.. START
135941:T510836_53:GOING TO SEND START
135942:T510836_53:SENT START, WAITING FOR FINISH 
140008:T510836_53:MACHINE DONE
140008:T510836_53:Error Code 0
140137:T510836_54:Machine Process.. START
140137:T510836_54:GOING TO SEND START
140138:T510836_54:SENT START, WAITING FOR FINISH 
140203:T510836_54:MACHINE DONE
140204:T510836_54:Error Code 0
140224:T510836_55:Machine Process.. START
140224:T510836_55:GOING TO SEND START
140225:T510836_55:SENT START, WAITING FOR FINISH 
140236:T510836_55:MACHINE DONE
140236:T510836_55:Error Code 0
140321:T510836_56:Machine Process.. START
140321:T510836_56:GOING TO SEND START
140321:T510836_56:SENT START, WAITING FOR FINISH 
140342:T510836_56:MACHINE DONE
140342:T510836_56:Error Code 0
140416:T510836_57:Machine Process.. START
140416:T510836_57:GOING TO SEND START
140416:T510836_57:SENT START, WAITING FOR FINISH 
140425:T510836_57:MACHINE DONE
140425:T510836_57:Error Code 0
140521:T510836_58:Machine Process.. START
140521:T510836_58:GOING TO SEND START
140521:T510836_58:SENT START, WAITING FOR FINISH 
140540:T510836_58:MACHINE DONE
140540:T510836_58:Error Code 0
140709:T510836_59:Machine Process.. START
140709:T510836_59:GOING TO SEND START
140710:T510836_59:SENT START, WAITING FOR FINISH 
140721:T510836_59:MACHINE DONE
140721:T510836_59:Error Code 0
140839:T510836_60:Machine Process.. START
140839:T510836_60:GOING TO SEND START
140840:T510836_60:SENT START, WAITING FOR FINISH 
140855:T510836_60:MACHINE DONE
140855:T510836_60:Error Code 0
140935:T510836_61:Machine Process.. START
140936:T510836_61:GOING TO SEND START
140936:T510836_61:SENT START, WAITING FOR FINISH 
140958:T510836_61:MACHINE DONE
140958:T510836_61:Error Code 0
141015:T510836_62:Machine Process.. START
141015:T510836_62:GOING TO SEND START
141016:T510836_62:SENT START, WAITING FOR FINISH 
141047:T510836_62:MACHINE DONE
141047:T510836_62:Error Code 0
141102:T510836_63:Machine Process.. START
141103:T510836_63:GOING TO SEND START
141103:T510836_63:SENT START, WAITING FOR FINISH 
141145:T510836_63:MACHINE DONE
141145:T510836_63:Error Code 0
141218:T510836_64:Machine Process.. START
141218:T510836_64:GOING TO SEND START
141219:T510836_64:SENT START, WAITING FOR FINISH 
141233:T510836_64:MACHINE DONE
141233:T510836_64:Error Code 0
141323:T510836_65:Machine Process.. START
141324:T510836_65:GOING TO SEND START
141324:T510836_65:SENT START, WAITING FOR FINISH 
141336:T510836_65:MACHINE DONE
141336:T510836_65:Error Code 0
141408:T510836_66:Machine Process.. START
141408:T510836_66:GOING TO SEND START
141409:T510836_66:SENT START, WAITING FOR FINISH 
141431:T510836_66:MACHINE DONE
141431:T510836_66:Error Code 0
141459:T510836_67:Machine Process.. START
141459:T510836_67:GOING TO SEND START
141500:T510836_67:SENT START, WAITING FOR FINISH 
141534:T510836_67:MACHINE DONE
141534:T510836_67:Error Code 0
141546:T510836_68:Machine Process.. START
141546:T510836_68:GOING TO SEND START
141547:T510836_68:SENT START, WAITING FOR FINISH 
141601:T510836_68:MACHINE DONE
141601:T510836_68:Error Code 0
141715:T510836_69:Machine Process.. START
141716:T510836_69:GOING TO SEND START
141716:T510836_69:SENT START, WAITING FOR FINISH 
142000:T510836_69:MACHINE DONE
142000:T510836_69:Error Code 0
142055:T510836_70:Machine Process.. START
142055:T510836_70:GOING TO SEND START
142055:T510836_70:SENT START, WAITING FOR FINISH 
142113:T510836_70:MACHINE DONE
142113:T510836_70:Error Code 0
142131:T510836_71:Machine Process.. START
142131:T510836_71:GOING TO SEND START
142131:T510836_71:SENT START, WAITING FOR FINISH 
142148:T510836_71:MACHINE DONE
142149:T510836_71:Error Code 0
142233:T510836_72:Machine Process.. START
142233:T510836_72:GOING TO SEND START
142233:T510836_72:SENT START, WAITING FOR FINISH 
142252:T510836_72:MACHINE DONE
142252:T510836_72:Error Code 0
142322:T510836_73:Machine Process.. START
142322:T510836_73:GOING TO SEND START
142323:T510836_73:SENT START, WAITING FOR FINISH 
142347:T510836_73:MACHINE DONE
142347:T510836_73:Error Code 0
142436:T510836_74:Machine Process.. START
142436:T510836_74:GOING TO SEND START
142437:T510836_74:SENT START, WAITING FOR FINISH 
142458:T510836_74:MACHINE DONE
142458:T510836_74:Error Code 0
142536:T510836_75:Machine Process.. START
142536:T510836_75:GOING TO SEND START
142537:T510836_75:SENT START, WAITING FOR FINISH 
142631:T510836_75:MACHINE DONE
142631:T510836_75:Error Code 0
142634:T510836_76:Machine Process.. START
142634:T510836_76:GOING TO SEND START
142634:T510836_76:SENT START, WAITING FOR FINISH 
142705:T510836_76:MACHINE DONE
142705:T510836_76:Error Code 0
142749:T510836_77:Machine Process.. START
142749:T510836_77:GOING TO SEND START
142749:T510836_77:SENT START, WAITING FOR FINISH 
142811:T510836_77:MACHINE DONE
142811:T510836_77:Error Code 0
142924:T510836_78:Machine Process.. START
142924:T510836_78:GOING TO SEND START
142924:T510836_78:SENT START, WAITING FOR FINISH 
143007:T510836_78:MACHINE DONE
143007:T510836_78:Error Code 0
143209:T510836_79:Machine Process.. START
143210:T510836_79:GOING TO SEND START
143210:T510836_79:SENT START, WAITING FOR FINISH 
143221:T510836_79:MACHINE DONE
143222:T510836_79:Error Code 0
143243:T510836_80:Machine Process.. START
143244:T510836_80:GOING TO SEND START
143244:T510836_80:SENT START, WAITING FOR FINISH 
143309:T510836_80:MACHINE DONE
143309:T510836_80:Error Code 0
143325:T510836_81:Machine Process.. START
143325:T510836_81:GOING TO SEND START
143326:T510836_81:SENT START, WAITING FOR FINISH 
143445:T510836_81:MACHINE DONE
143445:T510836_81:Error Code 0
143447:T510836_82:Machine Process.. START
143447:T510836_82:GOING TO SEND START
143448:T510836_82:SENT START, WAITING FOR FINISH 
143506:T510836_82:MACHINE DONE
143506:T510836_82:Error Code 0
143535:T510836_83:Machine Process.. START
143536:T510836_83:GOING TO SEND START
143536:T510836_83:SENT START, WAITING FOR FINISH 
143546:T510836_83:MACHINE DONE
143546:T510836_83:Error Code 0
143613:T510836_84:Machine Process.. START
143613:T510836_84:GOING TO SEND START
143613:T510836_84:SENT START, WAITING FOR FINISH 
143626:T510836_84:MACHINE DONE
143626:T510836_84:Error Code 0
143701:T510836_85:Machine Process.. START
143701:T510836_85:GOING TO SEND START
143701:T510836_85:SENT START, WAITING FOR FINISH 
143750:T510836_85:MACHINE DONE
143750:T510836_85:Error Code 0
143753:T510836_86:Machine Process.. START
143753:T510836_86:GOING TO SEND START
143753:T510836_86:SENT START, WAITING FOR FINISH 
143813:T510836_86:MACHINE DONE
143813:T510836_86:Error Code 0
143851:T510836_87:Machine Process.. START
143851:T510836_87:GOING TO SEND START
143851:T510836_87:SENT START, WAITING FOR FINISH 
143930:T510836_87:MACHINE DONE
143930:T510836_87:Error Code 0
144031:T510836_88:Machine Process.. START
144031:T510836_88:GOING TO SEND START
144031:T510836_88:SENT START, WAITING FOR FINISH 
144044:T510836_88:MACHINE DONE
144045:T510836_88:Error Code 0
144117:T510836_89:Machine Process.. START
144117:T510836_89:GOING TO SEND START
144117:T510836_89:SENT START, WAITING FOR FINISH 
144132:T510836_89:MACHINE DONE
144132:T510836_89:Error Code 0
144640:T510836_90:Machine Process.. START
144640:T510836_90:GOING TO SEND START
144641:T510836_90:SENT START, WAITING FOR FINISH 
144656:T510836_90:MACHINE DONE
144656:T510836_90:Error Code 0
144753:T510836_91:Machine Process.. START
144753:T510836_91:GOING TO SEND START
144753:T510836_91:SENT START, WAITING FOR FINISH 
144811:T510836_91:MACHINE DONE
144811:T510836_91:Error Code 0
145445:T510836_92:Machine Process.. START
145446:T510836_92:GOING TO SEND START
145446:T510836_92:SENT START, WAITING FOR FINISH 
145521:T510836_92:MACHINE DONE
145521:T510836_92:Error Code 0
145544:T510836_93:Machine Process.. START
145544:T510836_93:GOING TO SEND START
145544:T510836_93:SENT START, WAITING FOR FINISH 
145604:T510836_93:MACHINE DONE
145604:T510836_93:Error Code 0
145706:T510836_94:Machine Process.. START
145706:T510836_94:GOING TO SEND START
145707:T510836_94:SENT START, WAITING FOR FINISH 
145724:T510836_94:MACHINE DONE
145724:T510836_94:Error Code 0
145754:T510836_95:Machine Process.. START
145754:T510836_95:GOING TO SEND START
145755:T510836_95:SENT START, WAITING FOR FINISH 
145814:T510836_95:MACHINE DONE
145814:T510836_95:Error Code 0
145915:T510836_96:Machine Process.. START
145915:T510836_96:GOING TO SEND START
145915:T510836_96:SENT START, WAITING FOR FINISH 
152403:T510836_96:MACHINE DONE
152403:T510836_96:Error Code 0
153603:T510836_98:Machine Process.. START
153603:T510836_98:GOING TO SEND START
153603:T510836_98:SENT START, WAITING FOR FINISH 
153607:T510836_98:MACHINE DONE
153607:T510836_98:Error Code 0
153616:T510836_99:Machine Process.. START
153616:T510836_99:GOING TO SEND START
153616:T510836_99:SENT START, WAITING FOR FINISH 
153628:T510836_99:MACHINE DONE
153628:T510836_99:Error Code 0
153646:T510836_100:Machine Process.. START
153646:T510836_100:GOING TO SEND START
153646:T510836_100:SENT START, WAITING FOR FINISH 
153651:T510836_100:MACHINE DONE
153651:T510836_100:Error Code 0
153658:T510836_101:Machine Process.. START
153658:T510836_101:GOING TO SEND START
153659:T510836_101:SENT START, WAITING FOR FINISH 
153710:T510836_101:MACHINE DONE
153710:T510836_101:Error Code 0
153751:T510836_102:Machine Process.. START
153751:T510836_102:GOING TO SEND START
153751:T510836_102:SENT START, WAITING FOR FINISH 
154123:T510836_102:MACHINE DONE
154123:T510836_102:Error Code 0
154125:T510836_103:Machine Process.. START
154125:T510836_103:GOING TO SEND START
154126:T510836_103:SENT START, WAITING FOR FINISH 
154149:T510836_103:MACHINE DONE
154149:T510836_103:Error Code 0
154213:T510836_104:Machine Process.. START
154214:T510836_104:GOING TO SEND START
154214:T510836_104:SENT START, WAITING FOR FINISH 
154217:T510836_104:MACHINE DONE
154218:T510836_104:Error Code 0
171002:T510837_1:Machine Process.. START
171002:T510837_1:GOING TO SEND START
171002:T510837_1:SENT START, WAITING FOR FINISH 
171010:T510837_1:MACHINE DONE
171010:T510837_1:Error Code 0
171702:T510837_2:Machine Process.. START
171702:T510837_2:GOING TO SEND START
171702:T510837_2:SENT START, WAITING FOR FINISH 
171712:T510837_2:MACHINE DONE
171712:T510837_2:Error Code 0
171833:T510836_107:Machine Process.. START
171834:T510836_107:GOING TO SEND START
171834:T510836_107:SENT START, WAITING FOR FINISH 
171840:T510836_107:MACHINE DONE
171840:T510836_107:Error Code 0
171857:T510836_108:Machine Process.. START
171857:T510836_108:GOING TO SEND START
171857:T510836_108:SENT START, WAITING FOR FINISH 
171903:T510836_108:MACHINE DONE
171903:T510836_108:Error Code 0
171917:T510836_109:Machine Process.. START
171917:T510836_109:GOING TO SEND START
171917:T510836_109:SENT START, WAITING FOR FINISH 
171926:T510836_109:MACHINE DONE
171926:T510836_109:Error Code 0
171933:T510836_110:Machine Process.. START
171933:T510836_110:GOING TO SEND START
171934:T510836_110:SENT START, WAITING FOR FINISH 
171953:T510836_110:MACHINE DONE
171953:T510836_110:Error Code 0
172008:T510836_111:Machine Process.. START
172008:T510836_111:GOING TO SEND START
172008:T510836_111:SENT START, WAITING FOR FINISH 
172021:T510836_111:MACHINE DONE
172021:T510836_111:Error Code 0
172055:T510836_112:Machine Process.. START
172055:T510836_112:GOING TO SEND START
172055:T510836_112:SENT START, WAITING FOR FINISH 
172104:T510836_112:MACHINE DONE
172105:T510836_112:Error Code 0
172111:T510836_113:Machine Process.. START
172111:T510836_113:GOING TO SEND START
172112:T510836_113:SENT START, WAITING FOR FINISH 
172158:T510836_113:MACHINE DONE
172158:T510836_113:Error Code 0
172201:T510836_114:Machine Process.. START
172201:T510836_114:GOING TO SEND START
172201:T510836_114:SENT START, WAITING FOR FINISH 
172443:T510836_114:MACHINE DONE
172443:T510836_114:Error Code 0
174523:T510837_3:Machine Process.. START
174523:T510837_3:GOING TO SEND START
174524:T510837_3:SENT START, WAITING FOR FINISH 
174535:T510837_3:MACHINE DONE
174535:T510837_3:Error Code 0
174612:T510837_4:Machine Process.. START
174612:T510837_4:GOING TO SEND START
174612:T510837_4:SENT START, WAITING FOR FINISH 
174619:T510837_4:MACHINE DONE
174619:T510837_4:Error Code 0
174649:T510837_5:Machine Process.. START
174649:T510837_5:GOING TO SEND START
174649:T510837_5:SENT START, WAITING FOR FINISH 
174656:T510837_5:MACHINE DONE
174656:T510837_5:Error Code 0
174720:T510837_6:Machine Process.. START
174720:T510837_6:GOING TO SEND START
174720:T510837_6:SENT START, WAITING FOR FINISH 
174724:T510837_6:MACHINE DONE
174724:T510837_6:Error Code 0
174749:T510837_7:Machine Process.. START
174749:T510837_7:GOING TO SEND START
174749:T510837_7:SENT START, WAITING FOR FINISH 
174753:T510837_7:MACHINE DONE
174753:T510837_7:Error Code 0
174814:T510837_8:Machine Process.. START
174814:T510837_8:GOING TO SEND START
174814:T510837_8:SENT START, WAITING FOR FINISH 
174818:T510837_8:MACHINE DONE
174818:T510837_8:Error Code 0
174900:T510837_9:Machine Process.. START
174901:T510837_9:GOING TO SEND START
174901:T510837_9:SENT START, WAITING FOR FINISH 
174921:T510837_9:MACHINE DONE
174921:T510837_9:Error Code 0
174946:T510837_10:Machine Process.. START
174946:T510837_10:GOING TO SEND START
174947:T510837_10:SENT START, WAITING FOR FINISH 
175006:T510837_10:MACHINE DONE
175006:T510837_10:Error Code 0
175029:T510837_11:Machine Process.. START
175029:T510837_11:GOING TO SEND START
175030:T510837_11:SENT START, WAITING FOR FINISH 
175100:T510837_11:MACHINE DONE
175100:T510837_11:Error Code 0
175215:T510837_12:Machine Process.. START
175216:T510837_12:GOING TO SEND START
175216:T510837_12:SENT START, WAITING FOR FINISH 
175218:T510837_12:MACHINE DONE
175218:T510837_12:Error Code 0
175306:T510837_13:Machine Process.. START
175307:T510837_13:GOING TO SEND START
175307:T510837_13:SENT START, WAITING FOR FINISH 
175310:T510837_13:MACHINE DONE
175310:T510837_13:Error Code 0
175528:T510837_14:Machine Process.. START
175529:T510837_14:GOING TO SEND START
175529:T510837_14:SENT START, WAITING FOR FINISH 
175535:T510837_14:MACHINE DONE
175535:T510837_14:Error Code 0
182421:T510837_15:Machine Process.. START
182421:T510837_15:GOING TO SEND START
182421:T510837_15:SENT START, WAITING FOR FINISH 
182433:T510837_15:MACHINE DONE
182433:T510837_15:Error Code 0
182510:T510837_16:Machine Process.. START
182510:T510837_16:GOING TO SEND START
182510:T510837_16:SENT START, WAITING FOR FINISH 
182513:T510837_16:MACHINE DONE
182513:T510837_16:Error Code 0
182554:T510837_17:Machine Process.. START
182554:T510837_17:GOING TO SEND START
182554:T510837_17:SENT START, WAITING FOR FINISH 
182557:T510837_17:MACHINE DONE
182557:T510837_17:Error Code 0
182628:T510837_18:Machine Process.. START
182628:T510837_18:GOING TO SEND START
182628:T510837_18:SENT START, WAITING FOR FINISH 
182642:T510837_18:MACHINE DONE
182642:T510837_18:Error Code 0
182725:T510837_19:Machine Process.. START
182725:T510837_19:GOING TO SEND START
182725:T510837_19:SENT START, WAITING FOR FINISH 
182731:T510837_19:MACHINE DONE
182731:T510837_19:Error Code 0
182758:T510837_20:Machine Process.. START
182759:T510837_20:GOING TO SEND START
182759:T510837_20:SENT START, WAITING FOR FINISH 
182813:T510837_20:MACHINE DONE
182813:T510837_20:Error Code 0
182823:T510837_21:Machine Process.. START
182823:T510837_21:GOING TO SEND START
182824:T510837_21:SENT START, WAITING FOR FINISH 
182833:T510837_21:MACHINE DONE
182833:T510837_21:Error Code 0
183002:T510837_22:Machine Process.. START
183003:T510837_22:GOING TO SEND START
183003:T510837_22:SENT START, WAITING FOR FINISH 
183009:T510837_22:MACHINE DONE
183009:T510837_22:Error Code 0
183105:T510837_23:Machine Process.. START
183105:T510837_23:GOING TO SEND START
183106:T510837_23:SENT START, WAITING FOR FINISH 
183112:T510837_23:MACHINE DONE
183112:T510837_23:Error Code 0
183139:T510837_24:Machine Process.. START
183139:T510837_24:GOING TO SEND START
183139:T510837_24:SENT START, WAITING FOR FINISH 
183144:T510837_24:MACHINE DONE
183144:T510837_24:Error Code 0
183230:T510837_25:Machine Process.. START
183230:T510837_25:GOING TO SEND START
183231:T510837_25:SENT START, WAITING FOR FINISH 
183233:T510837_25:MACHINE DONE
183233:T510837_25:Error Code 0
183327:T510837_26:Machine Process.. START
183327:T510837_26:GOING TO SEND START
183327:T510837_26:SENT START, WAITING FOR FINISH 
183330:T510837_26:MACHINE DONE
183330:T510837_26:Error Code 0
183403:T510837_27:Machine Process.. START
183403:T510837_27:GOING TO SEND START
183403:T510837_27:SENT START, WAITING FOR FINISH 
183407:T510837_27:MACHINE DONE
183407:T510837_27:Error Code 0
183434:T510837_28:Machine Process.. START
183434:T510837_28:GOING TO SEND START
183435:T510837_28:SENT START, WAITING FOR FINISH 
183442:T510837_28:MACHINE DONE
183442:T510837_28:Error Code 0
183533:T510837_29:Machine Process.. START
183533:T510837_29:GOING TO SEND START
183534:T510837_29:SENT START, WAITING FOR FINISH 
183538:T510837_29:MACHINE DONE
183538:T510837_29:Error Code 0
183556:T510837_30:Machine Process.. START
183556:T510837_30:GOING TO SEND START
183556:T510837_30:SENT START, WAITING FOR FINISH 
183559:T510837_30:MACHINE DONE
183559:T510837_30:Error Code 0
183659:T510837_31:Machine Process.. START
183659:T510837_31:GOING TO SEND START
183700:T510837_31:SENT START, WAITING FOR FINISH 
183703:T510837_31:MACHINE DONE
183703:T510837_31:Error Code 0
183805:T510837_32:Machine Process.. START
183805:T510837_32:GOING TO SEND START
183805:T510837_32:SENT START, WAITING FOR FINISH 
183812:T510837_32:MACHINE DONE
183812:T510837_32:Error Code 0
183839:T510837_33:Machine Process.. START
183839:T510837_33:GOING TO SEND START
183840:T510837_33:SENT START, WAITING FOR FINISH 
183848:T510837_33:MACHINE DONE
183848:T510837_33:Error Code 0
184001:T510837_34:Machine Process.. START
184001:T510837_34:GOING TO SEND START
184001:T510837_34:SENT START, WAITING FOR FINISH 
184045:T510837_34:MACHINE DONE
184045:T510837_34:Error Code 0
184048:T510837_35:Machine Process.. START
184048:T510837_35:GOING TO SEND START
184049:T510837_35:SENT START, WAITING FOR FINISH 
184100:T510837_35:MACHINE DONE
184100:T510837_35:Error Code 0
184131:T510837_36:Machine Process.. START
184131:T510837_36:GOING TO SEND START
184131:T510837_36:SENT START, WAITING FOR FINISH 
184137:T510837_36:MACHINE DONE
184137:T510837_36:Error Code 0
184207:T510837_37:Machine Process.. START
184207:T510837_37:GOING TO SEND START
184208:T510837_37:SENT START, WAITING FOR FINISH 
184214:T510837_37:MACHINE DONE
184214:T510837_37:Error Code 0
184239:T510837_38:Machine Process.. START
184239:T510837_38:GOING TO SEND START
184239:T510837_38:SENT START, WAITING FOR FINISH 
184246:T510837_38:MACHINE DONE
184246:T510837_38:Error Code 0
184318:T510837_39:Machine Process.. START
184318:T510837_39:GOING TO SEND START
184318:T510837_39:SENT START, WAITING FOR FINISH 
184324:T510837_39:MACHINE DONE
184324:T510837_39:Error Code 0
184353:T510837_40:Machine Process.. START
184353:T510837_40:GOING TO SEND START
184354:T510837_40:SENT START, WAITING FOR FINISH 
184402:T510837_40:MACHINE DONE
184402:T510837_40:Error Code 0
184427:T510837_41:Machine Process.. START
184427:T510837_41:GOING TO SEND START
184427:T510837_41:SENT START, WAITING FOR FINISH 
184435:T510837_41:MACHINE DONE
184435:T510837_41:Error Code 0
185719:T510837_42:Machine Process.. START
185719:T510837_42:GOING TO SEND START
185719:T510837_42:SENT START, WAITING FOR FINISH 
185725:T510837_42:MACHINE DONE
185725:T510837_42:Error Code 0
185809:T510837_43:Machine Process.. START
185809:T510837_43:GOING TO SEND START
185809:T510837_43:SENT START, WAITING FOR FINISH 
185821:T510837_43:MACHINE DONE
185821:T510837_43:Error Code 0
185848:T510837_44:Machine Process.. START
185848:T510837_44:GOING TO SEND START
185849:T510837_44:SENT START, WAITING FOR FINISH 
185903:T510837_44:MACHINE DONE
185903:T510837_44:Error Code 0
185924:T510837_45:Machine Process.. START
185924:T510837_45:GOING TO SEND START
185925:T510837_45:SENT START, WAITING FOR FINISH 
185933:T510837_45:MACHINE DONE
185933:T510837_45:Error Code 0
185954:T510837_46:Machine Process.. START
185954:T510837_46:GOING TO SEND START
185955:T510837_46:SENT START, WAITING FOR FINISH 
190001:T510837_46:MACHINE DONE
190001:T510837_46:Error Code 0
190030:T510837_47:Machine Process.. START
190030:T510837_47:GOING TO SEND START
190031:T510837_47:SENT START, WAITING FOR FINISH 
190038:T510837_47:MACHINE DONE
190038:T510837_47:Error Code 0
190118:T510837_48:Machine Process.. START
190118:T510837_48:GOING TO SEND START
190119:T510837_48:SENT START, WAITING FOR FINISH 
190125:T510837_48:MACHINE DONE
190125:T510837_48:Error Code 0
190156:T510837_49:Machine Process.. START
190156:T510837_49:GOING TO SEND START
190156:T510837_49:SENT START, WAITING FOR FINISH 
190218:T510837_49:MACHINE DONE
190218:T510837_49:Error Code 0
190249:T510837_50:Machine Process.. START
190250:T510837_50:GOING TO SEND START
190250:T510837_50:SENT START, WAITING FOR FINISH 
190305:T510837_50:MACHINE DONE
190305:T510837_50:Error Code 0
190340:T510837_51:Machine Process.. START
190341:T510837_51:GOING TO SEND START
190341:T510837_51:SENT START, WAITING FOR FINISH 
190345:T510837_51:MACHINE DONE
190345:T510837_51:Error Code 0
190450:T510837_52:Machine Process.. START
190450:T510837_52:GOING TO SEND START
190451:T510837_52:SENT START, WAITING FOR FINISH 
190454:T510837_52:MACHINE DONE
190454:T510837_52:Error Code 0
190615:T510837_53:Machine Process.. START
190615:T510837_53:GOING TO SEND START
190616:T510837_53:SENT START, WAITING FOR FINISH 
190619:T510837_53:MACHINE DONE
190619:T510837_53:Error Code 0
190702:T510837_54:Machine Process.. START
190702:T510837_54:GOING TO SEND START
190702:T510837_54:SENT START, WAITING FOR FINISH 
190728:T510837_54:MACHINE DONE
190728:T510837_54:Error Code 0
190812:T510837_55:Machine Process.. START
190812:T510837_55:GOING TO SEND START
190813:T510837_55:SENT START, WAITING FOR FINISH 
190815:T510837_55:MACHINE DONE
190815:T510837_55:Error Code 0
190845:T510837_56:Machine Process.. START
190845:T510837_56:GOING TO SEND START
190845:T510837_56:SENT START, WAITING FOR FINISH 
190852:T510837_56:MACHINE DONE
190852:T510837_56:Error Code 0
190922:T510837_57:Machine Process.. START
190922:T510837_57:GOING TO SEND START
190923:T510837_57:SENT START, WAITING FOR FINISH 
190928:T510837_57:MACHINE DONE
190928:T510837_57:Error Code 0
191016:T510837_58:Machine Process.. START
191016:T510837_58:GOING TO SEND START
191017:T510837_58:SENT START, WAITING FOR FINISH 
191022:T510837_58:MACHINE DONE
191022:T510837_58:Error Code 0
191044:T510837_59:Machine Process.. START
191044:T510837_59:GOING TO SEND START
191044:T510837_59:SENT START, WAITING FOR FINISH 
191048:T510837_59:MACHINE DONE
191048:T510837_59:Error Code 0
191113:T510837_60:Machine Process.. START
191113:T510837_60:GOING TO SEND START
191113:T510837_60:SENT START, WAITING FOR FINISH 
191118:T510837_60:MACHINE DONE
191118:T510837_60:Error Code 0
191203:T510837_61:Machine Process.. START
191203:T510837_61:GOING TO SEND START
191204:T510837_61:SENT START, WAITING FOR FINISH 
191210:T510837_61:MACHINE DONE
191210:T510837_61:Error Code 0
191234:T510837_62:Machine Process.. START
191234:T510837_62:GOING TO SEND START
191234:T510837_62:SENT START, WAITING FOR FINISH 
191241:T510837_62:MACHINE DONE
191241:T510837_62:Error Code 0
191558:T510837_63:Machine Process.. START
191558:T510837_63:GOING TO SEND START
191559:T510837_63:SENT START, WAITING FOR FINISH 
191613:T510837_63:MACHINE DONE
191613:T510837_63:Error Code 0
191640:T510837_64:Machine Process.. START
191641:T510837_64:GOING TO SEND START
191641:T510837_64:SENT START, WAITING FOR FINISH 
191646:T510837_64:MACHINE DONE
191646:T510837_64:Error Code 0
191711:T510837_65:Machine Process.. START
191711:T510837_65:GOING TO SEND START
191711:T510837_65:SENT START, WAITING FOR FINISH 
191717:T510837_65:MACHINE DONE
191717:T510837_65:Error Code 0
