103952:T589126_1:Machine Process.. START
103952:T589126_1:GOING TO SEND START
103952:T589126_1:SENT START, WAITING FOR FINISH 
104005:T589126_1:MACHINE DONE
104005:T589126_1:Error Code 0
104300:T589126_2:Machine Process.. START
104300:T589126_2:GOING TO SEND START
104300:T589126_2:SENT START, WAITING FOR FINISH 
104322:T589126_2:MACHINE DONE
104322:T589126_2:Error Code 0
104933:T589126_3:Machine Process.. START
104933:T589126_3:GOING TO SEND START
104934:T589126_3:SENT START, WAITING FOR FINISH 
104956:T589126_3:MACHINE DONE
104956:T589126_3:Error Code 0
105159:T589126_4:Machine Process.. START
105200:T589126_4:GOING TO SEND START
105200:T589126_4:SENT START, WAITING FOR FINISH 
105245:T589126_4:MACHINE DONE
105245:T589126_4:Error Code 0
105500:T589126_5:Machine Process.. START
105500:T589126_5:GOING TO SEND START
105501:T589126_5:SENT START, WAITING FOR FINISH 
105543:T589126_5:MACHINE DONE
105543:T589126_5:Error Code 0
105656:T589126_6:Machine Process.. START
105656:T589126_6:GOING TO SEND START
105656:T589126_6:SENT START, WAITING FOR FINISH 
105700:T589126_6:MACHINE DONE
105700:T589126_6:Error Code 0
110138:T589126_7:Machine Process.. START
110138:T589126_7:GOING TO SEND START
110138:T589126_7:SENT START, WAITING FOR FINISH 
110157:T589126_7:MACHINE DONE
110157:T589126_7:Error Code 0
110640:T589126_8:Machine Process.. START
110641:T589126_8:GOING TO SEND START
110641:T589126_8:SENT START, WAITING FOR FINISH 
110701:T589126_8:MACHINE DONE
110701:T589126_8:Error Code 0
111014:T589126_9:Machine Process.. START
111014:T589126_9:GOING TO SEND START
111014:T589126_9:SENT START, WAITING FOR FINISH 
111027:T589126_9:MACHINE DONE
111027:T589126_9:Error Code 0
111531:T589126_10:Machine Process.. START
111531:T589126_10:GOING TO SEND START
111531:T589126_10:SENT START, WAITING FOR FINISH 
111557:T589126_10:MACHINE DONE
111557:T589126_10:Error Code 0
111659:T589126_11:Machine Process.. START
111659:T589126_11:GOING TO SEND START
111700:T589126_11:SENT START, WAITING FOR FINISH 
111712:T589126_11:MACHINE DONE
111712:T589126_11:Error Code 0
111845:T589126_12:Machine Process.. START
111845:T589126_12:GOING TO SEND START
111846:T589126_12:SENT START, WAITING FOR FINISH 
111922:T589126_12:MACHINE DONE
111922:T589126_12:Error Code 0
112433:T589126_13:Machine Process.. START
112433:T589126_13:GOING TO SEND START
112433:T589126_13:SENT START, WAITING FOR FINISH 
112453:T589126_13:MACHINE DONE
112453:T589126_13:Error Code 0
112853:T589126_14:Machine Process.. START
112853:T589126_14:GOING TO SEND START
112853:T589126_14:SENT START, WAITING FOR FINISH 
112909:T589126_14:MACHINE DONE
112909:T589126_14:Error Code 0
113039:T589126_15:Machine Process.. START
113039:T589126_15:GOING TO SEND START
113039:T589126_15:SENT START, WAITING FOR FINISH 
113102:T589126_15:MACHINE DONE
113102:T589126_15:Error Code 0
113227:T589126_16:Machine Process.. START
113227:T589126_16:GOING TO SEND START
113227:T589126_16:SENT START, WAITING FOR FINISH 
113237:T589126_16:MACHINE DONE
113237:T589126_16:Error Code 0
113644:T589126_17:Machine Process.. START
113644:T589126_17:GOING TO SEND START
113645:T589126_17:SENT START, WAITING FOR FINISH 
113702:T589126_17:MACHINE DONE
113702:T589126_17:Error Code 0
114142:T589126_18:Machine Process.. START
114142:T589126_18:GOING TO SEND START
114142:T589126_18:SENT START, WAITING FOR FINISH 
114201:T589126_18:MACHINE DONE
114201:T589126_18:Error Code 0
114424:T589126_19:Machine Process.. START
114424:T589126_19:GOING TO SEND START
114424:T589126_19:SENT START, WAITING FOR FINISH 
114443:T589126_19:MACHINE DONE
114443:T589126_19:Error Code 0
114602:T589126_20:Machine Process.. START
114602:T589126_20:GOING TO SEND START
114602:T589126_20:SENT START, WAITING FOR FINISH 
114610:T589126_20:MACHINE DONE
114610:T589126_20:Error Code 0
