085256:T510837_1:Machine Process.. START
085256:T510837_1:GOING TO SEND START
085257:T510837_1:SENT START, WAITING FOR FINISH 
085400:T510837_1:MACHINE DONE
085400:T510837_1:Error Code 0
085423:T510837_2:Machine Process.. START
085424:T510837_2:GOING TO SEND START
085424:T510837_2:SENT START, WAITING FOR FINISH 
085455:T510837_2:MACHINE DONE
085455:T510837_2:Error Code 0
085700:T510837_3:Machine Process.. START
085701:T510837_3:GOING TO SEND START
085701:T510837_3:SENT START, WAITING FOR FINISH 
085748:T510837_3:MACHINE DONE
085748:T510837_3:Error Code 0
085836:T510837_4:Machine Process.. START
085836:T510837_4:GOING TO SEND START
085837:T510837_4:SENT START, WAITING FOR FINISH 
090039:T510837_4:MACHINE DONE
090039:T510837_4:Error Code 0
090146:T510837_5:Machine Process.. START
090147:T510837_5:GOING TO SEND START
090147:T510837_5:SENT START, WAITING FOR FINISH 
090244:T510837_5:MACHINE DONE
090244:T510837_5:Error Code 0
090327:T510837_6:Machine Process.. START
090327:T510837_6:GOING TO SEND START
090328:T510837_6:SENT START, WAITING FOR FINISH 
090417:T510837_6:MACHINE DONE
090417:T510837_6:Error Code 0
090514:T510837_7:Machine Process.. START
090514:T510837_7:GOING TO SEND START
090514:T510837_7:SENT START, WAITING FOR FINISH 
090550:T510837_7:MACHINE DONE
090550:T510837_7:Error Code 0
090654:T510837_8:Machine Process.. START
090654:T510837_8:GOING TO SEND START
090655:T510837_8:SENT START, WAITING FOR FINISH 
090839:T510837_8:MACHINE DONE
090839:T510837_8:Error Code 0
091018:T510837_9:Machine Process.. START
091018:T510837_9:GOING TO SEND START
091018:T510837_9:SENT START, WAITING FOR FINISH 
091202:T510837_9:MACHINE DONE
091202:T510837_9:Error Code 0
091319:T510837_10:Machine Process.. START
091320:T510837_10:GOING TO SEND START
091320:T510837_10:SENT START, WAITING FOR FINISH 
091353:T510837_10:MACHINE DONE
091353:T510837_10:Error Code 0
091519:T510837_11:Machine Process.. START
091520:T510837_11:GOING TO SEND START
091520:T510837_11:SENT START, WAITING FOR FINISH 
091550:T510837_11:MACHINE DONE
091550:T510837_11:Error Code 0
091902:T510837_12:Machine Process.. START
091902:T510837_12:GOING TO SEND START
091903:T510837_12:SENT START, WAITING FOR FINISH 
091958:T510837_12:MACHINE DONE
091958:T510837_12:Error Code 0
092621:T510837_13:Machine Process.. START
092621:T510837_13:GOING TO SEND START
092621:T510837_13:SENT START, WAITING FOR FINISH 
092726:T510837_13:MACHINE DONE
092726:T510837_13:Error Code 0
092906:T510837_14:Machine Process.. START
092907:T510837_14:GOING TO SEND START
092907:T510837_14:SENT START, WAITING FOR FINISH 
092941:T510837_14:MACHINE DONE
092941:T510837_14:Error Code 0
093135:T510837_15:Machine Process.. START
093135:T510837_15:GOING TO SEND START
093136:T510837_15:SENT START, WAITING FOR FINISH 
093258:T510837_15:MACHINE DONE
093258:T510837_15:Error Code 0
093401:T510837_16:Machine Process.. START
093401:T510837_16:GOING TO SEND START
093401:T510837_16:SENT START, WAITING FOR FINISH 
093519:T510837_16:MACHINE DONE
093519:T510837_16:Error Code 0
093830:T510837_17:Machine Process.. START
093831:T510837_17:GOING TO SEND START
093831:T510837_17:SENT START, WAITING FOR FINISH 
094115:T510837_17:MACHINE DONE
094115:T510837_17:Error Code 0
094146:T510837_18:Machine Process.. START
094147:T510837_18:GOING TO SEND START
094147:T510837_18:SENT START, WAITING FOR FINISH 
094237:T510837_18:MACHINE DONE
094237:T510837_18:Error Code 0
094359:T510837_19:Machine Process.. START
094359:T510837_19:GOING TO SEND START
094359:T510837_19:SENT START, WAITING FOR FINISH 
094438:T510837_19:MACHINE DONE
094439:T510837_19:Error Code 0
094620:T510836_1:Machine Process.. START
094620:T510836_1:GOING TO SEND START
094621:T510836_1:SENT START, WAITING FOR FINISH 
094728:T510836_1:MACHINE DONE
094728:T510836_1:Error Code 0
094832:T510836_2:Machine Process.. START
094832:T510836_2:GOING TO SEND START
094833:T510836_2:SENT START, WAITING FOR FINISH 
094938:T510836_2:MACHINE DONE
094938:T510836_2:Error Code 0
095118:T510836_3:Machine Process.. START
095119:T510836_3:GOING TO SEND START
095119:T510836_3:SENT START, WAITING FOR FINISH 
095220:T510836_3:MACHINE DONE
095220:T510836_3:Error Code 0
095311:T510836_4:Machine Process.. START
095311:T510836_4:GOING TO SEND START
095312:T510836_4:SENT START, WAITING FOR FINISH 
095348:T510836_4:MACHINE DONE
095348:T510836_4:Error Code 0
095533:T510836_5:Machine Process.. START
095534:T510836_5:GOING TO SEND START
095534:T510836_5:SENT START, WAITING FOR FINISH 
095600:T510836_5:MACHINE DONE
095600:T510836_5:Error Code 0
101347:T510836_6:Machine Process.. START
101347:T510836_6:GOING TO SEND START
101347:T510836_6:SENT START, WAITING FOR FINISH 
101429:T510836_6:MACHINE DONE
101429:T510836_6:Error Code 0
102005:T510836_7:Machine Process.. START
102006:T510836_7:GOING TO SEND START
102006:T510836_7:SENT START, WAITING FOR FINISH 
102123:T510836_7:MACHINE DONE
102123:T510836_7:Error Code 0
134318:T510837_20:Machine Process.. START
134319:T510837_20:GOING TO SEND START
134319:T510837_20:SENT START, WAITING FOR FINISH 
134401:T510837_20:MACHINE DONE
134401:T510837_20:Error Code 0
134418:T510837_21:Machine Process.. START
134418:T510837_21:GOING TO SEND START
134418:T510837_21:SENT START, WAITING FOR FINISH 
134426:T510837_21:MACHINE DONE
134426:T510837_21:Error Code 0
134453:T510837_22:Machine Process.. START
134454:T510837_22:GOING TO SEND START
134454:T510837_22:SENT START, WAITING FOR FINISH 
134539:T510837_23:Machine Process.. START
134539:T510837_23:GOING TO SEND START
134540:T510837_23:SENT START, WAITING FOR FINISH 
134648:T510837_24:Machine Process.. START
134648:T510837_24:GOING TO SEND START
134648:T510837_24:SENT START, WAITING FOR FINISH 
134734:T510837_25:Machine Process.. START
134734:T510837_25:GOING TO SEND START
134735:T510837_25:SENT START, WAITING FOR FINISH 
134748:T510837_25:MACHINE DONE
134748:T510837_25:Error Code 0
134830:T510837_26:Machine Process.. START
134830:T510837_26:GOING TO SEND START
134831:T510837_26:SENT START, WAITING FOR FINISH 
134842:T510837_26:MACHINE DONE
134842:T510837_26:Error Code 0
134919:T510837_27:Machine Process.. START
134920:T510837_27:GOING TO SEND START
134920:T510837_27:SENT START, WAITING FOR FINISH 
134928:T510837_27:MACHINE DONE
134928:T510837_27:Error Code 0
135011:T510837_28:Machine Process.. START
135012:T510837_28:GOING TO SEND START
135012:T510837_28:SENT START, WAITING FOR FINISH 
135101:T510837_29:Machine Process.. START
135101:T510837_29:GOING TO SEND START
135102:T510837_29:SENT START, WAITING FOR FINISH 
135109:T510837_29:MACHINE DONE
135109:T510837_29:Error Code 0
135304:T510837_30:Machine Process.. START
135305:T510837_30:GOING TO SEND START
135305:T510837_30:SENT START, WAITING FOR FINISH 
135407:T510837_30:MACHINE DONE
135407:T510837_30:Error Code 0
135523:T510837_32:Machine Process.. START
135524:T510837_32:GOING TO SEND START
135524:T510837_32:SENT START, WAITING FOR FINISH 
135613:T510837_33:Machine Process.. START
135613:T510837_33:GOING TO SEND START
135614:T510837_33:SENT START, WAITING FOR FINISH 
135629:T510837_33:MACHINE DONE
135629:T510837_33:Error Code 0
135657:T510837_34:Machine Process.. START
135657:T510837_34:GOING TO SEND START
135657:T510837_34:SENT START, WAITING FOR FINISH 
135705:T510837_34:MACHINE DONE
135705:T510837_34:Error Code 0
135802:T510837_35:Machine Process.. START
135802:T510837_35:GOING TO SEND START
135802:T510837_35:SENT START, WAITING FOR FINISH 
135816:T510837_35:MACHINE DONE
135816:T510837_35:Error Code 0
135907:T510837_36:Machine Process.. START
135907:T510837_36:GOING TO SEND START
135907:T510837_36:SENT START, WAITING FOR FINISH 
135914:T510837_36:MACHINE DONE
135914:T510837_36:Error Code 0
140015:T510837_37:Machine Process.. START
140015:T510837_37:GOING TO SEND START
140016:T510837_37:SENT START, WAITING FOR FINISH 
140023:T510837_37:MACHINE DONE
140024:T510837_37:Error Code 0
140049:T510837_38:Machine Process.. START
140049:T510837_38:GOING TO SEND START
140050:T510837_38:SENT START, WAITING FOR FINISH 
140057:T510837_38:MACHINE DONE
140057:T510837_38:Error Code 0
140145:T510837_39:Machine Process.. START
140146:T510837_39:GOING TO SEND START
140146:T510837_39:SENT START, WAITING FOR FINISH 
140152:T510837_39:MACHINE DONE
140152:T510837_39:Error Code 0
140635:T510837_42:Machine Process.. START
140635:T510837_42:GOING TO SEND START
140636:T510837_42:SENT START, WAITING FOR FINISH 
140643:T510837_42:MACHINE DONE
140643:T510837_42:Error Code 0
140737:T510837_43:Machine Process.. START
140737:T510837_43:GOING TO SEND START
140738:T510837_43:SENT START, WAITING FOR FINISH 
140745:T510837_43:MACHINE DONE
140745:T510837_43:Error Code 0
140848:T510837_44:Machine Process.. START
140848:T510837_44:GOING TO SEND START
140849:T510837_44:SENT START, WAITING FOR FINISH 
140858:T510837_44:MACHINE DONE
140858:T510837_44:Error Code 0
140941:T510837_45:Machine Process.. START
140941:T510837_45:GOING TO SEND START
140942:T510837_45:SENT START, WAITING FOR FINISH 
140948:T510837_45:MACHINE DONE
140948:T510837_45:Error Code 0
141124:T510837_46:Machine Process.. START
141125:T510837_46:GOING TO SEND START
141125:T510837_46:SENT START, WAITING FOR FINISH 
141242:T510837_47:Machine Process.. START
141243:T510837_47:GOING TO SEND START
141243:T510837_47:SENT START, WAITING FOR FINISH 
141251:T510837_47:MACHINE DONE
141251:T510837_47:Error Code 0
141329:T510837_48:Machine Process.. START
141330:T510837_48:GOING TO SEND START
141330:T510837_48:SENT START, WAITING FOR FINISH 
141340:T510837_48:MACHINE DONE
141340:T510837_48:Error Code 0
141756:T510837_51:Machine Process.. START
141756:T510837_51:GOING TO SEND START
141756:T510837_51:SENT START, WAITING FOR FINISH 
141805:T510837_51:MACHINE DONE
141806:T510837_51:Error Code 0
141836:T510837_52:Machine Process.. START
141836:T510837_52:GOING TO SEND START
141836:T510837_52:SENT START, WAITING FOR FINISH 
141844:T510837_52:MACHINE DONE
141844:T510837_52:Error Code 0
141928:T510837_53:Machine Process.. START
141928:T510837_53:GOING TO SEND START
141929:T510837_53:SENT START, WAITING FOR FINISH 
142010:T510837_54:Machine Process.. START
142010:T510837_54:GOING TO SEND START
142010:T510837_54:SENT START, WAITING FOR FINISH 
142018:T510837_54:MACHINE DONE
142018:T510837_54:Error Code 0
142049:T510837_55:Machine Process.. START
142049:T510837_55:GOING TO SEND START
142050:T510837_55:SENT START, WAITING FOR FINISH 
142130:T510837_56:Machine Process.. START
142130:T510837_56:GOING TO SEND START
142130:T510837_56:SENT START, WAITING FOR FINISH 
142137:T510837_56:MACHINE DONE
142137:T510837_56:Error Code 0
142209:T510837_57:Machine Process.. START
142209:T510837_57:GOING TO SEND START
142210:T510837_57:SENT START, WAITING FOR FINISH 
142220:T510837_57:MACHINE DONE
142220:T510837_57:Error Code 0
142340:T510837_59:Machine Process.. START
142340:T510837_59:GOING TO SEND START
142341:T510837_59:SENT START, WAITING FOR FINISH 
142544:T510837_60:Machine Process.. START
142545:T510837_60:GOING TO SEND START
142545:T510837_60:SENT START, WAITING FOR FINISH 
142553:T510837_60:MACHINE DONE
142553:T510837_60:Error Code 0
142655:T510837_61:Machine Process.. START
142655:T510837_61:GOING TO SEND START
142655:T510837_61:SENT START, WAITING FOR FINISH 
142704:T510837_61:MACHINE DONE
142704:T510837_61:Error Code 0
142733:T510837_62:Machine Process.. START
142733:T510837_62:GOING TO SEND START
142733:T510837_62:SENT START, WAITING FOR FINISH 
143728:T510837_62:MACHINE DONE
143728:T510837_62:Error Code 0
143903:T510837_63:Machine Process.. START
143904:T510837_63:GOING TO SEND START
143904:T510837_63:SENT START, WAITING FOR FINISH 
143910:T510837_63:MACHINE DONE
143910:T510837_63:Error Code 0
143952:T510837_64:Machine Process.. START
143953:T510837_64:GOING TO SEND START
143953:T510837_64:SENT START, WAITING FOR FINISH 
144000:T510837_64:MACHINE DONE
144000:T510837_64:Error Code 0
144058:T510837_65:Machine Process.. START
144058:T510837_65:GOING TO SEND START
144058:T510837_65:SENT START, WAITING FOR FINISH 
144105:T510837_65:MACHINE DONE
144105:T510837_65:Error Code 0
144152:T510837_66:Machine Process.. START
144152:T510837_66:GOING TO SEND START
144153:T510837_66:SENT START, WAITING FOR FINISH 
144159:T510837_66:MACHINE DONE
144159:T510837_66:Error Code 0
144250:T510837_67:Machine Process.. START
144250:T510837_67:GOING TO SEND START
144250:T510837_67:SENT START, WAITING FOR FINISH 
144258:T510837_67:MACHINE DONE
144258:T510837_67:Error Code 0
144350:T510837_68:Machine Process.. START
144350:T510837_68:GOING TO SEND START
144351:T510837_68:SENT START, WAITING FOR FINISH 
144401:T510837_68:MACHINE DONE
144401:T510837_68:Error Code 0
144508:T510837_69:Machine Process.. START
144509:T510837_69:GOING TO SEND START
144509:T510837_69:SENT START, WAITING FOR FINISH 
144525:T510837_69:MACHINE DONE
144525:T510837_69:Error Code 0
144606:T510837_70:Machine Process.. START
144607:T510837_70:GOING TO SEND START
144607:T510837_70:SENT START, WAITING FOR FINISH 
144618:T510837_70:MACHINE DONE
144618:T510837_70:Error Code 0
144651:T510837_71:Machine Process.. START
144652:T510837_71:GOING TO SEND START
144652:T510837_71:SENT START, WAITING FOR FINISH 
144751:T510837_72:Machine Process.. START
144752:T510837_72:GOING TO SEND START
144752:T510837_72:SENT START, WAITING FOR FINISH 
144800:T510837_72:MACHINE DONE
144800:T510837_72:Error Code 0
144840:T510837_73:Machine Process.. START
144841:T510837_73:GOING TO SEND START
144841:T510837_73:SENT START, WAITING FOR FINISH 
144849:T510837_73:MACHINE DONE
144849:T510837_73:Error Code 0
145019:T510837_75:Machine Process.. START
145020:T510837_75:GOING TO SEND START
145020:T510837_75:SENT START, WAITING FOR FINISH 
145027:T510837_75:MACHINE DONE
145027:T510837_75:Error Code 0
145121:T510837_76:Machine Process.. START
145121:T510837_76:GOING TO SEND START
145122:T510837_76:SENT START, WAITING FOR FINISH 
145128:T510837_76:MACHINE DONE
145128:T510837_76:Error Code 0
145304:T510837_77:Machine Process.. START
145304:T510837_77:GOING TO SEND START
145304:T510837_77:SENT START, WAITING FOR FINISH 
145421:T510837_78:Machine Process.. START
145422:T510837_78:GOING TO SEND START
145422:T510837_78:SENT START, WAITING FOR FINISH 
145507:T510837_79:Machine Process.. START
145507:T510837_79:GOING TO SEND START
145507:T510837_79:SENT START, WAITING FOR FINISH 
145516:T510837_79:MACHINE DONE
145517:T510837_79:Error Code 0
151433:T510837_81:Machine Process.. START
151433:T510837_81:GOING TO SEND START
151434:T510837_81:SENT START, WAITING FOR FINISH 
151600:T510837_82:Machine Process.. START
151600:T510837_82:GOING TO SEND START
151601:T510837_82:SENT START, WAITING FOR FINISH 
151604:T510837_82:MACHINE DONE
151604:T510837_82:Error Code 0
151702:T510837_83:Machine Process.. START
151702:T510837_83:GOING TO SEND START
151703:T510837_83:SENT START, WAITING FOR FINISH 
151714:T510837_83:MACHINE DONE
151714:T510837_83:Error Code 0
151752:T510837_84:Machine Process.. START
151752:T510837_84:GOING TO SEND START
151753:T510837_84:SENT START, WAITING FOR FINISH 
151801:T510837_84:MACHINE DONE
151801:T510837_84:Error Code 0
151829:T510837_85:Machine Process.. START
151829:T510837_85:GOING TO SEND START
151830:T510837_85:SENT START, WAITING FOR FINISH 
151837:T510837_85:MACHINE DONE
151837:T510837_85:Error Code 0
151938:T510837_86:Machine Process.. START
151939:T510837_86:GOING TO SEND START
151939:T510837_86:SENT START, WAITING FOR FINISH 
152144:T510837_88:Machine Process.. START
152144:T510837_88:GOING TO SEND START
152145:T510837_88:SENT START, WAITING FOR FINISH 
152153:T510837_88:MACHINE DONE
152153:T510837_88:Error Code 0
152254:T510837_89:Machine Process.. START
152255:T510837_89:GOING TO SEND START
152255:T510837_89:SENT START, WAITING FOR FINISH 
152302:T510837_89:MACHINE DONE
152302:T510837_89:Error Code 0
152321:T510837_90:Machine Process.. START
152321:T510837_90:GOING TO SEND START
152321:T510837_90:SENT START, WAITING FOR FINISH 
152328:T510837_90:MACHINE DONE
152328:T510837_90:Error Code 0
152437:T510837_91:Machine Process.. START
152438:T510837_91:GOING TO SEND START
152438:T510837_91:SENT START, WAITING FOR FINISH 
152445:T510837_91:MACHINE DONE
152445:T510837_91:Error Code 0
152526:T510837_92:Machine Process.. START
152527:T510837_92:GOING TO SEND START
152527:T510837_92:SENT START, WAITING FOR FINISH 
152534:T510837_92:MACHINE DONE
152534:T510837_92:Error Code 0
152602:T510837_93:Machine Process.. START
152602:T510837_93:GOING TO SEND START
152602:T510837_93:SENT START, WAITING FOR FINISH 
152610:T510837_93:MACHINE DONE
152610:T510837_93:Error Code 0
152654:T510837_94:Machine Process.. START
152654:T510837_94:GOING TO SEND START
152655:T510837_94:SENT START, WAITING FOR FINISH 
152707:T510837_94:MACHINE DONE
152707:T510837_94:Error Code 0
152731:T510837_95:Machine Process.. START
152732:T510837_95:GOING TO SEND START
152732:T510837_95:SENT START, WAITING FOR FINISH 
152924:T510837_97:Machine Process.. START
152925:T510837_97:GOING TO SEND START
152925:T510837_97:SENT START, WAITING FOR FINISH 
152933:T510837_97:MACHINE DONE
152934:T510837_97:Error Code 0
153031:T510837_98:Machine Process.. START
153032:T510837_98:GOING TO SEND START
153032:T510837_98:SENT START, WAITING FOR FINISH 
153139:T510837_99:Machine Process.. START
153140:T510837_99:GOING TO SEND START
153140:T510837_99:SENT START, WAITING FOR FINISH 
153145:T510837_99:MACHINE DONE
153145:T510837_99:Error Code 0
153222:T510837_100:Machine Process.. START
153222:T510837_100:GOING TO SEND START
153222:T510837_100:SENT START, WAITING FOR FINISH 
153236:T510837_100:MACHINE DONE
153236:T510837_100:Error Code 0
153308:T510837_101:Machine Process.. START
153309:T510837_101:GOING TO SEND START
153309:T510837_101:SENT START, WAITING FOR FINISH 
153315:T510837_101:MACHINE DONE
153315:T510837_101:Error Code 0
153350:T510837_102:Machine Process.. START
153350:T510837_102:GOING TO SEND START
153350:T510837_102:SENT START, WAITING FOR FINISH 
153400:T510837_102:MACHINE DONE
153400:T510837_102:Error Code 0
153454:T510837_103:Machine Process.. START
153455:T510837_103:GOING TO SEND START
153455:T510837_103:SENT START, WAITING FOR FINISH 
153501:T510837_103:MACHINE DONE
153501:T510837_103:Error Code 0
153529:T510837_104:Machine Process.. START
153529:T510837_104:GOING TO SEND START
153530:T510837_104:SENT START, WAITING FOR FINISH 
153656:T510837_106:Machine Process.. START
153657:T510837_106:GOING TO SEND START
153657:T510837_106:SENT START, WAITING FOR FINISH 
153706:T510837_106:MACHINE DONE
153706:T510837_106:Error Code 0
153739:T510837_107:Machine Process.. START
153739:T510837_107:GOING TO SEND START
153739:T510837_107:SENT START, WAITING FOR FINISH 
153745:T510837_107:MACHINE DONE
153745:T510837_107:Error Code 0
153859:T510837_108:Machine Process.. START
153859:T510837_108:GOING TO SEND START
153859:T510837_108:SENT START, WAITING FOR FINISH 
153905:T510837_108:MACHINE DONE
153905:T510837_108:Error Code 0
153952:T510837_109:Machine Process.. START
153953:T510837_109:GOING TO SEND START
153953:T510837_109:SENT START, WAITING FOR FINISH 
154001:T510837_109:MACHINE DONE
154002:T510837_109:Error Code 0
154058:T510837_110:Machine Process.. START
154058:T510837_110:GOING TO SEND START
154058:T510837_110:SENT START, WAITING FOR FINISH 
154104:T510837_110:MACHINE DONE
154104:T510837_110:Error Code 0
154124:T510837_111:Machine Process.. START
154124:T510837_111:GOING TO SEND START
154125:T510837_111:SENT START, WAITING FOR FINISH 
154132:T510837_111:MACHINE DONE
154132:T510837_111:Error Code 0
154220:T510837_112:Machine Process.. START
154220:T510837_112:GOING TO SEND START
154220:T510837_112:SENT START, WAITING FOR FINISH 
154227:T510837_112:MACHINE DONE
154227:T510837_112:Error Code 0
154300:T510837_113:Machine Process.. START
154300:T510837_113:GOING TO SEND START
154301:T510837_113:SENT START, WAITING FOR FINISH 
154446:T510837_115:Machine Process.. START
154446:T510837_115:GOING TO SEND START
154446:T510837_115:SENT START, WAITING FOR FINISH 
154500:T510837_115:MACHINE DONE
154500:T510837_115:Error Code 0
154614:T510837_116:Machine Process.. START
154614:T510837_116:GOING TO SEND START
154615:T510837_116:SENT START, WAITING FOR FINISH 
154650:T510837_117:Machine Process.. START
154651:T510837_117:GOING TO SEND START
154651:T510837_117:SENT START, WAITING FOR FINISH 
154657:T510837_117:MACHINE DONE
154657:T510837_117:Error Code 0
154725:T510837_118:Machine Process.. START
154725:T510837_118:GOING TO SEND START
154725:T510837_118:SENT START, WAITING FOR FINISH 
154733:T510837_118:MACHINE DONE
154733:T510837_118:Error Code 0
154802:T510837_119:Machine Process.. START
154802:T510837_119:GOING TO SEND START
154803:T510837_119:SENT START, WAITING FOR FINISH 
154810:T510837_119:MACHINE DONE
154810:T510837_119:Error Code 0
154849:T510837_120:Machine Process.. START
154849:T510837_120:GOING TO SEND START
154850:T510837_120:SENT START, WAITING FOR FINISH 
154900:T510837_120:MACHINE DONE
154900:T510837_120:Error Code 0
154937:T510837_121:Machine Process.. START
154937:T510837_121:GOING TO SEND START
154938:T510837_121:SENT START, WAITING FOR FINISH 
154944:T510837_121:MACHINE DONE
154944:T510837_121:Error Code 0
155045:T510837_122:Machine Process.. START
155045:T510837_122:GOING TO SEND START
155046:T510837_122:SENT START, WAITING FOR FINISH 
155053:T510837_122:MACHINE DONE
155053:T510837_122:Error Code 0
155234:T510837_124:Machine Process.. START
155234:T510837_124:GOING TO SEND START
155234:T510837_124:SENT START, WAITING FOR FINISH 
155242:T510837_124:MACHINE DONE
155242:T510837_124:Error Code 0
155302:T510837_125:Machine Process.. START
155302:T510837_125:GOING TO SEND START
155303:T510837_125:SENT START, WAITING FOR FINISH 
155308:T510837_125:MACHINE DONE
155308:T510837_125:Error Code 0
155353:T510837_126:Machine Process.. START
155353:T510837_126:GOING TO SEND START
155354:T510837_126:SENT START, WAITING FOR FINISH 
155459:T510837_127:Machine Process.. START
155459:T510837_127:GOING TO SEND START
155500:T510837_127:SENT START, WAITING FOR FINISH 
155508:T510837_127:MACHINE DONE
155508:T510837_127:Error Code 0
155537:T510837_128:Machine Process.. START
155537:T510837_128:GOING TO SEND START
155538:T510837_128:SENT START, WAITING FOR FINISH 
155543:T510837_128:MACHINE DONE
155543:T510837_128:Error Code 0
155614:T510837_129:Machine Process.. START
155614:T510837_129:GOING TO SEND START
155614:T510837_129:SENT START, WAITING FOR FINISH 
155623:T510837_129:MACHINE DONE
155623:T510837_129:Error Code 0
