132551:T510836_1:Machine Process.. START
132551:T510836_1:GOING TO SEND START
132551:T510836_1:SENT START, WAITING FOR FINISH 
132614:T510836_1:MACHINE DONE
132614:T510836_1:Error Code 0
132634:T510836_2:Machine Process.. START
132634:T510836_2:GOING TO SEND START
132634:T510836_2:SENT START, WAITING FOR FINISH 
132701:T510836_2:MACHINE DONE
132701:T510836_2:Error Code 0
132824:T510836_3:Machine Process.. START
132824:T510836_3:GOING TO SEND START
132825:T510836_3:SENT START, WAITING FOR FINISH 
132845:T510836_3:MACHINE DONE
132845:T510836_3:Error Code 0
132913:T510836_4:Machine Process.. START
132913:T510836_4:GOING TO SEND START
132914:T510836_4:SENT START, WAITING FOR FINISH 
132938:T510836_4:MACHINE DONE
132938:T510836_4:Error Code 0
133006:T510836_5:Machine Process.. START
133006:T510836_5:GOING TO SEND START
133007:T510836_5:SENT START, WAITING FOR FINISH 
133031:T510836_5:MACHINE DONE
133031:T510836_5:Error Code 0
133120:T510836_6:Machine Process.. START
133120:T510836_6:GOING TO SEND START
133120:T510836_6:SENT START, WAITING FOR FINISH 
133146:T510836_6:MACHINE DONE
133146:T510836_6:Error Code 0
133212:T510836_7:Machine Process.. START
133212:T510836_7:GOING TO SEND START
133212:T510836_7:SENT START, WAITING FOR FINISH 
133235:T510836_7:MACHINE DONE
133235:T510836_7:Error Code 0
133342:T510836_8:Machine Process.. START
133342:T510836_8:GOING TO SEND START
133343:T510836_8:SENT START, WAITING FOR FINISH 
133406:T510836_8:MACHINE DONE
133406:T510836_8:Error Code 0
133534:T510836_9:Machine Process.. START
133534:T510836_9:GOING TO SEND START
133534:T510836_9:SENT START, WAITING FOR FINISH 
133555:T510836_9:MACHINE DONE
133555:T510836_9:Error Code 0
133639:T510836_10:Machine Process.. START
133639:T510836_10:GOING TO SEND START
133639:T510836_10:SENT START, WAITING FOR FINISH 
133701:T510836_10:MACHINE DONE
133701:T510836_10:Error Code 0
133847:T510836_11:Machine Process.. START
133847:T510836_11:GOING TO SEND START
133847:T510836_11:SENT START, WAITING FOR FINISH 
133909:T510836_11:MACHINE DONE
133909:T510836_11:Error Code 0
134626:T510836_12:Machine Process.. START
134627:T510836_12:GOING TO SEND START
134627:T510836_12:SENT START, WAITING FOR FINISH 
134649:T510836_12:MACHINE DONE
134649:T510836_12:Error Code 0
134802:T510836_13:Machine Process.. START
134802:T510836_13:GOING TO SEND START
134802:T510836_13:SENT START, WAITING FOR FINISH 
134825:T510836_13:MACHINE DONE
134825:T510836_13:Error Code 0
134902:T510836_14:Machine Process.. START
134903:T510836_14:GOING TO SEND START
134903:T510836_14:SENT START, WAITING FOR FINISH 
134926:T510836_14:MACHINE DONE
134926:T510836_14:Error Code 0
135104:T510836_15:Machine Process.. START
135104:T510836_15:GOING TO SEND START
135104:T510836_15:SENT START, WAITING FOR FINISH 
135138:T510836_15:MACHINE DONE
135138:T510836_15:Error Code 0
135151:T510836_16:Machine Process.. START
135152:T510836_16:GOING TO SEND START
135152:T510836_16:SENT START, WAITING FOR FINISH 
135213:T510836_16:MACHINE DONE
135213:T510836_16:Error Code 0
135257:T510836_17:Machine Process.. START
135257:T510836_17:GOING TO SEND START
135257:T510836_17:SENT START, WAITING FOR FINISH 
135319:T510836_17:MACHINE DONE
135319:T510836_17:Error Code 0
135345:T510836_18:Machine Process.. START
135345:T510836_18:GOING TO SEND START
135346:T510836_18:SENT START, WAITING FOR FINISH 
135407:T510836_18:MACHINE DONE
135407:T510836_18:Error Code 0
135507:T510836_19:Machine Process.. START
135507:T510836_19:GOING TO SEND START
135508:T510836_19:SENT START, WAITING FOR FINISH 
135534:T510836_19:MACHINE DONE
135534:T510836_19:Error Code 0
135632:T510836_20:Machine Process.. START
135632:T510836_20:GOING TO SEND START
135632:T510836_20:SENT START, WAITING FOR FINISH 
135653:T510836_20:MACHINE DONE
135653:T510836_20:Error Code 0
135751:T510836_21:Machine Process.. START
135751:T510836_21:GOING TO SEND START
135751:T510836_21:SENT START, WAITING FOR FINISH 
135830:T510836_21:MACHINE DONE
135830:T510836_21:Error Code 0
135924:T510836_22:Machine Process.. START
135924:T510836_22:GOING TO SEND START
135924:T510836_22:SENT START, WAITING FOR FINISH 
135955:T510836_22:MACHINE DONE
135955:T510836_22:Error Code 0
140039:T510836_23:Machine Process.. START
140039:T510836_23:GOING TO SEND START
140039:T510836_23:SENT START, WAITING FOR FINISH 
140108:T510836_23:MACHINE DONE
140108:T510836_23:Error Code 0
140226:T510836_24:Machine Process.. START
140227:T510836_24:GOING TO SEND START
140227:T510836_24:SENT START, WAITING FOR FINISH 
140252:T510836_24:MACHINE DONE
140252:T510836_24:Error Code 0
140319:T510836_25:Machine Process.. START
140320:T510836_25:GOING TO SEND START
140320:T510836_25:SENT START, WAITING FOR FINISH 
140347:T510836_25:MACHINE DONE
140347:T510836_25:Error Code 0
140419:T510836_26:Machine Process.. START
140419:T510836_26:GOING TO SEND START
140419:T510836_26:SENT START, WAITING FOR FINISH 
140444:T510836_26:MACHINE DONE
140444:T510836_26:Error Code 0
140505:T510836_27:Machine Process.. START
140505:T510836_27:GOING TO SEND START
140505:T510836_27:SENT START, WAITING FOR FINISH 
140534:T510836_27:MACHINE DONE
140534:T510836_27:Error Code 0
140608:T510836_28:Machine Process.. START
140608:T510836_28:GOING TO SEND START
140608:T510836_28:SENT START, WAITING FOR FINISH 
140633:T510836_28:MACHINE DONE
140633:T510836_28:Error Code 0
140726:T510836_29:Machine Process.. START
140726:T510836_29:GOING TO SEND START
140727:T510836_29:SENT START, WAITING FOR FINISH 
140755:T510836_29:MACHINE DONE
140755:T510836_29:Error Code 0
140834:T510836_30:Machine Process.. START
140834:T510836_30:GOING TO SEND START
140835:T510836_30:SENT START, WAITING FOR FINISH 
140904:T510836_30:MACHINE DONE
140904:T510836_30:Error Code 0
141038:T510836_31:Machine Process.. START
141038:T510836_31:GOING TO SEND START
141038:T510836_31:SENT START, WAITING FOR FINISH 
141125:T510836_31:MACHINE DONE
141125:T510836_31:Error Code 0
141223:T510836_32:Machine Process.. START
141223:T510836_32:GOING TO SEND START
141224:T510836_32:SENT START, WAITING FOR FINISH 
141247:T510836_32:MACHINE DONE
141247:T510836_32:Error Code 0
141324:T510836_33:Machine Process.. START
141324:T510836_33:GOING TO SEND START
141324:T510836_33:SENT START, WAITING FOR FINISH 
141348:T510836_33:MACHINE DONE
141348:T510836_33:Error Code 0
141420:T510836_34:Machine Process.. START
141420:T510836_34:GOING TO SEND START
141421:T510836_34:SENT START, WAITING FOR FINISH 
141442:T510836_34:MACHINE DONE
141442:T510836_34:Error Code 0
141529:T510836_35:Machine Process.. START
141529:T510836_35:GOING TO SEND START
141529:T510836_35:SENT START, WAITING FOR FINISH 
141553:T510836_35:MACHINE DONE
141553:T510836_35:Error Code 0
141627:T510836_36:Machine Process.. START
141627:T510836_36:GOING TO SEND START
141628:T510836_36:SENT START, WAITING FOR FINISH 
141648:T510836_36:MACHINE DONE
141648:T510836_36:Error Code 0
141753:T510836_37:Machine Process.. START
141753:T510836_37:GOING TO SEND START
141753:T510836_37:SENT START, WAITING FOR FINISH 
141816:T510836_37:MACHINE DONE
141816:T510836_37:Error Code 0
141853:T510836_38:Machine Process.. START
141853:T510836_38:GOING TO SEND START
141853:T510836_38:SENT START, WAITING FOR FINISH 
141924:T510836_38:MACHINE DONE
141924:T510836_38:Error Code 0
142019:T510836_39:Machine Process.. START
142019:T510836_39:GOING TO SEND START
142019:T510836_39:SENT START, WAITING FOR FINISH 
142130:T510836_39:MACHINE DONE
142130:T510836_39:Error Code 0
142151:T510836_40:Machine Process.. START
142151:T510836_40:GOING TO SEND START
142151:T510836_40:SENT START, WAITING FOR FINISH 
142216:T510836_40:MACHINE DONE
142216:T510836_40:Error Code 0
142350:T510836_41:Machine Process.. START
142350:T510836_41:GOING TO SEND START
142350:T510836_41:SENT START, WAITING FOR FINISH 
142412:T510836_41:MACHINE DONE
142412:T510836_41:Error Code 0
142511:T510836_42:Machine Process.. START
142511:T510836_42:GOING TO SEND START
142511:T510836_42:SENT START, WAITING FOR FINISH 
142542:T510836_42:MACHINE DONE
142542:T510836_42:Error Code 0
142555:T510836_43:Machine Process.. START
142555:T510836_43:GOING TO SEND START
142555:T510836_43:SENT START, WAITING FOR FINISH 
142617:T510836_43:MACHINE DONE
142617:T510836_43:Error Code 0
142716:T510836_44:Machine Process.. START
142716:T510836_44:GOING TO SEND START
142717:T510836_44:SENT START, WAITING FOR FINISH 
142745:T510836_44:MACHINE DONE
142745:T510836_44:Error Code 0
142843:T510836_45:Machine Process.. START
142843:T510836_45:GOING TO SEND START
142844:T510836_45:SENT START, WAITING FOR FINISH 
142904:T510836_45:MACHINE DONE
142904:T510836_45:Error Code 0
143004:T510836_46:Machine Process.. START
143004:T510836_46:GOING TO SEND START
143004:T510836_46:SENT START, WAITING FOR FINISH 
143028:T510836_46:MACHINE DONE
143028:T510836_46:Error Code 0
143107:T510836_47:Machine Process.. START
143107:T510836_47:GOING TO SEND START
143107:T510836_47:SENT START, WAITING FOR FINISH 
143132:T510836_47:MACHINE DONE
143132:T510836_47:Error Code 0
143522:T510836_48:Machine Process.. START
143523:T510836_48:GOING TO SEND START
143523:T510836_48:SENT START, WAITING FOR FINISH 
143546:T510836_48:MACHINE DONE
143546:T510836_48:Error Code 0
143628:T510836_49:Machine Process.. START
143628:T510836_49:GOING TO SEND START
143629:T510836_49:SENT START, WAITING FOR FINISH 
143654:T510836_49:MACHINE DONE
143654:T510836_49:Error Code 0
143759:T510836_50:Machine Process.. START
143759:T510836_50:GOING TO SEND START
143800:T510836_50:SENT START, WAITING FOR FINISH 
143823:T510836_50:MACHINE DONE
143823:T510836_50:Error Code 0
143918:T510836_51:Machine Process.. START
143918:T510836_51:GOING TO SEND START
143918:T510836_51:SENT START, WAITING FOR FINISH 
143950:T510836_51:MACHINE DONE
143950:T510836_51:Error Code 0
144006:T510836_52:Machine Process.. START
144006:T510836_52:GOING TO SEND START
144006:T510836_52:SENT START, WAITING FOR FINISH 
144042:T510836_52:MACHINE DONE
144042:T510836_52:Error Code 0
144115:T510836_53:Machine Process.. START
144115:T510836_53:GOING TO SEND START
144116:T510836_53:SENT START, WAITING FOR FINISH 
144138:T510836_53:MACHINE DONE
144138:T510836_53:Error Code 0
144209:T510836_54:Machine Process.. START
144209:T510836_54:GOING TO SEND START
144210:T510836_54:SENT START, WAITING FOR FINISH 
144244:T510836_54:MACHINE DONE
144244:T510836_54:Error Code 0
144310:T510836_55:Machine Process.. START
144310:T510836_55:GOING TO SEND START
144311:T510836_55:SENT START, WAITING FOR FINISH 
144334:T510836_55:MACHINE DONE
144334:T510836_55:Error Code 0
144355:T510836_56:Machine Process.. START
144355:T510836_56:GOING TO SEND START
144356:T510836_56:SENT START, WAITING FOR FINISH 
144527:T510836_56:MACHINE DONE
144527:T510836_56:Error Code 0
144545:T510836_57:Machine Process.. START
144545:T510836_57:GOING TO SEND START
144546:T510836_57:SENT START, WAITING FOR FINISH 
144610:T510836_57:MACHINE DONE
144610:T510836_57:Error Code 0
144710:T510836_58:Machine Process.. START
144710:T510836_58:GOING TO SEND START
144710:T510836_58:SENT START, WAITING FOR FINISH 
144733:T510836_58:MACHINE DONE
144733:T510836_58:Error Code 0
145247:T510836_59:Machine Process.. START
145247:T510836_59:GOING TO SEND START
145248:T510836_59:SENT START, WAITING FOR FINISH 
145313:T510836_59:MACHINE DONE
145313:T510836_59:Error Code 0
155421:T510837_1:Machine Process.. START
155421:T510837_1:GOING TO SEND START
155421:T510837_1:SENT START, WAITING FOR FINISH 
155443:T510837_1:MACHINE DONE
155443:T510837_1:Error Code 0
155907:T510837_2:Machine Process.. START
155908:T510837_2:GOING TO SEND START
155908:T510837_2:SENT START, WAITING FOR FINISH 
155942:T510837_2:MACHINE DONE
155943:T510837_2:Error Code 0
160330:T510837_3:Machine Process.. START
160331:T510837_3:GOING TO SEND START
160331:T510837_3:SENT START, WAITING FOR FINISH 
160355:T510837_3:MACHINE DONE
160355:T510837_3:Error Code 0
160817:T510837_4:Machine Process.. START
160817:T510837_4:GOING TO SEND START
160817:T510837_4:SENT START, WAITING FOR FINISH 
160838:T510837_4:MACHINE DONE
160838:T510837_4:Error Code 0
161156:T510837_5:Machine Process.. START
161156:T510837_5:GOING TO SEND START
161156:T510837_5:SENT START, WAITING FOR FINISH 
161219:T510837_5:MACHINE DONE
161219:T510837_5:Error Code 0
161753:T510837_6:Machine Process.. START
161753:T510837_6:GOING TO SEND START
161753:T510837_6:SENT START, WAITING FOR FINISH 
161815:T510837_6:MACHINE DONE
161815:T510837_6:Error Code 0
162203:T510837_7:Machine Process.. START
162203:T510837_7:GOING TO SEND START
162204:T510837_7:SENT START, WAITING FOR FINISH 
162225:T510837_7:MACHINE DONE
162225:T510837_7:Error Code 0
162606:T510837_8:Machine Process.. START
162607:T510837_8:GOING TO SEND START
162607:T510837_8:SENT START, WAITING FOR FINISH 
162630:T510837_8:MACHINE DONE
162630:T510837_8:Error Code 0
162835:T589126_1:Machine Process.. START
162835:T589126_1:GOING TO SEND START
162836:T589126_1:SENT START, WAITING FOR FINISH 
162857:T589126_1:MACHINE DONE
162857:T589126_1:Error Code 0
163501:T589126_2:Machine Process.. START
163501:T589126_2:GOING TO SEND START
163501:T589126_2:SENT START, WAITING FOR FINISH 
163522:T589126_2:MACHINE DONE
163522:T589126_2:Error Code 0
172107:T589126_3:Machine Process.. START
172107:T589126_3:GOING TO SEND START
172107:T589126_3:SENT START, WAITING FOR FINISH 
172130:T589126_3:MACHINE DONE
172130:T589126_3:Error Code 0
172405:T589126_4:Machine Process.. START
172405:T589126_4:GOING TO SEND START
172405:T589126_4:SENT START, WAITING FOR FINISH 
172429:T589126_4:MACHINE DONE
172429:T589126_4:Error Code 0
172757:T589126_5:Machine Process.. START
172757:T589126_5:GOING TO SEND START
172757:T589126_5:SENT START, WAITING FOR FINISH 
172817:T589126_5:MACHINE DONE
172817:T589126_5:Error Code 0
