095145:T510836_1:Machine Process.. START
095145:T510836_1:GOING TO SEND START
095146:T510836_1:SENT START, WAITING FOR FINISH 
095200:T510836_1:MACHINE DONE
095200:T510836_1:Error Code 0
102123:T510836_2:Machine Process.. START
102123:T510836_2:GOING TO SEND START
102124:T510836_2:SENT START, WAITING FOR FINISH 
102135:T510836_2:MACHINE DONE
102135:T510836_2:Error Code 0
102158:T510836_3:Machine Process.. START
102158:T510836_3:GOING TO SEND START
102158:T510836_3:SENT START, WAITING FOR FINISH 
102212:T510836_3:MACHINE DONE
102212:T510836_3:Error Code 0
102233:T510836_4:Machine Process.. START
102233:T510836_4:GOING TO SEND START
102233:T510836_4:SENT START, WAITING FOR FINISH 
102247:T510836_4:MACHINE DONE
102247:T510836_4:Error Code 0
102323:T510836_5:Machine Process.. START
102323:T510836_5:GOING TO SEND START
102324:T510836_5:SENT START, WAITING FOR FINISH 
102342:T510836_5:MACHINE DONE
102342:T510836_5:Error Code 0
102409:T510836_6:Machine Process.. START
102409:T510836_6:GOING TO SEND START
102410:T510836_6:SENT START, WAITING FOR FINISH 
102424:T510836_6:MACHINE DONE
102424:T510836_6:Error Code 0
102502:T510836_7:Machine Process.. START
102502:T510836_7:GOING TO SEND START
102503:T510836_7:SENT START, WAITING FOR FINISH 
102519:T510836_7:MACHINE DONE
102519:T510836_7:Error Code 0
102541:T510836_8:Machine Process.. START
102541:T510836_8:GOING TO SEND START
102541:T510836_8:SENT START, WAITING FOR FINISH 
102558:T510836_8:MACHINE DONE
102558:T510836_8:Error Code 0
102628:T510836_9:Machine Process.. START
102628:T510836_9:GOING TO SEND START
102629:T510836_9:SENT START, WAITING FOR FINISH 
102645:T510836_9:MACHINE DONE
102645:T510836_9:Error Code 0
102716:T510836_10:Machine Process.. START
102716:T510836_10:GOING TO SEND START
102716:T510836_10:SENT START, WAITING FOR FINISH 
102734:T510836_10:MACHINE DONE
102734:T510836_10:Error Code 0
102841:T510836_11:Machine Process.. START
102841:T510836_11:GOING TO SEND START
102841:T510836_11:SENT START, WAITING FOR FINISH 
102850:T510836_11:MACHINE DONE
102850:T510836_11:Error Code 0
102927:T510836_12:Machine Process.. START
102928:T510836_12:GOING TO SEND START
102928:T510836_12:SENT START, WAITING FOR FINISH 
102946:T510836_12:MACHINE DONE
102946:T510836_12:Error Code 0
103145:T510836_13:Machine Process.. START
103145:T510836_13:GOING TO SEND START
103145:T510836_13:SENT START, WAITING FOR FINISH 
103154:T510836_13:MACHINE DONE
103154:T510836_13:Error Code 0
103316:T510836_14:Machine Process.. START
103316:T510836_14:GOING TO SEND START
103317:T510836_14:SENT START, WAITING FOR FINISH 
103330:T510836_14:MACHINE DONE
103330:T510836_14:Error Code 0
103444:T510836_15:Machine Process.. START
103444:T510836_15:GOING TO SEND START
103444:T510836_15:SENT START, WAITING FOR FINISH 
103459:T510836_15:MACHINE DONE
103459:T510836_15:Error Code 0
103618:T510836_16:Machine Process.. START
103618:T510836_16:GOING TO SEND START
103619:T510836_16:SENT START, WAITING FOR FINISH 
103635:T510836_16:MACHINE DONE
103635:T510836_16:Error Code 0
103701:T510836_17:Machine Process.. START
103701:T510836_17:GOING TO SEND START
103701:T510836_17:SENT START, WAITING FOR FINISH 
103718:T510836_17:MACHINE DONE
103718:T510836_17:Error Code 0
103827:T510836_18:Machine Process.. START
103827:T510836_18:GOING TO SEND START
103828:T510836_18:SENT START, WAITING FOR FINISH 
103841:T510836_18:MACHINE DONE
103841:T510836_18:Error Code 0
104019:T510836_19:Machine Process.. START
104019:T510836_19:GOING TO SEND START
104019:T510836_19:SENT START, WAITING FOR FINISH 
104037:T510836_19:MACHINE DONE
104037:T510836_19:Error Code 0
104202:T510836_20:Machine Process.. START
104202:T510836_20:GOING TO SEND START
104202:T510836_20:SENT START, WAITING FOR FINISH 
104217:T510836_20:MACHINE DONE
104217:T510836_20:Error Code 0
104312:T510836_21:Machine Process.. START
104312:T510836_21:GOING TO SEND START
104312:T510836_21:SENT START, WAITING FOR FINISH 
104324:T510836_21:MACHINE DONE
104324:T510836_21:Error Code 0
104501:T510836_22:Machine Process.. START
104501:T510836_22:GOING TO SEND START
104502:T510836_22:SENT START, WAITING FOR FINISH 
104513:T510836_22:MACHINE DONE
104513:T510836_22:Error Code 0
104549:T510836_23:Machine Process.. START
104549:T510836_23:GOING TO SEND START
104549:T510836_23:SENT START, WAITING FOR FINISH 
104604:T510836_23:MACHINE DONE
104604:T510836_23:Error Code 0
104732:T510836_24:Machine Process.. START
104732:T510836_24:GOING TO SEND START
104732:T510836_24:SENT START, WAITING FOR FINISH 
104741:T510836_24:MACHINE DONE
104741:T510836_24:Error Code 0
104821:T510836_25:Machine Process.. START
104821:T510836_25:GOING TO SEND START
104822:T510836_25:SENT START, WAITING FOR FINISH 
104850:T510836_25:MACHINE DONE
104850:T510836_25:Error Code 0
105105:T510836_26:Machine Process.. START
105105:T510836_26:GOING TO SEND START
105105:T510836_26:SENT START, WAITING FOR FINISH 
105117:T510836_26:MACHINE DONE
105117:T510836_26:Error Code 0
105234:T510836_27:Machine Process.. START
105234:T510836_27:GOING TO SEND START
105235:T510836_27:SENT START, WAITING FOR FINISH 
105251:T510836_27:MACHINE DONE
105251:T510836_27:Error Code 0
105348:T510836_28:Machine Process.. START
105348:T510836_28:GOING TO SEND START
105349:T510836_28:SENT START, WAITING FOR FINISH 
105407:T510836_28:MACHINE DONE
105407:T510836_28:Error Code 0
105455:T510836_29:Machine Process.. START
105455:T510836_29:GOING TO SEND START
105455:T510836_29:SENT START, WAITING FOR FINISH 
105510:T510836_29:MACHINE DONE
105510:T510836_29:Error Code 0
105617:T510836_30:Machine Process.. START
105617:T510836_30:GOING TO SEND START
105617:T510836_30:SENT START, WAITING FOR FINISH 
105737:T510836_30:MACHINE DONE
105737:T510836_30:Error Code 0
105835:T510836_31:Machine Process.. START
105835:T510836_31:GOING TO SEND START
105835:T510836_31:SENT START, WAITING FOR FINISH 
105846:T510836_31:MACHINE DONE
105846:T510836_31:Error Code 0
105949:T510836_32:Machine Process.. START
105949:T510836_32:GOING TO SEND START
105950:T510836_32:SENT START, WAITING FOR FINISH 
110005:T510836_32:MACHINE DONE
110005:T510836_32:Error Code 0
110325:T510836_33:Machine Process.. START
110325:T510836_33:GOING TO SEND START
110326:T510836_33:SENT START, WAITING FOR FINISH 
110340:T510836_33:MACHINE DONE
110340:T510836_33:Error Code 0
110447:T510836_34:Machine Process.. START
110447:T510836_34:GOING TO SEND START
110448:T510836_34:SENT START, WAITING FOR FINISH 
110505:T510836_34:MACHINE DONE
110505:T510836_34:Error Code 0
130412:T510836_35:Machine Process.. START
130412:T510836_35:GOING TO SEND START
130413:T510836_35:SENT START, WAITING FOR FINISH 
130446:T510836_35:MACHINE DONE
130446:T510836_35:Error Code 0
130523:T510836_36:Machine Process.. START
130523:T510836_36:GOING TO SEND START
130523:T510836_36:SENT START, WAITING FOR FINISH 
130534:T510836_36:MACHINE DONE
130534:T510836_36:Error Code 0
130600:T510836_37:Machine Process.. START
130601:T510836_37:GOING TO SEND START
130601:T510836_37:SENT START, WAITING FOR FINISH 
130612:T510836_37:MACHINE DONE
130612:T510836_37:Error Code 0
130709:T510836_38:Machine Process.. START
130709:T510836_38:GOING TO SEND START
130709:T510836_38:SENT START, WAITING FOR FINISH 
130725:T510836_38:MACHINE DONE
130725:T510836_38:Error Code 0
130800:T510836_39:Machine Process.. START
130800:T510836_39:GOING TO SEND START
130801:T510836_39:SENT START, WAITING FOR FINISH 
130815:T510836_39:MACHINE DONE
130815:T510836_39:Error Code 0
130846:T510836_40:Machine Process.. START
130846:T510836_40:GOING TO SEND START
130847:T510836_40:SENT START, WAITING FOR FINISH 
130906:T510836_40:MACHINE DONE
130906:T510836_40:Error Code 0
130925:T510836_41:Machine Process.. START
130926:T510836_41:GOING TO SEND START
130926:T510836_41:SENT START, WAITING FOR FINISH 
130938:T510836_41:MACHINE DONE
130938:T510836_41:Error Code 0
131000:T510836_42:Machine Process.. START
131000:T510836_42:GOING TO SEND START
131001:T510836_42:SENT START, WAITING FOR FINISH 
131020:T510836_42:MACHINE DONE
131020:T510836_42:Error Code 0
131054:T510836_43:Machine Process.. START
131054:T510836_43:GOING TO SEND START
131055:T510836_43:SENT START, WAITING FOR FINISH 
131111:T510836_43:MACHINE DONE
131111:T510836_43:Error Code 0
131338:T510836_44:Machine Process.. START
131338:T510836_44:GOING TO SEND START
131338:T510836_44:SENT START, WAITING FOR FINISH 
131352:T510836_44:MACHINE DONE
131352:T510836_44:Error Code 0
131417:T510836_45:Machine Process.. START
131417:T510836_45:GOING TO SEND START
131417:T510836_45:SENT START, WAITING FOR FINISH 
131426:T510836_45:MACHINE DONE
131426:T510836_45:Error Code 0
134154:T510836_46:Machine Process.. START
134154:T510836_46:GOING TO SEND START
134155:T510836_46:SENT START, WAITING FOR FINISH 
134708:T510836_46:MACHINE DONE
134708:T510836_46:Error Code 0
135033:T510836_47:Machine Process.. START
135033:T510836_47:GOING TO SEND START
135033:T510836_47:SENT START, WAITING FOR FINISH 
135051:T510836_47:MACHINE DONE
135051:T510836_47:Error Code 0
135116:T510836_48:Machine Process.. START
135116:T510836_48:GOING TO SEND START
135116:T510836_48:SENT START, WAITING FOR FINISH 
135126:T510836_48:MACHINE DONE
135126:T510836_48:Error Code 0
135150:T510836_49:Machine Process.. START
135150:T510836_49:GOING TO SEND START
135150:T510836_49:SENT START, WAITING FOR FINISH 
135208:T510836_49:MACHINE DONE
135208:T510836_49:Error Code 0
135331:T510836_50:Machine Process.. START
135331:T510836_50:GOING TO SEND START
135332:T510836_50:SENT START, WAITING FOR FINISH 
135353:T510836_50:MACHINE DONE
135353:T510836_50:Error Code 0
135419:T510836_51:Machine Process.. START
135419:T510836_51:GOING TO SEND START
135419:T510836_51:SENT START, WAITING FOR FINISH 
135449:T510836_51:MACHINE DONE
135449:T510836_51:Error Code 0
135520:T510836_52:Machine Process.. START
135520:T510836_52:GOING TO SEND START
135520:T510836_52:SENT START, WAITING FOR FINISH 
135812:T510836_52:MACHINE DONE
135812:T510836_52:Error Code 0
135856:T510836_53:Machine Process.. START
135857:T510836_53:GOING TO SEND START
135857:T510836_53:SENT START, WAITING FOR FINISH 
135914:T510836_53:MACHINE DONE
135914:T510836_53:Error Code 0
135942:T510836_54:Machine Process.. START
135942:T510836_54:GOING TO SEND START
135943:T510836_54:SENT START, WAITING FOR FINISH 
140002:T510836_54:MACHINE DONE
140002:T510836_54:Error Code 0
140138:T510836_55:Machine Process.. START
140138:T510836_55:GOING TO SEND START
140139:T510836_55:SENT START, WAITING FOR FINISH 
140154:T510836_55:MACHINE DONE
140154:T510836_55:Error Code 0
140236:T510836_56:Machine Process.. START
140236:T510836_56:GOING TO SEND START
140237:T510836_56:SENT START, WAITING FOR FINISH 
140253:T510836_56:MACHINE DONE
140253:T510836_56:Error Code 0
140341:T510836_57:Machine Process.. START
140341:T510836_57:GOING TO SEND START
140342:T510836_57:SENT START, WAITING FOR FINISH 
140353:T510836_57:MACHINE DONE
140353:T510836_57:Error Code 0
140451:T510836_58:Machine Process.. START
140452:T510836_58:GOING TO SEND START
140452:T510836_58:SENT START, WAITING FOR FINISH 
140502:T510836_58:MACHINE DONE
140502:T510836_58:Error Code 0
140633:T510836_59:Machine Process.. START
140634:T510836_59:GOING TO SEND START
140634:T510836_59:SENT START, WAITING FOR FINISH 
140648:T510836_59:MACHINE DONE
140648:T510836_59:Error Code 0
140739:T510836_60:Machine Process.. START
140739:T510836_60:GOING TO SEND START
140740:T510836_60:SENT START, WAITING FOR FINISH 
140754:T510836_60:MACHINE DONE
140754:T510836_60:Error Code 0
140840:T510836_61:Machine Process.. START
140841:T510836_61:GOING TO SEND START
140841:T510836_61:SENT START, WAITING FOR FINISH 
140912:T510836_61:MACHINE DONE
140912:T510836_61:Error Code 0
140937:T510836_62:Machine Process.. START
140937:T510836_62:GOING TO SEND START
140937:T510836_62:SENT START, WAITING FOR FINISH 
140948:T510836_62:MACHINE DONE
140948:T510836_62:Error Code 0
141016:T510836_63:Machine Process.. START
141017:T510836_63:GOING TO SEND START
141017:T510836_63:SENT START, WAITING FOR FINISH 
141028:T510836_63:MACHINE DONE
141028:T510836_63:Error Code 0
141104:T510836_64:Machine Process.. START
141104:T510836_64:GOING TO SEND START
141104:T510836_64:SENT START, WAITING FOR FINISH 
141112:T510836_64:MACHINE DONE
141112:T510836_64:Error Code 0
141228:T510836_65:Machine Process.. START
141228:T510836_65:GOING TO SEND START
141229:T510836_65:SENT START, WAITING FOR FINISH 
141257:T510836_65:MACHINE DONE
141257:T510836_65:Error Code 0
141325:T510836_66:Machine Process.. START
141325:T510836_66:GOING TO SEND START
141326:T510836_66:SENT START, WAITING FOR FINISH 
141337:T510836_66:MACHINE DONE
141337:T510836_66:Error Code 0
141410:T510836_67:Machine Process.. START
141410:T510836_67:GOING TO SEND START
141410:T510836_67:SENT START, WAITING FOR FINISH 
141430:T510836_67:MACHINE DONE
141430:T510836_67:Error Code 0
141514:T510836_68:Machine Process.. START
141514:T510836_68:GOING TO SEND START
141514:T510836_68:SENT START, WAITING FOR FINISH 
141529:T510836_68:MACHINE DONE
141529:T510836_68:Error Code 0
141635:T510836_69:Machine Process.. START
141635:T510836_69:GOING TO SEND START
141636:T510836_69:SENT START, WAITING FOR FINISH 
141648:T510836_69:MACHINE DONE
141648:T510836_69:Error Code 0
142009:T510836_70:Machine Process.. START
142009:T510836_70:GOING TO SEND START
142010:T510836_70:SENT START, WAITING FOR FINISH 
142033:T510836_70:MACHINE DONE
142033:T510836_70:Error Code 0
142056:T510836_71:Machine Process.. START
142056:T510836_71:GOING TO SEND START
142057:T510836_71:SENT START, WAITING FOR FINISH 
142112:T510836_71:MACHINE DONE
142112:T510836_71:Error Code 0
142148:T510836_72:Machine Process.. START
142149:T510836_72:GOING TO SEND START
142149:T510836_72:SENT START, WAITING FOR FINISH 
142205:T510836_72:MACHINE DONE
142205:T510836_72:Error Code 0
142234:T510836_73:Machine Process.. START
142234:T510836_73:GOING TO SEND START
142234:T510836_73:SENT START, WAITING FOR FINISH 
142243:T510836_73:MACHINE DONE
142244:T510836_73:Error Code 0
142335:T510836_74:Machine Process.. START
142335:T510836_74:GOING TO SEND START
142335:T510836_74:SENT START, WAITING FOR FINISH 
142413:T510836_74:MACHINE DONE
142413:T510836_74:Error Code 0
142437:T510836_75:Machine Process.. START
142437:T510836_75:GOING TO SEND START
142438:T510836_75:SENT START, WAITING FOR FINISH 
142504:T510836_75:MACHINE DONE
142504:T510836_75:Error Code 0
142537:T510836_76:Machine Process.. START
142537:T510836_76:GOING TO SEND START
142538:T510836_76:SENT START, WAITING FOR FINISH 
142548:T510836_76:MACHINE DONE
142548:T510836_76:Error Code 0
142712:T510836_77:Machine Process.. START
142712:T510836_77:GOING TO SEND START
142712:T510836_77:SENT START, WAITING FOR FINISH 
142726:T510836_77:MACHINE DONE
142726:T510836_77:Error Code 0
142849:T510836_78:Machine Process.. START
142850:T510836_78:GOING TO SEND START
142850:T510836_78:SENT START, WAITING FOR FINISH 
142907:T510836_78:MACHINE DONE
142907:T510836_78:Error Code 0
143126:T510836_79:Machine Process.. START
143126:T510836_79:GOING TO SEND START
143127:T510836_79:SENT START, WAITING FOR FINISH 
143146:T510836_79:MACHINE DONE
143146:T510836_79:Error Code 0
143211:T510836_80:Machine Process.. START
143211:T510836_80:GOING TO SEND START
143211:T510836_80:SENT START, WAITING FOR FINISH 
143223:T510836_80:MACHINE DONE
143223:T510836_80:Error Code 0
143244:T510836_81:Machine Process.. START
143245:T510836_81:GOING TO SEND START
143245:T510836_81:SENT START, WAITING FOR FINISH 
143257:T510836_81:MACHINE DONE
143257:T510836_81:Error Code 0
143331:T510836_82:Machine Process.. START
143331:T510836_82:GOING TO SEND START
143332:T510836_82:SENT START, WAITING FOR FINISH 
143345:T510836_82:MACHINE DONE
143345:T510836_82:Error Code 0
143455:T510836_83:Machine Process.. START
143455:T510836_83:GOING TO SEND START
143455:T510836_83:SENT START, WAITING FOR FINISH 
143509:T510836_83:MACHINE DONE
143509:T510836_83:Error Code 0
143537:T510836_84:Machine Process.. START
143537:T510836_84:GOING TO SEND START
143537:T510836_84:SENT START, WAITING FOR FINISH 
143546:T510836_84:MACHINE DONE
143546:T510836_84:Error Code 0
143614:T510836_85:Machine Process.. START
143614:T510836_85:GOING TO SEND START
143615:T510836_85:SENT START, WAITING FOR FINISH 
143626:T510836_85:MACHINE DONE
143626:T510836_85:Error Code 0
143702:T510836_86:Machine Process.. START
143702:T510836_86:GOING TO SEND START
143702:T510836_86:SENT START, WAITING FOR FINISH 
143726:T510836_86:MACHINE DONE
143726:T510836_86:Error Code 0
143754:T510836_87:Machine Process.. START
143754:T510836_87:GOING TO SEND START
143754:T510836_87:SENT START, WAITING FOR FINISH 
143810:T510836_87:MACHINE DONE
143810:T510836_87:Error Code 0
143930:T510836_88:Machine Process.. START
143931:T510836_88:GOING TO SEND START
143931:T510836_88:SENT START, WAITING FOR FINISH 
143947:T510836_88:MACHINE DONE
143947:T510836_88:Error Code 0
144032:T510836_89:Machine Process.. START
144032:T510836_89:GOING TO SEND START
144032:T510836_89:SENT START, WAITING FOR FINISH 
144044:T510836_89:MACHINE DONE
144044:T510836_89:Error Code 0
144144:T510836_90:Machine Process.. START
144144:T510836_90:GOING TO SEND START
144145:T510836_90:SENT START, WAITING FOR FINISH 
144200:T510836_90:MACHINE DONE
144200:T510836_90:Error Code 0
144642:T510836_91:Machine Process.. START
144642:T510836_91:GOING TO SEND START
144642:T510836_91:SENT START, WAITING FOR FINISH 
144710:T510836_91:MACHINE DONE
144710:T510836_91:Error Code 0
144802:T510836_92:Machine Process.. START
144802:T510836_92:GOING TO SEND START
144802:T510836_92:SENT START, WAITING FOR FINISH 
144816:T510836_92:MACHINE DONE
144816:T510836_92:Error Code 0
145447:T510836_93:Machine Process.. START
145447:T510836_93:GOING TO SEND START
145447:T510836_93:SENT START, WAITING FOR FINISH 
145524:T510836_93:MACHINE DONE
145524:T510836_93:Error Code 0
145554:T510836_94:Machine Process.. START
145554:T510836_94:GOING TO SEND START
145555:T510836_94:SENT START, WAITING FOR FINISH 
145607:T510836_94:MACHINE DONE
145608:T510836_94:Error Code 0
145708:T510836_95:Machine Process.. START
145708:T510836_95:GOING TO SEND START
145708:T510836_95:SENT START, WAITING FOR FINISH 
145731:T510836_95:MACHINE DONE
145731:T510836_95:Error Code 0
145755:T510836_96:Machine Process.. START
145756:T510836_96:GOING TO SEND START
145756:T510836_96:SENT START, WAITING FOR FINISH 
145821:T510836_96:MACHINE DONE
145821:T510836_96:Error Code 0
153454:T510836_98:Machine Process.. START
153454:T510836_98:GOING TO SEND START
153455:T510836_98:SENT START, WAITING FOR FINISH 
153558:T510836_98:MACHINE DONE
153558:T510836_98:Error Code 0
153604:T510836_99:Machine Process.. START
153604:T510836_99:GOING TO SEND START
153604:T510836_99:SENT START, WAITING FOR FINISH 
153613:T510836_99:MACHINE DONE
153613:T510836_99:Error Code 0
153632:T510836_100:Machine Process.. START
153632:T510836_100:GOING TO SEND START
153633:T510836_100:SENT START, WAITING FOR FINISH 
153641:T510836_100:MACHINE DONE
153641:T510836_100:Error Code 0
153652:T510836_101:Machine Process.. START
153652:T510836_101:GOING TO SEND START
153652:T510836_101:SENT START, WAITING FOR FINISH 
153656:T510836_101:MACHINE DONE
153656:T510836_101:Error Code 0
153719:T510836_102:Machine Process.. START
153719:T510836_102:GOING TO SEND START
153719:T510836_102:SENT START, WAITING FOR FINISH 
153745:T510836_102:MACHINE DONE
153745:T510836_102:Error Code 0
153752:T510836_103:Machine Process.. START
153752:T510836_103:GOING TO SEND START
153753:T510836_103:SENT START, WAITING FOR FINISH 
153834:T510836_103:MACHINE DONE
153834:T510836_103:Error Code 0
154127:T510836_104:Machine Process.. START
154127:T510836_104:GOING TO SEND START
154127:T510836_104:SENT START, WAITING FOR FINISH 
154210:T510836_104:MACHINE DONE
154210:T510836_104:Error Code 0
154249:T510836_105:Machine Process.. START
154249:T510836_105:GOING TO SEND START
154249:T510836_105:SENT START, WAITING FOR FINISH 
155206:T510836_105:MACHINE DONE
155206:T510836_105:Error Code 0
170951:T510837_1:Machine Process.. START
170951:T510837_1:GOING TO SEND START
170951:T510837_1:SENT START, WAITING FOR FINISH 
170957:T510837_1:MACHINE DONE
170957:T510837_1:Error Code 0
171656:T510837_2:Machine Process.. START
171656:T510837_2:GOING TO SEND START
171656:T510837_2:SENT START, WAITING FOR FINISH 
171718:T510836_107:Machine Process.. START
171719:T510836_107:GOING TO SEND START
171719:T510836_107:SENT START, WAITING FOR FINISH 
171826:T510836_107:MACHINE DONE
171826:T510836_107:Error Code 0
171849:T510836_108:Machine Process.. START
171849:T510836_108:GOING TO SEND START
171849:T510836_108:SENT START, WAITING FOR FINISH 
171854:T510836_108:MACHINE DONE
171854:T510836_108:Error Code 0
171908:T510836_109:Machine Process.. START
171908:T510836_109:GOING TO SEND START
171908:T510836_109:SENT START, WAITING FOR FINISH 
171914:T510836_109:MACHINE DONE
171914:T510836_109:Error Code 0
171927:T510836_110:Machine Process.. START
171927:T510836_110:GOING TO SEND START
171927:T510836_110:SENT START, WAITING FOR FINISH 
171930:T510836_110:MACHINE DONE
171930:T510836_110:Error Code 0
171955:T510836_111:Machine Process.. START
171956:T510836_111:GOING TO SEND START
171956:T510836_111:SENT START, WAITING FOR FINISH 
172003:T510836_111:MACHINE DONE
172003:T510836_111:Error Code 0
172017:T510836_112:Machine Process.. START
172017:T510836_112:GOING TO SEND START
172018:T510836_112:SENT START, WAITING FOR FINISH 
172052:T510836_112:MACHINE DONE
172052:T510836_112:Error Code 0
172056:T510836_113:Machine Process.. START
172056:T510836_113:GOING TO SEND START
172057:T510836_113:SENT START, WAITING FOR FINISH 
172059:T510836_113:MACHINE DONE
172100:T510836_113:Error Code 0
172130:T510836_114:Machine Process.. START
172130:T510836_114:GOING TO SEND START
172131:T510836_114:SENT START, WAITING FOR FINISH 
172134:T510836_114:MACHINE DONE
172134:T510836_114:Error Code 0
174456:T510837_3:Machine Process.. START
174457:T510837_3:GOING TO SEND START
174457:T510837_3:SENT START, WAITING FOR FINISH 
174501:T510837_3:MACHINE DONE
174501:T510837_3:Error Code 0
174537:T510837_4:Machine Process.. START
174537:T510837_4:GOING TO SEND START
174538:T510837_4:SENT START, WAITING FOR FINISH 
174544:T510837_4:MACHINE DONE
174544:T510837_4:Error Code 0
174613:T510837_5:Machine Process.. START
174613:T510837_5:GOING TO SEND START
174613:T510837_5:SENT START, WAITING FOR FINISH 
174625:T510837_5:MACHINE DONE
174625:T510837_5:Error Code 0
174650:T510837_6:Machine Process.. START
174650:T510837_6:GOING TO SEND START
174650:T510837_6:SENT START, WAITING FOR FINISH 
174656:T510837_6:MACHINE DONE
174656:T510837_6:Error Code 0
174721:T510837_7:Machine Process.. START
174721:T510837_7:GOING TO SEND START
174721:T510837_7:SENT START, WAITING FOR FINISH 
174735:T510837_7:MACHINE DONE
174735:T510837_7:Error Code 0
174750:T510837_8:Machine Process.. START
174750:T510837_8:GOING TO SEND START
174750:T510837_8:SENT START, WAITING FOR FINISH 
174753:T510837_8:MACHINE DONE
174753:T510837_8:Error Code 0
174825:T510837_9:Machine Process.. START
174825:T510837_9:GOING TO SEND START
174825:T510837_9:SENT START, WAITING FOR FINISH 
174836:T510837_9:MACHINE DONE
174836:T510837_9:Error Code 0
174902:T510837_10:Machine Process.. START
174902:T510837_10:GOING TO SEND START
174902:T510837_10:SENT START, WAITING FOR FINISH 
174922:T510837_10:MACHINE DONE
174922:T510837_10:Error Code 0
174947:T510837_11:Machine Process.. START
174947:T510837_11:GOING TO SEND START
174948:T510837_11:SENT START, WAITING FOR FINISH 
175006:T510837_11:MACHINE DONE
175006:T510837_11:Error Code 0
175153:T510837_12:Machine Process.. START
175153:T510837_12:GOING TO SEND START
175154:T510837_12:SENT START, WAITING FOR FINISH 
175158:T510837_12:MACHINE DONE
175158:T510837_12:Error Code 0
175245:T510837_13:Machine Process.. START
175246:T510837_13:GOING TO SEND START
175246:T510837_13:SENT START, WAITING FOR FINISH 
175250:T510837_13:MACHINE DONE
175250:T510837_13:Error Code 0
175504:T510837_14:Machine Process.. START
175504:T510837_14:GOING TO SEND START
175505:T510837_14:SENT START, WAITING FOR FINISH 
175512:T510837_14:MACHINE DONE
175512:T510837_14:Error Code 0
182350:T510837_15:Machine Process.. START
182350:T510837_15:GOING TO SEND START
182350:T510837_15:SENT START, WAITING FOR FINISH 
182404:T510837_15:MACHINE DONE
182404:T510837_15:Error Code 0
182452:T510837_16:Machine Process.. START
182452:T510837_16:GOING TO SEND START
182452:T510837_16:SENT START, WAITING FOR FINISH 
182456:T510837_16:MACHINE DONE
182456:T510837_16:Error Code 0
182520:T510837_17:Machine Process.. START
182521:T510837_17:GOING TO SEND START
182521:T510837_17:SENT START, WAITING FOR FINISH 
182531:T510837_17:MACHINE DONE
182531:T510837_17:Error Code 0
182559:T510837_18:Machine Process.. START
182600:T510837_18:GOING TO SEND START
182600:T510837_18:SENT START, WAITING FOR FINISH 
182605:T510837_18:MACHINE DONE
182605:T510837_18:Error Code 0
182659:T510837_19:Machine Process.. START
182659:T510837_19:GOING TO SEND START
182700:T510837_19:SENT START, WAITING FOR FINISH 
182708:T510837_19:MACHINE DONE
182708:T510837_19:Error Code 0
182731:T510837_20:Machine Process.. START
182731:T510837_20:GOING TO SEND START
182732:T510837_20:SENT START, WAITING FOR FINISH 
182738:T510837_20:MACHINE DONE
182738:T510837_20:Error Code 0
182800:T510837_21:Machine Process.. START
182800:T510837_21:GOING TO SEND START
182800:T510837_21:SENT START, WAITING FOR FINISH 
182803:T510837_21:MACHINE DONE
182803:T510837_21:Error Code 0
182937:T510837_22:Machine Process.. START
182938:T510837_22:GOING TO SEND START
182938:T510837_22:SENT START, WAITING FOR FINISH 
182943:T510837_22:MACHINE DONE
182943:T510837_22:Error Code 0
183032:T510837_23:Machine Process.. START
183033:T510837_23:GOING TO SEND START
183033:T510837_23:SENT START, WAITING FOR FINISH 
183046:T510837_23:MACHINE DONE
183046:T510837_23:Error Code 0
183116:T510837_24:Machine Process.. START
183116:T510837_24:GOING TO SEND START
183117:T510837_24:SENT START, WAITING FOR FINISH 
183123:T510837_24:MACHINE DONE
183123:T510837_24:Error Code 0
183207:T510837_25:Machine Process.. START
183207:T510837_25:GOING TO SEND START
183208:T510837_25:SENT START, WAITING FOR FINISH 
183214:T510837_25:MACHINE DONE
183214:T510837_25:Error Code 0
183304:T510837_26:Machine Process.. START
183305:T510837_26:GOING TO SEND START
183305:T510837_26:SENT START, WAITING FOR FINISH 
183311:T510837_26:MACHINE DONE
183311:T510837_26:Error Code 0
183340:T510837_27:Machine Process.. START
183340:T510837_27:GOING TO SEND START
183340:T510837_27:SENT START, WAITING FOR FINISH 
183346:T510837_27:MACHINE DONE
183346:T510837_27:Error Code 0
183409:T510837_28:Machine Process.. START
183409:T510837_28:GOING TO SEND START
183410:T510837_28:SENT START, WAITING FOR FINISH 
183419:T510837_28:MACHINE DONE
183419:T510837_28:Error Code 0
183500:T510837_29:Machine Process.. START
183500:T510837_29:GOING TO SEND START
183501:T510837_29:SENT START, WAITING FOR FINISH 
183509:T510837_29:MACHINE DONE
183509:T510837_29:Error Code 0
183535:T510837_30:Machine Process.. START
183535:T510837_30:GOING TO SEND START
183535:T510837_30:SENT START, WAITING FOR FINISH 
183538:T510837_30:MACHINE DONE
183538:T510837_30:Error Code 0
183637:T510837_31:Machine Process.. START
183637:T510837_31:GOING TO SEND START
183637:T510837_31:SENT START, WAITING FOR FINISH 
183641:T510837_31:MACHINE DONE
183641:T510837_31:Error Code 0
183739:T510837_32:Machine Process.. START
183739:T510837_32:GOING TO SEND START
183739:T510837_32:SENT START, WAITING FOR FINISH 
183746:T510837_32:MACHINE DONE
183746:T510837_32:Error Code 0
183807:T510837_33:Machine Process.. START
183807:T510837_33:GOING TO SEND START
183807:T510837_33:SENT START, WAITING FOR FINISH 
183813:T510837_33:MACHINE DONE
183813:T510837_33:Error Code 0
183929:T510837_34:Machine Process.. START
183929:T510837_34:GOING TO SEND START
183929:T510837_34:SENT START, WAITING FOR FINISH 
183941:T510837_34:MACHINE DONE
183941:T510837_34:Error Code 0
184002:T510837_35:Machine Process.. START
184002:T510837_35:GOING TO SEND START
184003:T510837_35:SENT START, WAITING FOR FINISH 
184010:T510837_35:MACHINE DONE
184010:T510837_35:Error Code 0
184051:T510837_36:Machine Process.. START
184051:T510837_36:GOING TO SEND START
184052:T510837_36:SENT START, WAITING FOR FINISH 
184057:T510837_36:MACHINE DONE
184057:T510837_36:Error Code 0
184137:T510837_37:Machine Process.. START
184137:T510837_37:GOING TO SEND START
184137:T510837_37:SENT START, WAITING FOR FINISH 
184152:T510837_37:MACHINE DONE
184152:T510837_37:Error Code 0
184214:T510837_38:Machine Process.. START
184214:T510837_38:GOING TO SEND START
184214:T510837_38:SENT START, WAITING FOR FINISH 
184222:T510837_38:MACHINE DONE
184222:T510837_38:Error Code 0
184249:T510837_39:Machine Process.. START
184249:T510837_39:GOING TO SEND START
184250:T510837_39:SENT START, WAITING FOR FINISH 
184251:T510837_39:MACHINE DONE
184251:T510837_39:Error Code 0
184320:T510837_40:Machine Process.. START
184320:T510837_40:GOING TO SEND START
184320:T510837_40:SENT START, WAITING FOR FINISH 
184326:T510837_40:MACHINE DONE
184326:T510837_40:Error Code 0
184354:T510837_41:Machine Process.. START
184355:T510837_41:GOING TO SEND START
184355:T510837_41:SENT START, WAITING FOR FINISH 
184402:T510837_41:MACHINE DONE
184402:T510837_41:Error Code 0
185701:T510837_42:Machine Process.. START
185701:T510837_42:GOING TO SEND START
185701:T510837_42:SENT START, WAITING FOR FINISH 
185705:T510837_42:MACHINE DONE
185705:T510837_42:Error Code 0
185731:T510837_43:Machine Process.. START
185731:T510837_43:GOING TO SEND START
185732:T510837_43:SENT START, WAITING FOR FINISH 
185738:T510837_43:MACHINE DONE
185738:T510837_43:Error Code 0
185810:T510837_44:Machine Process.. START
185810:T510837_44:GOING TO SEND START
185811:T510837_44:SENT START, WAITING FOR FINISH 
185823:T510837_44:MACHINE DONE
185823:T510837_44:Error Code 0
185849:T510837_45:Machine Process.. START
185850:T510837_45:GOING TO SEND START
185850:T510837_45:SENT START, WAITING FOR FINISH 
185853:T510837_45:MACHINE DONE
185853:T510837_45:Error Code 0
185926:T510837_46:Machine Process.. START
185926:T510837_46:GOING TO SEND START
185926:T510837_46:SENT START, WAITING FOR FINISH 
185935:T510837_46:MACHINE DONE
185935:T510837_46:Error Code 0
185956:T510837_47:Machine Process.. START
185956:T510837_47:GOING TO SEND START
185956:T510837_47:SENT START, WAITING FOR FINISH 
185958:T510837_47:MACHINE DONE
185958:T510837_47:Error Code 0
190031:T510837_48:Machine Process.. START
190031:T510837_48:GOING TO SEND START
190031:T510837_48:SENT START, WAITING FOR FINISH 
190038:T510837_48:MACHINE DONE
190038:T510837_48:Error Code 0
190120:T510837_49:Machine Process.. START
190120:T510837_49:GOING TO SEND START
190120:T510837_49:SENT START, WAITING FOR FINISH 
190131:T510837_49:MACHINE DONE
190131:T510837_49:Error Code 0
190208:T510837_50:Machine Process.. START
190208:T510837_50:GOING TO SEND START
190209:T510837_50:SENT START, WAITING FOR FINISH 
190213:T510837_50:MACHINE DONE
190213:T510837_50:Error Code 0
190317:T510837_51:Machine Process.. START
190318:T510837_51:GOING TO SEND START
190318:T510837_51:SENT START, WAITING FOR FINISH 
190323:T510837_51:MACHINE DONE
190323:T510837_51:Error Code 0
190421:T510837_52:Machine Process.. START
190422:T510837_52:GOING TO SEND START
190422:T510837_52:SENT START, WAITING FOR FINISH 
190429:T510837_52:MACHINE DONE
190429:T510837_52:Error Code 0
190547:T510837_53:Machine Process.. START
190548:T510837_53:GOING TO SEND START
190548:T510837_53:SENT START, WAITING FOR FINISH 
190554:T510837_53:MACHINE DONE
190554:T510837_53:Error Code 0
190628:T510837_54:Machine Process.. START
190628:T510837_54:GOING TO SEND START
190628:T510837_54:SENT START, WAITING FOR FINISH 
190637:T510837_54:MACHINE DONE
190637:T510837_54:Error Code 0
190755:T510837_55:Machine Process.. START
190755:T510837_55:GOING TO SEND START
190756:T510837_55:SENT START, WAITING FOR FINISH 
190758:T510837_55:MACHINE DONE
190758:T510837_55:Error Code 0
190822:T510837_56:Machine Process.. START
190822:T510837_56:GOING TO SEND START
190823:T510837_56:SENT START, WAITING FOR FINISH 
190830:T510837_56:MACHINE DONE
190830:T510837_56:Error Code 0
190853:T510837_57:Machine Process.. START
190853:T510837_57:GOING TO SEND START
190854:T510837_57:SENT START, WAITING FOR FINISH 
190900:T510837_57:MACHINE DONE
190900:T510837_57:Error Code 0
190955:T510837_58:Machine Process.. START
190955:T510837_58:GOING TO SEND START
190956:T510837_58:SENT START, WAITING FOR FINISH 
191000:T510837_58:MACHINE DONE
191000:T510837_58:Error Code 0
191027:T510837_59:Machine Process.. START
191027:T510837_59:GOING TO SEND START
191027:T510837_59:SENT START, WAITING FOR FINISH 
191029:T510837_59:MACHINE DONE
191029:T510837_59:Error Code 0
191046:T510837_60:Machine Process.. START
191046:T510837_60:GOING TO SEND START
191046:T510837_60:SENT START, WAITING FOR FINISH 
191051:T510837_60:MACHINE DONE
191051:T510837_60:Error Code 0
191118:T510837_61:Machine Process.. START
191118:T510837_61:GOING TO SEND START
191118:T510837_61:SENT START, WAITING FOR FINISH 
191127:T510837_61:MACHINE DONE
191127:T510837_61:Error Code 0
191204:T510837_62:Machine Process.. START
191204:T510837_62:GOING TO SEND START
191205:T510837_62:SENT START, WAITING FOR FINISH 
191215:T510837_62:MACHINE DONE
191215:T510837_62:Error Code 0
191534:T510837_63:Machine Process.. START
191534:T510837_63:GOING TO SEND START
191535:T510837_63:SENT START, WAITING FOR FINISH 
191541:T510837_63:MACHINE DONE
191541:T510837_63:Error Code 0
191612:T510837_64:Machine Process.. START
191612:T510837_64:GOING TO SEND START
191613:T510837_64:SENT START, WAITING FOR FINISH 
191622:T510837_64:MACHINE DONE
191622:T510837_64:Error Code 0
191647:T510837_65:Machine Process.. START
191647:T510837_65:GOING TO SEND START
191647:T510837_65:SENT START, WAITING FOR FINISH 
191652:T510837_65:MACHINE DONE
191653:T510837_65:Error Code 0
