112732:T589126_1:Machine Process.. START
112732:T589126_1:GOING TO SEND START
112732:T589126_1:SENT START, WAITING FOR FINISH 
112737:T589126_1:MACHINE DONE
112737:T589126_1:Error Code 0
114908:T589126_2:Machine Process.. START
114908:T589126_2:GOING TO SEND START
114908:T589126_2:SENT START, WAITING FOR FINISH 
114915:T589126_2:MACHINE DONE
114915:T589126_2:Error Code 0
133618:T510837_1:Machine Process.. START
133618:T510837_1:GOING TO SEND START
133618:T510837_1:SENT START, WAITING FOR FINISH 
133625:T510837_1:MACHINE DONE
133625:T510837_1:Error Code 0
133650:T510837_2:Machine Process.. START
133650:T510837_2:GOING TO SEND START
133650:T510837_2:SENT START, WAITING FOR FINISH 
133658:T510837_2:MACHINE DONE
133658:T510837_2:Error Code 0
133921:T510837_3:Machine Process.. START
133921:T510837_3:GOING TO SEND START
133922:T510837_3:SENT START, WAITING FOR FINISH 
133945:T510837_3:MACHINE DONE
133945:T510837_3:Error Code 0
134006:T510837_4:Machine Process.. START
134006:T510837_4:GOING TO SEND START
134007:T510837_4:SENT START, WAITING FOR FINISH 
134023:T510837_4:MACHINE DONE
134023:T510837_4:Error Code 0
134043:T510837_5:Machine Process.. START
134043:T510837_5:GOING TO SEND START
134044:T510837_5:SENT START, WAITING FOR FINISH 
134049:T510837_5:MACHINE DONE
134049:T510837_5:Error Code 0
135055:T510837_6:Machine Process.. START
135055:T510837_6:GOING TO SEND START
135055:T510837_6:SENT START, WAITING FOR FINISH 
135135:T510837_6:MACHINE DONE
135135:T510837_6:Error Code 0
135154:T510837_7:Machine Process.. START
135154:T510837_7:GOING TO SEND START
135154:T510837_7:SENT START, WAITING FOR FINISH 
135205:T510837_7:MACHINE DONE
135205:T510837_7:Error Code 0
135238:T510837_8:Machine Process.. START
135238:T510837_8:GOING TO SEND START
135239:T510837_8:SENT START, WAITING FOR FINISH 
135257:T510837_8:MACHINE DONE
135257:T510837_8:Error Code 0
135323:T510837_9:Machine Process.. START
135324:T510837_9:GOING TO SEND START
135324:T510837_9:SENT START, WAITING FOR FINISH 
135328:T510837_9:MACHINE DONE
135328:T510837_9:Error Code 0
135417:T510837_10:Machine Process.. START
135417:T510837_10:GOING TO SEND START
135417:T510837_10:SENT START, WAITING FOR FINISH 
135423:T510837_10:MACHINE DONE
135423:T510837_10:Error Code 0
135519:T510837_11:Machine Process.. START
135519:T510837_11:GOING TO SEND START
135519:T510837_11:SENT START, WAITING FOR FINISH 
135527:T510837_11:MACHINE DONE
135527:T510837_11:Error Code 0
135720:T510837_12:Machine Process.. START
135720:T510837_12:GOING TO SEND START
135720:T510837_12:SENT START, WAITING FOR FINISH 
135725:T510837_12:MACHINE DONE
135725:T510837_12:Error Code 0
135751:T510837_13:Machine Process.. START
135751:T510837_13:GOING TO SEND START
135752:T510837_13:SENT START, WAITING FOR FINISH 
135759:T510837_13:MACHINE DONE
135800:T510837_13:Error Code 0
135825:T510837_14:Machine Process.. START
135826:T510837_14:GOING TO SEND START
135826:T510837_14:SENT START, WAITING FOR FINISH 
135835:T510837_14:MACHINE DONE
135835:T510837_14:Error Code 0
135924:T510837_15:Machine Process.. START
135924:T510837_15:GOING TO SEND START
135924:T510837_15:SENT START, WAITING FOR FINISH 
135935:T510837_15:MACHINE DONE
135935:T510837_15:Error Code 0
140108:T510837_16:Machine Process.. START
140109:T510837_16:GOING TO SEND START
140109:T510837_16:SENT START, WAITING FOR FINISH 
140126:T510837_16:MACHINE DONE
140126:T510837_16:Error Code 0
140230:T510837_17:Machine Process.. START
140230:T510837_17:GOING TO SEND START
140231:T510837_17:SENT START, WAITING FOR FINISH 
140240:T510837_17:MACHINE DONE
140240:T510837_17:Error Code 0
140341:T510837_18:Machine Process.. START
140341:T510837_18:GOING TO SEND START
140342:T510837_18:SENT START, WAITING FOR FINISH 
140348:T510837_18:MACHINE DONE
140348:T510837_18:Error Code 0
140559:T510837_19:Machine Process.. START
140559:T510837_19:GOING TO SEND START
140600:T510837_19:SENT START, WAITING FOR FINISH 
140606:T510837_19:MACHINE DONE
140606:T510837_19:Error Code 0
140644:T510837_20:Machine Process.. START
140644:T510837_20:GOING TO SEND START
140644:T510837_20:SENT START, WAITING FOR FINISH 
140650:T510837_20:MACHINE DONE
140650:T510837_20:Error Code 0
140756:T510837_21:Machine Process.. START
140756:T510837_21:GOING TO SEND START
140757:T510837_21:SENT START, WAITING FOR FINISH 
140801:T510837_21:MACHINE DONE
140802:T510837_21:Error Code 0
141053:T510837_22:Machine Process.. START
141053:T510837_22:GOING TO SEND START
141053:T510837_22:SENT START, WAITING FOR FINISH 
141100:T510837_22:MACHINE DONE
141100:T510837_22:Error Code 0
141157:T510837_23:Machine Process.. START
141157:T510837_23:GOING TO SEND START
141157:T510837_23:SENT START, WAITING FOR FINISH 
141205:T510837_23:MACHINE DONE
141205:T510837_23:Error Code 0
141301:T510837_24:Machine Process.. START
141302:T510837_24:GOING TO SEND START
141302:T510837_24:SENT START, WAITING FOR FINISH 
141311:T510837_24:MACHINE DONE
141311:T510837_24:Error Code 0
141657:T510837_25:Machine Process.. START
141657:T510837_25:GOING TO SEND START
141657:T510837_25:SENT START, WAITING FOR FINISH 
141738:T510837_25:MACHINE DONE
141738:T510837_25:Error Code 0
141812:T510837_26:Machine Process.. START
141812:T510837_26:GOING TO SEND START
141812:T510837_26:SENT START, WAITING FOR FINISH 
141825:T510837_26:MACHINE DONE
141825:T510837_26:Error Code 0
141854:T510837_27:Machine Process.. START
141854:T510837_27:GOING TO SEND START
141855:T510837_27:SENT START, WAITING FOR FINISH 
141857:T510837_27:MACHINE DONE
141857:T510837_27:Error Code 0
141946:T510837_28:Machine Process.. START
141946:T510837_28:GOING TO SEND START
141946:T510837_28:SENT START, WAITING FOR FINISH 
141952:T510837_28:MACHINE DONE
141952:T510837_28:Error Code 0
142038:T510837_29:Machine Process.. START
142039:T510837_29:GOING TO SEND START
142039:T510837_29:SENT START, WAITING FOR FINISH 
142053:T510837_29:MACHINE DONE
142053:T510837_29:Error Code 0
142133:T510837_30:Machine Process.. START
142133:T510837_30:GOING TO SEND START
142133:T510837_30:SENT START, WAITING FOR FINISH 
142139:T510837_30:MACHINE DONE
142139:T510837_30:Error Code 0
142237:T510837_31:Machine Process.. START
142237:T510837_31:GOING TO SEND START
142238:T510837_31:SENT START, WAITING FOR FINISH 
142242:T510837_31:MACHINE DONE
142242:T510837_31:Error Code 0
142336:T510837_32:Machine Process.. START
142336:T510837_32:GOING TO SEND START
142336:T510837_32:SENT START, WAITING FOR FINISH 
142345:T510837_32:MACHINE DONE
142345:T510837_32:Error Code 0
142410:T510837_33:Machine Process.. START
142410:T510837_33:GOING TO SEND START
142410:T510837_33:SENT START, WAITING FOR FINISH 
142425:T510837_33:MACHINE DONE
142425:T510837_33:Error Code 0
142535:T510837_34:Machine Process.. START
142536:T510837_34:GOING TO SEND START
142536:T510837_34:SENT START, WAITING FOR FINISH 
142544:T510837_34:MACHINE DONE
142544:T510837_34:Error Code 0
142634:T510837_35:Machine Process.. START
142634:T510837_35:GOING TO SEND START
142635:T510837_35:SENT START, WAITING FOR FINISH 
142641:T510837_35:MACHINE DONE
142641:T510837_35:Error Code 0
142756:T510837_36:Machine Process.. START
142756:T510837_36:GOING TO SEND START
142756:T510837_36:SENT START, WAITING FOR FINISH 
142808:T510837_36:MACHINE DONE
142808:T510837_36:Error Code 0
142829:T510837_37:Machine Process.. START
142829:T510837_37:GOING TO SEND START
142830:T510837_37:SENT START, WAITING FOR FINISH 
142836:T510837_37:MACHINE DONE
142836:T510837_37:Error Code 0
142939:T510837_38:Machine Process.. START
142939:T510837_38:GOING TO SEND START
142940:T510837_38:SENT START, WAITING FOR FINISH 
142946:T510837_38:MACHINE DONE
142946:T510837_38:Error Code 0
143111:T510837_39:Machine Process.. START
143112:T510837_39:GOING TO SEND START
143112:T510837_39:SENT START, WAITING FOR FINISH 
143115:T510837_39:MACHINE DONE
143115:T510837_39:Error Code 0
143245:T510837_40:Machine Process.. START
143245:T510837_40:GOING TO SEND START
143245:T510837_40:SENT START, WAITING FOR FINISH 
143254:T510837_40:MACHINE DONE
143254:T510837_40:Error Code 0
143407:T510837_41:Machine Process.. START
143407:T510837_41:GOING TO SEND START
143407:T510837_41:SENT START, WAITING FOR FINISH 
143416:T510837_41:MACHINE DONE
143416:T510837_41:Error Code 0
143453:T510837_42:Machine Process.. START
143453:T510837_42:GOING TO SEND START
143453:T510837_42:SENT START, WAITING FOR FINISH 
143501:T510837_42:MACHINE DONE
143501:T510837_42:Error Code 0
143613:T510837_43:Machine Process.. START
143613:T510837_43:GOING TO SEND START
143614:T510837_43:SENT START, WAITING FOR FINISH 
143624:T510837_43:MACHINE DONE
143624:T510837_43:Error Code 0
143736:T510837_44:Machine Process.. START
143736:T510837_44:GOING TO SEND START
143736:T510837_44:SENT START, WAITING FOR FINISH 
143745:T510837_44:MACHINE DONE
143745:T510837_44:Error Code 0
143853:T510837_45:Machine Process.. START
143854:T510837_45:GOING TO SEND START
143854:T510837_45:SENT START, WAITING FOR FINISH 
143902:T510837_45:MACHINE DONE
143902:T510837_45:Error Code 0
143954:T510837_46:Machine Process.. START
143954:T510837_46:GOING TO SEND START
143955:T510837_46:SENT START, WAITING FOR FINISH 
143959:T510837_46:MACHINE DONE
143959:T510837_46:Error Code 0
144105:T510837_47:Machine Process.. START
144105:T510837_47:GOING TO SEND START
144105:T510837_47:SENT START, WAITING FOR FINISH 
144112:T510837_47:MACHINE DONE
144113:T510837_47:Error Code 0
144232:T510837_48:Machine Process.. START
144232:T510837_48:GOING TO SEND START
144233:T510837_48:SENT START, WAITING FOR FINISH 
144239:T510837_48:MACHINE DONE
144239:T510837_48:Error Code 0
144334:T510837_49:Machine Process.. START
144334:T510837_49:GOING TO SEND START
144334:T510837_49:SENT START, WAITING FOR FINISH 
144341:T510837_49:MACHINE DONE
144341:T510837_49:Error Code 0
144449:T510837_50:Machine Process.. START
144449:T510837_50:GOING TO SEND START
144450:T510837_50:SENT START, WAITING FOR FINISH 
144457:T510837_50:MACHINE DONE
144457:T510837_50:Error Code 0
144601:T510837_51:Machine Process.. START
144601:T510837_51:GOING TO SEND START
144601:T510837_51:SENT START, WAITING FOR FINISH 
144610:T510837_51:MACHINE DONE
144610:T510837_51:Error Code 0
