101315:T510836_1:Machine Process.. START
101315:T510836_1:GOING TO SEND START
101316:T510836_1:SENT START, WAITING FOR FINISH 
101400:T510836_1:MACHINE DONE
101400:T510836_1:Error Code 0
101856:T510836_2:Machine Process.. START
101856:T510836_2:GOING TO SEND START
101857:T510836_2:SENT START, WAITING FOR FINISH 
102035:T510836_2:MACHINE DONE
102035:T510836_2:Error Code 0
102513:T510836_3:Machine Process.. START
102514:T510836_3:GOING TO SEND START
102515:T510836_3:SENT START, WAITING FOR FINISH 
102737:T510836_3:MACHINE DONE
102737:T510836_3:Error Code 0
102850:T510836_4:Machine Process.. START
102851:T510836_4:GOING TO SEND START
102851:T510836_4:SENT START, WAITING FOR FINISH 
102935:T510836_4:MACHINE DONE
102935:T510836_4:Error Code 0
103523:T510836_5:Machine Process.. START
103523:T510836_5:GOING TO SEND START
103523:T510836_5:SENT START, WAITING FOR FINISH 
103616:T510836_5:MACHINE DONE
103616:T510836_5:Error Code 0
103722:T510836_6:Machine Process.. START
103722:T510836_6:GOING TO SEND START
103722:T510836_6:SENT START, WAITING FOR FINISH 
103811:T510836_6:MACHINE DONE
103811:T510836_6:Error Code 0
104204:T510836_7:Machine Process.. START
104205:T510836_7:GOING TO SEND START
104205:T510836_7:SENT START, WAITING FOR FINISH 
104302:T510836_7:MACHINE DONE
104302:T510836_7:Error Code 0
