094254:T589126_14:Machine Process.. START
094255:T589126_14:GOING TO SEND START
094255:T589126_14:SENT START, WAITING FOR FINISH 
094311:T589126_14:MACHINE DONE
094311:T589126_14:Error Code 0
094406:T589126_15:Machine Process.. START
094406:T589126_15:GOING TO SEND START
094406:T589126_15:SENT START, WAITING FOR FINISH 
094411:T589126_15:MACHINE DONE
094411:T589126_15:Error Code 0
094512:T589126_16:Machine Process.. START
094512:T589126_16:GOING TO SEND START
094513:T589126_16:SENT START, WAITING FOR FINISH 
094515:T589126_16:MACHINE DONE
094515:T589126_16:Error Code 0
094843:T589126_17:Machine Process.. START
094843:T589126_17:GOING TO SEND START
094844:T589126_17:SENT START, WAITING FOR FINISH 
095446:T589126_17:MACHINE DONE
095446:T589126_17:Error Code 0
095448:T589126_18:Machine Process.. START
095448:T589126_18:GOING TO SEND START
095448:T589126_18:SENT START, WAITING FOR FINISH 
095506:T589126_18:MACHINE DONE
095506:T589126_18:Error Code 0
095508:T589126_19:Machine Process.. START
095508:T589126_19:GOING TO SEND START
095508:T589126_19:SENT START, WAITING FOR FINISH 
095513:T589126_19:MACHINE DONE
095513:T589126_19:Error Code 0
095546:T589126_20:Machine Process.. START
095547:T589126_20:GOING TO SEND START
095547:T589126_20:SENT START, WAITING FOR FINISH 
101624:T589126_20:MACHINE DONE
101624:T589126_20:Error Code 0
101626:T589126_21:Machine Process.. START
101626:T589126_21:GOING TO SEND START
101626:T589126_21:SENT START, WAITING FOR FINISH 
101631:T589126_21:MACHINE DONE
101631:T589126_21:Error Code 0
101633:T589126_22:Machine Process.. START
101633:T589126_22:GOING TO SEND START
101634:T589126_22:SENT START, WAITING FOR FINISH 
101641:T589126_22:MACHINE DONE
101641:T589126_22:Error Code 0
101935:T589126_23:Machine Process.. START
101935:T589126_23:GOING TO SEND START
101936:T589126_23:SENT START, WAITING FOR FINISH 
102200:T589126_23:MACHINE DONE
102200:T589126_23:Error Code 0
102313:T589126_24:Machine Process.. START
102313:T589126_24:GOING TO SEND START
102313:T589126_24:SENT START, WAITING FOR FINISH 
102317:T589126_24:MACHINE DONE
102317:T589126_24:Error Code 0
102500:T589126_25:Machine Process.. START
102500:T589126_25:GOING TO SEND START
102500:T589126_25:SENT START, WAITING FOR FINISH 
102504:T589126_25:MACHINE DONE
102504:T589126_25:Error Code 0
145654:T510837_2:Machine Process.. START
145654:T510837_2:GOING TO SEND START
145655:T510837_2:SENT START, WAITING FOR FINISH 
153300:T510837_3:Machine Process.. START
153300:T510837_3:GOING TO SEND START
153301:T510837_3:SENT START, WAITING FOR FINISH 
153429:T510837_3:MACHINE DONE
153429:T510837_3:Error Code 0
153431:T510837_4:Machine Process.. START
153432:T510837_4:GOING TO SEND START
153432:T510837_4:SENT START, WAITING FOR FINISH 
153548:T510837_4:MACHINE DONE
153548:T510837_4:Error Code 0
153550:T510837_5:Machine Process.. START
153550:T510837_5:GOING TO SEND START
153551:T510837_5:SENT START, WAITING FOR FINISH 
153713:T510837_5:MACHINE DONE
153713:T510837_5:Error Code 0
153715:T510837_6:Machine Process.. START
153715:T510837_6:GOING TO SEND START
153715:T510837_6:SENT START, WAITING FOR FINISH 
153827:T510837_6:MACHINE DONE
153827:T510837_6:Error Code 0
153829:T510837_7:Machine Process.. START
153830:T510837_7:GOING TO SEND START
153830:T510837_7:SENT START, WAITING FOR FINISH 
153940:T510837_7:MACHINE DONE
153940:T510837_7:Error Code 0
153943:T510837_8:Machine Process.. START
153943:T510837_8:GOING TO SEND START
153943:T510837_8:SENT START, WAITING FOR FINISH 
153948:T510837_8:MACHINE DONE
153948:T510837_8:Error Code 0
154048:T510837_9:Machine Process.. START
154048:T510837_9:GOING TO SEND START
154049:T510837_9:SENT START, WAITING FOR FINISH 
154203:T510837_9:MACHINE DONE
154203:T510837_9:Error Code 0
154205:T510837_10:Machine Process.. START
154205:T510837_10:GOING TO SEND START
154206:T510837_10:SENT START, WAITING FOR FINISH 
154328:T510837_10:MACHINE DONE
154328:T510837_10:Error Code 0
154330:T510837_11:Machine Process.. START
154330:T510837_11:GOING TO SEND START
154330:T510837_11:SENT START, WAITING FOR FINISH 
154337:T510837_11:MACHINE DONE
154337:T510837_11:Error Code 0
154338:T510837_12:Machine Process.. START
154339:T510837_12:GOING TO SEND START
154339:T510837_12:SENT START, WAITING FOR FINISH 
154343:T510837_12:MACHINE DONE
154343:T510837_12:Error Code 0
154350:T510837_13:Machine Process.. START
154350:T510837_13:GOING TO SEND START
154350:T510837_13:SENT START, WAITING FOR FINISH 
154353:T510837_13:MACHINE DONE
154353:T510837_13:Error Code 0
154419:T510837_14:Machine Process.. START
154419:T510837_14:GOING TO SEND START
154419:T510837_14:SENT START, WAITING FOR FINISH 
154423:T510837_14:MACHINE DONE
154423:T510837_14:Error Code 0
154510:T510837_15:Machine Process.. START
154510:T510837_15:GOING TO SEND START
154510:T510837_15:SENT START, WAITING FOR FINISH 
154512:T510837_15:MACHINE DONE
154512:T510837_15:Error Code 0
154535:T510837_16:Machine Process.. START
154535:T510837_16:GOING TO SEND START
154536:T510837_16:SENT START, WAITING FOR FINISH 
154555:T510837_16:MACHINE DONE
154555:T510837_16:Error Code 0
154712:T510837_17:Machine Process.. START
154712:T510837_17:GOING TO SEND START
154713:T510837_17:SENT START, WAITING FOR FINISH 
154715:T510837_17:MACHINE DONE
154715:T510837_17:Error Code 0
154722:T510837_18:Machine Process.. START
154722:T510837_18:GOING TO SEND START
154722:T510837_18:SENT START, WAITING FOR FINISH 
154725:T510837_18:MACHINE DONE
154725:T510837_18:Error Code 0
154828:T510837_19:Machine Process.. START
154828:T510837_19:GOING TO SEND START
154829:T510837_19:SENT START, WAITING FOR FINISH 
154831:T510837_19:MACHINE DONE
154831:T510837_19:Error Code 0
154902:T510837_20:Machine Process.. START
154902:T510837_20:GOING TO SEND START
154902:T510837_20:SENT START, WAITING FOR FINISH 
154905:T510837_20:MACHINE DONE
154906:T510837_20:Error Code 0
155143:T510837_21:Machine Process.. START
155143:T510837_21:GOING TO SEND START
155144:T510837_21:SENT START, WAITING FOR FINISH 
155255:T510837_21:MACHINE DONE
155255:T510837_21:Error Code 0
155257:T510837_22:Machine Process.. START
155257:T510837_22:GOING TO SEND START
155257:T510837_22:SENT START, WAITING FOR FINISH 
155301:T510837_22:MACHINE DONE
155301:T510837_22:Error Code 0
155303:T510837_23:Machine Process.. START
155303:T510837_23:GOING TO SEND START
155304:T510837_23:SENT START, WAITING FOR FINISH 
155306:T510837_23:MACHINE DONE
155306:T510837_23:Error Code 0
155350:T510837_24:Machine Process.. START
155350:T510837_24:GOING TO SEND START
155350:T510837_24:SENT START, WAITING FOR FINISH 
155403:T510837_24:MACHINE DONE
155403:T510837_24:Error Code 0
155436:T510837_25:Machine Process.. START
155436:T510837_25:GOING TO SEND START
155436:T510837_25:SENT START, WAITING FOR FINISH 
155438:T510837_25:MACHINE DONE
155438:T510837_25:Error Code 0
155529:T510837_26:Machine Process.. START
155530:T510837_26:GOING TO SEND START
155530:T510837_26:SENT START, WAITING FOR FINISH 
155532:T510837_26:MACHINE DONE
155532:T510837_26:Error Code 0
155543:T510837_27:Machine Process.. START
155543:T510837_27:GOING TO SEND START
155544:T510837_27:SENT START, WAITING FOR FINISH 
155546:T510837_27:MACHINE DONE
155546:T510837_27:Error Code 0
155618:T510837_28:Machine Process.. START
155618:T510837_28:GOING TO SEND START
155618:T510837_28:SENT START, WAITING FOR FINISH 
155630:T510837_28:MACHINE DONE
155630:T510837_28:Error Code 0
155736:T510837_29:Machine Process.. START
155736:T510837_29:GOING TO SEND START
155737:T510837_29:SENT START, WAITING FOR FINISH 
155739:T510837_29:MACHINE DONE
155739:T510837_29:Error Code 0
155844:T510837_30:Machine Process.. START
155844:T510837_30:GOING TO SEND START
155844:T510837_30:SENT START, WAITING FOR FINISH 
155848:T510837_30:MACHINE DONE
155848:T510837_30:Error Code 0
160003:T510837_31:Machine Process.. START
160003:T510837_31:GOING TO SEND START
160003:T510837_31:SENT START, WAITING FOR FINISH 
160006:T510837_31:MACHINE DONE
160006:T510837_31:Error Code 0
160050:T510837_32:Machine Process.. START
160050:T510837_32:GOING TO SEND START
160050:T510837_32:SENT START, WAITING FOR FINISH 
160058:T510837_32:MACHINE DONE
160058:T510837_32:Error Code 0
160159:T510837_33:Machine Process.. START
160200:T510837_33:GOING TO SEND START
160200:T510837_33:SENT START, WAITING FOR FINISH 
160205:T510837_33:MACHINE DONE
160205:T510837_33:Error Code 0
160219:T510837_34:Machine Process.. START
160219:T510837_34:GOING TO SEND START
160219:T510837_34:SENT START, WAITING FOR FINISH 
160223:T510837_34:MACHINE DONE
160223:T510837_34:Error Code 0
160326:T510837_35:Machine Process.. START
160326:T510837_35:GOING TO SEND START
160327:T510837_35:SENT START, WAITING FOR FINISH 
160333:T510837_35:MACHINE DONE
160333:T510837_35:Error Code 0
160359:T510837_36:Machine Process.. START
160400:T510837_36:GOING TO SEND START
160400:T510837_36:SENT START, WAITING FOR FINISH 
160404:T510837_36:MACHINE DONE
160404:T510837_36:Error Code 0
160453:T510837_37:Machine Process.. START
160453:T510837_37:GOING TO SEND START
160454:T510837_37:SENT START, WAITING FOR FINISH 
160502:T510837_37:MACHINE DONE
160502:T510837_37:Error Code 0
160523:T510837_38:Machine Process.. START
160523:T510837_38:GOING TO SEND START
160523:T510837_38:SENT START, WAITING FOR FINISH 
160531:T510837_38:MACHINE DONE
160531:T510837_38:Error Code 0
160733:T510837_39:Machine Process.. START
160733:T510837_39:GOING TO SEND START
160733:T510837_39:SENT START, WAITING FOR FINISH 
160738:T510837_39:MACHINE DONE
160738:T510837_39:Error Code 0
160804:T510837_40:Machine Process.. START
160804:T510837_40:GOING TO SEND START
160804:T510837_40:SENT START, WAITING FOR FINISH 
160813:T510837_40:MACHINE DONE
160813:T510837_40:Error Code 0
160853:T510837_41:Machine Process.. START
160853:T510837_41:GOING TO SEND START
160854:T510837_41:SENT START, WAITING FOR FINISH 
160856:T510837_41:MACHINE DONE
160856:T510837_41:Error Code 0
160904:T510837_42:Machine Process.. START
160904:T510837_42:GOING TO SEND START
160904:T510837_42:SENT START, WAITING FOR FINISH 
160907:T510837_42:MACHINE DONE
160907:T510837_42:Error Code 0
160925:T510837_43:Machine Process.. START
160925:T510837_43:GOING TO SEND START
160925:T510837_43:SENT START, WAITING FOR FINISH 
160927:T510837_43:MACHINE DONE
160927:T510837_43:Error Code 0
161035:T510837_44:Machine Process.. START
161035:T510837_44:GOING TO SEND START
161036:T510837_44:SENT START, WAITING FOR FINISH 
161040:T510837_44:MACHINE DONE
161040:T510837_44:Error Code 0
161057:T510837_45:Machine Process.. START
161057:T510837_45:GOING TO SEND START
161058:T510837_45:SENT START, WAITING FOR FINISH 
161103:T510837_45:MACHINE DONE
161103:T510837_45:Error Code 0
161117:T510837_46:Machine Process.. START
161117:T510837_46:GOING TO SEND START
161118:T510837_46:SENT START, WAITING FOR FINISH 
161126:T510837_46:MACHINE DONE
161126:T510837_46:Error Code 0
161206:T510837_47:Machine Process.. START
161206:T510837_47:GOING TO SEND START
161207:T510837_47:SENT START, WAITING FOR FINISH 
161256:T510837_47:MACHINE DONE
161256:T510837_47:Error Code 0
161346:T510837_48:Machine Process.. START
161346:T510837_48:GOING TO SEND START
161346:T510837_48:SENT START, WAITING FOR FINISH 
161406:T510837_48:MACHINE DONE
161406:T510837_48:Error Code 0
161439:T510837_49:Machine Process.. START
161439:T510837_49:GOING TO SEND START
161439:T510837_49:SENT START, WAITING FOR FINISH 
161445:T510837_49:MACHINE DONE
161445:T510837_49:Error Code 0
161455:T510837_50:Machine Process.. START
161456:T510837_50:GOING TO SEND START
161456:T510837_50:SENT START, WAITING FOR FINISH 
161502:T510837_50:MACHINE DONE
161502:T510837_50:Error Code 0
161534:T510837_51:Machine Process.. START
161534:T510837_51:GOING TO SEND START
161535:T510837_51:SENT START, WAITING FOR FINISH 
161635:T510837_51:MACHINE DONE
161635:T510837_51:Error Code 0
161638:T510837_52:Machine Process.. START
161638:T510837_52:GOING TO SEND START
161638:T510837_52:SENT START, WAITING FOR FINISH 
161643:T510837_52:MACHINE DONE
161643:T510837_52:Error Code 0
