081900:T589126_1:Machine Process.. START
081900:T589126_1:GOING TO SEND START
081900:T589126_1:SENT START, WAITING FOR FINISH 
082001:T589126_1:MACHINE DONE
082002:T589126_1:Error Code 0
082049:T589126_2:Machine Process.. START
082049:T589126_2:GOING TO SEND START
082049:T589126_2:SENT START, WAITING FOR FINISH 
082200:T589126_2:MACHINE DONE
082200:T589126_2:Error Code 0
082252:T589126_3:Machine Process.. START
082252:T589126_3:GOING TO SEND START
082252:T589126_3:SENT START, WAITING FOR FINISH 
082416:T589126_3:MACHINE DONE
082416:T589126_3:Error Code 0
082521:T589126_4:Machine Process.. START
082521:T589126_4:GOING TO SEND START
082522:T589126_4:SENT START, WAITING FOR FINISH 
082917:T589126_6:Machine Process.. START
082917:T589126_6:GOING TO SEND START
082917:T589126_6:SENT START, WAITING FOR FINISH 
083054:T589126_6:MACHINE DONE
083054:T589126_4:MACHINE DONE
083054:T589126_6:Error Code 0
083054:T589126_4:Error Code 0
083131:T589126_7:Machine Process.. START
083132:T589126_7:GOING TO SEND START
083132:T589126_7:SENT START, WAITING FOR FINISH 
083200:T589126_7:MACHINE DONE
083200:T589126_7:Error Code 0
083237:T589126_8:Machine Process.. START
083238:T589126_8:GOING TO SEND START
083238:T589126_8:SENT START, WAITING FOR FINISH 
083500:T589126_8:MACHINE DONE
083500:T589126_8:Error Code 0
090038:T589126_9:Machine Process.. START
090038:T589126_9:GOING TO SEND START
090038:T589126_9:SENT START, WAITING FOR FINISH 
090140:T589126_9:MACHINE DONE
090140:T589126_9:Error Code 0
090229:T589126_10:Machine Process.. START
090229:T589126_10:GOING TO SEND START
090230:T589126_10:SENT START, WAITING FOR FINISH 
090334:T589126_10:MACHINE DONE
090334:T589126_10:Error Code 0
090541:T589126_11:Machine Process.. START
090541:T589126_11:GOING TO SEND START
090541:T589126_11:SENT START, WAITING FOR FINISH 
090835:T589126_11:MACHINE DONE
090835:T589126_11:Error Code 0
091334:T589126_12:Machine Process.. START
091334:T589126_12:GOING TO SEND START
091334:T589126_12:SENT START, WAITING FOR FINISH 
091431:T589126_12:MACHINE DONE
091431:T589126_12:Error Code 0
092139:T589126_14:Machine Process.. START
092139:T589126_14:GOING TO SEND START
092140:T589126_14:SENT START, WAITING FOR FINISH 
092205:T589126_14:MACHINE DONE
092205:T589126_14:Error Code 0
092612:T589126_15:Machine Process.. START
092612:T589126_15:GOING TO SEND START
092613:T589126_15:SENT START, WAITING FOR FINISH 
092743:T589126_15:MACHINE DONE
092743:T589126_15:Error Code 0
092833:T589126_16:Machine Process.. START
092833:T589126_16:GOING TO SEND START
092833:T589126_16:SENT START, WAITING FOR FINISH 
092905:T589126_16:MACHINE DONE
092905:T589126_16:Error Code 0
092950:T589126_17:Machine Process.. START
092950:T589126_17:GOING TO SEND START
092951:T589126_17:SENT START, WAITING FOR FINISH 
093006:T589126_17:MACHINE DONE
093006:T589126_17:Error Code 0
093057:T589126_18:Machine Process.. START
093057:T589126_18:GOING TO SEND START
093057:T589126_18:SENT START, WAITING FOR FINISH 
093150:T589126_18:MACHINE DONE
093150:T589126_18:Error Code 0
093823:T589126_19:Machine Process.. START
093823:T589126_19:GOING TO SEND START
093823:T589126_19:SENT START, WAITING FOR FINISH 
093942:T589126_19:MACHINE DONE
093942:T589126_19:Error Code 0
094148:T589126_20:Machine Process.. START
094148:T589126_20:GOING TO SEND START
094149:T589126_20:SENT START, WAITING FOR FINISH 
094309:T589126_20:MACHINE DONE
094309:T589126_20:Error Code 0
094624:T589126_21:Machine Process.. START
094624:T589126_21:GOING TO SEND START
094624:T589126_21:SENT START, WAITING FOR FINISH 
094720:T589126_21:MACHINE DONE
094720:T589126_21:Error Code 0
094814:T589126_22:Machine Process.. START
094814:T589126_22:GOING TO SEND START
094814:T589126_22:SENT START, WAITING FOR FINISH 
094917:T589126_22:MACHINE DONE
094917:T589126_22:Error Code 0
095158:T589126_23:Machine Process.. START
095158:T589126_23:GOING TO SEND START
095159:T589126_23:SENT START, WAITING FOR FINISH 
095301:T589126_23:MACHINE DONE
095301:T589126_23:Error Code 0
095500:T589126_24:Machine Process.. START
095500:T589126_24:GOING TO SEND START
095500:T589126_24:SENT START, WAITING FOR FINISH 
095603:T589126_24:MACHINE DONE
095603:T589126_24:Error Code 0
095658:T589126_25:Machine Process.. START
095658:T589126_25:GOING TO SEND START
095659:T589126_25:SENT START, WAITING FOR FINISH 
095756:T589126_25:MACHINE DONE
095756:T589126_25:Error Code 0
101416:T589126_26:Machine Process.. START
101416:T589126_26:GOING TO SEND START
101417:T589126_26:SENT START, WAITING FOR FINISH 
101523:T589126_26:MACHINE DONE
101523:T589126_26:Error Code 0
101756:T510836_1:Machine Process.. START
101757:T510836_1:GOING TO SEND START
101757:T510836_1:SENT START, WAITING FOR FINISH 
101911:T510836_1:MACHINE DONE
101911:T510836_1:Error Code 0
102009:T510836_2:Machine Process.. START
102009:T510836_2:GOING TO SEND START
102010:T510836_2:SENT START, WAITING FOR FINISH 
102113:T510836_2:MACHINE DONE
102113:T510836_2:Error Code 0
102413:T510836_3:Machine Process.. START
102414:T510836_3:GOING TO SEND START
102414:T510836_3:SENT START, WAITING FOR FINISH 
102513:T510836_3:MACHINE DONE
102513:T510836_3:Error Code 0
102607:T510836_4:Machine Process.. START
102607:T510836_4:GOING TO SEND START
102608:T510836_4:SENT START, WAITING FOR FINISH 
102648:T510836_4:MACHINE DONE
102648:T510836_4:Error Code 0
131617:T510837_1:Machine Process.. START
131618:T510837_1:GOING TO SEND START
131618:T510837_1:SENT START, WAITING FOR FINISH 
131650:T510837_1:MACHINE DONE
131650:T510837_1:Error Code 0
144807:T510837_2:Machine Process.. START
144807:T510837_2:GOING TO SEND START
144808:T510837_2:SENT START, WAITING FOR FINISH 
144828:T510837_2:MACHINE DONE
144828:T510837_2:Error Code 0
152559:T510837_3:Machine Process.. START
152559:T510837_3:GOING TO SEND START
152559:T510837_3:SENT START, WAITING FOR FINISH 
152617:T510837_3:MACHINE DONE
152617:T510837_3:Error Code 0
152658:T510837_4:Machine Process.. START
152658:T510837_4:GOING TO SEND START
152658:T510837_4:SENT START, WAITING FOR FINISH 
152715:T510837_4:MACHINE DONE
152715:T510837_4:Error Code 0
152749:T510837_5:Machine Process.. START
152750:T510837_5:GOING TO SEND START
152750:T510837_5:SENT START, WAITING FOR FINISH 
152804:T510837_5:MACHINE DONE
152804:T510837_5:Error Code 0
152833:T510837_6:Machine Process.. START
152834:T510837_6:GOING TO SEND START
152834:T510837_6:SENT START, WAITING FOR FINISH 
152855:T510837_6:MACHINE DONE
152855:T510837_6:Error Code 0
152932:T510837_7:Machine Process.. START
152932:T510837_7:GOING TO SEND START
152932:T510837_7:SENT START, WAITING FOR FINISH 
152948:T510837_7:MACHINE DONE
152948:T510837_7:Error Code 0
153026:T510837_8:Machine Process.. START
153026:T510837_8:GOING TO SEND START
153027:T510837_8:SENT START, WAITING FOR FINISH 
153039:T510837_8:MACHINE DONE
153039:T510837_8:Error Code 0
153139:T510837_9:Machine Process.. START
153139:T510837_9:GOING TO SEND START
153140:T510837_9:SENT START, WAITING FOR FINISH 
153157:T510837_9:MACHINE DONE
153157:T510837_9:Error Code 0
153236:T510837_10:Machine Process.. START
153236:T510837_10:GOING TO SEND START
153236:T510837_10:SENT START, WAITING FOR FINISH 
153251:T510837_10:MACHINE DONE
153251:T510837_10:Error Code 0
153349:T510837_11:Machine Process.. START
153349:T510837_11:GOING TO SEND START
153350:T510837_11:SENT START, WAITING FOR FINISH 
153405:T510837_11:MACHINE DONE
153405:T510837_11:Error Code 0
153446:T510837_12:Machine Process.. START
153446:T510837_12:GOING TO SEND START
153446:T510837_12:SENT START, WAITING FOR FINISH 
153503:T510837_12:MACHINE DONE
153504:T510837_12:Error Code 0
153529:T510837_13:Machine Process.. START
153529:T510837_13:GOING TO SEND START
153529:T510837_13:SENT START, WAITING FOR FINISH 
153545:T510837_13:MACHINE DONE
153545:T510837_13:Error Code 0
153622:T510837_14:Machine Process.. START
153622:T510837_14:GOING TO SEND START
153622:T510837_14:SENT START, WAITING FOR FINISH 
153637:T510837_14:MACHINE DONE
153637:T510837_14:Error Code 0
153713:T510837_15:Machine Process.. START
153713:T510837_15:GOING TO SEND START
153713:T510837_15:SENT START, WAITING FOR FINISH 
153732:T510837_15:MACHINE DONE
153732:T510837_15:Error Code 0
153759:T510837_16:Machine Process.. START
153759:T510837_16:GOING TO SEND START
153800:T510837_16:SENT START, WAITING FOR FINISH 
153811:T510837_16:MACHINE DONE
153811:T510837_16:Error Code 0
153841:T510837_17:Machine Process.. START
153841:T510837_17:GOING TO SEND START
153842:T510837_17:SENT START, WAITING FOR FINISH 
153857:T510837_17:MACHINE DONE
153857:T510837_17:Error Code 0
154127:T510837_18:Machine Process.. START
154127:T510837_18:GOING TO SEND START
154128:T510837_18:SENT START, WAITING FOR FINISH 
154140:T510837_18:MACHINE DONE
154140:T510837_18:Error Code 0
154205:T510837_19:Machine Process.. START
154205:T510837_19:GOING TO SEND START
154205:T510837_19:SENT START, WAITING FOR FINISH 
154219:T510837_19:MACHINE DONE
154219:T510837_19:Error Code 0
154437:T510837_20:Machine Process.. START
154437:T510837_20:GOING TO SEND START
154438:T510837_20:SENT START, WAITING FOR FINISH 
154450:T510837_20:MACHINE DONE
154450:T510837_20:Error Code 0
154556:T510837_21:Machine Process.. START
154556:T510837_21:GOING TO SEND START
154556:T510837_21:SENT START, WAITING FOR FINISH 
154614:T510837_21:MACHINE DONE
154614:T510837_21:Error Code 0
154641:T510837_22:Machine Process.. START
154641:T510837_22:GOING TO SEND START
154641:T510837_22:SENT START, WAITING FOR FINISH 
154703:T510837_22:MACHINE DONE
154703:T510837_22:Error Code 0
154724:T510837_23:Machine Process.. START
154724:T510837_23:GOING TO SEND START
154725:T510837_23:SENT START, WAITING FOR FINISH 
154742:T510837_23:MACHINE DONE
154742:T510837_23:Error Code 0
154803:T510837_24:Machine Process.. START
154803:T510837_24:GOING TO SEND START
154803:T510837_24:SENT START, WAITING FOR FINISH 
154813:T510837_24:MACHINE DONE
154813:T510837_24:Error Code 0
154833:T510837_25:Machine Process.. START
154833:T510837_25:GOING TO SEND START
154834:T510837_25:SENT START, WAITING FOR FINISH 
154847:T510837_25:MACHINE DONE
154847:T510837_25:Error Code 0
154926:T510837_26:Machine Process.. START
154926:T510837_26:GOING TO SEND START
154927:T510837_26:SENT START, WAITING FOR FINISH 
154945:T510837_26:MACHINE DONE
154945:T510837_26:Error Code 0
155018:T510837_27:Machine Process.. START
155019:T510837_27:GOING TO SEND START
155019:T510837_27:SENT START, WAITING FOR FINISH 
155033:T510837_27:MACHINE DONE
155033:T510837_27:Error Code 0
155113:T510837_28:Machine Process.. START
155113:T510837_28:GOING TO SEND START
155114:T510837_28:SENT START, WAITING FOR FINISH 
155126:T510837_28:MACHINE DONE
155126:T510837_28:Error Code 0
155146:T510837_29:Machine Process.. START
155146:T510837_29:GOING TO SEND START
155147:T510837_29:SENT START, WAITING FOR FINISH 
155154:T510837_29:MACHINE DONE
155154:T510837_29:Error Code 0
155231:T510837_30:Machine Process.. START
155231:T510837_30:GOING TO SEND START
155232:T510837_30:SENT START, WAITING FOR FINISH 
155247:T510837_30:MACHINE DONE
155247:T510837_30:Error Code 0
155311:T510837_31:Machine Process.. START
155311:T510837_31:GOING TO SEND START
155312:T510837_31:SENT START, WAITING FOR FINISH 
155327:T510837_31:MACHINE DONE
155327:T510837_31:Error Code 0
155352:T510837_32:Machine Process.. START
155352:T510837_32:GOING TO SEND START
155353:T510837_32:SENT START, WAITING FOR FINISH 
155402:T510837_32:MACHINE DONE
155402:T510837_32:Error Code 0
155424:T510837_33:Machine Process.. START
155424:T510837_33:GOING TO SEND START
155424:T510837_33:SENT START, WAITING FOR FINISH 
155432:T510837_33:MACHINE DONE
155432:T510837_33:Error Code 0
155508:T510837_34:Machine Process.. START
155509:T510837_34:GOING TO SEND START
155509:T510837_34:SENT START, WAITING FOR FINISH 
155516:T510837_34:MACHINE DONE
155516:T510837_34:Error Code 0
155654:T510837_35:Machine Process.. START
155654:T510837_35:GOING TO SEND START
155654:T510837_35:SENT START, WAITING FOR FINISH 
155738:T510837_35:MACHINE DONE
155738:T510837_35:Error Code 0
155829:T510837_36:Machine Process.. START
155829:T510837_36:GOING TO SEND START
155829:T510837_36:SENT START, WAITING FOR FINISH 
155843:T510837_36:MACHINE DONE
155843:T510837_36:Error Code 0
155908:T510837_37:Machine Process.. START
155909:T510837_37:GOING TO SEND START
155909:T510837_37:SENT START, WAITING FOR FINISH 
155920:T510837_37:MACHINE DONE
155920:T510837_37:Error Code 0
155952:T510837_38:Machine Process.. START
155952:T510837_38:GOING TO SEND START
155953:T510837_38:SENT START, WAITING FOR FINISH 
160004:T510837_38:MACHINE DONE
160004:T510837_38:Error Code 0
160037:T510837_39:Machine Process.. START
160037:T510837_39:GOING TO SEND START
160037:T510837_39:SENT START, WAITING FOR FINISH 
160053:T510837_39:MACHINE DONE
160053:T510837_39:Error Code 0
160131:T510837_40:Machine Process.. START
160131:T510837_40:GOING TO SEND START
160132:T510837_40:SENT START, WAITING FOR FINISH 
160144:T510837_40:MACHINE DONE
160144:T510837_40:Error Code 0
160205:T510837_41:Machine Process.. START
160205:T510837_41:GOING TO SEND START
160205:T510837_41:SENT START, WAITING FOR FINISH 
160231:T510837_41:MACHINE DONE
160231:T510837_41:Error Code 0
160250:T510837_42:Machine Process.. START
160250:T510837_42:GOING TO SEND START
160251:T510837_42:SENT START, WAITING FOR FINISH 
160304:T510837_42:MACHINE DONE
160304:T510837_42:Error Code 0
160325:T510837_43:Machine Process.. START
160326:T510837_43:GOING TO SEND START
160326:T510837_43:SENT START, WAITING FOR FINISH 
160411:T510837_43:MACHINE DONE
160411:T510837_43:Error Code 0
160429:T510837_44:Machine Process.. START
160429:T510837_44:GOING TO SEND START
160430:T510837_44:SENT START, WAITING FOR FINISH 
160441:T510837_44:MACHINE DONE
160441:T510837_44:Error Code 0
160517:T510837_45:Machine Process.. START
160517:T510837_45:GOING TO SEND START
160518:T510837_45:SENT START, WAITING FOR FINISH 
160532:T510837_45:MACHINE DONE
160532:T510837_45:Error Code 0
160554:T510837_46:Machine Process.. START
160554:T510837_46:GOING TO SEND START
160555:T510837_46:SENT START, WAITING FOR FINISH 
160610:T510837_46:MACHINE DONE
160610:T510837_46:Error Code 0
160635:T510837_47:Machine Process.. START
160635:T510837_47:GOING TO SEND START
160635:T510837_47:SENT START, WAITING FOR FINISH 
160650:T510837_47:MACHINE DONE
160650:T510837_47:Error Code 0
160740:T510837_48:Machine Process.. START
160740:T510837_48:GOING TO SEND START
160741:T510837_48:SENT START, WAITING FOR FINISH 
160754:T510837_48:MACHINE DONE
160754:T510837_48:Error Code 0
160814:T510837_49:Machine Process.. START
160815:T510837_49:GOING TO SEND START
160815:T510837_49:SENT START, WAITING FOR FINISH 
160826:T510837_49:MACHINE DONE
160826:T510837_49:Error Code 0
160850:T510837_50:Machine Process.. START
160850:T510837_50:GOING TO SEND START
160850:T510837_50:SENT START, WAITING FOR FINISH 
160859:T510837_50:MACHINE DONE
160859:T510837_50:Error Code 0
160922:T510837_51:Machine Process.. START
160922:T510837_51:GOING TO SEND START
160922:T510837_51:SENT START, WAITING FOR FINISH 
160934:T510837_51:MACHINE DONE
160934:T510837_51:Error Code 0
161018:T510837_52:Machine Process.. START
161018:T510837_52:GOING TO SEND START
161018:T510837_52:SENT START, WAITING FOR FINISH 
161028:T510837_52:MACHINE DONE
161028:T510837_52:Error Code 0
