085147:T510836_3:Machine Process.. START
085147:T510836_3:GOING TO SEND START
085148:T510836_3:SENT START, WAITING FOR FINISH 
092819:T510836_3:MACHINE DONE
092819:T510836_3:Error Code 0
160621:T510836_5:Machine Process.. START
160622:T510836_5:GOING TO SEND START
160622:T510836_5:SENT START, WAITING FOR FINISH 
160653:T510836_5:MACHINE DONE
160653:T510836_5:Error Code 0
160800:T510836_6:Machine Process.. START
160800:T510836_6:GOING TO SEND START
160800:T510836_6:SENT START, WAITING FOR FINISH 
160834:T510836_6:MACHINE DONE
160834:T510836_6:Error Code 0
160902:T510836_7:Machine Process.. START
160902:T510836_7:GOING TO SEND START
160903:T510836_7:SENT START, WAITING FOR FINISH 
160930:T510836_7:MACHINE DONE
160930:T510836_7:Error Code 0
160956:T510836_8:Machine Process.. START
160956:T510836_8:GOING TO SEND START
160957:T510836_8:SENT START, WAITING FOR FINISH 
161046:T510836_8:MACHINE DONE
161046:T510836_8:Error Code 0
161119:T510836_9:Machine Process.. START
161119:T510836_9:GOING TO SEND START
161120:T510836_9:SENT START, WAITING FOR FINISH 
161213:T510836_9:MACHINE DONE
161214:T510836_9:Error Code 0
161224:T510836_10:Machine Process.. START
161225:T510836_10:GOING TO SEND START
161225:T510836_10:SENT START, WAITING FOR FINISH 
161309:T510836_10:MACHINE DONE
161309:T510836_10:Error Code 0
161313:T510836_11:Machine Process.. START
161313:T510836_11:GOING TO SEND START
161314:T510836_11:SENT START, WAITING FOR FINISH 
161405:T510836_11:MACHINE DONE
161405:T510836_11:Error Code 0
161608:T510836_12:Machine Process.. START
161608:T510836_12:GOING TO SEND START
161608:T510836_12:SENT START, WAITING FOR FINISH 
161628:T510836_12:MACHINE DONE
161628:T510836_12:Error Code 0
161723:T510836_13:Machine Process.. START
161723:T510836_13:GOING TO SEND START
161723:T510836_13:SENT START, WAITING FOR FINISH 
161752:T510836_13:MACHINE DONE
161752:T510836_13:Error Code 0
162119:T510836_14:Machine Process.. START
162120:T510836_14:GOING TO SEND START
162120:T510836_14:SENT START, WAITING FOR FINISH 
162157:T510836_14:MACHINE DONE
162157:T510836_14:Error Code 0
162234:T510836_15:Machine Process.. START
162235:T510836_15:GOING TO SEND START
162235:T510836_15:SENT START, WAITING FOR FINISH 
162308:T510836_15:MACHINE DONE
162308:T510836_15:Error Code 0
162329:T510836_16:Machine Process.. START
162329:T510836_16:GOING TO SEND START
162330:T510836_16:SENT START, WAITING FOR FINISH 
162402:T510836_16:MACHINE DONE
162402:T510836_16:Error Code 0
162433:T510836_17:Machine Process.. START
162433:T510836_17:GOING TO SEND START
162434:T510836_17:SENT START, WAITING FOR FINISH 
162500:T510836_17:MACHINE DONE
162500:T510836_17:Error Code 0
162539:T510836_18:Machine Process.. START
162539:T510836_18:GOING TO SEND START
162539:T510836_18:SENT START, WAITING FOR FINISH 
162615:T510836_18:MACHINE DONE
162616:T510836_18:Error Code 0
162712:T510836_19:Machine Process.. START
162712:T510836_19:GOING TO SEND START
162712:T510836_19:SENT START, WAITING FOR FINISH 
162747:T510836_19:MACHINE DONE
162747:T510836_19:Error Code 0
195058:T510836_23:Machine Process.. START
195058:T510836_23:GOING TO SEND START
195058:T510836_23:SENT START, WAITING FOR FINISH 
195120:T510836_23:MACHINE DONE
195120:T510836_23:Error Code 0
