084313:T589126_99:Machine Process.. START
084313:T589126_99:GOING TO SEND START
084314:T589126_99:SENT START, WAITING FOR FINISH 
093532:T589126_14:Machine Process.. START
093532:T589126_14:GOING TO SEND START
093532:T589126_14:SENT START, WAITING FOR FINISH 
094234:T589126_14:MACHINE DONE
094234:T589126_14:Error Code 0
094254:T589126_15:Machine Process.. START
094255:T589126_15:GOING TO SEND START
094255:T589126_15:SENT START, WAITING FOR FINISH 
094403:T589126_15:MACHINE DONE
094403:T589126_15:Error Code 0
094406:T589126_16:Machine Process.. START
094406:T589126_16:GOING TO SEND START
094406:T589126_16:SENT START, WAITING FOR FINISH 
094510:T589126_16:MACHINE DONE
094510:T589126_16:Error Code 0
094556:T589126_17:Machine Process.. START
094556:T589126_17:GOING TO SEND START
094556:T589126_17:SENT START, WAITING FOR FINISH 
094840:T589126_17:MACHINE DONE
094841:T589126_17:Error Code 0
095021:T589126_18:Machine Process.. START
095021:T589126_18:GOING TO SEND START
095022:T589126_18:SENT START, WAITING FOR FINISH 
095137:T589126_18:MACHINE DONE
095137:T589126_18:Error Code 0
095247:T589126_19:Machine Process.. START
095247:T589126_19:GOING TO SEND START
095248:T589126_19:SENT START, WAITING FOR FINISH 
095419:T589126_19:MACHINE DONE
095419:T589126_19:Error Code 0
095450:T589126_20:Machine Process.. START
095450:T589126_20:GOING TO SEND START
095450:T589126_20:SENT START, WAITING FOR FINISH 
095544:T589126_20:MACHINE DONE
095544:T589126_20:Error Code 0
095807:T589126_21:Machine Process.. START
095807:T589126_21:GOING TO SEND START
095807:T589126_21:SENT START, WAITING FOR FINISH 
095934:T589126_21:MACHINE DONE
095934:T589126_21:Error Code 0
101456:T589126_22:Machine Process.. START
101456:T589126_22:GOING TO SEND START
101456:T589126_22:SENT START, WAITING FOR FINISH 
101609:T589126_22:MACHINE DONE
101609:T589126_22:Error Code 0
101815:T589126_23:Machine Process.. START
101815:T589126_23:GOING TO SEND START
101815:T589126_23:SENT START, WAITING FOR FINISH 
101932:T589126_23:MACHINE DONE
101932:T589126_23:Error Code 0
102130:T589126_24:Machine Process.. START
102130:T589126_24:GOING TO SEND START
102130:T589126_24:SENT START, WAITING FOR FINISH 
102310:T589126_24:MACHINE DONE
102310:T589126_24:Error Code 0
102326:T589126_25:Machine Process.. START
102326:T589126_25:GOING TO SEND START
102326:T589126_25:SENT START, WAITING FOR FINISH 
102457:T589126_25:MACHINE DONE
102457:T589126_25:Error Code 0
145525:T510837_2:Machine Process.. START
145525:T510837_2:GOING TO SEND START
145525:T510837_2:SENT START, WAITING FOR FINISH 
145651:T510837_2:MACHINE DONE
145651:T510837_2:Error Code 0
153206:T510837_3:Machine Process.. START
153207:T510837_3:GOING TO SEND START
153207:T510837_3:SENT START, WAITING FOR FINISH 
153257:T510837_3:MACHINE DONE
153257:T510837_3:Error Code 0
153300:T510837_4:Machine Process.. START
153300:T510837_4:GOING TO SEND START
153301:T510837_4:SENT START, WAITING FOR FINISH 
153358:T510837_4:MACHINE DONE
153358:T510837_4:Error Code 0
153401:T510837_5:Machine Process.. START
153401:T510837_5:GOING TO SEND START
153402:T510837_5:SENT START, WAITING FOR FINISH 
153453:T510837_5:MACHINE DONE
153453:T510837_5:Error Code 0
153456:T510837_6:Machine Process.. START
153456:T510837_6:GOING TO SEND START
153456:T510837_6:SENT START, WAITING FOR FINISH 
153548:T510837_6:MACHINE DONE
153548:T510837_6:Error Code 0
153552:T510837_7:Machine Process.. START
153552:T510837_7:GOING TO SEND START
153553:T510837_7:SENT START, WAITING FOR FINISH 
153648:T510837_7:MACHINE DONE
153648:T510837_7:Error Code 0
153717:T510837_8:Machine Process.. START
153717:T510837_8:GOING TO SEND START
153717:T510837_8:SENT START, WAITING FOR FINISH 
153803:T510837_8:MACHINE DONE
153803:T510837_8:Error Code 0
153954:T510837_9:Machine Process.. START
153955:T510837_9:GOING TO SEND START
153955:T510837_9:SENT START, WAITING FOR FINISH 
154045:T510837_9:MACHINE DONE
154045:T510837_9:Error Code 0
154047:T510837_10:Machine Process.. START
154047:T510837_10:GOING TO SEND START
154048:T510837_10:SENT START, WAITING FOR FINISH 
154136:T510837_10:MACHINE DONE
154136:T510837_10:Error Code 0
154139:T510837_11:Machine Process.. START
154139:T510837_11:GOING TO SEND START
154140:T510837_11:SENT START, WAITING FOR FINISH 
154228:T510837_11:MACHINE DONE
154228:T510837_11:Error Code 0
154231:T510837_12:Machine Process.. START
154231:T510837_12:GOING TO SEND START
154231:T510837_12:SENT START, WAITING FOR FINISH 
154320:T510837_12:MACHINE DONE
154320:T510837_12:Error Code 0
154342:T510837_13:Machine Process.. START
154342:T510837_13:GOING TO SEND START
154343:T510837_13:SENT START, WAITING FOR FINISH 
154347:T510837_13:MACHINE DONE
154347:T510837_13:Error Code 0
154409:T510837_14:Machine Process.. START
154409:T510837_14:GOING TO SEND START
154409:T510837_14:SENT START, WAITING FOR FINISH 
154416:T510837_14:MACHINE DONE
154416:T510837_14:Error Code 0
154458:T510837_15:Machine Process.. START
154458:T510837_15:GOING TO SEND START
154458:T510837_15:SENT START, WAITING FOR FINISH 
154507:T510837_15:MACHINE DONE
154507:T510837_15:Error Code 0
154522:T510837_16:Machine Process.. START
154523:T510837_16:GOING TO SEND START
154523:T510837_16:SENT START, WAITING FOR FINISH 
154532:T510837_16:MACHINE DONE
154532:T510837_16:Error Code 0
154649:T510837_17:Machine Process.. START
154649:T510837_17:GOING TO SEND START
154649:T510837_17:SENT START, WAITING FOR FINISH 
154709:T510837_17:MACHINE DONE
154709:T510837_17:Error Code 0
154716:T510837_18:Machine Process.. START
154716:T510837_18:GOING TO SEND START
154717:T510837_18:SENT START, WAITING FOR FINISH 
154719:T510837_18:MACHINE DONE
154719:T510837_18:Error Code 0
154755:T510837_19:Machine Process.. START
154755:T510837_19:GOING TO SEND START
154755:T510837_19:SENT START, WAITING FOR FINISH 
154825:T510837_19:MACHINE DONE
154825:T510837_19:Error Code 0
154845:T510837_20:Machine Process.. START
154845:T510837_20:GOING TO SEND START
154845:T510837_20:SENT START, WAITING FOR FINISH 
154859:T510837_20:MACHINE DONE
154859:T510837_20:Error Code 0
155136:T510837_21:Machine Process.. START
155137:T510837_21:GOING TO SEND START
155137:T510837_21:SENT START, WAITING FOR FINISH 
155140:T510837_21:MACHINE DONE
155140:T510837_21:Error Code 0
155206:T510837_22:Machine Process.. START
155206:T510837_22:GOING TO SEND START
155206:T510837_22:SENT START, WAITING FOR FINISH 
155216:T510837_22:MACHINE DONE
155216:T510837_22:Error Code 0
155231:T510837_23:Machine Process.. START
155231:T510837_23:GOING TO SEND START
155231:T510837_23:SENT START, WAITING FOR FINISH 
155238:T510837_23:MACHINE DONE
155238:T510837_23:Error Code 0
155342:T510837_24:Machine Process.. START
155342:T510837_24:GOING TO SEND START
155342:T510837_24:SENT START, WAITING FOR FINISH 
155347:T510837_24:MACHINE DONE
155347:T510837_24:Error Code 0
155407:T510837_25:Machine Process.. START
155407:T510837_25:GOING TO SEND START
155408:T510837_25:SENT START, WAITING FOR FINISH 
155433:T510837_25:MACHINE DONE
155433:T510837_25:Error Code 0
155500:T510837_26:Machine Process.. START
155500:T510837_26:GOING TO SEND START
155500:T510837_26:SENT START, WAITING FOR FINISH 
155526:T510837_26:MACHINE DONE
155526:T510837_26:Error Code 0
155529:T510837_27:Machine Process.. START
155529:T510837_27:GOING TO SEND START
155530:T510837_27:SENT START, WAITING FOR FINISH 
155540:T510837_27:MACHINE DONE
155540:T510837_27:Error Code 0
155601:T510837_28:Machine Process.. START
155601:T510837_28:GOING TO SEND START
155601:T510837_28:SENT START, WAITING FOR FINISH 
155615:T510837_28:MACHINE DONE
155615:T510837_28:Error Code 0
155703:T510837_29:Machine Process.. START
155703:T510837_29:GOING TO SEND START
155703:T510837_29:SENT START, WAITING FOR FINISH 
155733:T510837_29:MACHINE DONE
155733:T510837_29:Error Code 0
155809:T510837_30:Machine Process.. START
155809:T510837_30:GOING TO SEND START
155809:T510837_30:SENT START, WAITING FOR FINISH 
155841:T510837_30:MACHINE DONE
155841:T510837_30:Error Code 0
155958:T510837_31:Machine Process.. START
155958:T510837_31:GOING TO SEND START
155958:T510837_31:SENT START, WAITING FOR FINISH 
160000:T510837_31:MACHINE DONE
160000:T510837_31:Error Code 0
160044:T510837_32:Machine Process.. START
160044:T510837_32:GOING TO SEND START
160045:T510837_32:SENT START, WAITING FOR FINISH 
160047:T510837_32:MACHINE DONE
160047:T510837_32:Error Code 0
160150:T510837_33:Machine Process.. START
160150:T510837_33:GOING TO SEND START
160151:T510837_33:SENT START, WAITING FOR FINISH 
160157:T510837_33:MACHINE DONE
160157:T510837_33:Error Code 0
160212:T510837_34:Machine Process.. START
160212:T510837_34:GOING TO SEND START
160213:T510837_34:SENT START, WAITING FOR FINISH 
160216:T510837_34:MACHINE DONE
160216:T510837_34:Error Code 0
160314:T510837_35:Machine Process.. START
160314:T510837_35:GOING TO SEND START
160314:T510837_35:SENT START, WAITING FOR FINISH 
160323:T510837_35:MACHINE DONE
160323:T510837_35:Error Code 0
160349:T510837_36:Machine Process.. START
160349:T510837_36:GOING TO SEND START
160349:T510837_36:SENT START, WAITING FOR FINISH 
160356:T510837_36:MACHINE DONE
160356:T510837_36:Error Code 0
160438:T510837_37:Machine Process.. START
160438:T510837_37:GOING TO SEND START
160439:T510837_37:SENT START, WAITING FOR FINISH 
160450:T510837_37:MACHINE DONE
160450:T510837_37:Error Code 0
160514:T510837_38:Machine Process.. START
160514:T510837_38:GOING TO SEND START
160515:T510837_38:SENT START, WAITING FOR FINISH 
160519:T510837_38:MACHINE DONE
160519:T510837_38:Error Code 0
160644:T510837_39:Machine Process.. START
160644:T510837_39:GOING TO SEND START
160645:T510837_39:SENT START, WAITING FOR FINISH 
160729:T510837_39:MACHINE DONE
160730:T510837_39:Error Code 0
160732:T510837_40:Machine Process.. START
160732:T510837_40:GOING TO SEND START
160733:T510837_40:SENT START, WAITING FOR FINISH 
160801:T510837_40:MACHINE DONE
160801:T510837_40:Error Code 0
160803:T510837_41:Machine Process.. START
160804:T510837_41:GOING TO SEND START
160804:T510837_41:SENT START, WAITING FOR FINISH 
160850:T510837_41:MACHINE DONE
160850:T510837_41:Error Code 0
160853:T510837_42:Machine Process.. START
160853:T510837_42:GOING TO SEND START
160853:T510837_42:SENT START, WAITING FOR FINISH 
160900:T510837_42:MACHINE DONE
160900:T510837_42:Error Code 0
160919:T510837_43:Machine Process.. START
160919:T510837_43:GOING TO SEND START
160920:T510837_43:SENT START, WAITING FOR FINISH 
160922:T510837_43:MACHINE DONE
160922:T510837_43:Error Code 0
161024:T510837_44:Machine Process.. START
161025:T510837_44:GOING TO SEND START
161025:T510837_44:SENT START, WAITING FOR FINISH 
161032:T510837_44:MACHINE DONE
161032:T510837_44:Error Code 0
161048:T510837_45:Machine Process.. START
161048:T510837_45:GOING TO SEND START
161048:T510837_45:SENT START, WAITING FOR FINISH 
161054:T510837_45:MACHINE DONE
161054:T510837_45:Error Code 0
161107:T510837_46:Machine Process.. START
161107:T510837_46:GOING TO SEND START
161107:T510837_46:SENT START, WAITING FOR FINISH 
161114:T510837_46:MACHINE DONE
161114:T510837_46:Error Code 0
161159:T510837_47:Machine Process.. START
161159:T510837_47:GOING TO SEND START
161200:T510837_47:SENT START, WAITING FOR FINISH 
161203:T510837_47:MACHINE DONE
161203:T510837_47:Error Code 0
161247:T510837_48:Machine Process.. START
161247:T510837_48:GOING TO SEND START
161247:T510837_48:SENT START, WAITING FOR FINISH 
161342:T510837_48:MACHINE DONE
161342:T510837_48:Error Code 0
161345:T510837_49:Machine Process.. START
161345:T510837_49:GOING TO SEND START
161346:T510837_49:SENT START, WAITING FOR FINISH 
161436:T510837_49:MACHINE DONE
161436:T510837_49:Error Code 0
161439:T510837_50:Machine Process.. START
161439:T510837_50:GOING TO SEND START
161439:T510837_50:SENT START, WAITING FOR FINISH 
161452:T510837_50:MACHINE DONE
161452:T510837_50:Error Code 0
161521:T510837_51:Machine Process.. START
161521:T510837_51:GOING TO SEND START
161522:T510837_51:SENT START, WAITING FOR FINISH 
161531:T510837_51:MACHINE DONE
161531:T510837_51:Error Code 0
161554:T510837_52:Machine Process.. START
161554:T510837_52:GOING TO SEND START
161554:T510837_52:SENT START, WAITING FOR FINISH 
161601:T510837_52:MACHINE DONE
161601:T510837_52:Error Code 0
