081938:T589126_1:Machine Process.. START
081938:T589126_1:GOING TO SEND START
081939:T589126_1:SENT START, WAITING FOR FINISH 
082048:T589126_1:MACHINE DONE
082049:T589126_1:Error Code 0
082138:T589126_2:Machine Process.. START
082139:T589126_2:GOING TO SEND START
082139:T589126_2:SENT START, WAITING FOR FINISH 
082239:T589126_2:MACHINE DONE
082239:T589126_2:Error Code 0
082323:T589126_3:Machine Process.. START
082323:T589126_3:GOING TO SEND START
082323:T589126_3:SENT START, WAITING FOR FINISH 
082353:T589126_3:MACHINE DONE
082353:T589126_3:Error Code 0
082523:T589126_4:Machine Process.. START
082523:T589126_4:GOING TO SEND START
082524:T589126_4:SENT START, WAITING FOR FINISH 
082550:T589126_4:MACHINE DONE
082550:T589126_4:Error Code 0
082647:T589126_5:Machine Process.. START
082648:T589126_5:GOING TO SEND START
082648:T589126_5:SENT START, WAITING FOR FINISH 
082709:T589126_5:MACHINE DONE
082709:T589126_5:Error Code 0
082809:T589126_6:Machine Process.. START
082809:T589126_6:GOING TO SEND START
082809:T589126_6:SENT START, WAITING FOR FINISH 
082857:T589126_6:MACHINE DONE
082857:T589126_6:Error Code 0
082952:T589126_7:Machine Process.. START
082952:T589126_7:GOING TO SEND START
082953:T589126_7:SENT START, WAITING FOR FINISH 
083009:T589126_7:MACHINE DONE
083009:T589126_7:Error Code 0
083126:T589126_8:Machine Process.. START
083126:T589126_8:GOING TO SEND START
083126:T589126_8:SENT START, WAITING FOR FINISH 
083145:T589126_8:MACHINE DONE
083145:T589126_8:Error Code 0
084308:T589126_9:Machine Process.. START
084308:T589126_9:GOING TO SEND START
084308:T589126_9:SENT START, WAITING FOR FINISH 
084448:T589126_9:MACHINE DONE
084448:T589126_9:Error Code 0
084533:T589126_10:Machine Process.. START
084533:T589126_10:GOING TO SEND START
084533:T589126_10:SENT START, WAITING FOR FINISH 
084927:T589126_10:MACHINE DONE
084927:T589126_10:Error Code 0
085101:T589126_11:Machine Process.. START
085101:T589126_11:GOING TO SEND START
085102:T589126_11:SENT START, WAITING FOR FINISH 
085156:T589126_11:MACHINE DONE
085156:T589126_11:Error Code 0
085231:T589126_12:Machine Process.. START
085232:T589126_12:GOING TO SEND START
085232:T589126_12:SENT START, WAITING FOR FINISH 
085324:T589126_12:MACHINE DONE
085324:T589126_12:Error Code 0
085401:T589126_13:Machine Process.. START
085401:T589126_13:GOING TO SEND START
085402:T589126_13:SENT START, WAITING FOR FINISH 
085449:T589126_13:MACHINE DONE
085449:T589126_13:Error Code 0
085526:T589126_14:Machine Process.. START
085526:T589126_14:GOING TO SEND START
085526:T589126_14:SENT START, WAITING FOR FINISH 
085642:T589126_14:MACHINE DONE
085642:T589126_14:Error Code 0
085815:T589126_15:Machine Process.. START
085815:T589126_15:GOING TO SEND START
085816:T589126_15:SENT START, WAITING FOR FINISH 
090222:T589126_15:MACHINE DONE
090222:T589126_15:Error Code 0
090259:T589126_16:Machine Process.. START
090300:T589126_16:GOING TO SEND START
090300:T589126_16:SENT START, WAITING FOR FINISH 
090422:T589126_16:MACHINE DONE
090422:T589126_16:Error Code 0
090907:T589126_17:Machine Process.. START
090908:T589126_17:GOING TO SEND START
090908:T589126_17:SENT START, WAITING FOR FINISH 
091007:T589126_17:MACHINE DONE
091007:T589126_17:Error Code 0
091045:T589126_18:Machine Process.. START
091045:T589126_18:GOING TO SEND START
091045:T589126_18:SENT START, WAITING FOR FINISH 
091139:T589126_18:MACHINE DONE
091139:T589126_18:Error Code 0
091218:T589126_19:Machine Process.. START
091218:T589126_19:GOING TO SEND START
091219:T589126_19:SENT START, WAITING FOR FINISH 
091319:T589126_19:MACHINE DONE
091319:T589126_19:Error Code 0
091356:T589126_20:Machine Process.. START
091356:T589126_20:GOING TO SEND START
091356:T589126_20:SENT START, WAITING FOR FINISH 
091456:T589126_20:MACHINE DONE
091456:T589126_20:Error Code 0
091533:T589126_21:Machine Process.. START
091533:T589126_21:GOING TO SEND START
091534:T589126_21:SENT START, WAITING FOR FINISH 
091735:T589126_21:MACHINE DONE
091735:T589126_21:Error Code 0
091809:T589126_22:Machine Process.. START
091809:T589126_22:GOING TO SEND START
091810:T589126_22:SENT START, WAITING FOR FINISH 
091850:T589126_22:MACHINE DONE
091851:T589126_22:Error Code 0
091929:T589126_23:Machine Process.. START
091929:T589126_23:GOING TO SEND START
091929:T589126_23:SENT START, WAITING FOR FINISH 
093153:T589126_23:MACHINE DONE
093153:T589126_23:Error Code 0
095430:T589126_24:Machine Process.. START
095430:T589126_24:GOING TO SEND START
095430:T589126_24:SENT START, WAITING FOR FINISH 
101305:T589126_24:MACHINE DONE
101305:T589126_24:Error Code 0
101344:T589126_25:Machine Process.. START
101344:T589126_25:GOING TO SEND START
101344:T589126_25:SENT START, WAITING FOR FINISH 
101419:T589126_25:MACHINE DONE
101420:T589126_25:Error Code 0
101514:T589126_26:Machine Process.. START
101515:T589126_26:GOING TO SEND START
101515:T589126_26:SENT START, WAITING FOR FINISH 
101553:T589126_26:MACHINE DONE
101553:T589126_26:Error Code 0
101631:T589126_27:Machine Process.. START
101631:T589126_27:GOING TO SEND START
101632:T589126_27:SENT START, WAITING FOR FINISH 
101720:T589126_27:MACHINE DONE
101720:T589126_27:Error Code 0
101803:T589126_28:Machine Process.. START
101804:T589126_28:GOING TO SEND START
101804:T589126_28:SENT START, WAITING FOR FINISH 
101828:T589126_28:MACHINE DONE
101828:T589126_28:Error Code 0
101923:T589126_29:Machine Process.. START
101924:T589126_29:GOING TO SEND START
101924:T589126_29:SENT START, WAITING FOR FINISH 
102150:T589126_29:MACHINE DONE
102150:T589126_29:Error Code 0
102513:T589126_30:Machine Process.. START
102513:T589126_30:GOING TO SEND START
102514:T589126_30:SENT START, WAITING FOR FINISH 
102544:T589126_30:MACHINE DONE
102544:T589126_30:Error Code 0
102622:T589126_31:Machine Process.. START
102622:T589126_31:GOING TO SEND START
102623:T589126_31:SENT START, WAITING FOR FINISH 
102649:T589126_31:MACHINE DONE
102649:T589126_31:Error Code 0
103306:T589126_32:Machine Process.. START
103307:T589126_32:GOING TO SEND START
103307:T589126_32:SENT START, WAITING FOR FINISH 
103410:T589126_32:MACHINE DONE
103410:T589126_32:Error Code 0
105007:T589126_33:Machine Process.. START
105008:T589126_33:GOING TO SEND START
105008:T589126_33:SENT START, WAITING FOR FINISH 
105014:T589126_33:MACHINE DONE
105014:T589126_33:Error Code 0
105151:T589126_34:Machine Process.. START
105151:T589126_34:GOING TO SEND START
105151:T589126_34:SENT START, WAITING FOR FINISH 
105247:T589126_34:MACHINE DONE
105247:T589126_34:Error Code 0
105323:T589126_35:Machine Process.. START
105323:T589126_35:GOING TO SEND START
105324:T589126_35:SENT START, WAITING FOR FINISH 
105332:T589126_35:MACHINE DONE
105332:T589126_35:Error Code 0
105447:T589126_36:Machine Process.. START
105447:T589126_36:GOING TO SEND START
105448:T589126_36:SENT START, WAITING FOR FINISH 
105453:T589126_36:MACHINE DONE
105453:T589126_36:Error Code 0
105620:T589126_37:Machine Process.. START
105620:T589126_37:GOING TO SEND START
105620:T589126_37:SENT START, WAITING FOR FINISH 
105629:T589126_37:MACHINE DONE
105629:T589126_37:Error Code 0
105801:T589126_38:Machine Process.. START
105802:T589126_38:GOING TO SEND START
105802:T589126_38:SENT START, WAITING FOR FINISH 
105841:T589126_38:MACHINE DONE
105841:T589126_38:Error Code 0
110134:T589126_39:Machine Process.. START
110134:T589126_39:GOING TO SEND START
110134:T589126_39:SENT START, WAITING FOR FINISH 
110225:T589126_39:MACHINE DONE
110225:T589126_39:Error Code 0
110300:T589126_40:Machine Process.. START
110300:T589126_40:GOING TO SEND START
110300:T589126_40:SENT START, WAITING FOR FINISH 
110320:T589126_40:MACHINE DONE
110320:T589126_40:Error Code 0
110504:T510837_1:Machine Process.. START
110504:T510837_1:GOING TO SEND START
110504:T510837_1:SENT START, WAITING FOR FINISH 
110510:T510837_1:MACHINE DONE
110510:T510837_1:Error Code 0
110619:T510837_2:Machine Process.. START
110619:T510837_2:GOING TO SEND START
110619:T510837_2:SENT START, WAITING FOR FINISH 
110625:T510837_2:MACHINE DONE
110625:T510837_2:Error Code 0
110740:T510837_3:Machine Process.. START
110740:T510837_3:GOING TO SEND START
110740:T510837_3:SENT START, WAITING FOR FINISH 
110813:T510837_3:MACHINE DONE
110813:T510837_3:Error Code 0
111101:T510837_4:Machine Process.. START
111101:T510837_4:GOING TO SEND START
111101:T510837_4:SENT START, WAITING FOR FINISH 
111145:T510837_4:MACHINE DONE
111145:T510837_4:Error Code 0
111221:T510837_5:Machine Process.. START
111222:T510837_5:GOING TO SEND START
111222:T510837_5:SENT START, WAITING FOR FINISH 
111251:T510837_5:MACHINE DONE
111251:T510837_5:Error Code 0
111341:T510837_6:Machine Process.. START
111342:T510837_6:GOING TO SEND START
111342:T510837_6:SENT START, WAITING FOR FINISH 
111412:T510837_6:MACHINE DONE
111412:T510837_6:Error Code 0
111612:T510837_7:Machine Process.. START
111612:T510837_7:GOING TO SEND START
111612:T510837_7:SENT START, WAITING FOR FINISH 
111623:T510837_7:MACHINE DONE
111623:T510837_7:Error Code 0
111803:T510837_8:Machine Process.. START
111803:T510837_8:GOING TO SEND START
111804:T510837_8:SENT START, WAITING FOR FINISH 
111809:T510837_8:MACHINE DONE
111809:T510837_8:Error Code 0
112053:T510837_9:Machine Process.. START
112054:T510837_9:GOING TO SEND START
112054:T510837_9:SENT START, WAITING FOR FINISH 
112130:T510837_9:MACHINE DONE
112131:T510837_9:Error Code 0
112235:T510837_10:Machine Process.. START
112236:T510837_10:GOING TO SEND START
112236:T510837_10:SENT START, WAITING FOR FINISH 
112310:T510837_10:MACHINE DONE
112310:T510837_10:Error Code 0
112438:T510837_11:Machine Process.. START
112438:T510837_11:GOING TO SEND START
112439:T510837_11:SENT START, WAITING FOR FINISH 
112513:T510837_11:MACHINE DONE
112513:T510837_11:Error Code 0
112609:T510837_12:Machine Process.. START
112609:T510837_12:GOING TO SEND START
112610:T510837_12:SENT START, WAITING FOR FINISH 
112648:T510837_12:MACHINE DONE
112648:T510837_12:Error Code 0
112756:T510837_13:Machine Process.. START
112757:T510837_13:GOING TO SEND START
112757:T510837_13:SENT START, WAITING FOR FINISH 
112835:T510837_13:MACHINE DONE
112835:T510837_13:Error Code 0
113109:T510837_14:Machine Process.. START
113109:T510837_14:GOING TO SEND START
113110:T510837_14:SENT START, WAITING FOR FINISH 
113156:T510837_14:MACHINE DONE
113156:T510837_14:Error Code 0
113338:T510837_15:Machine Process.. START
113338:T510837_15:GOING TO SEND START
113338:T510837_15:SENT START, WAITING FOR FINISH 
113407:T510837_15:MACHINE DONE
113407:T510837_15:Error Code 0
113449:T510837_16:Machine Process.. START
113449:T510837_16:GOING TO SEND START
113450:T510837_16:SENT START, WAITING FOR FINISH 
113553:T510837_16:MACHINE DONE
113554:T510837_16:Error Code 0
113635:T510837_17:Machine Process.. START
113635:T510837_17:GOING TO SEND START
113636:T510837_17:SENT START, WAITING FOR FINISH 
113744:T510837_17:MACHINE DONE
113744:T510837_17:Error Code 0
113821:T510837_18:Machine Process.. START
113821:T510837_18:GOING TO SEND START
113821:T510837_18:SENT START, WAITING FOR FINISH 
113925:T510837_18:MACHINE DONE
113925:T510837_18:Error Code 0
114007:T510837_19:Machine Process.. START
114007:T510837_19:GOING TO SEND START
114007:T510837_19:SENT START, WAITING FOR FINISH 
114055:T510837_19:MACHINE DONE
114055:T510837_19:Error Code 0
114157:T510837_20:Machine Process.. START
114158:T510837_20:GOING TO SEND START
114158:T510837_20:SENT START, WAITING FOR FINISH 
114253:T510837_20:MACHINE DONE
114253:T510837_20:Error Code 0
114340:T510837_21:Machine Process.. START
114340:T510837_21:GOING TO SEND START
114340:T510837_21:SENT START, WAITING FOR FINISH 
114416:T510837_21:MACHINE DONE
114416:T510837_21:Error Code 0
114515:T510837_22:Machine Process.. START
114515:T510837_22:GOING TO SEND START
114515:T510837_22:SENT START, WAITING FOR FINISH 
114611:T510837_22:MACHINE DONE
114611:T510837_22:Error Code 0
114656:T510837_23:Machine Process.. START
114656:T510837_23:GOING TO SEND START
114656:T510837_23:SENT START, WAITING FOR FINISH 
114746:T510837_23:MACHINE DONE
114746:T510837_23:Error Code 0
114844:T510837_24:Machine Process.. START
114845:T510837_24:GOING TO SEND START
114845:T510837_24:SENT START, WAITING FOR FINISH 
114926:T510837_24:MACHINE DONE
114926:T510837_24:Error Code 0
115211:T510837_25:Machine Process.. START
115212:T510837_25:GOING TO SEND START
115212:T510837_25:SENT START, WAITING FOR FINISH 
130212:T510837_25:MACHINE DONE
130212:T510837_25:Error Code 0
130557:T510837_26:Machine Process.. START
130558:T510837_26:GOING TO SEND START
130558:T510837_26:SENT START, WAITING FOR FINISH 
130640:T510837_26:MACHINE DONE
130641:T510837_26:Error Code 0
130818:T510837_27:Machine Process.. START
130819:T510837_27:GOING TO SEND START
130819:T510837_27:SENT START, WAITING FOR FINISH 
131148:T510837_27:MACHINE DONE
131148:T510837_27:Error Code 0
131459:T510837_28:Machine Process.. START
131500:T510837_28:GOING TO SEND START
131500:T510837_28:SENT START, WAITING FOR FINISH 
131755:T510837_28:MACHINE DONE
131755:T510837_28:Error Code 0
131835:T510837_29:Machine Process.. START
131835:T510837_29:GOING TO SEND START
131835:T510837_29:SENT START, WAITING FOR FINISH 
131948:T510837_29:MACHINE DONE
131948:T510837_29:Error Code 0
132027:T510837_30:Machine Process.. START
132027:T510837_30:GOING TO SEND START
132027:T510837_30:SENT START, WAITING FOR FINISH 
132127:T510837_30:MACHINE DONE
132127:T510837_30:Error Code 0
132206:T510837_31:Machine Process.. START
132206:T510837_31:GOING TO SEND START
132207:T510837_31:SENT START, WAITING FOR FINISH 
132213:T510837_31:MACHINE DONE
132213:T510837_31:Error Code 0
132325:T510837_32:Machine Process.. START
132326:T510837_32:GOING TO SEND START
132326:T510837_32:SENT START, WAITING FOR FINISH 
132332:T510837_32:MACHINE DONE
132332:T510837_32:Error Code 0
132519:T510837_33:Machine Process.. START
132519:T510837_33:GOING TO SEND START
132519:T510837_33:SENT START, WAITING FOR FINISH 
132715:T510837_33:MACHINE DONE
132715:T510837_33:Error Code 0
132755:T510837_34:Machine Process.. START
132755:T510837_34:GOING TO SEND START
132755:T510837_34:SENT START, WAITING FOR FINISH 
132845:T510837_34:MACHINE DONE
132845:T510837_34:Error Code 0
132953:T510837_35:Machine Process.. START
132954:T510837_35:GOING TO SEND START
132954:T510837_35:SENT START, WAITING FOR FINISH 
133159:T510837_35:MACHINE DONE
133159:T510837_35:Error Code 0
133241:T510837_36:Machine Process.. START
133242:T510837_36:GOING TO SEND START
133242:T510837_36:SENT START, WAITING FOR FINISH 
133255:T510837_36:MACHINE DONE
133256:T510837_36:Error Code 0
133504:T510837_37:Machine Process.. START
133505:T510837_37:GOING TO SEND START
133505:T510837_37:SENT START, WAITING FOR FINISH 
133543:T510837_37:MACHINE DONE
133543:T510837_37:Error Code 0
133650:T510837_38:Machine Process.. START
133650:T510837_38:GOING TO SEND START
133650:T510837_38:SENT START, WAITING FOR FINISH 
133726:T510837_38:MACHINE DONE
133726:T510837_38:Error Code 0
133849:T510837_39:Machine Process.. START
133849:T510837_39:GOING TO SEND START
133849:T510837_39:SENT START, WAITING FOR FINISH 
133935:T510837_39:MACHINE DONE
133935:T510837_39:Error Code 0
134243:T510837_40:Machine Process.. START
134244:T510837_40:GOING TO SEND START
134244:T510837_40:SENT START, WAITING FOR FINISH 
134336:T510837_40:MACHINE DONE
134336:T510837_40:Error Code 0
134440:T510837_41:Machine Process.. START
134441:T510837_41:GOING TO SEND START
134441:T510837_41:SENT START, WAITING FOR FINISH 
134533:T510837_41:MACHINE DONE
134533:T510837_41:Error Code 0
134657:T510837_42:Machine Process.. START
134657:T510837_42:GOING TO SEND START
134658:T510837_42:SENT START, WAITING FOR FINISH 
134746:T510837_42:MACHINE DONE
134746:T510837_42:Error Code 0
134858:T510837_43:Machine Process.. START
134858:T510837_43:GOING TO SEND START
134858:T510837_43:SENT START, WAITING FOR FINISH 
134931:T510837_43:MACHINE DONE
134931:T510837_43:Error Code 0
135044:T510837_44:Machine Process.. START
135045:T510837_44:GOING TO SEND START
135045:T510837_44:SENT START, WAITING FOR FINISH 
135119:T510837_44:MACHINE DONE
135119:T510837_44:Error Code 0
135246:T510837_45:Machine Process.. START
135246:T510837_45:GOING TO SEND START
135246:T510837_45:SENT START, WAITING FOR FINISH 
135318:T510837_45:MACHINE DONE
135318:T510837_45:Error Code 0
135356:T510837_46:Machine Process.. START
135356:T510837_46:GOING TO SEND START
135357:T510837_46:SENT START, WAITING FOR FINISH 
135432:T510837_46:MACHINE DONE
135432:T510837_46:Error Code 0
135543:T510837_47:Machine Process.. START
135544:T510837_47:GOING TO SEND START
135544:T510837_47:SENT START, WAITING FOR FINISH 
135617:T510837_47:MACHINE DONE
135617:T510837_47:Error Code 0
135722:T510837_48:Machine Process.. START
135723:T510837_48:GOING TO SEND START
135723:T510837_48:SENT START, WAITING FOR FINISH 
135801:T510837_48:MACHINE DONE
135801:T510837_48:Error Code 0
140021:T510837_49:Machine Process.. START
140022:T510837_49:GOING TO SEND START
140022:T510837_49:SENT START, WAITING FOR FINISH 
140032:T510837_49:MACHINE DONE
140032:T510837_49:Error Code 0
140122:T510837_50:Machine Process.. START
140122:T510837_50:GOING TO SEND START
140122:T510837_50:SENT START, WAITING FOR FINISH 
140211:T510837_50:MACHINE DONE
140211:T510837_50:Error Code 0
140329:T510837_51:Machine Process.. START
140330:T510837_51:GOING TO SEND START
140330:T510837_51:SENT START, WAITING FOR FINISH 
140359:T510837_51:MACHINE DONE
140359:T510837_51:Error Code 0
140526:T510837_52:Machine Process.. START
140526:T510837_52:GOING TO SEND START
140526:T510837_52:SENT START, WAITING FOR FINISH 
140605:T510837_52:MACHINE DONE
140605:T510837_52:Error Code 0
140647:T510837_53:Machine Process.. START
140647:T510837_53:GOING TO SEND START
140647:T510837_53:SENT START, WAITING FOR FINISH 
140735:T510837_53:MACHINE DONE
140735:T510837_53:Error Code 0
140920:T510837_54:Machine Process.. START
140921:T510837_54:GOING TO SEND START
140921:T510837_54:SENT START, WAITING FOR FINISH 
140953:T510837_54:MACHINE DONE
140953:T510837_54:Error Code 0
141116:T510837_55:Machine Process.. START
141116:T510837_55:GOING TO SEND START
141117:T510837_55:SENT START, WAITING FOR FINISH 
141211:T510837_55:MACHINE DONE
141211:T510837_55:Error Code 0
141256:T510837_56:Machine Process.. START
141257:T510837_56:GOING TO SEND START
141257:T510837_56:SENT START, WAITING FOR FINISH 
141403:T510837_56:MACHINE DONE
141404:T510837_56:Error Code 0
141448:T510837_57:Machine Process.. START
141448:T510837_57:GOING TO SEND START
141449:T510837_57:SENT START, WAITING FOR FINISH 
141546:T510837_57:MACHINE DONE
141546:T510837_57:Error Code 0
141641:T510837_58:Machine Process.. START
141641:T510837_58:GOING TO SEND START
141641:T510837_58:SENT START, WAITING FOR FINISH 
141723:T510837_58:MACHINE DONE
141723:T510837_58:Error Code 0
141816:T510837_59:Machine Process.. START
141817:T510837_59:GOING TO SEND START
141817:T510837_59:SENT START, WAITING FOR FINISH 
141932:T510837_59:MACHINE DONE
141933:T510837_59:Error Code 0
142015:T510837_60:Machine Process.. START
142015:T510837_60:GOING TO SEND START
142016:T510837_60:SENT START, WAITING FOR FINISH 
142107:T510837_60:MACHINE DONE
142107:T510837_60:Error Code 0
142157:T510837_61:Machine Process.. START
142157:T510837_61:GOING TO SEND START
142157:T510837_61:SENT START, WAITING FOR FINISH 
142248:T510837_61:MACHINE DONE
142248:T510837_61:Error Code 0
142328:T510837_62:Machine Process.. START
142328:T510837_62:GOING TO SEND START
142328:T510837_62:SENT START, WAITING FOR FINISH 
142422:T510837_62:MACHINE DONE
142422:T510837_62:Error Code 0
142512:T510837_63:Machine Process.. START
142512:T510837_63:GOING TO SEND START
142513:T510837_63:SENT START, WAITING FOR FINISH 
142611:T510837_63:MACHINE DONE
142611:T510837_63:Error Code 0
142720:T510837_64:Machine Process.. START
142720:T510837_64:GOING TO SEND START
142721:T510837_64:SENT START, WAITING FOR FINISH 
143313:T510837_64:MACHINE DONE
143313:T510837_64:Error Code 0
143355:T510837_65:Machine Process.. START
143355:T510837_65:GOING TO SEND START
143356:T510837_65:SENT START, WAITING FOR FINISH 
143453:T510837_65:MACHINE DONE
143453:T510837_65:Error Code 0
143534:T510837_66:Machine Process.. START
143534:T510837_66:GOING TO SEND START
143535:T510837_66:SENT START, WAITING FOR FINISH 
143614:T510837_66:MACHINE DONE
143615:T510837_66:Error Code 0
143653:T510837_67:Machine Process.. START
143653:T510837_67:GOING TO SEND START
143654:T510837_67:SENT START, WAITING FOR FINISH 
143746:T510837_67:MACHINE DONE
143746:T510837_67:Error Code 0
143834:T510837_68:Machine Process.. START
143834:T510837_68:GOING TO SEND START
143834:T510837_68:SENT START, WAITING FOR FINISH 
143852:T510837_68:MACHINE DONE
143852:T510837_68:Error Code 0
144039:T510837_69:Machine Process.. START
144040:T510837_69:GOING TO SEND START
144040:T510837_69:SENT START, WAITING FOR FINISH 
144051:T510837_69:MACHINE DONE
144051:T510837_69:Error Code 0
144217:T510837_70:Machine Process.. START
144217:T510837_70:GOING TO SEND START
144218:T510837_70:SENT START, WAITING FOR FINISH 
144335:T510837_70:MACHINE DONE
144335:T510837_70:Error Code 0
144417:T510837_71:Machine Process.. START
144418:T510837_71:GOING TO SEND START
144418:T510837_71:SENT START, WAITING FOR FINISH 
144512:T510837_71:MACHINE DONE
144512:T510837_71:Error Code 0
144548:T510837_72:Machine Process.. START
144549:T510837_72:GOING TO SEND START
144549:T510837_72:SENT START, WAITING FOR FINISH 
144557:T510837_72:MACHINE DONE
144557:T510837_72:Error Code 0
144656:T510837_73:Machine Process.. START
144657:T510837_73:GOING TO SEND START
144657:T510837_73:SENT START, WAITING FOR FINISH 
144744:T510837_73:MACHINE DONE
144744:T510837_73:Error Code 0
145000:T510837_74:Machine Process.. START
145001:T510837_74:GOING TO SEND START
145001:T510837_74:SENT START, WAITING FOR FINISH 
145008:T510837_74:MACHINE DONE
145008:T510837_74:Error Code 0
145133:T510837_75:Machine Process.. START
145134:T510837_75:GOING TO SEND START
145134:T510837_75:SENT START, WAITING FOR FINISH 
145139:T510837_75:MACHINE DONE
145139:T510837_75:Error Code 0
145319:T510837_76:Machine Process.. START
145319:T510837_76:GOING TO SEND START
145320:T510837_76:SENT START, WAITING FOR FINISH 
145433:T510837_76:MACHINE DONE
145433:T510837_76:Error Code 0
145535:T510837_77:Machine Process.. START
145535:T510837_77:GOING TO SEND START
145536:T510837_77:SENT START, WAITING FOR FINISH 
145624:T510837_77:MACHINE DONE
145624:T510837_77:Error Code 0
151251:T510837_78:Machine Process.. START
151251:T510837_78:GOING TO SEND START
151251:T510837_78:SENT START, WAITING FOR FINISH 
151441:T510837_78:MACHINE DONE
151441:T510837_78:Error Code 0
151525:T510837_79:Machine Process.. START
151525:T510837_79:GOING TO SEND START
151525:T510837_79:SENT START, WAITING FOR FINISH 
151627:T510837_79:MACHINE DONE
151627:T510837_79:Error Code 0
151707:T510837_80:Machine Process.. START
151707:T510837_80:GOING TO SEND START
151708:T510837_80:SENT START, WAITING FOR FINISH 
151813:T510837_80:MACHINE DONE
151813:T510837_80:Error Code 0
151853:T510837_81:Machine Process.. START
151854:T510837_81:GOING TO SEND START
151854:T510837_81:SENT START, WAITING FOR FINISH 
151955:T510837_81:MACHINE DONE
151955:T510837_81:Error Code 0
152035:T510837_82:Machine Process.. START
152035:T510837_82:GOING TO SEND START
152036:T510837_82:SENT START, WAITING FOR FINISH 
152130:T510837_82:MACHINE DONE
152131:T510837_82:Error Code 0
152211:T510837_83:Machine Process.. START
152211:T510837_83:GOING TO SEND START
152212:T510837_83:SENT START, WAITING FOR FINISH 
152319:T510837_83:MACHINE DONE
152320:T510837_83:Error Code 0
152401:T510837_84:Machine Process.. START
152401:T510837_84:GOING TO SEND START
152402:T510837_84:SENT START, WAITING FOR FINISH 
152515:T510837_84:MACHINE DONE
152515:T510837_84:Error Code 0
152553:T510837_85:Machine Process.. START
152554:T510837_85:GOING TO SEND START
152554:T510837_85:SENT START, WAITING FOR FINISH 
152653:T510837_85:MACHINE DONE
152653:T510837_85:Error Code 0
152732:T510837_86:Machine Process.. START
152733:T510837_86:GOING TO SEND START
152733:T510837_86:SENT START, WAITING FOR FINISH 
152829:T510837_86:MACHINE DONE
152829:T510837_86:Error Code 0
152910:T510837_87:Machine Process.. START
152910:T510837_87:GOING TO SEND START
152910:T510837_87:SENT START, WAITING FOR FINISH 
153023:T510837_87:MACHINE DONE
153023:T510837_87:Error Code 0
153111:T510837_88:Machine Process.. START
153111:T510837_88:GOING TO SEND START
153111:T510837_88:SENT START, WAITING FOR FINISH 
153210:T510837_88:MACHINE DONE
153211:T510837_88:Error Code 0
153251:T510837_89:Machine Process.. START
153252:T510837_89:GOING TO SEND START
153252:T510837_89:SENT START, WAITING FOR FINISH 
153347:T510837_89:MACHINE DONE
153347:T510837_89:Error Code 0
153432:T510837_90:Machine Process.. START
153432:T510837_90:GOING TO SEND START
153433:T510837_90:SENT START, WAITING FOR FINISH 
153535:T510837_90:MACHINE DONE
153535:T510837_90:Error Code 0
153615:T510837_91:Machine Process.. START
153616:T510837_91:GOING TO SEND START
153616:T510837_91:SENT START, WAITING FOR FINISH 
153714:T510837_91:MACHINE DONE
153714:T510837_91:Error Code 0
153833:T510837_92:Machine Process.. START
153833:T510837_92:GOING TO SEND START
153833:T510837_92:SENT START, WAITING FOR FINISH 
153919:T510837_92:MACHINE DONE
153919:T510837_92:Error Code 0
154027:T510837_93:Machine Process.. START
154027:T510837_93:GOING TO SEND START
154028:T510837_93:SENT START, WAITING FOR FINISH 
154104:T510837_93:MACHINE DONE
154105:T510837_93:Error Code 0
154159:T510837_94:Machine Process.. START
154200:T510837_94:GOING TO SEND START
154200:T510837_94:SENT START, WAITING FOR FINISH 
154240:T510837_94:MACHINE DONE
154240:T510837_94:Error Code 0
154337:T510837_95:Machine Process.. START
154338:T510837_95:GOING TO SEND START
154338:T510837_95:SENT START, WAITING FOR FINISH 
154432:T510837_95:MACHINE DONE
154432:T510837_95:Error Code 0
154524:T510837_96:Machine Process.. START
154524:T510837_96:GOING TO SEND START
154524:T510837_96:SENT START, WAITING FOR FINISH 
154609:T510837_96:MACHINE DONE
154609:T510837_96:Error Code 0
154700:T510837_97:Machine Process.. START
154700:T510837_97:GOING TO SEND START
154700:T510837_97:SENT START, WAITING FOR FINISH 
154746:T510837_97:MACHINE DONE
154746:T510837_97:Error Code 0
154844:T510837_98:Machine Process.. START
154844:T510837_98:GOING TO SEND START
154845:T510837_98:SENT START, WAITING FOR FINISH 
154927:T510837_98:MACHINE DONE
154927:T510837_98:Error Code 0
155024:T510837_99:Machine Process.. START
155024:T510837_99:GOING TO SEND START
155024:T510837_99:SENT START, WAITING FOR FINISH 
155115:T510837_99:MACHINE DONE
155115:T510837_99:Error Code 0
155202:T510837_100:Machine Process.. START
155202:T510837_100:GOING TO SEND START
155203:T510837_100:SENT START, WAITING FOR FINISH 
155250:T510837_100:MACHINE DONE
155250:T510837_100:Error Code 0
155425:T510837_101:Machine Process.. START
155425:T510837_101:GOING TO SEND START
155426:T510837_101:SENT START, WAITING FOR FINISH 
160150:T510837_101:MACHINE DONE
160150:T510837_101:Error Code 0
