115350:T589126_2:Machine Process.. START
115350:T589126_2:GOING TO SEND START
115350:T589126_2:SENT START, WAITING FOR FINISH 
115358:T589126_2:MACHINE DONE
115358:T589126_2:Error Code 0
135308:T510837_1:Machine Process.. START
135308:T510837_1:GOING TO SEND START
135309:T510837_1:SENT START, WAITING FOR FINISH 
135312:T510837_1:MACHINE DONE
135312:T510837_1:Error Code 0
135416:T510837_2:Machine Process.. START
135416:T510837_2:GOING TO SEND START
135416:T510837_2:SENT START, WAITING FOR FINISH 
135418:T510837_2:MACHINE DONE
135418:T510837_2:Error Code 0
135438:T510837_3:Machine Process.. START
135438:T510837_3:GOING TO SEND START
135439:T510837_3:SENT START, WAITING FOR FINISH 
135440:T510837_3:MACHINE DONE
135440:T510837_3:Error Code 0
135601:T510837_4:Machine Process.. START
135601:T510837_4:GOING TO SEND START
135602:T510837_4:SENT START, WAITING FOR FINISH 
135604:T510837_4:MACHINE DONE
135604:T510837_4:Error Code 0
135644:T510837_5:Machine Process.. START
135644:T510837_5:GOING TO SEND START
135644:T510837_5:SENT START, WAITING FOR FINISH 
135647:T510837_5:MACHINE DONE
135647:T510837_5:Error Code 0
135745:T510837_6:Machine Process.. START
135745:T510837_6:GOING TO SEND START
135746:T510837_6:SENT START, WAITING FOR FINISH 
135748:T510837_6:MACHINE DONE
135748:T510837_6:Error Code 0
135823:T510837_7:Machine Process.. START
135823:T510837_7:GOING TO SEND START
135824:T510837_7:SENT START, WAITING FOR FINISH 
135825:T510837_7:MACHINE DONE
135825:T510837_7:Error Code 0
135918:T510837_8:Machine Process.. START
135918:T510837_8:GOING TO SEND START
135918:T510837_8:SENT START, WAITING FOR FINISH 
135920:T510837_8:MACHINE DONE
135920:T510837_8:Error Code 0
140023:T510837_9:Machine Process.. START
140024:T510837_9:GOING TO SEND START
140024:T510837_9:SENT START, WAITING FOR FINISH 
140031:T510837_9:MACHINE DONE
140031:T510837_9:Error Code 0
140133:T510837_10:Machine Process.. START
140133:T510837_10:GOING TO SEND START
140134:T510837_10:SENT START, WAITING FOR FINISH 
140135:T510837_10:MACHINE DONE
140135:T510837_10:Error Code 0
140306:T510837_11:Machine Process.. START
140307:T510837_11:GOING TO SEND START
140307:T510837_11:SENT START, WAITING FOR FINISH 
140309:T510837_11:MACHINE DONE
140309:T510837_11:Error Code 0
140528:T510837_12:Machine Process.. START
140528:T510837_12:GOING TO SEND START
140529:T510837_12:SENT START, WAITING FOR FINISH 
140530:T510837_12:MACHINE DONE
140530:T510837_12:Error Code 0
140622:T510837_13:Machine Process.. START
140622:T510837_13:GOING TO SEND START
140622:T510837_13:SENT START, WAITING FOR FINISH 
140625:T510837_13:MACHINE DONE
140625:T510837_13:Error Code 0
140722:T510837_14:Machine Process.. START
140722:T510837_14:GOING TO SEND START
140722:T510837_14:SENT START, WAITING FOR FINISH 
140724:T510837_14:MACHINE DONE
140724:T510837_14:Error Code 0
141032:T510837_15:Machine Process.. START
141032:T510837_15:GOING TO SEND START
141032:T510837_15:SENT START, WAITING FOR FINISH 
141035:T510837_15:MACHINE DONE
141035:T510837_15:Error Code 0
141127:T510837_16:Machine Process.. START
141127:T510837_16:GOING TO SEND START
141127:T510837_16:SENT START, WAITING FOR FINISH 
141131:T510837_16:MACHINE DONE
141131:T510837_16:Error Code 0
141233:T510837_17:Machine Process.. START
141233:T510837_17:GOING TO SEND START
141234:T510837_17:SENT START, WAITING FOR FINISH 
141235:T510837_17:MACHINE DONE
141235:T510837_17:Error Code 0
141338:T510837_18:Machine Process.. START
141338:T510837_18:GOING TO SEND START
141339:T510837_18:SENT START, WAITING FOR FINISH 
141340:T510837_18:MACHINE DONE
141340:T510837_18:Error Code 0
141440:T510837_19:Machine Process.. START
141440:T510837_19:GOING TO SEND START
141441:T510837_19:SENT START, WAITING FOR FINISH 
141442:T510837_19:MACHINE DONE
141442:T510837_19:Error Code 0
141616:T510837_20:Machine Process.. START
141616:T510837_20:GOING TO SEND START
141616:T510837_20:SENT START, WAITING FOR FINISH 
141619:T510837_20:MACHINE DONE
141619:T510837_20:Error Code 0
141718:T510837_21:Machine Process.. START
141718:T510837_21:GOING TO SEND START
141719:T510837_21:SENT START, WAITING FOR FINISH 
141720:T510837_21:MACHINE DONE
141720:T510837_21:Error Code 0
141823:T510837_22:Machine Process.. START
141823:T510837_22:GOING TO SEND START
141824:T510837_22:SENT START, WAITING FOR FINISH 
141825:T510837_22:MACHINE DONE
141826:T510837_22:Error Code 0
141918:T510837_23:Machine Process.. START
141918:T510837_23:GOING TO SEND START
141918:T510837_23:SENT START, WAITING FOR FINISH 
141920:T510837_23:MACHINE DONE
141920:T510837_23:Error Code 0
142019:T510837_24:Machine Process.. START
142020:T510837_24:GOING TO SEND START
142020:T510837_24:SENT START, WAITING FOR FINISH 
142022:T510837_24:MACHINE DONE
142022:T510837_24:Error Code 0
142404:T510837_25:Machine Process.. START
142404:T510837_25:GOING TO SEND START
142405:T510837_25:SENT START, WAITING FOR FINISH 
142408:T510837_25:MACHINE DONE
142408:T510837_25:Error Code 0
142512:T510837_26:Machine Process.. START
142513:T510837_26:GOING TO SEND START
142513:T510837_26:SENT START, WAITING FOR FINISH 
142515:T510837_26:MACHINE DONE
142515:T510837_26:Error Code 0
142604:T510837_27:Machine Process.. START
142604:T510837_27:GOING TO SEND START
142604:T510837_27:SENT START, WAITING FOR FINISH 
142606:T510837_27:MACHINE DONE
142606:T510837_27:Error Code 0
142652:T510837_28:Machine Process.. START
142652:T510837_28:GOING TO SEND START
142652:T510837_28:SENT START, WAITING FOR FINISH 
142654:T510837_28:MACHINE DONE
142654:T510837_28:Error Code 0
142744:T510837_29:Machine Process.. START
142744:T510837_29:GOING TO SEND START
142744:T510837_29:SENT START, WAITING FOR FINISH 
142747:T510837_29:MACHINE DONE
142747:T510837_29:Error Code 0
142835:T510837_30:Machine Process.. START
142836:T510837_30:GOING TO SEND START
142836:T510837_30:SENT START, WAITING FOR FINISH 
142838:T510837_30:MACHINE DONE
142838:T510837_30:Error Code 0
143003:T510837_31:Machine Process.. START
143004:T510837_31:GOING TO SEND START
143004:T510837_31:SENT START, WAITING FOR FINISH 
143008:T510837_31:MACHINE DONE
143008:T510837_31:Error Code 0
143125:T510837_32:Machine Process.. START
143125:T510837_32:GOING TO SEND START
143126:T510837_32:SENT START, WAITING FOR FINISH 
143127:T510837_32:MACHINE DONE
143127:T510837_32:Error Code 0
143257:T510837_33:Machine Process.. START
143257:T510837_33:GOING TO SEND START
143258:T510837_33:SENT START, WAITING FOR FINISH 
143300:T510837_33:MACHINE DONE
143300:T510837_33:Error Code 0
143355:T510837_34:Machine Process.. START
143355:T510837_34:GOING TO SEND START
143356:T510837_34:SENT START, WAITING FOR FINISH 
143358:T510837_34:MACHINE DONE
143358:T510837_34:Error Code 0
143506:T510837_35:Machine Process.. START
143506:T510837_35:GOING TO SEND START
143507:T510837_35:SENT START, WAITING FOR FINISH 
143508:T510837_35:MACHINE DONE
143508:T510837_35:Error Code 0
143629:T510837_36:Machine Process.. START
143629:T510837_36:GOING TO SEND START
143629:T510837_36:SENT START, WAITING FOR FINISH 
143631:T510837_36:MACHINE DONE
143631:T510837_36:Error Code 0
143744:T510837_37:Machine Process.. START
143744:T510837_37:GOING TO SEND START
143744:T510837_37:SENT START, WAITING FOR FINISH 
143746:T510837_37:MACHINE DONE
143746:T510837_37:Error Code 0
143852:T510837_38:Machine Process.. START
143853:T510837_38:GOING TO SEND START
143853:T510837_38:SENT START, WAITING FOR FINISH 
143855:T510837_38:MACHINE DONE
143855:T510837_38:Error Code 0
144011:T510837_39:Machine Process.. START
144011:T510837_39:GOING TO SEND START
144012:T510837_39:SENT START, WAITING FOR FINISH 
144015:T510837_39:MACHINE DONE
144015:T510837_39:Error Code 0
144226:T510837_40:Machine Process.. START
144226:T510837_40:GOING TO SEND START
144227:T510837_40:SENT START, WAITING FOR FINISH 
144229:T510837_40:MACHINE DONE
144229:T510837_40:Error Code 0
144305:T510837_41:Machine Process.. START
144305:T510837_41:GOING TO SEND START
144305:T510837_41:SENT START, WAITING FOR FINISH 
144306:T510837_41:MACHINE DONE
144306:T510837_41:Error Code 0
144402:T510837_42:Machine Process.. START
144402:T510837_42:GOING TO SEND START
144402:T510837_42:SENT START, WAITING FOR FINISH 
144404:T510837_42:MACHINE DONE
144404:T510837_42:Error Code 0
144506:T510837_43:Machine Process.. START
144506:T510837_43:GOING TO SEND START
144507:T510837_43:SENT START, WAITING FOR FINISH 
144509:T510837_43:MACHINE DONE
144509:T510837_43:Error Code 0
144619:T510837_44:Machine Process.. START
144619:T510837_44:GOING TO SEND START
144619:T510837_44:SENT START, WAITING FOR FINISH 
144622:T510837_44:MACHINE DONE
144622:T510837_44:Error Code 0
144733:T510837_45:Machine Process.. START
144733:T510837_45:GOING TO SEND START
144733:T510837_45:SENT START, WAITING FOR FINISH 
144735:T510837_45:MACHINE DONE
144735:T510837_45:Error Code 0
144844:T510837_46:Machine Process.. START
144844:T510837_46:GOING TO SEND START
144845:T510837_46:SENT START, WAITING FOR FINISH 
144846:T510837_46:MACHINE DONE
144846:T510837_46:Error Code 0
145104:T510837_47:Machine Process.. START
145104:T510837_47:GOING TO SEND START
145104:T510837_47:SENT START, WAITING FOR FINISH 
145106:T510837_47:MACHINE DONE
145106:T510837_47:Error Code 0
145123:T510837_48:Machine Process.. START
145123:T510837_48:GOING TO SEND START
145123:T510837_48:SENT START, WAITING FOR FINISH 
145125:T510837_48:MACHINE DONE
145125:T510837_48:Error Code 0
145235:T510837_49:Machine Process.. START
145235:T510837_49:GOING TO SEND START
145235:T510837_49:SENT START, WAITING FOR FINISH 
145237:T510837_49:MACHINE DONE
145237:T510837_49:Error Code 0
145322:T510837_50:Machine Process.. START
145322:T510837_50:GOING TO SEND START
145323:T510837_50:SENT START, WAITING FOR FINISH 
145324:T510837_50:MACHINE DONE
145324:T510837_50:Error Code 0
145421:T510837_51:Machine Process.. START
145421:T510837_51:GOING TO SEND START
145421:T510837_51:SENT START, WAITING FOR FINISH 
145423:T510837_51:MACHINE DONE
145423:T510837_51:Error Code 0
