115539:T589126_2:Machine Process.. START
115540:T589126_2:GOING TO SEND START
115540:T589126_2:SENT START, WAITING FOR FINISH 
115702:T589126_2:MACHINE DONE
115702:T589126_2:Error Code 0
135332:T510837_1:Machine Process.. START
135332:T510837_1:GOING TO SEND START
135333:T510837_1:SENT START, WAITING FOR FINISH 
135439:T510837_1:MACHINE DONE
135439:T510837_1:Error Code 0
135446:T510837_2:Machine Process.. START
135447:T510837_2:GOING TO SEND START
135447:T510837_2:SENT START, WAITING FOR FINISH 
135552:T510837_2:MACHINE DONE
135552:T510837_2:Error Code 0
135554:T510837_3:Machine Process.. START
135554:T510837_3:GOING TO SEND START
135554:T510837_3:SENT START, WAITING FOR FINISH 
135656:T510837_3:MACHINE DONE
135656:T510837_3:Error Code 0
135658:T510837_4:Machine Process.. START
135659:T510837_4:GOING TO SEND START
135659:T510837_4:SENT START, WAITING FOR FINISH 
135805:T510837_4:MACHINE DONE
135805:T510837_4:Error Code 0
135808:T510837_5:Machine Process.. START
135808:T510837_5:GOING TO SEND START
135809:T510837_5:SENT START, WAITING FOR FINISH 
135901:T510837_5:MACHINE DONE
135901:T510837_5:Error Code 0
135904:T510837_6:Machine Process.. START
135904:T510837_6:GOING TO SEND START
135905:T510837_6:SENT START, WAITING FOR FINISH 
140000:T510837_6:MACHINE DONE
140000:T510837_6:Error Code 0
140006:T510837_7:Machine Process.. START
140006:T510837_7:GOING TO SEND START
140006:T510837_7:SENT START, WAITING FOR FINISH 
140121:T510837_7:MACHINE DONE
140121:T510837_7:Error Code 0
140124:T510837_8:Machine Process.. START
140124:T510837_8:GOING TO SEND START
140124:T510837_8:SENT START, WAITING FOR FINISH 
140128:T510837_8:MACHINE DONE
140128:T510837_8:Error Code 0
140252:T510837_9:Machine Process.. START
140253:T510837_9:GOING TO SEND START
140253:T510837_9:SENT START, WAITING FOR FINISH 
140512:T510837_9:MACHINE DONE
140512:T510837_9:Error Code 0
140518:T510837_10:Machine Process.. START
140519:T510837_10:GOING TO SEND START
140519:T510837_10:SENT START, WAITING FOR FINISH 
140609:T510837_10:MACHINE DONE
140609:T510837_10:Error Code 0
140612:T510837_11:Machine Process.. START
140612:T510837_11:GOING TO SEND START
140613:T510837_11:SENT START, WAITING FOR FINISH 
140709:T510837_11:MACHINE DONE
140709:T510837_11:Error Code 0
140713:T510837_12:Machine Process.. START
140714:T510837_12:GOING TO SEND START
140714:T510837_12:SENT START, WAITING FOR FINISH 
140719:T510837_12:MACHINE DONE
140719:T510837_12:Error Code 0
141019:T510837_13:Machine Process.. START
141019:T510837_13:GOING TO SEND START
141019:T510837_13:SENT START, WAITING FOR FINISH 
141107:T510837_13:MACHINE DONE
141107:T510837_13:Error Code 0
141115:T510837_14:Machine Process.. START
141115:T510837_14:GOING TO SEND START
141115:T510837_14:SENT START, WAITING FOR FINISH 
141215:T510837_14:MACHINE DONE
141215:T510837_14:Error Code 0
141223:T510837_15:Machine Process.. START
141223:T510837_15:GOING TO SEND START
141223:T510837_15:SENT START, WAITING FOR FINISH 
141330:T510837_15:MACHINE DONE
141330:T510837_15:Error Code 0
141333:T510837_16:Machine Process.. START
141333:T510837_16:GOING TO SEND START
141333:T510837_16:SENT START, WAITING FOR FINISH 
141430:T510837_16:MACHINE DONE
141430:T510837_16:Error Code 0
141433:T510837_17:Machine Process.. START
141433:T510837_17:GOING TO SEND START
141434:T510837_17:SENT START, WAITING FOR FINISH 
141603:T510837_17:MACHINE DONE
141603:T510837_17:Error Code 0
141605:T510837_18:Machine Process.. START
141605:T510837_18:GOING TO SEND START
141605:T510837_18:SENT START, WAITING FOR FINISH 
141709:T510837_18:MACHINE DONE
141709:T510837_18:Error Code 0
141712:T510837_19:Machine Process.. START
141712:T510837_19:GOING TO SEND START
141713:T510837_19:SENT START, WAITING FOR FINISH 
141811:T510837_19:MACHINE DONE
141811:T510837_19:Error Code 0
141814:T510837_20:Machine Process.. START
141814:T510837_20:GOING TO SEND START
141815:T510837_20:SENT START, WAITING FOR FINISH 
141907:T510837_20:MACHINE DONE
141907:T510837_20:Error Code 0
141910:T510837_21:Machine Process.. START
141910:T510837_21:GOING TO SEND START
141910:T510837_21:SENT START, WAITING FOR FINISH 
142007:T510837_21:MACHINE DONE
142007:T510837_21:Error Code 0
142009:T510837_22:Machine Process.. START
142010:T510837_22:GOING TO SEND START
142010:T510837_22:SENT START, WAITING FOR FINISH 
142106:T510837_22:MACHINE DONE
142106:T510837_22:Error Code 0
142109:T510837_23:Machine Process.. START
142109:T510837_23:GOING TO SEND START
142109:T510837_23:SENT START, WAITING FOR FINISH 
142202:T510837_23:MACHINE DONE
142202:T510837_23:Error Code 0
142213:T510837_24:Machine Process.. START
142214:T510837_24:GOING TO SEND START
142214:T510837_24:SENT START, WAITING FOR FINISH 
142335:T510837_24:MACHINE DONE
142335:T510837_24:Error Code 0
142436:T510837_25:Machine Process.. START
142436:T510837_25:GOING TO SEND START
142437:T510837_25:SENT START, WAITING FOR FINISH 
142543:T510837_25:MACHINE DONE
142543:T510837_25:Error Code 0
142546:T510837_26:Machine Process.. START
142546:T510837_26:GOING TO SEND START
142546:T510837_26:SENT START, WAITING FOR FINISH 
142705:T510837_26:MACHINE DONE
142705:T510837_26:Error Code 0
142707:T510837_27:Machine Process.. START
142708:T510837_27:GOING TO SEND START
142708:T510837_27:SENT START, WAITING FOR FINISH 
142827:T510837_27:MACHINE DONE
142827:T510837_27:Error Code 0
142829:T510837_28:Machine Process.. START
142830:T510837_28:GOING TO SEND START
142830:T510837_28:SENT START, WAITING FOR FINISH 
142934:T510837_28:MACHINE DONE
142934:T510837_28:Error Code 0
142954:T510837_29:Machine Process.. START
142955:T510837_29:GOING TO SEND START
142955:T510837_29:SENT START, WAITING FOR FINISH 
143108:T510837_29:MACHINE DONE
143108:T510837_29:Error Code 0
143120:T510837_30:Machine Process.. START
143120:T510837_30:GOING TO SEND START
143120:T510837_30:SENT START, WAITING FOR FINISH 
143245:T510837_30:MACHINE DONE
143245:T510837_30:Error Code 0
143247:T510837_31:Machine Process.. START
143248:T510837_31:GOING TO SEND START
143248:T510837_31:SENT START, WAITING FOR FINISH 
143343:T510837_31:MACHINE DONE
143343:T510837_31:Error Code 0
143348:T510837_32:Machine Process.. START
143348:T510837_32:GOING TO SEND START
143349:T510837_32:SENT START, WAITING FOR FINISH 
143438:T510837_32:MACHINE DONE
143438:T510837_32:Error Code 0
143500:T510837_33:Machine Process.. START
143500:T510837_33:GOING TO SEND START
143501:T510837_33:SENT START, WAITING FOR FINISH 
143555:T510837_33:MACHINE DONE
143555:T510837_33:Error Code 0
143620:T510837_34:Machine Process.. START
143620:T510837_34:GOING TO SEND START
143620:T510837_34:SENT START, WAITING FOR FINISH 
143719:T510837_34:MACHINE DONE
143719:T510837_34:Error Code 0
143734:T510837_35:Machine Process.. START
143734:T510837_35:GOING TO SEND START
143734:T510837_35:SENT START, WAITING FOR FINISH 
143826:T510837_35:MACHINE DONE
143826:T510837_35:Error Code 0
143845:T510837_36:Machine Process.. START
143845:T510837_36:GOING TO SEND START
143846:T510837_36:SENT START, WAITING FOR FINISH 
143936:T510837_36:MACHINE DONE
143936:T510837_36:Error Code 0
144005:T510837_37:Machine Process.. START
144005:T510837_37:GOING TO SEND START
144005:T510837_37:SENT START, WAITING FOR FINISH 
144109:T510837_37:MACHINE DONE
144109:T510837_37:Error Code 0
144118:T510837_38:Machine Process.. START
144118:T510837_38:GOING TO SEND START
144119:T510837_38:SENT START, WAITING FOR FINISH 
144230:T510837_38:MACHINE DONE
144230:T510837_38:Error Code 0
144233:T510837_39:Machine Process.. START
144233:T510837_39:GOING TO SEND START
144233:T510837_39:SENT START, WAITING FOR FINISH 
144324:T510837_39:MACHINE DONE
144324:T510837_39:Error Code 0
144346:T510837_40:Machine Process.. START
144346:T510837_40:GOING TO SEND START
144347:T510837_40:SENT START, WAITING FOR FINISH 
144443:T510837_40:MACHINE DONE
144443:T510837_40:Error Code 0
144458:T510837_41:Machine Process.. START
144458:T510837_41:GOING TO SEND START
144459:T510837_41:SENT START, WAITING FOR FINISH 
144550:T510837_41:MACHINE DONE
144550:T510837_41:Error Code 0
144612:T510837_42:Machine Process.. START
144612:T510837_42:GOING TO SEND START
144612:T510837_42:SENT START, WAITING FOR FINISH 
144701:T510837_42:MACHINE DONE
144701:T510837_42:Error Code 0
144727:T510837_43:Machine Process.. START
144727:T510837_43:GOING TO SEND START
144727:T510837_43:SENT START, WAITING FOR FINISH 
144814:T510837_43:MACHINE DONE
144814:T510837_43:Error Code 0
144839:T510837_44:Machine Process.. START
144839:T510837_44:GOING TO SEND START
144839:T510837_44:SENT START, WAITING FOR FINISH 
144927:T510837_44:MACHINE DONE
144927:T510837_44:Error Code 0
144958:T510837_45:Machine Process.. START
144958:T510837_45:GOING TO SEND START
144958:T510837_45:SENT START, WAITING FOR FINISH 
145011:T510837_45:MACHINE DONE
145011:T510837_45:Error Code 0
145102:T510837_46:Machine Process.. START
145102:T510837_46:GOING TO SEND START
145102:T510837_46:SENT START, WAITING FOR FINISH 
145107:T510837_46:MACHINE DONE
145107:T510837_46:Error Code 0
145130:T510837_47:Machine Process.. START
145131:T510837_47:GOING TO SEND START
145131:T510837_47:SENT START, WAITING FOR FINISH 
145139:T510837_47:MACHINE DONE
145139:T510837_47:Error Code 0
145150:T510837_48:Machine Process.. START
145150:T510837_48:GOING TO SEND START
145151:T510837_48:SENT START, WAITING FOR FINISH 
145159:T510837_48:MACHINE DONE
145159:T510837_48:Error Code 0
145304:T510837_49:Machine Process.. START
145304:T510837_49:GOING TO SEND START
145304:T510837_49:SENT START, WAITING FOR FINISH 
145311:T510837_49:MACHINE DONE
145311:T510837_49:Error Code 0
145357:T510837_50:Machine Process.. START
145357:T510837_50:GOING TO SEND START
145358:T510837_50:SENT START, WAITING FOR FINISH 
145411:T510837_50:MACHINE DONE
145411:T510837_50:Error Code 0
145446:T510837_51:Machine Process.. START
145446:T510837_51:GOING TO SEND START
145447:T510837_51:SENT START, WAITING FOR FINISH 
145455:T510837_51:MACHINE DONE
145455:T510837_51:Error Code 0
