090925:T510837_1:Machine Process.. START
090925:T510837_1:GOING TO SEND START
090926:T510837_1:SENT START, WAITING FOR FINISH 
091137:T510837_1:MACHINE DONE
091137:T510837_1:Error Code 0
091140:T510837_2:Machine Process.. START
091140:T510837_2:GOING TO SEND START
091141:T510837_2:SENT START, WAITING FOR FINISH 
091402:T510837_2:MACHINE DONE
091402:T510837_2:Error Code 0
091404:T510837_3:Machine Process.. START
091405:T510837_3:GOING TO SEND START
091405:T510837_3:SENT START, WAITING FOR FINISH 
091508:T510837_3:MACHINE DONE
091508:T510837_3:Error Code 0
092135:T510837_4:Machine Process.. START
092136:T510837_4:GOING TO SEND START
092136:T510837_4:SENT START, WAITING FOR FINISH 
092249:T510837_4:MACHINE DONE
092249:T510837_4:Error Code 0
092622:T510837_5:Machine Process.. START
092623:T510837_5:GOING TO SEND START
092623:T510837_5:SENT START, WAITING FOR FINISH 
092717:T510837_5:MACHINE DONE
092717:T510837_5:Error Code 0
092940:T510837_6:Machine Process.. START
092941:T510837_6:GOING TO SEND START
092941:T510837_6:SENT START, WAITING FOR FINISH 
093039:T510837_6:MACHINE DONE
093039:T510837_6:Error Code 0
093136:T510837_7:Machine Process.. START
093136:T510837_7:GOING TO SEND START
093137:T510837_7:SENT START, WAITING FOR FINISH 
093254:T510837_7:MACHINE DONE
093254:T510837_7:Error Code 0
093336:T510837_8:Machine Process.. START
093336:T510837_8:GOING TO SEND START
093336:T510837_8:SENT START, WAITING FOR FINISH 
093500:T510837_8:MACHINE DONE
093500:T510837_8:Error Code 0
093548:T510837_9:Machine Process.. START
093549:T510837_9:GOING TO SEND START
093549:T510837_9:SENT START, WAITING FOR FINISH 
093741:T510837_9:MACHINE DONE
093741:T510837_9:Error Code 0
093832:T510837_10:Machine Process.. START
093832:T510837_10:GOING TO SEND START
093832:T510837_10:SENT START, WAITING FOR FINISH 
093936:T510837_10:MACHINE DONE
093936:T510837_10:Error Code 0
094250:T510837_11:Machine Process.. START
094250:T510837_11:GOING TO SEND START
094250:T510837_11:SENT START, WAITING FOR FINISH 
094448:T510837_11:MACHINE DONE
094448:T510837_11:Error Code 0
094508:T510837_12:Machine Process.. START
094508:T510837_12:GOING TO SEND START
094509:T510837_12:SENT START, WAITING FOR FINISH 
094557:T510837_12:MACHINE DONE
094557:T510837_12:Error Code 0
094759:T510837_13:Machine Process.. START
094759:T510837_13:GOING TO SEND START
094759:T510837_13:SENT START, WAITING FOR FINISH 
094934:T510837_13:MACHINE DONE
094934:T510837_13:Error Code 0
094936:T510837_14:Machine Process.. START
094937:T510837_14:GOING TO SEND START
094937:T510837_14:SENT START, WAITING FOR FINISH 
095058:T510837_14:MACHINE DONE
095058:T510837_14:Error Code 0
095327:T510837_15:Machine Process.. START
095328:T510837_15:GOING TO SEND START
095328:T510837_15:SENT START, WAITING FOR FINISH 
095418:T510837_15:MACHINE DONE
095419:T510837_15:Error Code 0
095421:T510837_16:Machine Process.. START
095422:T510837_16:GOING TO SEND START
095422:T510837_16:SENT START, WAITING FOR FINISH 
095643:T510837_16:MACHINE DONE
095643:T510837_16:Error Code 0
095748:T510837_17:Machine Process.. START
095748:T510837_17:GOING TO SEND START
095749:T510837_17:SENT START, WAITING FOR FINISH 
101410:T510837_17:MACHINE DONE
101410:T510837_17:Error Code 0
101552:T510837_18:Machine Process.. START
101553:T510837_18:GOING TO SEND START
101553:T510837_18:SENT START, WAITING FOR FINISH 
101711:T510837_18:MACHINE DONE
101711:T510837_18:Error Code 0
101825:T510837_19:Machine Process.. START
101826:T510837_19:GOING TO SEND START
101826:T510837_19:SENT START, WAITING FOR FINISH 
101936:T510837_19:MACHINE DONE
101936:T510837_19:Error Code 0
102906:T510836_1:Machine Process.. START
102906:T510836_1:GOING TO SEND START
102906:T510836_1:SENT START, WAITING FOR FINISH 
103237:T510836_1:MACHINE DONE
103237:T510836_1:Error Code 0
103314:T510836_2:Machine Process.. START
103315:T510836_2:GOING TO SEND START
103315:T510836_2:SENT START, WAITING FOR FINISH 
103834:T510836_2:MACHINE DONE
103834:T510836_2:Error Code 0
103907:T510836_3:Machine Process.. START
103907:T510836_3:GOING TO SEND START
103907:T510836_3:SENT START, WAITING FOR FINISH 
104023:T510836_3:MACHINE DONE
104024:T510836_3:Error Code 0
104328:T510836_4:Machine Process.. START
104328:T510836_4:GOING TO SEND START
104328:T510836_4:SENT START, WAITING FOR FINISH 
104549:T510836_4:MACHINE DONE
104549:T510836_4:Error Code 0
104822:T510836_5:Machine Process.. START
104822:T510836_5:GOING TO SEND START
104822:T510836_5:SENT START, WAITING FOR FINISH 
104938:T510836_5:MACHINE DONE
104938:T510836_5:Error Code 0
105120:T510836_6:Machine Process.. START
105120:T510836_6:GOING TO SEND START
105121:T510836_6:SENT START, WAITING FOR FINISH 
105319:T510836_6:MACHINE DONE
105320:T510836_6:Error Code 0
105411:T510836_7:Machine Process.. START
105411:T510836_7:GOING TO SEND START
105411:T510836_7:SENT START, WAITING FOR FINISH 
105544:T510836_7:MACHINE DONE
105544:T510836_7:Error Code 0
135006:T510837_20:Machine Process.. START
135006:T510837_20:GOING TO SEND START
135007:T510837_20:SENT START, WAITING FOR FINISH 
135121:T510837_20:MACHINE DONE
135121:T510837_20:Error Code 0
135135:T510837_21:Machine Process.. START
135135:T510837_21:GOING TO SEND START
135135:T510837_21:SENT START, WAITING FOR FINISH 
135223:T510837_21:MACHINE DONE
135223:T510837_21:Error Code 0
135226:T510837_22:Machine Process.. START
135226:T510837_22:GOING TO SEND START
135227:T510837_22:SENT START, WAITING FOR FINISH 
135324:T510837_22:MACHINE DONE
135324:T510837_22:Error Code 0
135327:T510837_23:Machine Process.. START
135327:T510837_23:GOING TO SEND START
135327:T510837_23:SENT START, WAITING FOR FINISH 
135426:T510837_23:MACHINE DONE
135426:T510837_23:Error Code 0
135443:T510837_24:Machine Process.. START
135444:T510837_24:GOING TO SEND START
135444:T510837_24:SENT START, WAITING FOR FINISH 
135556:T510837_24:MACHINE DONE
135556:T510837_24:Error Code 0
135630:T510837_25:Machine Process.. START
135630:T510837_25:GOING TO SEND START
135630:T510837_25:SENT START, WAITING FOR FINISH 
135723:T510837_25:MACHINE DONE
135723:T510837_25:Error Code 0
135729:T510837_26:Machine Process.. START
135729:T510837_26:GOING TO SEND START
135729:T510837_26:SENT START, WAITING FOR FINISH 
135838:T510837_26:MACHINE DONE
135838:T510837_26:Error Code 0
135841:T510837_27:Machine Process.. START
135841:T510837_27:GOING TO SEND START
135841:T510837_27:SENT START, WAITING FOR FINISH 
135940:T510837_27:MACHINE DONE
135940:T510837_27:Error Code 0
135942:T510837_28:Machine Process.. START
135943:T510837_28:GOING TO SEND START
135943:T510837_28:SENT START, WAITING FOR FINISH 
140036:T510837_28:MACHINE DONE
140036:T510837_28:Error Code 0
140044:T510837_29:Machine Process.. START
140045:T510837_29:GOING TO SEND START
140045:T510837_29:SENT START, WAITING FOR FINISH 
140138:T510837_29:MACHINE DONE
140138:T510837_29:Error Code 0
140203:T510837_30:Machine Process.. START
140204:T510837_30:GOING TO SEND START
140204:T510837_30:SENT START, WAITING FOR FINISH 
140252:T510837_30:MACHINE DONE
140252:T510837_30:Error Code 0
140338:T510837_31:Machine Process.. START
140338:T510837_31:GOING TO SEND START
140339:T510837_31:SENT START, WAITING FOR FINISH 
140426:T510837_31:MACHINE DONE
140426:T510837_31:Error Code 0
140454:T510837_32:Machine Process.. START
140454:T510837_32:GOING TO SEND START
140454:T510837_32:SENT START, WAITING FOR FINISH 
140549:T510837_32:MACHINE DONE
140549:T510837_32:Error Code 0
140612:T510837_33:Machine Process.. START
140612:T510837_33:GOING TO SEND START
140612:T510837_33:SENT START, WAITING FOR FINISH 
140658:T510837_33:MACHINE DONE
140658:T510837_33:Error Code 0
140728:T510837_34:Machine Process.. START
140728:T510837_34:GOING TO SEND START
140728:T510837_34:SENT START, WAITING FOR FINISH 
140813:T510837_34:MACHINE DONE
140813:T510837_34:Error Code 0
140844:T510837_35:Machine Process.. START
140844:T510837_35:GOING TO SEND START
140844:T510837_35:SENT START, WAITING FOR FINISH 
140933:T510837_35:MACHINE DONE
140933:T510837_35:Error Code 0
141001:T510837_36:Machine Process.. START
141001:T510837_36:GOING TO SEND START
141002:T510837_36:SENT START, WAITING FOR FINISH 
141053:T510837_36:MACHINE DONE
141053:T510837_36:Error Code 0
141122:T510837_37:Machine Process.. START
141123:T510837_37:GOING TO SEND START
141123:T510837_37:SENT START, WAITING FOR FINISH 
141215:T510837_37:MACHINE DONE
141215:T510837_37:Error Code 0
141239:T510837_38:Machine Process.. START
141239:T510837_38:GOING TO SEND START
141239:T510837_38:SENT START, WAITING FOR FINISH 
141331:T510837_38:MACHINE DONE
141331:T510837_38:Error Code 0
141410:T510837_39:Machine Process.. START
141411:T510837_39:GOING TO SEND START
141411:T510837_39:SENT START, WAITING FOR FINISH 
141517:T510837_39:MACHINE DONE
141517:T510837_39:Error Code 0
141526:T510837_40:Machine Process.. START
141526:T510837_40:GOING TO SEND START
141526:T510837_40:SENT START, WAITING FOR FINISH 
141621:T510837_40:MACHINE DONE
141621:T510837_40:Error Code 0
141642:T510837_41:Machine Process.. START
141642:T510837_41:GOING TO SEND START
141643:T510837_41:SENT START, WAITING FOR FINISH 
141644:T510837_41:MACHINE DONE
141644:T510837_41:Error Code 0
141710:T510837_42:Machine Process.. START
141710:T510837_42:GOING TO SEND START
141710:T510837_42:SENT START, WAITING FOR FINISH 
141720:T510837_42:MACHINE DONE
141720:T510837_42:Error Code 0
141736:T510837_43:Machine Process.. START
141737:T510837_43:GOING TO SEND START
141737:T510837_43:SENT START, WAITING FOR FINISH 
141754:T510837_43:MACHINE DONE
141754:T510837_43:Error Code 0
141802:T510837_44:Machine Process.. START
141802:T510837_44:GOING TO SEND START
141803:T510837_44:SENT START, WAITING FOR FINISH 
141831:T510837_44:MACHINE DONE
141831:T510837_44:Error Code 0
141833:T510837_45:Machine Process.. START
141834:T510837_45:GOING TO SEND START
141834:T510837_45:SENT START, WAITING FOR FINISH 
141843:T510837_45:MACHINE DONE
141843:T510837_45:Error Code 0
141858:T510837_46:Machine Process.. START
141858:T510837_46:GOING TO SEND START
141858:T510837_46:SENT START, WAITING FOR FINISH 
141917:T510837_46:MACHINE DONE
141917:T510837_46:Error Code 0
141938:T510837_47:Machine Process.. START
141939:T510837_47:GOING TO SEND START
141939:T510837_47:SENT START, WAITING FOR FINISH 
141945:T510837_47:MACHINE DONE
141945:T510837_47:Error Code 0
142013:T510837_48:Machine Process.. START
142014:T510837_48:GOING TO SEND START
142014:T510837_48:SENT START, WAITING FOR FINISH 
142040:T510837_48:MACHINE DONE
142040:T510837_48:Error Code 0
142048:T510837_49:Machine Process.. START
142048:T510837_49:GOING TO SEND START
142049:T510837_49:SENT START, WAITING FOR FINISH 
142050:T510837_49:MACHINE DONE
142050:T510837_49:Error Code 0
142244:T510837_50:Machine Process.. START
142245:T510837_50:GOING TO SEND START
142245:T510837_50:SENT START, WAITING FOR FINISH 
142316:T510837_50:MACHINE DONE
142316:T510837_50:Error Code 0
142426:T510837_51:Machine Process.. START
142427:T510837_51:GOING TO SEND START
142427:T510837_51:SENT START, WAITING FOR FINISH 
142508:T510837_51:MACHINE DONE
142508:T510837_51:Error Code 0
142612:T510837_52:Machine Process.. START
142612:T510837_52:GOING TO SEND START
142612:T510837_52:SENT START, WAITING FOR FINISH 
142630:T510837_52:MACHINE DONE
142630:T510837_52:Error Code 0
142703:T510837_53:Machine Process.. START
142704:T510837_53:GOING TO SEND START
142704:T510837_53:SENT START, WAITING FOR FINISH 
142719:T510837_53:MACHINE DONE
142719:T510837_53:Error Code 0
142726:T510837_54:Machine Process.. START
142726:T510837_54:GOING TO SEND START
142726:T510837_54:SENT START, WAITING FOR FINISH 
143737:T510837_54:MACHINE DONE
143737:T510837_54:Error Code 0
143856:T510837_55:Machine Process.. START
143856:T510837_55:GOING TO SEND START
143856:T510837_55:SENT START, WAITING FOR FINISH 
143905:T510837_55:MACHINE DONE
143905:T510837_55:Error Code 0
143934:T510837_56:Machine Process.. START
143934:T510837_56:GOING TO SEND START
143934:T510837_56:SENT START, WAITING FOR FINISH 
143946:T510837_56:MACHINE DONE
143947:T510837_56:Error Code 0
143959:T510837_57:Machine Process.. START
143959:T510837_57:GOING TO SEND START
144000:T510837_57:SENT START, WAITING FOR FINISH 
144054:T510837_57:MACHINE DONE
144054:T510837_57:Error Code 0
144134:T510837_58:Machine Process.. START
144134:T510837_58:GOING TO SEND START
144135:T510837_58:SENT START, WAITING FOR FINISH 
144149:T510837_58:MACHINE DONE
144149:T510837_58:Error Code 0
144207:T510837_59:Machine Process.. START
144208:T510837_59:GOING TO SEND START
144208:T510837_59:SENT START, WAITING FOR FINISH 
144253:T510837_59:MACHINE DONE
144254:T510837_59:Error Code 0
144304:T510837_60:Machine Process.. START
144305:T510837_60:GOING TO SEND START
144305:T510837_60:SENT START, WAITING FOR FINISH 
144339:T510837_60:MACHINE DONE
144339:T510837_60:Error Code 0
144438:T510837_61:Machine Process.. START
144439:T510837_61:GOING TO SEND START
144439:T510837_61:SENT START, WAITING FOR FINISH 
144443:T510837_61:MACHINE DONE
144443:T510837_61:Error Code 0
144513:T510837_62:Machine Process.. START
144514:T510837_62:GOING TO SEND START
144514:T510837_62:SENT START, WAITING FOR FINISH 
144551:T510837_62:MACHINE DONE
144551:T510837_62:Error Code 0
144555:T510837_63:Machine Process.. START
144556:T510837_63:GOING TO SEND START
144556:T510837_63:SENT START, WAITING FOR FINISH 
144646:T510837_63:MACHINE DONE
144647:T510837_63:Error Code 0
144718:T510837_64:Machine Process.. START
144719:T510837_64:GOING TO SEND START
144719:T510837_64:SENT START, WAITING FOR FINISH 
144747:T510837_64:MACHINE DONE
144748:T510837_64:Error Code 0
144832:T510837_65:Machine Process.. START
144832:T510837_65:GOING TO SEND START
144833:T510837_65:SENT START, WAITING FOR FINISH 
144838:T510837_65:MACHINE DONE
144838:T510837_65:Error Code 0
144852:T510837_66:Machine Process.. START
144853:T510837_66:GOING TO SEND START
144853:T510837_66:SENT START, WAITING FOR FINISH 
144859:T510837_66:MACHINE DONE
144859:T510837_66:Error Code 0
145002:T510837_67:Machine Process.. START
145002:T510837_67:GOING TO SEND START
145002:T510837_67:SENT START, WAITING FOR FINISH 
145112:T510837_67:MACHINE DONE
145113:T510837_67:Error Code 0
145141:T510837_68:Machine Process.. START
145141:T510837_68:GOING TO SEND START
145142:T510837_68:SENT START, WAITING FOR FINISH 
145301:T510837_68:MACHINE DONE
145301:T510837_68:Error Code 0
145304:T510837_69:Machine Process.. START
145305:T510837_69:GOING TO SEND START
145305:T510837_69:SENT START, WAITING FOR FINISH 
145331:T510837_69:MACHINE DONE
145331:T510837_69:Error Code 0
145405:T510837_70:Machine Process.. START
145405:T510837_70:GOING TO SEND START
145405:T510837_70:SENT START, WAITING FOR FINISH 
145419:T510837_70:MACHINE DONE
145419:T510837_70:Error Code 0
145432:T510837_71:Machine Process.. START
145432:T510837_71:GOING TO SEND START
145433:T510837_71:SENT START, WAITING FOR FINISH 
145456:T510837_71:MACHINE DONE
145456:T510837_71:Error Code 0
145506:T510837_72:Machine Process.. START
145507:T510837_72:GOING TO SEND START
145507:T510837_72:SENT START, WAITING FOR FINISH 
145551:T510837_72:MACHINE DONE
145551:T510837_72:Error Code 0
145646:T510837_73:Machine Process.. START
145647:T510837_73:GOING TO SEND START
145647:T510837_73:SENT START, WAITING FOR FINISH 
145654:T510837_73:MACHINE DONE
145654:T510837_73:Error Code 0
145706:T510837_74:Machine Process.. START
145706:T510837_74:GOING TO SEND START
145707:T510837_74:SENT START, WAITING FOR FINISH 
145709:T510837_74:MACHINE DONE
145709:T510837_74:Error Code 0
145748:T510837_75:Machine Process.. START
145748:T510837_75:GOING TO SEND START
145749:T510837_75:SENT START, WAITING FOR FINISH 
145758:T510837_75:MACHINE DONE
145758:T510837_75:Error Code 0
145919:T510837_76:Machine Process.. START
145920:T510837_76:GOING TO SEND START
145920:T510837_76:SENT START, WAITING FOR FINISH 
152147:T510837_80:Machine Process.. START
152147:T510837_80:GOING TO SEND START
152148:T510837_80:SENT START, WAITING FOR FINISH 
152203:T510837_80:MACHINE DONE
152203:T510837_76:MACHINE DONE
152203:T510837_80:Error Code 0
152203:T510837_76:Error Code 0
152217:T510837_81:Machine Process.. START
152218:T510837_81:GOING TO SEND START
152218:T510837_81:SENT START, WAITING FOR FINISH 
152223:T510837_81:MACHINE DONE
152223:T510837_81:Error Code 0
152238:T510837_82:Machine Process.. START
152238:T510837_82:GOING TO SEND START
152238:T510837_82:SENT START, WAITING FOR FINISH 
152250:T510837_82:MACHINE DONE
152250:T510837_82:Error Code 0
152328:T510837_83:Machine Process.. START
152328:T510837_83:GOING TO SEND START
152329:T510837_83:SENT START, WAITING FOR FINISH 
152333:T510837_83:MACHINE DONE
152333:T510837_83:Error Code 0
152411:T510837_84:Machine Process.. START
152411:T510837_84:GOING TO SEND START
152412:T510837_84:SENT START, WAITING FOR FINISH 
152417:T510837_84:MACHINE DONE
152417:T510837_84:Error Code 0
152515:T510837_85:Machine Process.. START
152515:T510837_85:GOING TO SEND START
152515:T510837_85:SENT START, WAITING FOR FINISH 
152558:T510837_85:MACHINE DONE
152558:T510837_85:Error Code 0
152628:T510837_86:Machine Process.. START
152628:T510837_86:GOING TO SEND START
152628:T510837_86:SENT START, WAITING FOR FINISH 
152638:T510837_86:MACHINE DONE
152638:T510837_86:Error Code 0
152713:T510837_87:Machine Process.. START
152713:T510837_87:GOING TO SEND START
152713:T510837_87:SENT START, WAITING FOR FINISH 
152730:T510837_87:MACHINE DONE
152730:T510837_87:Error Code 0
152843:T510837_88:Machine Process.. START
152843:T510837_88:GOING TO SEND START
152843:T510837_88:SENT START, WAITING FOR FINISH 
152851:T510837_88:MACHINE DONE
152851:T510837_88:Error Code 0
152923:T510837_89:Machine Process.. START
152923:T510837_89:GOING TO SEND START
152924:T510837_89:SENT START, WAITING FOR FINISH 
152935:T510837_89:MACHINE DONE
152936:T510837_89:Error Code 0
153000:T510837_90:Machine Process.. START
153000:T510837_90:GOING TO SEND START
153000:T510837_90:SENT START, WAITING FOR FINISH 
153004:T510837_90:MACHINE DONE
153004:T510837_90:Error Code 0
153109:T510837_91:Machine Process.. START
153109:T510837_91:GOING TO SEND START
153110:T510837_91:SENT START, WAITING FOR FINISH 
153111:T510837_91:MACHINE DONE
153111:T510837_91:Error Code 0
153151:T510837_92:Machine Process.. START
153152:T510837_92:GOING TO SEND START
153152:T510837_92:SENT START, WAITING FOR FINISH 
153203:T510837_92:MACHINE DONE
153203:T510837_92:Error Code 0
153237:T510837_93:Machine Process.. START
153237:T510837_93:GOING TO SEND START
153238:T510837_93:SENT START, WAITING FOR FINISH 
153241:T510837_93:MACHINE DONE
153241:T510837_93:Error Code 0
153329:T510837_94:Machine Process.. START
153329:T510837_94:GOING TO SEND START
153329:T510837_94:SENT START, WAITING FOR FINISH 
153342:T510837_94:MACHINE DONE
153342:T510837_94:Error Code 0
153420:T510837_95:Machine Process.. START
153420:T510837_95:GOING TO SEND START
153421:T510837_95:SENT START, WAITING FOR FINISH 
153451:T510837_95:MACHINE DONE
153451:T510837_95:Error Code 0
153503:T510837_96:Machine Process.. START
153503:T510837_96:GOING TO SEND START
153504:T510837_96:SENT START, WAITING FOR FINISH 
153530:T510837_96:MACHINE DONE
153530:T510837_96:Error Code 0
153611:T510837_97:Machine Process.. START
153611:T510837_97:GOING TO SEND START
153612:T510837_97:SENT START, WAITING FOR FINISH 
153618:T510837_97:MACHINE DONE
153618:T510837_97:Error Code 0
153642:T510837_98:Machine Process.. START
153642:T510837_98:GOING TO SEND START
153643:T510837_98:SENT START, WAITING FOR FINISH 
153648:T510837_98:MACHINE DONE
153649:T510837_98:Error Code 0
153709:T510837_99:Machine Process.. START
153709:T510837_99:GOING TO SEND START
153709:T510837_99:SENT START, WAITING FOR FINISH 
153713:T510837_99:MACHINE DONE
153713:T510837_99:Error Code 0
153809:T510837_100:Machine Process.. START
153809:T510837_100:GOING TO SEND START
153810:T510837_100:SENT START, WAITING FOR FINISH 
153815:T510837_100:MACHINE DONE
153815:T510837_100:Error Code 0
153830:T510837_101:Machine Process.. START
153830:T510837_101:GOING TO SEND START
153830:T510837_101:SENT START, WAITING FOR FINISH 
153845:T510837_101:MACHINE DONE
153845:T510837_101:Error Code 0
153854:T510837_102:Machine Process.. START
153854:T510837_102:GOING TO SEND START
153855:T510837_102:SENT START, WAITING FOR FINISH 
153858:T510837_102:MACHINE DONE
153858:T510837_102:Error Code 0
153944:T510837_103:Machine Process.. START
153944:T510837_103:GOING TO SEND START
153945:T510837_103:SENT START, WAITING FOR FINISH 
153954:T510837_103:MACHINE DONE
153955:T510837_103:Error Code 0
154141:T510837_104:Machine Process.. START
154141:T510837_104:GOING TO SEND START
154141:T510837_104:SENT START, WAITING FOR FINISH 
154143:T510837_104:MACHINE DONE
154143:T510837_104:Error Code 0
154234:T510837_105:Machine Process.. START
154234:T510837_105:GOING TO SEND START
154234:T510837_105:SENT START, WAITING FOR FINISH 
154247:T510837_105:MACHINE DONE
154247:T510837_105:Error Code 0
154347:T510837_106:Machine Process.. START
154347:T510837_106:GOING TO SEND START
154347:T510837_106:SENT START, WAITING FOR FINISH 
154352:T510837_106:MACHINE DONE
154352:T510837_106:Error Code 0
154412:T510837_107:Machine Process.. START
154412:T510837_107:GOING TO SEND START
154413:T510837_107:SENT START, WAITING FOR FINISH 
154418:T510837_107:MACHINE DONE
154418:T510837_107:Error Code 0
154437:T510837_108:Machine Process.. START
154437:T510837_108:GOING TO SEND START
154437:T510837_108:SENT START, WAITING FOR FINISH 
154458:T510837_108:MACHINE DONE
154458:T510837_108:Error Code 0
154546:T510837_109:Machine Process.. START
154547:T510837_109:GOING TO SEND START
154547:T510837_109:SENT START, WAITING FOR FINISH 
154550:T510837_109:MACHINE DONE
154550:T510837_109:Error Code 0
154624:T510837_110:Machine Process.. START
154624:T510837_110:GOING TO SEND START
154624:T510837_110:SENT START, WAITING FOR FINISH 
154726:T510837_110:MACHINE DONE
154726:T510837_110:Error Code 0
154729:T510837_111:Machine Process.. START
154729:T510837_111:GOING TO SEND START
154730:T510837_111:SENT START, WAITING FOR FINISH 
154732:T510837_111:MACHINE DONE
154732:T510837_111:Error Code 0
154752:T510837_112:Machine Process.. START
154752:T510837_112:GOING TO SEND START
154753:T510837_112:SENT START, WAITING FOR FINISH 
154803:T510837_112:MACHINE DONE
154803:T510837_112:Error Code 0
155024:T510837_113:Machine Process.. START
155024:T510837_113:GOING TO SEND START
155025:T510837_113:SENT START, WAITING FOR FINISH 
155050:T510837_113:MACHINE DONE
155050:T510837_113:Error Code 0
155103:T510837_114:Machine Process.. START
155103:T510837_114:GOING TO SEND START
155103:T510837_114:SENT START, WAITING FOR FINISH 
155138:T510837_114:MACHINE DONE
155138:T510837_114:Error Code 0
155158:T510837_115:Machine Process.. START
155158:T510837_115:GOING TO SEND START
155158:T510837_115:SENT START, WAITING FOR FINISH 
155203:T510837_115:MACHINE DONE
155203:T510837_115:Error Code 0
155217:T510837_116:Machine Process.. START
155217:T510837_116:GOING TO SEND START
155217:T510837_116:SENT START, WAITING FOR FINISH 
155224:T510837_116:MACHINE DONE
155224:T510837_116:Error Code 0
155246:T510837_117:Machine Process.. START
155246:T510837_117:GOING TO SEND START
155247:T510837_117:SENT START, WAITING FOR FINISH 
155250:T510837_117:MACHINE DONE
155250:T510837_117:Error Code 0
155320:T510837_118:Machine Process.. START
155321:T510837_118:GOING TO SEND START
155321:T510837_118:SENT START, WAITING FOR FINISH 
155327:T510837_118:MACHINE DONE
155327:T510837_118:Error Code 0
155351:T510837_119:Machine Process.. START
155351:T510837_119:GOING TO SEND START
155352:T510837_119:SENT START, WAITING FOR FINISH 
155417:T510837_119:MACHINE DONE
155417:T510837_119:Error Code 0
155419:T510837_120:Machine Process.. START
155419:T510837_120:GOING TO SEND START
155420:T510837_120:SENT START, WAITING FOR FINISH 
155519:T510837_120:MACHINE DONE
155519:T510837_120:Error Code 0
155521:T510837_121:Machine Process.. START
155521:T510837_121:GOING TO SEND START
155522:T510837_121:SENT START, WAITING FOR FINISH 
155537:T510837_121:MACHINE DONE
155537:T510837_121:Error Code 0
155613:T510837_122:Machine Process.. START
155613:T510837_122:GOING TO SEND START
155613:T510837_122:SENT START, WAITING FOR FINISH 
155627:T510837_122:MACHINE DONE
155627:T510837_122:Error Code 0
155634:T510837_123:Machine Process.. START
155634:T510837_123:GOING TO SEND START
155634:T510837_123:SENT START, WAITING FOR FINISH 
155646:T510837_123:MACHINE DONE
155646:T510837_123:Error Code 0
155806:T510837_124:Machine Process.. START
155806:T510837_124:GOING TO SEND START
155806:T510837_124:SENT START, WAITING FOR FINISH 
155821:T510837_124:MACHINE DONE
155821:T510837_124:Error Code 0
155857:T510837_125:Machine Process.. START
155857:T510837_125:GOING TO SEND START
155858:T510837_125:SENT START, WAITING FOR FINISH 
155922:T510837_125:MACHINE DONE
155922:T510837_125:Error Code 0
155935:T510837_126:Machine Process.. START
155935:T510837_126:GOING TO SEND START
155935:T510837_126:SENT START, WAITING FOR FINISH 
155941:T510837_126:MACHINE DONE
155941:T510837_126:Error Code 0
160047:T510837_127:Machine Process.. START
160048:T510837_127:GOING TO SEND START
160048:T510837_127:SENT START, WAITING FOR FINISH 
160054:T510837_127:MACHINE DONE
160054:T510837_127:Error Code 0
160110:T510837_128:Machine Process.. START
160110:T510837_128:GOING TO SEND START
160110:T510837_128:SENT START, WAITING FOR FINISH 
160137:T510837_128:MACHINE DONE
160137:T510837_128:Error Code 0
160140:T510837_129:Machine Process.. START
160140:T510837_129:GOING TO SEND START
160141:T510837_129:SENT START, WAITING FOR FINISH 
160149:T510837_129:MACHINE DONE
160149:T510837_129:Error Code 0
184938:T510837_99:Machine Process.. START
184938:T510837_99:GOING TO SEND START
184939:T510837_99:SENT START, WAITING FOR FINISH 
