112700:T589126_1:Machine Process.. START
112700:T589126_1:GOING TO SEND START
112701:T589126_1:SENT START, WAITING FOR FINISH 
114829:T589126_2:Machine Process.. START
114829:T589126_2:GOING TO SEND START
114830:T589126_2:SENT START, WAITING FOR FINISH 
114858:T589126_2:MACHINE DONE
114858:T589126_2:Error Code 0
133518:T510837_1:Machine Process.. START
133519:T510837_1:GOING TO SEND START
133519:T510837_1:SENT START, WAITING FOR FINISH 
133611:T510837_1:MACHINE DONE
133611:T510837_1:Error Code 0
133637:T510837_2:Machine Process.. START
133637:T510837_2:GOING TO SEND START
133637:T510837_2:SENT START, WAITING FOR FINISH 
133647:T510837_2:MACHINE DONE
133647:T510837_2:Error Code 0
133706:T510837_3:Machine Process.. START
133706:T510837_3:GOING TO SEND START
133706:T510837_3:SENT START, WAITING FOR FINISH 
133711:T510837_3:MACHINE DONE
133711:T510837_3:Error Code 0
133950:T510837_4:Machine Process.. START
133950:T510837_4:GOING TO SEND START
133950:T510837_4:SENT START, WAITING FOR FINISH 
133958:T510837_4:MACHINE DONE
133958:T510837_4:Error Code 0
134019:T510837_5:Machine Process.. START
134019:T510837_5:GOING TO SEND START
134019:T510837_5:SENT START, WAITING FOR FINISH 
134031:T510837_5:MACHINE DONE
134031:T510837_5:Error Code 0
134054:T510837_6:Machine Process.. START
134054:T510837_6:GOING TO SEND START
134055:T510837_6:SENT START, WAITING FOR FINISH 
134102:T510837_6:MACHINE DONE
134102:T510837_6:Error Code 0
135130:T510837_7:Machine Process.. START
135131:T510837_7:GOING TO SEND START
135131:T510837_7:SENT START, WAITING FOR FINISH 
135139:T510837_7:MACHINE DONE
135139:T510837_7:Error Code 0
135206:T510837_8:Machine Process.. START
135206:T510837_8:GOING TO SEND START
135206:T510837_8:SENT START, WAITING FOR FINISH 
135219:T510837_8:MACHINE DONE
135219:T510837_8:Error Code 0
135249:T510837_9:Machine Process.. START
135249:T510837_9:GOING TO SEND START
135249:T510837_9:SENT START, WAITING FOR FINISH 
135304:T510837_9:MACHINE DONE
135304:T510837_9:Error Code 0
135403:T510837_10:Machine Process.. START
135403:T510837_10:GOING TO SEND START
135404:T510837_10:SENT START, WAITING FOR FINISH 
135407:T510837_10:MACHINE DONE
135407:T510837_10:Error Code 0
135507:T510837_11:Machine Process.. START
135507:T510837_11:GOING TO SEND START
135507:T510837_11:SENT START, WAITING FOR FINISH 
135516:T510837_11:MACHINE DONE
135516:T510837_11:Error Code 0
135642:T510837_12:Machine Process.. START
135643:T510837_12:GOING TO SEND START
135643:T510837_12:SENT START, WAITING FOR FINISH 
135716:T510837_12:MACHINE DONE
135716:T510837_12:Error Code 0
135740:T510837_13:Machine Process.. START
135740:T510837_13:GOING TO SEND START
135740:T510837_13:SENT START, WAITING FOR FINISH 
135747:T510837_13:MACHINE DONE
135747:T510837_13:Error Code 0
135813:T510837_14:Machine Process.. START
135813:T510837_14:GOING TO SEND START
135813:T510837_14:SENT START, WAITING FOR FINISH 
135821:T510837_14:MACHINE DONE
135821:T510837_14:Error Code 0
135912:T510837_15:Machine Process.. START
135912:T510837_15:GOING TO SEND START
135912:T510837_15:SENT START, WAITING FOR FINISH 
135920:T510837_15:MACHINE DONE
135920:T510837_15:Error Code 0
140052:T510837_16:Machine Process.. START
140052:T510837_16:GOING TO SEND START
140052:T510837_16:SENT START, WAITING FOR FINISH 
140105:T510837_16:MACHINE DONE
140105:T510837_16:Error Code 0
140153:T510837_17:Machine Process.. START
140153:T510837_17:GOING TO SEND START
140153:T510837_17:SENT START, WAITING FOR FINISH 
140327:T510837_18:Machine Process.. START
140327:T510837_18:GOING TO SEND START
140327:T510837_18:SENT START, WAITING FOR FINISH 
140338:T510837_18:MACHINE DONE
140338:T510837_18:Error Code 0
140553:T510837_19:Machine Process.. START
140553:T510837_19:GOING TO SEND START
140553:T510837_19:SENT START, WAITING FOR FINISH 
140556:T510837_19:MACHINE DONE
140556:T510837_19:Error Code 0
140633:T510837_20:Machine Process.. START
140633:T510837_20:GOING TO SEND START
140634:T510837_20:SENT START, WAITING FOR FINISH 
140640:T510837_20:MACHINE DONE
140640:T510837_20:Error Code 0
140743:T510837_21:Machine Process.. START
140743:T510837_21:GOING TO SEND START
140744:T510837_21:SENT START, WAITING FOR FINISH 
140750:T510837_21:MACHINE DONE
140750:T510837_21:Error Code 0
141042:T510837_22:Machine Process.. START
141042:T510837_22:GOING TO SEND START
141042:T510837_22:SENT START, WAITING FOR FINISH 
141049:T510837_22:MACHINE DONE
141049:T510837_22:Error Code 0
141144:T510837_23:Machine Process.. START
141145:T510837_23:GOING TO SEND START
141145:T510837_23:SENT START, WAITING FOR FINISH 
141153:T510837_23:MACHINE DONE
141153:T510837_23:Error Code 0
141250:T510837_24:Machine Process.. START
141251:T510837_24:GOING TO SEND START
141251:T510837_24:SENT START, WAITING FOR FINISH 
141258:T510837_24:MACHINE DONE
141258:T510837_24:Error Code 0
141613:T510837_25:Machine Process.. START
141613:T510837_25:GOING TO SEND START
141613:T510837_25:SENT START, WAITING FOR FINISH 
141646:T510837_25:MACHINE DONE
141646:T510837_25:Error Code 0
141711:T510837_26:Machine Process.. START
141711:T510837_26:GOING TO SEND START
141712:T510837_26:SENT START, WAITING FOR FINISH 
141723:T510837_26:MACHINE DONE
141723:T510837_26:Error Code 0
141828:T510837_27:Machine Process.. START
141828:T510837_27:GOING TO SEND START
141828:T510837_27:SENT START, WAITING FOR FINISH 
141903:T510837_28:Machine Process.. START
141903:T510837_28:GOING TO SEND START
141903:T510837_28:SENT START, WAITING FOR FINISH 
141912:T510837_28:MACHINE DONE
141912:T510837_28:Error Code 0
141958:T510837_29:Machine Process.. START
141958:T510837_29:GOING TO SEND START
141958:T510837_29:SENT START, WAITING FOR FINISH 
142008:T510837_29:MACHINE DONE
142008:T510837_29:Error Code 0
142055:T510837_30:Machine Process.. START
142055:T510837_30:GOING TO SEND START
142055:T510837_30:SENT START, WAITING FOR FINISH 
142101:T510837_30:MACHINE DONE
142101:T510837_30:Error Code 0
142149:T510837_31:Machine Process.. START
142149:T510837_31:GOING TO SEND START
142149:T510837_31:SENT START, WAITING FOR FINISH 
142159:T510837_31:MACHINE DONE
142159:T510837_31:Error Code 0
142324:T510837_32:Machine Process.. START
142324:T510837_32:GOING TO SEND START
142324:T510837_32:SENT START, WAITING FOR FINISH 
142332:T510837_32:MACHINE DONE
142332:T510837_32:Error Code 0
142347:T510837_33:Machine Process.. START
142347:T510837_33:GOING TO SEND START
142347:T510837_33:SENT START, WAITING FOR FINISH 
142355:T510837_33:MACHINE DONE
142355:T510837_33:Error Code 0
142520:T510837_34:Machine Process.. START
142520:T510837_34:GOING TO SEND START
142521:T510837_34:SENT START, WAITING FOR FINISH 
142532:T510837_34:MACHINE DONE
142532:T510837_34:Error Code 0
142621:T510837_35:Machine Process.. START
142621:T510837_35:GOING TO SEND START
142621:T510837_35:SENT START, WAITING FOR FINISH 
142631:T510837_35:MACHINE DONE
142631:T510837_35:Error Code 0
142734:T510837_36:Machine Process.. START
142735:T510837_36:GOING TO SEND START
142735:T510837_36:SENT START, WAITING FOR FINISH 
142752:T510837_36:MACHINE DONE
142752:T510837_36:Error Code 0
142817:T510837_37:Machine Process.. START
142817:T510837_37:GOING TO SEND START
142818:T510837_37:SENT START, WAITING FOR FINISH 
142823:T510837_37:MACHINE DONE
142823:T510837_37:Error Code 0
142928:T510837_38:Machine Process.. START
142928:T510837_38:GOING TO SEND START
142928:T510837_38:SENT START, WAITING FOR FINISH 
142936:T510837_38:MACHINE DONE
142937:T510837_38:Error Code 0
143103:T510837_39:Machine Process.. START
143103:T510837_39:GOING TO SEND START
143103:T510837_39:SENT START, WAITING FOR FINISH 
143108:T510837_39:MACHINE DONE
143108:T510837_39:Error Code 0
143233:T510837_40:Machine Process.. START
143233:T510837_40:GOING TO SEND START
143233:T510837_40:SENT START, WAITING FOR FINISH 
143241:T510837_40:MACHINE DONE
143241:T510837_40:Error Code 0
143351:T510837_41:Machine Process.. START
143351:T510837_41:GOING TO SEND START
143352:T510837_41:SENT START, WAITING FOR FINISH 
143403:T510837_41:MACHINE DONE
143404:T510837_41:Error Code 0
143440:T510837_42:Machine Process.. START
143441:T510837_42:GOING TO SEND START
143441:T510837_42:SENT START, WAITING FOR FINISH 
143449:T510837_42:MACHINE DONE
143449:T510837_42:Error Code 0
143600:T510837_43:Machine Process.. START
143600:T510837_43:GOING TO SEND START
143600:T510837_43:SENT START, WAITING FOR FINISH 
143609:T510837_43:MACHINE DONE
143609:T510837_43:Error Code 0
143721:T510837_44:Machine Process.. START
143721:T510837_44:GOING TO SEND START
143721:T510837_44:SENT START, WAITING FOR FINISH 
143732:T510837_44:MACHINE DONE
143732:T510837_44:Error Code 0
143834:T510837_45:Machine Process.. START
143834:T510837_45:GOING TO SEND START
143834:T510837_45:SENT START, WAITING FOR FINISH 
143848:T510837_45:MACHINE DONE
143848:T510837_45:Error Code 0
143944:T510837_46:Machine Process.. START
143944:T510837_46:GOING TO SEND START
143945:T510837_46:SENT START, WAITING FOR FINISH 
143950:T510837_46:MACHINE DONE
143950:T510837_46:Error Code 0
144054:T510837_47:Machine Process.. START
144054:T510837_47:GOING TO SEND START
144054:T510837_47:SENT START, WAITING FOR FINISH 
144102:T510837_47:MACHINE DONE
144102:T510837_47:Error Code 0
144223:T510837_48:Machine Process.. START
144223:T510837_48:GOING TO SEND START
144223:T510837_48:SENT START, WAITING FOR FINISH 
144228:T510837_48:MACHINE DONE
144228:T510837_48:Error Code 0
144320:T510837_49:Machine Process.. START
144320:T510837_49:GOING TO SEND START
144321:T510837_49:SENT START, WAITING FOR FINISH 
144330:T510837_49:MACHINE DONE
144330:T510837_49:Error Code 0
144438:T510837_50:Machine Process.. START
144438:T510837_50:GOING TO SEND START
144439:T510837_50:SENT START, WAITING FOR FINISH 
144446:T510837_50:MACHINE DONE
144446:T510837_50:Error Code 0
144549:T510837_51:Machine Process.. START
144549:T510837_51:GOING TO SEND START
144549:T510837_51:SENT START, WAITING FOR FINISH 
144557:T510837_51:MACHINE DONE
144557:T510837_51:Error Code 0
