132824:T510836_1:Machine Process.. START
132825:T510836_1:GOING TO SEND START
132825:T510836_1:SENT START, WAITING FOR FINISH 
132840:T510836_1:MACHINE DONE
132840:T510836_1:Error Code 0
132916:T510836_2:Machine Process.. START
132916:T510836_2:GOING TO SEND START
132917:T510836_2:SENT START, WAITING FOR FINISH 
132934:T510836_2:MACHINE DONE
132934:T510836_2:Error Code 0
133015:T510836_3:Machine Process.. START
133015:T510836_3:GOING TO SEND START
133015:T510836_3:SENT START, WAITING FOR FINISH 
133028:T510836_3:MACHINE DONE
133028:T510836_3:Error Code 0
133103:T510836_4:Machine Process.. START
133103:T510836_4:GOING TO SEND START
133103:T510836_4:SENT START, WAITING FOR FINISH 
133123:T510836_4:MACHINE DONE
133123:T510836_4:Error Code 0
133156:T510836_5:Machine Process.. START
133156:T510836_5:GOING TO SEND START
133156:T510836_5:SENT START, WAITING FOR FINISH 
133434:T510836_5:MACHINE DONE
133434:T510836_5:Error Code 0
133527:T510836_6:Machine Process.. START
133527:T510836_6:GOING TO SEND START
133527:T510836_6:SENT START, WAITING FOR FINISH 
133608:T510836_6:MACHINE DONE
133608:T510836_6:Error Code 0
133618:T510836_7:Machine Process.. START
133618:T510836_7:GOING TO SEND START
133618:T510836_7:SENT START, WAITING FOR FINISH 
133707:T510836_7:MACHINE DONE
133707:T510836_7:Error Code 0
133724:T510836_8:Machine Process.. START
133724:T510836_8:GOING TO SEND START
133724:T510836_8:SENT START, WAITING FOR FINISH 
133808:T510836_8:MACHINE DONE
133808:T510836_8:Error Code 0
133915:T510836_9:Machine Process.. START
133915:T510836_9:GOING TO SEND START
133915:T510836_9:SENT START, WAITING FOR FINISH 
134008:T510836_9:MACHINE DONE
134008:T510836_9:Error Code 0
134400:T510836_10:Machine Process.. START
134400:T510836_10:GOING TO SEND START
134400:T510836_10:SENT START, WAITING FOR FINISH 
134613:T510836_10:MACHINE DONE
134613:T510836_10:Error Code 0
134626:T510836_11:Machine Process.. START
134626:T510836_11:GOING TO SEND START
134627:T510836_11:SENT START, WAITING FOR FINISH 
134712:T510836_11:MACHINE DONE
134712:T510836_11:Error Code 0
134919:T510836_12:Machine Process.. START
134919:T510836_12:GOING TO SEND START
134919:T510836_12:SENT START, WAITING FOR FINISH 
135105:T510836_12:MACHINE DONE
135105:T510836_12:Error Code 0
135123:T510836_13:Machine Process.. START
135123:T510836_13:GOING TO SEND START
135124:T510836_13:SENT START, WAITING FOR FINISH 
135212:T510836_13:MACHINE DONE
135212:T510836_13:Error Code 0
135229:T510836_14:Machine Process.. START
135229:T510836_14:GOING TO SEND START
135230:T510836_14:SENT START, WAITING FOR FINISH 
135247:T510836_14:MACHINE DONE
135247:T510836_14:Error Code 0
135318:T510836_15:Machine Process.. START
135318:T510836_15:GOING TO SEND START
135318:T510836_15:SENT START, WAITING FOR FINISH 
135358:T510836_15:MACHINE DONE
135358:T510836_15:Error Code 0
135410:T510836_16:Machine Process.. START
135410:T510836_16:GOING TO SEND START
135410:T510836_16:SENT START, WAITING FOR FINISH 
135436:T510836_16:MACHINE DONE
135436:T510836_16:Error Code 0
135604:T510836_17:Machine Process.. START
135605:T510836_17:GOING TO SEND START
135605:T510836_17:SENT START, WAITING FOR FINISH 
135637:T510836_17:MACHINE DONE
135637:T510836_17:Error Code 0
135652:T510836_18:Machine Process.. START
135652:T510836_18:GOING TO SEND START
135653:T510836_18:SENT START, WAITING FOR FINISH 
135809:T510836_18:MACHINE DONE
135809:T510836_18:Error Code 0
135831:T510836_19:Machine Process.. START
135831:T510836_19:GOING TO SEND START
135831:T510836_19:SENT START, WAITING FOR FINISH 
140001:T510836_19:MACHINE DONE
140001:T510836_19:Error Code 0
140019:T510836_20:Machine Process.. START
140019:T510836_20:GOING TO SEND START
140020:T510836_20:SENT START, WAITING FOR FINISH 
140047:T510836_20:MACHINE DONE
140047:T510836_20:Error Code 0
140130:T510836_21:Machine Process.. START
140130:T510836_21:GOING TO SEND START
140130:T510836_21:SENT START, WAITING FOR FINISH 
140226:T510836_21:MACHINE DONE
140226:T510836_21:Error Code 0
140244:T510836_22:Machine Process.. START
140244:T510836_22:GOING TO SEND START
140244:T510836_22:SENT START, WAITING FOR FINISH 
140307:T510836_22:MACHINE DONE
140307:T510836_22:Error Code 0
140327:T510836_23:Machine Process.. START
140328:T510836_23:GOING TO SEND START
140328:T510836_23:SENT START, WAITING FOR FINISH 
140408:T510836_23:MACHINE DONE
140409:T510836_23:Error Code 0
140429:T510836_24:Machine Process.. START
140429:T510836_24:GOING TO SEND START
140429:T510836_24:SENT START, WAITING FOR FINISH 
140556:T510836_24:MACHINE DONE
140556:T510836_24:Error Code 0
140607:T510836_25:Machine Process.. START
140607:T510836_25:GOING TO SEND START
140607:T510836_25:SENT START, WAITING FOR FINISH 
140621:T510836_25:MACHINE DONE
140621:T510836_25:Error Code 0
140702:T510836_26:Machine Process.. START
140702:T510836_26:GOING TO SEND START
140702:T510836_26:SENT START, WAITING FOR FINISH 
140725:T510836_26:MACHINE DONE
140725:T510836_26:Error Code 0
140736:T510836_27:Machine Process.. START
140736:T510836_27:GOING TO SEND START
140736:T510836_27:SENT START, WAITING FOR FINISH 
140756:T510836_27:MACHINE DONE
140756:T510836_27:Error Code 0
140830:T510836_28:Machine Process.. START
140830:T510836_28:GOING TO SEND START
140831:T510836_28:SENT START, WAITING FOR FINISH 
140900:T510836_28:MACHINE DONE
140900:T510836_28:Error Code 0
140913:T510836_29:Machine Process.. START
140913:T510836_29:GOING TO SEND START
140914:T510836_29:SENT START, WAITING FOR FINISH 
140933:T510836_29:MACHINE DONE
140933:T510836_29:Error Code 0
141024:T510836_30:Machine Process.. START
141025:T510836_30:GOING TO SEND START
141025:T510836_30:SENT START, WAITING FOR FINISH 
141044:T510836_30:MACHINE DONE
141044:T510836_30:Error Code 0
141245:T510836_31:Machine Process.. START
141245:T510836_31:GOING TO SEND START
141245:T510836_31:SENT START, WAITING FOR FINISH 
141319:T510836_31:MACHINE DONE
141319:T510836_31:Error Code 0
141401:T510836_32:Machine Process.. START
141402:T510836_32:GOING TO SEND START
141402:T510836_32:SENT START, WAITING FOR FINISH 
141424:T510836_32:MACHINE DONE
141424:T510836_32:Error Code 0
141504:T510836_33:Machine Process.. START
141504:T510836_33:GOING TO SEND START
141504:T510836_33:SENT START, WAITING FOR FINISH 
141540:T510836_33:MACHINE DONE
141540:T510836_33:Error Code 0
141551:T510836_34:Machine Process.. START
141551:T510836_34:GOING TO SEND START
141551:T510836_34:SENT START, WAITING FOR FINISH 
141603:T510836_34:MACHINE DONE
141603:T510836_34:Error Code 0
141720:T510836_35:Machine Process.. START
141720:T510836_35:GOING TO SEND START
141721:T510836_35:SENT START, WAITING FOR FINISH 
141735:T510836_35:MACHINE DONE
141735:T510836_35:Error Code 0
141802:T510836_36:Machine Process.. START
141802:T510836_36:GOING TO SEND START
141802:T510836_36:SENT START, WAITING FOR FINISH 
141818:T510836_36:MACHINE DONE
141818:T510836_36:Error Code 0
141922:T510836_37:Machine Process.. START
141923:T510836_37:GOING TO SEND START
141923:T510836_37:SENT START, WAITING FOR FINISH 
141933:T510836_37:MACHINE DONE
141933:T510836_37:Error Code 0
142029:T510836_38:Machine Process.. START
142030:T510836_38:GOING TO SEND START
142030:T510836_38:SENT START, WAITING FOR FINISH 
142047:T510836_38:MACHINE DONE
142047:T510836_38:Error Code 0
142302:T510836_39:Machine Process.. START
142302:T510836_39:GOING TO SEND START
142303:T510836_39:SENT START, WAITING FOR FINISH 
142315:T510836_39:MACHINE DONE
142315:T510836_39:Error Code 0
142359:T510836_40:Machine Process.. START
142359:T510836_40:GOING TO SEND START
142400:T510836_40:SENT START, WAITING FOR FINISH 
142413:T510836_40:MACHINE DONE
142413:T510836_40:Error Code 0
142533:T510836_41:Machine Process.. START
142533:T510836_41:GOING TO SEND START
142533:T510836_41:SENT START, WAITING FOR FINISH 
142546:T510836_41:MACHINE DONE
142546:T510836_41:Error Code 0
142700:T510836_42:Machine Process.. START
142701:T510836_42:GOING TO SEND START
142701:T510836_42:SENT START, WAITING FOR FINISH 
142719:T510836_42:MACHINE DONE
142719:T510836_42:Error Code 0
142748:T510836_43:Machine Process.. START
142748:T510836_43:GOING TO SEND START
142748:T510836_43:SENT START, WAITING FOR FINISH 
142758:T510836_43:MACHINE DONE
142758:T510836_43:Error Code 0
142900:T510836_44:Machine Process.. START
142900:T510836_44:GOING TO SEND START
142901:T510836_44:SENT START, WAITING FOR FINISH 
142913:T510836_44:MACHINE DONE
142913:T510836_44:Error Code 0
142958:T510836_45:Machine Process.. START
142959:T510836_45:GOING TO SEND START
142959:T510836_45:SENT START, WAITING FOR FINISH 
143012:T510836_45:MACHINE DONE
143012:T510836_45:Error Code 0
143128:T510836_46:Machine Process.. START
143129:T510836_46:GOING TO SEND START
143129:T510836_46:SENT START, WAITING FOR FINISH 
143141:T510836_46:MACHINE DONE
143142:T510836_46:Error Code 0
143242:T510836_47:Machine Process.. START
143242:T510836_47:GOING TO SEND START
143243:T510836_47:SENT START, WAITING FOR FINISH 
143305:T510836_47:MACHINE DONE
143305:T510836_47:Error Code 0
143718:T510836_48:Machine Process.. START
143718:T510836_48:GOING TO SEND START
143718:T510836_48:SENT START, WAITING FOR FINISH 
143730:T510836_48:MACHINE DONE
143730:T510836_48:Error Code 0
143817:T510836_49:Machine Process.. START
143817:T510836_49:GOING TO SEND START
143817:T510836_49:SENT START, WAITING FOR FINISH 
143828:T510836_49:MACHINE DONE
143828:T510836_49:Error Code 0
143930:T510836_50:Machine Process.. START
143930:T510836_50:GOING TO SEND START
143931:T510836_50:SENT START, WAITING FOR FINISH 
143943:T510836_50:MACHINE DONE
143943:T510836_50:Error Code 0
144101:T510836_51:Machine Process.. START
144102:T510836_51:GOING TO SEND START
144102:T510836_51:SENT START, WAITING FOR FINISH 
144119:T510836_51:MACHINE DONE
144119:T510836_51:Error Code 0
144210:T510836_52:Machine Process.. START
144211:T510836_52:GOING TO SEND START
144211:T510836_52:SENT START, WAITING FOR FINISH 
144220:T510836_52:MACHINE DONE
144220:T510836_52:Error Code 0
144301:T510836_53:Machine Process.. START
144301:T510836_53:GOING TO SEND START
144302:T510836_53:SENT START, WAITING FOR FINISH 
144313:T510836_53:MACHINE DONE
144313:T510836_53:Error Code 0
144344:T510836_54:Machine Process.. START
144344:T510836_54:GOING TO SEND START
144344:T510836_54:SENT START, WAITING FOR FINISH 
144355:T510836_54:MACHINE DONE
144355:T510836_54:Error Code 0
144435:T510836_55:Machine Process.. START
144435:T510836_55:GOING TO SEND START
144436:T510836_55:SENT START, WAITING FOR FINISH 
144446:T510836_55:MACHINE DONE
144446:T510836_55:Error Code 0
144642:T510836_56:Machine Process.. START
144642:T510836_56:GOING TO SEND START
144642:T510836_56:SENT START, WAITING FOR FINISH 
144654:T510836_56:MACHINE DONE
144654:T510836_56:Error Code 0
144809:T510836_57:Machine Process.. START
144810:T510836_57:GOING TO SEND START
144810:T510836_57:SENT START, WAITING FOR FINISH 
144826:T510836_57:MACHINE DONE
144826:T510836_57:Error Code 0
145149:T510836_58:Machine Process.. START
145149:T510836_58:GOING TO SEND START
145150:T510836_58:SENT START, WAITING FOR FINISH 
145200:T510836_58:MACHINE DONE
145200:T510836_58:Error Code 0
