083817:T510836_2:Machine Process.. START
083818:T510836_2:GOING TO SEND START
083818:T510836_2:SENT START, WAITING FOR FINISH 
083841:T510836_2:MACHINE DONE
083841:T510836_2:Error Code 0
084614:T510836_3:Machine Process.. START
084614:T510836_3:GOING TO SEND START
084614:T510836_3:SENT START, WAITING FOR FINISH 
084642:T510836_3:MACHINE DONE
084642:T510836_3:Error Code 0
160428:T510836_5:Machine Process.. START
160428:T510836_5:GOING TO SEND START
160429:T510836_5:SENT START, WAITING FOR FINISH 
160450:T510836_5:MACHINE DONE
160450:T510836_5:Error Code 0
160602:T510836_6:Machine Process.. START
160602:T510836_6:GOING TO SEND START
160602:T510836_6:SENT START, WAITING FOR FINISH 
160629:T510836_6:MACHINE DONE
160629:T510836_6:Error Code 0
160726:T510836_7:Machine Process.. START
160726:T510836_7:GOING TO SEND START
160726:T510836_7:SENT START, WAITING FOR FINISH 
160747:T510836_7:MACHINE DONE
160747:T510836_7:Error Code 0
160838:T510836_8:Machine Process.. START
160839:T510836_8:GOING TO SEND START
160839:T510836_8:SENT START, WAITING FOR FINISH 
160900:T510836_8:MACHINE DONE
160900:T510836_8:Error Code 0
160917:T510836_9:Machine Process.. START
160918:T510836_9:GOING TO SEND START
160918:T510836_9:SENT START, WAITING FOR FINISH 
160942:T510836_9:MACHINE DONE
160942:T510836_9:Error Code 0
161037:T510836_10:Machine Process.. START
161037:T510836_10:GOING TO SEND START
161037:T510836_10:SENT START, WAITING FOR FINISH 
161059:T510836_10:MACHINE DONE
161059:T510836_10:Error Code 0
161151:T510836_11:Machine Process.. START
161151:T510836_11:GOING TO SEND START
161152:T510836_11:SENT START, WAITING FOR FINISH 
161212:T510836_11:MACHINE DONE
161212:T510836_11:Error Code 0
161418:T510836_12:Machine Process.. START
161418:T510836_12:GOING TO SEND START
161419:T510836_12:SENT START, WAITING FOR FINISH 
161445:T510836_12:MACHINE DONE
161445:T510836_12:Error Code 0
161519:T510836_13:Machine Process.. START
161519:T510836_13:GOING TO SEND START
161519:T510836_13:SENT START, WAITING FOR FINISH 
161542:T510836_13:MACHINE DONE
161542:T510836_13:Error Code 0
161741:T510836_14:Machine Process.. START
161742:T510836_14:GOING TO SEND START
161742:T510836_14:SENT START, WAITING FOR FINISH 
161804:T510836_14:MACHINE DONE
161804:T510836_14:Error Code 0
162028:T510836_15:Machine Process.. START
162028:T510836_15:GOING TO SEND START
162029:T510836_15:SENT START, WAITING FOR FINISH 
162049:T510836_15:MACHINE DONE
162049:T510836_15:Error Code 0
162138:T510836_16:Machine Process.. START
162138:T510836_16:GOING TO SEND START
162139:T510836_16:SENT START, WAITING FOR FINISH 
162158:T510836_16:MACHINE DONE
162158:T510836_16:Error Code 0
162249:T510836_17:Machine Process.. START
162249:T510836_17:GOING TO SEND START
162249:T510836_17:SENT START, WAITING FOR FINISH 
162310:T510836_17:MACHINE DONE
162310:T510836_17:Error Code 0
162409:T510836_18:Machine Process.. START
162409:T510836_18:GOING TO SEND START
162410:T510836_18:SENT START, WAITING FOR FINISH 
162431:T510836_18:MACHINE DONE
162431:T510836_18:Error Code 0
162550:T510836_19:Machine Process.. START
162550:T510836_19:GOING TO SEND START
162551:T510836_19:SENT START, WAITING FOR FINISH 
162614:T510836_19:MACHINE DONE
162614:T510836_19:Error Code 0
162629:T510836_20:Machine Process.. START
162629:T510836_20:GOING TO SEND START
162629:T510836_20:SENT START, WAITING FOR FINISH 
162649:T510836_20:MACHINE DONE
162650:T510836_20:Error Code 0
194938:T510836_23:Machine Process.. START
194938:T510836_23:GOING TO SEND START
194939:T510836_23:SENT START, WAITING FOR FINISH 
195016:T510836_23:MACHINE DONE
195016:T510836_23:Error Code 0
