082336:T589126_1:Machine Process.. START
082337:T589126_1:GOING TO SEND START
082337:T589126_1:SENT START, WAITING FOR FINISH 
082403:T589126_1:MACHINE DONE
082403:T589126_1:Error Code 0
082622:T589126_2:Machine Process.. START
082622:T589126_2:GOING TO SEND START
082622:T589126_2:SENT START, WAITING FOR FINISH 
082647:T589126_2:MACHINE DONE
082647:T589126_2:Error Code 0
082806:T589126_3:Machine Process.. START
082806:T589126_3:GOING TO SEND START
082807:T589126_3:SENT START, WAITING FOR FINISH 
082831:T589126_3:MACHINE DONE
082832:T589126_3:Error Code 0
082951:T589126_4:Machine Process.. START
082952:T589126_4:GOING TO SEND START
082952:T589126_4:SENT START, WAITING FOR FINISH 
083016:T589126_4:MACHINE DONE
083016:T589126_4:Error Code 0
083136:T589126_5:Machine Process.. START
083136:T589126_5:GOING TO SEND START
083137:T589126_5:SENT START, WAITING FOR FINISH 
083306:T589126_5:MACHINE DONE
083306:T589126_5:Error Code 0
084044:T589126_6:Machine Process.. START
084045:T589126_6:GOING TO SEND START
084045:T589126_6:SENT START, WAITING FOR FINISH 
084111:T589126_6:MACHINE DONE
084111:T589126_6:Error Code 0
084222:T589126_7:Machine Process.. START
084222:T589126_7:GOING TO SEND START
084223:T589126_7:SENT START, WAITING FOR FINISH 
084445:T589126_7:MACHINE DONE
084446:T589126_7:Error Code 0
084554:T589126_8:Machine Process.. START
084555:T589126_8:GOING TO SEND START
084555:T589126_8:SENT START, WAITING FOR FINISH 
084842:T589126_8:MACHINE DONE
084842:T589126_8:Error Code 0
085020:T589126_9:Machine Process.. START
085020:T589126_9:GOING TO SEND START
085020:T589126_9:SENT START, WAITING FOR FINISH 
085045:T589126_9:MACHINE DONE
085045:T589126_9:Error Code 0
085237:T589126_10:Machine Process.. START
085237:T589126_10:GOING TO SEND START
085238:T589126_10:SENT START, WAITING FOR FINISH 
085302:T589126_10:MACHINE DONE
085302:T589126_10:Error Code 0
085410:T589126_11:Machine Process.. START
085410:T589126_11:GOING TO SEND START
085410:T589126_11:SENT START, WAITING FOR FINISH 
085435:T589126_11:MACHINE DONE
085435:T589126_11:Error Code 0
085756:T589126_12:Machine Process.. START
085757:T589126_12:GOING TO SEND START
085757:T589126_12:SENT START, WAITING FOR FINISH 
085821:T589126_12:MACHINE DONE
085822:T589126_12:Error Code 0
085906:T589126_13:Machine Process.. START
085906:T589126_13:GOING TO SEND START
085906:T589126_13:SENT START, WAITING FOR FINISH 
090127:T589126_13:MACHINE DONE
090127:T589126_13:Error Code 0
090239:T589126_14:Machine Process.. START
090239:T589126_14:GOING TO SEND START
090240:T589126_14:SENT START, WAITING FOR FINISH 
090826:T589126_14:MACHINE DONE
090827:T589126_14:Error Code 0
090937:T589126_15:Machine Process.. START
090937:T589126_15:GOING TO SEND START
090937:T589126_15:SENT START, WAITING FOR FINISH 
091006:T589126_15:MACHINE DONE
091006:T589126_15:Error Code 0
091106:T589126_16:Machine Process.. START
091107:T589126_16:GOING TO SEND START
091107:T589126_16:SENT START, WAITING FOR FINISH 
091131:T589126_16:MACHINE DONE
091131:T589126_16:Error Code 0
091237:T589126_17:Machine Process.. START
091238:T589126_17:GOING TO SEND START
091238:T589126_17:SENT START, WAITING FOR FINISH 
091303:T589126_17:MACHINE DONE
091303:T589126_17:Error Code 0
091359:T589126_18:Machine Process.. START
091359:T589126_18:GOING TO SEND START
091359:T589126_18:SENT START, WAITING FOR FINISH 
091425:T589126_18:MACHINE DONE
091425:T589126_18:Error Code 0
091540:T589126_19:Machine Process.. START
091540:T589126_19:GOING TO SEND START
091540:T589126_19:SENT START, WAITING FOR FINISH 
091626:T589126_19:MACHINE DONE
091626:T589126_19:Error Code 0
091804:T589126_20:Machine Process.. START
091804:T589126_20:GOING TO SEND START
091805:T589126_20:SENT START, WAITING FOR FINISH 
091830:T589126_20:MACHINE DONE
091830:T589126_20:Error Code 0
091933:T589126_21:Machine Process.. START
091934:T589126_21:GOING TO SEND START
091934:T589126_21:SENT START, WAITING FOR FINISH 
091959:T589126_21:MACHINE DONE
091959:T589126_21:Error Code 0
095348:T589126_22:Machine Process.. START
095348:T589126_22:GOING TO SEND START
095349:T589126_22:SENT START, WAITING FOR FINISH 
095414:T589126_22:MACHINE DONE
095414:T589126_22:Error Code 0
101355:T589126_23:Machine Process.. START
101355:T589126_23:GOING TO SEND START
101355:T589126_23:SENT START, WAITING FOR FINISH 
101420:T589126_23:MACHINE DONE
101420:T589126_23:Error Code 0
101530:T589126_24:Machine Process.. START
101530:T589126_24:GOING TO SEND START
101531:T589126_24:SENT START, WAITING FOR FINISH 
101555:T589126_24:MACHINE DONE
101556:T589126_24:Error Code 0
101700:T589126_25:Machine Process.. START
101701:T589126_25:GOING TO SEND START
101701:T589126_25:SENT START, WAITING FOR FINISH 
101725:T589126_25:MACHINE DONE
101725:T589126_25:Error Code 0
101859:T589126_26:Machine Process.. START
101859:T589126_26:GOING TO SEND START
101859:T589126_26:SENT START, WAITING FOR FINISH 
101924:T589126_26:MACHINE DONE
101924:T589126_26:Error Code 0
102043:T589126_27:Machine Process.. START
102043:T589126_27:GOING TO SEND START
102043:T589126_27:SENT START, WAITING FOR FINISH 
102109:T589126_27:MACHINE DONE
102109:T589126_27:Error Code 0
102308:T589126_28:Machine Process.. START
102308:T589126_28:GOING TO SEND START
102309:T589126_28:SENT START, WAITING FOR FINISH 
102413:T589126_28:MACHINE DONE
102413:T589126_28:Error Code 0
102625:T589126_29:Machine Process.. START
102625:T589126_29:GOING TO SEND START
102625:T589126_29:SENT START, WAITING FOR FINISH 
102651:T589126_29:MACHINE DONE
102651:T589126_29:Error Code 0
102759:T589126_30:Machine Process.. START
102759:T589126_30:GOING TO SEND START
102759:T589126_30:SENT START, WAITING FOR FINISH 
102825:T589126_30:MACHINE DONE
102825:T589126_30:Error Code 0
105037:T589126_31:Machine Process.. START
105037:T589126_31:GOING TO SEND START
105037:T589126_31:SENT START, WAITING FOR FINISH 
105102:T589126_31:MACHINE DONE
105102:T589126_31:Error Code 0
105212:T589126_32:Machine Process.. START
105212:T589126_32:GOING TO SEND START
105212:T589126_32:SENT START, WAITING FOR FINISH 
105238:T589126_32:MACHINE DONE
105238:T589126_32:Error Code 0
105335:T589126_33:Machine Process.. START
105335:T589126_33:GOING TO SEND START
105336:T589126_33:SENT START, WAITING FOR FINISH 
105400:T589126_33:MACHINE DONE
105400:T589126_33:Error Code 0
105507:T589126_34:Machine Process.. START
105507:T589126_34:GOING TO SEND START
105507:T589126_34:SENT START, WAITING FOR FINISH 
105533:T589126_34:MACHINE DONE
105533:T589126_34:Error Code 0
105639:T589126_35:Machine Process.. START
105639:T589126_35:GOING TO SEND START
105639:T589126_35:SENT START, WAITING FOR FINISH 
105704:T589126_35:MACHINE DONE
105704:T589126_35:Error Code 0
105822:T589126_36:Machine Process.. START
105823:T589126_36:GOING TO SEND START
105823:T589126_36:SENT START, WAITING FOR FINISH 
105908:T589126_36:MACHINE DONE
105908:T589126_36:Error Code 0
110206:T589126_37:Machine Process.. START
110206:T589126_37:GOING TO SEND START
110207:T589126_37:SENT START, WAITING FOR FINISH 
110231:T589126_37:MACHINE DONE
110231:T589126_37:Error Code 0
110338:T589126_38:Machine Process.. START
110338:T589126_38:GOING TO SEND START
110338:T589126_38:SENT START, WAITING FOR FINISH 
110403:T589126_38:MACHINE DONE
110403:T589126_38:Error Code 0
110503:T589126_39:Machine Process.. START
110503:T589126_39:GOING TO SEND START
110503:T589126_39:SENT START, WAITING FOR FINISH 
110528:T589126_39:MACHINE DONE
110528:T589126_39:Error Code 0
110639:T589126_40:Machine Process.. START
110640:T589126_40:GOING TO SEND START
110640:T589126_40:SENT START, WAITING FOR FINISH 
110704:T589126_40:MACHINE DONE
110704:T589126_40:Error Code 0
110811:T510837_1:Machine Process.. START
110812:T510837_1:GOING TO SEND START
110812:T510837_1:SENT START, WAITING FOR FINISH 
110836:T510837_1:MACHINE DONE
110836:T510837_1:Error Code 0
110949:T510837_2:Machine Process.. START
110950:T510837_2:GOING TO SEND START
110950:T510837_2:SENT START, WAITING FOR FINISH 
111015:T510837_2:MACHINE DONE
111015:T510837_2:Error Code 0
111136:T510837_3:Machine Process.. START
111137:T510837_3:GOING TO SEND START
111137:T510837_3:SENT START, WAITING FOR FINISH 
111205:T510837_3:MACHINE DONE
111205:T510837_3:Error Code 0
111519:T510837_4:Machine Process.. START
111520:T510837_4:GOING TO SEND START
111520:T510837_4:SENT START, WAITING FOR FINISH 
111544:T510837_4:MACHINE DONE
111544:T510837_4:Error Code 0
111651:T510837_5:Machine Process.. START
111651:T510837_5:GOING TO SEND START
111652:T510837_5:SENT START, WAITING FOR FINISH 
111716:T510837_5:MACHINE DONE
111716:T510837_5:Error Code 0
111812:T510837_6:Machine Process.. START
111812:T510837_6:GOING TO SEND START
111813:T510837_6:SENT START, WAITING FOR FINISH 
111837:T510837_6:MACHINE DONE
111837:T510837_6:Error Code 0
111946:T510837_7:Machine Process.. START
111947:T510837_7:GOING TO SEND START
111947:T510837_7:SENT START, WAITING FOR FINISH 
112011:T510837_7:MACHINE DONE
112012:T510837_7:Error Code 0
112126:T510837_8:Machine Process.. START
112127:T510837_8:GOING TO SEND START
112127:T510837_8:SENT START, WAITING FOR FINISH 
112152:T510837_8:MACHINE DONE
112152:T510837_8:Error Code 0
112333:T510837_9:Machine Process.. START
112334:T510837_9:GOING TO SEND START
112334:T510837_9:SENT START, WAITING FOR FINISH 
112359:T510837_9:MACHINE DONE
112359:T510837_9:Error Code 0
112524:T510837_10:Machine Process.. START
112524:T510837_10:GOING TO SEND START
112525:T510837_10:SENT START, WAITING FOR FINISH 
112549:T510837_10:MACHINE DONE
112549:T510837_10:Error Code 0
112721:T510837_11:Machine Process.. START
112722:T510837_11:GOING TO SEND START
112722:T510837_11:SENT START, WAITING FOR FINISH 
112747:T510837_11:MACHINE DONE
112747:T510837_11:Error Code 0
112857:T510837_12:Machine Process.. START
112858:T510837_12:GOING TO SEND START
112858:T510837_12:SENT START, WAITING FOR FINISH 
112922:T510837_12:MACHINE DONE
112922:T510837_12:Error Code 0
113148:T510837_13:Machine Process.. START
113148:T510837_13:GOING TO SEND START
113149:T510837_13:SENT START, WAITING FOR FINISH 
113213:T510837_13:MACHINE DONE
113213:T510837_13:Error Code 0
113452:T510837_14:Machine Process.. START
113452:T510837_14:GOING TO SEND START
113453:T510837_14:SENT START, WAITING FOR FINISH 
113516:T510837_14:MACHINE DONE
113516:T510837_14:Error Code 0
113622:T510837_15:Machine Process.. START
113623:T510837_15:GOING TO SEND START
113623:T510837_15:SENT START, WAITING FOR FINISH 
113649:T510837_15:MACHINE DONE
113649:T510837_15:Error Code 0
113830:T510837_16:Machine Process.. START
113830:T510837_16:GOING TO SEND START
113831:T510837_16:SENT START, WAITING FOR FINISH 
113856:T510837_16:MACHINE DONE
113856:T510837_16:Error Code 0
114023:T510837_17:Machine Process.. START
114023:T510837_17:GOING TO SEND START
114024:T510837_17:SENT START, WAITING FOR FINISH 
114048:T510837_17:MACHINE DONE
114048:T510837_17:Error Code 0
114149:T510837_18:Machine Process.. START
114149:T510837_18:GOING TO SEND START
114149:T510837_18:SENT START, WAITING FOR FINISH 
114214:T510837_18:MACHINE DONE
114214:T510837_18:Error Code 0
114329:T510837_19:Machine Process.. START
114329:T510837_19:GOING TO SEND START
114329:T510837_19:SENT START, WAITING FOR FINISH 
114355:T510837_19:MACHINE DONE
114355:T510837_19:Error Code 0
114517:T510837_20:Machine Process.. START
114518:T510837_20:GOING TO SEND START
114518:T510837_20:SENT START, WAITING FOR FINISH 
114542:T510837_20:MACHINE DONE
114542:T510837_20:Error Code 0
114702:T510837_21:Machine Process.. START
114702:T510837_21:GOING TO SEND START
114703:T510837_21:SENT START, WAITING FOR FINISH 
114727:T510837_21:MACHINE DONE
114727:T510837_21:Error Code 0
115010:T510837_22:Machine Process.. START
115010:T510837_22:GOING TO SEND START
115011:T510837_22:SENT START, WAITING FOR FINISH 
115040:T510837_22:MACHINE DONE
115040:T510837_22:Error Code 0
115238:T510837_23:Machine Process.. START
115239:T510837_23:GOING TO SEND START
115239:T510837_23:SENT START, WAITING FOR FINISH 
115305:T510837_23:MACHINE DONE
115305:T510837_23:Error Code 0
130443:T510837_24:Machine Process.. START
130443:T510837_24:GOING TO SEND START
130443:T510837_24:SENT START, WAITING FOR FINISH 
130509:T510837_24:MACHINE DONE
130509:T510837_24:Error Code 0
130658:T510837_25:Machine Process.. START
130658:T510837_25:GOING TO SEND START
130658:T510837_25:SENT START, WAITING FOR FINISH 
130724:T510837_25:MACHINE DONE
130724:T510837_25:Error Code 0
131544:T510837_26:Machine Process.. START
131544:T510837_26:GOING TO SEND START
131545:T510837_26:SENT START, WAITING FOR FINISH 
131609:T510837_26:MACHINE DONE
131609:T510837_26:Error Code 0
131905:T510837_27:Machine Process.. START
131905:T510837_27:GOING TO SEND START
131906:T510837_27:SENT START, WAITING FOR FINISH 
131937:T510837_27:MACHINE DONE
131937:T510837_27:Error Code 0
132058:T510837_28:Machine Process.. START
132058:T510837_28:GOING TO SEND START
132058:T510837_28:SENT START, WAITING FOR FINISH 
132123:T510837_28:MACHINE DONE
132124:T510837_28:Error Code 0
132233:T510837_29:Machine Process.. START
132234:T510837_29:GOING TO SEND START
132234:T510837_29:SENT START, WAITING FOR FINISH 
132258:T510837_29:MACHINE DONE
132258:T510837_29:Error Code 0
132416:T510837_30:Machine Process.. START
132416:T510837_30:GOING TO SEND START
132417:T510837_30:SENT START, WAITING FOR FINISH 
132442:T510837_30:MACHINE DONE
132442:T510837_30:Error Code 0
132618:T510837_31:Machine Process.. START
132618:T510837_31:GOING TO SEND START
132618:T510837_31:SENT START, WAITING FOR FINISH 
132643:T510837_31:MACHINE DONE
132643:T510837_31:Error Code 0
132815:T510837_32:Machine Process.. START
132815:T510837_32:GOING TO SEND START
132816:T510837_32:SENT START, WAITING FOR FINISH 
132841:T510837_32:MACHINE DONE
132841:T510837_32:Error Code 0
133127:T510837_33:Machine Process.. START
133127:T510837_33:GOING TO SEND START
133127:T510837_33:SENT START, WAITING FOR FINISH 
133153:T510837_33:MACHINE DONE
133153:T510837_33:Error Code 0
133305:T510837_34:Machine Process.. START
133306:T510837_34:GOING TO SEND START
133306:T510837_34:SENT START, WAITING FOR FINISH 
133331:T510837_34:MACHINE DONE
133331:T510837_34:Error Code 0
133451:T510837_35:Machine Process.. START
133451:T510837_35:GOING TO SEND START
133452:T510837_35:SENT START, WAITING FOR FINISH 
133516:T510837_35:MACHINE DONE
133516:T510837_35:Error Code 0
133633:T510837_36:Machine Process.. START
133633:T510837_36:GOING TO SEND START
133633:T510837_36:SENT START, WAITING FOR FINISH 
133658:T510837_36:MACHINE DONE
133659:T510837_36:Error Code 0
133855:T510837_37:Machine Process.. START
133856:T510837_37:GOING TO SEND START
133856:T510837_37:SENT START, WAITING FOR FINISH 
133921:T510837_37:MACHINE DONE
133921:T510837_37:Error Code 0
134301:T510837_38:Machine Process.. START
134301:T510837_38:GOING TO SEND START
134302:T510837_38:SENT START, WAITING FOR FINISH 
134326:T510837_38:MACHINE DONE
134326:T510837_38:Error Code 0
134455:T510837_39:Machine Process.. START
134455:T510837_39:GOING TO SEND START
134456:T510837_39:SENT START, WAITING FOR FINISH 
134521:T510837_39:MACHINE DONE
134521:T510837_39:Error Code 0
134640:T510837_40:Machine Process.. START
134640:T510837_40:GOING TO SEND START
134640:T510837_40:SENT START, WAITING FOR FINISH 
134706:T510837_40:MACHINE DONE
134707:T510837_40:Error Code 0
134820:T510837_41:Machine Process.. START
134820:T510837_41:GOING TO SEND START
134820:T510837_41:SENT START, WAITING FOR FINISH 
134845:T510837_41:MACHINE DONE
134845:T510837_41:Error Code 0
135015:T510837_42:Machine Process.. START
135015:T510837_42:GOING TO SEND START
135015:T510837_42:SENT START, WAITING FOR FINISH 
135040:T510837_42:MACHINE DONE
135040:T510837_42:Error Code 0
135203:T510837_43:Machine Process.. START
135204:T510837_43:GOING TO SEND START
135204:T510837_43:SENT START, WAITING FOR FINISH 
135229:T510837_43:MACHINE DONE
135229:T510837_43:Error Code 0
135348:T510837_44:Machine Process.. START
135348:T510837_44:GOING TO SEND START
135348:T510837_44:SENT START, WAITING FOR FINISH 
135414:T510837_44:MACHINE DONE
135414:T510837_44:Error Code 0
135537:T510837_45:Machine Process.. START
135538:T510837_45:GOING TO SEND START
135538:T510837_45:SENT START, WAITING FOR FINISH 
135603:T510837_45:MACHINE DONE
135604:T510837_45:Error Code 0
135729:T510837_46:Machine Process.. START
135729:T510837_46:GOING TO SEND START
135729:T510837_46:SENT START, WAITING FOR FINISH 
135755:T510837_46:MACHINE DONE
135755:T510837_46:Error Code 0
135903:T510837_47:Machine Process.. START
135903:T510837_47:GOING TO SEND START
135903:T510837_47:SENT START, WAITING FOR FINISH 
135928:T510837_47:MACHINE DONE
135928:T510837_47:Error Code 0
140105:T510837_48:Machine Process.. START
140105:T510837_48:GOING TO SEND START
140106:T510837_48:SENT START, WAITING FOR FINISH 
140131:T510837_48:MACHINE DONE
140131:T510837_48:Error Code 0
140255:T510837_49:Machine Process.. START
140255:T510837_49:GOING TO SEND START
140255:T510837_49:SENT START, WAITING FOR FINISH 
140321:T510837_49:MACHINE DONE
140321:T510837_49:Error Code 0
140438:T510837_50:Machine Process.. START
140438:T510837_50:GOING TO SEND START
140438:T510837_50:SENT START, WAITING FOR FINISH 
140503:T510837_50:MACHINE DONE
140503:T510837_50:Error Code 0
140615:T510837_51:Machine Process.. START
140615:T510837_51:GOING TO SEND START
140616:T510837_51:SENT START, WAITING FOR FINISH 
140640:T510837_51:MACHINE DONE
140640:T510837_51:Error Code 0
140821:T510837_52:Machine Process.. START
140822:T510837_52:GOING TO SEND START
140822:T510837_52:SENT START, WAITING FOR FINISH 
140847:T510837_52:MACHINE DONE
140848:T510837_52:Error Code 0
141114:T510837_53:Machine Process.. START
141115:T510837_53:GOING TO SEND START
141115:T510837_53:SENT START, WAITING FOR FINISH 
141141:T510837_53:MACHINE DONE
141141:T510837_53:Error Code 0
141323:T510837_54:Machine Process.. START
141323:T510837_54:GOING TO SEND START
141323:T510837_54:SENT START, WAITING FOR FINISH 
141348:T510837_54:MACHINE DONE
141348:T510837_54:Error Code 0
141450:T510837_55:Machine Process.. START
141451:T510837_55:GOING TO SEND START
141451:T510837_55:SENT START, WAITING FOR FINISH 
141516:T510837_55:MACHINE DONE
141516:T510837_55:Error Code 0
141641:T510837_56:Machine Process.. START
141642:T510837_56:GOING TO SEND START
141642:T510837_56:SENT START, WAITING FOR FINISH 
141706:T510837_56:MACHINE DONE
141706:T510837_56:Error Code 0
141818:T510837_57:Machine Process.. START
141818:T510837_57:GOING TO SEND START
141819:T510837_57:SENT START, WAITING FOR FINISH 
141843:T510837_57:MACHINE DONE
141844:T510837_57:Error Code 0
142013:T510837_58:Machine Process.. START
142013:T510837_58:GOING TO SEND START
142014:T510837_58:SENT START, WAITING FOR FINISH 
142038:T510837_58:MACHINE DONE
142038:T510837_58:Error Code 0
142204:T510837_59:Machine Process.. START
142204:T510837_59:GOING TO SEND START
142205:T510837_59:SENT START, WAITING FOR FINISH 
142229:T510837_59:MACHINE DONE
142229:T510837_59:Error Code 0
142332:T510837_60:Machine Process.. START
142333:T510837_60:GOING TO SEND START
142333:T510837_60:SENT START, WAITING FOR FINISH 
142359:T510837_60:MACHINE DONE
142359:T510837_60:Error Code 0
142519:T510837_61:Machine Process.. START
142519:T510837_61:GOING TO SEND START
142520:T510837_61:SENT START, WAITING FOR FINISH 
142544:T510837_61:MACHINE DONE
142544:T510837_61:Error Code 0
143135:T510837_62:Machine Process.. START
143136:T510837_62:GOING TO SEND START
143136:T510837_62:SENT START, WAITING FOR FINISH 
143239:T510837_62:MACHINE DONE
143239:T510837_62:Error Code 0
143328:T510837_63:Machine Process.. START
143328:T510837_63:GOING TO SEND START
143328:T510837_63:SENT START, WAITING FOR FINISH 
143353:T510837_63:MACHINE DONE
143353:T510837_63:Error Code 0
143547:T510837_64:Machine Process.. START
143548:T510837_64:GOING TO SEND START
143548:T510837_64:SENT START, WAITING FOR FINISH 
143614:T510837_64:MACHINE DONE
143614:T510837_64:Error Code 0
143751:T510837_65:Machine Process.. START
143751:T510837_65:GOING TO SEND START
143751:T510837_65:SENT START, WAITING FOR FINISH 
143817:T510837_65:MACHINE DONE
143817:T510837_65:Error Code 0
143940:T510837_66:Machine Process.. START
143940:T510837_66:GOING TO SEND START
143941:T510837_66:SENT START, WAITING FOR FINISH 
144005:T510837_66:MACHINE DONE
144005:T510837_66:Error Code 0
144119:T510837_67:Machine Process.. START
144119:T510837_67:GOING TO SEND START
144120:T510837_67:SENT START, WAITING FOR FINISH 
144145:T510837_67:MACHINE DONE
144145:T510837_67:Error Code 0
144309:T510837_68:Machine Process.. START
144310:T510837_68:GOING TO SEND START
144310:T510837_68:SENT START, WAITING FOR FINISH 
144334:T510837_68:MACHINE DONE
144335:T510837_68:Error Code 0
144456:T510837_69:Machine Process.. START
144457:T510837_69:GOING TO SEND START
144457:T510837_69:SENT START, WAITING FOR FINISH 
144522:T510837_69:MACHINE DONE
144522:T510837_69:Error Code 0
144655:T510837_70:Machine Process.. START
144656:T510837_70:GOING TO SEND START
144656:T510837_70:SENT START, WAITING FOR FINISH 
144721:T510837_70:MACHINE DONE
144721:T510837_70:Error Code 0
144845:T510837_71:Machine Process.. START
144845:T510837_71:GOING TO SEND START
144845:T510837_71:SENT START, WAITING FOR FINISH 
144910:T510837_71:MACHINE DONE
144910:T510837_71:Error Code 0
145030:T510837_72:Machine Process.. START
145030:T510837_72:GOING TO SEND START
145031:T510837_72:SENT START, WAITING FOR FINISH 
145055:T510837_72:MACHINE DONE
145055:T510837_72:Error Code 0
145221:T510837_73:Machine Process.. START
145221:T510837_73:GOING TO SEND START
145222:T510837_73:SENT START, WAITING FOR FINISH 
145246:T510837_73:MACHINE DONE
145246:T510837_73:Error Code 0
145401:T510837_74:Machine Process.. START
145401:T510837_74:GOING TO SEND START
145401:T510837_74:SENT START, WAITING FOR FINISH 
145427:T510837_74:MACHINE DONE
145427:T510837_74:Error Code 0
145555:T510837_75:Machine Process.. START
145555:T510837_75:GOING TO SEND START
145555:T510837_75:SENT START, WAITING FOR FINISH 
145620:T510837_75:MACHINE DONE
145620:T510837_75:Error Code 0
151412:T510837_76:Machine Process.. START
151412:T510837_76:GOING TO SEND START
151413:T510837_76:SENT START, WAITING FOR FINISH 
151437:T510837_76:MACHINE DONE
151437:T510837_76:Error Code 0
151555:T510837_77:Machine Process.. START
151555:T510837_77:GOING TO SEND START
151556:T510837_77:SENT START, WAITING FOR FINISH 
151623:T510837_77:MACHINE DONE
151623:T510837_77:Error Code 0
151740:T510837_78:Machine Process.. START
151740:T510837_78:GOING TO SEND START
151741:T510837_78:SENT START, WAITING FOR FINISH 
151805:T510837_78:MACHINE DONE
151805:T510837_78:Error Code 0
151917:T510837_79:Machine Process.. START
151918:T510837_79:GOING TO SEND START
151918:T510837_79:SENT START, WAITING FOR FINISH 
151942:T510837_79:MACHINE DONE
151942:T510837_79:Error Code 0
152053:T510837_80:Machine Process.. START
152053:T510837_80:GOING TO SEND START
152054:T510837_80:SENT START, WAITING FOR FINISH 
152120:T510837_80:MACHINE DONE
152120:T510837_80:Error Code 0
152231:T510837_81:Machine Process.. START
152231:T510837_81:GOING TO SEND START
152232:T510837_81:SENT START, WAITING FOR FINISH 
152256:T510837_81:MACHINE DONE
152256:T510837_81:Error Code 0
152418:T510837_82:Machine Process.. START
152418:T510837_82:GOING TO SEND START
152419:T510837_82:SENT START, WAITING FOR FINISH 
152444:T510837_82:MACHINE DONE
152444:T510837_82:Error Code 0
152607:T510837_83:Machine Process.. START
152607:T510837_83:GOING TO SEND START
152608:T510837_83:SENT START, WAITING FOR FINISH 
152633:T510837_83:MACHINE DONE
152633:T510837_83:Error Code 0
152742:T510837_84:Machine Process.. START
152743:T510837_84:GOING TO SEND START
152743:T510837_84:SENT START, WAITING FOR FINISH 
152807:T510837_84:MACHINE DONE
152807:T510837_84:Error Code 0
152929:T510837_85:Machine Process.. START
152929:T510837_85:GOING TO SEND START
152930:T510837_85:SENT START, WAITING FOR FINISH 
152954:T510837_85:MACHINE DONE
152954:T510837_85:Error Code 0
153113:T510837_86:Machine Process.. START
153113:T510837_86:GOING TO SEND START
153113:T510837_86:SENT START, WAITING FOR FINISH 
153138:T510837_86:MACHINE DONE
153138:T510837_86:Error Code 0
153252:T510837_87:Machine Process.. START
153253:T510837_87:GOING TO SEND START
153253:T510837_87:SENT START, WAITING FOR FINISH 
153318:T510837_87:MACHINE DONE
153318:T510837_87:Error Code 0
153450:T510837_88:Machine Process.. START
153450:T510837_88:GOING TO SEND START
153450:T510837_88:SENT START, WAITING FOR FINISH 
153517:T510837_88:MACHINE DONE
153517:T510837_88:Error Code 0
153637:T510837_89:Machine Process.. START
153638:T510837_89:GOING TO SEND START
153638:T510837_89:SENT START, WAITING FOR FINISH 
153702:T510837_89:MACHINE DONE
153702:T510837_89:Error Code 0
153849:T510837_90:Machine Process.. START
153849:T510837_90:GOING TO SEND START
153850:T510837_90:SENT START, WAITING FOR FINISH 
153915:T510837_90:MACHINE DONE
153915:T510837_90:Error Code 0
154029:T510837_91:Machine Process.. START
154029:T510837_91:GOING TO SEND START
154029:T510837_91:SENT START, WAITING FOR FINISH 
154054:T510837_91:MACHINE DONE
154055:T510837_91:Error Code 0
154206:T510837_92:Machine Process.. START
154206:T510837_92:GOING TO SEND START
154207:T510837_92:SENT START, WAITING FOR FINISH 
154231:T510837_92:MACHINE DONE
154231:T510837_92:Error Code 0
154400:T510837_93:Machine Process.. START
154400:T510837_93:GOING TO SEND START
154401:T510837_93:SENT START, WAITING FOR FINISH 
154425:T510837_93:MACHINE DONE
154425:T510837_93:Error Code 0
154534:T510837_94:Machine Process.. START
154535:T510837_94:GOING TO SEND START
154535:T510837_94:SENT START, WAITING FOR FINISH 
154601:T510837_94:MACHINE DONE
154601:T510837_94:Error Code 0
154712:T510837_95:Machine Process.. START
154713:T510837_95:GOING TO SEND START
154713:T510837_95:SENT START, WAITING FOR FINISH 
154739:T510837_95:MACHINE DONE
154739:T510837_95:Error Code 0
154845:T510837_96:Machine Process.. START
154845:T510837_96:GOING TO SEND START
154846:T510837_96:SENT START, WAITING FOR FINISH 
154910:T510837_96:MACHINE DONE
154910:T510837_96:Error Code 0
155028:T510837_97:Machine Process.. START
155028:T510837_97:GOING TO SEND START
155029:T510837_97:SENT START, WAITING FOR FINISH 
155053:T510837_97:MACHINE DONE
155053:T510837_97:Error Code 0
155910:T510837_98:Machine Process.. START
155910:T510837_98:GOING TO SEND START
155911:T510837_98:SENT START, WAITING FOR FINISH 
155936:T510837_98:MACHINE DONE
155936:T510837_98:Error Code 0
160102:T510837_99:Machine Process.. START
160102:T510837_99:GOING TO SEND START
160102:T510837_99:SENT START, WAITING FOR FINISH 
160127:T510837_99:MACHINE DONE
160127:T510837_99:Error Code 0
161435:T510837_100:Machine Process.. START
161435:T510837_100:GOING TO SEND START
161435:T510837_100:SENT START, WAITING FOR FINISH 
161501:T510837_100:MACHINE DONE
161501:T510837_100:Error Code 0
