095130:T510836_1:Machine Process.. START
095130:T510836_1:GOING TO SEND START
095131:T510836_1:SENT START, WAITING FOR FINISH 
095139:T510836_1:MACHINE DONE
095139:T510836_1:Error Code 0
102105:T510836_2:Machine Process.. START
102105:T510836_2:GOING TO SEND START
102105:T510836_2:SENT START, WAITING FOR FINISH 
102116:T510836_2:MACHINE DONE
102116:T510836_2:Error Code 0
102132:T510836_3:Machine Process.. START
102132:T510836_3:GOING TO SEND START
102133:T510836_3:SENT START, WAITING FOR FINISH 
102141:T510836_3:MACHINE DONE
102141:T510836_3:Error Code 0
102215:T510836_4:Machine Process.. START
102215:T510836_4:GOING TO SEND START
102215:T510836_4:SENT START, WAITING FOR FINISH 
102223:T510836_4:MACHINE DONE
102223:T510836_4:Error Code 0
102305:T510836_5:Machine Process.. START
102305:T510836_5:GOING TO SEND START
102305:T510836_5:SENT START, WAITING FOR FINISH 
102319:T510836_5:MACHINE DONE
102319:T510836_5:Error Code 0
102334:T510836_6:Machine Process.. START
102335:T510836_6:GOING TO SEND START
102335:T510836_6:SENT START, WAITING FOR FINISH 
102348:T510836_6:MACHINE DONE
102348:T510836_6:Error Code 0
102427:T510836_7:Machine Process.. START
102427:T510836_7:GOING TO SEND START
102428:T510836_7:SENT START, WAITING FOR FINISH 
102436:T510836_7:MACHINE DONE
102436:T510836_7:Error Code 0
102513:T510836_8:Machine Process.. START
102513:T510836_8:GOING TO SEND START
102514:T510836_8:SENT START, WAITING FOR FINISH 
102520:T510836_8:MACHINE DONE
102520:T510836_8:Error Code 0
102552:T510836_9:Machine Process.. START
102552:T510836_9:GOING TO SEND START
102553:T510836_9:SENT START, WAITING FOR FINISH 
102603:T510836_9:MACHINE DONE
102603:T510836_9:Error Code 0
102641:T510836_10:Machine Process.. START
102642:T510836_10:GOING TO SEND START
102642:T510836_10:SENT START, WAITING FOR FINISH 
102703:T510836_10:MACHINE DONE
102703:T510836_10:Error Code 0
102818:T510836_11:Machine Process.. START
102818:T510836_11:GOING TO SEND START
102818:T510836_11:SENT START, WAITING FOR FINISH 
102825:T510836_11:MACHINE DONE
102825:T510836_11:Error Code 0
102916:T510836_12:Machine Process.. START
102916:T510836_12:GOING TO SEND START
102916:T510836_12:SENT START, WAITING FOR FINISH 
102923:T510836_12:MACHINE DONE
102923:T510836_12:Error Code 0
103134:T510836_13:Machine Process.. START
103135:T510836_13:GOING TO SEND START
103135:T510836_13:SENT START, WAITING FOR FINISH 
103140:T510836_13:MACHINE DONE
103140:T510836_13:Error Code 0
103303:T510836_14:Machine Process.. START
103303:T510836_14:GOING TO SEND START
103303:T510836_14:SENT START, WAITING FOR FINISH 
103312:T510836_14:MACHINE DONE
103312:T510836_14:Error Code 0
103431:T510836_15:Machine Process.. START
103431:T510836_15:GOING TO SEND START
103431:T510836_15:SENT START, WAITING FOR FINISH 
103440:T510836_15:MACHINE DONE
103440:T510836_15:Error Code 0
103604:T510836_16:Machine Process.. START
103604:T510836_16:GOING TO SEND START
103604:T510836_16:SENT START, WAITING FOR FINISH 
103614:T510836_16:MACHINE DONE
103614:T510836_16:Error Code 0
103638:T510836_17:Machine Process.. START
103638:T510836_17:GOING TO SEND START
103638:T510836_17:SENT START, WAITING FOR FINISH 
103644:T510836_17:MACHINE DONE
103644:T510836_17:Error Code 0
103811:T510836_18:Machine Process.. START
103811:T510836_18:GOING TO SEND START
103812:T510836_18:SENT START, WAITING FOR FINISH 
103823:T510836_18:MACHINE DONE
103823:T510836_18:Error Code 0
104009:T510836_19:Machine Process.. START
104009:T510836_19:GOING TO SEND START
104009:T510836_19:SENT START, WAITING FOR FINISH 
104149:T510836_20:Machine Process.. START
104149:T510836_20:GOING TO SEND START
104149:T510836_20:SENT START, WAITING FOR FINISH 
104157:T510836_20:MACHINE DONE
104157:T510836_20:Error Code 0
104252:T510836_21:Machine Process.. START
104253:T510836_21:GOING TO SEND START
104253:T510836_21:SENT START, WAITING FOR FINISH 
104304:T510836_21:MACHINE DONE
104304:T510836_21:Error Code 0
104416:T510836_22:Machine Process.. START
104416:T510836_22:GOING TO SEND START
104417:T510836_22:SENT START, WAITING FOR FINISH 
104452:T510836_22:MACHINE DONE
104452:T510836_22:Error Code 0
104526:T510836_23:Machine Process.. START
104526:T510836_23:GOING TO SEND START
104527:T510836_23:SENT START, WAITING FOR FINISH 
104543:T510836_23:MACHINE DONE
104543:T510836_23:Error Code 0
104647:T510836_24:Machine Process.. START
104647:T510836_24:GOING TO SEND START
104647:T510836_24:SENT START, WAITING FOR FINISH 
104658:T510836_24:MACHINE DONE
104658:T510836_24:Error Code 0
104808:T510836_25:Machine Process.. START
104808:T510836_25:GOING TO SEND START
104809:T510836_25:SENT START, WAITING FOR FINISH 
104817:T510836_25:MACHINE DONE
104817:T510836_25:Error Code 0
105054:T510836_26:Machine Process.. START
105054:T510836_26:GOING TO SEND START
105054:T510836_26:SENT START, WAITING FOR FINISH 
105101:T510836_26:MACHINE DONE
105101:T510836_26:Error Code 0
105220:T510836_27:Machine Process.. START
105220:T510836_27:GOING TO SEND START
105220:T510836_27:SENT START, WAITING FOR FINISH 
105230:T510836_27:MACHINE DONE
105230:T510836_27:Error Code 0
105330:T510836_28:Machine Process.. START
105330:T510836_28:GOING TO SEND START
105330:T510836_28:SENT START, WAITING FOR FINISH 
105342:T510836_28:MACHINE DONE
105342:T510836_28:Error Code 0
105445:T510836_29:Machine Process.. START
105445:T510836_29:GOING TO SEND START
105446:T510836_29:SENT START, WAITING FOR FINISH 
105451:T510836_29:MACHINE DONE
105451:T510836_29:Error Code 0
105605:T510836_30:Machine Process.. START
105605:T510836_30:GOING TO SEND START
105605:T510836_30:SENT START, WAITING FOR FINISH 
105613:T510836_30:MACHINE DONE
105614:T510836_30:Error Code 0
105825:T510836_31:Machine Process.. START
105825:T510836_31:GOING TO SEND START
105825:T510836_31:SENT START, WAITING FOR FINISH 
105831:T510836_31:MACHINE DONE
105831:T510836_31:Error Code 0
105928:T510836_32:Machine Process.. START
105928:T510836_32:GOING TO SEND START
105929:T510836_32:SENT START, WAITING FOR FINISH 
105946:T510836_32:MACHINE DONE
105946:T510836_32:Error Code 0
110309:T510836_33:Machine Process.. START
110310:T510836_33:GOING TO SEND START
110310:T510836_33:SENT START, WAITING FOR FINISH 
110321:T510836_33:MACHINE DONE
110321:T510836_33:Error Code 0
110434:T510836_34:Machine Process.. START
110434:T510836_34:GOING TO SEND START
110434:T510836_34:SENT START, WAITING FOR FINISH 
110441:T510836_34:MACHINE DONE
110441:T510836_34:Error Code 0
130351:T510836_35:Machine Process.. START
130351:T510836_35:GOING TO SEND START
130352:T510836_35:SENT START, WAITING FOR FINISH 
130407:T510836_35:MACHINE DONE
130407:T510836_35:Error Code 0
130423:T510836_36:Machine Process.. START
130423:T510836_36:GOING TO SEND START
130424:T510836_36:SENT START, WAITING FOR FINISH 
130432:T510836_36:MACHINE DONE
130432:T510836_36:Error Code 0
130534:T510836_37:Machine Process.. START
130534:T510836_37:GOING TO SEND START
130535:T510836_37:SENT START, WAITING FOR FINISH 
130545:T510836_37:MACHINE DONE
130545:T510836_37:Error Code 0
130614:T510836_38:Machine Process.. START
130614:T510836_38:GOING TO SEND START
130614:T510836_38:SENT START, WAITING FOR FINISH 
130624:T510836_38:MACHINE DONE
130624:T510836_38:Error Code 0
130721:T510836_39:Machine Process.. START
130721:T510836_39:GOING TO SEND START
130722:T510836_39:SENT START, WAITING FOR FINISH 
130733:T510836_39:MACHINE DONE
130733:T510836_39:Error Code 0
130822:T510836_40:Machine Process.. START
130823:T510836_40:GOING TO SEND START
130823:T510836_40:SENT START, WAITING FOR FINISH 
130833:T510836_40:MACHINE DONE
130833:T510836_40:Error Code 0
130859:T510836_41:Machine Process.. START
130859:T510836_41:GOING TO SEND START
130859:T510836_41:SENT START, WAITING FOR FINISH 
130905:T510836_41:MACHINE DONE
130905:T510836_41:Error Code 0
130941:T510836_42:Machine Process.. START
130942:T510836_42:GOING TO SEND START
130942:T510836_42:SENT START, WAITING FOR FINISH 
130951:T510836_42:MACHINE DONE
130951:T510836_42:Error Code 0
131015:T510836_43:Machine Process.. START
131015:T510836_43:GOING TO SEND START
131015:T510836_43:SENT START, WAITING FOR FINISH 
131029:T510836_43:MACHINE DONE
131029:T510836_43:Error Code 0
131312:T510836_44:Machine Process.. START
131312:T510836_44:GOING TO SEND START
131312:T510836_44:SENT START, WAITING FOR FINISH 
131328:T510836_44:MACHINE DONE
131328:T510836_44:Error Code 0
131354:T510836_45:Machine Process.. START
131354:T510836_45:GOING TO SEND START
131355:T510836_45:SENT START, WAITING FOR FINISH 
131408:T510836_45:MACHINE DONE
131408:T510836_45:Error Code 0
134134:T510836_46:Machine Process.. START
134135:T510836_46:GOING TO SEND START
134135:T510836_46:SENT START, WAITING FOR FINISH 
134149:T510836_46:MACHINE DONE
134149:T510836_46:Error Code 0
135018:T510836_47:Machine Process.. START
135018:T510836_47:GOING TO SEND START
135018:T510836_47:SENT START, WAITING FOR FINISH 
135027:T510836_47:MACHINE DONE
135027:T510836_47:Error Code 0
135051:T510836_48:Machine Process.. START
135051:T510836_48:GOING TO SEND START
135051:T510836_48:SENT START, WAITING FOR FINISH 
135100:T510836_48:MACHINE DONE
135100:T510836_48:Error Code 0
135128:T510836_49:Machine Process.. START
135128:T510836_49:GOING TO SEND START
135129:T510836_49:SENT START, WAITING FOR FINISH 
135136:T510836_49:MACHINE DONE
135136:T510836_49:Error Code 0
135205:T510836_50:Machine Process.. START
135205:T510836_50:GOING TO SEND START
135205:T510836_50:SENT START, WAITING FOR FINISH 
135213:T510836_50:MACHINE DONE
135213:T510836_50:Error Code 0
135348:T510836_51:Machine Process.. START
135349:T510836_51:GOING TO SEND START
135349:T510836_51:SENT START, WAITING FOR FINISH 
135402:T510836_51:MACHINE DONE
135402:T510836_51:Error Code 0
135443:T510836_52:Machine Process.. START
135443:T510836_52:GOING TO SEND START
135443:T510836_52:SENT START, WAITING FOR FINISH 
135455:T510836_52:MACHINE DONE
135455:T510836_52:Error Code 0
135624:T510836_53:Machine Process.. START
135624:T510836_53:GOING TO SEND START
135624:T510836_53:SENT START, WAITING FOR FINISH 
135632:T510836_53:MACHINE DONE
135632:T510836_53:Error Code 0
135914:T510836_54:Machine Process.. START
135914:T510836_54:GOING TO SEND START
135914:T510836_54:SENT START, WAITING FOR FINISH 
135923:T510836_54:MACHINE DONE
135923:T510836_54:Error Code 0
135957:T510836_55:Machine Process.. START
135957:T510836_55:GOING TO SEND START
135957:T510836_55:SENT START, WAITING FOR FINISH 
140003:T510836_55:MACHINE DONE
140003:T510836_55:Error Code 0
140221:T510836_56:Machine Process.. START
140221:T510836_56:GOING TO SEND START
140221:T510836_56:SENT START, WAITING FOR FINISH 
140232:T510836_56:MACHINE DONE
140232:T510836_56:Error Code 0
140329:T510836_57:Machine Process.. START
140329:T510836_57:GOING TO SEND START
140330:T510836_57:SENT START, WAITING FOR FINISH 
140337:T510836_57:MACHINE DONE
140337:T510836_57:Error Code 0
140429:T510836_58:Machine Process.. START
140429:T510836_58:GOING TO SEND START
140429:T510836_58:SENT START, WAITING FOR FINISH 
140434:T510836_58:MACHINE DONE
140434:T510836_58:Error Code 0
140624:T510836_59:Machine Process.. START
140624:T510836_59:GOING TO SEND START
140624:T510836_59:SENT START, WAITING FOR FINISH 
140630:T510836_59:MACHINE DONE
140630:T510836_59:Error Code 0
140727:T510836_60:Machine Process.. START
140727:T510836_60:GOING TO SEND START
140727:T510836_60:SENT START, WAITING FOR FINISH 
140736:T510836_60:MACHINE DONE
140736:T510836_60:Error Code 0
140819:T510836_61:Machine Process.. START
140819:T510836_61:GOING TO SEND START
140820:T510836_61:SENT START, WAITING FOR FINISH 
140828:T510836_61:MACHINE DONE
140829:T510836_61:Error Code 0
140902:T510836_62:Machine Process.. START
140902:T510836_62:GOING TO SEND START
140902:T510836_62:SENT START, WAITING FOR FINISH 
140908:T510836_62:MACHINE DONE
140908:T510836_62:Error Code 0
140951:T510836_63:Machine Process.. START
140951:T510836_63:GOING TO SEND START
140952:T510836_63:SENT START, WAITING FOR FINISH 
140959:T510836_63:MACHINE DONE
140959:T510836_63:Error Code 0
141025:T510836_64:Machine Process.. START
141025:T510836_64:GOING TO SEND START
141025:T510836_64:SENT START, WAITING FOR FINISH 
141035:T510836_64:MACHINE DONE
141035:T510836_64:Error Code 0
141202:T510836_65:Machine Process.. START
141202:T510836_65:GOING TO SEND START
141202:T510836_65:SENT START, WAITING FOR FINISH 
141224:T510836_65:MACHINE DONE
141224:T510836_65:Error Code 0
141254:T510836_66:Machine Process.. START
141254:T510836_66:GOING TO SEND START
141255:T510836_66:SENT START, WAITING FOR FINISH 
141303:T510836_66:MACHINE DONE
141303:T510836_66:Error Code 0
141359:T510836_67:Machine Process.. START
141400:T510836_67:GOING TO SEND START
141400:T510836_67:SENT START, WAITING FOR FINISH 
141406:T510836_67:MACHINE DONE
141406:T510836_67:Error Code 0
141502:T510836_68:Machine Process.. START
141503:T510836_68:GOING TO SEND START
141503:T510836_68:SENT START, WAITING FOR FINISH 
141510:T510836_68:MACHINE DONE
141510:T510836_68:Error Code 0
141623:T510836_69:Machine Process.. START
141623:T510836_69:GOING TO SEND START
141624:T510836_69:SENT START, WAITING FOR FINISH 
141632:T510836_69:MACHINE DONE
141632:T510836_69:Error Code 0
141955:T510836_70:Machine Process.. START
141955:T510836_70:GOING TO SEND START
141955:T510836_70:SENT START, WAITING FOR FINISH 
142005:T510836_70:MACHINE DONE
142005:T510836_70:Error Code 0
142027:T510836_71:Machine Process.. START
142027:T510836_71:GOING TO SEND START
142027:T510836_71:SENT START, WAITING FOR FINISH 
142034:T510836_71:MACHINE DONE
142034:T510836_71:Error Code 0
142137:T510836_72:Machine Process.. START
142137:T510836_72:GOING TO SEND START
142137:T510836_72:SENT START, WAITING FOR FINISH 
142145:T510836_72:MACHINE DONE
142145:T510836_72:Error Code 0
142210:T510836_73:Machine Process.. START
142210:T510836_73:GOING TO SEND START
142211:T510836_73:SENT START, WAITING FOR FINISH 
142215:T510836_73:MACHINE DONE
142216:T510836_73:Error Code 0
142316:T510836_74:Machine Process.. START
142316:T510836_74:GOING TO SEND START
142316:T510836_74:SENT START, WAITING FOR FINISH 
142331:T510836_74:MACHINE DONE
142331:T510836_74:Error Code 0
142351:T510836_75:Machine Process.. START
142352:T510836_75:GOING TO SEND START
142352:T510836_75:SENT START, WAITING FOR FINISH 
142403:T510836_75:MACHINE DONE
142403:T510836_75:Error Code 0
142505:T510836_76:Machine Process.. START
142505:T510836_76:GOING TO SEND START
142505:T510836_76:SENT START, WAITING FOR FINISH 
142510:T510836_76:MACHINE DONE
142510:T510836_76:Error Code 0
142702:T510836_77:Machine Process.. START
142702:T510836_77:GOING TO SEND START
142702:T510836_77:SENT START, WAITING FOR FINISH 
142708:T510836_77:MACHINE DONE
142708:T510836_77:Error Code 0
142839:T510836_78:Machine Process.. START
142839:T510836_78:GOING TO SEND START
142839:T510836_78:SENT START, WAITING FOR FINISH 
142846:T510836_78:MACHINE DONE
142846:T510836_78:Error Code 0
143113:T510836_79:Machine Process.. START
143113:T510836_79:GOING TO SEND START
143113:T510836_79:SENT START, WAITING FOR FINISH 
143122:T510836_79:MACHINE DONE
143122:T510836_79:Error Code 0
143137:T510836_80:Machine Process.. START
143137:T510836_80:GOING TO SEND START
143137:T510836_80:SENT START, WAITING FOR FINISH 
143144:T510836_80:MACHINE DONE
143144:T510836_80:Error Code 0
143220:T510836_81:Machine Process.. START
143220:T510836_81:GOING TO SEND START
143221:T510836_81:SENT START, WAITING FOR FINISH 
143228:T510836_81:MACHINE DONE
143228:T510836_81:Error Code 0
143254:T510836_82:Machine Process.. START
143254:T510836_82:GOING TO SEND START
143255:T510836_82:SENT START, WAITING FOR FINISH 
143301:T510836_82:MACHINE DONE
143301:T510836_82:Error Code 0
143438:T510836_83:Machine Process.. START
143438:T510836_83:GOING TO SEND START
143438:T510836_83:SENT START, WAITING FOR FINISH 
143450:T510836_83:MACHINE DONE
143450:T510836_83:Error Code 0
143510:T510836_84:Machine Process.. START
143510:T510836_84:GOING TO SEND START
143510:T510836_84:SENT START, WAITING FOR FINISH 
143519:T510836_84:MACHINE DONE
143519:T510836_84:Error Code 0
143549:T510836_85:Machine Process.. START
143549:T510836_85:GOING TO SEND START
143549:T510836_85:SENT START, WAITING FOR FINISH 
143557:T510836_85:MACHINE DONE
143557:T510836_85:Error Code 0
143648:T510836_86:Machine Process.. START
143648:T510836_86:GOING TO SEND START
143648:T510836_86:SENT START, WAITING FOR FINISH 
143656:T510836_86:MACHINE DONE
143656:T510836_86:Error Code 0
143736:T510836_87:Machine Process.. START
143736:T510836_87:GOING TO SEND START
143736:T510836_87:SENT START, WAITING FOR FINISH 
143747:T510836_87:MACHINE DONE
143747:T510836_87:Error Code 0
143919:T510836_88:Machine Process.. START
143919:T510836_88:GOING TO SEND START
143919:T510836_88:SENT START, WAITING FOR FINISH 
143927:T510836_88:MACHINE DONE
143927:T510836_88:Error Code 0
143947:T510836_89:Machine Process.. START
143948:T510836_89:GOING TO SEND START
143948:T510836_89:SENT START, WAITING FOR FINISH 
143954:T510836_89:MACHINE DONE
143954:T510836_89:Error Code 0
144132:T510836_90:Machine Process.. START
144133:T510836_90:GOING TO SEND START
144133:T510836_90:SENT START, WAITING FOR FINISH 
144140:T510836_90:MACHINE DONE
144141:T510836_90:Error Code 0
144209:T510836_91:Machine Process.. START
144209:T510836_91:GOING TO SEND START
144209:T510836_91:SENT START, WAITING FOR FINISH 
144215:T510836_91:MACHINE DONE
144215:T510836_91:Error Code 0
144739:T510836_92:Machine Process.. START
144739:T510836_92:GOING TO SEND START
144739:T510836_92:SENT START, WAITING FOR FINISH 
144757:T510836_92:MACHINE DONE
144757:T510836_92:Error Code 0
144818:T510836_93:Machine Process.. START
144818:T510836_93:GOING TO SEND START
144818:T510836_93:SENT START, WAITING FOR FINISH 
144826:T510836_93:MACHINE DONE
144826:T510836_93:Error Code 0
145543:T510836_94:Machine Process.. START
145543:T510836_94:GOING TO SEND START
145543:T510836_94:SENT START, WAITING FOR FINISH 
145550:T510836_94:MACHINE DONE
145550:T510836_94:Error Code 0
145606:T510836_95:Machine Process.. START
145606:T510836_95:GOING TO SEND START
145606:T510836_95:SENT START, WAITING FOR FINISH 
145619:T510836_95:MACHINE DONE
145619:T510836_95:Error Code 0
145729:T510836_96:Machine Process.. START
145729:T510836_96:GOING TO SEND START
145730:T510836_96:SENT START, WAITING FOR FINISH 
145737:T510836_96:MACHINE DONE
145737:T510836_96:Error Code 0
152647:T510836_97:Machine Process.. START
152647:T510836_97:GOING TO SEND START
152647:T510836_97:SENT START, WAITING FOR FINISH 
153415:T510836_98:Machine Process.. START
153415:T510836_98:GOING TO SEND START
153415:T510836_98:SENT START, WAITING FOR FINISH 
153450:T510836_97:MACHINE DONE
153450:T510836_98:MACHINE DONE
153450:T510836_98:Error Code 0
153450:T510836_97:Error Code 0
153511:T510836_99:Machine Process.. START
153511:T510836_99:GOING TO SEND START
153511:T510836_99:SENT START, WAITING FOR FINISH 
153533:T510836_99:MACHINE DONE
153533:T510836_99:Error Code 0
153622:T510836_100:Machine Process.. START
153622:T510836_100:GOING TO SEND START
153622:T510836_100:SENT START, WAITING FOR FINISH 
170856:T510837_1:Machine Process.. START
170857:T510837_1:GOING TO SEND START
170857:T510837_1:SENT START, WAITING FOR FINISH 
170945:T510837_1:MACHINE DONE
170945:T510837_1:Error Code 0
172107:T510836_114:Machine Process.. START
172107:T510836_114:GOING TO SEND START
172107:T510836_114:SENT START, WAITING FOR FINISH 
172800:T510836_115:Machine Process.. START
172800:T510836_115:GOING TO SEND START
172800:T510836_115:SENT START, WAITING FOR FINISH 
174445:T510836_115:MACHINE DONE
174445:T510836_115:Error Code 0
174517:T510837_4:Machine Process.. START
174518:T510837_4:GOING TO SEND START
174518:T510837_4:SENT START, WAITING FOR FINISH 
174529:T510837_4:MACHINE DONE
174529:T510837_4:Error Code 0
174549:T510837_5:Machine Process.. START
174550:T510837_5:GOING TO SEND START
174550:T510837_5:SENT START, WAITING FOR FINISH 
174558:T510837_5:MACHINE DONE
174558:T510837_5:Error Code 0
174631:T510837_6:Machine Process.. START
174631:T510837_6:GOING TO SEND START
174631:T510837_6:SENT START, WAITING FOR FINISH 
174638:T510837_6:MACHINE DONE
174638:T510837_6:Error Code 0
174658:T510837_7:Machine Process.. START
174658:T510837_7:GOING TO SEND START
174658:T510837_7:SENT START, WAITING FOR FINISH 
174703:T510837_7:MACHINE DONE
174703:T510837_7:Error Code 0
174736:T510837_8:Machine Process.. START
174737:T510837_8:GOING TO SEND START
174737:T510837_8:SENT START, WAITING FOR FINISH 
174743:T510837_8:MACHINE DONE
174743:T510837_8:Error Code 0
174810:T510837_9:Machine Process.. START
174810:T510837_9:GOING TO SEND START
174810:T510837_9:SENT START, WAITING FOR FINISH 
174820:T510837_9:MACHINE DONE
174820:T510837_9:Error Code 0
174842:T510837_10:Machine Process.. START
174843:T510837_10:GOING TO SEND START
174843:T510837_10:SENT START, WAITING FOR FINISH 
174850:T510837_10:MACHINE DONE
174850:T510837_10:Error Code 0
174916:T510837_11:Machine Process.. START
174916:T510837_11:GOING TO SEND START
174916:T510837_11:SENT START, WAITING FOR FINISH 
174926:T510837_11:MACHINE DONE
174926:T510837_11:Error Code 0
175123:T510837_12:Machine Process.. START
175123:T510837_12:GOING TO SEND START
175124:T510837_12:SENT START, WAITING FOR FINISH 
175234:T510837_13:Machine Process.. START
175234:T510837_13:GOING TO SEND START
175234:T510837_13:SENT START, WAITING FOR FINISH 
175240:T510837_13:MACHINE DONE
175240:T510837_13:Error Code 0
175454:T510837_14:Machine Process.. START
175454:T510837_14:GOING TO SEND START
175455:T510837_14:SENT START, WAITING FOR FINISH 
175500:T510837_14:MACHINE DONE
175500:T510837_14:Error Code 0
175519:T510837_15:Machine Process.. START
175519:T510837_15:GOING TO SEND START
175520:T510837_15:SENT START, WAITING FOR FINISH 
182440:T510837_16:Machine Process.. START
182440:T510837_16:GOING TO SEND START
182440:T510837_16:SENT START, WAITING FOR FINISH 
182447:T510837_16:MACHINE DONE
182447:T510837_16:Error Code 0
182506:T510837_17:Machine Process.. START
182506:T510837_17:GOING TO SEND START
182507:T510837_17:SENT START, WAITING FOR FINISH 
182516:T510837_17:MACHINE DONE
182516:T510837_17:Error Code 0
182541:T510837_18:Machine Process.. START
182541:T510837_18:GOING TO SEND START
182541:T510837_18:SENT START, WAITING FOR FINISH 
182553:T510837_18:MACHINE DONE
182553:T510837_18:Error Code 0
182647:T510837_19:Machine Process.. START
182647:T510837_19:GOING TO SEND START
182648:T510837_19:SENT START, WAITING FOR FINISH 
182655:T510837_19:MACHINE DONE
182655:T510837_19:Error Code 0
182718:T510837_20:Machine Process.. START
182719:T510837_20:GOING TO SEND START
182719:T510837_20:SENT START, WAITING FOR FINISH 
182727:T510837_20:MACHINE DONE
182727:T510837_20:Error Code 0
182745:T510837_21:Machine Process.. START
182745:T510837_21:GOING TO SEND START
182745:T510837_21:SENT START, WAITING FOR FINISH 
182926:T510837_22:Machine Process.. START
182926:T510837_22:GOING TO SEND START
182926:T510837_22:SENT START, WAITING FOR FINISH 
182933:T510837_22:MACHINE DONE
182933:T510837_22:Error Code 0
183022:T510837_23:Machine Process.. START
183023:T510837_23:GOING TO SEND START
183023:T510837_23:SENT START, WAITING FOR FINISH 
183028:T510837_23:MACHINE DONE
183029:T510837_23:Error Code 0
183157:T510837_25:Machine Process.. START
183158:T510837_25:GOING TO SEND START
183158:T510837_25:SENT START, WAITING FOR FINISH 
183203:T510837_25:MACHINE DONE
183203:T510837_25:Error Code 0
183253:T510837_26:Machine Process.. START
183254:T510837_26:GOING TO SEND START
183254:T510837_26:SENT START, WAITING FOR FINISH 
183301:T510837_26:MACHINE DONE
183301:T510837_26:Error Code 0
183326:T510837_27:Machine Process.. START
183327:T510837_27:GOING TO SEND START
183327:T510837_27:SENT START, WAITING FOR FINISH 
183335:T510837_27:MACHINE DONE
183335:T510837_27:Error Code 0
183358:T510837_28:Machine Process.. START
183358:T510837_28:GOING TO SEND START
183358:T510837_28:SENT START, WAITING FOR FINISH 
183406:T510837_28:MACHINE DONE
183406:T510837_28:Error Code 0
183448:T510837_29:Machine Process.. START
183448:T510837_29:GOING TO SEND START
183448:T510837_29:SENT START, WAITING FOR FINISH 
183456:T510837_29:MACHINE DONE
183456:T510837_29:Error Code 0
183524:T510837_30:Machine Process.. START
183524:T510837_30:GOING TO SEND START
183525:T510837_30:SENT START, WAITING FOR FINISH 
183529:T510837_30:MACHINE DONE
183529:T510837_30:Error Code 0
183625:T510837_31:Machine Process.. START
183626:T510837_31:GOING TO SEND START
183626:T510837_31:SENT START, WAITING FOR FINISH 
183632:T510837_31:MACHINE DONE
183632:T510837_31:Error Code 0
183725:T510837_32:Machine Process.. START
183725:T510837_32:GOING TO SEND START
183725:T510837_32:SENT START, WAITING FOR FINISH 
183735:T510837_32:MACHINE DONE
183735:T510837_32:Error Code 0
183752:T510837_33:Machine Process.. START
183752:T510837_33:GOING TO SEND START
183753:T510837_33:SENT START, WAITING FOR FINISH 
183920:T510837_34:Machine Process.. START
183920:T510837_34:GOING TO SEND START
183921:T510837_34:SENT START, WAITING FOR FINISH 
183925:T510837_34:MACHINE DONE
183925:T510837_34:Error Code 0
183948:T510837_35:Machine Process.. START
183948:T510837_35:GOING TO SEND START
183949:T510837_35:SENT START, WAITING FOR FINISH 
183956:T510837_35:MACHINE DONE
183956:T510837_35:Error Code 0
184036:T510837_36:Machine Process.. START
184036:T510837_36:GOING TO SEND START
184037:T510837_36:SENT START, WAITING FOR FINISH 
184047:T510837_36:MACHINE DONE
184047:T510837_36:Error Code 0
184120:T510837_37:Machine Process.. START
184120:T510837_37:GOING TO SEND START
184120:T510837_37:SENT START, WAITING FOR FINISH 
184132:T510837_37:MACHINE DONE
184132:T510837_37:Error Code 0
184158:T510837_38:Machine Process.. START
184158:T510837_38:GOING TO SEND START
184158:T510837_38:SENT START, WAITING FOR FINISH 
184210:T510837_38:MACHINE DONE
184210:T510837_38:Error Code 0
184228:T510837_39:Machine Process.. START
184228:T510837_39:GOING TO SEND START
184228:T510837_39:SENT START, WAITING FOR FINISH 
184234:T510837_39:MACHINE DONE
184235:T510837_39:Error Code 0
184304:T510837_40:Machine Process.. START
184304:T510837_40:GOING TO SEND START
184304:T510837_40:SENT START, WAITING FOR FINISH 
184313:T510837_40:MACHINE DONE
184313:T510837_40:Error Code 0
184337:T510837_41:Machine Process.. START
184338:T510837_41:GOING TO SEND START
184338:T510837_41:SENT START, WAITING FOR FINISH 
184346:T510837_41:MACHINE DONE
184346:T510837_41:Error Code 0
185648:T510837_42:Machine Process.. START
185649:T510837_42:GOING TO SEND START
185649:T510837_42:SENT START, WAITING FOR FINISH 
185655:T510837_42:MACHINE DONE
185655:T510837_42:Error Code 0
185721:T510837_43:Machine Process.. START
185722:T510837_43:GOING TO SEND START
185722:T510837_43:SENT START, WAITING FOR FINISH 
185727:T510837_43:MACHINE DONE
185727:T510837_43:Error Code 0
185739:T510837_44:Machine Process.. START
185739:T510837_44:GOING TO SEND START
185740:T510837_44:SENT START, WAITING FOR FINISH 
185746:T510837_44:MACHINE DONE
185746:T510837_44:Error Code 0
185828:T510837_45:Machine Process.. START
185828:T510837_45:GOING TO SEND START
185828:T510837_45:SENT START, WAITING FOR FINISH 
185839:T510837_45:MACHINE DONE
185839:T510837_45:Error Code 0
185913:T510837_46:Machine Process.. START
185913:T510837_46:GOING TO SEND START
185913:T510837_46:SENT START, WAITING FOR FINISH 
185921:T510837_46:MACHINE DONE
185921:T510837_46:Error Code 0
185936:T510837_47:Machine Process.. START
185936:T510837_47:GOING TO SEND START
185936:T510837_47:SENT START, WAITING FOR FINISH 
185942:T510837_47:MACHINE DONE
185942:T510837_47:Error Code 0
190005:T510837_48:Machine Process.. START
190005:T510837_48:GOING TO SEND START
190006:T510837_48:SENT START, WAITING FOR FINISH 
190011:T510837_48:MACHINE DONE
190011:T510837_48:Error Code 0
190054:T510837_49:Machine Process.. START
190054:T510837_49:GOING TO SEND START
190054:T510837_49:SENT START, WAITING FOR FINISH 
190103:T510837_49:MACHINE DONE
190103:T510837_49:Error Code 0
190159:T510837_50:Machine Process.. START
190159:T510837_50:GOING TO SEND START
190200:T510837_50:SENT START, WAITING FOR FINISH 
190308:T510837_51:Machine Process.. START
190308:T510837_51:GOING TO SEND START
190308:T510837_51:SENT START, WAITING FOR FINISH 
190314:T510837_51:MACHINE DONE
190314:T510837_51:Error Code 0
190410:T510837_52:Machine Process.. START
190410:T510837_52:GOING TO SEND START
190410:T510837_52:SENT START, WAITING FOR FINISH 
190418:T510837_52:MACHINE DONE
190418:T510837_52:Error Code 0
190523:T510837_53:Machine Process.. START
190523:T510837_53:GOING TO SEND START
190523:T510837_53:SENT START, WAITING FOR FINISH 
190530:T510837_53:MACHINE DONE
190530:T510837_53:Error Code 0
190616:T510837_54:Machine Process.. START
190616:T510837_54:GOING TO SEND START
190616:T510837_54:SENT START, WAITING FOR FINISH 
190624:T510837_54:MACHINE DONE
190624:T510837_54:Error Code 0
190746:T510837_55:Machine Process.. START
190746:T510837_55:GOING TO SEND START
190746:T510837_55:SENT START, WAITING FOR FINISH 
190751:T510837_55:MACHINE DONE
190751:T510837_55:Error Code 0
190813:T510837_56:Machine Process.. START
190813:T510837_56:GOING TO SEND START
190813:T510837_56:SENT START, WAITING FOR FINISH 
190818:T510837_56:MACHINE DONE
190818:T510837_56:Error Code 0
190839:T510837_57:Machine Process.. START
190839:T510837_57:GOING TO SEND START
190840:T510837_57:SENT START, WAITING FOR FINISH 
190849:T510837_57:MACHINE DONE
190849:T510837_57:Error Code 0
191014:T510837_59:Machine Process.. START
191014:T510837_59:GOING TO SEND START
191015:T510837_59:SENT START, WAITING FOR FINISH 
191020:T510837_59:MACHINE DONE
191020:T510837_59:Error Code 0
191036:T510837_60:Machine Process.. START
191036:T510837_60:GOING TO SEND START
191036:T510837_60:SENT START, WAITING FOR FINISH 
191042:T510837_60:MACHINE DONE
191042:T510837_60:Error Code 0
191059:T510837_61:Machine Process.. START
191059:T510837_61:GOING TO SEND START
191059:T510837_61:SENT START, WAITING FOR FINISH 
191112:T510837_61:MACHINE DONE
191112:T510837_61:Error Code 0
191152:T510837_62:Machine Process.. START
191152:T510837_62:GOING TO SEND START
191153:T510837_62:SENT START, WAITING FOR FINISH 
191159:T510837_62:MACHINE DONE
191159:T510837_62:Error Code 0
191523:T510837_63:Machine Process.. START
191523:T510837_63:GOING TO SEND START
191524:T510837_63:SENT START, WAITING FOR FINISH 
191530:T510837_63:MACHINE DONE
191530:T510837_63:Error Code 0
191555:T510837_64:Machine Process.. START
191555:T510837_64:GOING TO SEND START
191556:T510837_64:SENT START, WAITING FOR FINISH 
191607:T510837_64:MACHINE DONE
191607:T510837_64:Error Code 0
191635:T510837_65:Machine Process.. START
191635:T510837_65:GOING TO SEND START
191635:T510837_65:SENT START, WAITING FOR FINISH 
191643:T510837_65:MACHINE DONE
191643:T510837_65:Error Code 0
