133234:T510836_1:Machine Process.. START
133234:T510836_1:GOING TO SEND START
133235:T510836_1:SENT START, WAITING FOR FINISH 
133237:T510836_1:MACHINE DONE
133237:T510836_1:Error Code 0
133529:T510836_2:Machine Process.. START
133529:T510836_2:GOING TO SEND START
133530:T510836_2:SENT START, WAITING FOR FINISH 
133531:T510836_2:MACHINE DONE
133531:T510836_2:Error Code 0
133642:T510836_3:Machine Process.. START
133642:T510836_3:GOING TO SEND START
133642:T510836_3:SENT START, WAITING FOR FINISH 
133644:T510836_3:MACHINE DONE
133644:T510836_3:Error Code 0
133936:T510836_4:Machine Process.. START
133937:T510836_4:GOING TO SEND START
133937:T510836_4:SENT START, WAITING FOR FINISH 
133941:T510836_4:MACHINE DONE
133941:T510836_4:Error Code 0
134351:T510836_5:Machine Process.. START
134351:T510836_5:GOING TO SEND START
134351:T510836_5:SENT START, WAITING FOR FINISH 
134353:T510836_5:MACHINE DONE
134353:T510836_5:Error Code 0
134512:T510836_6:Machine Process.. START
134512:T510836_6:GOING TO SEND START
134512:T510836_6:SENT START, WAITING FOR FINISH 
134519:T510836_6:MACHINE DONE
134520:T510836_6:Error Code 0
134627:T510836_7:Machine Process.. START
134627:T510836_7:GOING TO SEND START
134627:T510836_7:SENT START, WAITING FOR FINISH 
134630:T510836_7:MACHINE DONE
134630:T510836_7:Error Code 0
134744:T510836_8:Machine Process.. START
134744:T510836_8:GOING TO SEND START
134745:T510836_8:SENT START, WAITING FOR FINISH 
134748:T510836_8:MACHINE DONE
134748:T510836_8:Error Code 0
134859:T510836_9:Machine Process.. START
134859:T510836_9:GOING TO SEND START
134859:T510836_9:SENT START, WAITING FOR FINISH 
134901:T510836_9:MACHINE DONE
134901:T510836_9:Error Code 0
135012:T510836_10:Machine Process.. START
135012:T510836_10:GOING TO SEND START
135013:T510836_10:SENT START, WAITING FOR FINISH 
135014:T510836_10:MACHINE DONE
135014:T510836_10:Error Code 0
135137:T510836_11:Machine Process.. START
135137:T510836_11:GOING TO SEND START
135138:T510836_11:SENT START, WAITING FOR FINISH 
135139:T510836_11:MACHINE DONE
135139:T510836_11:Error Code 0
135335:T510836_12:Machine Process.. START
135335:T510836_12:GOING TO SEND START
135335:T510836_12:SENT START, WAITING FOR FINISH 
135337:T510836_12:MACHINE DONE
135337:T510836_12:Error Code 0
135545:T510836_13:Machine Process.. START
135546:T510836_13:GOING TO SEND START
135546:T510836_13:SENT START, WAITING FOR FINISH 
135548:T510836_13:MACHINE DONE
135548:T510836_13:Error Code 0
135629:T510836_14:Machine Process.. START
135629:T510836_14:GOING TO SEND START
135630:T510836_14:SENT START, WAITING FOR FINISH 
135631:T510836_14:MACHINE DONE
135631:T510836_14:Error Code 0
135754:T510836_15:Machine Process.. START
135754:T510836_15:GOING TO SEND START
135755:T510836_15:SENT START, WAITING FOR FINISH 
135759:T510836_15:MACHINE DONE
135759:T510836_15:Error Code 0
135837:T510836_16:Machine Process.. START
135837:T510836_16:GOING TO SEND START
135837:T510836_16:SENT START, WAITING FOR FINISH 
135839:T510836_16:MACHINE DONE
135839:T510836_16:Error Code 0
140001:T510836_17:Machine Process.. START
140001:T510836_17:GOING TO SEND START
140002:T510836_17:SENT START, WAITING FOR FINISH 
140004:T510836_17:MACHINE DONE
140004:T510836_17:Error Code 0
140046:T510836_18:Machine Process.. START
140046:T510836_18:GOING TO SEND START
140046:T510836_18:SENT START, WAITING FOR FINISH 
140048:T510836_18:MACHINE DONE
140048:T510836_18:Error Code 0
140318:T510836_19:Machine Process.. START
140318:T510836_19:GOING TO SEND START
140319:T510836_19:SENT START, WAITING FOR FINISH 
140321:T510836_19:MACHINE DONE
140321:T510836_19:Error Code 0
140407:T510836_20:Machine Process.. START
140407:T510836_20:GOING TO SEND START
140407:T510836_20:SENT START, WAITING FOR FINISH 
140409:T510836_20:MACHINE DONE
140409:T510836_20:Error Code 0
140506:T510836_21:Machine Process.. START
140506:T510836_21:GOING TO SEND START
140507:T510836_21:SENT START, WAITING FOR FINISH 
140510:T510836_21:MACHINE DONE
140510:T510836_21:Error Code 0
140623:T510836_22:Machine Process.. START
140623:T510836_22:GOING TO SEND START
140624:T510836_22:SENT START, WAITING FOR FINISH 
140626:T510836_22:MACHINE DONE
140626:T510836_22:Error Code 0
140736:T510836_23:Machine Process.. START
140736:T510836_23:GOING TO SEND START
140736:T510836_23:SENT START, WAITING FOR FINISH 
140738:T510836_23:MACHINE DONE
140738:T510836_23:Error Code 0
140850:T510836_24:Machine Process.. START
140850:T510836_24:GOING TO SEND START
140850:T510836_24:SENT START, WAITING FOR FINISH 
140853:T510836_24:MACHINE DONE
140853:T510836_24:Error Code 0
140939:T510836_25:Machine Process.. START
140939:T510836_25:GOING TO SEND START
140940:T510836_25:SENT START, WAITING FOR FINISH 
140942:T510836_25:MACHINE DONE
140942:T510836_25:Error Code 0
141041:T510836_26:Machine Process.. START
141041:T510836_26:GOING TO SEND START
141041:T510836_26:SENT START, WAITING FOR FINISH 
141043:T510836_26:MACHINE DONE
141043:T510836_26:Error Code 0
141153:T510836_27:Machine Process.. START
141153:T510836_27:GOING TO SEND START
141153:T510836_27:SENT START, WAITING FOR FINISH 
141155:T510836_27:MACHINE DONE
141155:T510836_27:Error Code 0
141313:T510836_28:Machine Process.. START
141313:T510836_28:GOING TO SEND START
141314:T510836_28:SENT START, WAITING FOR FINISH 
141316:T510836_28:MACHINE DONE
141316:T510836_28:Error Code 0
141433:T510836_29:Machine Process.. START
141433:T510836_29:GOING TO SEND START
141434:T510836_29:SENT START, WAITING FOR FINISH 
141436:T510836_29:MACHINE DONE
141436:T510836_29:Error Code 0
141604:T510836_30:Machine Process.. START
141604:T510836_30:GOING TO SEND START
141604:T510836_30:SENT START, WAITING FOR FINISH 
141608:T510836_30:MACHINE DONE
141608:T510836_30:Error Code 0
141723:T510836_31:Machine Process.. START
141724:T510836_31:GOING TO SEND START
141724:T510836_31:SENT START, WAITING FOR FINISH 
141726:T510836_31:MACHINE DONE
141726:T510836_31:Error Code 0
141841:T510836_32:Machine Process.. START
141841:T510836_32:GOING TO SEND START
141842:T510836_32:SENT START, WAITING FOR FINISH 
141844:T510836_32:MACHINE DONE
141844:T510836_32:Error Code 0
142004:T510836_33:Machine Process.. START
142004:T510836_33:GOING TO SEND START
142004:T510836_33:SENT START, WAITING FOR FINISH 
142006:T510836_33:MACHINE DONE
142006:T510836_33:Error Code 0
142127:T510836_34:Machine Process.. START
142128:T510836_34:GOING TO SEND START
142128:T510836_34:SENT START, WAITING FOR FINISH 
142129:T510836_34:MACHINE DONE
142129:T510836_34:Error Code 0
142249:T510836_35:Machine Process.. START
142249:T510836_35:GOING TO SEND START
142249:T510836_35:SENT START, WAITING FOR FINISH 
142254:T510836_35:MACHINE DONE
142254:T510836_35:Error Code 0
142358:T510836_36:Machine Process.. START
142358:T510836_36:GOING TO SEND START
142359:T510836_36:SENT START, WAITING FOR FINISH 
142401:T510836_36:MACHINE DONE
142401:T510836_36:Error Code 0
142534:T510836_37:Machine Process.. START
142534:T510836_37:GOING TO SEND START
142535:T510836_37:SENT START, WAITING FOR FINISH 
142536:T510836_37:MACHINE DONE
142536:T510836_37:Error Code 0
142658:T510836_38:Machine Process.. START
142658:T510836_38:GOING TO SEND START
142659:T510836_38:SENT START, WAITING FOR FINISH 
142700:T510836_38:MACHINE DONE
142700:T510836_38:Error Code 0
142817:T510836_39:Machine Process.. START
142817:T510836_39:GOING TO SEND START
142818:T510836_39:SENT START, WAITING FOR FINISH 
142820:T510836_39:MACHINE DONE
142820:T510836_39:Error Code 0
142943:T510836_40:Machine Process.. START
142943:T510836_40:GOING TO SEND START
142943:T510836_40:SENT START, WAITING FOR FINISH 
142945:T510836_40:MACHINE DONE
142945:T510836_40:Error Code 0
143110:T510836_41:Machine Process.. START
143110:T510836_41:GOING TO SEND START
143110:T510836_41:SENT START, WAITING FOR FINISH 
143113:T510836_41:MACHINE DONE
143113:T510836_41:Error Code 0
143315:T510836_42:Machine Process.. START
143316:T510836_42:GOING TO SEND START
143316:T510836_42:SENT START, WAITING FOR FINISH 
143329:T510836_42:MACHINE DONE
143329:T510836_42:Error Code 0
143441:T510836_43:Machine Process.. START
143441:T510836_43:GOING TO SEND START
143442:T510836_43:SENT START, WAITING FOR FINISH 
143446:T510836_43:MACHINE DONE
143446:T510836_43:Error Code 0
143618:T510836_44:Machine Process.. START
143618:T510836_44:GOING TO SEND START
143619:T510836_44:SENT START, WAITING FOR FINISH 
143623:T510836_44:MACHINE DONE
143623:T510836_44:Error Code 0
143726:T510836_45:Machine Process.. START
143726:T510836_45:GOING TO SEND START
143726:T510836_45:SENT START, WAITING FOR FINISH 
143728:T510836_45:MACHINE DONE
143728:T510836_45:Error Code 0
143838:T510836_46:Machine Process.. START
143838:T510836_46:GOING TO SEND START
143838:T510836_46:SENT START, WAITING FOR FINISH 
143841:T510836_46:MACHINE DONE
143841:T510836_46:Error Code 0
144004:T510836_47:Machine Process.. START
144004:T510836_47:GOING TO SEND START
144004:T510836_47:SENT START, WAITING FOR FINISH 
144006:T510836_47:MACHINE DONE
144006:T510836_47:Error Code 0
144101:T510836_48:Machine Process.. START
144101:T510836_48:GOING TO SEND START
144102:T510836_48:SENT START, WAITING FOR FINISH 
144104:T510836_48:MACHINE DONE
144104:T510836_48:Error Code 0
144221:T510836_49:Machine Process.. START
144221:T510836_49:GOING TO SEND START
144222:T510836_49:SENT START, WAITING FOR FINISH 
144224:T510836_49:MACHINE DONE
144224:T510836_49:Error Code 0
144510:T510836_50:Machine Process.. START
144510:T510836_50:GOING TO SEND START
144510:T510836_50:SENT START, WAITING FOR FINISH 
144512:T510836_50:MACHINE DONE
144512:T510836_50:Error Code 0
144553:T510836_51:Machine Process.. START
144553:T510836_51:GOING TO SEND START
144553:T510836_51:SENT START, WAITING FOR FINISH 
144556:T510836_51:MACHINE DONE
144556:T510836_51:Error Code 0
144811:T510836_52:Machine Process.. START
144811:T510836_52:GOING TO SEND START
144812:T510836_52:SENT START, WAITING FOR FINISH 
144815:T510836_52:MACHINE DONE
144815:T510836_52:Error Code 0
145044:T510836_53:Machine Process.. START
145044:T510836_53:GOING TO SEND START
145044:T510836_53:SENT START, WAITING FOR FINISH 
145047:T510836_53:MACHINE DONE
145047:T510836_53:Error Code 0
145152:T510836_54:Machine Process.. START
145152:T510836_54:GOING TO SEND START
145152:T510836_54:SENT START, WAITING FOR FINISH 
145155:T510836_54:MACHINE DONE
145155:T510836_54:Error Code 0
152057:T510836_55:Machine Process.. START
152057:T510836_55:GOING TO SEND START
152058:T510836_55:SENT START, WAITING FOR FINISH 
153029:T510836_55:MACHINE DONE
153029:T510836_55:Error Code 0
161543:T510837_1:Machine Process.. START
161543:T510837_1:GOING TO SEND START
161544:T510837_1:SENT START, WAITING FOR FINISH 
161600:T510837_1:MACHINE DONE
161600:T510837_1:Error Code 0
162019:T510837_2:Machine Process.. START
162019:T510837_2:GOING TO SEND START
162019:T510837_2:SENT START, WAITING FOR FINISH 
162234:T510837_2:MACHINE DONE
162234:T510837_2:Error Code 0
162714:T510837_3:Machine Process.. START
162714:T510837_3:GOING TO SEND START
162714:T510837_3:SENT START, WAITING FOR FINISH 
162739:T510837_3:MACHINE DONE
162739:T510837_3:Error Code 0
164827:T510837_4:Machine Process.. START
164827:T510837_4:GOING TO SEND START
164827:T510837_4:SENT START, WAITING FOR FINISH 
164907:T510837_4:MACHINE DONE
164907:T510837_4:Error Code 0
165201:T510837_5:Machine Process.. START
165201:T510837_5:GOING TO SEND START
165202:T510837_5:SENT START, WAITING FOR FINISH 
165246:T510837_5:MACHINE DONE
165246:T510837_5:Error Code 0
165654:T510837_6:Machine Process.. START
165654:T510837_6:GOING TO SEND START
165655:T510837_6:SENT START, WAITING FOR FINISH 
165743:T510837_6:MACHINE DONE
165743:T510837_6:Error Code 0
170006:T510837_7:Machine Process.. START
170007:T510837_7:GOING TO SEND START
170007:T510837_7:SENT START, WAITING FOR FINISH 
170051:T510837_7:MACHINE DONE
170051:T510837_7:Error Code 0
171958:T510837_8:Machine Process.. START
171958:T510837_8:GOING TO SEND START
171958:T510837_8:SENT START, WAITING FOR FINISH 
172009:T510837_8:MACHINE DONE
172009:T510837_8:Error Code 0
172344:T589126_1:Machine Process.. START
172345:T589126_1:GOING TO SEND START
172345:T589126_1:SENT START, WAITING FOR FINISH 
172411:T589126_1:MACHINE DONE
172411:T589126_1:Error Code 0
