095512:T510836_1:Machine Process.. START
095513:T510836_1:GOING TO SEND START
095513:T510836_1:SENT START, WAITING FOR FINISH 
095524:T510836_1:MACHINE DONE
095524:T510836_1:Error Code 0
102451:T510836_2:Machine Process.. START
102451:T510836_2:GOING TO SEND START
102452:T510836_2:SENT START, WAITING FOR FINISH 
102501:T510836_2:MACHINE DONE
102501:T510836_2:Error Code 0
102557:T510836_3:Machine Process.. START
102557:T510836_3:GOING TO SEND START
102557:T510836_3:SENT START, WAITING FOR FINISH 
102625:T510836_3:MACHINE DONE
102625:T510836_3:Error Code 0
102643:T510836_4:Machine Process.. START
102643:T510836_4:GOING TO SEND START
102643:T510836_4:SENT START, WAITING FOR FINISH 
102701:T510836_4:MACHINE DONE
102701:T510836_4:Error Code 0
102801:T510836_5:Machine Process.. START
102801:T510836_5:GOING TO SEND START
102801:T510836_5:SENT START, WAITING FOR FINISH 
102824:T510836_5:MACHINE DONE
102825:T510836_5:Error Code 0
102857:T510836_6:Machine Process.. START
102857:T510836_6:GOING TO SEND START
102857:T510836_6:SENT START, WAITING FOR FINISH 
102921:T510836_6:MACHINE DONE
102921:T510836_6:Error Code 0
103023:T510836_7:Machine Process.. START
103023:T510836_7:GOING TO SEND START
103024:T510836_7:SENT START, WAITING FOR FINISH 
103052:T510836_7:MACHINE DONE
103052:T510836_7:Error Code 0
103115:T510836_8:Machine Process.. START
103115:T510836_8:GOING TO SEND START
103116:T510836_8:SENT START, WAITING FOR FINISH 
103146:T510836_8:MACHINE DONE
103146:T510836_8:Error Code 0
103238:T510836_9:Machine Process.. START
103238:T510836_9:GOING TO SEND START
103238:T510836_9:SENT START, WAITING FOR FINISH 
103311:T510836_9:MACHINE DONE
103311:T510836_9:Error Code 0
103318:T510836_10:Machine Process.. START
103319:T510836_10:GOING TO SEND START
103319:T510836_10:SENT START, WAITING FOR FINISH 
103339:T510836_10:MACHINE DONE
103339:T510836_10:Error Code 0
103403:T510836_11:Machine Process.. START
103403:T510836_11:GOING TO SEND START
103404:T510836_11:SENT START, WAITING FOR FINISH 
103422:T510836_11:MACHINE DONE
103422:T510836_11:Error Code 0
103452:T510836_12:Machine Process.. START
103453:T510836_12:GOING TO SEND START
103453:T510836_12:SENT START, WAITING FOR FINISH 
103508:T510836_12:MACHINE DONE
103508:T510836_12:Error Code 0
103545:T510836_13:Machine Process.. START
103545:T510836_13:GOING TO SEND START
103546:T510836_13:SENT START, WAITING FOR FINISH 
103607:T510836_13:MACHINE DONE
103607:T510836_13:Error Code 0
103650:T510836_14:Machine Process.. START
103650:T510836_14:GOING TO SEND START
103650:T510836_14:SENT START, WAITING FOR FINISH 
103713:T510836_14:MACHINE DONE
103713:T510836_14:Error Code 0
103935:T510836_15:Machine Process.. START
103936:T510836_15:GOING TO SEND START
103936:T510836_15:SENT START, WAITING FOR FINISH 
103948:T510836_15:MACHINE DONE
103948:T510836_15:Error Code 0
104051:T510836_16:Machine Process.. START
104051:T510836_16:GOING TO SEND START
104051:T510836_16:SENT START, WAITING FOR FINISH 
104113:T510836_16:MACHINE DONE
104113:T510836_16:Error Code 0
104123:T510836_17:Machine Process.. START
104123:T510836_17:GOING TO SEND START
104124:T510836_17:SENT START, WAITING FOR FINISH 
104137:T510836_17:MACHINE DONE
104137:T510836_17:Error Code 0
104228:T510836_18:Machine Process.. START
104228:T510836_18:GOING TO SEND START
104228:T510836_18:SENT START, WAITING FOR FINISH 
104250:T510836_18:MACHINE DONE
104250:T510836_18:Error Code 0
104525:T510836_19:Machine Process.. START
104525:T510836_19:GOING TO SEND START
104525:T510836_19:SENT START, WAITING FOR FINISH 
104555:T510836_19:MACHINE DONE
104555:T510836_19:Error Code 0
104617:T510836_20:Machine Process.. START
104617:T510836_20:GOING TO SEND START
104617:T510836_20:SENT START, WAITING FOR FINISH 
104633:T510836_20:MACHINE DONE
104633:T510836_20:Error Code 0
104715:T510836_21:Machine Process.. START
104716:T510836_21:GOING TO SEND START
104716:T510836_21:SENT START, WAITING FOR FINISH 
104730:T510836_21:MACHINE DONE
104731:T510836_21:Error Code 0
104824:T510836_22:Machine Process.. START
104824:T510836_22:GOING TO SEND START
104824:T510836_22:SENT START, WAITING FOR FINISH 
104834:T510836_22:MACHINE DONE
104834:T510836_22:Error Code 0
105021:T510836_23:Machine Process.. START
105022:T510836_23:GOING TO SEND START
105022:T510836_23:SENT START, WAITING FOR FINISH 
105042:T510836_23:MACHINE DONE
105042:T510836_23:Error Code 0
105359:T510836_24:Machine Process.. START
105359:T510836_24:GOING TO SEND START
105359:T510836_24:SENT START, WAITING FOR FINISH 
105418:T510836_24:MACHINE DONE
105418:T510836_24:Error Code 0
105505:T510836_25:Machine Process.. START
105506:T510836_25:GOING TO SEND START
105506:T510836_25:SENT START, WAITING FOR FINISH 
105521:T510836_25:MACHINE DONE
105521:T510836_25:Error Code 0
105542:T510836_26:Machine Process.. START
105543:T510836_26:GOING TO SEND START
105543:T510836_26:SENT START, WAITING FOR FINISH 
105555:T510836_26:MACHINE DONE
105555:T510836_26:Error Code 0
105801:T510836_27:Machine Process.. START
105801:T510836_27:GOING TO SEND START
105801:T510836_27:SENT START, WAITING FOR FINISH 
105822:T510836_27:MACHINE DONE
105822:T510836_27:Error Code 0
105845:T510836_28:Machine Process.. START
105846:T510836_28:GOING TO SEND START
105846:T510836_28:SENT START, WAITING FOR FINISH 
105906:T510836_28:MACHINE DONE
105906:T510836_28:Error Code 0
105938:T510836_29:Machine Process.. START
105939:T510836_29:GOING TO SEND START
105939:T510836_29:SENT START, WAITING FOR FINISH 
105953:T510836_29:MACHINE DONE
105953:T510836_29:Error Code 0
130915:T510836_35:Machine Process.. START
130916:T510836_35:GOING TO SEND START
130916:T510836_35:SENT START, WAITING FOR FINISH 
130929:T510836_35:MACHINE DONE
130929:T510836_35:Error Code 0
130956:T510836_36:Machine Process.. START
130956:T510836_36:GOING TO SEND START
130957:T510836_36:SENT START, WAITING FOR FINISH 
131012:T510836_36:MACHINE DONE
131012:T510836_36:Error Code 0
131028:T510836_37:Machine Process.. START
131028:T510836_37:GOING TO SEND START
131028:T510836_37:SENT START, WAITING FOR FINISH 
131046:T510836_37:MACHINE DONE
131046:T510836_37:Error Code 0
131147:T510836_38:Machine Process.. START
131147:T510836_38:GOING TO SEND START
131147:T510836_38:SENT START, WAITING FOR FINISH 
131208:T510836_38:MACHINE DONE
131208:T510836_38:Error Code 0
131326:T510836_39:Machine Process.. START
131326:T510836_39:GOING TO SEND START
131327:T510836_39:SENT START, WAITING FOR FINISH 
131340:T510836_39:MACHINE DONE
131340:T510836_39:Error Code 0
135820:T510836_47:Machine Process.. START
135820:T510836_47:GOING TO SEND START
135821:T510836_47:SENT START, WAITING FOR FINISH 
135834:T510836_47:MACHINE DONE
135834:T510836_47:Error Code 0
135932:T510836_48:Machine Process.. START
135932:T510836_48:GOING TO SEND START
135932:T510836_48:SENT START, WAITING FOR FINISH 
135943:T510836_48:MACHINE DONE
135943:T510836_48:Error Code 0
140142:T510836_49:Machine Process.. START
140143:T510836_49:GOING TO SEND START
140143:T510836_49:SENT START, WAITING FOR FINISH 
140153:T510836_49:MACHINE DONE
140153:T510836_49:Error Code 0
140223:T510836_50:Machine Process.. START
140223:T510836_50:GOING TO SEND START
140223:T510836_50:SENT START, WAITING FOR FINISH 
140238:T510836_50:MACHINE DONE
140238:T510836_50:Error Code 0
140317:T510836_51:Machine Process.. START
140317:T510836_51:GOING TO SEND START
140318:T510836_51:SENT START, WAITING FOR FINISH 
140332:T510836_51:MACHINE DONE
140332:T510836_51:Error Code 0
140409:T510836_52:Machine Process.. START
140409:T510836_52:GOING TO SEND START
140409:T510836_52:SENT START, WAITING FOR FINISH 
140427:T510836_52:MACHINE DONE
140427:T510836_52:Error Code 0
140441:T510836_53:Machine Process.. START
140441:T510836_53:GOING TO SEND START
140441:T510836_53:SENT START, WAITING FOR FINISH 
140453:T510836_53:MACHINE DONE
140453:T510836_53:Error Code 0
140559:T510836_54:Machine Process.. START
140559:T510836_54:GOING TO SEND START
140600:T510836_54:SENT START, WAITING FOR FINISH 
140613:T510836_54:MACHINE DONE
140613:T510836_54:Error Code 0
140631:T510836_55:Machine Process.. START
140631:T510836_55:GOING TO SEND START
140632:T510836_55:SENT START, WAITING FOR FINISH 
140640:T510836_55:MACHINE DONE
140640:T510836_55:Error Code 0
140734:T510836_56:Machine Process.. START
140734:T510836_56:GOING TO SEND START
140734:T510836_56:SENT START, WAITING FOR FINISH 
140749:T510836_56:MACHINE DONE
140749:T510836_56:Error Code 0
140818:T510836_57:Machine Process.. START
140818:T510836_57:GOING TO SEND START
140819:T510836_57:SENT START, WAITING FOR FINISH 
140832:T510836_57:MACHINE DONE
140832:T510836_57:Error Code 0
140910:T510836_58:Machine Process.. START
140911:T510836_58:GOING TO SEND START
140911:T510836_58:SENT START, WAITING FOR FINISH 
140920:T510836_58:MACHINE DONE
140920:T510836_58:Error Code 0
141007:T510836_59:Machine Process.. START
141007:T510836_59:GOING TO SEND START
141008:T510836_59:SENT START, WAITING FOR FINISH 
141022:T510836_59:MACHINE DONE
141022:T510836_59:Error Code 0
141144:T510836_60:Machine Process.. START
141144:T510836_60:GOING TO SEND START
141145:T510836_60:SENT START, WAITING FOR FINISH 
141212:T510836_60:MACHINE DONE
141212:T510836_60:Error Code 0
141351:T510836_61:Machine Process.. START
141352:T510836_61:GOING TO SEND START
141352:T510836_61:SENT START, WAITING FOR FINISH 
141406:T510836_61:MACHINE DONE
141406:T510836_61:Error Code 0
141438:T510836_62:Machine Process.. START
141438:T510836_62:GOING TO SEND START
141438:T510836_62:SENT START, WAITING FOR FINISH 
141449:T510836_62:MACHINE DONE
141449:T510836_62:Error Code 0
141536:T510836_63:Machine Process.. START
141536:T510836_63:GOING TO SEND START
141537:T510836_63:SENT START, WAITING FOR FINISH 
141547:T510836_63:MACHINE DONE
141547:T510836_63:Error Code 0
141610:T510836_64:Machine Process.. START
141610:T510836_64:GOING TO SEND START
141610:T510836_64:SENT START, WAITING FOR FINISH 
141625:T510836_64:MACHINE DONE
141625:T510836_64:Error Code 0
141707:T510836_65:Machine Process.. START
141708:T510836_65:GOING TO SEND START
141708:T510836_65:SENT START, WAITING FOR FINISH 
141722:T510836_65:MACHINE DONE
141722:T510836_65:Error Code 0
141955:T510836_66:Machine Process.. START
141956:T510836_66:GOING TO SEND START
141956:T510836_66:SENT START, WAITING FOR FINISH 
142009:T510836_66:MACHINE DONE
142009:T510836_66:Error Code 0
142140:T510836_67:Machine Process.. START
142140:T510836_67:GOING TO SEND START
142140:T510836_67:SENT START, WAITING FOR FINISH 
142228:T510836_67:MACHINE DONE
142228:T510836_67:Error Code 0
142308:T510836_68:Machine Process.. START
142308:T510836_68:GOING TO SEND START
142308:T510836_68:SENT START, WAITING FOR FINISH 
142326:T510836_68:MACHINE DONE
142326:T510836_68:Error Code 0
142407:T510836_69:Machine Process.. START
142407:T510836_69:GOING TO SEND START
142407:T510836_69:SENT START, WAITING FOR FINISH 
142419:T510836_69:MACHINE DONE
142419:T510836_69:Error Code 0
142501:T510836_70:Machine Process.. START
142501:T510836_70:GOING TO SEND START
142501:T510836_70:SENT START, WAITING FOR FINISH 
142524:T510836_70:MACHINE DONE
142524:T510836_70:Error Code 0
142551:T510836_71:Machine Process.. START
142551:T510836_71:GOING TO SEND START
142551:T510836_71:SENT START, WAITING FOR FINISH 
142601:T510836_71:MACHINE DONE
142602:T510836_71:Error Code 0
142634:T510836_72:Machine Process.. START
142634:T510836_72:GOING TO SEND START
142635:T510836_72:SENT START, WAITING FOR FINISH 
142645:T510836_72:MACHINE DONE
142645:T510836_72:Error Code 0
142731:T510836_73:Machine Process.. START
142731:T510836_73:GOING TO SEND START
142731:T510836_73:SENT START, WAITING FOR FINISH 
142741:T510836_73:MACHINE DONE
142741:T510836_73:Error Code 0
142831:T510836_74:Machine Process.. START
142831:T510836_74:GOING TO SEND START
142832:T510836_74:SENT START, WAITING FOR FINISH 
142844:T510836_74:MACHINE DONE
142844:T510836_74:Error Code 0
142940:T510836_75:Machine Process.. START
142940:T510836_75:GOING TO SEND START
142940:T510836_75:SENT START, WAITING FOR FINISH 
143044:T510836_75:MACHINE DONE
143044:T510836_75:Error Code 0
143124:T510836_76:Machine Process.. START
143125:T510836_76:GOING TO SEND START
143125:T510836_76:SENT START, WAITING FOR FINISH 
143136:T510836_76:MACHINE DONE
143136:T510836_76:Error Code 0
143236:T510836_77:Machine Process.. START
143236:T510836_77:GOING TO SEND START
143236:T510836_77:SENT START, WAITING FOR FINISH 
143252:T510836_77:MACHINE DONE
143252:T510836_77:Error Code 0
143331:T510836_78:Machine Process.. START
143331:T510836_78:GOING TO SEND START
143331:T510836_78:SENT START, WAITING FOR FINISH 
143352:T510836_78:MACHINE DONE
143352:T510836_78:Error Code 0
143537:T510836_79:Machine Process.. START
143538:T510836_79:GOING TO SEND START
143538:T510836_79:SENT START, WAITING FOR FINISH 
143551:T510836_79:MACHINE DONE
143551:T510836_79:Error Code 0
143625:T510836_80:Machine Process.. START
143625:T510836_80:GOING TO SEND START
143625:T510836_80:SENT START, WAITING FOR FINISH 
143643:T510836_80:MACHINE DONE
143643:T510836_80:Error Code 0
143805:T510836_81:Machine Process.. START
143806:T510836_81:GOING TO SEND START
143806:T510836_81:SENT START, WAITING FOR FINISH 
143819:T510836_81:MACHINE DONE
143819:T510836_81:Error Code 0
143826:T510836_82:Machine Process.. START
143826:T510836_82:GOING TO SEND START
143827:T510836_82:SENT START, WAITING FOR FINISH 
143839:T510836_82:MACHINE DONE
143839:T510836_82:Error Code 0
143950:T510836_83:Machine Process.. START
143950:T510836_83:GOING TO SEND START
143950:T510836_83:SENT START, WAITING FOR FINISH 
144006:T510836_83:MACHINE DONE
144006:T510836_83:Error Code 0
144059:T510836_84:Machine Process.. START
144059:T510836_84:GOING TO SEND START
144059:T510836_84:SENT START, WAITING FOR FINISH 
144118:T510836_84:MACHINE DONE
144118:T510836_84:Error Code 0
144151:T510836_85:Machine Process.. START
144151:T510836_85:GOING TO SEND START
144151:T510836_85:SENT START, WAITING FOR FINISH 
144204:T510836_85:MACHINE DONE
144204:T510836_85:Error Code 0
144800:T510836_86:Machine Process.. START
144800:T510836_86:GOING TO SEND START
144801:T510836_86:SENT START, WAITING FOR FINISH 
144825:T510836_86:MACHINE DONE
144825:T510836_86:Error Code 0
144902:T510836_87:Machine Process.. START
144902:T510836_87:GOING TO SEND START
144902:T510836_87:SENT START, WAITING FOR FINISH 
144920:T510836_87:MACHINE DONE
144920:T510836_87:Error Code 0
145524:T510836_88:Machine Process.. START
145525:T510836_88:GOING TO SEND START
145525:T510836_88:SENT START, WAITING FOR FINISH 
145539:T510836_88:MACHINE DONE
145539:T510836_88:Error Code 0
145606:T510836_89:Machine Process.. START
145606:T510836_89:GOING TO SEND START
145607:T510836_89:SENT START, WAITING FOR FINISH 
145618:T510836_89:MACHINE DONE
145618:T510836_89:Error Code 0
145749:T510836_90:Machine Process.. START
145749:T510836_90:GOING TO SEND START
145749:T510836_90:SENT START, WAITING FOR FINISH 
145759:T510836_90:MACHINE DONE
145759:T510836_90:Error Code 0
145812:T510836_91:Machine Process.. START
145812:T510836_91:GOING TO SEND START
145813:T510836_91:SENT START, WAITING FOR FINISH 
145822:T510836_91:MACHINE DONE
145822:T510836_91:Error Code 0
153747:T510836_99:Machine Process.. START
153747:T510836_99:GOING TO SEND START
153747:T510836_99:SENT START, WAITING FOR FINISH 
153750:T510836_99:MACHINE DONE
153750:T510836_99:Error Code 0
154229:T510836_102:Machine Process.. START
154229:T510836_102:GOING TO SEND START
154230:T510836_102:SENT START, WAITING FOR FINISH 
154232:T510836_102:MACHINE DONE
154232:T510836_102:Error Code 0
