104025:T589126_1:Machine Process.. START
104025:T589126_1:GOING TO SEND START
104025:T589126_1:SENT START, WAITING FOR FINISH 
104109:T589126_1:MACHINE DONE
104109:T589126_1:Error Code 0
104341:T589126_2:Machine Process.. START
104341:T589126_2:GOING TO SEND START
104342:T589126_2:SENT START, WAITING FOR FINISH 
104429:T589126_2:MACHINE DONE
104429:T589126_2:Error Code 0
105015:T589126_3:Machine Process.. START
105015:T589126_3:GOING TO SEND START
105015:T589126_3:SENT START, WAITING FOR FINISH 
105115:T589126_3:MACHINE DONE
105115:T589126_3:Error Code 0
105304:T589126_4:Machine Process.. START
105304:T589126_4:GOING TO SEND START
105304:T589126_4:SENT START, WAITING FOR FINISH 
105352:T589126_4:MACHINE DONE
105352:T589126_4:Error Code 0
105605:T589126_5:Machine Process.. START
105605:T589126_5:GOING TO SEND START
105605:T589126_5:SENT START, WAITING FOR FINISH 
105653:T589126_5:MACHINE DONE
105653:T589126_5:Error Code 0
105718:T589126_6:Machine Process.. START
105718:T589126_6:GOING TO SEND START
105719:T589126_6:SENT START, WAITING FOR FINISH 
105854:T589126_6:MACHINE DONE
105854:T589126_6:Error Code 0
110222:T589126_7:Machine Process.. START
110223:T589126_7:GOING TO SEND START
110223:T589126_7:SENT START, WAITING FOR FINISH 
110308:T589126_7:MACHINE DONE
110308:T589126_7:Error Code 0
110726:T589126_8:Machine Process.. START
110726:T589126_8:GOING TO SEND START
110727:T589126_8:SENT START, WAITING FOR FINISH 
110816:T589126_8:MACHINE DONE
110816:T589126_8:Error Code 0
111053:T589126_9:Machine Process.. START
111053:T589126_9:GOING TO SEND START
111054:T589126_9:SENT START, WAITING FOR FINISH 
111150:T589126_9:MACHINE DONE
111150:T589126_9:Error Code 0
111612:T589126_10:Machine Process.. START
111612:T589126_10:GOING TO SEND START
111613:T589126_10:SENT START, WAITING FOR FINISH 
111656:T589126_10:MACHINE DONE
111656:T589126_10:Error Code 0
111729:T589126_11:Machine Process.. START
111729:T589126_11:GOING TO SEND START
111729:T589126_11:SENT START, WAITING FOR FINISH 
111824:T589126_11:MACHINE DONE
111824:T589126_11:Error Code 0
111940:T589126_12:Machine Process.. START
111941:T589126_12:GOING TO SEND START
111941:T589126_12:SENT START, WAITING FOR FINISH 
112027:T589126_12:MACHINE DONE
112027:T589126_12:Error Code 0
112514:T589126_13:Machine Process.. START
112514:T589126_13:GOING TO SEND START
112514:T589126_13:SENT START, WAITING FOR FINISH 
112609:T589126_13:MACHINE DONE
112609:T589126_13:Error Code 0
112944:T589126_14:Machine Process.. START
112944:T589126_14:GOING TO SEND START
112945:T589126_14:SENT START, WAITING FOR FINISH 
113036:T589126_14:MACHINE DONE
113036:T589126_14:Error Code 0
113123:T589126_15:Machine Process.. START
113123:T589126_15:GOING TO SEND START
113123:T589126_15:SENT START, WAITING FOR FINISH 
113224:T589126_15:MACHINE DONE
113224:T589126_15:Error Code 0
113256:T589126_16:Machine Process.. START
113256:T589126_16:GOING TO SEND START
113257:T589126_16:SENT START, WAITING FOR FINISH 
113355:T589126_16:MACHINE DONE
113355:T589126_16:Error Code 0
113723:T589126_17:Machine Process.. START
113723:T589126_17:GOING TO SEND START
113723:T589126_17:SENT START, WAITING FOR FINISH 
113811:T589126_17:MACHINE DONE
113811:T589126_17:Error Code 0
114221:T589126_18:Machine Process.. START
114222:T589126_18:GOING TO SEND START
114222:T589126_18:SENT START, WAITING FOR FINISH 
114310:T589126_18:MACHINE DONE
114310:T589126_18:Error Code 0
114505:T589126_19:Machine Process.. START
114505:T589126_19:GOING TO SEND START
114505:T589126_19:SENT START, WAITING FOR FINISH 
114559:T589126_19:MACHINE DONE
114559:T589126_19:Error Code 0
