115333:T589126_2:Machine Process.. START
115333:T589126_2:GOING TO SEND START
115333:T589126_2:SENT START, WAITING FOR FINISH 
115343:T589126_2:MACHINE DONE
115343:T589126_2:Error Code 0
135227:T510837_1:Machine Process.. START
135227:T510837_1:GOING TO SEND START
135227:T510837_1:SENT START, WAITING FOR FINISH 
135304:T510837_1:MACHINE DONE
135304:T510837_1:Error Code 0
135335:T510837_2:Machine Process.. START
135335:T510837_2:GOING TO SEND START
135335:T510837_2:SENT START, WAITING FOR FINISH 
135411:T510837_2:MACHINE DONE
135411:T510837_2:Error Code 0
135427:T510837_3:Machine Process.. START
135427:T510837_3:GOING TO SEND START
135428:T510837_3:SENT START, WAITING FOR FINISH 
135435:T510837_3:MACHINE DONE
135435:T510837_3:Error Code 0
135526:T510837_4:Machine Process.. START
135527:T510837_4:GOING TO SEND START
135527:T510837_4:SENT START, WAITING FOR FINISH 
135557:T510837_4:MACHINE DONE
135557:T510837_4:Error Code 0
135610:T510837_5:Machine Process.. START
135611:T510837_5:GOING TO SEND START
135611:T510837_5:SENT START, WAITING FOR FINISH 
135640:T510837_5:MACHINE DONE
135640:T510837_5:Error Code 0
135703:T510837_6:Machine Process.. START
135703:T510837_6:GOING TO SEND START
135703:T510837_6:SENT START, WAITING FOR FINISH 
135738:T510837_6:MACHINE DONE
135738:T510837_6:Error Code 0
135756:T510837_7:Machine Process.. START
135757:T510837_7:GOING TO SEND START
135757:T510837_7:SENT START, WAITING FOR FINISH 
135816:T510837_7:MACHINE DONE
135816:T510837_7:Error Code 0
135905:T510837_8:Machine Process.. START
135906:T510837_8:GOING TO SEND START
135906:T510837_8:SENT START, WAITING FOR FINISH 
135912:T510837_8:MACHINE DONE
135912:T510837_8:Error Code 0
135943:T510837_9:Machine Process.. START
135943:T510837_9:GOING TO SEND START
135943:T510837_9:SENT START, WAITING FOR FINISH 
135947:T510837_9:MACHINE DONE
135947:T510837_9:Error Code 0
140026:T510837_10:Machine Process.. START
140026:T510837_10:GOING TO SEND START
140026:T510837_10:SENT START, WAITING FOR FINISH 
140056:T510837_10:MACHINE DONE
140056:T510837_10:Error Code 0
140140:T510837_11:Machine Process.. START
140140:T510837_11:GOING TO SEND START
140140:T510837_11:SENT START, WAITING FOR FINISH 
140214:T510837_11:MACHINE DONE
140214:T510837_11:Error Code 0
140326:T510837_12:Machine Process.. START
140326:T510837_12:GOING TO SEND START
140326:T510837_12:SENT START, WAITING FOR FINISH 
140332:T510837_12:MACHINE DONE
140332:T510837_12:Error Code 0
140545:T510837_13:Machine Process.. START
140545:T510837_13:GOING TO SEND START
140545:T510837_13:SENT START, WAITING FOR FINISH 
140615:T510837_13:MACHINE DONE
140615:T510837_13:Error Code 0
140627:T510837_14:Machine Process.. START
140627:T510837_14:GOING TO SEND START
140627:T510837_14:SENT START, WAITING FOR FINISH 
140700:T510837_14:MACHINE DONE
140700:T510837_14:Error Code 0
140738:T510837_15:Machine Process.. START
140738:T510837_15:GOING TO SEND START
140739:T510837_15:SENT START, WAITING FOR FINISH 
140808:T510837_15:MACHINE DONE
140808:T510837_15:Error Code 0
141038:T510837_16:Machine Process.. START
141038:T510837_16:GOING TO SEND START
141038:T510837_16:SENT START, WAITING FOR FINISH 
141118:T510837_16:MACHINE DONE
141118:T510837_16:Error Code 0
141134:T510837_17:Machine Process.. START
141134:T510837_17:GOING TO SEND START
141135:T510837_17:SENT START, WAITING FOR FINISH 
141203:T510837_17:MACHINE DONE
141203:T510837_17:Error Code 0
141248:T510837_18:Machine Process.. START
141248:T510837_18:GOING TO SEND START
141248:T510837_18:SENT START, WAITING FOR FINISH 
141323:T510837_18:MACHINE DONE
141323:T510837_18:Error Code 0
141355:T510837_19:Machine Process.. START
141355:T510837_19:GOING TO SEND START
141356:T510837_19:SENT START, WAITING FOR FINISH 
141434:T510837_19:MACHINE DONE
141434:T510837_19:Error Code 0
141502:T510837_20:Machine Process.. START
141502:T510837_20:GOING TO SEND START
141503:T510837_20:SENT START, WAITING FOR FINISH 
141531:T510837_20:MACHINE DONE
141531:T510837_20:Error Code 0
141620:T510837_21:Machine Process.. START
141620:T510837_21:GOING TO SEND START
141621:T510837_21:SENT START, WAITING FOR FINISH 
141649:T510837_21:MACHINE DONE
141649:T510837_21:Error Code 0
141730:T510837_22:Machine Process.. START
141730:T510837_22:GOING TO SEND START
141731:T510837_22:SENT START, WAITING FOR FINISH 
141759:T510837_22:MACHINE DONE
141759:T510837_22:Error Code 0
141832:T510837_23:Machine Process.. START
141832:T510837_23:GOING TO SEND START
141832:T510837_23:SENT START, WAITING FOR FINISH 
141903:T510837_23:MACHINE DONE
141903:T510837_23:Error Code 0
141939:T510837_24:Machine Process.. START
141940:T510837_24:GOING TO SEND START
141940:T510837_24:SENT START, WAITING FOR FINISH 
142009:T510837_24:MACHINE DONE
142009:T510837_24:Error Code 0
142328:T510837_25:Machine Process.. START
142328:T510837_25:GOING TO SEND START
142329:T510837_25:SENT START, WAITING FOR FINISH 
142400:T510837_25:MACHINE DONE
142400:T510837_25:Error Code 0
142436:T510837_26:Machine Process.. START
142436:T510837_26:GOING TO SEND START
142437:T510837_26:SENT START, WAITING FOR FINISH 
142504:T510837_26:MACHINE DONE
142504:T510837_26:Error Code 0
142520:T510837_27:Machine Process.. START
142520:T510837_27:GOING TO SEND START
142520:T510837_27:SENT START, WAITING FOR FINISH 
142558:T510837_27:MACHINE DONE
142558:T510837_27:Error Code 0
142619:T510837_28:Machine Process.. START
142619:T510837_28:GOING TO SEND START
142619:T510837_28:SENT START, WAITING FOR FINISH 
142648:T510837_28:MACHINE DONE
142648:T510837_28:Error Code 0
142704:T510837_29:Machine Process.. START
142705:T510837_29:GOING TO SEND START
142705:T510837_29:SENT START, WAITING FOR FINISH 
142734:T510837_29:MACHINE DONE
142734:T510837_29:Error Code 0
142741:T510837_30:Machine Process.. START
142741:T510837_30:GOING TO SEND START
142742:T510837_30:SENT START, WAITING FOR FINISH 
142812:T510837_30:MACHINE DONE
142812:T510837_30:Error Code 0
142842:T510837_31:Machine Process.. START
142842:T510837_31:GOING TO SEND START
142843:T510837_31:SENT START, WAITING FOR FINISH 
142918:T510837_31:MACHINE DONE
142918:T510837_31:Error Code 0
143010:T510837_32:Machine Process.. START
143010:T510837_32:GOING TO SEND START
143010:T510837_32:SENT START, WAITING FOR FINISH 
143038:T510837_32:MACHINE DONE
143038:T510837_32:Error Code 0
143137:T510837_33:Machine Process.. START
143137:T510837_33:GOING TO SEND START
143137:T510837_33:SENT START, WAITING FOR FINISH 
143206:T510837_33:MACHINE DONE
143206:T510837_33:Error Code 0
143303:T510837_34:Machine Process.. START
143303:T510837_34:GOING TO SEND START
143304:T510837_34:SENT START, WAITING FOR FINISH 
143348:T510837_34:MACHINE DONE
143348:T510837_34:Error Code 0
143411:T510837_35:Machine Process.. START
143411:T510837_35:GOING TO SEND START
143412:T510837_35:SENT START, WAITING FOR FINISH 
143440:T510837_35:MACHINE DONE
143440:T510837_35:Error Code 0
143524:T510837_36:Machine Process.. START
143524:T510837_36:GOING TO SEND START
143524:T510837_36:SENT START, WAITING FOR FINISH 
143553:T510837_36:MACHINE DONE
143553:T510837_36:Error Code 0
143636:T510837_37:Machine Process.. START
143636:T510837_37:GOING TO SEND START
143637:T510837_37:SENT START, WAITING FOR FINISH 
143707:T510837_37:MACHINE DONE
143707:T510837_37:Error Code 0
143755:T510837_38:Machine Process.. START
143755:T510837_38:GOING TO SEND START
143755:T510837_38:SENT START, WAITING FOR FINISH 
143825:T510837_38:MACHINE DONE
143825:T510837_38:Error Code 0
143856:T510837_39:Machine Process.. START
143856:T510837_39:GOING TO SEND START
143856:T510837_39:SENT START, WAITING FOR FINISH 
143923:T510837_39:MACHINE DONE
143923:T510837_39:Error Code 0
144153:T510837_40:Machine Process.. START
144153:T510837_40:GOING TO SEND START
144153:T510837_40:SENT START, WAITING FOR FINISH 
144221:T510837_40:MACHINE DONE
144221:T510837_40:Error Code 0
144234:T510837_41:Machine Process.. START
144234:T510837_41:GOING TO SEND START
144234:T510837_41:SENT START, WAITING FOR FINISH 
144301:T510837_41:MACHINE DONE
144301:T510837_41:Error Code 0
144324:T510837_42:Machine Process.. START
144324:T510837_42:GOING TO SEND START
144324:T510837_42:SENT START, WAITING FOR FINISH 
144354:T510837_42:MACHINE DONE
144354:T510837_42:Error Code 0
144414:T510837_43:Machine Process.. START
144414:T510837_43:GOING TO SEND START
144415:T510837_43:SENT START, WAITING FOR FINISH 
144447:T510837_43:MACHINE DONE
144447:T510837_43:Error Code 0
144515:T510837_44:Machine Process.. START
144515:T510837_44:GOING TO SEND START
144515:T510837_44:SENT START, WAITING FOR FINISH 
144544:T510837_44:MACHINE DONE
144544:T510837_44:Error Code 0
144626:T510837_45:Machine Process.. START
144627:T510837_45:GOING TO SEND START
144627:T510837_45:SENT START, WAITING FOR FINISH 
144658:T510837_45:MACHINE DONE
144658:T510837_45:Error Code 0
144748:T510837_46:Machine Process.. START
144749:T510837_46:GOING TO SEND START
144749:T510837_46:SENT START, WAITING FOR FINISH 
144821:T510837_46:MACHINE DONE
144821:T510837_46:Error Code 0
144907:T510837_47:Machine Process.. START
144907:T510837_47:GOING TO SEND START
144907:T510837_47:SENT START, WAITING FOR FINISH 
145058:T510837_47:MACHINE DONE
145058:T510837_47:Error Code 0
145113:T510837_48:Machine Process.. START
145113:T510837_48:GOING TO SEND START
145113:T510837_48:SENT START, WAITING FOR FINISH 
145119:T510837_48:MACHINE DONE
145119:T510837_48:Error Code 0
145201:T510837_49:Machine Process.. START
145201:T510837_49:GOING TO SEND START
145201:T510837_49:SENT START, WAITING FOR FINISH 
145231:T510837_49:MACHINE DONE
145231:T510837_49:Error Code 0
145247:T510837_50:Machine Process.. START
145247:T510837_50:GOING TO SEND START
145247:T510837_50:SENT START, WAITING FOR FINISH 
145318:T510837_50:MACHINE DONE
145318:T510837_50:Error Code 0
145411:T510837_51:Machine Process.. START
145411:T510837_51:GOING TO SEND START
145411:T510837_51:SENT START, WAITING FOR FINISH 
145416:T510837_51:MACHINE DONE
145416:T510837_51:Error Code 0
