083635:T589126_1:Machine Process.. START
083636:T589126_1:GOING TO SEND START
083636:T589126_1:SENT START, WAITING FOR FINISH 
083847:T589126_1:MACHINE DONE
083847:T589126_1:Error Code 0
084559:T589126_2:Machine Process.. START
084559:T589126_2:GOING TO SEND START
084600:T589126_2:SENT START, WAITING FOR FINISH 
084732:T589126_2:MACHINE DONE
084732:T589126_2:Error Code 0
084942:T589126_3:Machine Process.. START
084942:T589126_3:GOING TO SEND START
084942:T589126_3:SENT START, WAITING FOR FINISH 
085130:T589126_3:MACHINE DONE
085131:T589126_3:Error Code 0
085151:T589126_4:Machine Process.. START
085151:T589126_4:GOING TO SEND START
085152:T589126_4:SENT START, WAITING FOR FINISH 
085323:T589126_4:MACHINE DONE
085323:T589126_4:Error Code 0
085330:T589126_5:Machine Process.. START
085330:T589126_5:GOING TO SEND START
085331:T589126_5:SENT START, WAITING FOR FINISH 
085448:T589126_5:MACHINE DONE
085448:T589126_5:Error Code 0
085518:T589126_6:Machine Process.. START
085518:T589126_6:GOING TO SEND START
085519:T589126_6:SENT START, WAITING FOR FINISH 
085721:T589126_6:MACHINE DONE
085721:T589126_6:Error Code 0
085734:T589126_7:Machine Process.. START
085734:T589126_7:GOING TO SEND START
085734:T589126_7:SENT START, WAITING FOR FINISH 
090141:T589126_7:MACHINE DONE
090141:T589126_7:Error Code 0
090221:T589126_8:Machine Process.. START
090221:T589126_8:GOING TO SEND START
090221:T589126_8:SENT START, WAITING FOR FINISH 
090421:T589126_8:MACHINE DONE
090421:T589126_8:Error Code 0
090854:T589126_9:Machine Process.. START
090854:T589126_9:GOING TO SEND START
090855:T589126_9:SENT START, WAITING FOR FINISH 
091047:T589126_9:MACHINE DONE
091047:T589126_9:Error Code 0
091216:T589126_10:Machine Process.. START
091216:T589126_10:GOING TO SEND START
091216:T589126_10:SENT START, WAITING FOR FINISH 
091433:T589126_10:MACHINE DONE
091434:T589126_10:Error Code 0
091436:T589126_11:Machine Process.. START
091436:T589126_11:GOING TO SEND START
091436:T589126_11:SENT START, WAITING FOR FINISH 
091608:T589126_11:MACHINE DONE
091608:T589126_11:Error Code 0
091618:T589126_12:Machine Process.. START
091618:T589126_12:GOING TO SEND START
091618:T589126_12:SENT START, WAITING FOR FINISH 
091740:T589126_12:MACHINE DONE
091740:T589126_12:Error Code 0
091743:T589126_13:Machine Process.. START
091743:T589126_13:GOING TO SEND START
091744:T589126_13:SENT START, WAITING FOR FINISH 
091948:T589126_13:MACHINE DONE
091949:T589126_13:Error Code 0
091951:T589126_14:Machine Process.. START
091951:T589126_14:GOING TO SEND START
091951:T589126_14:SENT START, WAITING FOR FINISH 
092131:T589126_14:MACHINE DONE
092131:T589126_14:Error Code 0
095207:T589126_15:Machine Process.. START
095207:T589126_15:GOING TO SEND START
095207:T589126_15:SENT START, WAITING FOR FINISH 
095443:T589126_15:MACHINE DONE
095443:T589126_15:Error Code 0
095521:T589126_16:Machine Process.. START
095521:T589126_16:GOING TO SEND START
095522:T589126_16:SENT START, WAITING FOR FINISH 
095649:T589126_16:MACHINE DONE
095649:T589126_16:Error Code 0
095704:T589126_17:Machine Process.. START
095704:T589126_17:GOING TO SEND START
095704:T589126_17:SENT START, WAITING FOR FINISH 
095840:T589126_17:MACHINE DONE
095840:T589126_17:Error Code 0
101414:T589126_18:Machine Process.. START
101414:T589126_18:GOING TO SEND START
101414:T589126_18:SENT START, WAITING FOR FINISH 
101558:T589126_18:MACHINE DONE
101558:T589126_18:Error Code 0
101610:T589126_19:Machine Process.. START
101610:T589126_19:GOING TO SEND START
101610:T589126_19:SENT START, WAITING FOR FINISH 
101754:T589126_19:MACHINE DONE
101754:T589126_19:Error Code 0
101805:T589126_20:Machine Process.. START
101806:T589126_20:GOING TO SEND START
101806:T589126_20:SENT START, WAITING FOR FINISH 
101949:T589126_20:MACHINE DONE
101949:T589126_20:Error Code 0
102006:T589126_21:Machine Process.. START
102007:T589126_21:GOING TO SEND START
102007:T589126_21:SENT START, WAITING FOR FINISH 
102200:T589126_21:MACHINE DONE
102200:T589126_21:Error Code 0
102448:T589126_22:Machine Process.. START
102448:T589126_22:GOING TO SEND START
102449:T589126_22:SENT START, WAITING FOR FINISH 
102632:T589126_22:MACHINE DONE
102632:T589126_22:Error Code 0
102634:T589126_23:Machine Process.. START
102634:T589126_23:GOING TO SEND START
102634:T589126_23:SENT START, WAITING FOR FINISH 
102857:T589126_23:MACHINE DONE
102857:T589126_23:Error Code 0
102859:T589126_24:Machine Process.. START
102859:T589126_24:GOING TO SEND START
102900:T589126_24:SENT START, WAITING FOR FINISH 
103618:T589126_24:MACHINE DONE
103618:T589126_24:Error Code 0
103620:T589126_25:Machine Process.. START
103621:T589126_25:GOING TO SEND START
103621:T589126_25:SENT START, WAITING FOR FINISH 
104039:T589126_25:MACHINE DONE
104039:T589126_25:Error Code 0
104921:T589126_26:Machine Process.. START
104922:T589126_26:GOING TO SEND START
104922:T589126_26:SENT START, WAITING FOR FINISH 
105157:T589126_26:MACHINE DONE
105157:T589126_26:Error Code 0
105241:T589126_27:Machine Process.. START
105242:T589126_27:GOING TO SEND START
105242:T589126_27:SENT START, WAITING FOR FINISH 
105434:T589126_27:MACHINE DONE
105434:T589126_27:Error Code 0
105446:T589126_28:Machine Process.. START
105447:T589126_28:GOING TO SEND START
105447:T589126_28:SENT START, WAITING FOR FINISH 
105623:T589126_28:MACHINE DONE
105623:T589126_28:Error Code 0
105637:T589126_29:Machine Process.. START
105638:T589126_29:GOING TO SEND START
105638:T589126_29:SENT START, WAITING FOR FINISH 
105808:T589126_29:MACHINE DONE
105808:T589126_29:Error Code 0
105824:T589126_30:Machine Process.. START
105824:T589126_30:GOING TO SEND START
105824:T589126_30:SENT START, WAITING FOR FINISH 
110023:T589126_30:MACHINE DONE
110023:T589126_30:Error Code 0
110025:T589126_31:Machine Process.. START
110025:T589126_31:GOING TO SEND START
110025:T589126_31:SENT START, WAITING FOR FINISH 
110233:T589126_31:MACHINE DONE
110233:T589126_31:Error Code 0
110247:T589126_32:Machine Process.. START
110247:T589126_32:GOING TO SEND START
110247:T589126_32:SENT START, WAITING FOR FINISH 
110434:T589126_32:MACHINE DONE
110434:T589126_32:Error Code 0
110447:T589126_33:Machine Process.. START
110447:T589126_33:GOING TO SEND START
110447:T589126_33:SENT START, WAITING FOR FINISH 
110628:T589126_33:MACHINE DONE
110628:T589126_33:Error Code 0
110641:T589126_34:Machine Process.. START
110641:T589126_34:GOING TO SEND START
110641:T589126_34:SENT START, WAITING FOR FINISH 
110819:T589126_34:MACHINE DONE
110819:T589126_34:Error Code 0
110823:T589126_35:Machine Process.. START
110823:T589126_35:GOING TO SEND START
110823:T589126_35:SENT START, WAITING FOR FINISH 
110957:T589126_35:MACHINE DONE
110957:T589126_35:Error Code 0
111009:T589126_36:Machine Process.. START
111010:T589126_36:GOING TO SEND START
111010:T589126_36:SENT START, WAITING FOR FINISH 
111212:T589126_36:MACHINE DONE
111212:T589126_36:Error Code 0
111224:T589126_37:Machine Process.. START
111225:T589126_37:GOING TO SEND START
111225:T589126_37:SENT START, WAITING FOR FINISH 
111412:T589126_37:MACHINE DONE
111412:T589126_37:Error Code 0
111420:T589126_38:Machine Process.. START
111420:T589126_38:GOING TO SEND START
111420:T589126_38:SENT START, WAITING FOR FINISH 
111605:T589126_38:MACHINE DONE
111605:T589126_38:Error Code 0
111617:T589126_39:Machine Process.. START
111618:T589126_39:GOING TO SEND START
111618:T589126_39:SENT START, WAITING FOR FINISH 
111749:T589126_39:MACHINE DONE
111749:T589126_39:Error Code 0
111804:T589126_40:Machine Process.. START
111805:T589126_40:GOING TO SEND START
111805:T589126_40:SENT START, WAITING FOR FINISH 
111938:T589126_40:MACHINE DONE
111938:T589126_40:Error Code 0
112043:T510837_1:Machine Process.. START
112044:T510837_1:GOING TO SEND START
112044:T510837_1:SENT START, WAITING FOR FINISH 
112222:T510837_1:MACHINE DONE
112222:T510837_1:Error Code 0
112235:T510837_2:Machine Process.. START
112236:T510837_2:GOING TO SEND START
112236:T510837_2:SENT START, WAITING FOR FINISH 
112409:T510837_2:MACHINE DONE
112409:T510837_2:Error Code 0
112422:T510837_3:Machine Process.. START
112423:T510837_3:GOING TO SEND START
112423:T510837_3:SENT START, WAITING FOR FINISH 
112553:T510837_3:MACHINE DONE
112553:T510837_3:Error Code 0
112605:T510837_4:Machine Process.. START
112606:T510837_4:GOING TO SEND START
112606:T510837_4:SENT START, WAITING FOR FINISH 
112934:T510837_4:MACHINE DONE
112935:T510837_4:Error Code 0
112937:T510837_5:Machine Process.. START
112937:T510837_5:GOING TO SEND START
112937:T510837_5:SENT START, WAITING FOR FINISH 
113108:T510837_5:MACHINE DONE
113108:T510837_5:Error Code 0
113120:T510837_6:Machine Process.. START
113120:T510837_6:GOING TO SEND START
113121:T510837_6:SENT START, WAITING FOR FINISH 
113249:T510837_6:MACHINE DONE
113249:T510837_6:Error Code 0
113301:T510837_7:Machine Process.. START
113301:T510837_7:GOING TO SEND START
113302:T510837_7:SENT START, WAITING FOR FINISH 
113428:T510837_7:MACHINE DONE
113428:T510837_7:Error Code 0
113440:T510837_8:Machine Process.. START
113440:T510837_8:GOING TO SEND START
113441:T510837_8:SENT START, WAITING FOR FINISH 
113618:T510837_8:MACHINE DONE
113618:T510837_8:Error Code 0
113634:T510837_9:Machine Process.. START
113634:T510837_9:GOING TO SEND START
113634:T510837_9:SENT START, WAITING FOR FINISH 
113813:T510837_9:MACHINE DONE
113813:T510837_9:Error Code 0
113826:T510837_10:Machine Process.. START
113826:T510837_10:GOING TO SEND START
113827:T510837_10:SENT START, WAITING FOR FINISH 
114013:T510837_10:MACHINE DONE
114013:T510837_10:Error Code 0
114026:T510837_11:Machine Process.. START
114027:T510837_11:GOING TO SEND START
114027:T510837_11:SENT START, WAITING FOR FINISH 
114157:T510837_11:MACHINE DONE
114157:T510837_11:Error Code 0
114209:T510837_12:Machine Process.. START
114209:T510837_12:GOING TO SEND START
114209:T510837_12:SENT START, WAITING FOR FINISH 
114334:T510837_12:MACHINE DONE
114334:T510837_12:Error Code 0
114347:T510837_13:Machine Process.. START
114347:T510837_13:GOING TO SEND START
114347:T510837_13:SENT START, WAITING FOR FINISH 
114514:T510837_13:MACHINE DONE
114514:T510837_13:Error Code 0
114517:T510837_14:Machine Process.. START
114517:T510837_14:GOING TO SEND START
114517:T510837_14:SENT START, WAITING FOR FINISH 
114700:T510837_14:MACHINE DONE
114700:T510837_14:Error Code 0
114712:T510837_15:Machine Process.. START
114712:T510837_15:GOING TO SEND START
114713:T510837_15:SENT START, WAITING FOR FINISH 
114842:T510837_15:MACHINE DONE
114842:T510837_15:Error Code 0
114844:T510837_16:Machine Process.. START
114844:T510837_16:GOING TO SEND START
114845:T510837_16:SENT START, WAITING FOR FINISH 
115029:T510837_16:MACHINE DONE
115029:T510837_16:Error Code 0
115031:T510837_17:Machine Process.. START
115032:T510837_17:GOING TO SEND START
115032:T510837_17:SENT START, WAITING FOR FINISH 
130600:T510837_17:MACHINE DONE
130600:T510837_17:Error Code 0
130615:T510837_18:Machine Process.. START
130615:T510837_18:GOING TO SEND START
130615:T510837_18:SENT START, WAITING FOR FINISH 
130843:T510837_18:MACHINE DONE
130843:T510837_18:Error Code 0
130856:T510837_19:Machine Process.. START
130857:T510837_19:GOING TO SEND START
130857:T510837_19:SENT START, WAITING FOR FINISH 
131033:T510837_19:MACHINE DONE
131033:T510837_19:Error Code 0
131035:T510837_20:Machine Process.. START
131036:T510837_20:GOING TO SEND START
131036:T510837_20:SENT START, WAITING FOR FINISH 
131206:T510837_20:MACHINE DONE
131206:T510837_20:Error Code 0
131208:T510837_21:Machine Process.. START
131209:T510837_21:GOING TO SEND START
131209:T510837_21:SENT START, WAITING FOR FINISH 
131918:T510837_21:MACHINE DONE
131918:T510837_21:Error Code 0
131931:T510837_22:Machine Process.. START
131931:T510837_22:GOING TO SEND START
131931:T510837_22:SENT START, WAITING FOR FINISH 
132107:T510837_22:MACHINE DONE
132107:T510837_22:Error Code 0
132119:T510837_23:Machine Process.. START
132119:T510837_23:GOING TO SEND START
132119:T510837_23:SENT START, WAITING FOR FINISH 
132254:T510837_23:MACHINE DONE
132254:T510837_23:Error Code 0
132256:T510837_24:Machine Process.. START
132256:T510837_24:GOING TO SEND START
132257:T510837_24:SENT START, WAITING FOR FINISH 
132438:T510837_24:MACHINE DONE
132438:T510837_24:Error Code 0
132455:T510837_25:Machine Process.. START
132456:T510837_25:GOING TO SEND START
132456:T510837_25:SENT START, WAITING FOR FINISH 
132641:T510837_25:MACHINE DONE
132641:T510837_25:Error Code 0
132723:T510837_26:Machine Process.. START
132723:T510837_26:GOING TO SEND START
132724:T510837_26:SENT START, WAITING FOR FINISH 
132914:T510837_26:MACHINE DONE
132915:T510837_26:Error Code 0
132943:T510837_27:Machine Process.. START
132943:T510837_27:GOING TO SEND START
132943:T510837_27:SENT START, WAITING FOR FINISH 
133236:T510837_27:MACHINE DONE
133236:T510837_27:Error Code 0
133249:T510837_28:Machine Process.. START
133250:T510837_28:GOING TO SEND START
133250:T510837_28:SENT START, WAITING FOR FINISH 
133451:T510837_28:MACHINE DONE
133451:T510837_28:Error Code 0
133504:T510837_29:Machine Process.. START
133504:T510837_29:GOING TO SEND START
133504:T510837_29:SENT START, WAITING FOR FINISH 
133644:T510837_29:MACHINE DONE
133645:T510837_29:Error Code 0
133656:T510837_30:Machine Process.. START
133657:T510837_30:GOING TO SEND START
133657:T510837_30:SENT START, WAITING FOR FINISH 
134101:T510837_30:MACHINE DONE
134101:T510837_30:Error Code 0
134113:T510837_31:Machine Process.. START
134113:T510837_31:GOING TO SEND START
134114:T510837_31:SENT START, WAITING FOR FINISH 
134243:T510837_31:MACHINE DONE
134243:T510837_31:Error Code 0
134245:T510837_32:Machine Process.. START
134246:T510837_32:GOING TO SEND START
134246:T510837_32:SENT START, WAITING FOR FINISH 
134447:T510837_32:MACHINE DONE
134447:T510837_32:Error Code 0
134448:T510837_33:Machine Process.. START
134449:T510837_33:GOING TO SEND START
134449:T510837_33:SENT START, WAITING FOR FINISH 
134706:T510837_33:MACHINE DONE
134706:T510837_33:Error Code 0
134718:T510837_34:Machine Process.. START
134719:T510837_34:GOING TO SEND START
134719:T510837_34:SENT START, WAITING FOR FINISH 
134850:T510837_34:MACHINE DONE
134850:T510837_34:Error Code 0
134902:T510837_35:Machine Process.. START
134903:T510837_35:GOING TO SEND START
134903:T510837_35:SENT START, WAITING FOR FINISH 
135117:T510837_35:MACHINE DONE
135117:T510837_35:Error Code 0
135123:T510837_36:Machine Process.. START
135123:T510837_36:GOING TO SEND START
135123:T510837_36:SENT START, WAITING FOR FINISH 
135255:T510837_36:MACHINE DONE
135255:T510837_36:Error Code 0
135306:T510837_37:Machine Process.. START
135306:T510837_37:GOING TO SEND START
135307:T510837_37:SENT START, WAITING FOR FINISH 
135434:T510837_37:MACHINE DONE
135434:T510837_37:Error Code 0
135446:T510837_38:Machine Process.. START
135447:T510837_38:GOING TO SEND START
135447:T510837_38:SENT START, WAITING FOR FINISH 
135623:T510837_38:MACHINE DONE
135623:T510837_38:Error Code 0
135626:T510837_39:Machine Process.. START
135626:T510837_39:GOING TO SEND START
135626:T510837_39:SENT START, WAITING FOR FINISH 
135812:T510837_39:MACHINE DONE
135812:T510837_39:Error Code 0
135824:T510837_40:Machine Process.. START
135824:T510837_40:GOING TO SEND START
135824:T510837_40:SENT START, WAITING FOR FINISH 
140021:T510837_40:MACHINE DONE
140021:T510837_40:Error Code 0
140026:T510837_41:Machine Process.. START
140026:T510837_41:GOING TO SEND START
140027:T510837_41:SENT START, WAITING FOR FINISH 
140157:T510837_41:MACHINE DONE
140157:T510837_41:Error Code 0
140159:T510837_42:Machine Process.. START
140159:T510837_42:GOING TO SEND START
140200:T510837_42:SENT START, WAITING FOR FINISH 
140401:T510837_42:MACHINE DONE
140401:T510837_42:Error Code 0
140403:T510837_43:Machine Process.. START
140403:T510837_43:GOING TO SEND START
140404:T510837_43:SENT START, WAITING FOR FINISH 
140541:T510837_43:MACHINE DONE
140541:T510837_43:Error Code 0
140544:T510837_44:Machine Process.. START
140545:T510837_44:GOING TO SEND START
140545:T510837_44:SENT START, WAITING FOR FINISH 
140707:T510837_44:MACHINE DONE
140707:T510837_44:Error Code 0
140709:T510837_45:Machine Process.. START
140709:T510837_45:GOING TO SEND START
140710:T510837_45:SENT START, WAITING FOR FINISH 
140841:T510837_45:MACHINE DONE
140842:T510837_45:Error Code 0
140920:T510837_46:Machine Process.. START
140921:T510837_46:GOING TO SEND START
140921:T510837_46:SENT START, WAITING FOR FINISH 
141109:T510837_46:MACHINE DONE
141109:T510837_46:Error Code 0
141113:T510837_47:Machine Process.. START
141113:T510837_47:GOING TO SEND START
141114:T510837_47:SENT START, WAITING FOR FINISH 
141250:T510837_47:MACHINE DONE
141250:T510837_47:Error Code 0
141304:T510837_48:Machine Process.. START
141304:T510837_48:GOING TO SEND START
141304:T510837_48:SENT START, WAITING FOR FINISH 
141441:T510837_48:MACHINE DONE
141441:T510837_48:Error Code 0
141453:T510837_49:Machine Process.. START
141453:T510837_49:GOING TO SEND START
141454:T510837_49:SENT START, WAITING FOR FINISH 
141630:T510837_49:MACHINE DONE
141630:T510837_49:Error Code 0
141643:T510837_50:Machine Process.. START
141643:T510837_50:GOING TO SEND START
141644:T510837_50:SENT START, WAITING FOR FINISH 
141857:T510837_50:MACHINE DONE
141857:T510837_50:Error Code 0
141913:T510837_51:Machine Process.. START
141913:T510837_51:GOING TO SEND START
141913:T510837_51:SENT START, WAITING FOR FINISH 
142059:T510837_51:MACHINE DONE
142059:T510837_51:Error Code 0
142104:T510837_52:Machine Process.. START
142104:T510837_52:GOING TO SEND START
142104:T510837_52:SENT START, WAITING FOR FINISH 
142227:T510837_52:MACHINE DONE
142227:T510837_52:Error Code 0
142232:T510837_53:Machine Process.. START
142232:T510837_53:GOING TO SEND START
142233:T510837_53:SENT START, WAITING FOR FINISH 
142354:T510837_53:MACHINE DONE
142354:T510837_53:Error Code 0
142402:T510837_54:Machine Process.. START
142403:T510837_54:GOING TO SEND START
142403:T510837_54:SENT START, WAITING FOR FINISH 
142526:T510837_54:MACHINE DONE
142526:T510837_54:Error Code 0
142528:T510837_55:Machine Process.. START
142529:T510837_55:GOING TO SEND START
142529:T510837_55:SENT START, WAITING FOR FINISH 
142725:T510837_55:MACHINE DONE
142725:T510837_55:Error Code 0
142730:T510837_56:Machine Process.. START
142730:T510837_56:GOING TO SEND START
142730:T510837_56:SENT START, WAITING FOR FINISH 
142854:T510837_56:MACHINE DONE
142854:T510837_56:Error Code 0
142856:T510837_57:Machine Process.. START
142857:T510837_57:GOING TO SEND START
142857:T510837_57:SENT START, WAITING FOR FINISH 
143032:T510837_57:MACHINE DONE
143032:T510837_57:Error Code 0
143034:T510837_58:Machine Process.. START
143035:T510837_58:GOING TO SEND START
143035:T510837_58:SENT START, WAITING FOR FINISH 
143204:T510837_58:MACHINE DONE
143205:T510837_58:Error Code 0
143220:T510837_59:Machine Process.. START
143220:T510837_59:GOING TO SEND START
143221:T510837_59:SENT START, WAITING FOR FINISH 
143402:T510837_59:MACHINE DONE
143402:T510837_59:Error Code 0
143510:T510837_60:Machine Process.. START
143510:T510837_60:GOING TO SEND START
143511:T510837_60:SENT START, WAITING FOR FINISH 
143702:T510837_60:MACHINE DONE
143702:T510837_60:Error Code 0
143706:T510837_61:Machine Process.. START
143707:T510837_61:GOING TO SEND START
143707:T510837_61:SENT START, WAITING FOR FINISH 
143904:T510837_61:MACHINE DONE
143904:T510837_61:Error Code 0
144144:T510837_62:Machine Process.. START
144144:T510837_62:GOING TO SEND START
144145:T510837_62:SENT START, WAITING FOR FINISH 
144313:T510837_62:MACHINE DONE
144313:T510837_62:Error Code 0
144315:T510837_63:Machine Process.. START
144315:T510837_63:GOING TO SEND START
144316:T510837_63:SENT START, WAITING FOR FINISH 
144535:T510837_63:MACHINE DONE
144535:T510837_63:Error Code 0
144536:T510837_64:Machine Process.. START
144537:T510837_64:GOING TO SEND START
144537:T510837_64:SENT START, WAITING FOR FINISH 
144711:T510837_64:MACHINE DONE
144711:T510837_64:Error Code 0
144714:T510837_65:Machine Process.. START
144715:T510837_65:GOING TO SEND START
144715:T510837_65:SENT START, WAITING FOR FINISH 
144923:T510837_65:MACHINE DONE
144923:T510837_65:Error Code 0
144936:T510837_66:Machine Process.. START
144936:T510837_66:GOING TO SEND START
144937:T510837_66:SENT START, WAITING FOR FINISH 
145103:T510837_66:MACHINE DONE
145103:T510837_66:Error Code 0
145109:T510837_67:Machine Process.. START
145110:T510837_67:GOING TO SEND START
145110:T510837_67:SENT START, WAITING FOR FINISH 
145255:T510837_67:MACHINE DONE
145255:T510837_67:Error Code 0
145302:T510837_68:Machine Process.. START
145303:T510837_68:GOING TO SEND START
145303:T510837_68:SENT START, WAITING FOR FINISH 
145427:T510837_68:MACHINE DONE
145427:T510837_68:Error Code 0
145434:T510837_69:Machine Process.. START
145434:T510837_69:GOING TO SEND START
145434:T510837_69:SENT START, WAITING FOR FINISH 
145626:T510837_69:MACHINE DONE
145626:T510837_69:Error Code 0
145627:T510837_70:Machine Process.. START
145627:T510837_70:GOING TO SEND START
145628:T510837_70:SENT START, WAITING FOR FINISH 
145753:T510837_70:MACHINE DONE
145753:T510837_70:Error Code 0
151347:T510837_71:Machine Process.. START
151347:T510837_71:GOING TO SEND START
151348:T510837_71:SENT START, WAITING FOR FINISH 
151512:T510837_71:MACHINE DONE
151512:T510837_71:Error Code 0
151644:T510837_72:Machine Process.. START
151644:T510837_72:GOING TO SEND START
151645:T510837_72:SENT START, WAITING FOR FINISH 
151807:T510837_72:MACHINE DONE
151807:T510837_72:Error Code 0
151810:T510837_73:Machine Process.. START
151810:T510837_73:GOING TO SEND START
151810:T510837_73:SENT START, WAITING FOR FINISH 
151932:T510837_73:MACHINE DONE
151932:T510837_73:Error Code 0
151940:T510837_74:Machine Process.. START
151940:T510837_74:GOING TO SEND START
151941:T510837_74:SENT START, WAITING FOR FINISH 
152124:T510837_74:MACHINE DONE
152124:T510837_74:Error Code 0
152135:T510837_75:Machine Process.. START
152136:T510837_75:GOING TO SEND START
152136:T510837_75:SENT START, WAITING FOR FINISH 
152340:T510837_75:MACHINE DONE
152340:T510837_75:Error Code 0
152347:T510837_76:Machine Process.. START
152347:T510837_76:GOING TO SEND START
152348:T510837_76:SENT START, WAITING FOR FINISH 
152526:T510837_76:MACHINE DONE
152526:T510837_76:Error Code 0
152530:T510837_77:Machine Process.. START
152530:T510837_77:GOING TO SEND START
152530:T510837_77:SENT START, WAITING FOR FINISH 
152648:T510837_77:MACHINE DONE
152648:T510837_77:Error Code 0
152700:T510837_78:Machine Process.. START
152700:T510837_78:GOING TO SEND START
152701:T510837_78:SENT START, WAITING FOR FINISH 
152847:T510837_78:MACHINE DONE
152847:T510837_78:Error Code 0
152854:T510837_79:Machine Process.. START
152855:T510837_79:GOING TO SEND START
152855:T510837_79:SENT START, WAITING FOR FINISH 
153015:T510837_79:MACHINE DONE
153015:T510837_79:Error Code 0
153028:T510837_80:Machine Process.. START
153028:T510837_80:GOING TO SEND START
153028:T510837_80:SENT START, WAITING FOR FINISH 
153150:T510837_80:MACHINE DONE
153151:T510837_80:Error Code 0
153218:T510837_81:Machine Process.. START
153219:T510837_81:GOING TO SEND START
153219:T510837_81:SENT START, WAITING FOR FINISH 
153342:T510837_81:MACHINE DONE
153342:T510837_81:Error Code 0
153447:T510837_82:Machine Process.. START
153448:T510837_82:GOING TO SEND START
153448:T510837_82:SENT START, WAITING FOR FINISH 
153605:T510837_82:MACHINE DONE
153605:T510837_82:Error Code 0
153632:T510837_83:Machine Process.. START
153632:T510837_83:GOING TO SEND START
153633:T510837_83:SENT START, WAITING FOR FINISH 
153753:T510837_83:MACHINE DONE
153753:T510837_83:Error Code 0
153758:T510837_84:Machine Process.. START
153759:T510837_84:GOING TO SEND START
153759:T510837_84:SENT START, WAITING FOR FINISH 
154004:T510837_84:MACHINE DONE
154004:T510837_84:Error Code 0
154006:T510837_85:Machine Process.. START
154007:T510837_85:GOING TO SEND START
154007:T510837_85:SENT START, WAITING FOR FINISH 
154124:T510837_85:MACHINE DONE
154124:T510837_85:Error Code 0
154138:T510837_86:Machine Process.. START
154139:T510837_86:GOING TO SEND START
154139:T510837_86:SENT START, WAITING FOR FINISH 
154329:T510837_86:MACHINE DONE
154329:T510837_86:Error Code 0
154333:T510837_87:Machine Process.. START
154334:T510837_87:GOING TO SEND START
154334:T510837_87:SENT START, WAITING FOR FINISH 
154449:T510837_87:MACHINE DONE
154449:T510837_87:Error Code 0
154453:T510837_88:Machine Process.. START
154453:T510837_88:GOING TO SEND START
154453:T510837_88:SENT START, WAITING FOR FINISH 
154626:T510837_88:MACHINE DONE
154626:T510837_88:Error Code 0
154640:T510837_89:Machine Process.. START
154640:T510837_89:GOING TO SEND START
154640:T510837_89:SENT START, WAITING FOR FINISH 
154758:T510837_89:MACHINE DONE
154758:T510837_89:Error Code 0
154806:T510837_90:Machine Process.. START
154806:T510837_90:GOING TO SEND START
154806:T510837_90:SENT START, WAITING FOR FINISH 
154926:T510837_90:MACHINE DONE
154926:T510837_90:Error Code 0
154947:T510837_91:Machine Process.. START
154948:T510837_91:GOING TO SEND START
154948:T510837_91:SENT START, WAITING FOR FINISH 
155229:T510837_91:MACHINE DONE
155229:T510837_91:Error Code 0
155242:T510837_92:Machine Process.. START
155243:T510837_92:GOING TO SEND START
155243:T510837_92:SENT START, WAITING FOR FINISH 
155449:T510837_92:MACHINE DONE
155449:T510837_92:Error Code 0
155451:T510837_93:Machine Process.. START
155451:T510837_93:GOING TO SEND START
155452:T510837_93:SENT START, WAITING FOR FINISH 
155648:T510837_93:MACHINE DONE
155648:T510837_93:Error Code 0
