112905:T589126_1:Machine Process.. START
112906:T589126_1:GOING TO SEND START
112906:T589126_1:SENT START, WAITING FOR FINISH 
115021:T589126_2:Machine Process.. START
115021:T589126_2:GOING TO SEND START
115021:T589126_2:SENT START, WAITING FOR FINISH 
115043:T589126_2:MACHINE DONE
115043:T589126_2:Error Code 0
133949:T510837_1:Machine Process.. START
133949:T510837_1:GOING TO SEND START
133949:T510837_1:SENT START, WAITING FOR FINISH 
134013:T510837_1:MACHINE DONE
134013:T510837_1:Error Code 0
134026:T510837_2:Machine Process.. START
134026:T510837_2:GOING TO SEND START
134027:T510837_2:SENT START, WAITING FOR FINISH 
134049:T510837_2:MACHINE DONE
134049:T510837_2:Error Code 0
135117:T510837_3:Machine Process.. START
135118:T510837_3:GOING TO SEND START
135118:T510837_3:SENT START, WAITING FOR FINISH 
135137:T510837_3:MACHINE DONE
135137:T510837_3:Error Code 0
135201:T510837_4:Machine Process.. START
135201:T510837_4:GOING TO SEND START
135201:T510837_4:SENT START, WAITING FOR FINISH 
135224:T510837_4:MACHINE DONE
135224:T510837_4:Error Code 0
135242:T510837_5:Machine Process.. START
135242:T510837_5:GOING TO SEND START
135242:T510837_5:SENT START, WAITING FOR FINISH 
135304:T510837_5:MACHINE DONE
135304:T510837_5:Error Code 0
135325:T510837_6:Machine Process.. START
135325:T510837_6:GOING TO SEND START
135326:T510837_6:SENT START, WAITING FOR FINISH 
135347:T510837_6:MACHINE DONE
135347:T510837_6:Error Code 0
135417:T510837_7:Machine Process.. START
135417:T510837_7:GOING TO SEND START
135418:T510837_7:SENT START, WAITING FOR FINISH 
135447:T510837_7:MACHINE DONE
135447:T510837_7:Error Code 0
135509:T510837_8:Machine Process.. START
135509:T510837_8:GOING TO SEND START
135509:T510837_8:SENT START, WAITING FOR FINISH 
135533:T510837_8:MACHINE DONE
135533:T510837_8:Error Code 0
135542:T510837_9:Machine Process.. START
135542:T510837_9:GOING TO SEND START
135542:T510837_9:SENT START, WAITING FOR FINISH 
135607:T510837_9:MACHINE DONE
135607:T510837_9:Error Code 0
135631:T510837_10:Machine Process.. START
135631:T510837_10:GOING TO SEND START
135632:T510837_10:SENT START, WAITING FOR FINISH 
135650:T510837_10:MACHINE DONE
135650:T510837_10:Error Code 0
135717:T510837_11:Machine Process.. START
135717:T510837_11:GOING TO SEND START
135717:T510837_11:SENT START, WAITING FOR FINISH 
135738:T510837_11:MACHINE DONE
135738:T510837_11:Error Code 0
135820:T510837_12:Machine Process.. START
135820:T510837_12:GOING TO SEND START
135820:T510837_12:SENT START, WAITING FOR FINISH 
135842:T510837_12:MACHINE DONE
135842:T510837_12:Error Code 0
135919:T510837_13:Machine Process.. START
135919:T510837_13:GOING TO SEND START
135919:T510837_13:SENT START, WAITING FOR FINISH 
135940:T510837_13:MACHINE DONE
135940:T510837_13:Error Code 0
135956:T510837_14:Machine Process.. START
135956:T510837_14:GOING TO SEND START
135956:T510837_14:SENT START, WAITING FOR FINISH 
140018:T510837_14:MACHINE DONE
140018:T510837_14:Error Code 0
140052:T510837_15:Machine Process.. START
140053:T510837_15:GOING TO SEND START
140053:T510837_15:SENT START, WAITING FOR FINISH 
140114:T510837_15:MACHINE DONE
140114:T510837_15:Error Code 0
140250:T510837_16:Machine Process.. START
140250:T510837_16:GOING TO SEND START
140251:T510837_16:SENT START, WAITING FOR FINISH 
140313:T510837_16:MACHINE DONE
140313:T510837_16:Error Code 0
140412:T510837_17:Machine Process.. START
140412:T510837_17:GOING TO SEND START
140412:T510837_17:SENT START, WAITING FOR FINISH 
140440:T510837_17:MACHINE DONE
140440:T510837_17:Error Code 0
140512:T510837_18:Machine Process.. START
140512:T510837_18:GOING TO SEND START
140512:T510837_18:SENT START, WAITING FOR FINISH 
140538:T510837_18:MACHINE DONE
140538:T510837_18:Error Code 0
140701:T510837_19:Machine Process.. START
140701:T510837_19:GOING TO SEND START
140702:T510837_19:SENT START, WAITING FOR FINISH 
140721:T510837_19:MACHINE DONE
140721:T510837_19:Error Code 0
140754:T510837_20:Machine Process.. START
140754:T510837_20:GOING TO SEND START
140754:T510837_20:SENT START, WAITING FOR FINISH 
140816:T510837_20:MACHINE DONE
140816:T510837_20:Error Code 0
141019:T510837_21:Machine Process.. START
141019:T510837_21:GOING TO SEND START
141019:T510837_21:SENT START, WAITING FOR FINISH 
141040:T510837_21:MACHINE DONE
141040:T510837_21:Error Code 0
141217:T510837_22:Machine Process.. START
141217:T510837_22:GOING TO SEND START
141217:T510837_22:SENT START, WAITING FOR FINISH 
141239:T510837_22:MACHINE DONE
141239:T510837_22:Error Code 0
141311:T510837_23:Machine Process.. START
141311:T510837_23:GOING TO SEND START
141311:T510837_23:SENT START, WAITING FOR FINISH 
141333:T510837_23:MACHINE DONE
141333:T510837_23:Error Code 0
141425:T510837_24:Machine Process.. START
141425:T510837_24:GOING TO SEND START
141425:T510837_24:SENT START, WAITING FOR FINISH 
141448:T510837_24:MACHINE DONE
141448:T510837_24:Error Code 0
141959:T510837_25:Machine Process.. START
141959:T510837_25:GOING TO SEND START
141959:T510837_25:SENT START, WAITING FOR FINISH 
142026:T510837_25:MACHINE DONE
142026:T510837_25:Error Code 0
142049:T510837_26:Machine Process.. START
142049:T510837_26:GOING TO SEND START
142049:T510837_26:SENT START, WAITING FOR FINISH 
142121:T510837_26:MACHINE DONE
142121:T510837_26:Error Code 0
142134:T510837_27:Machine Process.. START
142134:T510837_27:GOING TO SEND START
142134:T510837_27:SENT START, WAITING FOR FINISH 
142156:T510837_27:MACHINE DONE
142156:T510837_27:Error Code 0
142243:T510837_28:Machine Process.. START
142244:T510837_28:GOING TO SEND START
142244:T510837_28:SENT START, WAITING FOR FINISH 
142304:T510837_28:MACHINE DONE
142304:T510837_28:Error Code 0
142333:T510837_29:Machine Process.. START
142333:T510837_29:GOING TO SEND START
142334:T510837_29:SENT START, WAITING FOR FINISH 
142400:T510837_29:MACHINE DONE
142400:T510837_29:Error Code 0
142411:T510837_30:Machine Process.. START
142411:T510837_30:GOING TO SEND START
142412:T510837_30:SENT START, WAITING FOR FINISH 
142432:T510837_30:MACHINE DONE
142432:T510837_30:Error Code 0
142458:T510837_31:Machine Process.. START
142459:T510837_31:GOING TO SEND START
142459:T510837_31:SENT START, WAITING FOR FINISH 
142524:T510837_31:MACHINE DONE
142524:T510837_31:Error Code 0
142536:T510837_32:Machine Process.. START
142536:T510837_32:GOING TO SEND START
142537:T510837_32:SENT START, WAITING FOR FINISH 
142559:T510837_32:MACHINE DONE
142559:T510837_32:Error Code 0
142630:T510837_33:Machine Process.. START
142630:T510837_33:GOING TO SEND START
142631:T510837_33:SENT START, WAITING FOR FINISH 
142653:T510837_33:MACHINE DONE
142653:T510837_33:Error Code 0
142728:T510837_34:Machine Process.. START
142729:T510837_34:GOING TO SEND START
142729:T510837_34:SENT START, WAITING FOR FINISH 
142800:T510837_34:MACHINE DONE
142800:T510837_34:Error Code 0
142813:T510837_35:Machine Process.. START
142814:T510837_35:GOING TO SEND START
142814:T510837_35:SENT START, WAITING FOR FINISH 
142835:T510837_35:MACHINE DONE
142835:T510837_35:Error Code 0
142926:T510837_36:Machine Process.. START
142926:T510837_36:GOING TO SEND START
142926:T510837_36:SENT START, WAITING FOR FINISH 
142951:T510837_36:MACHINE DONE
142951:T510837_36:Error Code 0
143010:T510837_37:Machine Process.. START
143010:T510837_37:GOING TO SEND START
143011:T510837_37:SENT START, WAITING FOR FINISH 
143032:T510837_37:MACHINE DONE
143032:T510837_37:Error Code 0
143056:T510837_38:Machine Process.. START
143057:T510837_38:GOING TO SEND START
143057:T510837_38:SENT START, WAITING FOR FINISH 
143121:T510837_38:MACHINE DONE
143121:T510837_38:Error Code 0
143203:T510837_39:Machine Process.. START
143203:T510837_39:GOING TO SEND START
143203:T510837_39:SENT START, WAITING FOR FINISH 
143224:T510837_39:MACHINE DONE
143224:T510837_39:Error Code 0
143407:T510837_40:Machine Process.. START
143407:T510837_40:GOING TO SEND START
143407:T510837_40:SENT START, WAITING FOR FINISH 
143444:T510837_40:MACHINE DONE
143444:T510837_40:Error Code 0
143517:T510837_41:Machine Process.. START
143517:T510837_41:GOING TO SEND START
143518:T510837_41:SENT START, WAITING FOR FINISH 
143541:T510837_41:MACHINE DONE
143541:T510837_41:Error Code 0
143635:T510837_42:Machine Process.. START
143635:T510837_42:GOING TO SEND START
143636:T510837_42:SENT START, WAITING FOR FINISH 
143701:T510837_42:MACHINE DONE
143701:T510837_42:Error Code 0
143800:T510837_43:Machine Process.. START
143800:T510837_43:GOING TO SEND START
143800:T510837_43:SENT START, WAITING FOR FINISH 
143833:T510837_43:MACHINE DONE
143833:T510837_43:Error Code 0
143912:T510837_44:Machine Process.. START
143912:T510837_44:GOING TO SEND START
143913:T510837_44:SENT START, WAITING FOR FINISH 
143937:T510837_44:MACHINE DONE
143937:T510837_44:Error Code 0
144055:T510837_45:Machine Process.. START
144055:T510837_45:GOING TO SEND START
144055:T510837_45:SENT START, WAITING FOR FINISH 
144115:T510837_45:MACHINE DONE
144115:T510837_45:Error Code 0
144125:T510837_46:Machine Process.. START
144126:T510837_46:GOING TO SEND START
144126:T510837_46:SENT START, WAITING FOR FINISH 
144153:T510837_46:MACHINE DONE
144153:T510837_46:Error Code 0
144230:T510837_47:Machine Process.. START
144230:T510837_47:GOING TO SEND START
144230:T510837_47:SENT START, WAITING FOR FINISH 
144255:T510837_47:MACHINE DONE
144255:T510837_47:Error Code 0
144346:T510837_48:Machine Process.. START
144347:T510837_48:GOING TO SEND START
144347:T510837_48:SENT START, WAITING FOR FINISH 
144410:T510837_48:MACHINE DONE
144410:T510837_48:Error Code 0
144451:T510837_49:Machine Process.. START
144451:T510837_49:GOING TO SEND START
144451:T510837_49:SENT START, WAITING FOR FINISH 
144531:T510837_49:MACHINE DONE
144532:T510837_49:Error Code 0
144556:T510837_50:Machine Process.. START
144556:T510837_50:GOING TO SEND START
144556:T510837_50:SENT START, WAITING FOR FINISH 
144624:T510837_50:MACHINE DONE
144624:T510837_50:Error Code 0
144718:T510837_51:Machine Process.. START
144718:T510837_51:GOING TO SEND START
144719:T510837_51:SENT START, WAITING FOR FINISH 
144743:T510837_51:MACHINE DONE
144743:T510837_51:Error Code 0
