082137:T589126_1:Machine Process.. START
082137:T589126_1:GOING TO SEND START
082138:T589126_1:SENT START, WAITING FOR FINISH 
082201:T589126_1:MACHINE DONE
082201:T589126_1:Error Code 0
082322:T589126_2:Machine Process.. START
082322:T589126_2:GOING TO SEND START
082322:T589126_2:SENT START, WAITING FOR FINISH 
082330:T589126_2:MACHINE DONE
082330:T589126_2:Error Code 0
082522:T589126_3:Machine Process.. START
082522:T589126_3:GOING TO SEND START
082523:T589126_3:SENT START, WAITING FOR FINISH 
082545:T589126_3:MACHINE DONE
082545:T589126_3:Error Code 0
082646:T589126_4:Machine Process.. START
082646:T589126_4:GOING TO SEND START
082647:T589126_4:SENT START, WAITING FOR FINISH 
082710:T589126_4:MACHINE DONE
082711:T589126_4:Error Code 0
082808:T589126_5:Machine Process.. START
082808:T589126_5:GOING TO SEND START
082808:T589126_5:SENT START, WAITING FOR FINISH 
082825:T589126_5:MACHINE DONE
082825:T589126_5:Error Code 0
082950:T589126_6:Machine Process.. START
082951:T589126_6:GOING TO SEND START
082951:T589126_6:SENT START, WAITING FOR FINISH 
083019:T589126_6:MACHINE DONE
083020:T589126_6:Error Code 0
083125:T589126_7:Machine Process.. START
083126:T589126_7:GOING TO SEND START
083126:T589126_7:SENT START, WAITING FOR FINISH 
083748:T589126_7:MACHINE DONE
083748:T589126_7:Error Code 0
084306:T589126_8:Machine Process.. START
084307:T589126_8:GOING TO SEND START
084307:T589126_8:SENT START, WAITING FOR FINISH 
084312:T589126_8:MACHINE DONE
084312:T589126_8:Error Code 0
084531:T589126_9:Machine Process.. START
084532:T589126_9:GOING TO SEND START
084532:T589126_9:SENT START, WAITING FOR FINISH 
084555:T589126_9:MACHINE DONE
084555:T589126_9:Error Code 0
085100:T589126_10:Machine Process.. START
085100:T589126_10:GOING TO SEND START
085100:T589126_10:SENT START, WAITING FOR FINISH 
085113:T589126_10:MACHINE DONE
085113:T589126_10:Error Code 0
085230:T589126_11:Machine Process.. START
085230:T589126_11:GOING TO SEND START
085230:T589126_11:SENT START, WAITING FOR FINISH 
085248:T589126_11:MACHINE DONE
085248:T589126_11:Error Code 0
085400:T589126_12:Machine Process.. START
085400:T589126_12:GOING TO SEND START
085400:T589126_12:SENT START, WAITING FOR FINISH 
085415:T589126_12:MACHINE DONE
085415:T589126_12:Error Code 0
085525:T589126_13:Machine Process.. START
085525:T589126_13:GOING TO SEND START
085525:T589126_13:SENT START, WAITING FOR FINISH 
085541:T589126_13:MACHINE DONE
085542:T589126_13:Error Code 0
085814:T589126_14:Machine Process.. START
085814:T589126_14:GOING TO SEND START
085815:T589126_14:SENT START, WAITING FOR FINISH 
085851:T589126_14:MACHINE DONE
085851:T589126_14:Error Code 0
090258:T589126_15:Machine Process.. START
090259:T589126_15:GOING TO SEND START
090259:T589126_15:SENT START, WAITING FOR FINISH 
090314:T589126_15:MACHINE DONE
090314:T589126_15:Error Code 0
090906:T589126_16:Machine Process.. START
090906:T589126_16:GOING TO SEND START
090907:T589126_16:SENT START, WAITING FOR FINISH 
090923:T589126_16:MACHINE DONE
090923:T589126_16:Error Code 0
091043:T589126_17:Machine Process.. START
091044:T589126_17:GOING TO SEND START
091044:T589126_17:SENT START, WAITING FOR FINISH 
091058:T589126_17:MACHINE DONE
091058:T589126_17:Error Code 0
091217:T589126_18:Machine Process.. START
091217:T589126_18:GOING TO SEND START
091217:T589126_18:SENT START, WAITING FOR FINISH 
091232:T589126_18:MACHINE DONE
091232:T589126_18:Error Code 0
091354:T589126_19:Machine Process.. START
091355:T589126_19:GOING TO SEND START
091355:T589126_19:SENT START, WAITING FOR FINISH 
091420:T589126_19:MACHINE DONE
091420:T589126_19:Error Code 0
091532:T589126_20:Machine Process.. START
091532:T589126_20:GOING TO SEND START
091532:T589126_20:SENT START, WAITING FOR FINISH 
091643:T589126_20:MACHINE DONE
091644:T589126_20:Error Code 0
091808:T589126_21:Machine Process.. START
091808:T589126_21:GOING TO SEND START
091809:T589126_21:SENT START, WAITING FOR FINISH 
091812:T589126_21:MACHINE DONE
091812:T589126_21:Error Code 0
091927:T589126_22:Machine Process.. START
091927:T589126_22:GOING TO SEND START
091928:T589126_22:SENT START, WAITING FOR FINISH 
091943:T589126_22:MACHINE DONE
091943:T589126_22:Error Code 0
095428:T589126_23:Machine Process.. START
095428:T589126_23:GOING TO SEND START
095429:T589126_23:SENT START, WAITING FOR FINISH 
095458:T589126_23:MACHINE DONE
095458:T589126_23:Error Code 0
101342:T589126_24:Machine Process.. START
101342:T589126_24:GOING TO SEND START
101343:T589126_24:SENT START, WAITING FOR FINISH 
101400:T589126_24:MACHINE DONE
101400:T589126_24:Error Code 0
101505:T589126_25:Machine Process.. START
101505:T589126_25:GOING TO SEND START
101505:T589126_25:SENT START, WAITING FOR FINISH 
101524:T589126_25:MACHINE DONE
101524:T589126_25:Error Code 0
101630:T589126_26:Machine Process.. START
101630:T589126_26:GOING TO SEND START
101630:T589126_26:SENT START, WAITING FOR FINISH 
101646:T589126_26:MACHINE DONE
101646:T589126_26:Error Code 0
101802:T589126_27:Machine Process.. START
101802:T589126_27:GOING TO SEND START
101803:T589126_27:SENT START, WAITING FOR FINISH 
101826:T589126_27:MACHINE DONE
101827:T589126_27:Error Code 0
101912:T589126_28:Machine Process.. START
101913:T589126_28:GOING TO SEND START
101913:T589126_28:SENT START, WAITING FOR FINISH 
101919:T589126_28:MACHINE DONE
101919:T589126_28:Error Code 0
102228:T589126_29:Machine Process.. START
102229:T589126_29:GOING TO SEND START
102229:T589126_29:SENT START, WAITING FOR FINISH 
102509:T589126_29:MACHINE DONE
102509:T589126_29:Error Code 0
102621:T589126_30:Machine Process.. START
102621:T589126_30:GOING TO SEND START
102621:T589126_30:SENT START, WAITING FOR FINISH 
102636:T589126_30:MACHINE DONE
102636:T589126_30:Error Code 0
102740:T589126_31:Machine Process.. START
102740:T589126_31:GOING TO SEND START
102741:T589126_31:SENT START, WAITING FOR FINISH 
102846:T589126_31:MACHINE DONE
102846:T589126_31:Error Code 0
105006:T589126_32:Machine Process.. START
105006:T589126_32:GOING TO SEND START
105007:T589126_32:SENT START, WAITING FOR FINISH 
105024:T589126_32:MACHINE DONE
105024:T589126_32:Error Code 0
105150:T589126_33:Machine Process.. START
105150:T589126_33:GOING TO SEND START
105150:T589126_33:SENT START, WAITING FOR FINISH 
105219:T589126_33:MACHINE DONE
105219:T589126_33:Error Code 0
105323:T589126_34:Machine Process.. START
105323:T589126_34:GOING TO SEND START
105324:T589126_34:SENT START, WAITING FOR FINISH 
105337:T589126_34:MACHINE DONE
105337:T589126_34:Error Code 0
105445:T589126_35:Machine Process.. START
105446:T589126_35:GOING TO SEND START
105446:T589126_35:SENT START, WAITING FOR FINISH 
105506:T589126_35:MACHINE DONE
105506:T589126_35:Error Code 0
105619:T589126_36:Machine Process.. START
105619:T589126_36:GOING TO SEND START
105619:T589126_36:SENT START, WAITING FOR FINISH 
105634:T589126_36:MACHINE DONE
105634:T589126_36:Error Code 0
105738:T589126_37:Machine Process.. START
105738:T589126_37:GOING TO SEND START
105738:T589126_37:SENT START, WAITING FOR FINISH 
110045:T589126_37:MACHINE DONE
110045:T589126_37:Error Code 0
110133:T589126_38:Machine Process.. START
110133:T589126_38:GOING TO SEND START
110133:T589126_38:SENT START, WAITING FOR FINISH 
110200:T589126_38:MACHINE DONE
110200:T589126_38:Error Code 0
110258:T589126_39:Machine Process.. START
110258:T589126_39:GOING TO SEND START
110259:T589126_39:SENT START, WAITING FOR FINISH 
110313:T589126_39:MACHINE DONE
110313:T589126_39:Error Code 0
110502:T589126_40:Machine Process.. START
110503:T589126_40:GOING TO SEND START
110503:T589126_40:SENT START, WAITING FOR FINISH 
110513:T589126_40:MACHINE DONE
110513:T589126_40:Error Code 0
110617:T510837_1:Machine Process.. START
110617:T510837_1:GOING TO SEND START
110618:T510837_1:SENT START, WAITING FOR FINISH 
110633:T510837_1:MACHINE DONE
110633:T510837_1:Error Code 0
110735:T510837_2:Machine Process.. START
110735:T510837_2:GOING TO SEND START
110735:T510837_2:SENT START, WAITING FOR FINISH 
110752:T510837_2:MACHINE DONE
110753:T510837_2:Error Code 0
110920:T510837_3:Machine Process.. START
110920:T510837_3:GOING TO SEND START
110920:T510837_3:SENT START, WAITING FOR FINISH 
110936:T510837_3:MACHINE DONE
110936:T510837_3:Error Code 0
111220:T510837_4:Machine Process.. START
111221:T510837_4:GOING TO SEND START
111221:T510837_4:SENT START, WAITING FOR FINISH 
111233:T510837_4:MACHINE DONE
111233:T510837_4:Error Code 0
111330:T510837_5:Machine Process.. START
111331:T510837_5:GOING TO SEND START
111331:T510837_5:SENT START, WAITING FOR FINISH 
111357:T510837_5:MACHINE DONE
111357:T510837_5:Error Code 0
111611:T510837_6:Machine Process.. START
111611:T510837_6:GOING TO SEND START
111611:T510837_6:SENT START, WAITING FOR FINISH 
111632:T510837_6:MACHINE DONE
111633:T510837_6:Error Code 0
111802:T510837_7:Machine Process.. START
111802:T510837_7:GOING TO SEND START
111802:T510837_7:SENT START, WAITING FOR FINISH 
111819:T510837_7:MACHINE DONE
111819:T510837_7:Error Code 0
111920:T510837_8:Machine Process.. START
111920:T510837_8:GOING TO SEND START
111921:T510837_8:SENT START, WAITING FOR FINISH 
111944:T510837_8:MACHINE DONE
111944:T510837_8:Error Code 0
112207:T510837_9:Machine Process.. START
112207:T510837_9:GOING TO SEND START
112207:T510837_9:SENT START, WAITING FOR FINISH 
112223:T510837_9:MACHINE DONE
112223:T510837_9:Error Code 0
112344:T510837_10:Machine Process.. START
112344:T510837_10:GOING TO SEND START
112344:T510837_10:SENT START, WAITING FOR FINISH 
112403:T510837_10:MACHINE DONE
112403:T510837_10:Error Code 0
112550:T510837_11:Machine Process.. START
112550:T510837_11:GOING TO SEND START
112550:T510837_11:SENT START, WAITING FOR FINISH 
112603:T510837_11:MACHINE DONE
112603:T510837_11:Error Code 0
112728:T510837_12:Machine Process.. START
112729:T510837_12:GOING TO SEND START
112729:T510837_12:SENT START, WAITING FOR FINISH 
112743:T510837_12:MACHINE DONE
112743:T510837_12:Error Code 0
112920:T510837_13:Machine Process.. START
112921:T510837_13:GOING TO SEND START
112921:T510837_13:SENT START, WAITING FOR FINISH 
113023:T510837_13:MACHINE DONE
113023:T510837_13:Error Code 0
113337:T510837_14:Machine Process.. START
113337:T510837_14:GOING TO SEND START
113337:T510837_14:SENT START, WAITING FOR FINISH 
113340:T510837_14:MACHINE DONE
113340:T510837_14:Error Code 0
113443:T510837_15:Machine Process.. START
113443:T510837_15:GOING TO SEND START
113444:T510837_15:SENT START, WAITING FOR FINISH 
113500:T510837_15:MACHINE DONE
113500:T510837_15:Error Code 0
113631:T510837_16:Machine Process.. START
113631:T510837_16:GOING TO SEND START
113631:T510837_16:SENT START, WAITING FOR FINISH 
113651:T510837_16:MACHINE DONE
113651:T510837_16:Error Code 0
113818:T510837_17:Machine Process.. START
113819:T510837_17:GOING TO SEND START
113819:T510837_17:SENT START, WAITING FOR FINISH 
113855:T510837_17:MACHINE DONE
113855:T510837_17:Error Code 0
114001:T510837_18:Machine Process.. START
114002:T510837_18:GOING TO SEND START
114002:T510837_18:SENT START, WAITING FOR FINISH 
114019:T510837_18:MACHINE DONE
114019:T510837_18:Error Code 0
114133:T510837_19:Machine Process.. START
114133:T510837_19:GOING TO SEND START
114134:T510837_19:SENT START, WAITING FOR FINISH 
114154:T510837_19:MACHINE DONE
114154:T510837_19:Error Code 0
114328:T510837_20:Machine Process.. START
114328:T510837_20:GOING TO SEND START
114328:T510837_20:SENT START, WAITING FOR FINISH 
114342:T510837_20:MACHINE DONE
114342:T510837_20:Error Code 0
114451:T510837_21:Machine Process.. START
114452:T510837_21:GOING TO SEND START
114452:T510837_21:SENT START, WAITING FOR FINISH 
114507:T510837_21:MACHINE DONE
114507:T510837_21:Error Code 0
114648:T510837_22:Machine Process.. START
114649:T510837_22:GOING TO SEND START
114649:T510837_22:SENT START, WAITING FOR FINISH 
114706:T510837_22:MACHINE DONE
114706:T510837_22:Error Code 0
114823:T510837_23:Machine Process.. START
114823:T510837_23:GOING TO SEND START
114824:T510837_23:SENT START, WAITING FOR FINISH 
114842:T510837_23:MACHINE DONE
114842:T510837_23:Error Code 0
115210:T510837_24:Machine Process.. START
115210:T510837_24:GOING TO SEND START
115211:T510837_24:SENT START, WAITING FOR FINISH 
115242:T510837_24:MACHINE DONE
115242:T510837_24:Error Code 0
130306:T510837_25:Machine Process.. START
130306:T510837_25:GOING TO SEND START
130306:T510837_25:SENT START, WAITING FOR FINISH 
130447:T510837_25:MACHINE DONE
130447:T510837_25:Error Code 0
130722:T510837_26:Machine Process.. START
130723:T510837_26:GOING TO SEND START
130723:T510837_26:SENT START, WAITING FOR FINISH 
131409:T510837_26:MACHINE DONE
131409:T510837_26:Error Code 0
131458:T510837_27:Machine Process.. START
131459:T510837_27:GOING TO SEND START
131459:T510837_27:SENT START, WAITING FOR FINISH 
131520:T510837_27:MACHINE DONE
131520:T510837_27:Error Code 0
131834:T510837_28:Machine Process.. START
131835:T510837_28:GOING TO SEND START
131835:T510837_28:SENT START, WAITING FOR FINISH 
131907:T510837_28:MACHINE DONE
131907:T510837_28:Error Code 0
132025:T510837_29:Machine Process.. START
132026:T510837_29:GOING TO SEND START
132026:T510837_29:SENT START, WAITING FOR FINISH 
132044:T510837_29:MACHINE DONE
132044:T510837_29:Error Code 0
132205:T510837_30:Machine Process.. START
132205:T510837_30:GOING TO SEND START
132205:T510837_30:SENT START, WAITING FOR FINISH 
132226:T510837_30:MACHINE DONE
132226:T510837_30:Error Code 0
132324:T510837_31:Machine Process.. START
132324:T510837_31:GOING TO SEND START
132325:T510837_31:SENT START, WAITING FOR FINISH 
132344:T510837_31:MACHINE DONE
132344:T510837_31:Error Code 0
132518:T510837_32:Machine Process.. START
132518:T510837_32:GOING TO SEND START
132518:T510837_32:SENT START, WAITING FOR FINISH 
132536:T510837_32:MACHINE DONE
132536:T510837_32:Error Code 0
132753:T510837_33:Machine Process.. START
132754:T510837_33:GOING TO SEND START
132754:T510837_33:SENT START, WAITING FOR FINISH 
132817:T510837_33:MACHINE DONE
132817:T510837_33:Error Code 0
132943:T510837_34:Machine Process.. START
132944:T510837_34:GOING TO SEND START
132944:T510837_34:SENT START, WAITING FOR FINISH 
133004:T510837_34:MACHINE DONE
133005:T510837_34:Error Code 0
133240:T510837_35:Machine Process.. START
133240:T510837_35:GOING TO SEND START
133241:T510837_35:SENT START, WAITING FOR FINISH 
133255:T510837_35:MACHINE DONE
133255:T510837_35:Error Code 0
133422:T510837_36:Machine Process.. START
133422:T510837_36:GOING TO SEND START
133422:T510837_36:SENT START, WAITING FOR FINISH 
133439:T510837_36:MACHINE DONE
133439:T510837_36:Error Code 0
133621:T510837_37:Machine Process.. START
133622:T510837_37:GOING TO SEND START
133622:T510837_37:SENT START, WAITING FOR FINISH 
133645:T510837_37:MACHINE DONE
133645:T510837_37:Error Code 0
133828:T510837_38:Machine Process.. START
133829:T510837_38:GOING TO SEND START
133830:T510837_38:SENT START, WAITING FOR FINISH 
133856:T510837_38:MACHINE DONE
133856:T510837_38:Error Code 0
134143:T510837_39:Machine Process.. START
134144:T510837_39:GOING TO SEND START
134144:T510837_39:SENT START, WAITING FOR FINISH 
134208:T510837_39:MACHINE DONE
134208:T510837_39:Error Code 0
134417:T510837_40:Machine Process.. START
134417:T510837_40:GOING TO SEND START
134417:T510837_40:SENT START, WAITING FOR FINISH 
134437:T510837_40:MACHINE DONE
134437:T510837_40:Error Code 0
134615:T510837_41:Machine Process.. START
134616:T510837_41:GOING TO SEND START
134616:T510837_41:SENT START, WAITING FOR FINISH 
134633:T510837_41:MACHINE DONE
134633:T510837_41:Error Code 0
134827:T510837_42:Machine Process.. START
134827:T510837_42:GOING TO SEND START
134828:T510837_42:SENT START, WAITING FOR FINISH 
134846:T510837_42:MACHINE DONE
134846:T510837_42:Error Code 0
135009:T510837_43:Machine Process.. START
135009:T510837_43:GOING TO SEND START
135010:T510837_43:SENT START, WAITING FOR FINISH 
135027:T510837_43:MACHINE DONE
135027:T510837_43:Error Code 0
135209:T510837_44:Machine Process.. START
135209:T510837_44:GOING TO SEND START
135210:T510837_44:SENT START, WAITING FOR FINISH 
135226:T510837_44:MACHINE DONE
135227:T510837_44:Error Code 0
135355:T510837_45:Machine Process.. START
135355:T510837_45:GOING TO SEND START
135355:T510837_45:SENT START, WAITING FOR FINISH 
135414:T510837_45:MACHINE DONE
135414:T510837_45:Error Code 0
135516:T510837_46:Machine Process.. START
135516:T510837_46:GOING TO SEND START
135516:T510837_46:SENT START, WAITING FOR FINISH 
135533:T510837_46:MACHINE DONE
135533:T510837_46:Error Code 0
135655:T510837_47:Machine Process.. START
135655:T510837_47:GOING TO SEND START
135656:T510837_47:SENT START, WAITING FOR FINISH 
135715:T510837_47:MACHINE DONE
135715:T510837_47:Error Code 0
135838:T510837_48:Machine Process.. START
135838:T510837_48:GOING TO SEND START
135839:T510837_48:SENT START, WAITING FOR FINISH 
135855:T510837_48:MACHINE DONE
135855:T510837_48:Error Code 0
140114:T510837_49:Machine Process.. START
140115:T510837_49:GOING TO SEND START
140115:T510837_49:SENT START, WAITING FOR FINISH 
140130:T510837_49:MACHINE DONE
140131:T510837_49:Error Code 0
140250:T510837_50:Machine Process.. START
140250:T510837_50:GOING TO SEND START
140250:T510837_50:SENT START, WAITING FOR FINISH 
140308:T510837_50:MACHINE DONE
140308:T510837_50:Error Code 0
140440:T510837_51:Machine Process.. START
140440:T510837_51:GOING TO SEND START
140440:T510837_51:SENT START, WAITING FOR FINISH 
140456:T510837_51:MACHINE DONE
140456:T510837_51:Error Code 0
140645:T510837_52:Machine Process.. START
140646:T510837_52:GOING TO SEND START
140646:T510837_52:SENT START, WAITING FOR FINISH 
140701:T510837_52:MACHINE DONE
140702:T510837_52:Error Code 0
140810:T510837_53:Machine Process.. START
140810:T510837_53:GOING TO SEND START
140811:T510837_53:SENT START, WAITING FOR FINISH 
140824:T510837_53:MACHINE DONE
140824:T510837_53:Error Code 0
141110:T510837_54:Machine Process.. START
141110:T510837_54:GOING TO SEND START
141110:T510837_54:SENT START, WAITING FOR FINISH 
141118:T510837_54:MACHINE DONE
141118:T510837_54:Error Code 0
141253:T510837_55:Machine Process.. START
141254:T510837_55:GOING TO SEND START
141254:T510837_55:SENT START, WAITING FOR FINISH 
141317:T510837_55:MACHINE DONE
141317:T510837_55:Error Code 0
141446:T510837_56:Machine Process.. START
141447:T510837_56:GOING TO SEND START
141447:T510837_56:SENT START, WAITING FOR FINISH 
141503:T510837_56:MACHINE DONE
141503:T510837_56:Error Code 0
141629:T510837_57:Machine Process.. START
141630:T510837_57:GOING TO SEND START
141630:T510837_57:SENT START, WAITING FOR FINISH 
141644:T510837_57:MACHINE DONE
141644:T510837_57:Error Code 0
141806:T510837_58:Machine Process.. START
141807:T510837_58:GOING TO SEND START
141807:T510837_58:SENT START, WAITING FOR FINISH 
141822:T510837_58:MACHINE DONE
141822:T510837_58:Error Code 0
142014:T510837_59:Machine Process.. START
142014:T510837_59:GOING TO SEND START
142015:T510837_59:SENT START, WAITING FOR FINISH 
142030:T510837_59:MACHINE DONE
142031:T510837_59:Error Code 0
142146:T510837_60:Machine Process.. START
142147:T510837_60:GOING TO SEND START
142147:T510837_60:SENT START, WAITING FOR FINISH 
142205:T510837_60:MACHINE DONE
142205:T510837_60:Error Code 0
142327:T510837_61:Machine Process.. START
142327:T510837_61:GOING TO SEND START
142327:T510837_61:SENT START, WAITING FOR FINISH 
142345:T510837_61:MACHINE DONE
142345:T510837_61:Error Code 0
142506:T510837_62:Machine Process.. START
142507:T510837_62:GOING TO SEND START
142507:T510837_62:SENT START, WAITING FOR FINISH 
142527:T510837_62:MACHINE DONE
142527:T510837_62:Error Code 0
142650:T510837_63:Machine Process.. START
142650:T510837_63:GOING TO SEND START
142651:T510837_63:SENT START, WAITING FOR FINISH 
142712:T510837_63:MACHINE DONE
142712:T510837_63:Error Code 0
143354:T510837_64:Machine Process.. START
143354:T510837_64:GOING TO SEND START
143354:T510837_64:SENT START, WAITING FOR FINISH 
143409:T510837_64:MACHINE DONE
143409:T510837_64:Error Code 0
143533:T510837_65:Machine Process.. START
143533:T510837_65:GOING TO SEND START
143534:T510837_65:SENT START, WAITING FOR FINISH 
143549:T510837_65:MACHINE DONE
143549:T510837_65:Error Code 0
143652:T510837_66:Machine Process.. START
143652:T510837_66:GOING TO SEND START
143653:T510837_66:SENT START, WAITING FOR FINISH 
143733:T510837_66:MACHINE DONE
143733:T510837_66:Error Code 0
143832:T510837_67:Machine Process.. START
143833:T510837_67:GOING TO SEND START
143833:T510837_67:SENT START, WAITING FOR FINISH 
143849:T510837_67:MACHINE DONE
143849:T510837_67:Error Code 0
144039:T510837_68:Machine Process.. START
144040:T510837_68:GOING TO SEND START
144040:T510837_68:SENT START, WAITING FOR FINISH 
144100:T510837_68:MACHINE DONE
144100:T510837_68:Error Code 0
144217:T510837_69:Machine Process.. START
144217:T510837_69:GOING TO SEND START
144218:T510837_69:SENT START, WAITING FOR FINISH 
144242:T510837_69:MACHINE DONE
144242:T510837_69:Error Code 0
144416:T510837_70:Machine Process.. START
144416:T510837_70:GOING TO SEND START
144417:T510837_70:SENT START, WAITING FOR FINISH 
144434:T510837_70:MACHINE DONE
144434:T510837_70:Error Code 0
144547:T510837_71:Machine Process.. START
144547:T510837_71:GOING TO SEND START
144548:T510837_71:SENT START, WAITING FOR FINISH 
144608:T510837_71:MACHINE DONE
144608:T510837_71:Error Code 0
144655:T510837_72:Machine Process.. START
144655:T510837_72:GOING TO SEND START
144655:T510837_72:SENT START, WAITING FOR FINISH 
144747:T510837_72:MACHINE DONE
144747:T510837_72:Error Code 0
144959:T510837_73:Machine Process.. START
145000:T510837_73:GOING TO SEND START
145000:T510837_73:SENT START, WAITING FOR FINISH 
145019:T510837_73:MACHINE DONE
145019:T510837_73:Error Code 0
145132:T510837_74:Machine Process.. START
145132:T510837_74:GOING TO SEND START
145133:T510837_74:SENT START, WAITING FOR FINISH 
145148:T510837_74:MACHINE DONE
145148:T510837_74:Error Code 0
145318:T510837_75:Machine Process.. START
145318:T510837_75:GOING TO SEND START
145319:T510837_75:SENT START, WAITING FOR FINISH 
145347:T510837_75:MACHINE DONE
145347:T510837_75:Error Code 0
145520:T510837_76:Machine Process.. START
145520:T510837_76:GOING TO SEND START
145521:T510837_76:SENT START, WAITING FOR FINISH 
145545:T510837_76:MACHINE DONE
145545:T510837_76:Error Code 0
151249:T510837_77:Machine Process.. START
151250:T510837_77:GOING TO SEND START
151250:T510837_77:SENT START, WAITING FOR FINISH 
151325:T510837_77:MACHINE DONE
151325:T510837_77:Error Code 0
151524:T510837_78:Machine Process.. START
151524:T510837_78:GOING TO SEND START
151524:T510837_78:SENT START, WAITING FOR FINISH 
151544:T510837_78:MACHINE DONE
151544:T510837_78:Error Code 0
151707:T510837_79:Machine Process.. START
151707:T510837_79:GOING TO SEND START
151707:T510837_79:SENT START, WAITING FOR FINISH 
151730:T510837_79:MACHINE DONE
151730:T510837_79:Error Code 0
151852:T510837_80:Machine Process.. START
151852:T510837_80:GOING TO SEND START
151853:T510837_80:SENT START, WAITING FOR FINISH 
151921:T510837_80:MACHINE DONE
151921:T510837_80:Error Code 0
152033:T510837_81:Machine Process.. START
152034:T510837_81:GOING TO SEND START
152034:T510837_81:SENT START, WAITING FOR FINISH 
152050:T510837_81:MACHINE DONE
152050:T510837_81:Error Code 0
152210:T510837_82:Machine Process.. START
152210:T510837_82:GOING TO SEND START
152211:T510837_82:SENT START, WAITING FOR FINISH 
152231:T510837_82:MACHINE DONE
152231:T510837_82:Error Code 0
152400:T510837_83:Machine Process.. START
152400:T510837_83:GOING TO SEND START
152400:T510837_83:SENT START, WAITING FOR FINISH 
152419:T510837_83:MACHINE DONE
152419:T510837_83:Error Code 0
152552:T510837_84:Machine Process.. START
152552:T510837_84:GOING TO SEND START
152553:T510837_84:SENT START, WAITING FOR FINISH 
152610:T510837_84:MACHINE DONE
152610:T510837_84:Error Code 0
152731:T510837_85:Machine Process.. START
152731:T510837_85:GOING TO SEND START
152732:T510837_85:SENT START, WAITING FOR FINISH 
152756:T510837_85:MACHINE DONE
152756:T510837_85:Error Code 0
152909:T510837_86:Machine Process.. START
152909:T510837_86:GOING TO SEND START
152909:T510837_86:SENT START, WAITING FOR FINISH 
152928:T510837_86:MACHINE DONE
152928:T510837_86:Error Code 0
153109:T510837_87:Machine Process.. START
153109:T510837_87:GOING TO SEND START
153110:T510837_87:SENT START, WAITING FOR FINISH 
153127:T510837_87:MACHINE DONE
153128:T510837_87:Error Code 0
153250:T510837_88:Machine Process.. START
153250:T510837_88:GOING TO SEND START
153251:T510837_88:SENT START, WAITING FOR FINISH 
153311:T510837_88:MACHINE DONE
153311:T510837_88:Error Code 0
153428:T510837_89:Machine Process.. START
153428:T510837_89:GOING TO SEND START
153429:T510837_89:SENT START, WAITING FOR FINISH 
153457:T510837_89:MACHINE DONE
153457:T510837_89:Error Code 0
153614:T510837_90:Machine Process.. START
153614:T510837_90:GOING TO SEND START
153615:T510837_90:SENT START, WAITING FOR FINISH 
153634:T510837_90:MACHINE DONE
153634:T510837_90:Error Code 0
153752:T510837_91:Machine Process.. START
153752:T510837_91:GOING TO SEND START
153753:T510837_91:SENT START, WAITING FOR FINISH 
153812:T510837_91:MACHINE DONE
153812:T510837_91:Error Code 0
153955:T510837_92:Machine Process.. START
153955:T510837_92:GOING TO SEND START
153956:T510837_92:SENT START, WAITING FOR FINISH 
154011:T510837_92:MACHINE DONE
154011:T510837_92:Error Code 0
154141:T510837_93:Machine Process.. START
154141:T510837_93:GOING TO SEND START
154142:T510837_93:SENT START, WAITING FOR FINISH 
154157:T510837_93:MACHINE DONE
154157:T510837_93:Error Code 0
154316:T510837_94:Machine Process.. START
154317:T510837_94:GOING TO SEND START
154317:T510837_94:SENT START, WAITING FOR FINISH 
154331:T510837_94:MACHINE DONE
154331:T510837_94:Error Code 0
154509:T510837_95:Machine Process.. START
154510:T510837_95:GOING TO SEND START
154510:T510837_95:SENT START, WAITING FOR FINISH 
154528:T510837_95:MACHINE DONE
154529:T510837_95:Error Code 0
154645:T510837_96:Machine Process.. START
154646:T510837_96:GOING TO SEND START
154646:T510837_96:SENT START, WAITING FOR FINISH 
154704:T510837_96:MACHINE DONE
154704:T510837_96:Error Code 0
154825:T510837_97:Machine Process.. START
154825:T510837_97:GOING TO SEND START
154826:T510837_97:SENT START, WAITING FOR FINISH 
154849:T510837_97:MACHINE DONE
154849:T510837_97:Error Code 0
155004:T510837_98:Machine Process.. START
155005:T510837_98:GOING TO SEND START
155005:T510837_98:SENT START, WAITING FOR FINISH 
155026:T510837_98:MACHINE DONE
155026:T510837_98:Error Code 0
155153:T510837_99:Machine Process.. START
155154:T510837_99:GOING TO SEND START
155154:T510837_99:SENT START, WAITING FOR FINISH 
155219:T510837_99:MACHINE DONE
155219:T510837_99:Error Code 0
155908:T510837_100:Machine Process.. START
155909:T510837_100:GOING TO SEND START
155909:T510837_100:SENT START, WAITING FOR FINISH 
160020:T510837_100:MACHINE DONE
160020:T510837_100:Error Code 0
