082122:T510836_1:Machine Process.. START
082122:T510836_1:GOING TO SEND START
082122:T510836_1:SENT START, WAITING FOR FINISH 
082126:T510836_1:MACHINE DONE
082126:T510836_1:Error Code 0
083745:T510836_2:Machine Process.. START
083745:T510836_2:GOING TO SEND START
083746:T510836_2:SENT START, WAITING FOR FINISH 
083750:T510836_2:MACHINE DONE
083750:T510836_2:Error Code 0
083821:T510836_3:Machine Process.. START
083821:T510836_3:GOING TO SEND START
083822:T510836_3:SENT START, WAITING FOR FINISH 
083825:T510836_3:MACHINE DONE
083825:T510836_3:Error Code 0
085145:T510836_4:Machine Process.. START
085145:T510836_4:GOING TO SEND START
085146:T510836_4:SENT START, WAITING FOR FINISH 
155822:T510836_4:MACHINE DONE
155822:T510836_4:Error Code 0
160254:T510836_5:Machine Process.. START
160254:T510836_5:GOING TO SEND START
160254:T510836_5:SENT START, WAITING FOR FINISH 
160310:T510836_5:MACHINE DONE
160310:T510836_5:Error Code 0
160409:T510836_6:Machine Process.. START
160409:T510836_6:GOING TO SEND START
160409:T510836_6:SENT START, WAITING FOR FINISH 
160441:T510836_6:MACHINE DONE
160441:T510836_6:Error Code 0
160543:T510836_7:Machine Process.. START
160544:T510836_7:GOING TO SEND START
160544:T510836_7:SENT START, WAITING FOR FINISH 
160558:T510836_7:MACHINE DONE
160558:T510836_7:Error Code 0
160718:T510836_8:Machine Process.. START
160718:T510836_8:GOING TO SEND START
160719:T510836_8:SENT START, WAITING FOR FINISH 
160735:T510836_8:MACHINE DONE
160735:T510836_8:Error Code 0
160811:T510836_9:Machine Process.. START
160812:T510836_9:GOING TO SEND START
160812:T510836_9:SENT START, WAITING FOR FINISH 
160818:T510836_9:MACHINE DONE
160818:T510836_9:Error Code 0
160920:T510836_10:Machine Process.. START
160920:T510836_10:GOING TO SEND START
160920:T510836_10:SENT START, WAITING FOR FINISH 
160945:T510836_10:MACHINE DONE
160945:T510836_10:Error Code 0
161028:T510836_11:Machine Process.. START
161028:T510836_11:GOING TO SEND START
161028:T510836_11:SENT START, WAITING FOR FINISH 
161040:T510836_11:MACHINE DONE
161040:T510836_11:Error Code 0
161249:T510836_12:Machine Process.. START
161249:T510836_12:GOING TO SEND START
161249:T510836_12:SENT START, WAITING FOR FINISH 
161310:T510836_12:MACHINE DONE
161310:T510836_12:Error Code 0
161407:T510836_13:Machine Process.. START
161407:T510836_13:GOING TO SEND START
161408:T510836_13:SENT START, WAITING FOR FINISH 
161424:T510836_13:MACHINE DONE
161424:T510836_13:Error Code 0
161517:T510836_14:Machine Process.. START
161517:T510836_14:GOING TO SEND START
161518:T510836_14:SENT START, WAITING FOR FINISH 
161538:T510836_14:MACHINE DONE
161538:T510836_14:Error Code 0
161653:T510836_15:Machine Process.. START
161654:T510836_15:GOING TO SEND START
161654:T510836_15:SENT START, WAITING FOR FINISH 
161713:T510836_15:MACHINE DONE
161713:T510836_15:Error Code 0
161839:T510836_16:Machine Process.. START
161839:T510836_16:GOING TO SEND START
161839:T510836_16:SENT START, WAITING FOR FINISH 
161851:T510836_16:MACHINE DONE
161851:T510836_16:Error Code 0
162017:T510836_17:Machine Process.. START
162017:T510836_17:GOING TO SEND START
162017:T510836_17:SENT START, WAITING FOR FINISH 
162027:T510836_17:MACHINE DONE
162027:T510836_17:Error Code 0
162125:T510836_18:Machine Process.. START
162125:T510836_18:GOING TO SEND START
162126:T510836_18:SENT START, WAITING FOR FINISH 
162155:T510836_18:MACHINE DONE
162155:T510836_18:Error Code 0
162240:T510836_19:Machine Process.. START
162240:T510836_19:GOING TO SEND START
162240:T510836_19:SENT START, WAITING FOR FINISH 
162256:T510836_19:MACHINE DONE
162256:T510836_19:Error Code 0
162406:T510836_20:Machine Process.. START
162406:T510836_20:GOING TO SEND START
162407:T510836_20:SENT START, WAITING FOR FINISH 
162437:T510836_20:MACHINE DONE
162437:T510836_20:Error Code 0
162545:T510836_21:Machine Process.. START
162545:T510836_21:GOING TO SEND START
162546:T510836_21:SENT START, WAITING FOR FINISH 
162618:T510836_21:MACHINE DONE
162618:T510836_21:Error Code 0
162649:T510836_22:Machine Process.. START
162650:T510836_22:GOING TO SEND START
162650:T510836_22:SENT START, WAITING FOR FINISH 
162719:T510836_22:MACHINE DONE
162719:T510836_22:Error Code 0
194335:T510836_23:Machine Process.. START
194335:T510836_23:GOING TO SEND START
194335:T510836_23:SENT START, WAITING FOR FINISH 
194424:T510836_23:MACHINE DONE
194424:T510836_23:Error Code 0
