085622:T510837_1:Machine Process.. START
085623:T510837_1:GOING TO SEND START
085623:T510837_1:SENT START, WAITING FOR FINISH 
085643:T510837_1:MACHINE DONE
085643:T510837_1:Error Code 0
085803:T510837_2:Machine Process.. START
085804:T510837_2:GOING TO SEND START
085804:T510837_2:SENT START, WAITING FOR FINISH 
085815:T510837_2:MACHINE DONE
085815:T510837_2:Error Code 0
085952:T510837_3:Machine Process.. START
085952:T510837_3:GOING TO SEND START
085952:T510837_3:SENT START, WAITING FOR FINISH 
090009:T510837_3:MACHINE DONE
090009:T510837_3:Error Code 0
090313:T510837_4:Machine Process.. START
090313:T510837_4:GOING TO SEND START
090314:T510837_4:SENT START, WAITING FOR FINISH 
090328:T510837_4:MACHINE DONE
090328:T510837_4:Error Code 0
090456:T510837_5:Machine Process.. START
090456:T510837_5:GOING TO SEND START
090457:T510837_5:SENT START, WAITING FOR FINISH 
090524:T510837_5:MACHINE DONE
090524:T510837_5:Error Code 0
090634:T510837_6:Machine Process.. START
090634:T510837_6:GOING TO SEND START
090634:T510837_6:SENT START, WAITING FOR FINISH 
090746:T510837_6:MACHINE DONE
090747:T510837_6:Error Code 0
090958:T510837_7:Machine Process.. START
090958:T510837_7:GOING TO SEND START
090958:T510837_7:SENT START, WAITING FOR FINISH 
091109:T510837_7:MACHINE DONE
091109:T510837_7:Error Code 0
091217:T510837_8:Machine Process.. START
091217:T510837_8:GOING TO SEND START
091217:T510837_8:SENT START, WAITING FOR FINISH 
091312:T510837_8:MACHINE DONE
091313:T510837_8:Error Code 0
091422:T510837_9:Machine Process.. START
091423:T510837_9:GOING TO SEND START
091423:T510837_9:SENT START, WAITING FOR FINISH 
091533:T510837_9:MACHINE DONE
091533:T510837_9:Error Code 0
091657:T510837_10:Machine Process.. START
091657:T510837_10:GOING TO SEND START
091658:T510837_10:SENT START, WAITING FOR FINISH 
091713:T510837_10:MACHINE DONE
091713:T510837_10:Error Code 0
091855:T510837_11:Machine Process.. START
091855:T510837_11:GOING TO SEND START
091855:T510837_11:SENT START, WAITING FOR FINISH 
091912:T510837_11:MACHINE DONE
091912:T510837_11:Error Code 0
092213:T510837_12:Machine Process.. START
092213:T510837_12:GOING TO SEND START
092213:T510837_12:SENT START, WAITING FOR FINISH 
092230:T510837_12:MACHINE DONE
092230:T510837_12:Error Code 0
092953:T510837_13:Machine Process.. START
092954:T510837_13:GOING TO SEND START
092954:T510837_13:SENT START, WAITING FOR FINISH 
093005:T510837_13:MACHINE DONE
093005:T510837_13:Error Code 0
093140:T510837_14:Machine Process.. START
093140:T510837_14:GOING TO SEND START
093140:T510837_14:SENT START, WAITING FOR FINISH 
093212:T510837_14:MACHINE DONE
093212:T510837_14:Error Code 0
093509:T510837_15:Machine Process.. START
093509:T510837_15:GOING TO SEND START
093510:T510837_15:SENT START, WAITING FOR FINISH 
093553:T510837_15:MACHINE DONE
093553:T510837_15:Error Code 0
093725:T510837_16:Machine Process.. START
093726:T510837_16:GOING TO SEND START
093726:T510837_16:SENT START, WAITING FOR FINISH 
093740:T510837_16:MACHINE DONE
093740:T510837_16:Error Code 0
094322:T510837_17:Machine Process.. START
094323:T510837_17:GOING TO SEND START
094323:T510837_17:SENT START, WAITING FOR FINISH 
094342:T510837_17:MACHINE DONE
094342:T510837_17:Error Code 0
094555:T510837_18:Machine Process.. START
094555:T510837_18:GOING TO SEND START
094556:T510837_18:SENT START, WAITING FOR FINISH 
094611:T510837_18:MACHINE DONE
094611:T510837_18:Error Code 0
094744:T510837_19:Machine Process.. START
094744:T510837_19:GOING TO SEND START
094745:T510837_19:SENT START, WAITING FOR FINISH 
094756:T510837_19:MACHINE DONE
094756:T510837_19:Error Code 0
095002:T510836_1:Machine Process.. START
095002:T510836_1:GOING TO SEND START
095003:T510836_1:SENT START, WAITING FOR FINISH 
095122:T510836_1:MACHINE DONE
095122:T510836_1:Error Code 0
095243:T510836_2:Machine Process.. START
095244:T510836_2:GOING TO SEND START
095244:T510836_2:SENT START, WAITING FOR FINISH 
095425:T510836_2:MACHINE DONE
095425:T510836_2:Error Code 0
095501:T510836_3:Machine Process.. START
095501:T510836_3:GOING TO SEND START
095502:T510836_3:SENT START, WAITING FOR FINISH 
095529:T510836_3:MACHINE DONE
095529:T510836_3:Error Code 0
101335:T510836_4:Machine Process.. START
101335:T510836_4:GOING TO SEND START
101335:T510836_4:SENT START, WAITING FOR FINISH 
101447:T510836_4:MACHINE DONE
101447:T510836_4:Error Code 0
101939:T510836_5:Machine Process.. START
101939:T510836_5:GOING TO SEND START
101940:T510836_5:SENT START, WAITING FOR FINISH 
102434:T510836_5:MACHINE DONE
102434:T510836_5:Error Code 0
102439:T510836_6:Machine Process.. START
102440:T510836_6:GOING TO SEND START
102440:T510836_6:SENT START, WAITING FOR FINISH 
102452:T510836_6:MACHINE DONE
102453:T510836_6:Error Code 0
102706:T510836_7:Machine Process.. START
102706:T510836_7:GOING TO SEND START
102707:T510836_7:SENT START, WAITING FOR FINISH 
102730:T510836_7:MACHINE DONE
102730:T510836_7:Error Code 0
134439:T510837_20:Machine Process.. START
134439:T510837_20:GOING TO SEND START
134439:T510837_20:SENT START, WAITING FOR FINISH 
134454:T510837_20:MACHINE DONE
134454:T510837_20:Error Code 0
134514:T510837_21:Machine Process.. START
134515:T510837_21:GOING TO SEND START
134515:T510837_21:SENT START, WAITING FOR FINISH 
134538:T510837_21:MACHINE DONE
134539:T510837_21:Error Code 0
134623:T510837_22:Machine Process.. START
134623:T510837_22:GOING TO SEND START
134624:T510837_22:SENT START, WAITING FOR FINISH 
134639:T510837_22:MACHINE DONE
134639:T510837_22:Error Code 0
134721:T510837_23:Machine Process.. START
134722:T510837_23:GOING TO SEND START
134722:T510837_23:SENT START, WAITING FOR FINISH 
134741:T510837_23:MACHINE DONE
134742:T510837_23:Error Code 0
134816:T510837_24:Machine Process.. START
134816:T510837_24:GOING TO SEND START
134816:T510837_24:SENT START, WAITING FOR FINISH 
134834:T510837_24:MACHINE DONE
134834:T510837_24:Error Code 0
134906:T510837_25:Machine Process.. START
134906:T510837_25:GOING TO SEND START
134907:T510837_25:SENT START, WAITING FOR FINISH 
134917:T510837_25:MACHINE DONE
134917:T510837_25:Error Code 0
134953:T510837_26:Machine Process.. START
134954:T510837_26:GOING TO SEND START
134954:T510837_26:SENT START, WAITING FOR FINISH 
135011:T510837_26:MACHINE DONE
135011:T510837_26:Error Code 0
135046:T510837_27:Machine Process.. START
135046:T510837_27:GOING TO SEND START
135046:T510837_27:SENT START, WAITING FOR FINISH 
135122:T510837_27:MACHINE DONE
135123:T510837_27:Error Code 0
135241:T510837_28:Machine Process.. START
135242:T510837_28:GOING TO SEND START
135242:T510837_28:SENT START, WAITING FOR FINISH 
135303:T510837_28:MACHINE DONE
135303:T510837_28:Error Code 0
135401:T510837_29:Machine Process.. START
135401:T510837_29:GOING TO SEND START
135401:T510837_29:SENT START, WAITING FOR FINISH 
135416:T510837_29:MACHINE DONE
135417:T510837_29:Error Code 0
135459:T510837_30:Machine Process.. START
135459:T510837_30:GOING TO SEND START
135500:T510837_30:SENT START, WAITING FOR FINISH 
135511:T510837_30:MACHINE DONE
135511:T510837_30:Error Code 0
135552:T510837_31:Machine Process.. START
135552:T510837_31:GOING TO SEND START
135552:T510837_31:SENT START, WAITING FOR FINISH 
135606:T510837_31:MACHINE DONE
135606:T510837_31:Error Code 0
135632:T510837_32:Machine Process.. START
135632:T510837_32:GOING TO SEND START
135633:T510837_32:SENT START, WAITING FOR FINISH 
135646:T510837_32:MACHINE DONE
135646:T510837_32:Error Code 0
135719:T510837_33:Machine Process.. START
135719:T510837_33:GOING TO SEND START
135719:T510837_33:SENT START, WAITING FOR FINISH 
135850:T510837_33:MACHINE DONE
135850:T510837_33:Error Code 0
135853:T510837_34:Machine Process.. START
135853:T510837_34:GOING TO SEND START
135853:T510837_34:SENT START, WAITING FOR FINISH 
135908:T510837_34:MACHINE DONE
135908:T510837_34:Error Code 0
135958:T510837_35:Machine Process.. START
135958:T510837_35:GOING TO SEND START
135959:T510837_35:SENT START, WAITING FOR FINISH 
140014:T510837_35:MACHINE DONE
140014:T510837_35:Error Code 0
140036:T510837_36:Machine Process.. START
140037:T510837_36:GOING TO SEND START
140037:T510837_36:SENT START, WAITING FOR FINISH 
140103:T510837_36:MACHINE DONE
140103:T510837_36:Error Code 0
140120:T510837_37:Machine Process.. START
140121:T510837_37:GOING TO SEND START
140121:T510837_37:SENT START, WAITING FOR FINISH 
140145:T510837_37:MACHINE DONE
140145:T510837_37:Error Code 0
140225:T510837_38:Machine Process.. START
140225:T510837_38:GOING TO SEND START
140225:T510837_38:SENT START, WAITING FOR FINISH 
140245:T510837_38:MACHINE DONE
140245:T510837_38:Error Code 0
140309:T510837_39:Machine Process.. START
140310:T510837_39:GOING TO SEND START
140310:T510837_39:SENT START, WAITING FOR FINISH 
140339:T510837_39:MACHINE DONE
140339:T510837_39:Error Code 0
140409:T510837_40:Machine Process.. START
140410:T510837_40:GOING TO SEND START
140410:T510837_40:SENT START, WAITING FOR FINISH 
140441:T510837_40:MACHINE DONE
140441:T510837_40:Error Code 0
140556:T510837_41:Machine Process.. START
140556:T510837_41:GOING TO SEND START
140557:T510837_41:SENT START, WAITING FOR FINISH 
140609:T510837_41:MACHINE DONE
140609:T510837_41:Error Code 0
140722:T510837_42:Machine Process.. START
140722:T510837_42:GOING TO SEND START
140723:T510837_42:SENT START, WAITING FOR FINISH 
140742:T510837_42:MACHINE DONE
140742:T510837_42:Error Code 0
140831:T510837_43:Machine Process.. START
140831:T510837_43:GOING TO SEND START
140832:T510837_43:SENT START, WAITING FOR FINISH 
140855:T510837_43:MACHINE DONE
140855:T510837_43:Error Code 0
140932:T510837_44:Machine Process.. START
140932:T510837_44:GOING TO SEND START
140933:T510837_44:SENT START, WAITING FOR FINISH 
140947:T510837_44:MACHINE DONE
140948:T510837_44:Error Code 0
141022:T510837_45:Machine Process.. START
141022:T510837_45:GOING TO SEND START
141023:T510837_45:SENT START, WAITING FOR FINISH 
141049:T510837_45:MACHINE DONE
141049:T510837_45:Error Code 0
141209:T510837_46:Machine Process.. START
141209:T510837_46:GOING TO SEND START
141209:T510837_46:SENT START, WAITING FOR FINISH 
141216:T510837_46:MACHINE DONE
141216:T510837_46:Error Code 0
141320:T510837_47:Machine Process.. START
141320:T510837_47:GOING TO SEND START
141320:T510837_47:SENT START, WAITING FOR FINISH 
141327:T510837_47:MACHINE DONE
141327:T510837_47:Error Code 0
141415:T510837_48:Machine Process.. START
141416:T510837_48:GOING TO SEND START
141416:T510837_48:SENT START, WAITING FOR FINISH 
141422:T510837_48:MACHINE DONE
141422:T510837_48:Error Code 0
141554:T510837_49:Machine Process.. START
141554:T510837_49:GOING TO SEND START
141555:T510837_49:SENT START, WAITING FOR FINISH 
141606:T510837_49:MACHINE DONE
141606:T510837_49:Error Code 0
141750:T510837_50:Machine Process.. START
141751:T510837_50:GOING TO SEND START
141751:T510837_50:SENT START, WAITING FOR FINISH 
141758:T510837_50:MACHINE DONE
141758:T510837_50:Error Code 0
141851:T510837_51:Machine Process.. START
141851:T510837_51:GOING TO SEND START
141852:T510837_51:SENT START, WAITING FOR FINISH 
141904:T510837_51:MACHINE DONE
141904:T510837_51:Error Code 0
141950:T510837_52:Machine Process.. START
141950:T510837_52:GOING TO SEND START
141950:T510837_52:SENT START, WAITING FOR FINISH 
142000:T510837_52:MACHINE DONE
142000:T510837_52:Error Code 0
142032:T510837_53:Machine Process.. START
142032:T510837_53:GOING TO SEND START
142033:T510837_53:SENT START, WAITING FOR FINISH 
142044:T510837_53:MACHINE DONE
142044:T510837_53:Error Code 0
142105:T510837_54:Machine Process.. START
142105:T510837_54:GOING TO SEND START
142106:T510837_54:SENT START, WAITING FOR FINISH 
142120:T510837_54:MACHINE DONE
142120:T510837_54:Error Code 0
142157:T510837_55:Machine Process.. START
142158:T510837_55:GOING TO SEND START
142158:T510837_55:SENT START, WAITING FOR FINISH 
142218:T510837_55:MACHINE DONE
142218:T510837_55:Error Code 0
142236:T510837_56:Machine Process.. START
142237:T510837_56:GOING TO SEND START
142237:T510837_56:SENT START, WAITING FOR FINISH 
142247:T510837_56:MACHINE DONE
142247:T510837_56:Error Code 0
142320:T510837_57:Machine Process.. START
142321:T510837_57:GOING TO SEND START
142321:T510837_57:SENT START, WAITING FOR FINISH 
142338:T510837_57:MACHINE DONE
142338:T510837_57:Error Code 0
142420:T510837_58:Machine Process.. START
142420:T510837_58:GOING TO SEND START
142420:T510837_58:SENT START, WAITING FOR FINISH 
142433:T510837_58:MACHINE DONE
142433:T510837_58:Error Code 0
142523:T510837_59:Machine Process.. START
142524:T510837_59:GOING TO SEND START
142524:T510837_59:SENT START, WAITING FOR FINISH 
142545:T510837_59:MACHINE DONE
142545:T510837_59:Error Code 0
142659:T510837_60:Machine Process.. START
142659:T510837_60:GOING TO SEND START
142659:T510837_60:SENT START, WAITING FOR FINISH 
142709:T510837_60:MACHINE DONE
142709:T510837_60:Error Code 0
143800:T510837_61:Machine Process.. START
143800:T510837_61:GOING TO SEND START
143801:T510837_61:SENT START, WAITING FOR FINISH 
143817:T510837_61:MACHINE DONE
143817:T510837_61:Error Code 0
143916:T510837_62:Machine Process.. START
143917:T510837_62:GOING TO SEND START
143917:T510837_62:SENT START, WAITING FOR FINISH 
143926:T510837_62:MACHINE DONE
143926:T510837_62:Error Code 0
144035:T510837_63:Machine Process.. START
144035:T510837_63:GOING TO SEND START
144035:T510837_63:SENT START, WAITING FOR FINISH 
144040:T510837_63:MACHINE DONE
144041:T510837_63:Error Code 0
144115:T510837_64:Machine Process.. START
144115:T510837_64:GOING TO SEND START
144115:T510837_64:SENT START, WAITING FOR FINISH 
144124:T510837_64:MACHINE DONE
144124:T510837_64:Error Code 0
144148:T510837_65:Machine Process.. START
144148:T510837_65:GOING TO SEND START
144149:T510837_65:SENT START, WAITING FOR FINISH 
144208:T510837_65:MACHINE DONE
144208:T510837_65:Error Code 0
144241:T510837_66:Machine Process.. START
144241:T510837_66:GOING TO SEND START
144242:T510837_66:SENT START, WAITING FOR FINISH 
144312:T510837_66:MACHINE DONE
144312:T510837_66:Error Code 0
144354:T510837_67:Machine Process.. START
144355:T510837_67:GOING TO SEND START
144355:T510837_67:SENT START, WAITING FOR FINISH 
144430:T510837_67:MACHINE DONE
144430:T510837_67:Error Code 0
144507:T510837_68:Machine Process.. START
144507:T510837_68:GOING TO SEND START
144508:T510837_68:SENT START, WAITING FOR FINISH 
144518:T510837_68:MACHINE DONE
144518:T510837_68:Error Code 0
144621:T510837_69:Machine Process.. START
144621:T510837_69:GOING TO SEND START
144622:T510837_69:SENT START, WAITING FOR FINISH 
144635:T510837_69:MACHINE DONE
144635:T510837_69:Error Code 0
144732:T510837_70:Machine Process.. START
144733:T510837_70:GOING TO SEND START
144733:T510837_70:SENT START, WAITING FOR FINISH 
144746:T510837_70:MACHINE DONE
144746:T510837_70:Error Code 0
144815:T510837_71:Machine Process.. START
144815:T510837_71:GOING TO SEND START
144815:T510837_71:SENT START, WAITING FOR FINISH 
144827:T510837_71:MACHINE DONE
144827:T510837_71:Error Code 0
144849:T510837_72:Machine Process.. START
144849:T510837_72:GOING TO SEND START
144849:T510837_72:SENT START, WAITING FOR FINISH 
144859:T510837_72:MACHINE DONE
144859:T510837_72:Error Code 0
144931:T510837_73:Machine Process.. START
144931:T510837_73:GOING TO SEND START
144931:T510837_73:SENT START, WAITING FOR FINISH 
144953:T510837_73:MACHINE DONE
144953:T510837_73:Error Code 0
145023:T510837_74:Machine Process.. START
145023:T510837_74:GOING TO SEND START
145023:T510837_74:SENT START, WAITING FOR FINISH 
145036:T510837_74:MACHINE DONE
145036:T510837_74:Error Code 0
145113:T510837_75:Machine Process.. START
145114:T510837_75:GOING TO SEND START
145114:T510837_75:SENT START, WAITING FOR FINISH 
145221:T510837_75:MACHINE DONE
145221:T510837_75:Error Code 0
145238:T510837_76:Machine Process.. START
145238:T510837_76:GOING TO SEND START
145238:T510837_76:SENT START, WAITING FOR FINISH 
145249:T510837_76:MACHINE DONE
145249:T510837_76:Error Code 0
145406:T510837_77:Machine Process.. START
145406:T510837_77:GOING TO SEND START
145407:T510837_77:SENT START, WAITING FOR FINISH 
145415:T510837_77:MACHINE DONE
145415:T510837_77:Error Code 0
145517:T510837_78:Machine Process.. START
145517:T510837_78:GOING TO SEND START
145517:T510837_78:SENT START, WAITING FOR FINISH 
145537:T510837_78:MACHINE DONE
145537:T510837_78:Error Code 0
145624:T510837_79:Machine Process.. START
145625:T510837_79:GOING TO SEND START
145625:T510837_79:SENT START, WAITING FOR FINISH 
145639:T510837_79:MACHINE DONE
145639:T510837_79:Error Code 0
151539:T510837_80:Machine Process.. START
151539:T510837_80:GOING TO SEND START
151539:T510837_80:SENT START, WAITING FOR FINISH 
151630:T510837_80:MACHINE DONE
151630:T510837_80:Error Code 0
151633:T510837_81:Machine Process.. START
151633:T510837_81:GOING TO SEND START
151634:T510837_81:SENT START, WAITING FOR FINISH 
151728:T510837_81:MACHINE DONE
151728:T510837_81:Error Code 0
151740:T510837_82:Machine Process.. START
151740:T510837_82:GOING TO SEND START
151740:T510837_82:SENT START, WAITING FOR FINISH 
151754:T510837_82:MACHINE DONE
151754:T510837_82:Error Code 0
151816:T510837_83:Machine Process.. START
151816:T510837_83:GOING TO SEND START
151816:T510837_83:SENT START, WAITING FOR FINISH 
151825:T510837_83:MACHINE DONE
151825:T510837_83:Error Code 0
151923:T510837_84:Machine Process.. START
151923:T510837_84:GOING TO SEND START
151923:T510837_84:SENT START, WAITING FOR FINISH 
151941:T510837_84:MACHINE DONE
151941:T510837_84:Error Code 0
152007:T510837_85:Machine Process.. START
152007:T510837_85:GOING TO SEND START
152007:T510837_85:SENT START, WAITING FOR FINISH 
152019:T510837_85:MACHINE DONE
152019:T510837_85:Error Code 0
152123:T510837_86:Machine Process.. START
152123:T510837_86:GOING TO SEND START
152124:T510837_86:SENT START, WAITING FOR FINISH 
152133:T510837_86:MACHINE DONE
152133:T510837_86:Error Code 0
152208:T510837_87:Machine Process.. START
152208:T510837_87:GOING TO SEND START
152209:T510837_87:SENT START, WAITING FOR FINISH 
152231:T510837_87:MACHINE DONE
152231:T510837_87:Error Code 0
152258:T510837_88:Machine Process.. START
152258:T510837_88:GOING TO SEND START
152258:T510837_88:SENT START, WAITING FOR FINISH 
152314:T510837_88:MACHINE DONE
152314:T510837_88:Error Code 0
152351:T510837_89:Machine Process.. START
152351:T510837_89:GOING TO SEND START
152351:T510837_89:SENT START, WAITING FOR FINISH 
152421:T510837_89:MACHINE DONE
152421:T510837_89:Error Code 0
152457:T510837_90:Machine Process.. START
152457:T510837_90:GOING TO SEND START
152457:T510837_90:SENT START, WAITING FOR FINISH 
152504:T510837_90:MACHINE DONE
152504:T510837_90:Error Code 0
152544:T510837_91:Machine Process.. START
152544:T510837_91:GOING TO SEND START
152544:T510837_91:SENT START, WAITING FOR FINISH 
152551:T510837_91:MACHINE DONE
152551:T510837_91:Error Code 0
152630:T510837_92:Machine Process.. START
152630:T510837_92:GOING TO SEND START
152631:T510837_92:SENT START, WAITING FOR FINISH 
152640:T510837_92:MACHINE DONE
152640:T510837_92:Error Code 0
152703:T510837_93:Machine Process.. START
152703:T510837_93:GOING TO SEND START
152704:T510837_93:SENT START, WAITING FOR FINISH 
152725:T510837_93:MACHINE DONE
152725:T510837_93:Error Code 0
152801:T510837_94:Machine Process.. START
152801:T510837_94:GOING TO SEND START
152801:T510837_94:SENT START, WAITING FOR FINISH 
152843:T510837_94:MACHINE DONE
152843:T510837_94:Error Code 0
152857:T510837_95:Machine Process.. START
152857:T510837_95:GOING TO SEND START
152857:T510837_95:SENT START, WAITING FOR FINISH 
152913:T510837_95:MACHINE DONE
152913:T510837_95:Error Code 0
152957:T510837_96:Machine Process.. START
152957:T510837_96:GOING TO SEND START
152958:T510837_96:SENT START, WAITING FOR FINISH 
153023:T510837_96:MACHINE DONE
153023:T510837_96:Error Code 0
153101:T510837_97:Machine Process.. START
153101:T510837_97:GOING TO SEND START
153101:T510837_97:SENT START, WAITING FOR FINISH 
153115:T510837_97:MACHINE DONE
153115:T510837_97:Error Code 0
153201:T510837_98:Machine Process.. START
153202:T510837_98:GOING TO SEND START
153202:T510837_98:SENT START, WAITING FOR FINISH 
153213:T510837_98:MACHINE DONE
153213:T510837_98:Error Code 0
153249:T510837_99:Machine Process.. START
153249:T510837_99:GOING TO SEND START
153249:T510837_99:SENT START, WAITING FOR FINISH 
153257:T510837_99:MACHINE DONE
153257:T510837_99:Error Code 0
153328:T510837_100:Machine Process.. START
153328:T510837_100:GOING TO SEND START
153329:T510837_100:SENT START, WAITING FOR FINISH 
153338:T510837_100:MACHINE DONE
153338:T510837_100:Error Code 0
153429:T510837_101:Machine Process.. START
153429:T510837_101:GOING TO SEND START
153430:T510837_101:SENT START, WAITING FOR FINISH 
153438:T510837_101:MACHINE DONE
153438:T510837_101:Error Code 0
153507:T510837_102:Machine Process.. START
153507:T510837_102:GOING TO SEND START
153508:T510837_102:SENT START, WAITING FOR FINISH 
153514:T510837_102:MACHINE DONE
153514:T510837_102:Error Code 0
153541:T510837_103:Machine Process.. START
153541:T510837_103:GOING TO SEND START
153542:T510837_103:SENT START, WAITING FOR FINISH 
153553:T510837_103:MACHINE DONE
153553:T510837_103:Error Code 0
153621:T510837_104:Machine Process.. START
153621:T510837_104:GOING TO SEND START
153622:T510837_104:SENT START, WAITING FOR FINISH 
153629:T510837_104:MACHINE DONE
153629:T510837_104:Error Code 0
153647:T510837_105:Machine Process.. START
153647:T510837_105:GOING TO SEND START
153648:T510837_105:SENT START, WAITING FOR FINISH 
153701:T510837_105:MACHINE DONE
153701:T510837_105:Error Code 0
153836:T510837_106:Machine Process.. START
153836:T510837_106:GOING TO SEND START
153837:T510837_106:SENT START, WAITING FOR FINISH 
153854:T510837_106:MACHINE DONE
153854:T510837_106:Error Code 0
153914:T510837_107:Machine Process.. START
153915:T510837_107:GOING TO SEND START
153915:T510837_107:SENT START, WAITING FOR FINISH 
153929:T510837_107:MACHINE DONE
153929:T510837_107:Error Code 0
153950:T510837_108:Machine Process.. START
153950:T510837_108:GOING TO SEND START
153951:T510837_108:SENT START, WAITING FOR FINISH 
154002:T510837_108:MACHINE DONE
154002:T510837_108:Error Code 0
154043:T510837_109:Machine Process.. START
154044:T510837_109:GOING TO SEND START
154044:T510837_109:SENT START, WAITING FOR FINISH 
154050:T510837_109:MACHINE DONE
154050:T510837_109:Error Code 0
154157:T510837_110:Machine Process.. START
154157:T510837_110:GOING TO SEND START
154158:T510837_110:SENT START, WAITING FOR FINISH 
154205:T510837_110:MACHINE DONE
154205:T510837_110:Error Code 0
154243:T510837_111:Machine Process.. START
154243:T510837_111:GOING TO SEND START
154244:T510837_111:SENT START, WAITING FOR FINISH 
154250:T510837_111:MACHINE DONE
154250:T510837_111:Error Code 0
154315:T510837_112:Machine Process.. START
154316:T510837_112:GOING TO SEND START
154316:T510837_112:SENT START, WAITING FOR FINISH 
154326:T510837_112:MACHINE DONE
154326:T510837_112:Error Code 0
154424:T510837_113:Machine Process.. START
154424:T510837_113:GOING TO SEND START
154424:T510837_113:SENT START, WAITING FOR FINISH 
154431:T510837_113:MACHINE DONE
154432:T510837_113:Error Code 0
154457:T510837_114:Machine Process.. START
154457:T510837_114:GOING TO SEND START
154458:T510837_114:SENT START, WAITING FOR FINISH 
154524:T510837_114:MACHINE DONE
154524:T510837_114:Error Code 0
154557:T510837_115:Machine Process.. START
154557:T510837_115:GOING TO SEND START
154557:T510837_115:SENT START, WAITING FOR FINISH 
154603:T510837_115:MACHINE DONE
154603:T510837_115:Error Code 0
154705:T510837_116:Machine Process.. START
154705:T510837_116:GOING TO SEND START
154706:T510837_116:SENT START, WAITING FOR FINISH 
154719:T510837_116:MACHINE DONE
154719:T510837_116:Error Code 0
154742:T510837_117:Machine Process.. START
154743:T510837_117:GOING TO SEND START
154743:T510837_117:SENT START, WAITING FOR FINISH 
154753:T510837_117:MACHINE DONE
154753:T510837_117:Error Code 0
154830:T510837_118:Machine Process.. START
154830:T510837_118:GOING TO SEND START
154830:T510837_118:SENT START, WAITING FOR FINISH 
154853:T510837_118:MACHINE DONE
154853:T510837_118:Error Code 0
154921:T510837_119:Machine Process.. START
154921:T510837_119:GOING TO SEND START
154921:T510837_119:SENT START, WAITING FOR FINISH 
154926:T510837_119:MACHINE DONE
154926:T510837_119:Error Code 0
154953:T510837_120:Machine Process.. START
154954:T510837_120:GOING TO SEND START
154954:T510837_120:SENT START, WAITING FOR FINISH 
154958:T510837_120:MACHINE DONE
154958:T510837_120:Error Code 0
155143:T510837_121:Machine Process.. START
155143:T510837_121:GOING TO SEND START
155143:T510837_121:SENT START, WAITING FOR FINISH 
155147:T510837_121:MACHINE DONE
155147:T510837_121:Error Code 0
155212:T510837_122:Machine Process.. START
155212:T510837_122:GOING TO SEND START
155213:T510837_122:SENT START, WAITING FOR FINISH 
155220:T510837_122:MACHINE DONE
155220:T510837_122:Error Code 0
155247:T510837_123:Machine Process.. START
155247:T510837_123:GOING TO SEND START
155247:T510837_123:SENT START, WAITING FOR FINISH 
155256:T510837_123:MACHINE DONE
155256:T510837_123:Error Code 0
155333:T510837_124:Machine Process.. START
155333:T510837_124:GOING TO SEND START
155333:T510837_124:SENT START, WAITING FOR FINISH 
155339:T510837_124:MACHINE DONE
155339:T510837_124:Error Code 0
155446:T510837_125:Machine Process.. START
155447:T510837_125:GOING TO SEND START
155447:T510837_125:SENT START, WAITING FOR FINISH 
155503:T510837_125:MACHINE DONE
155503:T510837_125:Error Code 0
155527:T510837_126:Machine Process.. START
155527:T510837_126:GOING TO SEND START
155528:T510837_126:SENT START, WAITING FOR FINISH 
155534:T510837_126:MACHINE DONE
155534:T510837_126:Error Code 0
155603:T510837_127:Machine Process.. START
155603:T510837_127:GOING TO SEND START
155603:T510837_127:SENT START, WAITING FOR FINISH 
155614:T510837_127:MACHINE DONE
155614:T510837_127:Error Code 0
155639:T510837_128:Machine Process.. START
155639:T510837_128:GOING TO SEND START
155640:T510837_128:SENT START, WAITING FOR FINISH 
155656:T510837_128:MACHINE DONE
155656:T510837_128:Error Code 0
155717:T510837_129:Machine Process.. START
155717:T510837_129:GOING TO SEND START
155718:T510837_129:SENT START, WAITING FOR FINISH 
155724:T510837_129:MACHINE DONE
155724:T510837_129:Error Code 0
