132433:T510836_1:Machine Process.. START
132434:T510836_1:GOING TO SEND START
132434:T510836_1:SENT START, WAITING FOR FINISH 
132441:T510836_1:MACHINE DONE
132441:T510836_1:Error Code 0
132521:T510836_2:Machine Process.. START
132521:T510836_2:GOING TO SEND START
132522:T510836_2:SENT START, WAITING FOR FINISH 
132534:T510836_2:MACHINE DONE
132534:T510836_2:Error Code 0
132601:T510836_3:Machine Process.. START
132601:T510836_3:GOING TO SEND START
132601:T510836_3:SENT START, WAITING FOR FINISH 
132610:T510836_3:MACHINE DONE
132610:T510836_3:Error Code 0
132647:T510836_4:Machine Process.. START
132647:T510836_4:GOING TO SEND START
132648:T510836_4:SENT START, WAITING FOR FINISH 
132708:T510836_4:MACHINE DONE
132708:T510836_4:Error Code 0
132810:T510836_5:Machine Process.. START
132810:T510836_5:GOING TO SEND START
132810:T510836_5:SENT START, WAITING FOR FINISH 
132827:T510836_5:MACHINE DONE
132827:T510836_5:Error Code 0
132914:T510836_6:Machine Process.. START
132914:T510836_6:GOING TO SEND START
132915:T510836_6:SENT START, WAITING FOR FINISH 
132926:T510836_6:MACHINE DONE
132926:T510836_6:Error Code 0
132959:T510836_7:Machine Process.. START
132959:T510836_7:GOING TO SEND START
133000:T510836_7:SENT START, WAITING FOR FINISH 
133006:T510836_7:MACHINE DONE
133006:T510836_7:Error Code 0
133109:T510836_8:Machine Process.. START
133109:T510836_8:GOING TO SEND START
133110:T510836_8:SENT START, WAITING FOR FINISH 
133122:T510836_8:MACHINE DONE
133122:T510836_8:Error Code 0
133200:T510836_9:Machine Process.. START
133200:T510836_9:GOING TO SEND START
133200:T510836_9:SENT START, WAITING FOR FINISH 
133246:T510836_9:MACHINE DONE
133246:T510836_9:Error Code 0
133431:T510836_10:Machine Process.. START
133432:T510836_10:GOING TO SEND START
133432:T510836_10:SENT START, WAITING FOR FINISH 
133438:T510836_10:MACHINE DONE
133438:T510836_10:Error Code 0
133749:T510836_11:Machine Process.. START
133749:T510836_11:GOING TO SEND START
133749:T510836_11:SENT START, WAITING FOR FINISH 
133758:T510836_11:MACHINE DONE
133758:T510836_11:Error Code 0
134518:T510836_12:Machine Process.. START
134518:T510836_12:GOING TO SEND START
134518:T510836_12:SENT START, WAITING FOR FINISH 
134527:T510836_12:MACHINE DONE
134527:T510836_12:Error Code 0
134633:T510836_13:Machine Process.. START
134633:T510836_13:GOING TO SEND START
134634:T510836_13:SENT START, WAITING FOR FINISH 
134645:T510836_13:MACHINE DONE
134645:T510836_13:Error Code 0
134753:T510836_14:Machine Process.. START
134753:T510836_14:GOING TO SEND START
134753:T510836_14:SENT START, WAITING FOR FINISH 
134759:T510836_14:MACHINE DONE
134759:T510836_14:Error Code 0
134924:T510836_15:Machine Process.. START
134924:T510836_15:GOING TO SEND START
134924:T510836_15:SENT START, WAITING FOR FINISH 
134949:T510836_15:MACHINE DONE
134949:T510836_15:Error Code 0
135001:T510836_16:Machine Process.. START
135001:T510836_16:GOING TO SEND START
135001:T510836_16:SENT START, WAITING FOR FINISH 
135020:T510836_16:MACHINE DONE
135020:T510836_16:Error Code 0
135138:T510836_17:Machine Process.. START
135138:T510836_17:GOING TO SEND START
135138:T510836_17:SENT START, WAITING FOR FINISH 
135149:T510836_17:MACHINE DONE
135149:T510836_17:Error Code 0
135234:T510836_18:Machine Process.. START
135234:T510836_18:GOING TO SEND START
135235:T510836_18:SENT START, WAITING FOR FINISH 
135243:T510836_18:MACHINE DONE
135243:T510836_18:Error Code 0
135343:T510836_19:Machine Process.. START
135343:T510836_19:GOING TO SEND START
135343:T510836_19:SENT START, WAITING FOR FINISH 
135349:T510836_19:MACHINE DONE
135349:T510836_19:Error Code 0
135529:T510836_20:Machine Process.. START
135530:T510836_20:GOING TO SEND START
135530:T510836_20:SENT START, WAITING FOR FINISH 
135540:T510836_20:MACHINE DONE
135540:T510836_20:Error Code 0
135630:T510836_21:Machine Process.. START
135631:T510836_21:GOING TO SEND START
135631:T510836_21:SENT START, WAITING FOR FINISH 
135634:T510836_21:MACHINE DONE
135634:T510836_21:Error Code 0
135809:T510836_22:Machine Process.. START
135809:T510836_22:GOING TO SEND START
135810:T510836_22:SENT START, WAITING FOR FINISH 
135828:T510836_22:MACHINE DONE
135828:T510836_22:Error Code 0
135944:T510836_23:Machine Process.. START
135945:T510836_23:GOING TO SEND START
135945:T510836_23:SENT START, WAITING FOR FINISH 
135953:T510836_23:MACHINE DONE
135953:T510836_23:Error Code 0
140120:T510836_24:Machine Process.. START
140120:T510836_24:GOING TO SEND START
140120:T510836_24:SENT START, WAITING FOR FINISH 
140127:T510836_24:MACHINE DONE
140127:T510836_24:Error Code 0
140154:T510836_25:Machine Process.. START
140154:T510836_25:GOING TO SEND START
140154:T510836_25:SENT START, WAITING FOR FINISH 
140158:T510836_25:MACHINE DONE
140158:T510836_25:Error Code 0
140231:T510836_26:Machine Process.. START
140231:T510836_26:GOING TO SEND START
140232:T510836_26:SENT START, WAITING FOR FINISH 
140242:T510836_26:MACHINE DONE
140242:T510836_26:Error Code 0
140326:T510836_27:Machine Process.. START
140326:T510836_27:GOING TO SEND START
140326:T510836_27:SENT START, WAITING FOR FINISH 
140332:T510836_27:MACHINE DONE
140332:T510836_27:Error Code 0
140451:T510836_28:Machine Process.. START
140452:T510836_28:GOING TO SEND START
140452:T510836_28:SENT START, WAITING FOR FINISH 
140456:T510836_28:MACHINE DONE
140456:T510836_28:Error Code 0
140639:T510836_29:Machine Process.. START
140639:T510836_29:GOING TO SEND START
140639:T510836_29:SENT START, WAITING FOR FINISH 
140643:T510836_29:MACHINE DONE
140643:T510836_29:Error Code 0
140739:T510836_30:Machine Process.. START
140739:T510836_30:GOING TO SEND START
140740:T510836_30:SENT START, WAITING FOR FINISH 
140743:T510836_30:MACHINE DONE
140744:T510836_30:Error Code 0
140906:T510836_31:Machine Process.. START
140906:T510836_31:GOING TO SEND START
140907:T510836_31:SENT START, WAITING FOR FINISH 
140915:T510836_31:MACHINE DONE
140915:T510836_31:Error Code 0
141118:T510836_32:Machine Process.. START
141118:T510836_32:GOING TO SEND START
141119:T510836_32:SENT START, WAITING FOR FINISH 
141133:T510836_32:MACHINE DONE
141133:T510836_32:Error Code 0
141205:T510836_33:Machine Process.. START
141205:T510836_33:GOING TO SEND START
141206:T510836_33:SENT START, WAITING FOR FINISH 
141215:T510836_33:MACHINE DONE
141215:T510836_33:Error Code 0
141336:T510836_34:Machine Process.. START
141337:T510836_34:GOING TO SEND START
141337:T510836_34:SENT START, WAITING FOR FINISH 
141343:T510836_34:MACHINE DONE
141343:T510836_34:Error Code 0
141426:T510836_35:Machine Process.. START
141427:T510836_35:GOING TO SEND START
141427:T510836_35:SENT START, WAITING FOR FINISH 
141435:T510836_35:MACHINE DONE
141435:T510836_35:Error Code 0
141537:T510836_36:Machine Process.. START
141537:T510836_36:GOING TO SEND START
141538:T510836_36:SENT START, WAITING FOR FINISH 
141543:T510836_36:MACHINE DONE
141543:T510836_36:Error Code 0
141709:T510836_37:Machine Process.. START
141709:T510836_37:GOING TO SEND START
141709:T510836_37:SENT START, WAITING FOR FINISH 
141714:T510836_37:MACHINE DONE
141714:T510836_37:Error Code 0
141802:T510836_38:Machine Process.. START
141802:T510836_38:GOING TO SEND START
141802:T510836_38:SENT START, WAITING FOR FINISH 
141807:T510836_38:MACHINE DONE
141807:T510836_38:Error Code 0
141929:T510836_39:Machine Process.. START
141929:T510836_39:GOING TO SEND START
141930:T510836_39:SENT START, WAITING FOR FINISH 
141939:T510836_39:MACHINE DONE
141939:T510836_39:Error Code 0
142050:T510836_40:Machine Process.. START
142050:T510836_40:GOING TO SEND START
142050:T510836_40:SENT START, WAITING FOR FINISH 
142058:T510836_40:MACHINE DONE
142058:T510836_40:Error Code 0
142256:T510836_41:Machine Process.. START
142256:T510836_41:GOING TO SEND START
142257:T510836_41:SENT START, WAITING FOR FINISH 
142304:T510836_41:MACHINE DONE
142304:T510836_41:Error Code 0
142415:T510836_42:Machine Process.. START
142415:T510836_42:GOING TO SEND START
142416:T510836_42:SENT START, WAITING FOR FINISH 
142424:T510836_42:MACHINE DONE
142424:T510836_42:Error Code 0
142450:T510836_43:Machine Process.. START
142451:T510836_43:GOING TO SEND START
142451:T510836_43:SENT START, WAITING FOR FINISH 
142457:T510836_43:MACHINE DONE
142457:T510836_43:Error Code 0
142619:T510836_44:Machine Process.. START
142619:T510836_44:GOING TO SEND START
142620:T510836_44:SENT START, WAITING FOR FINISH 
142632:T510836_44:MACHINE DONE
142632:T510836_44:Error Code 0
142801:T510836_45:Machine Process.. START
142801:T510836_45:GOING TO SEND START
142801:T510836_45:SENT START, WAITING FOR FINISH 
142806:T510836_45:MACHINE DONE
142806:T510836_45:Error Code 0
142921:T510836_46:Machine Process.. START
142922:T510836_46:GOING TO SEND START
142922:T510836_46:SENT START, WAITING FOR FINISH 
142927:T510836_46:MACHINE DONE
142927:T510836_46:Error Code 0
143017:T510836_47:Machine Process.. START
143018:T510836_47:GOING TO SEND START
143018:T510836_47:SENT START, WAITING FOR FINISH 
143023:T510836_47:MACHINE DONE
143023:T510836_47:Error Code 0
143209:T510836_48:Machine Process.. START
143209:T510836_48:GOING TO SEND START
143209:T510836_48:SENT START, WAITING FOR FINISH 
143219:T510836_48:MACHINE DONE
143219:T510836_48:Error Code 0
143427:T510836_49:Machine Process.. START
143427:T510836_49:GOING TO SEND START
143428:T510836_49:SENT START, WAITING FOR FINISH 
143440:T510836_49:MACHINE DONE
143440:T510836_49:Error Code 0
143635:T510836_50:Machine Process.. START
143635:T510836_50:GOING TO SEND START
143635:T510836_50:SENT START, WAITING FOR FINISH 
143643:T510836_50:MACHINE DONE
143643:T510836_50:Error Code 0
143756:T510836_51:Machine Process.. START
143756:T510836_51:GOING TO SEND START
143756:T510836_51:SENT START, WAITING FOR FINISH 
143805:T510836_51:MACHINE DONE
143805:T510836_51:Error Code 0
143838:T510836_52:Machine Process.. START
143838:T510836_52:GOING TO SEND START
143838:T510836_52:SENT START, WAITING FOR FINISH 
143843:T510836_52:MACHINE DONE
143843:T510836_52:Error Code 0
143952:T510836_53:Machine Process.. START
143953:T510836_53:GOING TO SEND START
143953:T510836_53:SENT START, WAITING FOR FINISH 
144009:T510836_53:MACHINE DONE
144009:T510836_53:Error Code 0
144050:T510836_54:Machine Process.. START
144050:T510836_54:GOING TO SEND START
144050:T510836_54:SENT START, WAITING FOR FINISH 
144057:T510836_54:MACHINE DONE
144057:T510836_54:Error Code 0
144225:T510836_55:Machine Process.. START
144226:T510836_55:GOING TO SEND START
144226:T510836_55:SENT START, WAITING FOR FINISH 
144233:T510836_55:MACHINE DONE
144233:T510836_55:Error Code 0
144309:T510836_56:Machine Process.. START
144309:T510836_56:GOING TO SEND START
144310:T510836_56:SENT START, WAITING FOR FINISH 
144315:T510836_56:MACHINE DONE
144315:T510836_56:Error Code 0
144423:T510836_57:Machine Process.. START
144423:T510836_57:GOING TO SEND START
144424:T510836_57:SENT START, WAITING FOR FINISH 
144455:T510836_57:MACHINE DONE
144455:T510836_57:Error Code 0
144611:T510836_58:Machine Process.. START
144611:T510836_58:GOING TO SEND START
144612:T510836_58:SENT START, WAITING FOR FINISH 
144622:T510836_58:MACHINE DONE
144622:T510836_58:Error Code 0
145158:T510836_59:Machine Process.. START
145158:T510836_59:GOING TO SEND START
145159:T510836_59:SENT START, WAITING FOR FINISH 
145205:T510836_59:MACHINE DONE
145205:T510836_59:Error Code 0
154835:T510837_1:Machine Process.. START
154835:T510837_1:GOING TO SEND START
154836:T510837_1:SENT START, WAITING FOR FINISH 
154904:T510837_1:MACHINE DONE
154904:T510837_1:Error Code 0
155417:T510837_2:Machine Process.. START
155417:T510837_2:GOING TO SEND START
155418:T510837_2:SENT START, WAITING FOR FINISH 
155451:T510837_2:MACHINE DONE
155451:T510837_2:Error Code 0
155804:T510837_3:Machine Process.. START
155805:T510837_3:GOING TO SEND START
155805:T510837_3:SENT START, WAITING FOR FINISH 
155838:T510837_3:MACHINE DONE
155838:T510837_3:Error Code 0
160306:T510837_4:Machine Process.. START
160306:T510837_4:GOING TO SEND START
160306:T510837_4:SENT START, WAITING FOR FINISH 
160348:T510837_4:MACHINE DONE
160348:T510837_4:Error Code 0
160802:T510837_5:Machine Process.. START
160803:T510837_5:GOING TO SEND START
160803:T510837_5:SENT START, WAITING FOR FINISH 
160845:T510837_5:MACHINE DONE
160845:T510837_5:Error Code 0
161251:T510837_6:Machine Process.. START
161252:T510837_6:GOING TO SEND START
161252:T510837_6:SENT START, WAITING FOR FINISH 
161327:T510837_6:MACHINE DONE
161328:T510837_6:Error Code 0
161837:T510837_7:Machine Process.. START
161837:T510837_7:GOING TO SEND START
161837:T510837_7:SENT START, WAITING FOR FINISH 
161920:T510837_7:MACHINE DONE
161920:T510837_7:Error Code 0
162150:T510837_8:Machine Process.. START
162150:T510837_8:GOING TO SEND START
162151:T510837_8:SENT START, WAITING FOR FINISH 
162223:T510837_8:MACHINE DONE
162223:T510837_8:Error Code 0
162523:T589126_1:Machine Process.. START
162523:T589126_1:GOING TO SEND START
162523:T589126_1:SENT START, WAITING FOR FINISH 
162551:T589126_1:MACHINE DONE
162551:T589126_1:Error Code 0
163112:T589126_2:Machine Process.. START
163112:T589126_2:GOING TO SEND START
163112:T589126_2:SENT START, WAITING FOR FINISH 
163146:T589126_2:MACHINE DONE
163146:T589126_2:Error Code 0
171421:T589126_3:Machine Process.. START
171421:T589126_3:GOING TO SEND START
171422:T589126_3:SENT START, WAITING FOR FINISH 
171712:T589126_3:MACHINE DONE
171712:T589126_3:Error Code 0
171957:T589126_4:Machine Process.. START
171958:T589126_4:GOING TO SEND START
171958:T589126_4:SENT START, WAITING FOR FINISH 
172046:T589126_4:MACHINE DONE
172046:T589126_4:Error Code 0
172451:T589126_5:Machine Process.. START
172451:T589126_5:GOING TO SEND START
172452:T589126_5:SENT START, WAITING FOR FINISH 
172527:T589126_5:MACHINE DONE
172527:T589126_5:Error Code 0
