112212:T510829_99:Machine Process.. START
112212:T510829_99:GOING TO SEND START
112212:T510829_99:SENT START, WAITING FOR FINISH 
133306:T510836_1:Machine Process.. START
133307:T510836_1:GOING TO SEND START
133307:T510836_1:SENT START, WAITING FOR FINISH 
133845:T510836_1:MACHINE DONE
133845:T510836_1:Error Code 0
133847:T510836_2:Machine Process.. START
133848:T510836_2:GOING TO SEND START
133848:T510836_2:SENT START, WAITING FOR FINISH 
134239:T510836_2:MACHINE DONE
134239:T510836_2:Error Code 0
134339:T510836_3:Machine Process.. START
134339:T510836_3:GOING TO SEND START
134340:T510836_3:SENT START, WAITING FOR FINISH 
134453:T510836_3:MACHINE DONE
134453:T510836_3:Error Code 0
134456:T510836_4:Machine Process.. START
134456:T510836_4:GOING TO SEND START
134456:T510836_4:SENT START, WAITING FOR FINISH 
134612:T510836_4:MACHINE DONE
134612:T510836_4:Error Code 0
134614:T510836_5:Machine Process.. START
134614:T510836_5:GOING TO SEND START
134615:T510836_5:SENT START, WAITING FOR FINISH 
134729:T510836_5:MACHINE DONE
134729:T510836_5:Error Code 0
134732:T510836_6:Machine Process.. START
134732:T510836_6:GOING TO SEND START
134732:T510836_6:SENT START, WAITING FOR FINISH 
134844:T510836_6:MACHINE DONE
134844:T510836_6:Error Code 0
134847:T510836_7:Machine Process.. START
134847:T510836_7:GOING TO SEND START
134848:T510836_7:SENT START, WAITING FOR FINISH 
134958:T510836_7:MACHINE DONE
134958:T510836_7:Error Code 0
135001:T510836_8:Machine Process.. START
135001:T510836_8:GOING TO SEND START
135002:T510836_8:SENT START, WAITING FOR FINISH 
135108:T510836_8:MACHINE DONE
135108:T510836_8:Error Code 0
135111:T510836_9:Machine Process.. START
135111:T510836_9:GOING TO SEND START
135111:T510836_9:SENT START, WAITING FOR FINISH 
135220:T510836_9:MACHINE DONE
135220:T510836_9:Error Code 0
135223:T510836_10:Machine Process.. START
135223:T510836_10:GOING TO SEND START
135223:T510836_10:SENT START, WAITING FOR FINISH 
135334:T510836_10:MACHINE DONE
135334:T510836_10:Error Code 0
135337:T510836_11:Machine Process.. START
135337:T510836_11:GOING TO SEND START
135338:T510836_11:SENT START, WAITING FOR FINISH 
135443:T510836_11:MACHINE DONE
135443:T510836_11:Error Code 0
135447:T510836_12:Machine Process.. START
135447:T510836_12:GOING TO SEND START
135448:T510836_12:SENT START, WAITING FOR FINISH 
135555:T510836_12:MACHINE DONE
135555:T510836_12:Error Code 0
135619:T510836_13:Machine Process.. START
135619:T510836_13:GOING TO SEND START
135619:T510836_13:SENT START, WAITING FOR FINISH 
135726:T510836_13:MACHINE DONE
135726:T510836_13:Error Code 0
135729:T510836_14:Machine Process.. START
135730:T510836_14:GOING TO SEND START
135730:T510836_14:SENT START, WAITING FOR FINISH 
135838:T510836_14:MACHINE DONE
135838:T510836_14:Error Code 0
135841:T510836_15:Machine Process.. START
135841:T510836_15:GOING TO SEND START
135841:T510836_15:SENT START, WAITING FOR FINISH 
135949:T510836_15:MACHINE DONE
135949:T510836_15:Error Code 0
135952:T510836_16:Machine Process.. START
135952:T510836_16:GOING TO SEND START
135952:T510836_16:SENT START, WAITING FOR FINISH 
140057:T510836_16:MACHINE DONE
140057:T510836_16:Error Code 0
140100:T510836_17:Machine Process.. START
140100:T510836_17:GOING TO SEND START
140100:T510836_17:SENT START, WAITING FOR FINISH 
140208:T510836_17:MACHINE DONE
140208:T510836_17:Error Code 0
140213:T510836_18:Machine Process.. START
140213:T510836_18:GOING TO SEND START
140213:T510836_18:SENT START, WAITING FOR FINISH 
140316:T510836_18:MACHINE DONE
140316:T510836_18:Error Code 0
140343:T510836_19:Machine Process.. START
140343:T510836_19:GOING TO SEND START
140343:T510836_19:SENT START, WAITING FOR FINISH 
140453:T510836_19:MACHINE DONE
140454:T510836_19:Error Code 0
140502:T510836_20:Machine Process.. START
140502:T510836_20:GOING TO SEND START
140503:T510836_20:SENT START, WAITING FOR FINISH 
140609:T510836_20:MACHINE DONE
140609:T510836_20:Error Code 0
140623:T510836_21:Machine Process.. START
140623:T510836_21:GOING TO SEND START
140623:T510836_21:SENT START, WAITING FOR FINISH 
140726:T510836_21:MACHINE DONE
140726:T510836_21:Error Code 0
140749:T510836_22:Machine Process.. START
140749:T510836_22:GOING TO SEND START
140749:T510836_22:SENT START, WAITING FOR FINISH 
140857:T510836_22:MACHINE DONE
140857:T510836_22:Error Code 0
140911:T510836_23:Machine Process.. START
140911:T510836_23:GOING TO SEND START
140911:T510836_23:SENT START, WAITING FOR FINISH 
141016:T510836_23:MACHINE DONE
141016:T510836_23:Error Code 0
141028:T510836_24:Machine Process.. START
141028:T510836_24:GOING TO SEND START
141028:T510836_24:SENT START, WAITING FOR FINISH 
141132:T510836_24:MACHINE DONE
141132:T510836_24:Error Code 0
141143:T510836_25:Machine Process.. START
141143:T510836_25:GOING TO SEND START
141143:T510836_25:SENT START, WAITING FOR FINISH 
141258:T510836_25:MACHINE DONE
141258:T510836_25:Error Code 0
141306:T510836_26:Machine Process.. START
141306:T510836_26:GOING TO SEND START
141307:T510836_26:SENT START, WAITING FOR FINISH 
141411:T510836_26:MACHINE DONE
141411:T510836_26:Error Code 0
141423:T510836_27:Machine Process.. START
141423:T510836_27:GOING TO SEND START
141424:T510836_27:SENT START, WAITING FOR FINISH 
141522:T510836_27:MACHINE DONE
141522:T510836_27:Error Code 0
141547:T510836_28:Machine Process.. START
141547:T510836_28:GOING TO SEND START
141547:T510836_28:SENT START, WAITING FOR FINISH 
141635:T510836_28:MACHINE DONE
141635:T510836_28:Error Code 0
141710:T510836_29:Machine Process.. START
141710:T510836_29:GOING TO SEND START
141711:T510836_29:SENT START, WAITING FOR FINISH 
141759:T510836_29:MACHINE DONE
141759:T510836_29:Error Code 0
141833:T510836_30:Machine Process.. START
141833:T510836_30:GOING TO SEND START
141833:T510836_30:SENT START, WAITING FOR FINISH 
141923:T510836_30:MACHINE DONE
141923:T510836_30:Error Code 0
141948:T510836_31:Machine Process.. START
141949:T510836_31:GOING TO SEND START
141949:T510836_31:SENT START, WAITING FOR FINISH 
142038:T510836_31:MACHINE DONE
142038:T510836_31:Error Code 0
142115:T510836_32:Machine Process.. START
142115:T510836_32:GOING TO SEND START
142115:T510836_32:SENT START, WAITING FOR FINISH 
142204:T510836_32:MACHINE DONE
142204:T510836_32:Error Code 0
142234:T510836_33:Machine Process.. START
142234:T510836_33:GOING TO SEND START
142234:T510836_33:SENT START, WAITING FOR FINISH 
142323:T510836_33:MACHINE DONE
142323:T510836_33:Error Code 0
142353:T510836_34:Machine Process.. START
142353:T510836_34:GOING TO SEND START
142353:T510836_34:SENT START, WAITING FOR FINISH 
142442:T510836_34:MACHINE DONE
142442:T510836_34:Error Code 0
142525:T510836_35:Machine Process.. START
142526:T510836_35:GOING TO SEND START
142526:T510836_35:SENT START, WAITING FOR FINISH 
142646:T510836_35:MACHINE DONE
142646:T510836_35:Error Code 0
142649:T510836_36:Machine Process.. START
142649:T510836_36:GOING TO SEND START
142649:T510836_36:SENT START, WAITING FOR FINISH 
142800:T510836_36:MACHINE DONE
142800:T510836_36:Error Code 0
142807:T510836_37:Machine Process.. START
142807:T510836_37:GOING TO SEND START
142807:T510836_37:SENT START, WAITING FOR FINISH 
142909:T510836_37:MACHINE DONE
142909:T510836_37:Error Code 0
142929:T510836_38:Machine Process.. START
142929:T510836_38:GOING TO SEND START
142929:T510836_38:SENT START, WAITING FOR FINISH 
143017:T510836_38:MACHINE DONE
143017:T510836_38:Error Code 0
143058:T510836_39:Machine Process.. START
143058:T510836_39:GOING TO SEND START
143058:T510836_39:SENT START, WAITING FOR FINISH 
143145:T510836_39:MACHINE DONE
143145:T510836_39:Error Code 0
143224:T510836_40:Machine Process.. START
143224:T510836_40:GOING TO SEND START
143225:T510836_40:SENT START, WAITING FOR FINISH 
143315:T510836_40:MACHINE DONE
143315:T510836_40:Error Code 0
143410:T510836_41:Machine Process.. START
143410:T510836_41:GOING TO SEND START
143410:T510836_41:SENT START, WAITING FOR FINISH 
143600:T510836_41:MACHINE DONE
143600:T510836_41:Error Code 0
143602:T510836_42:Machine Process.. START
143603:T510836_42:GOING TO SEND START
143603:T510836_42:SENT START, WAITING FOR FINISH 
143713:T510836_42:MACHINE DONE
143713:T510836_42:Error Code 0
143716:T510836_43:Machine Process.. START
143716:T510836_43:GOING TO SEND START
143716:T510836_43:SENT START, WAITING FOR FINISH 
143825:T510836_43:MACHINE DONE
143825:T510836_43:Error Code 0
143828:T510836_44:Machine Process.. START
143828:T510836_44:GOING TO SEND START
143828:T510836_44:SENT START, WAITING FOR FINISH 
143939:T510836_44:MACHINE DONE
143939:T510836_44:Error Code 0
143942:T510836_45:Machine Process.. START
143942:T510836_45:GOING TO SEND START
143943:T510836_45:SENT START, WAITING FOR FINISH 
144049:T510836_45:MACHINE DONE
144049:T510836_45:Error Code 0
144052:T510836_46:Machine Process.. START
144052:T510836_46:GOING TO SEND START
144052:T510836_46:SENT START, WAITING FOR FINISH 
144211:T510836_46:MACHINE DONE
144211:T510836_46:Error Code 0
144213:T510836_47:Machine Process.. START
144214:T510836_47:GOING TO SEND START
144214:T510836_47:SENT START, WAITING FOR FINISH 
144314:T510836_47:MACHINE DONE
144314:T510836_47:Error Code 0
144354:T510836_48:Machine Process.. START
144355:T510836_48:GOING TO SEND START
144355:T510836_48:SENT START, WAITING FOR FINISH 
144442:T510836_48:MACHINE DONE
144442:T510836_48:Error Code 0
144520:T510836_49:Machine Process.. START
144520:T510836_49:GOING TO SEND START
144521:T510836_49:SENT START, WAITING FOR FINISH 
144611:T510836_49:MACHINE DONE
144611:T510836_49:Error Code 0
144754:T510836_50:Machine Process.. START
144755:T510836_50:GOING TO SEND START
144755:T510836_50:SENT START, WAITING FOR FINISH 
144852:T510836_50:MACHINE DONE
144852:T510836_50:Error Code 0
144954:T510836_51:Machine Process.. START
144954:T510836_51:GOING TO SEND START
144954:T510836_51:SENT START, WAITING FOR FINISH 
145043:T510836_51:MACHINE DONE
145043:T510836_51:Error Code 0
145145:T510836_52:Machine Process.. START
145145:T510836_52:GOING TO SEND START
145145:T510836_52:SENT START, WAITING FOR FINISH 
145238:T510836_52:MACHINE DONE
145238:T510836_52:Error Code 0
145311:T510836_53:Machine Process.. START
145311:T510836_53:GOING TO SEND START
145311:T510836_53:SENT START, WAITING FOR FINISH 
145319:T510836_53:MACHINE DONE
145319:T510836_53:Error Code 0
162232:T510837_1:Machine Process.. START
162232:T510837_1:GOING TO SEND START
162232:T510837_1:SENT START, WAITING FOR FINISH 
164532:T510837_1:MACHINE DONE
164532:T510837_1:Error Code 0
164535:T510837_2:Machine Process.. START
164536:T510837_2:GOING TO SEND START
164536:T510837_2:SENT START, WAITING FOR FINISH 
165024:T510837_2:MACHINE DONE
165024:T510837_2:Error Code 0
165027:T510837_3:Machine Process.. START
165027:T510837_3:GOING TO SEND START
165028:T510837_3:SENT START, WAITING FOR FINISH 
165241:T510837_3:MACHINE DONE
165241:T510837_3:Error Code 1
165243:T510837_4:Machine Process.. START
165243:T510837_4:GOING TO SEND START
165243:T510837_4:SENT START, WAITING FOR FINISH 
165807:T510837_4:MACHINE DONE
165807:T510837_4:Error Code 1
165808:T510837_5:Machine Process.. START
165809:T510837_5:GOING TO SEND START
165809:T510837_5:SENT START, WAITING FOR FINISH 
171943:T510837_5:MACHINE DONE
171943:T510837_5:Error Code 0
171945:T510837_6:Machine Process.. START
171946:T510837_6:GOING TO SEND START
171946:T510837_6:SENT START, WAITING FOR FINISH 
172118:T510837_6:MACHINE DONE
172118:T510837_6:Error Code 0
172121:T510837_7:Machine Process.. START
172121:T510837_7:GOING TO SEND START
172122:T510837_7:SENT START, WAITING FOR FINISH 
172341:T510837_7:MACHINE DONE
172341:T510837_7:Error Code 0
172426:T510837_8:Machine Process.. START
172427:T510837_8:GOING TO SEND START
172427:T510837_8:SENT START, WAITING FOR FINISH 
172646:T510837_8:MACHINE DONE
172646:T510837_8:Error Code 0
172708:T589126_1:Machine Process.. START
172708:T589126_1:GOING TO SEND START
172709:T589126_1:SENT START, WAITING FOR FINISH 
173429:T589126_1:MACHINE DONE
173429:T589126_1:Error Code 1
173642:T589126_99:Machine Process.. START
173642:T589126_99:GOING TO SEND START
173642:T589126_99:SENT START, WAITING FOR FINISH 
184535:T510829_99:Machine Process.. START
184535:T510829_99:GOING TO SEND START
184535:T510829_99:SENT START, WAITING FOR FINISH 
