095738:T510836_1:Machine Process.. START
095739:T510836_1:GOING TO SEND START
095739:T510836_1:SENT START, WAITING FOR FINISH 
095743:T510836_1:MACHINE DONE
095743:T510836_1:Error Code 0
102709:T510836_2:Machine Process.. START
102709:T510836_2:GOING TO SEND START
102709:T510836_2:SENT START, WAITING FOR FINISH 
102717:T510836_2:MACHINE DONE
102717:T510836_2:Error Code 0
102818:T510836_3:Machine Process.. START
102819:T510836_3:GOING TO SEND START
102819:T510836_3:SENT START, WAITING FOR FINISH 
102828:T510836_3:MACHINE DONE
102828:T510836_3:Error Code 0
103017:T510836_4:Machine Process.. START
103017:T510836_4:GOING TO SEND START
103017:T510836_4:SENT START, WAITING FOR FINISH 
103021:T510836_4:MACHINE DONE
103021:T510836_4:Error Code 0
103122:T510836_5:Machine Process.. START
103123:T510836_5:GOING TO SEND START
103123:T510836_5:SENT START, WAITING FOR FINISH 
103130:T510836_5:MACHINE DONE
103130:T510836_5:Error Code 0
103221:T510836_6:Machine Process.. START
103221:T510836_6:GOING TO SEND START
103221:T510836_6:SENT START, WAITING FOR FINISH 
103228:T510836_6:MACHINE DONE
103228:T510836_6:Error Code 0
103320:T510836_7:Machine Process.. START
103320:T510836_7:GOING TO SEND START
103320:T510836_7:SENT START, WAITING FOR FINISH 
103328:T510836_7:MACHINE DONE
103328:T510836_7:Error Code 0
103345:T510836_8:Machine Process.. START
103345:T510836_8:GOING TO SEND START
103345:T510836_8:SENT START, WAITING FOR FINISH 
103349:T510836_8:MACHINE DONE
103349:T510836_8:Error Code 0
103533:T510836_9:Machine Process.. START
103533:T510836_9:GOING TO SEND START
103534:T510836_9:SENT START, WAITING FOR FINISH 
103544:T510836_9:MACHINE DONE
103544:T510836_9:Error Code 0
103616:T510836_10:Machine Process.. START
103616:T510836_10:GOING TO SEND START
103616:T510836_10:SENT START, WAITING FOR FINISH 
103622:T510836_10:MACHINE DONE
103622:T510836_10:Error Code 0
103717:T510836_11:Machine Process.. START
103717:T510836_11:GOING TO SEND START
103717:T510836_11:SENT START, WAITING FOR FINISH 
103724:T510836_11:MACHINE DONE
103724:T510836_11:Error Code 0
103848:T510836_12:Machine Process.. START
103848:T510836_12:GOING TO SEND START
103849:T510836_12:SENT START, WAITING FOR FINISH 
103854:T510836_12:MACHINE DONE
103854:T510836_12:Error Code 0
103954:T510836_13:Machine Process.. START
103954:T510836_13:GOING TO SEND START
103954:T510836_13:SENT START, WAITING FOR FINISH 
104002:T510836_13:MACHINE DONE
104002:T510836_13:Error Code 0
104130:T510836_14:Machine Process.. START
104130:T510836_14:GOING TO SEND START
104131:T510836_14:SENT START, WAITING FOR FINISH 
104138:T510836_14:MACHINE DONE
104138:T510836_14:Error Code 0
104250:T510836_15:Machine Process.. START
104250:T510836_15:GOING TO SEND START
104250:T510836_15:SENT START, WAITING FOR FINISH 
104257:T510836_15:MACHINE DONE
104257:T510836_15:Error Code 0
104409:T510836_16:Machine Process.. START
104409:T510836_16:GOING TO SEND START
104410:T510836_16:SENT START, WAITING FOR FINISH 
104415:T510836_16:MACHINE DONE
104415:T510836_16:Error Code 0
104520:T510836_17:Machine Process.. START
104520:T510836_17:GOING TO SEND START
104520:T510836_17:SENT START, WAITING FOR FINISH 
104524:T510836_17:MACHINE DONE
104524:T510836_17:Error Code 0
104648:T510836_18:Machine Process.. START
104648:T510836_18:GOING TO SEND START
104648:T510836_18:SENT START, WAITING FOR FINISH 
104708:T510836_18:MACHINE DONE
104708:T510836_18:Error Code 0
104835:T510836_19:Machine Process.. START
104835:T510836_19:GOING TO SEND START
104835:T510836_19:SENT START, WAITING FOR FINISH 
104841:T510836_19:MACHINE DONE
104841:T510836_19:Error Code 0
105042:T510836_20:Machine Process.. START
105043:T510836_20:GOING TO SEND START
105043:T510836_20:SENT START, WAITING FOR FINISH 
105050:T510836_20:MACHINE DONE
105050:T510836_20:Error Code 0
105225:T510836_21:Machine Process.. START
105225:T510836_21:GOING TO SEND START
105225:T510836_21:SENT START, WAITING FOR FINISH 
105234:T510836_21:MACHINE DONE
105234:T510836_21:Error Code 0
105321:T510836_22:Machine Process.. START
105321:T510836_22:GOING TO SEND START
105321:T510836_22:SENT START, WAITING FOR FINISH 
105327:T510836_22:MACHINE DONE
105327:T510836_22:Error Code 0
105456:T510836_23:Machine Process.. START
105456:T510836_23:GOING TO SEND START
105456:T510836_23:SENT START, WAITING FOR FINISH 
105504:T510836_23:MACHINE DONE
105504:T510836_23:Error Code 0
105815:T510836_24:Machine Process.. START
105815:T510836_24:GOING TO SEND START
105815:T510836_24:SENT START, WAITING FOR FINISH 
105826:T510836_24:MACHINE DONE
105826:T510836_24:Error Code 0
105855:T510836_25:Machine Process.. START
105855:T510836_25:GOING TO SEND START
105855:T510836_25:SENT START, WAITING FOR FINISH 
105900:T510836_25:MACHINE DONE
105900:T510836_25:Error Code 0
131158:T510836_35:Machine Process.. START
131158:T510836_35:GOING TO SEND START
131158:T510836_35:SENT START, WAITING FOR FINISH 
131206:T510836_35:MACHINE DONE
131206:T510836_35:Error Code 0
131239:T510836_36:Machine Process.. START
131240:T510836_36:GOING TO SEND START
131240:T510836_36:SENT START, WAITING FOR FINISH 
131245:T510836_36:MACHINE DONE
131245:T510836_36:Error Code 0
140100:T510836_47:Machine Process.. START
140100:T510836_47:GOING TO SEND START
140101:T510836_47:SENT START, WAITING FOR FINISH 
140106:T510836_47:MACHINE DONE
140106:T510836_47:Error Code 0
140147:T510836_48:Machine Process.. START
140147:T510836_48:GOING TO SEND START
140147:T510836_48:SENT START, WAITING FOR FINISH 
140158:T510836_48:MACHINE DONE
140158:T510836_48:Error Code 0
140328:T510836_49:Machine Process.. START
140329:T510836_49:GOING TO SEND START
140329:T510836_49:SENT START, WAITING FOR FINISH 
140333:T510836_49:MACHINE DONE
140333:T510836_49:Error Code 0
140513:T510836_50:Machine Process.. START
140513:T510836_50:GOING TO SEND START
140513:T510836_50:SENT START, WAITING FOR FINISH 
140519:T510836_50:MACHINE DONE
140519:T510836_50:Error Code 0
140559:T510836_51:Machine Process.. START
140559:T510836_51:GOING TO SEND START
140559:T510836_51:SENT START, WAITING FOR FINISH 
140604:T510836_51:MACHINE DONE
140604:T510836_51:Error Code 0
140646:T510836_52:Machine Process.. START
140646:T510836_52:GOING TO SEND START
140646:T510836_52:SENT START, WAITING FOR FINISH 
140658:T510836_52:MACHINE DONE
140658:T510836_52:Error Code 0
140725:T510836_53:Machine Process.. START
140725:T510836_53:GOING TO SEND START
140725:T510836_53:SENT START, WAITING FOR FINISH 
140731:T510836_53:MACHINE DONE
140731:T510836_53:Error Code 0
140843:T510836_54:Machine Process.. START
140844:T510836_54:GOING TO SEND START
140844:T510836_54:SENT START, WAITING FOR FINISH 
140848:T510836_54:MACHINE DONE
140848:T510836_54:Error Code 0
140921:T510836_55:Machine Process.. START
140921:T510836_55:GOING TO SEND START
140921:T510836_55:SENT START, WAITING FOR FINISH 
140925:T510836_55:MACHINE DONE
140925:T510836_55:Error Code 0
141032:T510836_56:Machine Process.. START
141032:T510836_56:GOING TO SEND START
141033:T510836_56:SENT START, WAITING FOR FINISH 
141037:T510836_56:MACHINE DONE
141037:T510836_56:Error Code 0
141153:T510836_57:Machine Process.. START
141153:T510836_57:GOING TO SEND START
141153:T510836_57:SENT START, WAITING FOR FINISH 
141158:T510836_57:MACHINE DONE
141158:T510836_57:Error Code 0
141248:T510836_58:Machine Process.. START
141249:T510836_58:GOING TO SEND START
141249:T510836_58:SENT START, WAITING FOR FINISH 
141252:T510836_58:MACHINE DONE
141253:T510836_58:Error Code 0
141355:T510836_59:Machine Process.. START
141356:T510836_59:GOING TO SEND START
141356:T510836_59:SENT START, WAITING FOR FINISH 
141401:T510836_59:MACHINE DONE
141401:T510836_59:Error Code 0
141506:T510836_60:Machine Process.. START
141506:T510836_60:GOING TO SEND START
141507:T510836_60:SENT START, WAITING FOR FINISH 
141513:T510836_60:MACHINE DONE
141513:T510836_60:Error Code 0
141629:T510836_61:Machine Process.. START
141629:T510836_61:GOING TO SEND START
141630:T510836_61:SENT START, WAITING FOR FINISH 
141634:T510836_61:MACHINE DONE
141634:T510836_61:Error Code 0
141659:T510836_62:Machine Process.. START
141659:T510836_62:GOING TO SEND START
141700:T510836_62:SENT START, WAITING FOR FINISH 
141705:T510836_62:MACHINE DONE
141705:T510836_62:Error Code 0
142023:T510836_63:Machine Process.. START
142023:T510836_63:GOING TO SEND START
142023:T510836_63:SENT START, WAITING FOR FINISH 
142028:T510836_63:MACHINE DONE
142028:T510836_63:Error Code 0
142111:T510836_64:Machine Process.. START
142111:T510836_64:GOING TO SEND START
142111:T510836_64:SENT START, WAITING FOR FINISH 
142116:T510836_64:MACHINE DONE
142116:T510836_64:Error Code 0
142151:T510836_65:Machine Process.. START
142151:T510836_65:GOING TO SEND START
142152:T510836_65:SENT START, WAITING FOR FINISH 
142155:T510836_65:MACHINE DONE
142156:T510836_65:Error Code 0
142230:T510836_66:Machine Process.. START
142230:T510836_66:GOING TO SEND START
142231:T510836_66:SENT START, WAITING FOR FINISH 
142235:T510836_66:MACHINE DONE
142235:T510836_66:Error Code 0
142401:T510836_67:Machine Process.. START
142401:T510836_67:GOING TO SEND START
142401:T510836_67:SENT START, WAITING FOR FINISH 
142409:T510836_67:MACHINE DONE
142409:T510836_67:Error Code 0
142558:T510836_68:Machine Process.. START
142559:T510836_68:GOING TO SEND START
142559:T510836_68:SENT START, WAITING FOR FINISH 
142604:T510836_68:MACHINE DONE
142604:T510836_68:Error Code 0
142714:T510836_69:Machine Process.. START
142714:T510836_69:GOING TO SEND START
142714:T510836_69:SENT START, WAITING FOR FINISH 
142724:T510836_69:MACHINE DONE
142724:T510836_69:Error Code 0
142832:T510836_70:Machine Process.. START
142832:T510836_70:GOING TO SEND START
142832:T510836_70:SENT START, WAITING FOR FINISH 
142837:T510836_70:MACHINE DONE
142837:T510836_70:Error Code 0
142917:T510836_71:Machine Process.. START
142918:T510836_71:GOING TO SEND START
142918:T510836_71:SENT START, WAITING FOR FINISH 
142929:T510836_71:MACHINE DONE
142929:T510836_71:Error Code 0
143053:T510836_72:Machine Process.. START
143053:T510836_72:GOING TO SEND START
143053:T510836_72:SENT START, WAITING FOR FINISH 
143058:T510836_72:MACHINE DONE
143058:T510836_72:Error Code 0
143125:T510836_73:Machine Process.. START
143125:T510836_73:GOING TO SEND START
143125:T510836_73:SENT START, WAITING FOR FINISH 
143134:T510836_73:MACHINE DONE
143134:T510836_73:Error Code 0
143223:T510836_74:Machine Process.. START
143224:T510836_74:GOING TO SEND START
143224:T510836_74:SENT START, WAITING FOR FINISH 
143229:T510836_74:MACHINE DONE
143229:T510836_74:Error Code 0
143306:T510836_75:Machine Process.. START
143306:T510836_75:GOING TO SEND START
143306:T510836_75:SENT START, WAITING FOR FINISH 
143311:T510836_75:MACHINE DONE
143311:T510836_75:Error Code 0
143437:T510836_76:Machine Process.. START
143437:T510836_76:GOING TO SEND START
143437:T510836_76:SENT START, WAITING FOR FINISH 
143444:T510836_76:MACHINE DONE
143444:T510836_76:Error Code 0
143538:T510836_77:Machine Process.. START
143538:T510836_77:GOING TO SEND START
143538:T510836_77:SENT START, WAITING FOR FINISH 
143541:T510836_77:MACHINE DONE
143541:T510836_77:Error Code 0
143624:T510836_78:Machine Process.. START
143624:T510836_78:GOING TO SEND START
143625:T510836_78:SENT START, WAITING FOR FINISH 
143630:T510836_78:MACHINE DONE
143630:T510836_78:Error Code 0
143810:T510836_79:Machine Process.. START
143810:T510836_79:GOING TO SEND START
143810:T510836_79:SENT START, WAITING FOR FINISH 
143814:T510836_79:MACHINE DONE
143814:T510836_79:Error Code 0
143847:T510836_80:Machine Process.. START
143848:T510836_80:GOING TO SEND START
143848:T510836_80:SENT START, WAITING FOR FINISH 
143852:T510836_80:MACHINE DONE
143852:T510836_80:Error Code 0
144023:T510836_81:Machine Process.. START
144023:T510836_81:GOING TO SEND START
144023:T510836_81:SENT START, WAITING FOR FINISH 
144028:T510836_81:MACHINE DONE
144028:T510836_81:Error Code 0
144050:T510836_82:Machine Process.. START
144050:T510836_82:GOING TO SEND START
144050:T510836_82:SENT START, WAITING FOR FINISH 
144058:T510836_82:MACHINE DONE
144058:T510836_82:Error Code 0
144217:T510836_83:Machine Process.. START
144217:T510836_83:GOING TO SEND START
144217:T510836_83:SENT START, WAITING FOR FINISH 
144222:T510836_83:MACHINE DONE
144222:T510836_83:Error Code 0
144422:T510836_84:Machine Process.. START
144422:T510836_84:GOING TO SEND START
144422:T510836_84:SENT START, WAITING FOR FINISH 
144427:T510836_84:MACHINE DONE
144427:T510836_84:Error Code 0
144527:T510836_85:Machine Process.. START
144527:T510836_85:GOING TO SEND START
144527:T510836_85:SENT START, WAITING FOR FINISH 
144531:T510836_85:MACHINE DONE
144531:T510836_85:Error Code 0
145024:T510836_86:Machine Process.. START
145024:T510836_86:GOING TO SEND START
145025:T510836_86:SENT START, WAITING FOR FINISH 
145030:T510836_86:MACHINE DONE
145030:T510836_86:Error Code 0
145245:T510836_87:Machine Process.. START
145245:T510836_87:GOING TO SEND START
145246:T510836_87:SENT START, WAITING FOR FINISH 
145252:T510836_87:MACHINE DONE
145252:T510836_87:Error Code 0
145756:T510836_88:Machine Process.. START
145757:T510836_88:GOING TO SEND START
145757:T510836_88:SENT START, WAITING FOR FINISH 
145802:T510836_88:MACHINE DONE
145802:T510836_88:Error Code 0
145821:T510836_89:Machine Process.. START
145821:T510836_89:GOING TO SEND START
145821:T510836_89:SENT START, WAITING FOR FINISH 
145826:T510836_89:MACHINE DONE
145826:T510836_89:Error Code 0
175016:T510837_3:Machine Process.. START
175017:T510837_3:GOING TO SEND START
175017:T510837_3:SENT START, WAITING FOR FINISH 
175021:T510837_3:MACHINE DONE
175021:T510837_3:Error Code 0
175034:T510837_4:Machine Process.. START
175035:T510837_4:GOING TO SEND START
175035:T510837_4:SENT START, WAITING FOR FINISH 
175040:T510837_4:MACHINE DONE
175040:T510837_4:Error Code 0
175137:T510837_5:Machine Process.. START
175137:T510837_5:GOING TO SEND START
175137:T510837_5:SENT START, WAITING FOR FINISH 
175143:T510837_5:MACHINE DONE
175143:T510837_5:Error Code 0
175206:T510837_6:Machine Process.. START
175206:T510837_6:GOING TO SEND START
175206:T510837_6:SENT START, WAITING FOR FINISH 
175212:T510837_6:MACHINE DONE
175212:T510837_6:Error Code 0
175234:T510837_7:Machine Process.. START
175235:T510837_7:GOING TO SEND START
175235:T510837_7:SENT START, WAITING FOR FINISH 
175240:T510837_7:MACHINE DONE
175240:T510837_7:Error Code 0
175453:T510837_8:Machine Process.. START
175454:T510837_8:GOING TO SEND START
175454:T510837_8:SENT START, WAITING FOR FINISH 
175505:T510837_8:MACHINE DONE
175505:T510837_8:Error Code 0
175616:T510837_9:Machine Process.. START
175616:T510837_9:GOING TO SEND START
175616:T510837_9:SENT START, WAITING FOR FINISH 
175621:T510837_9:MACHINE DONE
175621:T510837_9:Error Code 0
182524:T510837_10:Machine Process.. START
182525:T510837_10:GOING TO SEND START
182525:T510837_10:SENT START, WAITING FOR FINISH 
182533:T510837_10:MACHINE DONE
182533:T510837_10:Error Code 0
182600:T510837_11:Machine Process.. START
182600:T510837_11:GOING TO SEND START
182600:T510837_11:SENT START, WAITING FOR FINISH 
182606:T510837_11:MACHINE DONE
182606:T510837_11:Error Code 0
182647:T510837_12:Machine Process.. START
182647:T510837_12:GOING TO SEND START
182648:T510837_12:SENT START, WAITING FOR FINISH 
182651:T510837_12:MACHINE DONE
182651:T510837_12:Error Code 0
182825:T510837_13:Machine Process.. START
182825:T510837_13:GOING TO SEND START
182825:T510837_13:SENT START, WAITING FOR FINISH 
182830:T510837_13:MACHINE DONE
182830:T510837_13:Error Code 0
182910:T510837_14:Machine Process.. START
182911:T510837_14:GOING TO SEND START
182911:T510837_14:SENT START, WAITING FOR FINISH 
182918:T510837_14:MACHINE DONE
182918:T510837_14:Error Code 0
182940:T510837_15:Machine Process.. START
182940:T510837_15:GOING TO SEND START
182940:T510837_15:SENT START, WAITING FOR FINISH 
182948:T510837_15:MACHINE DONE
182948:T510837_15:Error Code 0
183008:T510837_16:Machine Process.. START
183009:T510837_16:GOING TO SEND START
183009:T510837_16:SENT START, WAITING FOR FINISH 
183013:T510837_16:MACHINE DONE
183013:T510837_16:Error Code 0
183059:T510837_17:Machine Process.. START
183059:T510837_17:GOING TO SEND START
183100:T510837_17:SENT START, WAITING FOR FINISH 
183104:T510837_17:MACHINE DONE
183104:T510837_17:Error Code 0
183200:T510837_18:Machine Process.. START
183200:T510837_18:GOING TO SEND START
183200:T510837_18:SENT START, WAITING FOR FINISH 
183204:T510837_18:MACHINE DONE
183204:T510837_18:Error Code 0
183234:T510837_19:Machine Process.. START
183234:T510837_19:GOING TO SEND START
183235:T510837_19:SENT START, WAITING FOR FINISH 
183240:T510837_19:MACHINE DONE
183240:T510837_19:Error Code 0
183339:T510837_20:Machine Process.. START
183339:T510837_20:GOING TO SEND START
183339:T510837_20:SENT START, WAITING FOR FINISH 
183344:T510837_20:MACHINE DONE
183344:T510837_20:Error Code 0
183421:T510837_21:Machine Process.. START
183421:T510837_21:GOING TO SEND START
183421:T510837_21:SENT START, WAITING FOR FINISH 
183425:T510837_21:MACHINE DONE
183425:T510837_21:Error Code 0
183525:T510837_22:Machine Process.. START
183525:T510837_22:GOING TO SEND START
183525:T510837_22:SENT START, WAITING FOR FINISH 
183530:T510837_22:MACHINE DONE
183530:T510837_22:Error Code 0
183614:T510837_23:Machine Process.. START
183614:T510837_23:GOING TO SEND START
183614:T510837_23:SENT START, WAITING FOR FINISH 
183620:T510837_23:MACHINE DONE
183620:T510837_23:Error Code 0
183648:T510837_24:Machine Process.. START
183649:T510837_24:GOING TO SEND START
183649:T510837_24:SENT START, WAITING FOR FINISH 
183655:T510837_24:MACHINE DONE
183655:T510837_24:Error Code 0
183716:T510837_25:Machine Process.. START
183716:T510837_25:GOING TO SEND START
183717:T510837_25:SENT START, WAITING FOR FINISH 
183720:T510837_25:MACHINE DONE
183720:T510837_25:Error Code 0
183753:T510837_26:Machine Process.. START
183754:T510837_26:GOING TO SEND START
183754:T510837_26:SENT START, WAITING FOR FINISH 
183830:T510837_26:MACHINE DONE
183830:T510837_26:Error Code 0
183855:T510837_27:Machine Process.. START
183855:T510837_27:GOING TO SEND START
183855:T510837_27:SENT START, WAITING FOR FINISH 
183905:T510837_27:MACHINE DONE
183905:T510837_27:Error Code 0
183937:T510837_28:Machine Process.. START
183937:T510837_28:GOING TO SEND START
183938:T510837_28:SENT START, WAITING FOR FINISH 
183941:T510837_28:MACHINE DONE
183941:T510837_28:Error Code 0
184020:T510837_29:Machine Process.. START
184021:T510837_29:GOING TO SEND START
184021:T510837_29:SENT START, WAITING FOR FINISH 
184028:T510837_29:MACHINE DONE
184028:T510837_29:Error Code 0
184111:T510837_30:Machine Process.. START
184111:T510837_30:GOING TO SEND START
184112:T510837_30:SENT START, WAITING FOR FINISH 
184114:T510837_30:MACHINE DONE
184114:T510837_30:Error Code 0
184147:T510837_31:Machine Process.. START
184148:T510837_31:GOING TO SEND START
184148:T510837_31:SENT START, WAITING FOR FINISH 
184155:T510837_31:MACHINE DONE
184155:T510837_31:Error Code 0
184229:T510837_32:Machine Process.. START
184229:T510837_32:GOING TO SEND START
184229:T510837_32:SENT START, WAITING FOR FINISH 
184235:T510837_32:MACHINE DONE
184235:T510837_32:Error Code 0
184256:T510837_33:Machine Process.. START
184256:T510837_33:GOING TO SEND START
184256:T510837_33:SENT START, WAITING FOR FINISH 
184305:T510837_33:MACHINE DONE
184305:T510837_33:Error Code 0
184342:T510837_34:Machine Process.. START
184342:T510837_34:GOING TO SEND START
184343:T510837_34:SENT START, WAITING FOR FINISH 
184346:T510837_34:MACHINE DONE
184346:T510837_34:Error Code 0
184418:T510837_35:Machine Process.. START
184418:T510837_35:GOING TO SEND START
184419:T510837_35:SENT START, WAITING FOR FINISH 
184423:T510837_35:MACHINE DONE
184423:T510837_35:Error Code 0
184458:T510837_36:Machine Process.. START
184459:T510837_36:GOING TO SEND START
184459:T510837_36:SENT START, WAITING FOR FINISH 
184503:T510837_36:MACHINE DONE
184503:T510837_36:Error Code 0
184551:T510837_37:Machine Process.. START
184551:T510837_37:GOING TO SEND START
184552:T510837_37:SENT START, WAITING FOR FINISH 
184556:T510837_37:MACHINE DONE
184556:T510837_37:Error Code 0
184627:T510837_38:Machine Process.. START
184627:T510837_38:GOING TO SEND START
184627:T510837_38:SENT START, WAITING FOR FINISH 
184632:T510837_38:MACHINE DONE
184632:T510837_38:Error Code 0
184700:T510837_39:Machine Process.. START
184700:T510837_39:GOING TO SEND START
184701:T510837_39:SENT START, WAITING FOR FINISH 
184707:T510837_39:MACHINE DONE
184707:T510837_39:Error Code 0
184735:T510837_40:Machine Process.. START
184735:T510837_40:GOING TO SEND START
184736:T510837_40:SENT START, WAITING FOR FINISH 
184740:T510837_40:MACHINE DONE
184740:T510837_40:Error Code 0
184810:T510837_41:Machine Process.. START
184810:T510837_41:GOING TO SEND START
184810:T510837_41:SENT START, WAITING FOR FINISH 
184817:T510837_41:MACHINE DONE
184817:T510837_41:Error Code 0
190057:T510837_42:Machine Process.. START
190057:T510837_42:GOING TO SEND START
190058:T510837_42:SENT START, WAITING FOR FINISH 
190108:T510837_42:MACHINE DONE
190108:T510837_42:Error Code 0
190157:T510837_43:Machine Process.. START
190157:T510837_43:GOING TO SEND START
190157:T510837_43:SENT START, WAITING FOR FINISH 
190203:T510837_43:MACHINE DONE
190203:T510837_43:Error Code 0
190237:T510837_44:Machine Process.. START
190237:T510837_44:GOING TO SEND START
190238:T510837_44:SENT START, WAITING FOR FINISH 
190242:T510837_44:MACHINE DONE
190242:T510837_44:Error Code 0
190319:T510837_45:Machine Process.. START
190320:T510837_45:GOING TO SEND START
190320:T510837_45:SENT START, WAITING FOR FINISH 
190324:T510837_45:MACHINE DONE
190324:T510837_45:Error Code 0
190438:T510837_46:Machine Process.. START
190438:T510837_46:GOING TO SEND START
190438:T510837_46:SENT START, WAITING FOR FINISH 
190444:T510837_46:MACHINE DONE
190444:T510837_46:Error Code 0
190509:T510837_47:Machine Process.. START
190509:T510837_47:GOING TO SEND START
190510:T510837_47:SENT START, WAITING FOR FINISH 
190524:T510837_47:MACHINE DONE
190524:T510837_47:Error Code 0
190625:T510837_48:Machine Process.. START
190625:T510837_48:GOING TO SEND START
190625:T510837_48:SENT START, WAITING FOR FINISH 
190631:T510837_48:MACHINE DONE
190631:T510837_48:Error Code 0
190704:T510837_49:Machine Process.. START
190704:T510837_49:GOING TO SEND START
190704:T510837_49:SENT START, WAITING FOR FINISH 
190719:T510837_49:MACHINE DONE
190719:T510837_49:Error Code 0
190736:T510837_50:Machine Process.. START
190736:T510837_50:GOING TO SEND START
190736:T510837_50:SENT START, WAITING FOR FINISH 
190742:T510837_50:MACHINE DONE
190742:T510837_50:Error Code 0
190811:T510837_51:Machine Process.. START
190811:T510837_51:GOING TO SEND START
190811:T510837_51:SENT START, WAITING FOR FINISH 
190817:T510837_51:MACHINE DONE
190817:T510837_51:Error Code 0
190914:T510837_52:Machine Process.. START
190914:T510837_52:GOING TO SEND START
190914:T510837_52:SENT START, WAITING FOR FINISH 
190922:T510837_52:MACHINE DONE
190922:T510837_52:Error Code 0
190943:T510837_53:Machine Process.. START
190943:T510837_53:GOING TO SEND START
190943:T510837_53:SENT START, WAITING FOR FINISH 
190950:T510837_53:MACHINE DONE
190950:T510837_53:Error Code 0
191046:T510837_54:Machine Process.. START
191047:T510837_54:GOING TO SEND START
191047:T510837_54:SENT START, WAITING FOR FINISH 
191052:T510837_54:MACHINE DONE
191052:T510837_54:Error Code 0
191237:T510837_55:Machine Process.. START
191237:T510837_55:GOING TO SEND START
191237:T510837_55:SENT START, WAITING FOR FINISH 
191240:T510837_55:MACHINE DONE
191240:T510837_55:Error Code 0
191425:T510837_56:Machine Process.. START
191425:T510837_56:GOING TO SEND START
191425:T510837_56:SENT START, WAITING FOR FINISH 
191429:T510837_56:MACHINE DONE
191429:T510837_56:Error Code 0
191511:T510837_57:Machine Process.. START
191512:T510837_57:GOING TO SEND START
191512:T510837_57:SENT START, WAITING FOR FINISH 
191519:T510837_57:MACHINE DONE
191519:T510837_57:Error Code 0
191528:T510837_58:Machine Process.. START
191528:T510837_58:GOING TO SEND START
191528:T510837_58:SENT START, WAITING FOR FINISH 
191537:T510837_58:MACHINE DONE
191537:T510837_58:Error Code 0
191604:T510837_59:Machine Process.. START
191604:T510837_59:GOING TO SEND START
191605:T510837_59:SENT START, WAITING FOR FINISH 
191609:T510837_59:MACHINE DONE
191609:T510837_59:Error Code 0
191645:T510837_60:Machine Process.. START
191645:T510837_60:GOING TO SEND START
191646:T510837_60:SENT START, WAITING FOR FINISH 
191652:T510837_60:MACHINE DONE
191652:T510837_60:Error Code 0
