081905:T589126_1:Machine Process.. START
081906:T589126_1:GOING TO SEND START
081906:T589126_1:SENT START, WAITING FOR FINISH 
081935:T589126_1:MACHINE DONE
081935:T589126_1:Error Code 0
082026:T589126_2:Machine Process.. START
082026:T589126_2:GOING TO SEND START
082027:T589126_2:SENT START, WAITING FOR FINISH 
082050:T589126_2:MACHINE DONE
082050:T589126_2:Error Code 0
082147:T589126_3:Machine Process.. START
082147:T589126_3:GOING TO SEND START
082147:T589126_3:SENT START, WAITING FOR FINISH 
082206:T589126_3:MACHINE DONE
082206:T589126_3:Error Code 0
082436:T589126_4:Machine Process.. START
082436:T589126_4:GOING TO SEND START
082436:T589126_4:SENT START, WAITING FOR FINISH 
082458:T589126_4:MACHINE DONE
082458:T589126_4:Error Code 0
082600:T589126_5:Machine Process.. START
082600:T589126_5:GOING TO SEND START
082600:T589126_5:SENT START, WAITING FOR FINISH 
082627:T589126_5:MACHINE DONE
082627:T589126_5:Error Code 0
082717:T589126_6:Machine Process.. START
082717:T589126_6:GOING TO SEND START
082717:T589126_6:SENT START, WAITING FOR FINISH 
082734:T589126_6:MACHINE DONE
082734:T589126_6:Error Code 0
082829:T589126_7:Machine Process.. START
082829:T589126_7:GOING TO SEND START
082830:T589126_7:SENT START, WAITING FOR FINISH 
082850:T589126_7:MACHINE DONE
082850:T589126_7:Error Code 0
083040:T589126_8:Machine Process.. START
083040:T589126_8:GOING TO SEND START
083041:T589126_8:SENT START, WAITING FOR FINISH 
083050:T589126_8:MACHINE DONE
083051:T589126_8:Error Code 0
083211:T589126_9:Machine Process.. START
083211:T589126_9:GOING TO SEND START
083212:T589126_9:SENT START, WAITING FOR FINISH 
083222:T589126_9:MACHINE DONE
083222:T589126_9:Error Code 0
084433:T589126_10:Machine Process.. START
084433:T589126_10:GOING TO SEND START
084434:T589126_10:SENT START, WAITING FOR FINISH 
084449:T589126_10:MACHINE DONE
084449:T589126_10:Error Code 0
084544:T589126_11:Machine Process.. START
084544:T589126_11:GOING TO SEND START
084545:T589126_11:SENT START, WAITING FOR FINISH 
084555:T589126_11:MACHINE DONE
084555:T589126_11:Error Code 0
085122:T589126_12:Machine Process.. START
085122:T589126_12:GOING TO SEND START
085123:T589126_12:SENT START, WAITING FOR FINISH 
085150:T589126_12:MACHINE DONE
085150:T589126_12:Error Code 0
085259:T589126_13:Machine Process.. START
085300:T589126_13:GOING TO SEND START
085300:T589126_13:SENT START, WAITING FOR FINISH 
085339:T589126_13:MACHINE DONE
085339:T589126_13:Error Code 0
085416:T589126_14:Machine Process.. START
085416:T589126_14:GOING TO SEND START
085417:T589126_14:SENT START, WAITING FOR FINISH 
085432:T589126_14:MACHINE DONE
085432:T589126_14:Error Code 0
085540:T589126_15:Machine Process.. START
085540:T589126_15:GOING TO SEND START
085540:T589126_15:SENT START, WAITING FOR FINISH 
085550:T589126_15:MACHINE DONE
085550:T589126_15:Error Code 0
085833:T589126_16:Machine Process.. START
085833:T589126_16:GOING TO SEND START
085833:T589126_16:SENT START, WAITING FOR FINISH 
085858:T589126_16:MACHINE DONE
085858:T589126_16:Error Code 0
090330:T589126_17:Machine Process.. START
090330:T589126_17:GOING TO SEND START
090331:T589126_17:SENT START, WAITING FOR FINISH 
090345:T589126_17:MACHINE DONE
090345:T589126_17:Error Code 0
090935:T589126_18:Machine Process.. START
090935:T589126_18:GOING TO SEND START
090935:T589126_18:SENT START, WAITING FOR FINISH 
090954:T589126_18:MACHINE DONE
090954:T589126_18:Error Code 0
091107:T589126_19:Machine Process.. START
091108:T589126_19:GOING TO SEND START
091108:T589126_19:SENT START, WAITING FOR FINISH 
091137:T589126_19:MACHINE DONE
091138:T589126_19:Error Code 0
091316:T589126_20:Machine Process.. START
091316:T589126_20:GOING TO SEND START
091316:T589126_20:SENT START, WAITING FOR FINISH 
091329:T589126_20:MACHINE DONE
091329:T589126_20:Error Code 0
091447:T589126_21:Machine Process.. START
091447:T589126_21:GOING TO SEND START
091448:T589126_21:SENT START, WAITING FOR FINISH 
091528:T589126_21:MACHINE DONE
091528:T589126_21:Error Code 0
091645:T589126_22:Machine Process.. START
091646:T589126_22:GOING TO SEND START
091646:T589126_22:SENT START, WAITING FOR FINISH 
091712:T589126_22:MACHINE DONE
091713:T589126_22:Error Code 0
091838:T589126_23:Machine Process.. START
091838:T589126_23:GOING TO SEND START
091838:T589126_23:SENT START, WAITING FOR FINISH 
091851:T589126_23:MACHINE DONE
091851:T589126_23:Error Code 0
095146:T589126_24:Machine Process.. START
095146:T589126_24:GOING TO SEND START
095146:T589126_24:SENT START, WAITING FOR FINISH 
095159:T589126_24:MACHINE DONE
095159:T589126_24:Error Code 0
095521:T589126_25:Machine Process.. START
095522:T589126_25:GOING TO SEND START
095522:T589126_25:SENT START, WAITING FOR FINISH 
095539:T589126_25:MACHINE DONE
095539:T589126_25:Error Code 0
101458:T589126_26:Machine Process.. START
101458:T589126_26:GOING TO SEND START
101458:T589126_26:SENT START, WAITING FOR FINISH 
101510:T589126_26:MACHINE DONE
101511:T589126_26:Error Code 0
101604:T589126_27:Machine Process.. START
101604:T589126_27:GOING TO SEND START
101605:T589126_27:SENT START, WAITING FOR FINISH 
101616:T589126_27:MACHINE DONE
101616:T589126_27:Error Code 0
101734:T589126_28:Machine Process.. START
101735:T589126_28:GOING TO SEND START
101735:T589126_28:SENT START, WAITING FOR FINISH 
101750:T589126_28:MACHINE DONE
101750:T589126_28:Error Code 0
101907:T589126_29:Machine Process.. START
101907:T589126_29:GOING TO SEND START
101907:T589126_29:SENT START, WAITING FOR FINISH 
101919:T589126_29:MACHINE DONE
101920:T589126_29:Error Code 0
102421:T589126_30:Machine Process.. START
102421:T589126_30:GOING TO SEND START
102421:T589126_30:SENT START, WAITING FOR FINISH 
102446:T589126_30:MACHINE DONE
102446:T589126_30:Error Code 0
102552:T589126_31:Machine Process.. START
102552:T589126_31:GOING TO SEND START
102553:T589126_31:SENT START, WAITING FOR FINISH 
102607:T589126_31:MACHINE DONE
102607:T589126_31:Error Code 0
102723:T589126_32:Machine Process.. START
102723:T589126_32:GOING TO SEND START
102724:T589126_32:SENT START, WAITING FOR FINISH 
103300:T589126_32:MACHINE DONE
103300:T589126_32:Error Code 0
103617:T589126_33:Machine Process.. START
103617:T589126_33:GOING TO SEND START
103617:T589126_33:SENT START, WAITING FOR FINISH 
103635:T589126_33:MACHINE DONE
103635:T589126_33:Error Code 0
105038:T589126_34:Machine Process.. START
105039:T589126_34:GOING TO SEND START
105039:T589126_34:SENT START, WAITING FOR FINISH 
105055:T589126_34:MACHINE DONE
105055:T589126_34:Error Code 0
105216:T589126_35:Machine Process.. START
105216:T589126_35:GOING TO SEND START
105217:T589126_35:SENT START, WAITING FOR FINISH 
105233:T589126_35:MACHINE DONE
105233:T589126_35:Error Code 0
105342:T589126_36:Machine Process.. START
105342:T589126_36:GOING TO SEND START
105343:T589126_36:SENT START, WAITING FOR FINISH 
105355:T589126_36:MACHINE DONE
105355:T589126_36:Error Code 0
105522:T589126_37:Machine Process.. START
105522:T589126_37:GOING TO SEND START
105522:T589126_37:SENT START, WAITING FOR FINISH 
105534:T589126_37:MACHINE DONE
105534:T589126_37:Error Code 0
105742:T589126_38:Machine Process.. START
105743:T589126_38:GOING TO SEND START
105743:T589126_38:SENT START, WAITING FOR FINISH 
105758:T589126_38:MACHINE DONE
105758:T589126_38:Error Code 0
105923:T589126_39:Machine Process.. START
105923:T589126_39:GOING TO SEND START
105923:T589126_39:SENT START, WAITING FOR FINISH 
105928:T589126_39:MACHINE DONE
105928:T589126_39:Error Code 0
110229:T589126_40:Machine Process.. START
110230:T589126_40:GOING TO SEND START
110230:T589126_40:SENT START, WAITING FOR FINISH 
110243:T589126_40:MACHINE DONE
110243:T589126_40:Error Code 0
110337:T510837_1:Machine Process.. START
110337:T510837_1:GOING TO SEND START
110337:T510837_1:SENT START, WAITING FOR FINISH 
110350:T510837_1:MACHINE DONE
110350:T510837_1:Error Code 0
110528:T510837_2:Machine Process.. START
110529:T510837_2:GOING TO SEND START
110529:T510837_2:SENT START, WAITING FOR FINISH 
110540:T510837_2:MACHINE DONE
110540:T510837_2:Error Code 0
110716:T510837_3:Machine Process.. START
110716:T510837_3:GOING TO SEND START
110717:T510837_3:SENT START, WAITING FOR FINISH 
110728:T510837_3:MACHINE DONE
110728:T510837_3:Error Code 0
110901:T510837_4:Machine Process.. START
110902:T510837_4:GOING TO SEND START
110902:T510837_4:SENT START, WAITING FOR FINISH 
111056:T510837_4:MACHINE DONE
111057:T510837_4:Error Code 0
111150:T510837_5:Machine Process.. START
111150:T510837_5:GOING TO SEND START
111150:T510837_5:SENT START, WAITING FOR FINISH 
111214:T510837_5:MACHINE DONE
111214:T510837_5:Error Code 0
111323:T510837_6:Machine Process.. START
111324:T510837_6:GOING TO SEND START
111324:T510837_6:SENT START, WAITING FOR FINISH 
111338:T510837_6:MACHINE DONE
111338:T510837_6:Error Code 0
111456:T510837_7:Machine Process.. START
111457:T510837_7:GOING TO SEND START
111457:T510837_7:SENT START, WAITING FOR FINISH 
111545:T510837_7:MACHINE DONE
111545:T510837_7:Error Code 0
111652:T510837_8:Machine Process.. START
111652:T510837_8:GOING TO SEND START
111653:T510837_8:SENT START, WAITING FOR FINISH 
111710:T510837_8:MACHINE DONE
111710:T510837_8:Error Code 0
111852:T510837_9:Machine Process.. START
111853:T510837_9:GOING TO SEND START
111853:T510837_9:SENT START, WAITING FOR FINISH 
112050:T510837_9:MACHINE DONE
112051:T510837_9:Error Code 0
112122:T510837_10:Machine Process.. START
112122:T510837_10:GOING TO SEND START
112123:T510837_10:SENT START, WAITING FOR FINISH 
112229:T510837_10:MACHINE DONE
112229:T510837_10:Error Code 0
112318:T510837_11:Machine Process.. START
112318:T510837_11:GOING TO SEND START
112318:T510837_11:SENT START, WAITING FOR FINISH 
112433:T510837_11:MACHINE DONE
112433:T510837_11:Error Code 0
112504:T510837_12:Machine Process.. START
112504:T510837_12:GOING TO SEND START
112504:T510837_12:SENT START, WAITING FOR FINISH 
112602:T510837_12:MACHINE DONE
112602:T510837_12:Error Code 0
112640:T510837_13:Machine Process.. START
112640:T510837_13:GOING TO SEND START
112641:T510837_13:SENT START, WAITING FOR FINISH 
112753:T510837_13:MACHINE DONE
112753:T510837_13:Error Code 0
113008:T510837_14:Machine Process.. START
113009:T510837_14:GOING TO SEND START
113009:T510837_14:SENT START, WAITING FOR FINISH 
113106:T510837_14:MACHINE DONE
113107:T510837_14:Error Code 0
113158:T510837_15:Machine Process.. START
113158:T510837_15:GOING TO SEND START
113158:T510837_15:SENT START, WAITING FOR FINISH 
113226:T510837_15:MACHINE DONE
113226:T510837_15:Error Code 0
113350:T510837_16:Machine Process.. START
113351:T510837_16:GOING TO SEND START
113351:T510837_16:SENT START, WAITING FOR FINISH 
113446:T510837_16:MACHINE DONE
113446:T510837_16:Error Code 0
113530:T510837_17:Machine Process.. START
113531:T510837_17:GOING TO SEND START
113531:T510837_17:SENT START, WAITING FOR FINISH 
113629:T510837_17:MACHINE DONE
113629:T510837_17:Error Code 0
113708:T510837_18:Machine Process.. START
113708:T510837_18:GOING TO SEND START
113708:T510837_18:SENT START, WAITING FOR FINISH 
113818:T510837_18:MACHINE DONE
113818:T510837_18:Error Code 0
113902:T510837_19:Machine Process.. START
113903:T510837_19:GOING TO SEND START
113903:T510837_19:SENT START, WAITING FOR FINISH 
114001:T510837_19:MACHINE DONE
114001:T510837_19:Error Code 0
114057:T510837_20:Machine Process.. START
114057:T510837_20:GOING TO SEND START
114058:T510837_20:SENT START, WAITING FOR FINISH 
114154:T510837_20:MACHINE DONE
114154:T510837_20:Error Code 0
114238:T510837_21:Machine Process.. START
114238:T510837_21:GOING TO SEND START
114238:T510837_21:SENT START, WAITING FOR FINISH 
114334:T510837_21:MACHINE DONE
114334:T510837_21:Error Code 0
114418:T510837_22:Machine Process.. START
114418:T510837_22:GOING TO SEND START
114418:T510837_22:SENT START, WAITING FOR FINISH 
114510:T510837_22:MACHINE DONE
114510:T510837_22:Error Code 0
114556:T510837_23:Machine Process.. START
114556:T510837_23:GOING TO SEND START
114557:T510837_23:SENT START, WAITING FOR FINISH 
114650:T510837_23:MACHINE DONE
114650:T510837_23:Error Code 0
114745:T510837_24:Machine Process.. START
114745:T510837_24:GOING TO SEND START
114746:T510837_24:SENT START, WAITING FOR FINISH 
114839:T510837_24:MACHINE DONE
114839:T510837_24:Error Code 0
114922:T510837_25:Machine Process.. START
114922:T510837_25:GOING TO SEND START
114922:T510837_25:SENT START, WAITING FOR FINISH 
115024:T510837_25:MACHINE DONE
115024:T510837_25:Error Code 0
130430:T510837_26:Machine Process.. START
130431:T510837_26:GOING TO SEND START
130431:T510837_26:SENT START, WAITING FOR FINISH 
130550:T510837_26:MACHINE DONE
130550:T510837_26:Error Code 0
130717:T510837_27:Machine Process.. START
130718:T510837_27:GOING TO SEND START
130718:T510837_27:SENT START, WAITING FOR FINISH 
130813:T510837_27:MACHINE DONE
130813:T510837_27:Error Code 0
130932:T510837_28:Machine Process.. START
130932:T510837_28:GOING TO SEND START
130933:T510837_28:SENT START, WAITING FOR FINISH 
131025:T510837_28:MACHINE DONE
131025:T510837_28:Error Code 0
131544:T510837_29:Machine Process.. START
131544:T510837_29:GOING TO SEND START
131545:T510837_29:SENT START, WAITING FOR FINISH 
131644:T510837_29:MACHINE DONE
131644:T510837_29:Error Code 0
131836:T510837_30:Machine Process.. START
131837:T510837_30:GOING TO SEND START
131837:T510837_30:SENT START, WAITING FOR FINISH 
131938:T510837_30:MACHINE DONE
131938:T510837_30:Error Code 0
132037:T510837_31:Machine Process.. START
132037:T510837_31:GOING TO SEND START
132038:T510837_31:SENT START, WAITING FOR FINISH 
132056:T510837_31:MACHINE DONE
132056:T510837_31:Error Code 0
132225:T510837_32:Machine Process.. START
132225:T510837_32:GOING TO SEND START
132225:T510837_32:SENT START, WAITING FOR FINISH 
132250:T510837_32:MACHINE DONE
132250:T510837_32:Error Code 0
132354:T510837_33:Machine Process.. START
132355:T510837_33:GOING TO SEND START
132355:T510837_33:SENT START, WAITING FOR FINISH 
132500:T510837_33:MACHINE DONE
132500:T510837_33:Error Code 0
132552:T510837_34:Machine Process.. START
132552:T510837_34:GOING TO SEND START
132553:T510837_34:SENT START, WAITING FOR FINISH 
132648:T510837_34:MACHINE DONE
132648:T510837_34:Error Code 0
132810:T510837_35:Machine Process.. START
132810:T510837_35:GOING TO SEND START
132811:T510837_35:SENT START, WAITING FOR FINISH 
132934:T510837_35:MACHINE DONE
132935:T510837_35:Error Code 0
133054:T510837_36:Machine Process.. START
133054:T510837_36:GOING TO SEND START
133054:T510837_36:SENT START, WAITING FOR FINISH 
133150:T510837_36:MACHINE DONE
133150:T510837_36:Error Code 0
133353:T510837_37:Machine Process.. START
133353:T510837_37:GOING TO SEND START
133354:T510837_37:SENT START, WAITING FOR FINISH 
133459:T510837_37:MACHINE DONE
133459:T510837_37:Error Code 0
133548:T510837_38:Machine Process.. START
133548:T510837_38:GOING TO SEND START
133549:T510837_38:SENT START, WAITING FOR FINISH 
133644:T510837_38:MACHINE DONE
133645:T510837_38:Error Code 0
133736:T510837_39:Machine Process.. START
133736:T510837_39:GOING TO SEND START
133736:T510837_39:SENT START, WAITING FOR FINISH 
133843:T510837_39:MACHINE DONE
133843:T510837_39:Error Code 0
134150:T510837_40:Machine Process.. START
134150:T510837_40:GOING TO SEND START
134151:T510837_40:SENT START, WAITING FOR FINISH 
134238:T510837_40:MACHINE DONE
134238:T510837_40:Error Code 0
134333:T510837_41:Machine Process.. START
134333:T510837_41:GOING TO SEND START
134333:T510837_41:SENT START, WAITING FOR FINISH 
134434:T510837_41:MACHINE DONE
134434:T510837_41:Error Code 0
134535:T510837_42:Machine Process.. START
134536:T510837_42:GOING TO SEND START
134536:T510837_42:SENT START, WAITING FOR FINISH 
134652:T510837_42:MACHINE DONE
134652:T510837_42:Error Code 0
134753:T510837_43:Machine Process.. START
134753:T510837_43:GOING TO SEND START
134753:T510837_43:SENT START, WAITING FOR FINISH 
134855:T510837_43:MACHINE DONE
134855:T510837_43:Error Code 0
134937:T510837_44:Machine Process.. START
134937:T510837_44:GOING TO SEND START
134937:T510837_44:SENT START, WAITING FOR FINISH 
135040:T510837_44:MACHINE DONE
135040:T510837_44:Error Code 0
135147:T510837_45:Machine Process.. START
135147:T510837_45:GOING TO SEND START
135147:T510837_45:SENT START, WAITING FOR FINISH 
135241:T510837_45:MACHINE DONE
135241:T510837_45:Error Code 0
135333:T510837_46:Machine Process.. START
135334:T510837_46:GOING TO SEND START
135334:T510837_46:SENT START, WAITING FOR FINISH 
135350:T510837_46:MACHINE DONE
135350:T510837_46:Error Code 0
135524:T510837_47:Machine Process.. START
135525:T510837_47:GOING TO SEND START
135525:T510837_47:SENT START, WAITING FOR FINISH 
135540:T510837_47:MACHINE DONE
135540:T510837_47:Error Code 0
135701:T510837_48:Machine Process.. START
135701:T510837_48:GOING TO SEND START
135701:T510837_48:SENT START, WAITING FOR FINISH 
135718:T510837_48:MACHINE DONE
135718:T510837_48:Error Code 0
135914:T510837_49:Machine Process.. START
135914:T510837_49:GOING TO SEND START
135914:T510837_49:SENT START, WAITING FOR FINISH 
135934:T510837_49:MACHINE DONE
135934:T510837_49:Error Code 0
140101:T510837_50:Machine Process.. START
140101:T510837_50:GOING TO SEND START
140102:T510837_50:SENT START, WAITING FOR FINISH 
140118:T510837_50:MACHINE DONE
140118:T510837_50:Error Code 0
140258:T510837_51:Machine Process.. START
140259:T510837_51:GOING TO SEND START
140259:T510837_51:SENT START, WAITING FOR FINISH 
140327:T510837_51:MACHINE DONE
140327:T510837_51:Error Code 0
140502:T510837_52:Machine Process.. START
140502:T510837_52:GOING TO SEND START
140503:T510837_52:SENT START, WAITING FOR FINISH 
140522:T510837_52:MACHINE DONE
140522:T510837_52:Error Code 0
140617:T510837_53:Machine Process.. START
140617:T510837_53:GOING TO SEND START
140618:T510837_53:SENT START, WAITING FOR FINISH 
140637:T510837_53:MACHINE DONE
140637:T510837_53:Error Code 0
140740:T510837_54:Machine Process.. START
140740:T510837_54:GOING TO SEND START
140740:T510837_54:SENT START, WAITING FOR FINISH 
140832:T510837_54:MACHINE DONE
140832:T510837_54:Error Code 0
141016:T510837_55:Machine Process.. START
141016:T510837_55:GOING TO SEND START
141016:T510837_55:SENT START, WAITING FOR FINISH 
141110:T510837_55:MACHINE DONE
141110:T510837_55:Error Code 0
141151:T510837_56:Machine Process.. START
141151:T510837_56:GOING TO SEND START
141151:T510837_56:SENT START, WAITING FOR FINISH 
141250:T510837_56:MACHINE DONE
141250:T510837_56:Error Code 0
141335:T510837_57:Machine Process.. START
141336:T510837_57:GOING TO SEND START
141336:T510837_57:SENT START, WAITING FOR FINISH 
141436:T510837_57:MACHINE DONE
141436:T510837_57:Error Code 0
141536:T510837_58:Machine Process.. START
141536:T510837_58:GOING TO SEND START
141537:T510837_58:SENT START, WAITING FOR FINISH 
141638:T510837_58:MACHINE DONE
141638:T510837_58:Error Code 0
141722:T510837_59:Machine Process.. START
141722:T510837_59:GOING TO SEND START
141722:T510837_59:SENT START, WAITING FOR FINISH 
141814:T510837_59:MACHINE DONE
141814:T510837_59:Error Code 0
141955:T510837_60:Machine Process.. START
141955:T510837_60:GOING TO SEND START
141956:T510837_60:SENT START, WAITING FOR FINISH 
142011:T510837_60:MACHINE DONE
142012:T510837_60:Error Code 0
142137:T510837_61:Machine Process.. START
142137:T510837_61:GOING TO SEND START
142137:T510837_61:SENT START, WAITING FOR FINISH 
142154:T510837_61:MACHINE DONE
142154:T510837_61:Error Code 0
142302:T510837_62:Machine Process.. START
142302:T510837_62:GOING TO SEND START
142303:T510837_62:SENT START, WAITING FOR FINISH 
142316:T510837_62:MACHINE DONE
142316:T510837_62:Error Code 0
142446:T510837_63:Machine Process.. START
142446:T510837_63:GOING TO SEND START
142447:T510837_63:SENT START, WAITING FOR FINISH 
142508:T510837_63:MACHINE DONE
142508:T510837_63:Error Code 0
142620:T510837_64:Machine Process.. START
142621:T510837_64:GOING TO SEND START
142621:T510837_64:SENT START, WAITING FOR FINISH 
142717:T510837_64:MACHINE DONE
142717:T510837_64:Error Code 0
142810:T510837_65:Machine Process.. START
142810:T510837_65:GOING TO SEND START
142811:T510837_65:SENT START, WAITING FOR FINISH 
142827:T510837_65:MACHINE DONE
142827:T510837_65:Error Code 0
143426:T510837_66:Machine Process.. START
143426:T510837_66:GOING TO SEND START
143426:T510837_66:SENT START, WAITING FOR FINISH 
143437:T510837_66:MACHINE DONE
143437:T510837_66:Error Code 0
143545:T510837_67:Machine Process.. START
143545:T510837_67:GOING TO SEND START
143545:T510837_67:SENT START, WAITING FOR FINISH 
143601:T510837_67:MACHINE DONE
143602:T510837_67:Error Code 0
143700:T510837_68:Machine Process.. START
143700:T510837_68:GOING TO SEND START
143701:T510837_68:SENT START, WAITING FOR FINISH 
143720:T510837_68:MACHINE DONE
143720:T510837_68:Error Code 0
143906:T510837_69:Machine Process.. START
143906:T510837_69:GOING TO SEND START
143907:T510837_69:SENT START, WAITING FOR FINISH 
143923:T510837_69:MACHINE DONE
143923:T510837_69:Error Code 0
143949:T510837_70:Machine Process.. START
143950:T510837_70:GOING TO SEND START
143950:T510837_70:SENT START, WAITING FOR FINISH 
144003:T510837_70:MACHINE DONE
144003:T510837_70:Error Code 0
144238:T510837_71:Machine Process.. START
144238:T510837_71:GOING TO SEND START
144239:T510837_71:SENT START, WAITING FOR FINISH 
144309:T510837_71:MACHINE DONE
144309:T510837_71:Error Code 0
144439:T510837_72:Machine Process.. START
144439:T510837_72:GOING TO SEND START
144440:T510837_72:SENT START, WAITING FOR FINISH 
144449:T510837_72:MACHINE DONE
144449:T510837_72:Error Code 0
144618:T510837_73:Machine Process.. START
144619:T510837_73:GOING TO SEND START
144619:T510837_73:SENT START, WAITING FOR FINISH 
144640:T510837_73:MACHINE DONE
144640:T510837_73:Error Code 0
144849:T510837_74:Machine Process.. START
144850:T510837_74:GOING TO SEND START
144850:T510837_74:SENT START, WAITING FOR FINISH 
144925:T510837_74:MACHINE DONE
144925:T510837_74:Error Code 0
145017:T510837_75:Machine Process.. START
145017:T510837_75:GOING TO SEND START
145018:T510837_75:SENT START, WAITING FOR FINISH 
145032:T510837_75:MACHINE DONE
145032:T510837_75:Error Code 0
145151:T510837_76:Machine Process.. START
145151:T510837_76:GOING TO SEND START
145151:T510837_76:SENT START, WAITING FOR FINISH 
145215:T510837_76:MACHINE DONE
145215:T510837_76:Error Code 0
145342:T510837_77:Machine Process.. START
145342:T510837_77:GOING TO SEND START
145343:T510837_77:SENT START, WAITING FOR FINISH 
145533:T510837_77:MACHINE DONE
145533:T510837_77:Error Code 0
145608:T510837_78:Machine Process.. START
145608:T510837_78:GOING TO SEND START
145608:T510837_78:SENT START, WAITING FOR FINISH 
145622:T510837_78:MACHINE DONE
145622:T510837_78:Error Code 0
151355:T510837_79:Machine Process.. START
151355:T510837_79:GOING TO SEND START
151356:T510837_79:SENT START, WAITING FOR FINISH 
151418:T510837_79:MACHINE DONE
151418:T510837_79:Error Code 0
151607:T510837_80:Machine Process.. START
151607:T510837_80:GOING TO SEND START
151607:T510837_80:SENT START, WAITING FOR FINISH 
151629:T510837_80:MACHINE DONE
151629:T510837_80:Error Code 0
151803:T510837_81:Machine Process.. START
151804:T510837_81:GOING TO SEND START
151804:T510837_81:SENT START, WAITING FOR FINISH 
151828:T510837_81:MACHINE DONE
151828:T510837_81:Error Code 0
151944:T510837_82:Machine Process.. START
151944:T510837_82:GOING TO SEND START
151945:T510837_82:SENT START, WAITING FOR FINISH 
152005:T510837_82:MACHINE DONE
152006:T510837_82:Error Code 0
152124:T510837_83:Machine Process.. START
152124:T510837_83:GOING TO SEND START
152124:T510837_83:SENT START, WAITING FOR FINISH 
152144:T510837_83:MACHINE DONE
152144:T510837_83:Error Code 0
152257:T510837_84:Machine Process.. START
152258:T510837_84:GOING TO SEND START
152258:T510837_84:SENT START, WAITING FOR FINISH 
152318:T510837_84:MACHINE DONE
152318:T510837_84:Error Code 0
152424:T510837_85:Machine Process.. START
152424:T510837_85:GOING TO SEND START
152424:T510837_85:SENT START, WAITING FOR FINISH 
152449:T510837_85:MACHINE DONE
152449:T510837_85:Error Code 0
152624:T510837_86:Machine Process.. START
152624:T510837_86:GOING TO SEND START
152624:T510837_86:SENT START, WAITING FOR FINISH 
152642:T510837_86:MACHINE DONE
152642:T510837_86:Error Code 0
152757:T510837_87:Machine Process.. START
152757:T510837_87:GOING TO SEND START
152757:T510837_87:SENT START, WAITING FOR FINISH 
152818:T510837_87:MACHINE DONE
152818:T510837_87:Error Code 0
152953:T510837_88:Machine Process.. START
152953:T510837_88:GOING TO SEND START
152953:T510837_88:SENT START, WAITING FOR FINISH 
153018:T510837_88:MACHINE DONE
153018:T510837_88:Error Code 0
153138:T510837_89:Machine Process.. START
153139:T510837_89:GOING TO SEND START
153139:T510837_89:SENT START, WAITING FOR FINISH 
153158:T510837_89:MACHINE DONE
153158:T510837_89:Error Code 0
153409:T510837_90:Machine Process.. START
153409:T510837_90:GOING TO SEND START
153409:T510837_90:SENT START, WAITING FOR FINISH 
153428:T510837_90:MACHINE DONE
153429:T510837_90:Error Code 0
153548:T510837_91:Machine Process.. START
153548:T510837_91:GOING TO SEND START
153548:T510837_91:SENT START, WAITING FOR FINISH 
153607:T510837_91:MACHINE DONE
153607:T510837_91:Error Code 0
153718:T510837_92:Machine Process.. START
153718:T510837_92:GOING TO SEND START
153718:T510837_92:SENT START, WAITING FOR FINISH 
153830:T510837_92:MACHINE DONE
153830:T510837_92:Error Code 0
153912:T510837_93:Machine Process.. START
153912:T510837_93:GOING TO SEND START
153912:T510837_93:SENT START, WAITING FOR FINISH 
154024:T510837_93:MACHINE DONE
154024:T510837_93:Error Code 0
154100:T510837_94:Machine Process.. START
154101:T510837_94:GOING TO SEND START
154101:T510837_94:SENT START, WAITING FOR FINISH 
154157:T510837_94:MACHINE DONE
154157:T510837_94:Error Code 0
154234:T510837_95:Machine Process.. START
154234:T510837_95:GOING TO SEND START
154235:T510837_95:SENT START, WAITING FOR FINISH 
154335:T510837_95:MACHINE DONE
154335:T510837_95:Error Code 0
154420:T510837_96:Machine Process.. START
154420:T510837_96:GOING TO SEND START
154420:T510837_96:SENT START, WAITING FOR FINISH 
154521:T510837_96:MACHINE DONE
154521:T510837_96:Error Code 0
154555:T510837_97:Machine Process.. START
154555:T510837_97:GOING TO SEND START
154556:T510837_97:SENT START, WAITING FOR FINISH 
154657:T510837_97:MACHINE DONE
154657:T510837_97:Error Code 0
154739:T510837_98:Machine Process.. START
154740:T510837_98:GOING TO SEND START
154740:T510837_98:SENT START, WAITING FOR FINISH 
154841:T510837_98:MACHINE DONE
154841:T510837_98:Error Code 0
154918:T510837_99:Machine Process.. START
154918:T510837_99:GOING TO SEND START
154918:T510837_99:SENT START, WAITING FOR FINISH 
155021:T510837_99:MACHINE DONE
155021:T510837_99:Error Code 0
155059:T510837_100:Machine Process.. START
155059:T510837_100:GOING TO SEND START
155059:T510837_100:SENT START, WAITING FOR FINISH 
155159:T510837_100:MACHINE DONE
155159:T510837_100:Error Code 0
155322:T510837_101:Machine Process.. START
155322:T510837_101:GOING TO SEND START
155323:T510837_101:SENT START, WAITING FOR FINISH 
155423:T510837_101:MACHINE DONE
155423:T510837_101:Error Code 0
155535:T510837_102:Machine Process.. START
155535:T510837_102:GOING TO SEND START
155535:T510837_102:SENT START, WAITING FOR FINISH 
155633:T510837_102:MACHINE DONE
155633:T510837_102:Error Code 0
