132335:T510836_1:Machine Process.. START
132335:T510836_1:GOING TO SEND START
132335:T510836_1:SENT START, WAITING FOR FINISH 
132345:T510836_1:MACHINE DONE
132345:T510836_1:Error Code 0
132405:T510836_2:Machine Process.. START
132405:T510836_2:GOING TO SEND START
132405:T510836_2:SENT START, WAITING FOR FINISH 
132415:T510836_2:MACHINE DONE
132415:T510836_2:Error Code 0
132446:T510836_3:Machine Process.. START
132446:T510836_3:GOING TO SEND START
132446:T510836_3:SENT START, WAITING FOR FINISH 
132453:T510836_3:MACHINE DONE
132453:T510836_3:Error Code 0
132536:T510836_4:Machine Process.. START
132536:T510836_4:GOING TO SEND START
132537:T510836_4:SENT START, WAITING FOR FINISH 
132543:T510836_4:MACHINE DONE
132543:T510836_4:Error Code 0
132616:T510836_5:Machine Process.. START
132617:T510836_5:GOING TO SEND START
132617:T510836_5:SENT START, WAITING FOR FINISH 
132628:T510836_5:MACHINE DONE
132628:T510836_5:Error Code 0
132741:T510836_6:Machine Process.. START
132741:T510836_6:GOING TO SEND START
132741:T510836_6:SENT START, WAITING FOR FINISH 
132802:T510836_6:MACHINE DONE
132802:T510836_6:Error Code 0
132843:T510836_7:Machine Process.. START
132843:T510836_7:GOING TO SEND START
132844:T510836_7:SENT START, WAITING FOR FINISH 
132851:T510836_7:MACHINE DONE
132851:T510836_7:Error Code 0
132930:T510836_8:Machine Process.. START
132930:T510836_8:GOING TO SEND START
132930:T510836_8:SENT START, WAITING FOR FINISH 
132940:T510836_8:MACHINE DONE
132940:T510836_8:Error Code 0
133022:T510836_9:Machine Process.. START
133022:T510836_9:GOING TO SEND START
133023:T510836_9:SENT START, WAITING FOR FINISH 
133035:T510836_9:MACHINE DONE
133035:T510836_9:Error Code 0
133336:T510836_10:Machine Process.. START
133336:T510836_10:GOING TO SEND START
133336:T510836_10:SENT START, WAITING FOR FINISH 
133345:T510836_10:MACHINE DONE
133345:T510836_10:Error Code 0
133652:T510836_11:Machine Process.. START
133652:T510836_11:GOING TO SEND START
133652:T510836_11:SENT START, WAITING FOR FINISH 
133701:T510836_11:MACHINE DONE
133701:T510836_11:Error Code 0
134405:T510836_12:Machine Process.. START
134406:T510836_12:GOING TO SEND START
134406:T510836_12:SENT START, WAITING FOR FINISH 
134438:T510836_12:MACHINE DONE
134438:T510836_12:Error Code 0
134528:T510836_13:Machine Process.. START
134528:T510836_13:GOING TO SEND START
134528:T510836_13:SENT START, WAITING FOR FINISH 
134541:T510836_13:MACHINE DONE
134541:T510836_13:Error Code 0
134651:T510836_14:Machine Process.. START
134651:T510836_14:GOING TO SEND START
134651:T510836_14:SENT START, WAITING FOR FINISH 
134704:T510836_14:MACHINE DONE
134704:T510836_14:Error Code 0
134801:T510836_15:Machine Process.. START
134801:T510836_15:GOING TO SEND START
134801:T510836_15:SENT START, WAITING FOR FINISH 
134816:T510836_15:MACHINE DONE
134816:T510836_15:Error Code 0
134912:T510836_16:Machine Process.. START
134912:T510836_16:GOING TO SEND START
134912:T510836_16:SENT START, WAITING FOR FINISH 
134919:T510836_16:MACHINE DONE
134919:T510836_16:Error Code 0
135037:T510836_17:Machine Process.. START
135037:T510836_17:GOING TO SEND START
135038:T510836_17:SENT START, WAITING FOR FINISH 
135045:T510836_17:MACHINE DONE
135045:T510836_17:Error Code 0
135145:T510836_18:Machine Process.. START
135146:T510836_18:GOING TO SEND START
135146:T510836_18:SENT START, WAITING FOR FINISH 
135153:T510836_18:MACHINE DONE
135153:T510836_18:Error Code 0
135254:T510836_19:Machine Process.. START
135254:T510836_19:GOING TO SEND START
135254:T510836_19:SENT START, WAITING FOR FINISH 
135303:T510836_19:MACHINE DONE
135303:T510836_19:Error Code 0
135409:T510836_20:Machine Process.. START
135409:T510836_20:GOING TO SEND START
135410:T510836_20:SENT START, WAITING FOR FINISH 
135425:T510836_20:MACHINE DONE
135425:T510836_20:Error Code 0
135516:T510836_21:Machine Process.. START
135516:T510836_21:GOING TO SEND START
135516:T510836_21:SENT START, WAITING FOR FINISH 
135541:T510836_21:MACHINE DONE
135541:T510836_21:Error Code 0
135645:T510836_22:Machine Process.. START
135645:T510836_22:GOING TO SEND START
135646:T510836_22:SENT START, WAITING FOR FINISH 
135725:T510836_22:MACHINE DONE
135725:T510836_22:Error Code 0
135800:T510836_23:Machine Process.. START
135800:T510836_23:GOING TO SEND START
135800:T510836_23:SENT START, WAITING FOR FINISH 
135841:T510836_23:MACHINE DONE
135841:T510836_23:Error Code 0
135922:T510836_24:Machine Process.. START
135922:T510836_24:GOING TO SEND START
135923:T510836_24:SENT START, WAITING FOR FINISH 
140007:T510836_24:MACHINE DONE
140007:T510836_24:Error Code 0
140026:T510836_25:Machine Process.. START
140026:T510836_25:GOING TO SEND START
140026:T510836_25:SENT START, WAITING FOR FINISH 
140040:T510836_25:MACHINE DONE
140040:T510836_25:Error Code 0
140140:T510836_26:Machine Process.. START
140140:T510836_26:GOING TO SEND START
140140:T510836_26:SENT START, WAITING FOR FINISH 
140147:T510836_26:MACHINE DONE
140147:T510836_26:Error Code 0
140238:T510836_27:Machine Process.. START
140238:T510836_27:GOING TO SEND START
140238:T510836_27:SENT START, WAITING FOR FINISH 
140246:T510836_27:MACHINE DONE
140246:T510836_27:Error Code 0
140410:T510836_28:Machine Process.. START
140410:T510836_28:GOING TO SEND START
140410:T510836_28:SENT START, WAITING FOR FINISH 
140417:T510836_28:MACHINE DONE
140417:T510836_28:Error Code 0
140527:T510836_29:Machine Process.. START
140527:T510836_29:GOING TO SEND START
140528:T510836_29:SENT START, WAITING FOR FINISH 
140545:T510836_29:MACHINE DONE
140545:T510836_29:Error Code 0
140648:T510836_30:Machine Process.. START
140648:T510836_30:GOING TO SEND START
140648:T510836_30:SENT START, WAITING FOR FINISH 
140657:T510836_30:MACHINE DONE
140657:T510836_30:Error Code 0
140759:T510836_31:Machine Process.. START
140800:T510836_31:GOING TO SEND START
140800:T510836_31:SENT START, WAITING FOR FINISH 
140816:T510836_31:MACHINE DONE
140816:T510836_31:Error Code 0
140931:T510836_32:Machine Process.. START
140931:T510836_32:GOING TO SEND START
140931:T510836_32:SENT START, WAITING FOR FINISH 
140957:T510836_32:MACHINE DONE
140957:T510836_32:Error Code 0
141101:T510836_33:Machine Process.. START
141102:T510836_33:GOING TO SEND START
141102:T510836_33:SENT START, WAITING FOR FINISH 
141116:T510836_33:MACHINE DONE
141116:T510836_33:Error Code 0
141246:T510836_34:Machine Process.. START
141246:T510836_34:GOING TO SEND START
141246:T510836_34:SENT START, WAITING FOR FINISH 
141256:T510836_34:MACHINE DONE
141256:T510836_34:Error Code 0
141328:T510836_35:Machine Process.. START
141328:T510836_35:GOING TO SEND START
141328:T510836_35:SENT START, WAITING FOR FINISH 
141338:T510836_35:MACHINE DONE
141338:T510836_35:Error Code 0
141447:T510836_36:Machine Process.. START
141447:T510836_36:GOING TO SEND START
141447:T510836_36:SENT START, WAITING FOR FINISH 
141455:T510836_36:MACHINE DONE
141455:T510836_36:Error Code 0
141554:T510836_37:Machine Process.. START
141554:T510836_37:GOING TO SEND START
141554:T510836_37:SENT START, WAITING FOR FINISH 
141632:T510836_37:MACHINE DONE
141632:T510836_37:Error Code 0
141702:T510836_38:Machine Process.. START
141702:T510836_38:GOING TO SEND START
141702:T510836_38:SENT START, WAITING FOR FINISH 
141715:T510836_38:MACHINE DONE
141715:T510836_38:Error Code 0
141828:T510836_39:Machine Process.. START
141829:T510836_39:GOING TO SEND START
141829:T510836_39:SENT START, WAITING FOR FINISH 
141837:T510836_39:MACHINE DONE
141837:T510836_39:Error Code 0
141958:T510836_40:Machine Process.. START
141958:T510836_40:GOING TO SEND START
141958:T510836_40:SENT START, WAITING FOR FINISH 
142009:T510836_40:MACHINE DONE
142009:T510836_40:Error Code 0
142114:T510836_41:Machine Process.. START
142115:T510836_41:GOING TO SEND START
142115:T510836_41:SENT START, WAITING FOR FINISH 
142150:T510836_41:MACHINE DONE
142150:T510836_41:Error Code 0
142238:T510836_42:Machine Process.. START
142238:T510836_42:GOING TO SEND START
142238:T510836_42:SENT START, WAITING FOR FINISH 
142308:T510836_42:MACHINE DONE
142308:T510836_42:Error Code 0
142356:T510836_43:Machine Process.. START
142356:T510836_43:GOING TO SEND START
142357:T510836_43:SENT START, WAITING FOR FINISH 
142413:T510836_43:MACHINE DONE
142413:T510836_43:Error Code 0
142518:T510836_44:Machine Process.. START
142518:T510836_44:GOING TO SEND START
142519:T510836_44:SENT START, WAITING FOR FINISH 
142525:T510836_44:MACHINE DONE
142525:T510836_44:Error Code 0
142714:T510836_45:Machine Process.. START
142714:T510836_45:GOING TO SEND START
142714:T510836_45:SENT START, WAITING FOR FINISH 
142722:T510836_45:MACHINE DONE
142722:T510836_45:Error Code 0
142836:T510836_46:Machine Process.. START
142836:T510836_46:GOING TO SEND START
142836:T510836_46:SENT START, WAITING FOR FINISH 
142845:T510836_46:MACHINE DONE
142845:T510836_46:Error Code 0
142934:T510836_47:Machine Process.. START
142934:T510836_47:GOING TO SEND START
142934:T510836_47:SENT START, WAITING FOR FINISH 
142943:T510836_47:MACHINE DONE
142943:T510836_47:Error Code 0
143053:T510836_48:Machine Process.. START
143053:T510836_48:GOING TO SEND START
143053:T510836_48:SENT START, WAITING FOR FINISH 
143108:T510836_48:MACHINE DONE
143108:T510836_48:Error Code 0
143219:T510836_49:Machine Process.. START
143219:T510836_49:GOING TO SEND START
143219:T510836_49:SENT START, WAITING FOR FINISH 
143228:T510836_49:MACHINE DONE
143228:T510836_49:Error Code 0
143514:T510836_50:Machine Process.. START
143514:T510836_50:GOING TO SEND START
143515:T510836_50:SENT START, WAITING FOR FINISH 
143551:T510836_50:MACHINE DONE
143551:T510836_50:Error Code 0
143628:T510836_51:Machine Process.. START
143629:T510836_51:GOING TO SEND START
143629:T510836_51:SENT START, WAITING FOR FINISH 
143645:T510836_51:MACHINE DONE
143645:T510836_51:Error Code 0
143742:T510836_52:Machine Process.. START
143743:T510836_52:GOING TO SEND START
143743:T510836_52:SENT START, WAITING FOR FINISH 
143753:T510836_52:MACHINE DONE
143753:T510836_52:Error Code 0
143858:T510836_53:Machine Process.. START
143858:T510836_53:GOING TO SEND START
143859:T510836_53:SENT START, WAITING FOR FINISH 
143908:T510836_53:MACHINE DONE
143908:T510836_53:Error Code 0
144008:T510836_54:Machine Process.. START
144008:T510836_54:GOING TO SEND START
144008:T510836_54:SENT START, WAITING FOR FINISH 
144015:T510836_54:MACHINE DONE
144015:T510836_54:Error Code 0
144128:T510836_55:Machine Process.. START
144128:T510836_55:GOING TO SEND START
144128:T510836_55:SENT START, WAITING FOR FINISH 
144141:T510836_55:MACHINE DONE
144141:T510836_55:Error Code 0
144224:T510836_56:Machine Process.. START
144225:T510836_56:GOING TO SEND START
144225:T510836_56:SENT START, WAITING FOR FINISH 
144233:T510836_56:MACHINE DONE
144233:T510836_56:Error Code 0
144339:T510836_57:Machine Process.. START
144339:T510836_57:GOING TO SEND START
144340:T510836_57:SENT START, WAITING FOR FINISH 
144346:T510836_57:MACHINE DONE
144346:T510836_57:Error Code 0
144519:T510836_58:Machine Process.. START
144519:T510836_58:GOING TO SEND START
144519:T510836_58:SENT START, WAITING FOR FINISH 
144527:T510836_58:MACHINE DONE
144527:T510836_58:Error Code 0
144702:T510836_59:Machine Process.. START
144702:T510836_59:GOING TO SEND START
144702:T510836_59:SENT START, WAITING FOR FINISH 
144818:T510836_59:MACHINE DONE
144818:T510836_59:Error Code 0
154323:T510837_1:Machine Process.. START
154323:T510837_1:GOING TO SEND START
154323:T510837_1:SENT START, WAITING FOR FINISH 
154608:T510837_1:MACHINE DONE
154608:T510837_1:Error Code 0
154713:T510837_2:Machine Process.. START
154713:T510837_2:GOING TO SEND START
154713:T510837_2:SENT START, WAITING FOR FINISH 
155014:T510837_2:MACHINE DONE
155014:T510837_2:Error Code 0
155050:T510837_3:Machine Process.. START
155050:T510837_3:GOING TO SEND START
155050:T510837_3:SENT START, WAITING FOR FINISH 
155550:T510837_3:MACHINE DONE
155550:T510837_3:Error Code 0
155626:T510837_4:Machine Process.. START
155626:T510837_4:GOING TO SEND START
155627:T510837_4:SENT START, WAITING FOR FINISH 
155947:T510837_4:MACHINE DONE
155947:T510837_4:Error Code 0
160013:T510837_5:Machine Process.. START
160013:T510837_5:GOING TO SEND START
160014:T510837_5:SENT START, WAITING FOR FINISH 
160453:T510837_5:MACHINE DONE
160453:T510837_5:Error Code 0
160522:T510837_6:Machine Process.. START
160523:T510837_6:GOING TO SEND START
160523:T510837_6:SENT START, WAITING FOR FINISH 
160947:T510837_6:MACHINE DONE
160947:T510837_6:Error Code 0
161025:T510837_7:Machine Process.. START
161025:T510837_7:GOING TO SEND START
161026:T510837_7:SENT START, WAITING FOR FINISH 
161514:T510837_7:MACHINE DONE
161514:T510837_7:Error Code 0
161545:T510837_8:Machine Process.. START
161545:T510837_8:GOING TO SEND START
161545:T510837_8:SENT START, WAITING FOR FINISH 
161914:T510837_8:MACHINE DONE
161914:T510837_8:Error Code 0
161941:T589126_1:Machine Process.. START
161941:T589126_1:GOING TO SEND START
161942:T589126_1:SENT START, WAITING FOR FINISH 
162244:T589126_1:MACHINE DONE
162244:T589126_1:Error Code 0
162325:T589126_2:Machine Process.. START
162325:T589126_2:GOING TO SEND START
162326:T589126_2:SENT START, WAITING FOR FINISH 
162738:T589126_2:MACHINE DONE
162738:T589126_2:Error Code 0
164930:T589126_3:Machine Process.. START
164930:T589126_3:GOING TO SEND START
164930:T589126_3:SENT START, WAITING FOR FINISH 
165557:T589126_3:MACHINE DONE
165557:T589126_3:Error Code 0
165642:T589126_4:Machine Process.. START
165642:T589126_4:GOING TO SEND START
165643:T589126_4:SENT START, WAITING FOR FINISH 
170123:T589126_4:MACHINE DONE
170123:T589126_4:Error Code 0
171825:T589126_5:Machine Process.. START
171825:T589126_5:GOING TO SEND START
171825:T589126_5:SENT START, WAITING FOR FINISH 
172137:T589126_5:MACHINE DONE
172137:T589126_5:Error Code 0
172215:T510837_9:Machine Process.. START
172216:T510837_9:GOING TO SEND START
172216:T510837_9:SENT START, WAITING FOR FINISH 
172819:T510837_9:MACHINE DONE
172819:T510837_9:Error Code 0
173159:T510837_10:Machine Process.. START
173159:T510837_10:GOING TO SEND START
173200:T510837_10:SENT START, WAITING FOR FINISH 
