083454:T589126_1:Machine Process.. START
083454:T589126_1:GOING TO SEND START
083454:T589126_1:SENT START, WAITING FOR FINISH 
083632:T589126_1:MACHINE DONE
083632:T589126_1:Error Code 0
083641:T589126_2:Machine Process.. START
083642:T589126_2:GOING TO SEND START
083642:T589126_2:SENT START, WAITING FOR FINISH 
084556:T589126_2:MACHINE DONE
084556:T589126_2:Error Code 0
084559:T589126_3:Machine Process.. START
084559:T589126_3:GOING TO SEND START
084600:T589126_3:SENT START, WAITING FOR FINISH 
084939:T589126_3:MACHINE DONE
084939:T589126_3:Error Code 0
084941:T589126_4:Machine Process.. START
084942:T589126_4:GOING TO SEND START
084942:T589126_4:SENT START, WAITING FOR FINISH 
085148:T589126_4:MACHINE DONE
085148:T589126_4:Error Code 0
085151:T589126_5:Machine Process.. START
085151:T589126_5:GOING TO SEND START
085152:T589126_5:SENT START, WAITING FOR FINISH 
085327:T589126_5:MACHINE DONE
085327:T589126_5:Error Code 0
085330:T589126_6:Machine Process.. START
085330:T589126_6:GOING TO SEND START
085330:T589126_6:SENT START, WAITING FOR FINISH 
085515:T589126_6:MACHINE DONE
085515:T589126_6:Error Code 0
085518:T589126_7:Machine Process.. START
085518:T589126_7:GOING TO SEND START
085519:T589126_7:SENT START, WAITING FOR FINISH 
085731:T589126_7:MACHINE DONE
085731:T589126_7:Error Code 0
085733:T589126_8:Machine Process.. START
085734:T589126_8:GOING TO SEND START
085734:T589126_8:SENT START, WAITING FOR FINISH 
090218:T589126_8:MACHINE DONE
090218:T589126_8:Error Code 0
090715:T589126_9:Machine Process.. START
090715:T589126_9:GOING TO SEND START
090715:T589126_9:SENT START, WAITING FOR FINISH 
090851:T589126_9:MACHINE DONE
090851:T589126_9:Error Code 0
090939:T589126_10:Machine Process.. START
090939:T589126_10:GOING TO SEND START
090940:T589126_10:SENT START, WAITING FOR FINISH 
091213:T589126_10:MACHINE DONE
091213:T589126_10:Error Code 0
091215:T589126_11:Machine Process.. START
091216:T589126_11:GOING TO SEND START
091216:T589126_11:SENT START, WAITING FOR FINISH 
091340:T589126_11:MACHINE DONE
091340:T589126_11:Error Code 0
091342:T589126_12:Machine Process.. START
091343:T589126_12:GOING TO SEND START
091343:T589126_12:SENT START, WAITING FOR FINISH 
091615:T589126_12:MACHINE DONE
091615:T589126_12:Error Code 0
091618:T589126_13:Machine Process.. START
091618:T589126_13:GOING TO SEND START
091618:T589126_13:SENT START, WAITING FOR FINISH 
091740:T589126_13:MACHINE DONE
091740:T589126_13:Error Code 0
091743:T589126_14:Machine Process.. START
091743:T589126_14:GOING TO SEND START
091743:T589126_14:SENT START, WAITING FOR FINISH 
091937:T589126_14:MACHINE DONE
091937:T589126_14:Error Code 0
091939:T589126_15:Machine Process.. START
091939:T589126_15:GOING TO SEND START
091940:T589126_15:SENT START, WAITING FOR FINISH 
095204:T589126_15:MACHINE DONE
095204:T589126_15:Error Code 0
095206:T589126_16:Machine Process.. START
095207:T589126_16:GOING TO SEND START
095207:T589126_16:SENT START, WAITING FOR FINISH 
095518:T589126_16:MACHINE DONE
095518:T589126_16:Error Code 0
095521:T589126_17:Machine Process.. START
095521:T589126_17:GOING TO SEND START
095522:T589126_17:SENT START, WAITING FOR FINISH 
095701:T589126_17:MACHINE DONE
095701:T589126_17:Error Code 0
095733:T589126_18:Machine Process.. START
095733:T589126_18:GOING TO SEND START
095734:T589126_18:SENT START, WAITING FOR FINISH 
101410:T589126_18:MACHINE DONE
101411:T589126_18:Error Code 0
101413:T589126_19:Machine Process.. START
101414:T589126_19:GOING TO SEND START
101414:T589126_19:SENT START, WAITING FOR FINISH 
101606:T589126_19:MACHINE DONE
101606:T589126_19:Error Code 0
101609:T589126_20:Machine Process.. START
101610:T589126_20:GOING TO SEND START
101610:T589126_20:SENT START, WAITING FOR FINISH 
101802:T589126_20:MACHINE DONE
101803:T589126_20:Error Code 0
101819:T589126_21:Machine Process.. START
101819:T589126_21:GOING TO SEND START
101819:T589126_21:SENT START, WAITING FOR FINISH 
102003:T589126_21:MACHINE DONE
102003:T589126_21:Error Code 0
102101:T589126_22:Machine Process.. START
102102:T589126_22:GOING TO SEND START
102102:T589126_22:SENT START, WAITING FOR FINISH 
102445:T589126_22:MACHINE DONE
102445:T589126_22:Error Code 0
102448:T589126_23:Machine Process.. START
102448:T589126_23:GOING TO SEND START
102449:T589126_23:SENT START, WAITING FOR FINISH 
102613:T589126_23:MACHINE DONE
102614:T589126_23:Error Code 0
102631:T589126_24:Machine Process.. START
102631:T589126_24:GOING TO SEND START
102632:T589126_24:SENT START, WAITING FOR FINISH 
102640:T589126_24:MACHINE DONE
102640:T589126_24:Error Code 0
102811:T589126_25:Machine Process.. START
102812:T589126_25:GOING TO SEND START
102812:T589126_25:SENT START, WAITING FOR FINISH 
103140:T589126_25:MACHINE DONE
103140:T589126_25:Error Code 0
103358:T589126_26:Machine Process.. START
103358:T589126_26:GOING TO SEND START
103358:T589126_26:SENT START, WAITING FOR FINISH 
104919:T589126_26:MACHINE DONE
104919:T589126_26:Error Code 0
105104:T589126_27:Machine Process.. START
105105:T589126_27:GOING TO SEND START
105105:T589126_27:SENT START, WAITING FOR FINISH 
105238:T589126_27:MACHINE DONE
105239:T589126_27:Error Code 0
105243:T589126_28:Machine Process.. START
105243:T589126_28:GOING TO SEND START
105243:T589126_28:SENT START, WAITING FOR FINISH 
105443:T589126_28:MACHINE DONE
105443:T589126_28:Error Code 0
105446:T589126_29:Machine Process.. START
105447:T589126_29:GOING TO SEND START
105447:T589126_29:SENT START, WAITING FOR FINISH 
105634:T589126_29:MACHINE DONE
105634:T589126_29:Error Code 0
105636:T589126_30:Machine Process.. START
105637:T589126_30:GOING TO SEND START
105637:T589126_30:SENT START, WAITING FOR FINISH 
105820:T589126_30:MACHINE DONE
105820:T589126_30:Error Code 0
105823:T589126_31:Machine Process.. START
105823:T589126_31:GOING TO SEND START
105824:T589126_31:SENT START, WAITING FOR FINISH 
110019:T589126_31:MACHINE DONE
110019:T589126_31:Error Code 0
110021:T589126_32:Machine Process.. START
110021:T589126_32:GOING TO SEND START
110022:T589126_32:SENT START, WAITING FOR FINISH 
110243:T589126_32:MACHINE DONE
110243:T589126_32:Error Code 0
110246:T589126_33:Machine Process.. START
110247:T589126_33:GOING TO SEND START
110247:T589126_33:SENT START, WAITING FOR FINISH 
110443:T589126_33:MACHINE DONE
110443:T589126_33:Error Code 0
110446:T589126_34:Machine Process.. START
110446:T589126_34:GOING TO SEND START
110446:T589126_34:SENT START, WAITING FOR FINISH 
110637:T589126_34:MACHINE DONE
110637:T589126_34:Error Code 0
110640:T589126_35:Machine Process.. START
110641:T589126_35:GOING TO SEND START
110641:T589126_35:SENT START, WAITING FOR FINISH 
110819:T589126_35:MACHINE DONE
110819:T589126_35:Error Code 0
110822:T589126_36:Machine Process.. START
110823:T589126_36:GOING TO SEND START
110823:T589126_36:SENT START, WAITING FOR FINISH 
111006:T589126_36:MACHINE DONE
111006:T589126_36:Error Code 0
111009:T589126_37:Machine Process.. START
111010:T589126_37:GOING TO SEND START
111010:T589126_37:SENT START, WAITING FOR FINISH 
111221:T589126_37:MACHINE DONE
111221:T589126_37:Error Code 0
111224:T589126_38:Machine Process.. START
111224:T589126_38:GOING TO SEND START
111225:T589126_38:SENT START, WAITING FOR FINISH 
111417:T589126_38:MACHINE DONE
111417:T589126_38:Error Code 0
111419:T589126_39:Machine Process.. START
111419:T589126_39:GOING TO SEND START
111420:T589126_39:SENT START, WAITING FOR FINISH 
111614:T589126_39:MACHINE DONE
111614:T589126_39:Error Code 0
111617:T589126_40:Machine Process.. START
111618:T589126_40:GOING TO SEND START
111618:T589126_40:SENT START, WAITING FOR FINISH 
111801:T589126_40:MACHINE DONE
111801:T589126_40:Error Code 0
111804:T510837_1:Machine Process.. START
111804:T510837_1:GOING TO SEND START
111805:T510837_1:SENT START, WAITING FOR FINISH 
112040:T510837_1:MACHINE DONE
112040:T510837_1:Error Code 0
112043:T510837_2:Machine Process.. START
112043:T510837_2:GOING TO SEND START
112044:T510837_2:SENT START, WAITING FOR FINISH 
112232:T510837_2:MACHINE DONE
112232:T510837_2:Error Code 0
112234:T510837_3:Machine Process.. START
112235:T510837_3:GOING TO SEND START
112235:T510837_3:SENT START, WAITING FOR FINISH 
112419:T510837_3:MACHINE DONE
112419:T510837_3:Error Code 0
112422:T510837_4:Machine Process.. START
112423:T510837_4:GOING TO SEND START
112423:T510837_4:SENT START, WAITING FOR FINISH 
112602:T510837_4:MACHINE DONE
112602:T510837_4:Error Code 0
112605:T510837_5:Machine Process.. START
112605:T510837_5:GOING TO SEND START
112606:T510837_5:SENT START, WAITING FOR FINISH 
112759:T510837_5:MACHINE DONE
112759:T510837_5:Error Code 0
112802:T510837_6:Machine Process.. START
112802:T510837_6:GOING TO SEND START
112803:T510837_6:SENT START, WAITING FOR FINISH 
113117:T510837_6:MACHINE DONE
113117:T510837_6:Error Code 0
113120:T510837_7:Machine Process.. START
113120:T510837_7:GOING TO SEND START
113121:T510837_7:SENT START, WAITING FOR FINISH 
113258:T510837_7:MACHINE DONE
113258:T510837_7:Error Code 0
113301:T510837_8:Machine Process.. START
113301:T510837_8:GOING TO SEND START
113302:T510837_8:SENT START, WAITING FOR FINISH 
113437:T510837_8:MACHINE DONE
113437:T510837_8:Error Code 0
113439:T510837_9:Machine Process.. START
113440:T510837_9:GOING TO SEND START
113441:T510837_9:SENT START, WAITING FOR FINISH 
113630:T510837_9:MACHINE DONE
113630:T510837_9:Error Code 0
113633:T510837_10:Machine Process.. START
113634:T510837_10:GOING TO SEND START
113634:T510837_10:SENT START, WAITING FOR FINISH 
113823:T510837_10:MACHINE DONE
113823:T510837_10:Error Code 0
113826:T510837_11:Machine Process.. START
113826:T510837_11:GOING TO SEND START
113827:T510837_11:SENT START, WAITING FOR FINISH 
114023:T510837_11:MACHINE DONE
114023:T510837_11:Error Code 0
114026:T510837_12:Machine Process.. START
114027:T510837_12:GOING TO SEND START
114027:T510837_12:SENT START, WAITING FOR FINISH 
114205:T510837_12:MACHINE DONE
114205:T510837_12:Error Code 0
114208:T510837_13:Machine Process.. START
114208:T510837_13:GOING TO SEND START
114209:T510837_13:SENT START, WAITING FOR FINISH 
114343:T510837_13:MACHINE DONE
114343:T510837_13:Error Code 0
114346:T510837_14:Machine Process.. START
114347:T510837_14:GOING TO SEND START
114347:T510837_14:SENT START, WAITING FOR FINISH 
114455:T510837_14:MACHINE DONE
114455:T510837_14:Error Code 0
114457:T510837_15:Machine Process.. START
114458:T510837_15:GOING TO SEND START
114458:T510837_15:SENT START, WAITING FOR FINISH 
114709:T510837_15:MACHINE DONE
114709:T510837_15:Error Code 0
114711:T510837_16:Machine Process.. START
114712:T510837_16:GOING TO SEND START
114713:T510837_16:SENT START, WAITING FOR FINISH 
114825:T510837_16:MACHINE DONE
114826:T510837_16:Error Code 0
114828:T510837_17:Machine Process.. START
114828:T510837_17:GOING TO SEND START
114829:T510837_17:SENT START, WAITING FOR FINISH 
114850:T510837_17:MACHINE DONE
114850:T510837_17:Error Code 0
114946:T510837_18:Machine Process.. START
114946:T510837_18:GOING TO SEND START
114947:T510837_18:SENT START, WAITING FOR FINISH 
130612:T510837_18:MACHINE DONE
130612:T510837_18:Error Code 0
130615:T510837_19:Machine Process.. START
130615:T510837_19:GOING TO SEND START
130616:T510837_19:SENT START, WAITING FOR FINISH 
130853:T510837_19:MACHINE DONE
130853:T510837_19:Error Code 0
130856:T510837_20:Machine Process.. START
130856:T510837_20:GOING TO SEND START
130857:T510837_20:SENT START, WAITING FOR FINISH 
131015:T510837_20:MACHINE DONE
131015:T510837_20:Error Code 0
131018:T510837_21:Machine Process.. START
131018:T510837_21:GOING TO SEND START
131019:T510837_21:SENT START, WAITING FOR FINISH 
131042:T510837_21:MACHINE DONE
131042:T510837_21:Error Code 0
131541:T510837_22:Machine Process.. START
131541:T510837_22:GOING TO SEND START
131541:T510837_22:SENT START, WAITING FOR FINISH 
131927:T510837_22:MACHINE DONE
131928:T510837_22:Error Code 0
131930:T510837_23:Machine Process.. START
131931:T510837_23:GOING TO SEND START
131931:T510837_23:SENT START, WAITING FOR FINISH 
132116:T510837_23:MACHINE DONE
132116:T510837_23:Error Code 0
132118:T510837_24:Machine Process.. START
132119:T510837_24:GOING TO SEND START
132119:T510837_24:SENT START, WAITING FOR FINISH 
132234:T510837_24:MACHINE DONE
132234:T510837_24:Error Code 0
132237:T510837_25:Machine Process.. START
132237:T510837_25:GOING TO SEND START
132238:T510837_25:SENT START, WAITING FOR FINISH 
132452:T510837_25:MACHINE DONE
132452:T510837_25:Error Code 0
132455:T510837_26:Machine Process.. START
132455:T510837_26:GOING TO SEND START
132456:T510837_26:SENT START, WAITING FOR FINISH 
132720:T510837_26:MACHINE DONE
132720:T510837_26:Error Code 0
132723:T510837_27:Machine Process.. START
132723:T510837_27:GOING TO SEND START
132724:T510837_27:SENT START, WAITING FOR FINISH 
132912:T510837_27:MACHINE DONE
132913:T510837_27:Error Code 0
132943:T510837_28:Machine Process.. START
132943:T510837_28:GOING TO SEND START
132943:T510837_28:SENT START, WAITING FOR FINISH 
133246:T510837_28:MACHINE DONE
133246:T510837_28:Error Code 0
133249:T510837_29:Machine Process.. START
133250:T510837_29:GOING TO SEND START
133250:T510837_29:SENT START, WAITING FOR FINISH 
133500:T510837_29:MACHINE DONE
133500:T510837_29:Error Code 0
133502:T510837_30:Machine Process.. START
133503:T510837_30:GOING TO SEND START
133503:T510837_30:SENT START, WAITING FOR FINISH 
133653:T510837_30:MACHINE DONE
133653:T510837_30:Error Code 0
133656:T510837_31:Machine Process.. START
133657:T510837_31:GOING TO SEND START
133657:T510837_31:SENT START, WAITING FOR FINISH 
134110:T510837_31:MACHINE DONE
134110:T510837_31:Error Code 0
134112:T510837_32:Machine Process.. START
134113:T510837_32:GOING TO SEND START
134113:T510837_32:SENT START, WAITING FOR FINISH 
134226:T510837_32:MACHINE DONE
134226:T510837_32:Error Code 0
134229:T510837_33:Machine Process.. START
134229:T510837_33:GOING TO SEND START
134230:T510837_33:SENT START, WAITING FOR FINISH 
134251:T510837_33:MACHINE DONE
134251:T510837_33:Error Code 0
134347:T510837_34:Machine Process.. START
134347:T510837_34:GOING TO SEND START
134348:T510837_34:SENT START, WAITING FOR FINISH 
134715:T510837_34:MACHINE DONE
134715:T510837_34:Error Code 0
134718:T510837_35:Machine Process.. START
134718:T510837_35:GOING TO SEND START
134719:T510837_35:SENT START, WAITING FOR FINISH 
134859:T510837_35:MACHINE DONE
134859:T510837_35:Error Code 0
134901:T510837_36:Machine Process.. START
134901:T510837_36:GOING TO SEND START
134902:T510837_36:SENT START, WAITING FOR FINISH 
135120:T510837_36:MACHINE DONE
135120:T510837_36:Error Code 0
135122:T510837_37:Machine Process.. START
135123:T510837_37:GOING TO SEND START
135123:T510837_37:SENT START, WAITING FOR FINISH 
135303:T510837_37:MACHINE DONE
135303:T510837_37:Error Code 0
135306:T510837_38:Machine Process.. START
135306:T510837_38:GOING TO SEND START
135307:T510837_38:SENT START, WAITING FOR FINISH 
135443:T510837_38:MACHINE DONE
135443:T510837_38:Error Code 0
135446:T510837_39:Machine Process.. START
135446:T510837_39:GOING TO SEND START
135447:T510837_39:SENT START, WAITING FOR FINISH 
135622:T510837_39:MACHINE DONE
135622:T510837_39:Error Code 0
135625:T510837_40:Machine Process.. START
135625:T510837_40:GOING TO SEND START
135625:T510837_40:SENT START, WAITING FOR FINISH 
135821:T510837_40:MACHINE DONE
135821:T510837_40:Error Code 0
135823:T510837_41:Machine Process.. START
135824:T510837_41:GOING TO SEND START
135824:T510837_41:SENT START, WAITING FOR FINISH 
140021:T510837_41:MACHINE DONE
140021:T510837_41:Error Code 0
140024:T510837_42:Machine Process.. START
140024:T510837_42:GOING TO SEND START
140025:T510837_42:SENT START, WAITING FOR FINISH 
140139:T510837_42:MACHINE DONE
140139:T510837_42:Error Code 0
140142:T510837_43:Machine Process.. START
140142:T510837_43:GOING TO SEND START
140143:T510837_43:SENT START, WAITING FOR FINISH 
140342:T510837_43:MACHINE DONE
140343:T510837_43:Error Code 0
140345:T510837_44:Machine Process.. START
140345:T510837_44:GOING TO SEND START
140346:T510837_44:SENT START, WAITING FOR FINISH 
140541:T510837_44:MACHINE DONE
140541:T510837_44:Error Code 0
140544:T510837_45:Machine Process.. START
140544:T510837_45:GOING TO SEND START
140545:T510837_45:SENT START, WAITING FOR FINISH 
140700:T510837_45:MACHINE DONE
140700:T510837_45:Error Code 0
140703:T510837_46:Machine Process.. START
140704:T510837_46:GOING TO SEND START
140704:T510837_46:SENT START, WAITING FOR FINISH 
140848:T510837_46:MACHINE DONE
140849:T510837_46:Error Code 0
140920:T510837_47:Machine Process.. START
140920:T510837_47:GOING TO SEND START
140921:T510837_47:SENT START, WAITING FOR FINISH 
141110:T510837_47:MACHINE DONE
141110:T510837_47:Error Code 0
141112:T510837_48:Machine Process.. START
141113:T510837_48:GOING TO SEND START
141113:T510837_48:SENT START, WAITING FOR FINISH 
141300:T510837_48:MACHINE DONE
141300:T510837_48:Error Code 0
141303:T510837_49:Machine Process.. START
141303:T510837_49:GOING TO SEND START
141304:T510837_49:SENT START, WAITING FOR FINISH 
141450:T510837_49:MACHINE DONE
141450:T510837_49:Error Code 0
141453:T510837_50:Machine Process.. START
141453:T510837_50:GOING TO SEND START
141453:T510837_50:SENT START, WAITING FOR FINISH 
141640:T510837_50:MACHINE DONE
141640:T510837_50:Error Code 0
141643:T510837_51:Machine Process.. START
141643:T510837_51:GOING TO SEND START
141644:T510837_51:SENT START, WAITING FOR FINISH 
141910:T510837_51:MACHINE DONE
141910:T510837_51:Error Code 0
141912:T510837_52:Machine Process.. START
141913:T510837_52:GOING TO SEND START
141913:T510837_52:SENT START, WAITING FOR FINISH 
142101:T510837_52:MACHINE DONE
142101:T510837_52:Error Code 0
142103:T510837_53:Machine Process.. START
142104:T510837_53:GOING TO SEND START
142104:T510837_53:SENT START, WAITING FOR FINISH 
142228:T510837_53:MACHINE DONE
142228:T510837_53:Error Code 0
142231:T510837_54:Machine Process.. START
142232:T510837_54:GOING TO SEND START
142232:T510837_54:SENT START, WAITING FOR FINISH 
142359:T510837_54:MACHINE DONE
142359:T510837_54:Error Code 0
142402:T510837_55:Machine Process.. START
142402:T510837_55:GOING TO SEND START
142403:T510837_55:SENT START, WAITING FOR FINISH 
142520:T510837_55:MACHINE DONE
142520:T510837_55:Error Code 0
142547:T510837_56:Machine Process.. START
142548:T510837_56:GOING TO SEND START
142548:T510837_56:SENT START, WAITING FOR FINISH 
142726:T510837_56:MACHINE DONE
142726:T510837_56:Error Code 0
142729:T510837_57:Machine Process.. START
142729:T510837_57:GOING TO SEND START
142730:T510837_57:SENT START, WAITING FOR FINISH 
142853:T510837_57:MACHINE DONE
142853:T510837_57:Error Code 0
142903:T510837_58:Machine Process.. START
142903:T510837_58:GOING TO SEND START
142903:T510837_58:SENT START, WAITING FOR FINISH 
143028:T510837_58:MACHINE DONE
143028:T510837_58:Error Code 0
143048:T510837_59:Machine Process.. START
143048:T510837_59:GOING TO SEND START
143049:T510837_59:SENT START, WAITING FOR FINISH 
143217:T510837_59:MACHINE DONE
143217:T510837_59:Error Code 0
143302:T510837_60:Machine Process.. START
143302:T510837_60:GOING TO SEND START
143302:T510837_60:SENT START, WAITING FOR FINISH 
143507:T510837_60:MACHINE DONE
143507:T510837_60:Error Code 0
143510:T510837_61:Machine Process.. START
143510:T510837_61:GOING TO SEND START
143510:T510837_61:SENT START, WAITING FOR FINISH 
143704:T510837_61:MACHINE DONE
143704:T510837_61:Error Code 0
143822:T510837_62:Machine Process.. START
143823:T510837_62:GOING TO SEND START
143823:T510837_62:SENT START, WAITING FOR FINISH 
144141:T510837_62:MACHINE DONE
144141:T510837_62:Error Code 0
144144:T510837_63:Machine Process.. START
144144:T510837_63:GOING TO SEND START
144145:T510837_63:SENT START, WAITING FOR FINISH 
144312:T510837_63:MACHINE DONE
144312:T510837_63:Error Code 0
144315:T510837_64:Machine Process.. START
144315:T510837_64:GOING TO SEND START
144316:T510837_64:SENT START, WAITING FOR FINISH 
144518:T510837_64:MACHINE DONE
144518:T510837_64:Error Code 0
144521:T510837_65:Machine Process.. START
144521:T510837_65:GOING TO SEND START
144521:T510837_65:SENT START, WAITING FOR FINISH 
144711:T510837_65:MACHINE DONE
144711:T510837_65:Error Code 0
144714:T510837_66:Machine Process.. START
144714:T510837_66:GOING TO SEND START
144715:T510837_66:SENT START, WAITING FOR FINISH 
144933:T510837_66:MACHINE DONE
144933:T510837_66:Error Code 0
144935:T510837_67:Machine Process.. START
144936:T510837_67:GOING TO SEND START
144936:T510837_67:SENT START, WAITING FOR FINISH 
145106:T510837_67:MACHINE DONE
145106:T510837_67:Error Code 0
145109:T510837_68:Machine Process.. START
145109:T510837_68:GOING TO SEND START
145109:T510837_68:SENT START, WAITING FOR FINISH 
145259:T510837_68:MACHINE DONE
145259:T510837_68:Error Code 0
145302:T510837_69:Machine Process.. START
145303:T510837_69:GOING TO SEND START
145303:T510837_69:SENT START, WAITING FOR FINISH 
145431:T510837_69:MACHINE DONE
145431:T510837_69:Error Code 0
145434:T510837_70:Machine Process.. START
145434:T510837_70:GOING TO SEND START
145434:T510837_70:SENT START, WAITING FOR FINISH 
145609:T510837_70:MACHINE DONE
145609:T510837_70:Error Code 0
145611:T510837_71:Machine Process.. START
145612:T510837_71:GOING TO SEND START
145612:T510837_71:SENT START, WAITING FOR FINISH 
151344:T510837_71:MACHINE DONE
151344:T510837_71:Error Code 0
151418:T510837_72:Machine Process.. START
151419:T510837_72:GOING TO SEND START
151419:T510837_72:SENT START, WAITING FOR FINISH 
151641:T510837_72:MACHINE DONE
151641:T510837_72:Error Code 0
151644:T510837_73:Machine Process.. START
151644:T510837_73:GOING TO SEND START
151645:T510837_73:SENT START, WAITING FOR FINISH 
151806:T510837_73:MACHINE DONE
151806:T510837_73:Error Code 0
151809:T510837_74:Machine Process.. START
151810:T510837_74:GOING TO SEND START
151810:T510837_74:SENT START, WAITING FOR FINISH 
151937:T510837_74:MACHINE DONE
151937:T510837_74:Error Code 0
151955:T510837_75:Machine Process.. START
151955:T510837_75:GOING TO SEND START
151955:T510837_75:SENT START, WAITING FOR FINISH 
152132:T510837_75:MACHINE DONE
152132:T510837_75:Error Code 0
152200:T510837_76:Machine Process.. START
152201:T510837_76:GOING TO SEND START
152201:T510837_76:SENT START, WAITING FOR FINISH 
152344:T510837_76:MACHINE DONE
152344:T510837_76:Error Code 0
152347:T510837_77:Machine Process.. START
152347:T510837_77:GOING TO SEND START
152347:T510837_77:SENT START, WAITING FOR FINISH 
152526:T510837_77:MACHINE DONE
152526:T510837_77:Error Code 0
152529:T510837_78:Machine Process.. START
152529:T510837_78:GOING TO SEND START
152530:T510837_78:SENT START, WAITING FOR FINISH 
152657:T510837_78:MACHINE DONE
152657:T510837_78:Error Code 0
152718:T510837_79:Machine Process.. START
152718:T510837_79:GOING TO SEND START
152719:T510837_79:SENT START, WAITING FOR FINISH 
152851:T510837_79:MACHINE DONE
152851:T510837_79:Error Code 0
152908:T510837_80:Machine Process.. START
152908:T510837_80:GOING TO SEND START
152908:T510837_80:SENT START, WAITING FOR FINISH 
153025:T510837_80:MACHINE DONE
153025:T510837_80:Error Code 0
153057:T510837_81:Machine Process.. START
153058:T510837_81:GOING TO SEND START
153058:T510837_81:SENT START, WAITING FOR FINISH 
153216:T510837_81:MACHINE DONE
153216:T510837_81:Error Code 0
153318:T510837_82:Machine Process.. START
153318:T510837_82:GOING TO SEND START
153319:T510837_82:SENT START, WAITING FOR FINISH 
153444:T510837_82:MACHINE DONE
153444:T510837_82:Error Code 0
153459:T510837_83:Machine Process.. START
153459:T510837_83:GOING TO SEND START
153500:T510837_83:SENT START, WAITING FOR FINISH 
153629:T510837_83:MACHINE DONE
153629:T510837_83:Error Code 0
153644:T510837_84:Machine Process.. START
153644:T510837_84:GOING TO SEND START
153644:T510837_84:SENT START, WAITING FOR FINISH 
153756:T510837_84:MACHINE DONE
153756:T510837_84:Error Code 0
153829:T510837_85:Machine Process.. START
153830:T510837_85:GOING TO SEND START
153830:T510837_85:SENT START, WAITING FOR FINISH 
153954:T510837_85:MACHINE DONE
153954:T510837_85:Error Code 0
154006:T510837_86:Machine Process.. START
154007:T510837_86:GOING TO SEND START
154007:T510837_86:SENT START, WAITING FOR FINISH 
154135:T510837_86:MACHINE DONE
154135:T510837_86:Error Code 0
154152:T510837_87:Machine Process.. START
154152:T510837_87:GOING TO SEND START
154152:T510837_87:SENT START, WAITING FOR FINISH 
154330:T510837_87:MACHINE DONE
154330:T510837_87:Error Code 0
154333:T510837_88:Machine Process.. START
154334:T510837_88:GOING TO SEND START
154334:T510837_88:SENT START, WAITING FOR FINISH 
154450:T510837_88:MACHINE DONE
154450:T510837_88:Error Code 0
154504:T510837_89:Machine Process.. START
154504:T510837_89:GOING TO SEND START
154504:T510837_89:SENT START, WAITING FOR FINISH 
154636:T510837_89:MACHINE DONE
154637:T510837_89:Error Code 0
154654:T510837_90:Machine Process.. START
154654:T510837_90:GOING TO SEND START
154654:T510837_90:SENT START, WAITING FOR FINISH 
154803:T510837_90:MACHINE DONE
154803:T510837_90:Error Code 0
154835:T510837_91:Machine Process.. START
154836:T510837_91:GOING TO SEND START
154836:T510837_91:SENT START, WAITING FOR FINISH 
154944:T510837_91:MACHINE DONE
154944:T510837_91:Error Code 0
155009:T510837_92:Machine Process.. START
155010:T510837_92:GOING TO SEND START
155010:T510837_92:SENT START, WAITING FOR FINISH 
155239:T510837_92:MACHINE DONE
155239:T510837_92:Error Code 0
155242:T510837_93:Machine Process.. START
155242:T510837_93:GOING TO SEND START
155243:T510837_93:SENT START, WAITING FOR FINISH 
155410:T510837_93:MACHINE DONE
155410:T510837_93:Error Code 0
155413:T510837_94:Machine Process.. START
155414:T510837_94:GOING TO SEND START
155414:T510837_94:SENT START, WAITING FOR FINISH 
155714:T510837_94:MACHINE DONE
155715:T510837_94:Error Code 0
155717:T510837_95:Machine Process.. START
155717:T510837_95:GOING TO SEND START
155718:T510837_95:SENT START, WAITING FOR FINISH 
165458:T510837_95:MACHINE DONE
165458:T510837_95:Error Code 0
165501:T510837_96:Machine Process.. START
165501:T510837_96:GOING TO SEND START
165501:T510837_96:SENT START, WAITING FOR FINISH 
