083234:T589126_1:Machine Process.. START
083234:T589126_1:GOING TO SEND START
083235:T589126_1:SENT START, WAITING FOR FINISH 
083244:T589126_1:MACHINE DONE
083244:T589126_1:Error Code 0
083442:T589126_2:Machine Process.. START
083442:T589126_2:GOING TO SEND START
083442:T589126_2:SENT START, WAITING FOR FINISH 
083449:T589126_2:MACHINE DONE
083449:T589126_2:Error Code 0
083816:T589126_3:Machine Process.. START
083816:T589126_3:GOING TO SEND START
083817:T589126_3:SENT START, WAITING FOR FINISH 
084427:T589126_3:MACHINE DONE
084427:T589126_3:Error Code 0
084531:T589126_4:Machine Process.. START
084531:T589126_4:GOING TO SEND START
084531:T589126_4:SENT START, WAITING FOR FINISH 
084538:T589126_4:MACHINE DONE
084538:T589126_4:Error Code 0
084926:T589126_5:Machine Process.. START
084927:T589126_5:GOING TO SEND START
084927:T589126_5:SENT START, WAITING FOR FINISH 
084937:T589126_5:MACHINE DONE
084937:T589126_5:Error Code 0
085101:T589126_6:Machine Process.. START
085102:T589126_6:GOING TO SEND START
085102:T589126_6:SENT START, WAITING FOR FINISH 
085107:T589126_6:MACHINE DONE
085107:T589126_6:Error Code 0
085235:T589126_7:Machine Process.. START
085235:T589126_7:GOING TO SEND START
085235:T589126_7:SENT START, WAITING FOR FINISH 
085242:T589126_7:MACHINE DONE
085242:T589126_7:Error Code 0
085415:T589126_8:Machine Process.. START
085415:T589126_8:GOING TO SEND START
085416:T589126_8:SENT START, WAITING FOR FINISH 
085416:T589126_8:MACHINE DONE
085416:T589126_8:Error Code 0
085533:T589126_9:Machine Process.. START
085533:T589126_9:GOING TO SEND START
085533:T589126_9:SENT START, WAITING FOR FINISH 
085551:T589126_9:MACHINE DONE
085551:T589126_9:Error Code 0
090239:T589126_10:Machine Process.. START
090239:T589126_10:GOING TO SEND START
090240:T589126_10:SENT START, WAITING FOR FINISH 
090258:T589126_10:MACHINE DONE
090258:T589126_10:Error Code 0
090930:T589126_11:Machine Process.. START
090930:T589126_11:GOING TO SEND START
090931:T589126_11:SENT START, WAITING FOR FINISH 
090937:T589126_11:MACHINE DONE
090937:T589126_11:Error Code 0
091056:T589126_12:Machine Process.. START
091057:T589126_12:GOING TO SEND START
091057:T589126_12:SENT START, WAITING FOR FINISH 
091058:T589126_12:MACHINE DONE
091058:T589126_12:Error Code 0
091233:T589126_13:Machine Process.. START
091234:T589126_13:GOING TO SEND START
091234:T589126_13:SENT START, WAITING FOR FINISH 
091240:T589126_13:MACHINE DONE
091240:T589126_13:Error Code 0
091403:T589126_14:Machine Process.. START
091404:T589126_14:GOING TO SEND START
091404:T589126_14:SENT START, WAITING FOR FINISH 
091405:T589126_14:MACHINE DONE
091405:T589126_14:Error Code 0
091627:T589126_15:Machine Process.. START
091627:T589126_15:GOING TO SEND START
091628:T589126_15:SENT START, WAITING FOR FINISH 
091639:T589126_15:MACHINE DONE
091639:T589126_15:Error Code 0
091814:T589126_16:Machine Process.. START
091815:T589126_16:GOING TO SEND START
091815:T589126_16:SENT START, WAITING FOR FINISH 
091820:T589126_16:MACHINE DONE
091820:T589126_16:Error Code 0
092008:T589126_17:Machine Process.. START
092008:T589126_17:GOING TO SEND START
092009:T589126_17:SENT START, WAITING FOR FINISH 
092027:T589126_17:MACHINE DONE
092027:T589126_17:Error Code 0
095453:T589126_18:Machine Process.. START
095454:T589126_18:GOING TO SEND START
095454:T589126_18:SENT START, WAITING FOR FINISH 
095538:T589126_18:MACHINE DONE
095538:T589126_18:Error Code 0
095711:T589126_19:Machine Process.. START
095711:T589126_19:GOING TO SEND START
095712:T589126_19:SENT START, WAITING FOR FINISH 
095732:T589126_19:MACHINE DONE
095733:T589126_19:Error Code 0
101410:T589126_20:Machine Process.. START
101410:T589126_20:GOING TO SEND START
101411:T589126_20:SENT START, WAITING FOR FINISH 
101419:T589126_20:MACHINE DONE
101419:T589126_20:Error Code 0
101649:T589126_21:Machine Process.. START
101649:T589126_21:GOING TO SEND START
101650:T589126_21:SENT START, WAITING FOR FINISH 
101651:T589126_21:MACHINE DONE
101651:T589126_21:Error Code 0
101837:T589126_22:Machine Process.. START
101837:T589126_22:GOING TO SEND START
101838:T589126_22:SENT START, WAITING FOR FINISH 
101840:T589126_22:MACHINE DONE
101840:T589126_22:Error Code 0
102024:T589126_23:Machine Process.. START
102024:T589126_23:GOING TO SEND START
102025:T589126_23:SENT START, WAITING FOR FINISH 
102119:T589126_23:MACHINE DONE
102119:T589126_23:Error Code 0
102256:T589126_24:Machine Process.. START
102256:T589126_24:GOING TO SEND START
102256:T589126_24:SENT START, WAITING FOR FINISH 
102459:T589126_24:MACHINE DONE
102459:T589126_24:Error Code 0
102612:T589126_25:Machine Process.. START
102612:T589126_25:GOING TO SEND START
102613:T589126_25:SENT START, WAITING FOR FINISH 
102640:T589126_25:MACHINE DONE
102640:T589126_25:Error Code 0
102752:T589126_26:Machine Process.. START
102752:T589126_26:GOING TO SEND START
102752:T589126_26:SENT START, WAITING FOR FINISH 
102834:T589126_26:MACHINE DONE
102834:T589126_26:Error Code 0
103303:T589126_27:Machine Process.. START
103303:T589126_27:GOING TO SEND START
103304:T589126_27:SENT START, WAITING FOR FINISH 
104930:T589126_27:MACHINE DONE
104930:T589126_27:Error Code 0
105040:T589126_28:Machine Process.. START
105040:T589126_28:GOING TO SEND START
105041:T589126_28:SENT START, WAITING FOR FINISH 
105113:T589126_28:MACHINE DONE
105113:T589126_28:Error Code 0
105228:T589126_29:Machine Process.. START
105229:T589126_29:GOING TO SEND START
105229:T589126_29:SENT START, WAITING FOR FINISH 
105252:T589126_29:MACHINE DONE
105252:T589126_29:Error Code 0
105428:T589126_30:Machine Process.. START
105428:T589126_30:GOING TO SEND START
105429:T589126_30:SENT START, WAITING FOR FINISH 
105429:T589126_30:MACHINE DONE
105429:T589126_30:Error Code 0
105547:T589126_31:Machine Process.. START
105547:T589126_31:GOING TO SEND START
105547:T589126_31:SENT START, WAITING FOR FINISH 
105552:T589126_31:MACHINE DONE
105552:T589126_31:Error Code 0
105732:T589126_32:Machine Process.. START
105732:T589126_32:GOING TO SEND START
105733:T589126_32:SENT START, WAITING FOR FINISH 
105741:T589126_32:MACHINE DONE
105741:T589126_32:Error Code 0
105928:T589126_33:Machine Process.. START
105929:T589126_33:GOING TO SEND START
105929:T589126_33:SENT START, WAITING FOR FINISH 
105936:T589126_33:MACHINE DONE
105936:T589126_33:Error Code 0
110212:T589126_34:Machine Process.. START
110212:T589126_34:GOING TO SEND START
110213:T589126_34:SENT START, WAITING FOR FINISH 
110214:T589126_34:MACHINE DONE
110214:T589126_34:Error Code 0
110353:T589126_35:Machine Process.. START
110353:T589126_35:GOING TO SEND START
110354:T589126_35:SENT START, WAITING FOR FINISH 
110401:T589126_35:MACHINE DONE
110401:T589126_35:Error Code 0
110531:T589126_36:Machine Process.. START
110531:T589126_36:GOING TO SEND START
110531:T589126_36:SENT START, WAITING FOR FINISH 
110545:T589126_36:MACHINE DONE
110545:T589126_36:Error Code 0
110728:T589126_37:Machine Process.. START
110728:T589126_37:GOING TO SEND START
110728:T589126_37:SENT START, WAITING FOR FINISH 
110734:T589126_37:MACHINE DONE
110734:T589126_37:Error Code 0
110922:T589126_38:Machine Process.. START
110922:T589126_38:GOING TO SEND START
110922:T589126_38:SENT START, WAITING FOR FINISH 
110924:T589126_38:MACHINE DONE
110924:T589126_38:Error Code 0
111108:T589126_39:Machine Process.. START
111108:T589126_39:GOING TO SEND START
111108:T589126_39:SENT START, WAITING FOR FINISH 
111113:T589126_39:MACHINE DONE
111113:T589126_39:Error Code 0
111308:T589126_40:Machine Process.. START
111308:T589126_40:GOING TO SEND START
111308:T589126_40:SENT START, WAITING FOR FINISH 
111315:T589126_40:MACHINE DONE
111315:T589126_40:Error Code 0
111503:T510837_1:Machine Process.. START
111503:T510837_1:GOING TO SEND START
111504:T510837_1:SENT START, WAITING FOR FINISH 
111518:T510837_1:MACHINE DONE
111519:T510837_1:Error Code 0
111644:T510837_2:Machine Process.. START
111644:T510837_2:GOING TO SEND START
111645:T510837_2:SENT START, WAITING FOR FINISH 
111709:T510837_2:MACHINE DONE
111709:T510837_2:Error Code 0
111827:T510837_3:Machine Process.. START
111828:T510837_3:GOING TO SEND START
111828:T510837_3:SENT START, WAITING FOR FINISH 
111906:T510837_3:MACHINE DONE
111906:T510837_3:Error Code 0
112102:T510837_4:Machine Process.. START
112102:T510837_4:GOING TO SEND START
112102:T510837_4:SENT START, WAITING FOR FINISH 
112140:T510837_4:MACHINE DONE
112140:T510837_4:Error Code 0
112252:T510837_5:Machine Process.. START
112252:T510837_5:GOING TO SEND START
112253:T510837_5:SENT START, WAITING FOR FINISH 
112325:T510837_5:MACHINE DONE
112325:T510837_5:Error Code 0
112448:T510837_6:Machine Process.. START
112449:T510837_6:GOING TO SEND START
112449:T510837_6:SENT START, WAITING FOR FINISH 
112512:T510837_6:MACHINE DONE
112512:T510837_6:Error Code 0
112629:T510837_7:Machine Process.. START
112629:T510837_7:GOING TO SEND START
112630:T510837_7:SENT START, WAITING FOR FINISH 
112651:T510837_7:MACHINE DONE
112651:T510837_7:Error Code 0
112955:T510837_8:Machine Process.. START
112955:T510837_8:GOING TO SEND START
112955:T510837_8:SENT START, WAITING FOR FINISH 
113028:T510837_8:MACHINE DONE
113028:T510837_8:Error Code 0
113144:T510837_9:Machine Process.. START
113144:T510837_9:GOING TO SEND START
113145:T510837_9:SENT START, WAITING FOR FINISH 
113214:T510837_9:MACHINE DONE
113214:T510837_9:Error Code 0
113346:T510837_10:Machine Process.. START
113347:T510837_10:GOING TO SEND START
113347:T510837_10:SENT START, WAITING FOR FINISH 
113409:T510837_10:MACHINE DONE
113409:T510837_10:Error Code 0
113553:T510837_11:Machine Process.. START
113553:T510837_11:GOING TO SEND START
113553:T510837_11:SENT START, WAITING FOR FINISH 
113555:T510837_11:MACHINE DONE
113555:T510837_11:Error Code 0
113727:T510837_12:Machine Process.. START
113727:T510837_12:GOING TO SEND START
113728:T510837_12:SENT START, WAITING FOR FINISH 
113732:T510837_12:MACHINE DONE
113732:T510837_12:Error Code 0
113921:T510837_13:Machine Process.. START
113922:T510837_13:GOING TO SEND START
113922:T510837_13:SENT START, WAITING FOR FINISH 
113924:T510837_13:MACHINE DONE
113924:T510837_13:Error Code 0
114054:T510837_14:Machine Process.. START
114054:T510837_14:GOING TO SEND START
114054:T510837_14:SENT START, WAITING FOR FINISH 
114117:T510837_14:MACHINE DONE
114117:T510837_14:Error Code 0
114232:T510837_15:Machine Process.. START
114232:T510837_15:GOING TO SEND START
114233:T510837_15:SENT START, WAITING FOR FINISH 
114259:T510837_15:MACHINE DONE
114300:T510837_15:Error Code 0
114415:T510837_16:Machine Process.. START
114416:T510837_16:GOING TO SEND START
114416:T510837_16:SENT START, WAITING FOR FINISH 
114437:T510837_16:MACHINE DONE
114437:T510837_16:Error Code 0
114603:T510837_17:Machine Process.. START
114603:T510837_17:GOING TO SEND START
114604:T510837_17:SENT START, WAITING FOR FINISH 
114614:T510837_17:MACHINE DONE
114615:T510837_17:Error Code 0
114743:T510837_18:Machine Process.. START
114743:T510837_18:GOING TO SEND START
114744:T510837_18:SENT START, WAITING FOR FINISH 
114819:T510837_18:MACHINE DONE
114819:T510837_18:Error Code 0
114959:T510837_19:Machine Process.. START
114959:T510837_19:GOING TO SEND START
114959:T510837_19:SENT START, WAITING FOR FINISH 
115837:T510837_19:MACHINE DONE
115837:T510837_19:Error Code 0
130421:T510837_20:Machine Process.. START
130422:T510837_20:GOING TO SEND START
130422:T510837_20:SENT START, WAITING FOR FINISH 
130520:T510837_20:MACHINE DONE
130520:T510837_20:Error Code 0
130641:T510837_21:Machine Process.. START
130641:T510837_21:GOING TO SEND START
130642:T510837_21:SENT START, WAITING FOR FINISH 
130717:T510837_21:MACHINE DONE
130717:T510837_21:Error Code 0
130949:T510837_22:Machine Process.. START
130949:T510837_22:GOING TO SEND START
130949:T510837_22:SENT START, WAITING FOR FINISH 
130959:T510837_22:MACHINE DONE
130959:T510837_22:Error Code 0
131447:T510837_23:Machine Process.. START
131448:T510837_23:GOING TO SEND START
131448:T510837_23:SENT START, WAITING FOR FINISH 
131738:T510837_23:MACHINE DONE
131738:T510837_23:Error Code 0
131906:T510837_24:Machine Process.. START
131907:T510837_24:GOING TO SEND START
131907:T510837_24:SENT START, WAITING FOR FINISH 
131917:T510837_24:MACHINE DONE
131917:T510837_24:Error Code 0
132038:T510837_25:Machine Process.. START
132038:T510837_25:GOING TO SEND START
132039:T510837_25:SENT START, WAITING FOR FINISH 
132056:T510837_25:MACHINE DONE
132056:T510837_25:Error Code 0
132248:T510837_26:Machine Process.. START
132248:T510837_26:GOING TO SEND START
132249:T510837_26:SENT START, WAITING FOR FINISH 
132251:T510837_26:MACHINE DONE
132251:T510837_26:Error Code 0
132442:T510837_27:Machine Process.. START
132442:T510837_27:GOING TO SEND START
132442:T510837_27:SENT START, WAITING FOR FINISH 
132444:T510837_27:MACHINE DONE
132444:T510837_27:Error Code 0
132640:T510837_28:Machine Process.. START
132640:T510837_28:GOING TO SEND START
132640:T510837_28:SENT START, WAITING FOR FINISH 
132650:T510837_28:MACHINE DONE
132650:T510837_28:Error Code 0
132856:T510837_29:Machine Process.. START
132856:T510837_29:GOING TO SEND START
132857:T510837_29:SENT START, WAITING FOR FINISH 
132900:T510837_29:MACHINE DONE
132900:T510837_29:Error Code 0
133239:T510837_30:Machine Process.. START
133239:T510837_30:GOING TO SEND START
133239:T510837_30:SENT START, WAITING FOR FINISH 
133241:T510837_30:MACHINE DONE
133241:T510837_30:Error Code 0
133417:T510837_31:Machine Process.. START
133417:T510837_31:GOING TO SEND START
133418:T510837_31:SENT START, WAITING FOR FINISH 
133428:T510837_31:MACHINE DONE
133428:T510837_31:Error Code 0
133559:T510837_32:Machine Process.. START
133559:T510837_32:GOING TO SEND START
133559:T510837_32:SENT START, WAITING FOR FINISH 
133605:T510837_32:MACHINE DONE
133605:T510837_32:Error Code 0
133736:T510837_33:Machine Process.. START
133736:T510837_33:GOING TO SEND START
133737:T510837_33:SENT START, WAITING FOR FINISH 
133743:T510837_33:MACHINE DONE
133743:T510837_33:Error Code 0
134151:T510837_34:Machine Process.. START
134151:T510837_34:GOING TO SEND START
134152:T510837_34:SENT START, WAITING FOR FINISH 
134234:T510837_34:MACHINE DONE
134234:T510837_34:Error Code 0
134347:T510837_35:Machine Process.. START
134348:T510837_35:GOING TO SEND START
134348:T510837_35:SENT START, WAITING FOR FINISH 
134417:T510837_35:MACHINE DONE
134417:T510837_35:Error Code 0
134543:T510837_36:Machine Process.. START
134543:T510837_36:GOING TO SEND START
134544:T510837_36:SENT START, WAITING FOR FINISH 
134602:T510837_36:MACHINE DONE
134602:T510837_36:Error Code 0
134822:T510837_37:Machine Process.. START
134822:T510837_37:GOING TO SEND START
134822:T510837_37:SENT START, WAITING FOR FINISH 
134824:T510837_37:MACHINE DONE
134824:T510837_37:Error Code 0
135001:T510837_38:Machine Process.. START
135001:T510837_38:GOING TO SEND START
135001:T510837_38:SENT START, WAITING FOR FINISH 
135018:T510837_38:MACHINE DONE
135018:T510837_38:Error Code 0
135139:T510837_39:Machine Process.. START
135139:T510837_39:GOING TO SEND START
135139:T510837_39:SENT START, WAITING FOR FINISH 
135209:T510837_39:MACHINE DONE
135209:T510837_39:Error Code 0
135319:T510837_40:Machine Process.. START
135319:T510837_40:GOING TO SEND START
135319:T510837_40:SENT START, WAITING FOR FINISH 
135405:T510837_40:MACHINE DONE
135405:T510837_40:Error Code 0
135519:T510837_41:Machine Process.. START
135519:T510837_41:GOING TO SEND START
135519:T510837_41:SENT START, WAITING FOR FINISH 
135548:T510837_41:MACHINE DONE
135548:T510837_41:Error Code 0
135717:T510837_42:Machine Process.. START
135718:T510837_42:GOING TO SEND START
135718:T510837_42:SENT START, WAITING FOR FINISH 
135731:T510837_42:MACHINE DONE
135731:T510837_42:Error Code 0
135856:T510837_43:Machine Process.. START
135856:T510837_43:GOING TO SEND START
135857:T510837_43:SENT START, WAITING FOR FINISH 
135920:T510837_43:MACHINE DONE
135920:T510837_43:Error Code 0
140142:T510837_44:Machine Process.. START
140142:T510837_44:GOING TO SEND START
140143:T510837_44:SENT START, WAITING FOR FINISH 
140144:T510837_44:MACHINE DONE
140144:T510837_44:Error Code 0
140311:T510837_45:Machine Process.. START
140311:T510837_45:GOING TO SEND START
140312:T510837_45:SENT START, WAITING FOR FINISH 
140314:T510837_45:MACHINE DONE
140314:T510837_45:Error Code 0
140441:T510837_46:Machine Process.. START
140441:T510837_46:GOING TO SEND START
140441:T510837_46:SENT START, WAITING FOR FINISH 
140513:T510837_46:MACHINE DONE
140514:T510837_46:Error Code 0
140629:T510837_47:Machine Process.. START
140629:T510837_47:GOING TO SEND START
140629:T510837_47:SENT START, WAITING FOR FINISH 
140655:T510837_47:MACHINE DONE
140655:T510837_47:Error Code 0
140813:T510837_48:Machine Process.. START
140814:T510837_48:GOING TO SEND START
140814:T510837_48:SENT START, WAITING FOR FINISH 
140826:T510837_48:MACHINE DONE
140826:T510837_48:Error Code 0
141113:T510837_49:Machine Process.. START
141113:T510837_49:GOING TO SEND START
141114:T510837_49:SENT START, WAITING FOR FINISH 
141114:T510837_49:MACHINE DONE
141114:T510837_49:Error Code 0
141307:T510837_50:Machine Process.. START
141308:T510837_50:GOING TO SEND START
141308:T510837_50:SENT START, WAITING FOR FINISH 
141309:T510837_50:MACHINE DONE
141309:T510837_50:Error Code 0
141444:T510837_51:Machine Process.. START
141445:T510837_51:GOING TO SEND START
141445:T510837_51:SENT START, WAITING FOR FINISH 
141500:T510837_51:MACHINE DONE
141500:T510837_51:Error Code 0
141618:T510837_52:Machine Process.. START
141618:T510837_52:GOING TO SEND START
141618:T510837_52:SENT START, WAITING FOR FINISH 
141629:T510837_52:MACHINE DONE
141629:T510837_52:Error Code 0
141757:T510837_53:Machine Process.. START
141757:T510837_53:GOING TO SEND START
141758:T510837_53:SENT START, WAITING FOR FINISH 
141809:T510837_53:MACHINE DONE
141809:T510837_53:Error Code 0
141933:T510837_54:Machine Process.. START
141933:T510837_54:GOING TO SEND START
141934:T510837_54:SENT START, WAITING FOR FINISH 
142011:T510837_54:MACHINE DONE
142012:T510837_54:Error Code 0
142127:T510837_55:Machine Process.. START
142128:T510837_55:GOING TO SEND START
142128:T510837_55:SENT START, WAITING FOR FINISH 
142202:T510837_55:MACHINE DONE
142202:T510837_55:Error Code 0
142324:T510837_56:Machine Process.. START
142324:T510837_56:GOING TO SEND START
142324:T510837_56:SENT START, WAITING FOR FINISH 
142351:T510837_56:MACHINE DONE
142351:T510837_56:Error Code 0
142521:T510837_57:Machine Process.. START
142522:T510837_57:GOING TO SEND START
142522:T510837_57:SENT START, WAITING FOR FINISH 
142555:T510837_57:MACHINE DONE
142555:T510837_57:Error Code 0
142707:T510837_58:Machine Process.. START
142707:T510837_58:GOING TO SEND START
142707:T510837_58:SENT START, WAITING FOR FINISH 
142732:T510837_58:MACHINE DONE
142732:T510837_58:Error Code 0
142844:T510837_59:Machine Process.. START
142844:T510837_59:GOING TO SEND START
142844:T510837_59:SENT START, WAITING FOR FINISH 
142911:T510837_59:MACHINE DONE
142911:T510837_59:Error Code 0
143111:T510837_60:Machine Process.. START
143111:T510837_60:GOING TO SEND START
143112:T510837_60:SENT START, WAITING FOR FINISH 
143114:T510837_60:MACHINE DONE
143114:T510837_60:Error Code 0
143313:T510837_61:Machine Process.. START
143314:T510837_61:GOING TO SEND START
143314:T510837_61:SENT START, WAITING FOR FINISH 
143322:T510837_61:MACHINE DONE
143322:T510837_61:Error Code 0
143654:T510837_62:Machine Process.. START
143655:T510837_62:GOING TO SEND START
143655:T510837_62:SENT START, WAITING FOR FINISH 
143659:T510837_62:MACHINE DONE
143659:T510837_62:Error Code 0
143855:T510837_63:Machine Process.. START
143855:T510837_63:GOING TO SEND START
143856:T510837_63:SENT START, WAITING FOR FINISH 
143900:T510837_63:MACHINE DONE
143901:T510837_63:Error Code 0
144101:T510837_64:Machine Process.. START
144102:T510837_64:GOING TO SEND START
144102:T510837_64:SENT START, WAITING FOR FINISH 
144103:T510837_64:MACHINE DONE
144103:T510837_64:Error Code 0
144249:T510837_65:Machine Process.. START
144249:T510837_65:GOING TO SEND START
144250:T510837_65:SENT START, WAITING FOR FINISH 
144252:T510837_65:MACHINE DONE
144252:T510837_65:Error Code 0
144446:T510837_66:Machine Process.. START
144447:T510837_66:GOING TO SEND START
144447:T510837_66:SENT START, WAITING FOR FINISH 
144454:T510837_66:MACHINE DONE
144454:T510837_66:Error Code 0
144641:T510837_67:Machine Process.. START
144641:T510837_67:GOING TO SEND START
144641:T510837_67:SENT START, WAITING FOR FINISH 
144702:T510837_67:MACHINE DONE
144702:T510837_67:Error Code 0
144837:T510837_68:Machine Process.. START
144837:T510837_68:GOING TO SEND START
144837:T510837_68:SENT START, WAITING FOR FINISH 
144845:T510837_68:MACHINE DONE
144845:T510837_68:Error Code 0
145024:T510837_69:Machine Process.. START
145024:T510837_69:GOING TO SEND START
145024:T510837_69:SENT START, WAITING FOR FINISH 
145032:T510837_69:MACHINE DONE
145032:T510837_69:Error Code 0
145223:T510837_70:Machine Process.. START
145223:T510837_70:GOING TO SEND START
145224:T510837_70:SENT START, WAITING FOR FINISH 
145226:T510837_70:MACHINE DONE
145226:T510837_70:Error Code 0
145406:T510837_71:Machine Process.. START
145406:T510837_71:GOING TO SEND START
145406:T510837_71:SENT START, WAITING FOR FINISH 
145418:T510837_71:MACHINE DONE
145418:T510837_71:Error Code 0
145555:T510837_72:Machine Process.. START
145555:T510837_72:GOING TO SEND START
145556:T510837_72:SENT START, WAITING FOR FINISH 
151226:T510837_72:MACHINE DONE
151226:T510837_72:Error Code 0
151422:T510837_73:Machine Process.. START
151422:T510837_73:GOING TO SEND START
151423:T510837_73:SENT START, WAITING FOR FINISH 
151430:T510837_73:MACHINE DONE
151430:T510837_73:Error Code 0
151602:T510837_74:Machine Process.. START
151602:T510837_74:GOING TO SEND START
151603:T510837_74:SENT START, WAITING FOR FINISH 
151611:T510837_74:MACHINE DONE
151611:T510837_74:Error Code 0
151747:T510837_75:Machine Process.. START
151747:T510837_75:GOING TO SEND START
151747:T510837_75:SENT START, WAITING FOR FINISH 
151750:T510837_75:MACHINE DONE
151750:T510837_75:Error Code 0
151937:T510837_76:Machine Process.. START
151937:T510837_76:GOING TO SEND START
151937:T510837_76:SENT START, WAITING FOR FINISH 
152021:T510837_76:MACHINE DONE
152021:T510837_76:Error Code 0
152138:T510837_77:Machine Process.. START
152138:T510837_77:GOING TO SEND START
152138:T510837_77:SENT START, WAITING FOR FINISH 
152209:T510837_77:MACHINE DONE
152209:T510837_77:Error Code 0
152333:T510837_78:Machine Process.. START
152334:T510837_78:GOING TO SEND START
152334:T510837_78:SENT START, WAITING FOR FINISH 
152357:T510837_78:MACHINE DONE
152357:T510837_78:Error Code 0
152547:T510837_79:Machine Process.. START
152548:T510837_79:GOING TO SEND START
152548:T510837_79:SENT START, WAITING FOR FINISH 
152551:T510837_79:MACHINE DONE
152551:T510837_79:Error Code 0
152739:T510837_80:Machine Process.. START
152740:T510837_80:GOING TO SEND START
152740:T510837_80:SENT START, WAITING FOR FINISH 
152745:T510837_80:MACHINE DONE
152745:T510837_80:Error Code 0
152922:T510837_81:Machine Process.. START
152922:T510837_81:GOING TO SEND START
152922:T510837_81:SENT START, WAITING FOR FINISH 
152925:T510837_81:MACHINE DONE
152925:T510837_81:Error Code 0
153125:T510837_82:Machine Process.. START
153125:T510837_82:GOING TO SEND START
153126:T510837_82:SENT START, WAITING FOR FINISH 
153127:T510837_82:MACHINE DONE
153127:T510837_82:Error Code 0
153258:T510837_83:Machine Process.. START
153259:T510837_83:GOING TO SEND START
153259:T510837_83:SENT START, WAITING FOR FINISH 
153329:T510837_83:MACHINE DONE
153329:T510837_83:Error Code 0
153434:T510837_84:Machine Process.. START
153434:T510837_84:GOING TO SEND START
153435:T510837_84:SENT START, WAITING FOR FINISH 
153514:T510837_84:MACHINE DONE
153514:T510837_84:Error Code 0
153638:T510837_85:Machine Process.. START
153638:T510837_85:GOING TO SEND START
153639:T510837_85:SENT START, WAITING FOR FINISH 
153653:T510837_85:MACHINE DONE
153653:T510837_85:Error Code 0
153820:T510837_86:Machine Process.. START
153820:T510837_86:GOING TO SEND START
153821:T510837_86:SENT START, WAITING FOR FINISH 
153839:T510837_86:MACHINE DONE
153839:T510837_86:Error Code 0
154010:T510837_87:Machine Process.. START
154010:T510837_87:GOING TO SEND START
154011:T510837_87:SENT START, WAITING FOR FINISH 
154018:T510837_87:MACHINE DONE
154018:T510837_87:Error Code 0
154151:T510837_88:Machine Process.. START
154151:T510837_88:GOING TO SEND START
154151:T510837_88:SENT START, WAITING FOR FINISH 
154200:T510837_88:MACHINE DONE
154200:T510837_88:Error Code 0
154326:T510837_89:Machine Process.. START
154326:T510837_89:GOING TO SEND START
154327:T510837_89:SENT START, WAITING FOR FINISH 
154332:T510837_89:MACHINE DONE
154332:T510837_89:Error Code 0
154531:T510837_90:Machine Process.. START
154531:T510837_90:GOING TO SEND START
154532:T510837_90:SENT START, WAITING FOR FINISH 
154533:T510837_90:MACHINE DONE
154533:T510837_90:Error Code 0
154650:T510837_91:Machine Process.. START
154650:T510837_91:GOING TO SEND START
154651:T510837_91:SENT START, WAITING FOR FINISH 
154705:T510837_91:MACHINE DONE
154705:T510837_91:Error Code 0
154827:T510837_92:Machine Process.. START
154827:T510837_92:GOING TO SEND START
154827:T510837_92:SENT START, WAITING FOR FINISH 
154846:T510837_92:MACHINE DONE
154846:T510837_92:Error Code 0
154956:T510837_93:Machine Process.. START
154956:T510837_93:GOING TO SEND START
154956:T510837_93:SENT START, WAITING FOR FINISH 
155020:T510837_93:MACHINE DONE
155020:T510837_93:Error Code 0
155144:T510837_94:Machine Process.. START
155145:T510837_94:GOING TO SEND START
155145:T510837_94:SENT START, WAITING FOR FINISH 
155154:T510837_94:MACHINE DONE
155154:T510837_94:Error Code 0
155342:T510837_95:Machine Process.. START
155343:T510837_95:GOING TO SEND START
155343:T510837_95:SENT START, WAITING FOR FINISH 
155404:T510837_95:MACHINE DONE
155404:T510837_95:Error Code 0
160139:T510837_96:Machine Process.. START
160139:T510837_96:GOING TO SEND START
160140:T510837_96:SENT START, WAITING FOR FINISH 
161246:T510837_96:MACHINE DONE
161246:T510837_96:Error Code 0
161428:T510837_97:Machine Process.. START
161428:T510837_97:GOING TO SEND START
161428:T510837_97:SENT START, WAITING FOR FINISH 
161504:T510837_97:MACHINE DONE
161504:T510837_97:Error Code 0
