085404:T510837_1:Machine Process.. START
085405:T510837_1:GOING TO SEND START
085405:T510837_1:SENT START, WAITING FOR FINISH 
085537:T510837_1:MACHINE DONE
085537:T510837_1:Error Code 0
085624:T510837_2:Machine Process.. START
085624:T510837_2:GOING TO SEND START
085624:T510837_2:SENT START, WAITING FOR FINISH 
085717:T510837_2:MACHINE DONE
085717:T510837_2:Error Code 0
085804:T510837_3:Machine Process.. START
085805:T510837_3:GOING TO SEND START
085805:T510837_3:SENT START, WAITING FOR FINISH 
085905:T510837_3:MACHINE DONE
085905:T510837_3:Error Code 0
090045:T510837_4:Machine Process.. START
090045:T510837_4:GOING TO SEND START
090046:T510837_4:SENT START, WAITING FOR FINISH 
090216:T510837_4:MACHINE DONE
090216:T510837_4:Error Code 0
090314:T510837_5:Machine Process.. START
090315:T510837_5:GOING TO SEND START
090315:T510837_5:SENT START, WAITING FOR FINISH 
090404:T510837_5:MACHINE DONE
090405:T510837_5:Error Code 0
090457:T510837_6:Machine Process.. START
090458:T510837_6:GOING TO SEND START
090458:T510837_6:SENT START, WAITING FOR FINISH 
090549:T510837_6:MACHINE DONE
090549:T510837_6:Error Code 0
090635:T510837_7:Machine Process.. START
090635:T510837_7:GOING TO SEND START
090635:T510837_7:SENT START, WAITING FOR FINISH 
090737:T510837_7:MACHINE DONE
090737:T510837_7:Error Code 0
090959:T510837_8:Machine Process.. START
090959:T510837_8:GOING TO SEND START
091000:T510837_8:SENT START, WAITING FOR FINISH 
091015:T510837_8:MACHINE DONE
091015:T510837_8:Error Code 0
091218:T510837_9:Machine Process.. START
091218:T510837_9:GOING TO SEND START
091219:T510837_9:SENT START, WAITING FOR FINISH 
091319:T510837_9:MACHINE DONE
091319:T510837_9:Error Code 0
091424:T510837_10:Machine Process.. START
091424:T510837_10:GOING TO SEND START
091424:T510837_10:SENT START, WAITING FOR FINISH 
091527:T510837_10:MACHINE DONE
091527:T510837_10:Error Code 0
091658:T510837_11:Machine Process.. START
091659:T510837_11:GOING TO SEND START
091659:T510837_11:SENT START, WAITING FOR FINISH 
091745:T510837_11:MACHINE DONE
091745:T510837_11:Error Code 0
092046:T510837_12:Machine Process.. START
092047:T510837_12:GOING TO SEND START
092047:T510837_12:SENT START, WAITING FOR FINISH 
092122:T510837_12:MACHINE DONE
092123:T510837_12:Error Code 0
092731:T510837_13:Machine Process.. START
092731:T510837_13:GOING TO SEND START
092731:T510837_13:SENT START, WAITING FOR FINISH 
092846:T510837_13:MACHINE DONE
092846:T510837_13:Error Code 0
092954:T510837_14:Machine Process.. START
092955:T510837_14:GOING TO SEND START
092955:T510837_14:SENT START, WAITING FOR FINISH 
093046:T510837_14:MACHINE DONE
093046:T510837_14:Error Code 0
093305:T510837_15:Machine Process.. START
093305:T510837_15:GOING TO SEND START
093305:T510837_15:SENT START, WAITING FOR FINISH 
093416:T510837_15:MACHINE DONE
093416:T510837_15:Error Code 0
093532:T510837_16:Machine Process.. START
093533:T510837_16:GOING TO SEND START
093533:T510837_16:SENT START, WAITING FOR FINISH 
093624:T510837_16:MACHINE DONE
093624:T510837_16:Error Code 0
094124:T510837_17:Machine Process.. START
094124:T510837_17:GOING TO SEND START
094125:T510837_17:SENT START, WAITING FOR FINISH 
094242:T510837_17:MACHINE DONE
094242:T510837_17:Error Code 0
094323:T510837_18:Machine Process.. START
094324:T510837_18:GOING TO SEND START
094324:T510837_18:SENT START, WAITING FOR FINISH 
094453:T510837_18:MACHINE DONE
094454:T510837_18:Error Code 0
094556:T510837_19:Machine Process.. START
094557:T510837_19:GOING TO SEND START
094557:T510837_19:SENT START, WAITING FOR FINISH 
094638:T510837_19:MACHINE DONE
094638:T510837_19:Error Code 0
094745:T510836_1:Machine Process.. START
094745:T510836_1:GOING TO SEND START
094746:T510836_1:SENT START, WAITING FOR FINISH 
094908:T510836_1:MACHINE DONE
094908:T510836_1:Error Code 0
095017:T510836_2:Machine Process.. START
095017:T510836_2:GOING TO SEND START
095018:T510836_2:SENT START, WAITING FOR FINISH 
095132:T510836_2:MACHINE DONE
095132:T510836_2:Error Code 0
095245:T510836_3:Machine Process.. START
095245:T510836_3:GOING TO SEND START
095245:T510836_3:SENT START, WAITING FOR FINISH 
095356:T510836_3:MACHINE DONE
095356:T510836_3:Error Code 0
095502:T510836_4:Machine Process.. START
095502:T510836_4:GOING TO SEND START
095503:T510836_4:SENT START, WAITING FOR FINISH 
095548:T510836_4:MACHINE DONE
095548:T510836_4:Error Code 0
101336:T510836_5:Machine Process.. START
101336:T510836_5:GOING TO SEND START
101337:T510836_5:SENT START, WAITING FOR FINISH 
101349:T510836_5:MACHINE DONE
101349:T510836_5:Error Code 0
101940:T510836_6:Machine Process.. START
101940:T510836_6:GOING TO SEND START
101941:T510836_6:SENT START, WAITING FOR FINISH 
101958:T510836_6:MACHINE DONE
101958:T510836_6:Error Code 0
102441:T510836_7:Machine Process.. START
102441:T510836_7:GOING TO SEND START
102443:T510836_7:SENT START, WAITING FOR FINISH 
102555:T510836_7:MACHINE DONE
102555:T510836_7:Error Code 0
134405:T510837_20:Machine Process.. START
134405:T510837_20:GOING TO SEND START
134406:T510837_20:SENT START, WAITING FOR FINISH 
134417:T510837_20:MACHINE DONE
134418:T510837_20:Error Code 0
134440:T510837_21:Machine Process.. START
134440:T510837_21:GOING TO SEND START
134440:T510837_21:SENT START, WAITING FOR FINISH 
134451:T510837_21:MACHINE DONE
134451:T510837_21:Error Code 0
134517:T510837_22:Machine Process.. START
134517:T510837_22:GOING TO SEND START
134518:T510837_22:SENT START, WAITING FOR FINISH 
134540:T510837_22:MACHINE DONE
134540:T510837_22:Error Code 0
134624:T510837_23:Machine Process.. START
134624:T510837_23:GOING TO SEND START
134625:T510837_23:SENT START, WAITING FOR FINISH 
134638:T510837_23:MACHINE DONE
134638:T510837_23:Error Code 0
134722:T510837_24:Machine Process.. START
134723:T510837_24:GOING TO SEND START
134723:T510837_24:SENT START, WAITING FOR FINISH 
134745:T510837_24:MACHINE DONE
134745:T510837_24:Error Code 0
134817:T510837_25:Machine Process.. START
134817:T510837_25:GOING TO SEND START
134817:T510837_25:SENT START, WAITING FOR FINISH 
134839:T510837_25:MACHINE DONE
134840:T510837_25:Error Code 0
134907:T510837_26:Machine Process.. START
134907:T510837_26:GOING TO SEND START
134908:T510837_26:SENT START, WAITING FOR FINISH 
134913:T510837_26:MACHINE DONE
134913:T510837_26:Error Code 0
134955:T510837_27:Machine Process.. START
134955:T510837_27:GOING TO SEND START
134955:T510837_27:SENT START, WAITING FOR FINISH 
135011:T510837_27:MACHINE DONE
135011:T510837_27:Error Code 0
135047:T510837_28:Machine Process.. START
135047:T510837_28:GOING TO SEND START
135048:T510837_28:SENT START, WAITING FOR FINISH 
135053:T510837_28:MACHINE DONE
135054:T510837_28:Error Code 0
135242:T510837_29:Machine Process.. START
135243:T510837_29:GOING TO SEND START
135243:T510837_29:SENT START, WAITING FOR FINISH 
135335:T510837_29:MACHINE DONE
135335:T510837_29:Error Code 0
135411:T510837_30:Machine Process.. START
135411:T510837_30:GOING TO SEND START
135411:T510837_30:SENT START, WAITING FOR FINISH 
135424:T510837_30:MACHINE DONE
135424:T510837_30:Error Code 0
135500:T510837_31:Machine Process.. START
135501:T510837_31:GOING TO SEND START
135501:T510837_31:SENT START, WAITING FOR FINISH 
135518:T510837_31:MACHINE DONE
135518:T510837_31:Error Code 0
135553:T510837_32:Machine Process.. START
135553:T510837_32:GOING TO SEND START
135554:T510837_32:SENT START, WAITING FOR FINISH 
135607:T510837_32:MACHINE DONE
135607:T510837_32:Error Code 0
135633:T510837_33:Machine Process.. START
135634:T510837_33:GOING TO SEND START
135634:T510837_33:SENT START, WAITING FOR FINISH 
135652:T510837_33:MACHINE DONE
135652:T510837_33:Error Code 0
135720:T510837_34:Machine Process.. START
135720:T510837_34:GOING TO SEND START
135720:T510837_34:SENT START, WAITING FOR FINISH 
135809:T510837_34:MACHINE DONE
135809:T510837_34:Error Code 0
135854:T510837_35:Machine Process.. START
135854:T510837_35:GOING TO SEND START
135854:T510837_35:SENT START, WAITING FOR FINISH 
135910:T510837_35:MACHINE DONE
135910:T510837_35:Error Code 0
135959:T510837_36:Machine Process.. START
135959:T510837_36:GOING TO SEND START
140000:T510837_36:SENT START, WAITING FOR FINISH 
140009:T510837_36:MACHINE DONE
140009:T510837_36:Error Code 0
140038:T510837_37:Machine Process.. START
140038:T510837_37:GOING TO SEND START
140038:T510837_37:SENT START, WAITING FOR FINISH 
140102:T510837_37:MACHINE DONE
140102:T510837_37:Error Code 0
140122:T510837_38:Machine Process.. START
140122:T510837_38:GOING TO SEND START
140122:T510837_38:SENT START, WAITING FOR FINISH 
140141:T510837_38:MACHINE DONE
140141:T510837_38:Error Code 0
140226:T510837_39:Machine Process.. START
140226:T510837_39:GOING TO SEND START
140226:T510837_39:SENT START, WAITING FOR FINISH 
140247:T510837_39:MACHINE DONE
140247:T510837_39:Error Code 0
140311:T510837_40:Machine Process.. START
140311:T510837_40:GOING TO SEND START
140311:T510837_40:SENT START, WAITING FOR FINISH 
140333:T510837_40:MACHINE DONE
140333:T510837_40:Error Code 0
140513:T510837_41:Machine Process.. START
140513:T510837_41:GOING TO SEND START
140514:T510837_41:SENT START, WAITING FOR FINISH 
140525:T510837_41:MACHINE DONE
140525:T510837_41:Error Code 0
140646:T510837_42:Machine Process.. START
140646:T510837_42:GOING TO SEND START
140647:T510837_42:SENT START, WAITING FOR FINISH 
140702:T510837_42:MACHINE DONE
140702:T510837_42:Error Code 0
140748:T510837_43:Machine Process.. START
140749:T510837_43:GOING TO SEND START
140749:T510837_43:SENT START, WAITING FOR FINISH 
140807:T510837_43:MACHINE DONE
140807:T510837_43:Error Code 0
140903:T510837_44:Machine Process.. START
140903:T510837_44:GOING TO SEND START
140903:T510837_44:SENT START, WAITING FOR FINISH 
140916:T510837_44:MACHINE DONE
140916:T510837_44:Error Code 0
140951:T510837_45:Machine Process.. START
140951:T510837_45:GOING TO SEND START
140951:T510837_45:SENT START, WAITING FOR FINISH 
141003:T510837_45:MACHINE DONE
141003:T510837_45:Error Code 0
141142:T510837_46:Machine Process.. START
141142:T510837_46:GOING TO SEND START
141143:T510837_46:SENT START, WAITING FOR FINISH 
141152:T510837_46:MACHINE DONE
141152:T510837_46:Error Code 0
141254:T510837_47:Machine Process.. START
141254:T510837_47:GOING TO SEND START
141255:T510837_47:SENT START, WAITING FOR FINISH 
141304:T510837_47:MACHINE DONE
141304:T510837_47:Error Code 0
141343:T510837_48:Machine Process.. START
141344:T510837_48:GOING TO SEND START
141344:T510837_48:SENT START, WAITING FOR FINISH 
141356:T510837_48:MACHINE DONE
141356:T510837_48:Error Code 0
141521:T510837_49:Machine Process.. START
141521:T510837_49:GOING TO SEND START
141522:T510837_49:SENT START, WAITING FOR FINISH 
141539:T510837_49:MACHINE DONE
141539:T510837_49:Error Code 0
141720:T510837_50:Machine Process.. START
141721:T510837_50:GOING TO SEND START
141721:T510837_50:SENT START, WAITING FOR FINISH 
141732:T510837_50:MACHINE DONE
141732:T510837_50:Error Code 0
141812:T510837_51:Machine Process.. START
141812:T510837_51:GOING TO SEND START
141813:T510837_51:SENT START, WAITING FOR FINISH 
141825:T510837_51:MACHINE DONE
141825:T510837_51:Error Code 0
141852:T510837_52:Machine Process.. START
141853:T510837_52:GOING TO SEND START
141853:T510837_52:SENT START, WAITING FOR FINISH 
141920:T510837_52:MACHINE DONE
141920:T510837_52:Error Code 0
141953:T510837_53:Machine Process.. START
141953:T510837_53:GOING TO SEND START
141953:T510837_53:SENT START, WAITING FOR FINISH 
142008:T510837_53:MACHINE DONE
142009:T510837_53:Error Code 0
142033:T510837_54:Machine Process.. START
142033:T510837_54:GOING TO SEND START
142034:T510837_54:SENT START, WAITING FOR FINISH 
142044:T510837_54:MACHINE DONE
142045:T510837_54:Error Code 0
142119:T510837_55:Machine Process.. START
142119:T510837_55:GOING TO SEND START
142120:T510837_55:SENT START, WAITING FOR FINISH 
142125:T510837_55:MACHINE DONE
142125:T510837_55:Error Code 0
142158:T510837_56:Machine Process.. START
142159:T510837_56:GOING TO SEND START
142159:T510837_56:SENT START, WAITING FOR FINISH 
142210:T510837_56:MACHINE DONE
142210:T510837_56:Error Code 0
142238:T510837_57:Machine Process.. START
142238:T510837_57:GOING TO SEND START
142238:T510837_57:SENT START, WAITING FOR FINISH 
142251:T510837_57:MACHINE DONE
142251:T510837_57:Error Code 0
142322:T510837_58:Machine Process.. START
142322:T510837_58:GOING TO SEND START
142322:T510837_58:SENT START, WAITING FOR FINISH 
142334:T510837_58:MACHINE DONE
142334:T510837_58:Error Code 0
142420:T510837_59:Machine Process.. START
142421:T510837_59:GOING TO SEND START
142421:T510837_59:SENT START, WAITING FOR FINISH 
142433:T510837_59:MACHINE DONE
142433:T510837_59:Error Code 0
142629:T510837_60:Machine Process.. START
142630:T510837_60:GOING TO SEND START
142630:T510837_60:SENT START, WAITING FOR FINISH 
142638:T510837_60:MACHINE DONE
142638:T510837_60:Error Code 0
142708:T510837_61:Machine Process.. START
142708:T510837_61:GOING TO SEND START
142709:T510837_61:SENT START, WAITING FOR FINISH 
142734:T510837_61:MACHINE DONE
142734:T510837_61:Error Code 0
143801:T510837_62:Machine Process.. START
143802:T510837_62:GOING TO SEND START
143802:T510837_62:SENT START, WAITING FOR FINISH 
143822:T510837_62:MACHINE DONE
143822:T510837_62:Error Code 0
143918:T510837_63:Machine Process.. START
143918:T510837_63:GOING TO SEND START
143918:T510837_63:SENT START, WAITING FOR FINISH 
143938:T510837_63:MACHINE DONE
143938:T510837_63:Error Code 0
144036:T510837_64:Machine Process.. START
144036:T510837_64:GOING TO SEND START
144037:T510837_64:SENT START, WAITING FOR FINISH 
144051:T510837_64:MACHINE DONE
144051:T510837_64:Error Code 0
144117:T510837_65:Machine Process.. START
144117:T510837_65:GOING TO SEND START
144117:T510837_65:SENT START, WAITING FOR FINISH 
144131:T510837_65:MACHINE DONE
144131:T510837_65:Error Code 0
144202:T510837_66:Machine Process.. START
144203:T510837_66:GOING TO SEND START
144203:T510837_66:SENT START, WAITING FOR FINISH 
144216:T510837_66:MACHINE DONE
144216:T510837_66:Error Code 0
144304:T510837_67:Machine Process.. START
144304:T510837_67:GOING TO SEND START
144305:T510837_67:SENT START, WAITING FOR FINISH 
144331:T510837_67:MACHINE DONE
144331:T510837_67:Error Code 0
144409:T510837_68:Machine Process.. START
144410:T510837_68:GOING TO SEND START
144410:T510837_68:SENT START, WAITING FOR FINISH 
144437:T510837_68:MACHINE DONE
144438:T510837_68:Error Code 0
144546:T510837_69:Machine Process.. START
144546:T510837_69:GOING TO SEND START
144546:T510837_69:SENT START, WAITING FOR FINISH 
144554:T510837_69:MACHINE DONE
144554:T510837_69:Error Code 0
144623:T510837_70:Machine Process.. START
144623:T510837_70:GOING TO SEND START
144623:T510837_70:SENT START, WAITING FOR FINISH 
144642:T510837_70:MACHINE DONE
144642:T510837_70:Error Code 0
144733:T510837_71:Machine Process.. START
144734:T510837_71:GOING TO SEND START
144734:T510837_71:SENT START, WAITING FOR FINISH 
144750:T510837_71:MACHINE DONE
144750:T510837_71:Error Code 0
144820:T510837_72:Machine Process.. START
144820:T510837_72:GOING TO SEND START
144820:T510837_72:SENT START, WAITING FOR FINISH 
144831:T510837_72:MACHINE DONE
144831:T510837_72:Error Code 0
144853:T510837_73:Machine Process.. START
144853:T510837_73:GOING TO SEND START
144853:T510837_73:SENT START, WAITING FOR FINISH 
144908:T510837_73:MACHINE DONE
144909:T510837_73:Error Code 0
145000:T510837_74:Machine Process.. START
145000:T510837_74:GOING TO SEND START
145000:T510837_74:SENT START, WAITING FOR FINISH 
145009:T510837_74:MACHINE DONE
145009:T510837_74:Error Code 0
145030:T510837_75:Machine Process.. START
145031:T510837_75:GOING TO SEND START
145031:T510837_75:SENT START, WAITING FOR FINISH 
145049:T510837_75:MACHINE DONE
145049:T510837_75:Error Code 0
145132:T510837_76:Machine Process.. START
145132:T510837_76:GOING TO SEND START
145133:T510837_76:SENT START, WAITING FOR FINISH 
145145:T510837_76:MACHINE DONE
145145:T510837_76:Error Code 0
145319:T510837_77:Machine Process.. START
145319:T510837_77:GOING TO SEND START
145320:T510837_77:SENT START, WAITING FOR FINISH 
145333:T510837_77:MACHINE DONE
145333:T510837_77:Error Code 0
145431:T510837_78:Machine Process.. START
145432:T510837_78:GOING TO SEND START
145432:T510837_78:SENT START, WAITING FOR FINISH 
145503:T510837_78:MACHINE DONE
145503:T510837_78:Error Code 0
145520:T510837_79:Machine Process.. START
145520:T510837_79:GOING TO SEND START
145521:T510837_79:SENT START, WAITING FOR FINISH 
145556:T510837_79:MACHINE DONE
145556:T510837_79:Error Code 0
151418:T510837_80:Machine Process.. START
151418:T510837_80:GOING TO SEND START
151418:T510837_80:SENT START, WAITING FOR FINISH 
151519:T510837_80:MACHINE DONE
151519:T510837_80:Error Code 0
151540:T510837_81:Machine Process.. START
151540:T510837_81:GOING TO SEND START
151540:T510837_81:SENT START, WAITING FOR FINISH 
151545:T510837_81:MACHINE DONE
151545:T510837_81:Error Code 0
151634:T510837_82:Machine Process.. START
151634:T510837_82:GOING TO SEND START
151634:T510837_82:SENT START, WAITING FOR FINISH 
151712:T510837_82:MACHINE DONE
151712:T510837_82:Error Code 0
151741:T510837_83:Machine Process.. START
151741:T510837_83:GOING TO SEND START
151741:T510837_83:SENT START, WAITING FOR FINISH 
151753:T510837_83:MACHINE DONE
151753:T510837_83:Error Code 0
151817:T510837_84:Machine Process.. START
151817:T510837_84:GOING TO SEND START
151817:T510837_84:SENT START, WAITING FOR FINISH 
151828:T510837_84:MACHINE DONE
151828:T510837_84:Error Code 0
151924:T510837_85:Machine Process.. START
151924:T510837_85:GOING TO SEND START
151925:T510837_85:SENT START, WAITING FOR FINISH 
151947:T510837_85:MACHINE DONE
151947:T510837_85:Error Code 0
152008:T510837_86:Machine Process.. START
152008:T510837_86:GOING TO SEND START
152009:T510837_86:SENT START, WAITING FOR FINISH 
152027:T510837_86:MACHINE DONE
152028:T510837_86:Error Code 0
152124:T510837_87:Machine Process.. START
152125:T510837_87:GOING TO SEND START
152125:T510837_87:SENT START, WAITING FOR FINISH 
152137:T510837_87:MACHINE DONE
152137:T510837_87:Error Code 0
152209:T510837_88:Machine Process.. START
152210:T510837_88:GOING TO SEND START
152210:T510837_88:SENT START, WAITING FOR FINISH 
152228:T510837_88:MACHINE DONE
152229:T510837_88:Error Code 0
152305:T510837_89:Machine Process.. START
152306:T510837_89:GOING TO SEND START
152306:T510837_89:SENT START, WAITING FOR FINISH 
152330:T510837_89:MACHINE DONE
152330:T510837_89:Error Code 0
152418:T510837_90:Machine Process.. START
152418:T510837_90:GOING TO SEND START
152419:T510837_90:SENT START, WAITING FOR FINISH 
152437:T510837_90:MACHINE DONE
152437:T510837_90:Error Code 0
152458:T510837_91:Machine Process.. START
152458:T510837_91:GOING TO SEND START
152459:T510837_91:SENT START, WAITING FOR FINISH 
152526:T510837_91:MACHINE DONE
152526:T510837_91:Error Code 0
152545:T510837_92:Machine Process.. START
152545:T510837_92:GOING TO SEND START
152546:T510837_92:SENT START, WAITING FOR FINISH 
152611:T510837_92:MACHINE DONE
152611:T510837_92:Error Code 0
152631:T510837_93:Machine Process.. START
152631:T510837_93:GOING TO SEND START
152632:T510837_93:SENT START, WAITING FOR FINISH 
152645:T510837_93:MACHINE DONE
152645:T510837_93:Error Code 0
152711:T510837_94:Machine Process.. START
152711:T510837_94:GOING TO SEND START
152712:T510837_94:SENT START, WAITING FOR FINISH 
152737:T510837_94:MACHINE DONE
152737:T510837_94:Error Code 0
152802:T510837_95:Machine Process.. START
152802:T510837_95:GOING TO SEND START
152802:T510837_95:SENT START, WAITING FOR FINISH 
152831:T510837_95:MACHINE DONE
152831:T510837_95:Error Code 0
152858:T510837_96:Machine Process.. START
152858:T510837_96:GOING TO SEND START
152859:T510837_96:SENT START, WAITING FOR FINISH 
152916:T510837_96:MACHINE DONE
152916:T510837_96:Error Code 0
152958:T510837_97:Machine Process.. START
152959:T510837_97:GOING TO SEND START
152959:T510837_97:SENT START, WAITING FOR FINISH 
153024:T510837_97:MACHINE DONE
153024:T510837_97:Error Code 0
153102:T510837_98:Machine Process.. START
153102:T510837_98:GOING TO SEND START
153103:T510837_98:SENT START, WAITING FOR FINISH 
153141:T510837_98:MACHINE DONE
153142:T510837_98:Error Code 0
153204:T510837_99:Machine Process.. START
153205:T510837_99:GOING TO SEND START
153205:T510837_99:SENT START, WAITING FOR FINISH 
153228:T510837_99:MACHINE DONE
153228:T510837_99:Error Code 0
153250:T510837_100:Machine Process.. START
153250:T510837_100:GOING TO SEND START
153251:T510837_100:SENT START, WAITING FOR FINISH 
153307:T510837_100:MACHINE DONE
153307:T510837_100:Error Code 0
153329:T510837_101:Machine Process.. START
153330:T510837_101:GOING TO SEND START
153330:T510837_101:SENT START, WAITING FOR FINISH 
153407:T510837_101:MACHINE DONE
153407:T510837_101:Error Code 0
153431:T510837_102:Machine Process.. START
153431:T510837_102:GOING TO SEND START
153431:T510837_102:SENT START, WAITING FOR FINISH 
153451:T510837_102:MACHINE DONE
153451:T510837_102:Error Code 0
153509:T510837_103:Machine Process.. START
153509:T510837_103:GOING TO SEND START
153509:T510837_103:SENT START, WAITING FOR FINISH 
153521:T510837_103:MACHINE DONE
153521:T510837_103:Error Code 0
153542:T510837_104:Machine Process.. START
153543:T510837_104:GOING TO SEND START
153543:T510837_104:SENT START, WAITING FOR FINISH 
153558:T510837_104:MACHINE DONE
153558:T510837_104:Error Code 0
153623:T510837_105:Machine Process.. START
153623:T510837_105:GOING TO SEND START
153623:T510837_105:SENT START, WAITING FOR FINISH 
153633:T510837_105:MACHINE DONE
153633:T510837_105:Error Code 0
153711:T510837_106:Machine Process.. START
153711:T510837_106:GOING TO SEND START
153712:T510837_106:SENT START, WAITING FOR FINISH 
153726:T510837_106:MACHINE DONE
153726:T510837_106:Error Code 0
153837:T510837_107:Machine Process.. START
153838:T510837_107:GOING TO SEND START
153838:T510837_107:SENT START, WAITING FOR FINISH 
153851:T510837_107:MACHINE DONE
153851:T510837_107:Error Code 0
153918:T510837_108:Machine Process.. START
153918:T510837_108:GOING TO SEND START
153918:T510837_108:SENT START, WAITING FOR FINISH 
153929:T510837_108:MACHINE DONE
153930:T510837_108:Error Code 0
154005:T510837_109:Machine Process.. START
154005:T510837_109:GOING TO SEND START
154005:T510837_109:SENT START, WAITING FOR FINISH 
154022:T510837_109:MACHINE DONE
154022:T510837_109:Error Code 0
154107:T510837_110:Machine Process.. START
154107:T510837_110:GOING TO SEND START
154108:T510837_110:SENT START, WAITING FOR FINISH 
154136:T510837_110:MACHINE DONE
154136:T510837_110:Error Code 0
154158:T510837_111:Machine Process.. START
154158:T510837_111:GOING TO SEND START
154159:T510837_111:SENT START, WAITING FOR FINISH 
154224:T510837_111:MACHINE DONE
154224:T510837_111:Error Code 0
154244:T510837_112:Machine Process.. START
154245:T510837_112:GOING TO SEND START
154245:T510837_112:SENT START, WAITING FOR FINISH 
154255:T510837_112:MACHINE DONE
154255:T510837_112:Error Code 0
154317:T510837_113:Machine Process.. START
154317:T510837_113:GOING TO SEND START
154317:T510837_113:SENT START, WAITING FOR FINISH 
154405:T510837_113:MACHINE DONE
154405:T510837_113:Error Code 0
154425:T510837_114:Machine Process.. START
154425:T510837_114:GOING TO SEND START
154425:T510837_114:SENT START, WAITING FOR FINISH 
154437:T510837_114:MACHINE DONE
154437:T510837_114:Error Code 0
154505:T510837_115:Machine Process.. START
154505:T510837_115:GOING TO SEND START
154505:T510837_115:SENT START, WAITING FOR FINISH 
154532:T510837_115:MACHINE DONE
154532:T510837_115:Error Code 0
154624:T510837_116:Machine Process.. START
154624:T510837_116:GOING TO SEND START
154625:T510837_116:SENT START, WAITING FOR FINISH 
154643:T510837_116:MACHINE DONE
154644:T510837_116:Error Code 0
154708:T510837_117:Machine Process.. START
154709:T510837_117:GOING TO SEND START
154709:T510837_117:SENT START, WAITING FOR FINISH 
154720:T510837_117:MACHINE DONE
154720:T510837_117:Error Code 0
154743:T510837_118:Machine Process.. START
154744:T510837_118:GOING TO SEND START
154744:T510837_118:SENT START, WAITING FOR FINISH 
154808:T510837_118:MACHINE DONE
154808:T510837_118:Error Code 0
154831:T510837_119:Machine Process.. START
154831:T510837_119:GOING TO SEND START
154831:T510837_119:SENT START, WAITING FOR FINISH 
154856:T510837_119:MACHINE DONE
154856:T510837_119:Error Code 0
154922:T510837_120:Machine Process.. START
154922:T510837_120:GOING TO SEND START
154922:T510837_120:SENT START, WAITING FOR FINISH 
154935:T510837_120:MACHINE DONE
154935:T510837_120:Error Code 0
154955:T510837_121:Machine Process.. START
154955:T510837_121:GOING TO SEND START
154955:T510837_121:SENT START, WAITING FOR FINISH 
155128:T510837_121:MACHINE DONE
155128:T510837_121:Error Code 0
155144:T510837_122:Machine Process.. START
155144:T510837_122:GOING TO SEND START
155145:T510837_122:SENT START, WAITING FOR FINISH 
155152:T510837_122:MACHINE DONE
155152:T510837_122:Error Code 0
155214:T510837_123:Machine Process.. START
155214:T510837_123:GOING TO SEND START
155214:T510837_123:SENT START, WAITING FOR FINISH 
155231:T510837_123:MACHINE DONE
155231:T510837_123:Error Code 0
155248:T510837_124:Machine Process.. START
155248:T510837_124:GOING TO SEND START
155249:T510837_124:SENT START, WAITING FOR FINISH 
155312:T510837_124:MACHINE DONE
155312:T510837_124:Error Code 0
155334:T510837_125:Machine Process.. START
155334:T510837_125:GOING TO SEND START
155335:T510837_125:SENT START, WAITING FOR FINISH 
155418:T510837_125:MACHINE DONE
155418:T510837_125:Error Code 0
155447:T510837_126:Machine Process.. START
155448:T510837_126:GOING TO SEND START
155448:T510837_126:SENT START, WAITING FOR FINISH 
155505:T510837_126:MACHINE DONE
155505:T510837_126:Error Code 0
155528:T510837_127:Machine Process.. START
155529:T510837_127:GOING TO SEND START
155529:T510837_127:SENT START, WAITING FOR FINISH 
155544:T510837_127:MACHINE DONE
155544:T510837_127:Error Code 0
155604:T510837_128:Machine Process.. START
155604:T510837_128:GOING TO SEND START
155604:T510837_128:SENT START, WAITING FOR FINISH 
155617:T510837_128:MACHINE DONE
155617:T510837_128:Error Code 0
155640:T510837_129:Machine Process.. START
155640:T510837_129:GOING TO SEND START
155641:T510837_129:SENT START, WAITING FOR FINISH 
155658:T510837_129:MACHINE DONE
155658:T510837_129:Error Code 0
