102645:T589126_1:Machine Process.. START
102646:T589126_1:GOING TO SEND START
102646:T589126_1:SENT START, WAITING FOR FINISH 
102746:T589126_1:MACHINE DONE
102746:T589126_1:Error Code 0
102857:T589126_2:Machine Process.. START
102857:T589126_2:GOING TO SEND START
102857:T589126_2:SENT START, WAITING FOR FINISH 
103014:T589126_2:MACHINE DONE
103014:T589126_2:Error Code 0
103139:T589126_3:Machine Process.. START
103139:T589126_3:GOING TO SEND START
103139:T589126_3:SENT START, WAITING FOR FINISH 
103305:T589126_3:MACHINE DONE
103305:T589126_3:Error Code 0
103437:T589126_4:Machine Process.. START
103438:T589126_4:GOING TO SEND START
103438:T589126_4:SENT START, WAITING FOR FINISH 
103547:T589126_4:MACHINE DONE
103547:T589126_4:Error Code 0
103858:T589126_5:Machine Process.. START
103858:T589126_5:GOING TO SEND START
103858:T589126_5:SENT START, WAITING FOR FINISH 
104006:T589126_5:MACHINE DONE
104007:T589126_5:Error Code 0
104458:T589126_6:Machine Process.. START
104459:T589126_6:GOING TO SEND START
104459:T589126_6:SENT START, WAITING FOR FINISH 
104603:T589126_6:MACHINE DONE
104603:T589126_6:Error Code 0
105051:T589126_7:Machine Process.. START
105051:T589126_7:GOING TO SEND START
105051:T589126_7:SENT START, WAITING FOR FINISH 
105154:T589126_7:MACHINE DONE
105154:T589126_7:Error Code 0
105555:T589126_8:Machine Process.. START
105555:T589126_8:GOING TO SEND START
105556:T589126_8:SENT START, WAITING FOR FINISH 
105715:T589126_8:MACHINE DONE
105715:T589126_8:Error Code 0
105939:T589126_9:Machine Process.. START
105939:T589126_9:GOING TO SEND START
105940:T589126_9:SENT START, WAITING FOR FINISH 
110033:T589126_9:MACHINE DONE
110033:T589126_9:Error Code 0
110138:T589126_10:Machine Process.. START
110138:T589126_10:GOING TO SEND START
110138:T589126_10:SENT START, WAITING FOR FINISH 
110447:T589126_10:MACHINE DONE
110447:T589126_10:Error Code 0
110540:T589126_11:Machine Process.. START
110541:T589126_11:GOING TO SEND START
110541:T589126_11:SENT START, WAITING FOR FINISH 
110636:T589126_11:MACHINE DONE
110636:T589126_11:Error Code 0
110748:T589126_12:Machine Process.. START
110748:T589126_12:GOING TO SEND START
110749:T589126_12:SENT START, WAITING FOR FINISH 
110910:T589126_12:MACHINE DONE
110910:T589126_12:Error Code 0
111307:T589126_13:Machine Process.. START
111307:T589126_13:GOING TO SEND START
111307:T589126_13:SENT START, WAITING FOR FINISH 
111423:T589126_13:MACHINE DONE
111423:T589126_13:Error Code 0
111726:T589126_14:Machine Process.. START
111726:T589126_14:GOING TO SEND START
111726:T589126_14:SENT START, WAITING FOR FINISH 
111829:T589126_14:MACHINE DONE
111829:T589126_14:Error Code 0
112036:T589126_15:Machine Process.. START
112036:T589126_15:GOING TO SEND START
112036:T589126_15:SENT START, WAITING FOR FINISH 
112143:T589126_15:MACHINE DONE
112143:T589126_15:Error Code 0
112241:T589126_16:Machine Process.. START
112241:T589126_16:GOING TO SEND START
112241:T589126_16:SENT START, WAITING FOR FINISH 
112317:T589126_16:MACHINE DONE
112317:T589126_16:Error Code 0
112511:T589126_17:Machine Process.. START
112511:T589126_17:GOING TO SEND START
112511:T589126_17:SENT START, WAITING FOR FINISH 
112619:T589126_17:MACHINE DONE
112619:T589126_17:Error Code 0
113055:T589126_18:Machine Process.. START
113055:T589126_18:GOING TO SEND START
113056:T589126_18:SENT START, WAITING FOR FINISH 
113216:T589126_18:MACHINE DONE
113216:T589126_18:Error Code 0
113506:T589126_19:Machine Process.. START
113506:T589126_19:GOING TO SEND START
113507:T589126_19:SENT START, WAITING FOR FINISH 
113603:T589126_19:MACHINE DONE
113604:T589126_19:Error Code 0
113658:T589126_20:Machine Process.. START
113658:T589126_20:GOING TO SEND START
113659:T589126_20:SENT START, WAITING FOR FINISH 
113822:T589126_20:MACHINE DONE
113822:T589126_20:Error Code 0
113915:T510836_1:Machine Process.. START
113916:T510836_1:GOING TO SEND START
113916:T510836_1:SENT START, WAITING FOR FINISH 
114002:T510836_1:MACHINE DONE
114002:T510836_1:Error Code 0
114528:T510836_2:Machine Process.. START
114528:T510836_2:GOING TO SEND START
114528:T510836_2:SENT START, WAITING FOR FINISH 
114650:T510836_2:MACHINE DONE
114650:T510836_2:Error Code 0
114749:T510836_3:Machine Process.. START
114749:T510836_3:GOING TO SEND START
114750:T510836_3:SENT START, WAITING FOR FINISH 
114914:T510836_3:MACHINE DONE
114914:T510836_3:Error Code 0
115015:T510836_4:Machine Process.. START
115015:T510836_4:GOING TO SEND START
115015:T510836_4:SENT START, WAITING FOR FINISH 
115102:T510836_4:MACHINE DONE
115102:T510836_4:Error Code 0
171212:T510836_5:Machine Process.. START
171212:T510836_5:GOING TO SEND START
171212:T510836_5:SENT START, WAITING FOR FINISH 
171237:T510836_5:MACHINE DONE
171237:T510836_5:Error Code 0
172722:T510836_6:Machine Process.. START
172722:T510836_6:GOING TO SEND START
172723:T510836_6:SENT START, WAITING FOR FINISH 
172731:T510836_6:MACHINE DONE
172731:T510836_6:Error Code 0
