161343:T510836_5:Machine Process.. START
161344:T510836_5:GOING TO SEND START
161344:T510836_5:SENT START, WAITING FOR FINISH 
161717:T510836_5:MACHINE DONE
161717:T510836_5:Error Code 0
161725:T510836_6:Machine Process.. START
161725:T510836_6:GOING TO SEND START
161726:T510836_6:SENT START, WAITING FOR FINISH 
161847:T510836_6:MACHINE DONE
161847:T510836_6:Error Code 0
161853:T510836_7:Machine Process.. START
161854:T510836_7:GOING TO SEND START
161854:T510836_7:SENT START, WAITING FOR FINISH 
162020:T510836_7:MACHINE DONE
162020:T510836_7:Error Code 0
162027:T510836_8:Machine Process.. START
162028:T510836_8:GOING TO SEND START
162028:T510836_8:SENT START, WAITING FOR FINISH 
162145:T510836_8:MACHINE DONE
162145:T510836_8:Error Code 0
162152:T510836_9:Machine Process.. START
162152:T510836_9:GOING TO SEND START
162153:T510836_9:SENT START, WAITING FOR FINISH 
162311:T510836_9:MACHINE DONE
162311:T510836_9:Error Code 0
162317:T510836_10:Machine Process.. START
162317:T510836_10:GOING TO SEND START
162317:T510836_10:SENT START, WAITING FOR FINISH 
162432:T510836_10:MACHINE DONE
162432:T510836_10:Error Code 0
162439:T510836_11:Machine Process.. START
162439:T510836_11:GOING TO SEND START
162440:T510836_11:SENT START, WAITING FOR FINISH 
162557:T510836_11:MACHINE DONE
162557:T510836_11:Error Code 0
162603:T510836_12:Machine Process.. START
162603:T510836_12:GOING TO SEND START
162603:T510836_12:SENT START, WAITING FOR FINISH 
162720:T510836_12:MACHINE DONE
162720:T510836_12:Error Code 0
