161100:T510836_5:Machine Process.. START
161100:T510836_5:GOING TO SEND START
161100:T510836_5:SENT START, WAITING FOR FINISH 
161102:T510836_5:MACHINE DONE
161102:T510836_5:Error Code 0
161228:T510836_6:Machine Process.. START
161229:T510836_6:GOING TO SEND START
161229:T510836_6:SENT START, WAITING FOR FINISH 
161232:T510836_6:MACHINE DONE
161232:T510836_6:Error Code 0
161309:T510836_7:Machine Process.. START
161309:T510836_7:GOING TO SEND START
161309:T510836_7:SENT START, WAITING FOR FINISH 
161311:T510836_7:MACHINE DONE
161311:T510836_7:Error Code 0
161439:T510836_8:Machine Process.. START
161439:T510836_8:GOING TO SEND START
161439:T510836_8:SENT START, WAITING FOR FINISH 
161441:T510836_8:MACHINE DONE
161441:T510836_8:Error Code 0
161534:T510836_9:Machine Process.. START
161535:T510836_9:GOING TO SEND START
161535:T510836_9:SENT START, WAITING FOR FINISH 
161538:T510836_9:MACHINE DONE
161538:T510836_9:Error Code 0
161747:T510836_10:Machine Process.. START
161748:T510836_10:GOING TO SEND START
161748:T510836_10:SENT START, WAITING FOR FINISH 
161751:T510836_10:MACHINE DONE
161751:T510836_10:Error Code 0
162006:T510836_11:Machine Process.. START
162006:T510836_11:GOING TO SEND START
162006:T510836_11:SENT START, WAITING FOR FINISH 
162007:T510836_11:MACHINE DONE
162007:T510836_11:Error Code 0
162131:T510836_12:Machine Process.. START
162131:T510836_12:GOING TO SEND START
162131:T510836_12:SENT START, WAITING FOR FINISH 
162135:T510836_12:MACHINE DONE
162135:T510836_12:Error Code 0
162250:T510836_13:Machine Process.. START
162250:T510836_13:GOING TO SEND START
162250:T510836_13:SENT START, WAITING FOR FINISH 
162252:T510836_13:MACHINE DONE
162252:T510836_13:Error Code 0
162600:T510836_14:Machine Process.. START
162600:T510836_14:GOING TO SEND START
162601:T510836_14:SENT START, WAITING FOR FINISH 
162602:T510836_14:MACHINE DONE
162602:T510836_14:Error Code 0
195523:T510836_23:Machine Process.. START
195523:T510836_23:GOING TO SEND START
195523:T510836_23:SENT START, WAITING FOR FINISH 
195526:T510836_23:MACHINE DONE
195526:T510836_23:Error Code 0
