090759:T510837_1:Machine Process.. START
090800:T510837_1:GOING TO SEND START
090800:T510837_1:SENT START, WAITING FOR FINISH 
090817:T510837_1:MACHINE DONE
090817:T510837_1:Error Code 0
090907:T510837_2:Machine Process.. START
090907:T510837_2:GOING TO SEND START
090907:T510837_2:SENT START, WAITING FOR FINISH 
090910:T510837_2:MACHINE DONE
090910:T510837_2:Error Code 0
091106:T510837_3:Machine Process.. START
091106:T510837_3:GOING TO SEND START
091107:T510837_3:SENT START, WAITING FOR FINISH 
091118:T510837_3:MACHINE DONE
091118:T510837_3:Error Code 0
091849:T510837_4:Machine Process.. START
091850:T510837_4:GOING TO SEND START
091850:T510837_4:SENT START, WAITING FOR FINISH 
091857:T510837_4:MACHINE DONE
091857:T510837_4:Error Code 0
092223:T510837_5:Machine Process.. START
092224:T510837_5:GOING TO SEND START
092224:T510837_5:SENT START, WAITING FOR FINISH 
092358:T510837_5:MACHINE DONE
092358:T510837_5:Error Code 0
092754:T510837_6:Machine Process.. START
092754:T510837_6:GOING TO SEND START
092755:T510837_6:SENT START, WAITING FOR FINISH 
092758:T510837_6:MACHINE DONE
092758:T510837_6:Error Code 0
093010:T510837_7:Machine Process.. START
093010:T510837_7:GOING TO SEND START
093011:T510837_7:SENT START, WAITING FOR FINISH 
093015:T510837_7:MACHINE DONE
093015:T510837_7:Error Code 0
093212:T510837_8:Machine Process.. START
093213:T510837_8:GOING TO SEND START
093213:T510837_8:SENT START, WAITING FOR FINISH 
093214:T510837_8:MACHINE DONE
093214:T510837_8:Error Code 0
093410:T510837_9:Machine Process.. START
093410:T510837_9:GOING TO SEND START
093410:T510837_9:SENT START, WAITING FOR FINISH 
093426:T510837_9:MACHINE DONE
093426:T510837_9:Error Code 0
093558:T510837_10:Machine Process.. START
093558:T510837_10:GOING TO SEND START
093558:T510837_10:SENT START, WAITING FOR FINISH 
093559:T510837_10:MACHINE DONE
093559:T510837_10:Error Code 0
094044:T510837_11:Machine Process.. START
094045:T510837_11:GOING TO SEND START
094045:T510837_11:SENT START, WAITING FOR FINISH 
094052:T510837_11:MACHINE DONE
094052:T510837_11:Error Code 0
094330:T510837_12:Machine Process.. START
094330:T510837_12:GOING TO SEND START
094330:T510837_12:SENT START, WAITING FOR FINISH 
094336:T510837_12:MACHINE DONE
094336:T510837_12:Error Code 0
094540:T510837_13:Machine Process.. START
094540:T510837_13:GOING TO SEND START
094541:T510837_13:SENT START, WAITING FOR FINISH 
094609:T510837_13:MACHINE DONE
094609:T510837_13:Error Code 0
094702:T510837_14:Machine Process.. START
094702:T510837_14:GOING TO SEND START
094703:T510837_14:SENT START, WAITING FOR FINISH 
094716:T510837_14:MACHINE DONE
094716:T510837_14:Error Code 0
095158:T510837_15:Machine Process.. START
095158:T510837_15:GOING TO SEND START
095159:T510837_15:SENT START, WAITING FOR FINISH 
095209:T510837_15:MACHINE DONE
095209:T510837_15:Error Code 0
095316:T510837_16:Machine Process.. START
095316:T510837_16:GOING TO SEND START
095317:T510837_16:SENT START, WAITING FOR FINISH 
095319:T510837_16:MACHINE DONE
095319:T510837_16:Error Code 0
095632:T510837_17:Machine Process.. START
095633:T510837_17:GOING TO SEND START
095633:T510837_17:SENT START, WAITING FOR FINISH 
095634:T510837_17:MACHINE DONE
095634:T510837_17:Error Code 0
101401:T510837_18:Machine Process.. START
101401:T510837_18:GOING TO SEND START
101402:T510837_18:SENT START, WAITING FOR FINISH 
101404:T510837_18:MACHINE DONE
101404:T510837_18:Error Code 0
101652:T510837_19:Machine Process.. START
101653:T510837_19:GOING TO SEND START
101653:T510837_19:SENT START, WAITING FOR FINISH 
101712:T510837_19:MACHINE DONE
101712:T510837_19:Error Code 0
102638:T510836_1:Machine Process.. START
102639:T510836_1:GOING TO SEND START
102639:T510836_1:SENT START, WAITING FOR FINISH 
102642:T510836_1:MACHINE DONE
102642:T510836_1:Error Code 0
103107:T510836_2:Machine Process.. START
103107:T510836_2:GOING TO SEND START
103107:T510836_2:SENT START, WAITING FOR FINISH 
103124:T510836_2:MACHINE DONE
103124:T510836_2:Error Code 0
103732:T510836_3:Machine Process.. START
103732:T510836_3:GOING TO SEND START
103733:T510836_3:SENT START, WAITING FOR FINISH 
103736:T510836_3:MACHINE DONE
103736:T510836_3:Error Code 0
104134:T510836_4:Machine Process.. START
104134:T510836_4:GOING TO SEND START
104134:T510836_4:SENT START, WAITING FOR FINISH 
104138:T510836_4:MACHINE DONE
104138:T510836_4:Error Code 0
104642:T510836_5:Machine Process.. START
104643:T510836_5:GOING TO SEND START
104643:T510836_5:SENT START, WAITING FOR FINISH 
104646:T510836_5:MACHINE DONE
104646:T510836_5:Error Code 0
104902:T510836_6:Machine Process.. START
104903:T510836_6:GOING TO SEND START
104903:T510836_6:SENT START, WAITING FOR FINISH 
105029:T510836_6:MACHINE DONE
105029:T510836_6:Error Code 0
105242:T510836_7:Machine Process.. START
105242:T510836_7:GOING TO SEND START
105242:T510836_7:SENT START, WAITING FOR FINISH 
105257:T510836_7:MACHINE DONE
105257:T510836_7:Error Code 0
134942:T510837_20:Machine Process.. START
134942:T510837_20:GOING TO SEND START
134943:T510837_20:SENT START, WAITING FOR FINISH 
134945:T510837_20:MACHINE DONE
134945:T510837_20:Error Code 0
135045:T510837_21:Machine Process.. START
135045:T510837_21:GOING TO SEND START
135046:T510837_21:SENT START, WAITING FOR FINISH 
135047:T510837_21:MACHINE DONE
135047:T510837_21:Error Code 0
135142:T510837_22:Machine Process.. START
135142:T510837_22:GOING TO SEND START
135143:T510837_22:SENT START, WAITING FOR FINISH 
135145:T510837_22:MACHINE DONE
135145:T510837_22:Error Code 0
135242:T510837_23:Machine Process.. START
135242:T510837_23:GOING TO SEND START
135243:T510837_23:SENT START, WAITING FOR FINISH 
135244:T510837_23:MACHINE DONE
135244:T510837_23:Error Code 0
135402:T510837_24:Machine Process.. START
135402:T510837_24:GOING TO SEND START
135402:T510837_24:SENT START, WAITING FOR FINISH 
135406:T510837_24:MACHINE DONE
135406:T510837_24:Error Code 0
135541:T510837_25:Machine Process.. START
135541:T510837_25:GOING TO SEND START
135542:T510837_25:SENT START, WAITING FOR FINISH 
135545:T510837_25:MACHINE DONE
135545:T510837_25:Error Code 0
135701:T510837_26:Machine Process.. START
135701:T510837_26:GOING TO SEND START
135701:T510837_26:SENT START, WAITING FOR FINISH 
135704:T510837_26:MACHINE DONE
135704:T510837_26:Error Code 0
135717:T510837_27:Machine Process.. START
135717:T510837_27:GOING TO SEND START
135718:T510837_27:SENT START, WAITING FOR FINISH 
135719:T510837_27:MACHINE DONE
135719:T510837_27:Error Code 0
135747:T510837_28:Machine Process.. START
135747:T510837_28:GOING TO SEND START
135748:T510837_28:SENT START, WAITING FOR FINISH 
135750:T510837_28:MACHINE DONE
135750:T510837_28:Error Code 0
135853:T510837_29:Machine Process.. START
135853:T510837_29:GOING TO SEND START
135854:T510837_29:SENT START, WAITING FOR FINISH 
135855:T510837_29:MACHINE DONE
135855:T510837_29:Error Code 0
135955:T510837_30:Machine Process.. START
135955:T510837_30:GOING TO SEND START
135956:T510837_30:SENT START, WAITING FOR FINISH 
135957:T510837_30:MACHINE DONE
135957:T510837_30:Error Code 0
140051:T510837_31:Machine Process.. START
140051:T510837_31:GOING TO SEND START
140052:T510837_31:SENT START, WAITING FOR FINISH 
140053:T510837_31:MACHINE DONE
140053:T510837_31:Error Code 0
140212:T510837_32:Machine Process.. START
140213:T510837_32:GOING TO SEND START
140213:T510837_32:SENT START, WAITING FOR FINISH 
140217:T510837_32:MACHINE DONE
140217:T510837_32:Error Code 0
140357:T510837_33:Machine Process.. START
140357:T510837_33:GOING TO SEND START
140358:T510837_33:SENT START, WAITING FOR FINISH 
140359:T510837_33:MACHINE DONE
140359:T510837_33:Error Code 0
140521:T510837_34:Machine Process.. START
140521:T510837_34:GOING TO SEND START
140522:T510837_34:SENT START, WAITING FOR FINISH 
140524:T510837_34:MACHINE DONE
140524:T510837_34:Error Code 0
140619:T510837_35:Machine Process.. START
140619:T510837_35:GOING TO SEND START
140620:T510837_35:SENT START, WAITING FOR FINISH 
140621:T510837_35:MACHINE DONE
140621:T510837_35:Error Code 0
140734:T510837_36:Machine Process.. START
140734:T510837_36:GOING TO SEND START
140735:T510837_36:SENT START, WAITING FOR FINISH 
140736:T510837_36:MACHINE DONE
140737:T510837_36:Error Code 0
140847:T510837_37:Machine Process.. START
140848:T510837_37:GOING TO SEND START
140849:T510837_37:SENT START, WAITING FOR FINISH 
140849:T510837_37:MACHINE DONE
140849:T510837_37:Error Code 0
141007:T510837_38:Machine Process.. START
141008:T510837_38:GOING TO SEND START
141008:T510837_38:SENT START, WAITING FOR FINISH 
141010:T510837_38:MACHINE DONE
141010:T510837_38:Error Code 0
141128:T510837_39:Machine Process.. START
141128:T510837_39:GOING TO SEND START
141128:T510837_39:SENT START, WAITING FOR FINISH 
141130:T510837_39:MACHINE DONE
141130:T510837_39:Error Code 0
141244:T510837_40:Machine Process.. START
141244:T510837_40:GOING TO SEND START
141244:T510837_40:SENT START, WAITING FOR FINISH 
141246:T510837_40:MACHINE DONE
141246:T510837_40:Error Code 0
141416:T510837_41:Machine Process.. START
141416:T510837_41:GOING TO SEND START
141416:T510837_41:SENT START, WAITING FOR FINISH 
141418:T510837_41:MACHINE DONE
141418:T510837_41:Error Code 0
141531:T510837_42:Machine Process.. START
141531:T510837_42:GOING TO SEND START
141532:T510837_42:SENT START, WAITING FOR FINISH 
141532:T510837_42:MACHINE DONE
141532:T510837_42:Error Code 0
141649:T510837_43:Machine Process.. START
141649:T510837_43:GOING TO SEND START
141649:T510837_43:SENT START, WAITING FOR FINISH 
141651:T510837_43:MACHINE DONE
141651:T510837_43:Error Code 0
141718:T510837_44:Machine Process.. START
141718:T510837_44:GOING TO SEND START
141719:T510837_44:SENT START, WAITING FOR FINISH 
141720:T510837_44:MACHINE DONE
141720:T510837_44:Error Code 0
141748:T510837_45:Machine Process.. START
141748:T510837_45:GOING TO SEND START
141748:T510837_45:SENT START, WAITING FOR FINISH 
141749:T510837_45:MACHINE DONE
141749:T510837_45:Error Code 0
141832:T510837_46:Machine Process.. START
141833:T510837_46:GOING TO SEND START
141833:T510837_46:SENT START, WAITING FOR FINISH 
141834:T510837_46:MACHINE DONE
141834:T510837_46:Error Code 0
141915:T510837_47:Machine Process.. START
141916:T510837_47:GOING TO SEND START
141916:T510837_47:SENT START, WAITING FOR FINISH 
141917:T510837_47:MACHINE DONE
141917:T510837_47:Error Code 0
141940:T510837_48:Machine Process.. START
141941:T510837_48:GOING TO SEND START
141941:T510837_48:SENT START, WAITING FOR FINISH 
141942:T510837_48:MACHINE DONE
141942:T510837_48:Error Code 0
142024:T510837_49:Machine Process.. START
142024:T510837_49:GOING TO SEND START
142024:T510837_49:SENT START, WAITING FOR FINISH 
142025:T510837_49:MACHINE DONE
142025:T510837_49:Error Code 0
142214:T510837_50:Machine Process.. START
142214:T510837_50:GOING TO SEND START
142214:T510837_50:SENT START, WAITING FOR FINISH 
142216:T510837_50:MACHINE DONE
142216:T510837_50:Error Code 0
142354:T510837_51:Machine Process.. START
142354:T510837_51:GOING TO SEND START
142354:T510837_51:SENT START, WAITING FOR FINISH 
142355:T510837_51:MACHINE DONE
142355:T510837_51:Error Code 0
142520:T510837_52:Machine Process.. START
142520:T510837_52:GOING TO SEND START
142521:T510837_52:SENT START, WAITING FOR FINISH 
142523:T510837_52:MACHINE DONE
142523:T510837_52:Error Code 0
142554:T510837_53:Machine Process.. START
142555:T510837_53:GOING TO SEND START
142555:T510837_53:SENT START, WAITING FOR FINISH 
142556:T510837_53:MACHINE DONE
142556:T510837_53:Error Code 0
142647:T510837_54:Machine Process.. START
142647:T510837_54:GOING TO SEND START
142647:T510837_54:SENT START, WAITING FOR FINISH 
142648:T510837_54:MACHINE DONE
142648:T510837_54:Error Code 0
142715:T510837_55:Machine Process.. START
142715:T510837_55:GOING TO SEND START
142715:T510837_55:SENT START, WAITING FOR FINISH 
142718:T510837_55:MACHINE DONE
142718:T510837_55:Error Code 0
143741:T510837_56:Machine Process.. START
143742:T510837_56:GOING TO SEND START
143742:T510837_56:SENT START, WAITING FOR FINISH 
143743:T510837_56:MACHINE DONE
143744:T510837_56:Error Code 0
143915:T510837_57:Machine Process.. START
143915:T510837_57:GOING TO SEND START
143916:T510837_57:SENT START, WAITING FOR FINISH 
143918:T510837_57:MACHINE DONE
143918:T510837_57:Error Code 0
143945:T510837_58:Machine Process.. START
143945:T510837_58:GOING TO SEND START
143945:T510837_58:SENT START, WAITING FOR FINISH 
143947:T510837_58:MACHINE DONE
143947:T510837_58:Error Code 0
144119:T510837_59:Machine Process.. START
144119:T510837_59:GOING TO SEND START
144119:T510837_59:SENT START, WAITING FOR FINISH 
144120:T510837_59:MACHINE DONE
144120:T510837_59:Error Code 0
144225:T510837_60:Machine Process.. START
144225:T510837_60:GOING TO SEND START
144226:T510837_60:SENT START, WAITING FOR FINISH 
144235:T510837_60:MACHINE DONE
144235:T510837_60:Error Code 0
144334:T510837_61:Machine Process.. START
144334:T510837_61:GOING TO SEND START
144335:T510837_61:SENT START, WAITING FOR FINISH 
144340:T510837_61:MACHINE DONE
144340:T510837_61:Error Code 0
144409:T510837_62:Machine Process.. START
144410:T510837_62:GOING TO SEND START
144410:T510837_62:SENT START, WAITING FOR FINISH 
144411:T510837_62:MACHINE DONE
144411:T510837_62:Error Code 0
144503:T510837_63:Machine Process.. START
144504:T510837_63:GOING TO SEND START
144504:T510837_63:SENT START, WAITING FOR FINISH 
144505:T510837_63:MACHINE DONE
144505:T510837_63:Error Code 0
144645:T510837_64:Machine Process.. START
144646:T510837_64:GOING TO SEND START
144646:T510837_64:SENT START, WAITING FOR FINISH 
144647:T510837_64:MACHINE DONE
144647:T510837_64:Error Code 0
144703:T510837_65:Machine Process.. START
144704:T510837_65:GOING TO SEND START
144704:T510837_65:SENT START, WAITING FOR FINISH 
144705:T510837_65:MACHINE DONE
144705:T510837_65:Error Code 0
144756:T510837_66:Machine Process.. START
144756:T510837_66:GOING TO SEND START
144756:T510837_66:SENT START, WAITING FOR FINISH 
144758:T510837_66:MACHINE DONE
144758:T510837_66:Error Code 0
144845:T510837_67:Machine Process.. START
144846:T510837_67:GOING TO SEND START
144846:T510837_67:SENT START, WAITING FOR FINISH 
144847:T510837_67:MACHINE DONE
144847:T510837_67:Error Code 0
145003:T510837_68:Machine Process.. START
145003:T510837_68:GOING TO SEND START
145003:T510837_68:SENT START, WAITING FOR FINISH 
145005:T510837_68:MACHINE DONE
145005:T510837_68:Error Code 0
145052:T510837_69:Machine Process.. START
145052:T510837_69:GOING TO SEND START
145053:T510837_69:SENT START, WAITING FOR FINISH 
145054:T510837_69:MACHINE DONE
145054:T510837_69:Error Code 0
145242:T510837_70:Machine Process.. START
145243:T510837_70:GOING TO SEND START
145243:T510837_70:SENT START, WAITING FOR FINISH 
145247:T510837_70:MACHINE DONE
145247:T510837_70:Error Code 0
145330:T510837_71:Machine Process.. START
145330:T510837_71:GOING TO SEND START
145330:T510837_71:SENT START, WAITING FOR FINISH 
145333:T510837_71:MACHINE DONE
145333:T510837_71:Error Code 0
145425:T510837_72:Machine Process.. START
145426:T510837_72:GOING TO SEND START
145426:T510837_72:SENT START, WAITING FOR FINISH 
145427:T510837_72:MACHINE DONE
145427:T510837_72:Error Code 0
145502:T510837_73:Machine Process.. START
145502:T510837_73:GOING TO SEND START
145502:T510837_73:SENT START, WAITING FOR FINISH 
145503:T510837_73:MACHINE DONE
145503:T510837_73:Error Code 0
145518:T510837_74:Machine Process.. START
145518:T510837_74:GOING TO SEND START
145518:T510837_74:SENT START, WAITING FOR FINISH 
145520:T510837_74:MACHINE DONE
145520:T510837_74:Error Code 0
145656:T510837_75:Machine Process.. START
145656:T510837_75:GOING TO SEND START
145657:T510837_75:SENT START, WAITING FOR FINISH 
145658:T510837_75:MACHINE DONE
145658:T510837_75:Error Code 0
145734:T510837_76:Machine Process.. START
145734:T510837_76:GOING TO SEND START
145734:T510837_76:SENT START, WAITING FOR FINISH 
145736:T510837_76:MACHINE DONE
145736:T510837_76:Error Code 0
145914:T510837_77:Machine Process.. START
145915:T510837_77:GOING TO SEND START
145915:T510837_77:SENT START, WAITING FOR FINISH 
145916:T510837_77:MACHINE DONE
145916:T510837_77:Error Code 0
152114:T510837_80:Machine Process.. START
152114:T510837_80:GOING TO SEND START
152115:T510837_80:SENT START, WAITING FOR FINISH 
152116:T510837_80:MACHINE DONE
152116:T510837_80:Error Code 0
152137:T510837_81:Machine Process.. START
152138:T510837_81:GOING TO SEND START
152138:T510837_81:SENT START, WAITING FOR FINISH 
152139:T510837_81:MACHINE DONE
152139:T510837_81:Error Code 0
152204:T510837_82:Machine Process.. START
152204:T510837_82:GOING TO SEND START
152204:T510837_82:SENT START, WAITING FOR FINISH 
152205:T510837_82:MACHINE DONE
152205:T510837_82:Error Code 0
152254:T510837_83:Machine Process.. START
152255:T510837_83:GOING TO SEND START
152255:T510837_83:SENT START, WAITING FOR FINISH 
152257:T510837_83:MACHINE DONE
152257:T510837_83:Error Code 0
152347:T510837_84:Machine Process.. START
152347:T510837_84:GOING TO SEND START
152347:T510837_84:SENT START, WAITING FOR FINISH 
152349:T510837_84:MACHINE DONE
152349:T510837_84:Error Code 0
152442:T510837_85:Machine Process.. START
152442:T510837_85:GOING TO SEND START
152442:T510837_85:SENT START, WAITING FOR FINISH 
152443:T510837_85:MACHINE DONE
152443:T510837_85:Error Code 0
152556:T510837_86:Machine Process.. START
152556:T510837_86:GOING TO SEND START
152556:T510837_86:SENT START, WAITING FOR FINISH 
152558:T510837_86:MACHINE DONE
152558:T510837_86:Error Code 0
152644:T510837_87:Machine Process.. START
152644:T510837_87:GOING TO SEND START
152644:T510837_87:SENT START, WAITING FOR FINISH 
152645:T510837_87:MACHINE DONE
152645:T510837_87:Error Code 0
152813:T510837_88:Machine Process.. START
152813:T510837_88:GOING TO SEND START
152813:T510837_88:SENT START, WAITING FOR FINISH 
152815:T510837_88:MACHINE DONE
152815:T510837_88:Error Code 0
152901:T510837_89:Machine Process.. START
152901:T510837_89:GOING TO SEND START
152901:T510837_89:SENT START, WAITING FOR FINISH 
152902:T510837_89:MACHINE DONE
152902:T510837_89:Error Code 0
152930:T510837_90:Machine Process.. START
152930:T510837_90:GOING TO SEND START
152931:T510837_90:SENT START, WAITING FOR FINISH 
152931:T510837_90:MACHINE DONE
152932:T510837_90:Error Code 0
153035:T510837_91:Machine Process.. START
153035:T510837_91:GOING TO SEND START
153036:T510837_91:SENT START, WAITING FOR FINISH 
153037:T510837_91:MACHINE DONE
153037:T510837_91:Error Code 0
153124:T510837_92:Machine Process.. START
153125:T510837_92:GOING TO SEND START
153125:T510837_92:SENT START, WAITING FOR FINISH 
153126:T510837_92:MACHINE DONE
153126:T510837_92:Error Code 0
153214:T510837_93:Machine Process.. START
153214:T510837_93:GOING TO SEND START
153214:T510837_93:SENT START, WAITING FOR FINISH 
153216:T510837_93:MACHINE DONE
153216:T510837_93:Error Code 0
153259:T510837_94:Machine Process.. START
153259:T510837_94:GOING TO SEND START
153259:T510837_94:SENT START, WAITING FOR FINISH 
153300:T510837_94:MACHINE DONE
153300:T510837_94:Error Code 0
153357:T510837_95:Machine Process.. START
153357:T510837_95:GOING TO SEND START
153357:T510837_95:SENT START, WAITING FOR FINISH 
153358:T510837_95:MACHINE DONE
153358:T510837_95:Error Code 0
153436:T510837_96:Machine Process.. START
153436:T510837_96:GOING TO SEND START
153437:T510837_96:SENT START, WAITING FOR FINISH 
153438:T510837_96:MACHINE DONE
153438:T510837_96:Error Code 0
153533:T510837_97:Machine Process.. START
153533:T510837_97:GOING TO SEND START
153534:T510837_97:SENT START, WAITING FOR FINISH 
153535:T510837_97:MACHINE DONE
153536:T510837_97:Error Code 0
153614:T510837_98:Machine Process.. START
153614:T510837_98:GOING TO SEND START
153615:T510837_98:SENT START, WAITING FOR FINISH 
153617:T510837_98:MACHINE DONE
153617:T510837_98:Error Code 0
153644:T510837_99:Machine Process.. START
153644:T510837_99:GOING TO SEND START
153644:T510837_99:SENT START, WAITING FOR FINISH 
153645:T510837_99:MACHINE DONE
153645:T510837_99:Error Code 0
153738:T510837_100:Machine Process.. START
153738:T510837_100:GOING TO SEND START
153738:T510837_100:SENT START, WAITING FOR FINISH 
153739:T510837_100:MACHINE DONE
153740:T510837_100:Error Code 0
153758:T510837_101:Machine Process.. START
153758:T510837_101:GOING TO SEND START
153758:T510837_101:SENT START, WAITING FOR FINISH 
153800:T510837_101:MACHINE DONE
153800:T510837_101:Error Code 0
153823:T510837_102:Machine Process.. START
153824:T510837_102:GOING TO SEND START
153824:T510837_102:SENT START, WAITING FOR FINISH 
153825:T510837_102:MACHINE DONE
153825:T510837_102:Error Code 0
153915:T510837_103:Machine Process.. START
153915:T510837_103:GOING TO SEND START
153915:T510837_103:SENT START, WAITING FOR FINISH 
153916:T510837_103:MACHINE DONE
153916:T510837_103:Error Code 0
154116:T510837_104:Machine Process.. START
154116:T510837_104:GOING TO SEND START
154116:T510837_104:SENT START, WAITING FOR FINISH 
154117:T510837_104:MACHINE DONE
154117:T510837_104:Error Code 0
154208:T510837_105:Machine Process.. START
154208:T510837_105:GOING TO SEND START
154208:T510837_105:SENT START, WAITING FOR FINISH 
154209:T510837_105:MACHINE DONE
154209:T510837_105:Error Code 0
154312:T510837_106:Machine Process.. START
154312:T510837_106:GOING TO SEND START
154312:T510837_106:SENT START, WAITING FOR FINISH 
154314:T510837_106:MACHINE DONE
154314:T510837_106:Error Code 0
154338:T510837_107:Machine Process.. START
154338:T510837_107:GOING TO SEND START
154338:T510837_107:SENT START, WAITING FOR FINISH 
154339:T510837_107:MACHINE DONE
154339:T510837_107:Error Code 0
154404:T510837_108:Machine Process.. START
154405:T510837_108:GOING TO SEND START
154405:T510837_108:SENT START, WAITING FOR FINISH 
154406:T510837_108:MACHINE DONE
154406:T510837_108:Error Code 0
154516:T510837_109:Machine Process.. START
154516:T510837_109:GOING TO SEND START
154516:T510837_109:SENT START, WAITING FOR FINISH 
154518:T510837_109:MACHINE DONE
154518:T510837_109:Error Code 0
154601:T510837_110:Machine Process.. START
154602:T510837_110:GOING TO SEND START
154602:T510837_110:SENT START, WAITING FOR FINISH 
154603:T510837_110:MACHINE DONE
154603:T510837_110:Error Code 0
154659:T510837_111:Machine Process.. START
154659:T510837_111:GOING TO SEND START
154659:T510837_111:SENT START, WAITING FOR FINISH 
154700:T510837_111:MACHINE DONE
154700:T510837_111:Error Code 0
154724:T510837_112:Machine Process.. START
154724:T510837_112:GOING TO SEND START
154725:T510837_112:SENT START, WAITING FOR FINISH 
154725:T510837_112:MACHINE DONE
154725:T510837_112:Error Code 0
154950:T510837_113:Machine Process.. START
154950:T510837_113:GOING TO SEND START
154950:T510837_113:SENT START, WAITING FOR FINISH 
154951:T510837_113:MACHINE DONE
154951:T510837_113:Error Code 0
155018:T510837_114:Machine Process.. START
155018:T510837_114:GOING TO SEND START
155019:T510837_114:SENT START, WAITING FOR FINISH 
155020:T510837_114:MACHINE DONE
155020:T510837_114:Error Code 0
155123:T510837_115:Machine Process.. START
155124:T510837_115:GOING TO SEND START
155124:T510837_115:SENT START, WAITING FOR FINISH 
155126:T510837_115:MACHINE DONE
155126:T510837_115:Error Code 0
155143:T510837_116:Machine Process.. START
155143:T510837_116:GOING TO SEND START
155144:T510837_116:SENT START, WAITING FOR FINISH 
155146:T510837_116:MACHINE DONE
155146:T510837_116:Error Code 0
155219:T510837_117:Machine Process.. START
155219:T510837_117:GOING TO SEND START
155219:T510837_117:SENT START, WAITING FOR FINISH 
155221:T510837_117:MACHINE DONE
155221:T510837_117:Error Code 0
155249:T510837_118:Machine Process.. START
155249:T510837_118:GOING TO SEND START
155250:T510837_118:SENT START, WAITING FOR FINISH 
155251:T510837_118:MACHINE DONE
155251:T510837_118:Error Code 0
155325:T510837_119:Machine Process.. START
155326:T510837_119:GOING TO SEND START
155326:T510837_119:SENT START, WAITING FOR FINISH 
155328:T510837_119:MACHINE DONE
155328:T510837_119:Error Code 0
155339:T510837_120:Machine Process.. START
155339:T510837_120:GOING TO SEND START
155339:T510837_120:SENT START, WAITING FOR FINISH 
155340:T510837_120:MACHINE DONE
155340:T510837_120:Error Code 0
155445:T510837_121:Machine Process.. START
155445:T510837_121:GOING TO SEND START
155445:T510837_121:SENT START, WAITING FOR FINISH 
155447:T510837_121:MACHINE DONE
155447:T510837_121:Error Code 0
155545:T510837_122:Machine Process.. START
155546:T510837_122:GOING TO SEND START
155546:T510837_122:SENT START, WAITING FOR FINISH 
155547:T510837_122:MACHINE DONE
155547:T510837_122:Error Code 0
155612:T510837_123:Machine Process.. START
155612:T510837_123:GOING TO SEND START
155612:T510837_123:SENT START, WAITING FOR FINISH 
155613:T510837_123:MACHINE DONE
155613:T510837_123:Error Code 0
155736:T510837_124:Machine Process.. START
155736:T510837_124:GOING TO SEND START
155737:T510837_124:SENT START, WAITING FOR FINISH 
155738:T510837_124:MACHINE DONE
155738:T510837_124:Error Code 0
155834:T510837_125:Machine Process.. START
155834:T510837_125:GOING TO SEND START
155834:T510837_125:SENT START, WAITING FOR FINISH 
155835:T510837_125:MACHINE DONE
155835:T510837_125:Error Code 0
155900:T510837_126:Machine Process.. START
155900:T510837_126:GOING TO SEND START
155900:T510837_126:SENT START, WAITING FOR FINISH 
155901:T510837_126:MACHINE DONE
155901:T510837_126:Error Code 0
160013:T510837_127:Machine Process.. START
160013:T510837_127:GOING TO SEND START
160014:T510837_127:SENT START, WAITING FOR FINISH 
160016:T510837_127:MACHINE DONE
160016:T510837_127:Error Code 0
160041:T510837_128:Machine Process.. START
160042:T510837_128:GOING TO SEND START
160042:T510837_128:SENT START, WAITING FOR FINISH 
160047:T510837_128:MACHINE DONE
160047:T510837_128:Error Code 0
160105:T510837_129:Machine Process.. START
160105:T510837_129:GOING TO SEND START
160105:T510837_129:SENT START, WAITING FOR FINISH 
160106:T510837_129:MACHINE DONE
160106:T510837_129:Error Code 0
