133852:T510836_1:Machine Process.. START
133852:T510836_1:GOING TO SEND START
133853:T510836_1:SENT START, WAITING FOR FINISH 
134059:T510836_1:MACHINE DONE
134059:T510836_1:Error Code 0
134330:T510836_2:Machine Process.. START
134330:T510836_2:GOING TO SEND START
134330:T510836_2:SENT START, WAITING FOR FINISH 
134446:T510836_2:MACHINE DONE
134446:T510836_2:Error Code 0
134503:T510836_3:Machine Process.. START
134504:T510836_3:GOING TO SEND START
134504:T510836_3:SENT START, WAITING FOR FINISH 
134619:T510836_3:MACHINE DONE
134619:T510836_3:Error Code 0
134625:T510836_4:Machine Process.. START
134625:T510836_4:GOING TO SEND START
134625:T510836_4:SENT START, WAITING FOR FINISH 
134744:T510836_4:MACHINE DONE
134744:T510836_4:Error Code 0
134749:T510836_5:Machine Process.. START
134749:T510836_5:GOING TO SEND START
134750:T510836_5:SENT START, WAITING FOR FINISH 
134904:T510836_5:MACHINE DONE
134904:T510836_5:Error Code 0
134907:T510836_6:Machine Process.. START
134908:T510836_6:GOING TO SEND START
134908:T510836_6:SENT START, WAITING FOR FINISH 
135025:T510836_6:MACHINE DONE
135025:T510836_6:Error Code 0
135029:T510836_7:Machine Process.. START
135030:T510836_7:GOING TO SEND START
135030:T510836_7:SENT START, WAITING FOR FINISH 
135142:T510836_7:MACHINE DONE
135142:T510836_7:Error Code 0
135145:T510836_8:Machine Process.. START
135145:T510836_8:GOING TO SEND START
135146:T510836_8:SENT START, WAITING FOR FINISH 
135302:T510836_8:MACHINE DONE
135302:T510836_8:Error Code 0
135305:T510836_9:Machine Process.. START
135305:T510836_9:GOING TO SEND START
135306:T510836_9:SENT START, WAITING FOR FINISH 
135419:T510836_9:MACHINE DONE
135419:T510836_9:Error Code 0
135422:T510836_10:Machine Process.. START
135422:T510836_10:GOING TO SEND START
135422:T510836_10:SENT START, WAITING FOR FINISH 
135537:T510836_10:MACHINE DONE
135537:T510836_10:Error Code 0
135540:T510836_11:Machine Process.. START
135540:T510836_11:GOING TO SEND START
135541:T510836_11:SENT START, WAITING FOR FINISH 
135654:T510836_11:MACHINE DONE
135654:T510836_11:Error Code 0
135656:T510836_12:Machine Process.. START
135657:T510836_12:GOING TO SEND START
135657:T510836_12:SENT START, WAITING FOR FINISH 
135813:T510836_12:MACHINE DONE
135813:T510836_12:Error Code 0
135818:T510836_13:Machine Process.. START
135818:T510836_13:GOING TO SEND START
135819:T510836_13:SENT START, WAITING FOR FINISH 
135933:T510836_13:MACHINE DONE
135933:T510836_13:Error Code 0
135937:T510836_14:Machine Process.. START
135937:T510836_14:GOING TO SEND START
135938:T510836_14:SENT START, WAITING FOR FINISH 
140051:T510836_14:MACHINE DONE
140051:T510836_14:Error Code 0
140055:T510836_15:Machine Process.. START
140055:T510836_15:GOING TO SEND START
140055:T510836_15:SENT START, WAITING FOR FINISH 
140207:T510836_15:MACHINE DONE
140207:T510836_15:Error Code 0
140211:T510836_16:Machine Process.. START
140211:T510836_16:GOING TO SEND START
140211:T510836_16:SENT START, WAITING FOR FINISH 
140335:T510836_16:MACHINE DONE
140335:T510836_16:Error Code 0
140339:T510836_17:Machine Process.. START
140339:T510836_17:GOING TO SEND START
140339:T510836_17:SENT START, WAITING FOR FINISH 
140456:T510836_17:MACHINE DONE
140456:T510836_17:Error Code 0
140500:T510836_18:Machine Process.. START
140500:T510836_18:GOING TO SEND START
140500:T510836_18:SENT START, WAITING FOR FINISH 
140617:T510836_18:MACHINE DONE
140617:T510836_18:Error Code 0
140620:T510836_19:Machine Process.. START
140620:T510836_19:GOING TO SEND START
140621:T510836_19:SENT START, WAITING FOR FINISH 
140740:T510836_19:MACHINE DONE
140740:T510836_19:Error Code 0
140746:T510836_20:Machine Process.. START
140747:T510836_20:GOING TO SEND START
140747:T510836_20:SENT START, WAITING FOR FINISH 
140904:T510836_20:MACHINE DONE
140904:T510836_20:Error Code 0
140909:T510836_21:Machine Process.. START
140909:T510836_21:GOING TO SEND START
140909:T510836_21:SENT START, WAITING FOR FINISH 
141021:T510836_21:MACHINE DONE
141021:T510836_21:Error Code 0
141025:T510836_22:Machine Process.. START
141025:T510836_22:GOING TO SEND START
141026:T510836_22:SENT START, WAITING FOR FINISH 
141137:T510836_22:MACHINE DONE
141137:T510836_22:Error Code 0
141140:T510836_23:Machine Process.. START
141141:T510836_23:GOING TO SEND START
141141:T510836_23:SENT START, WAITING FOR FINISH 
141301:T510836_23:MACHINE DONE
141301:T510836_23:Error Code 0
141304:T510836_24:Machine Process.. START
141304:T510836_24:GOING TO SEND START
141305:T510836_24:SENT START, WAITING FOR FINISH 
141417:T510836_24:MACHINE DONE
141417:T510836_24:Error Code 0
141421:T510836_25:Machine Process.. START
141421:T510836_25:GOING TO SEND START
141422:T510836_25:SENT START, WAITING FOR FINISH 
141541:T510836_25:MACHINE DONE
141541:T510836_25:Error Code 0
141544:T510836_26:Machine Process.. START
141545:T510836_26:GOING TO SEND START
141545:T510836_26:SENT START, WAITING FOR FINISH 
141704:T510836_26:MACHINE DONE
141704:T510836_26:Error Code 0
141708:T510836_27:Machine Process.. START
141708:T510836_27:GOING TO SEND START
141708:T510836_27:SENT START, WAITING FOR FINISH 
141827:T510836_27:MACHINE DONE
141827:T510836_27:Error Code 0
141831:T510836_28:Machine Process.. START
141831:T510836_28:GOING TO SEND START
141832:T510836_28:SENT START, WAITING FOR FINISH 
141944:T510836_28:MACHINE DONE
141944:T510836_28:Error Code 0
141947:T510836_29:Machine Process.. START
141947:T510836_29:GOING TO SEND START
141947:T510836_29:SENT START, WAITING FOR FINISH 
142110:T510836_29:MACHINE DONE
142110:T510836_29:Error Code 0
142112:T510836_30:Machine Process.. START
142112:T510836_30:GOING TO SEND START
142113:T510836_30:SENT START, WAITING FOR FINISH 
142229:T510836_30:MACHINE DONE
142229:T510836_30:Error Code 0
142232:T510836_31:Machine Process.. START
142232:T510836_31:GOING TO SEND START
142232:T510836_31:SENT START, WAITING FOR FINISH 
142349:T510836_31:MACHINE DONE
142349:T510836_31:Error Code 0
142351:T510836_32:Machine Process.. START
142351:T510836_32:GOING TO SEND START
142351:T510836_32:SENT START, WAITING FOR FINISH 
142508:T510836_32:MACHINE DONE
142508:T510836_32:Error Code 0
142524:T510836_33:Machine Process.. START
142524:T510836_33:GOING TO SEND START
142524:T510836_33:SENT START, WAITING FOR FINISH 
142638:T510836_33:MACHINE DONE
142638:T510836_33:Error Code 0
142640:T510836_34:Machine Process.. START
142640:T510836_34:GOING TO SEND START
142640:T510836_34:SENT START, WAITING FOR FINISH 
142754:T510836_34:MACHINE DONE
142754:T510836_34:Error Code 0
142804:T510836_35:Machine Process.. START
142805:T510836_35:GOING TO SEND START
142805:T510836_35:SENT START, WAITING FOR FINISH 
142923:T510836_35:MACHINE DONE
142923:T510836_35:Error Code 0
142927:T510836_36:Machine Process.. START
142927:T510836_36:GOING TO SEND START
142927:T510836_36:SENT START, WAITING FOR FINISH 
143049:T510836_36:MACHINE DONE
143049:T510836_36:Error Code 0
143055:T510836_37:Machine Process.. START
143055:T510836_37:GOING TO SEND START
143056:T510836_37:SENT START, WAITING FOR FINISH 
143220:T510836_37:MACHINE DONE
143220:T510836_37:Error Code 0
143222:T510836_38:Machine Process.. START
143222:T510836_38:GOING TO SEND START
143222:T510836_38:SENT START, WAITING FOR FINISH 
143334:T510836_38:MACHINE DONE
143334:T510836_38:Error Code 0
143337:T510836_39:Machine Process.. START
143337:T510836_39:GOING TO SEND START
143338:T510836_39:SENT START, WAITING FOR FINISH 
143451:T510836_39:MACHINE DONE
143451:T510836_39:Error Code 0
143454:T510836_40:Machine Process.. START
143455:T510836_40:GOING TO SEND START
143455:T510836_40:SENT START, WAITING FOR FINISH 
143612:T510836_40:MACHINE DONE
143612:T510836_40:Error Code 0
143620:T510836_41:Machine Process.. START
143621:T510836_41:GOING TO SEND START
143621:T510836_41:SENT START, WAITING FOR FINISH 
143744:T510836_41:MACHINE DONE
143744:T510836_41:Error Code 0
143747:T510836_42:Machine Process.. START
143748:T510836_42:GOING TO SEND START
143748:T510836_42:SENT START, WAITING FOR FINISH 
143915:T510836_42:MACHINE DONE
143915:T510836_42:Error Code 0
143918:T510836_43:Machine Process.. START
143918:T510836_43:GOING TO SEND START
143918:T510836_43:SENT START, WAITING FOR FINISH 
144040:T510836_43:MACHINE DONE
144040:T510836_43:Error Code 0
144044:T510836_44:Machine Process.. START
144045:T510836_44:GOING TO SEND START
144045:T510836_44:SENT START, WAITING FOR FINISH 
144157:T510836_44:MACHINE DONE
144157:T510836_44:Error Code 0
144207:T510836_45:Machine Process.. START
144207:T510836_45:GOING TO SEND START
144207:T510836_45:SENT START, WAITING FOR FINISH 
144349:T510836_45:MACHINE DONE
144349:T510836_45:Error Code 0
144352:T510836_46:Machine Process.. START
144352:T510836_46:GOING TO SEND START
144353:T510836_46:SENT START, WAITING FOR FINISH 
144516:T510836_46:MACHINE DONE
144516:T510836_46:Error Code 0
144518:T510836_47:Machine Process.. START
144518:T510836_47:GOING TO SEND START
144519:T510836_47:SENT START, WAITING FOR FINISH 
144750:T510836_47:MACHINE DONE
144750:T510836_47:Error Code 0
144752:T510836_48:Machine Process.. START
144753:T510836_48:GOING TO SEND START
144753:T510836_48:SENT START, WAITING FOR FINISH 
144949:T510836_48:MACHINE DONE
144949:T510836_48:Error Code 0
144951:T510836_49:Machine Process.. START
144952:T510836_49:GOING TO SEND START
144952:T510836_49:SENT START, WAITING FOR FINISH 
145139:T510836_49:MACHINE DONE
145139:T510836_49:Error Code 0
145143:T510836_50:Machine Process.. START
145143:T510836_50:GOING TO SEND START
145143:T510836_50:SENT START, WAITING FOR FINISH 
145306:T510836_50:MACHINE DONE
145306:T510836_50:Error Code 0
145309:T510836_51:Machine Process.. START
145309:T510836_51:GOING TO SEND START
145309:T510836_51:SENT START, WAITING FOR FINISH 
145459:T510836_51:MACHINE DONE
145459:T510836_51:Error Code 0
145501:T510836_52:Machine Process.. START
145501:T510836_52:GOING TO SEND START
145502:T510836_52:SENT START, WAITING FOR FINISH 
145506:T510836_52:MACHINE DONE
145506:T510836_52:Error Code 0
145509:T510836_53:Machine Process.. START
145510:T510836_53:GOING TO SEND START
145510:T510836_53:SENT START, WAITING FOR FINISH 
145513:T510836_53:MACHINE DONE
145513:T510836_53:Error Code 0
164536:T510837_1:Machine Process.. START
164536:T510837_1:GOING TO SEND START
164536:T510837_1:SENT START, WAITING FOR FINISH 
164933:T510837_1:MACHINE DONE
164933:T510837_1:Error Code 0
165027:T510837_2:Machine Process.. START
165028:T510837_2:GOING TO SEND START
165028:T510837_2:SENT START, WAITING FOR FINISH 
165033:T510837_2:MACHINE DONE
165033:T510837_2:Error Code 0
171946:T510837_5:Machine Process.. START
171946:T510837_5:GOING TO SEND START
171946:T510837_5:SENT START, WAITING FOR FINISH 
171955:T510837_5:MACHINE DONE
171955:T510837_5:Error Code 0
172121:T510837_6:Machine Process.. START
172121:T510837_6:GOING TO SEND START
172122:T510837_6:SENT START, WAITING FOR FINISH 
172135:T510837_6:MACHINE DONE
172135:T510837_6:Error Code 0
172344:T510837_7:Machine Process.. START
172344:T510837_7:GOING TO SEND START
172344:T510837_7:SENT START, WAITING FOR FINISH 
172453:T510837_7:MACHINE DONE
172453:T510837_7:Error Code 0
172649:T510837_8:Machine Process.. START
172649:T510837_8:GOING TO SEND START
172650:T510837_8:SENT START, WAITING FOR FINISH 
172927:T510837_8:MACHINE DONE
172927:T510837_8:Error Code 0
