112811:T589126_1:Machine Process.. START
112811:T589126_1:GOING TO SEND START
112811:T589126_1:SENT START, WAITING FOR FINISH 
112816:T589126_1:MACHINE DONE
112816:T589126_1:Error Code 0
114945:T589126_2:Machine Process.. START
114945:T589126_2:GOING TO SEND START
114945:T589126_2:SENT START, WAITING FOR FINISH 
114951:T589126_2:MACHINE DONE
114951:T589126_2:Error Code 0
133640:T510837_1:Machine Process.. START
133641:T510837_1:GOING TO SEND START
133641:T510837_1:SENT START, WAITING FOR FINISH 
133917:T510837_1:MACHINE DONE
133917:T510837_1:Error Code 0
133920:T510837_2:Machine Process.. START
133920:T510837_2:GOING TO SEND START
133920:T510837_2:SENT START, WAITING FOR FINISH 
133934:T510837_2:MACHINE DONE
133934:T510837_2:Error Code 0
134005:T510837_3:Machine Process.. START
134005:T510837_3:GOING TO SEND START
134005:T510837_3:SENT START, WAITING FOR FINISH 
134034:T510837_3:MACHINE DONE
134034:T510837_3:Error Code 0
134042:T510837_4:Machine Process.. START
134042:T510837_4:GOING TO SEND START
134042:T510837_4:SENT START, WAITING FOR FINISH 
134056:T510837_4:MACHINE DONE
134056:T510837_4:Error Code 0
135053:T510837_5:Machine Process.. START
135053:T510837_5:GOING TO SEND START
135054:T510837_5:SENT START, WAITING FOR FINISH 
135138:T510837_5:MACHINE DONE
135138:T510837_5:Error Code 0
135152:T510837_6:Machine Process.. START
135152:T510837_6:GOING TO SEND START
135153:T510837_6:SENT START, WAITING FOR FINISH 
135210:T510837_6:MACHINE DONE
135210:T510837_6:Error Code 0
135237:T510837_7:Machine Process.. START
135237:T510837_7:GOING TO SEND START
135237:T510837_7:SENT START, WAITING FOR FINISH 
135253:T510837_7:MACHINE DONE
135253:T510837_7:Error Code 0
135322:T510837_8:Machine Process.. START
135322:T510837_8:GOING TO SEND START
135323:T510837_8:SENT START, WAITING FOR FINISH 
135339:T510837_8:MACHINE DONE
135339:T510837_8:Error Code 0
135410:T510837_9:Machine Process.. START
135410:T510837_9:GOING TO SEND START
135410:T510837_9:SENT START, WAITING FOR FINISH 
135427:T510837_9:MACHINE DONE
135428:T510837_9:Error Code 0
135506:T510837_10:Machine Process.. START
135506:T510837_10:GOING TO SEND START
135506:T510837_10:SENT START, WAITING FOR FINISH 
135517:T510837_10:MACHINE DONE
135517:T510837_10:Error Code 0
135552:T510837_11:Machine Process.. START
135553:T510837_11:GOING TO SEND START
135553:T510837_11:SENT START, WAITING FOR FINISH 
135602:T510837_11:MACHINE DONE
135603:T510837_11:Error Code 0
135741:T510837_12:Machine Process.. START
135741:T510837_12:GOING TO SEND START
135742:T510837_12:SENT START, WAITING FOR FINISH 
135748:T510837_12:MACHINE DONE
135748:T510837_12:Error Code 0
135816:T510837_13:Machine Process.. START
135816:T510837_13:GOING TO SEND START
135817:T510837_13:SENT START, WAITING FOR FINISH 
135828:T510837_13:MACHINE DONE
135828:T510837_13:Error Code 0
135853:T510837_14:Machine Process.. START
135854:T510837_14:GOING TO SEND START
135854:T510837_14:SENT START, WAITING FOR FINISH 
135907:T510837_14:MACHINE DONE
135907:T510837_14:Error Code 0
135955:T510837_15:Machine Process.. START
135955:T510837_15:GOING TO SEND START
135956:T510837_15:SENT START, WAITING FOR FINISH 
140007:T510837_15:MACHINE DONE
140007:T510837_15:Error Code 0
140145:T510837_16:Machine Process.. START
140146:T510837_16:GOING TO SEND START
140146:T510837_16:SENT START, WAITING FOR FINISH 
140156:T510837_16:MACHINE DONE
140156:T510837_16:Error Code 0
140316:T510837_17:Machine Process.. START
140316:T510837_17:GOING TO SEND START
140317:T510837_17:SENT START, WAITING FOR FINISH 
140331:T510837_17:MACHINE DONE
140331:T510837_17:Error Code 0
140410:T510837_18:Machine Process.. START
140410:T510837_18:GOING TO SEND START
140410:T510837_18:SENT START, WAITING FOR FINISH 
140417:T510837_18:MACHINE DONE
140417:T510837_18:Error Code 0
140626:T510837_19:Machine Process.. START
140626:T510837_19:GOING TO SEND START
140627:T510837_19:SENT START, WAITING FOR FINISH 
140634:T510837_19:MACHINE DONE
140634:T510837_19:Error Code 0
140705:T510837_20:Machine Process.. START
140705:T510837_20:GOING TO SEND START
140706:T510837_20:SENT START, WAITING FOR FINISH 
140712:T510837_20:MACHINE DONE
140712:T510837_20:Error Code 0
140818:T510837_21:Machine Process.. START
140818:T510837_21:GOING TO SEND START
140819:T510837_21:SENT START, WAITING FOR FINISH 
140836:T510837_21:MACHINE DONE
140836:T510837_21:Error Code 0
141120:T510837_22:Machine Process.. START
141120:T510837_22:GOING TO SEND START
141120:T510837_22:SENT START, WAITING FOR FINISH 
141132:T510837_22:MACHINE DONE
141132:T510837_22:Error Code 0
141222:T510837_23:Machine Process.. START
141222:T510837_23:GOING TO SEND START
141222:T510837_23:SENT START, WAITING FOR FINISH 
141234:T510837_23:MACHINE DONE
141234:T510837_23:Error Code 0
141329:T510837_24:Machine Process.. START
141329:T510837_24:GOING TO SEND START
141329:T510837_24:SENT START, WAITING FOR FINISH 
141344:T510837_24:MACHINE DONE
141344:T510837_24:Error Code 0
141811:T510837_25:Machine Process.. START
141811:T510837_25:GOING TO SEND START
141811:T510837_25:SENT START, WAITING FOR FINISH 
141828:T510837_25:MACHINE DONE
141828:T510837_25:Error Code 0
141853:T510837_26:Machine Process.. START
141853:T510837_26:GOING TO SEND START
141854:T510837_26:SENT START, WAITING FOR FINISH 
141926:T510837_26:MACHINE DONE
141926:T510837_26:Error Code 0
141944:T510837_27:Machine Process.. START
141944:T510837_27:GOING TO SEND START
141945:T510837_27:SENT START, WAITING FOR FINISH 
142006:T510837_27:MACHINE DONE
142006:T510837_27:Error Code 0
142037:T510837_28:Machine Process.. START
142037:T510837_28:GOING TO SEND START
142038:T510837_28:SENT START, WAITING FOR FINISH 
142100:T510837_28:MACHINE DONE
142100:T510837_28:Error Code 0
142131:T510837_29:Machine Process.. START
142132:T510837_29:GOING TO SEND START
142132:T510837_29:SENT START, WAITING FOR FINISH 
142144:T510837_29:MACHINE DONE
142144:T510837_29:Error Code 0
142236:T510837_30:Machine Process.. START
142236:T510837_30:GOING TO SEND START
142237:T510837_30:SENT START, WAITING FOR FINISH 
142252:T510837_30:MACHINE DONE
142252:T510837_30:Error Code 0
142318:T510837_31:Machine Process.. START
142318:T510837_31:GOING TO SEND START
142318:T510837_31:SENT START, WAITING FOR FINISH 
142337:T510837_31:MACHINE DONE
142337:T510837_31:Error Code 0
142408:T510837_32:Machine Process.. START
142409:T510837_32:GOING TO SEND START
142409:T510837_32:SENT START, WAITING FOR FINISH 
142423:T510837_32:MACHINE DONE
142423:T510837_32:Error Code 0
142451:T510837_33:Machine Process.. START
142452:T510837_33:GOING TO SEND START
142452:T510837_33:SENT START, WAITING FOR FINISH 
142509:T510837_33:MACHINE DONE
142509:T510837_33:Error Code 0
142602:T510837_34:Machine Process.. START
142602:T510837_34:GOING TO SEND START
142603:T510837_34:SENT START, WAITING FOR FINISH 
142617:T510837_34:MACHINE DONE
142617:T510837_34:Error Code 0
142701:T510837_35:Machine Process.. START
142701:T510837_35:GOING TO SEND START
142702:T510837_35:SENT START, WAITING FOR FINISH 
142720:T510837_35:MACHINE DONE
142720:T510837_35:Error Code 0
142823:T510837_36:Machine Process.. START
142823:T510837_36:GOING TO SEND START
142823:T510837_36:SENT START, WAITING FOR FINISH 
142839:T510837_36:MACHINE DONE
142839:T510837_36:Error Code 0
142855:T510837_37:Machine Process.. START
142855:T510837_37:GOING TO SEND START
142856:T510837_37:SENT START, WAITING FOR FINISH 
142925:T510837_37:MACHINE DONE
142925:T510837_37:Error Code 0
143007:T510837_38:Machine Process.. START
143008:T510837_38:GOING TO SEND START
143008:T510837_38:SENT START, WAITING FOR FINISH 
143018:T510837_38:MACHINE DONE
143018:T510837_38:Error Code 0
143128:T510837_39:Machine Process.. START
143128:T510837_39:GOING TO SEND START
143129:T510837_39:SENT START, WAITING FOR FINISH 
143133:T510837_39:MACHINE DONE
143134:T510837_39:Error Code 0
143309:T510837_40:Machine Process.. START
143309:T510837_40:GOING TO SEND START
143310:T510837_40:SENT START, WAITING FOR FINISH 
143323:T510837_40:MACHINE DONE
143323:T510837_40:Error Code 0
143432:T510837_41:Machine Process.. START
143432:T510837_41:GOING TO SEND START
143432:T510837_41:SENT START, WAITING FOR FINISH 
143444:T510837_41:MACHINE DONE
143444:T510837_41:Error Code 0
143518:T510837_42:Machine Process.. START
143518:T510837_42:GOING TO SEND START
143518:T510837_42:SENT START, WAITING FOR FINISH 
143554:T510837_42:MACHINE DONE
143554:T510837_42:Error Code 0
143644:T510837_43:Machine Process.. START
143644:T510837_43:GOING TO SEND START
143644:T510837_43:SENT START, WAITING FOR FINISH 
143659:T510837_43:MACHINE DONE
143659:T510837_43:Error Code 0
143804:T510837_44:Machine Process.. START
143804:T510837_44:GOING TO SEND START
143804:T510837_44:SENT START, WAITING FOR FINISH 
143818:T510837_44:MACHINE DONE
143818:T510837_44:Error Code 0
143934:T510837_45:Machine Process.. START
143935:T510837_45:GOING TO SEND START
143935:T510837_45:SENT START, WAITING FOR FINISH 
143949:T510837_45:MACHINE DONE
143949:T510837_45:Error Code 0
144017:T510837_46:Machine Process.. START
144017:T510837_46:GOING TO SEND START
144018:T510837_46:SENT START, WAITING FOR FINISH 
144030:T510837_46:MACHINE DONE
144030:T510837_46:Error Code 0
144132:T510837_47:Machine Process.. START
144132:T510837_47:GOING TO SEND START
144132:T510837_47:SENT START, WAITING FOR FINISH 
144142:T510837_47:MACHINE DONE
144142:T510837_47:Error Code 0
144252:T510837_48:Machine Process.. START
144252:T510837_48:GOING TO SEND START
144252:T510837_48:SENT START, WAITING FOR FINISH 
144300:T510837_48:MACHINE DONE
144300:T510837_48:Error Code 0
144357:T510837_49:Machine Process.. START
144357:T510837_49:GOING TO SEND START
144357:T510837_49:SENT START, WAITING FOR FINISH 
144408:T510837_49:MACHINE DONE
144408:T510837_49:Error Code 0
144511:T510837_50:Machine Process.. START
144511:T510837_50:GOING TO SEND START
144511:T510837_50:SENT START, WAITING FOR FINISH 
144520:T510837_50:MACHINE DONE
144520:T510837_50:Error Code 0
144627:T510837_51:Machine Process.. START
144627:T510837_51:GOING TO SEND START
144627:T510837_51:SENT START, WAITING FOR FINISH 
144637:T510837_51:MACHINE DONE
144637:T510837_51:Error Code 0
