095747:T510836_1:Machine Process.. START
095747:T510836_1:GOING TO SEND START
095747:T510836_1:SENT START, WAITING FOR FINISH 
095748:T510836_1:MACHINE DONE
095748:T510836_1:Error Code 0
102721:T510836_2:Machine Process.. START
102722:T510836_2:GOING TO SEND START
102722:T510836_2:SENT START, WAITING FOR FINISH 
102723:T510836_2:MACHINE DONE
102723:T510836_2:Error Code 0
102832:T510836_3:Machine Process.. START
102833:T510836_3:GOING TO SEND START
102833:T510836_3:SENT START, WAITING FOR FINISH 
102835:T510836_3:MACHINE DONE
102835:T510836_3:Error Code 0
103025:T510836_4:Machine Process.. START
103025:T510836_4:GOING TO SEND START
103025:T510836_4:SENT START, WAITING FOR FINISH 
103027:T510836_4:MACHINE DONE
103027:T510836_4:Error Code 0
103138:T510836_5:Machine Process.. START
103138:T510836_5:GOING TO SEND START
103138:T510836_5:SENT START, WAITING FOR FINISH 
103141:T510836_5:MACHINE DONE
103141:T510836_5:Error Code 0
103235:T510836_6:Machine Process.. START
103235:T510836_6:GOING TO SEND START
103235:T510836_6:SENT START, WAITING FOR FINISH 
103237:T510836_6:MACHINE DONE
103237:T510836_6:Error Code 0
103336:T510836_7:Machine Process.. START
103336:T510836_7:GOING TO SEND START
103336:T510836_7:SENT START, WAITING FOR FINISH 
103339:T510836_7:MACHINE DONE
103339:T510836_7:Error Code 0
103411:T510836_8:Machine Process.. START
103411:T510836_8:GOING TO SEND START
103411:T510836_8:SENT START, WAITING FOR FINISH 
103414:T510836_8:MACHINE DONE
103414:T510836_8:Error Code 0
103549:T510836_9:Machine Process.. START
103550:T510836_9:GOING TO SEND START
103550:T510836_9:SENT START, WAITING FOR FINISH 
103553:T510836_9:MACHINE DONE
103553:T510836_9:Error Code 0
103703:T510836_10:Machine Process.. START
103703:T510836_10:GOING TO SEND START
103704:T510836_10:SENT START, WAITING FOR FINISH 
103705:T510836_10:MACHINE DONE
103705:T510836_10:Error Code 0
103827:T510836_11:Machine Process.. START
103828:T510836_11:GOING TO SEND START
103828:T510836_11:SENT START, WAITING FOR FINISH 
103830:T510836_11:MACHINE DONE
103830:T510836_11:Error Code 0
103948:T510836_12:Machine Process.. START
103948:T510836_12:GOING TO SEND START
103949:T510836_12:SENT START, WAITING FOR FINISH 
103951:T510836_12:MACHINE DONE
103951:T510836_12:Error Code 0
104116:T510836_13:Machine Process.. START
104117:T510836_13:GOING TO SEND START
104117:T510836_13:SENT START, WAITING FOR FINISH 
104118:T510836_13:MACHINE DONE
104118:T510836_13:Error Code 0
104233:T510836_14:Machine Process.. START
104234:T510836_14:GOING TO SEND START
104234:T510836_14:SENT START, WAITING FOR FINISH 
104236:T510836_14:MACHINE DONE
104236:T510836_14:Error Code 0
104358:T510836_15:Machine Process.. START
104358:T510836_15:GOING TO SEND START
104359:T510836_15:SENT START, WAITING FOR FINISH 
104400:T510836_15:MACHINE DONE
104400:T510836_15:Error Code 0
104514:T510836_16:Machine Process.. START
104514:T510836_16:GOING TO SEND START
104515:T510836_16:SENT START, WAITING FOR FINISH 
104517:T510836_16:MACHINE DONE
104517:T510836_16:Error Code 0
104629:T510836_17:Machine Process.. START
104629:T510836_17:GOING TO SEND START
104629:T510836_17:SENT START, WAITING FOR FINISH 
104631:T510836_17:MACHINE DONE
104631:T510836_17:Error Code 0
104749:T510836_18:Machine Process.. START
104749:T510836_18:GOING TO SEND START
104750:T510836_18:SENT START, WAITING FOR FINISH 
104756:T510836_18:MACHINE DONE
104756:T510836_18:Error Code 0
105034:T510836_19:Machine Process.. START
105034:T510836_19:GOING TO SEND START
105034:T510836_19:SENT START, WAITING FOR FINISH 
105037:T510836_19:MACHINE DONE
105037:T510836_19:Error Code 0
105157:T510836_20:Machine Process.. START
105157:T510836_20:GOING TO SEND START
105157:T510836_20:SENT START, WAITING FOR FINISH 
105159:T510836_20:MACHINE DONE
105159:T510836_20:Error Code 0
105313:T510836_21:Machine Process.. START
105313:T510836_21:GOING TO SEND START
105313:T510836_21:SENT START, WAITING FOR FINISH 
105316:T510836_21:MACHINE DONE
105316:T510836_21:Error Code 0
105444:T510836_22:Machine Process.. START
105444:T510836_22:GOING TO SEND START
105445:T510836_22:SENT START, WAITING FOR FINISH 
105446:T510836_22:MACHINE DONE
105446:T510836_22:Error Code 0
105556:T510836_23:Machine Process.. START
105557:T510836_23:GOING TO SEND START
105557:T510836_23:SENT START, WAITING FOR FINISH 
105559:T510836_23:MACHINE DONE
105559:T510836_23:Error Code 0
105835:T510836_24:Machine Process.. START
105835:T510836_24:GOING TO SEND START
105836:T510836_24:SENT START, WAITING FOR FINISH 
105837:T510836_24:MACHINE DONE
105838:T510836_24:Error Code 0
105922:T510836_25:Machine Process.. START
105922:T510836_25:GOING TO SEND START
105923:T510836_25:SENT START, WAITING FOR FINISH 
105925:T510836_25:MACHINE DONE
105925:T510836_25:Error Code 0
131211:T510836_35:Machine Process.. START
131211:T510836_35:GOING TO SEND START
131211:T510836_35:SENT START, WAITING FOR FINISH 
131213:T510836_35:MACHINE DONE
131213:T510836_35:Error Code 0
131252:T510836_36:Machine Process.. START
131252:T510836_36:GOING TO SEND START
131253:T510836_36:SENT START, WAITING FOR FINISH 
131254:T510836_36:MACHINE DONE
131254:T510836_36:Error Code 0
140112:T510836_47:Machine Process.. START
140113:T510836_47:GOING TO SEND START
140113:T510836_47:SENT START, WAITING FOR FINISH 
140115:T510836_47:MACHINE DONE
140115:T510836_47:Error Code 0
140202:T510836_48:Machine Process.. START
140202:T510836_48:GOING TO SEND START
140202:T510836_48:SENT START, WAITING FOR FINISH 
140206:T510836_48:MACHINE DONE
140206:T510836_48:Error Code 0
140336:T510836_49:Machine Process.. START
140336:T510836_49:GOING TO SEND START
140336:T510836_49:SENT START, WAITING FOR FINISH 
140338:T510836_49:MACHINE DONE
140338:T510836_49:Error Code 0
140523:T510836_50:Machine Process.. START
140523:T510836_50:GOING TO SEND START
140523:T510836_50:SENT START, WAITING FOR FINISH 
140526:T510836_50:MACHINE DONE
140526:T510836_50:Error Code 0
140610:T510836_51:Machine Process.. START
140610:T510836_51:GOING TO SEND START
140610:T510836_51:SENT START, WAITING FOR FINISH 
140612:T510836_51:MACHINE DONE
140612:T510836_51:Error Code 0
140708:T510836_52:Machine Process.. START
140708:T510836_52:GOING TO SEND START
140709:T510836_52:SENT START, WAITING FOR FINISH 
140711:T510836_52:MACHINE DONE
140711:T510836_52:Error Code 0
140735:T510836_53:Machine Process.. START
140735:T510836_53:GOING TO SEND START
140736:T510836_53:SENT START, WAITING FOR FINISH 
140737:T510836_53:MACHINE DONE
140737:T510836_53:Error Code 0
140854:T510836_54:Machine Process.. START
140854:T510836_54:GOING TO SEND START
140854:T510836_54:SENT START, WAITING FOR FINISH 
140857:T510836_54:MACHINE DONE
140857:T510836_54:Error Code 0
140929:T510836_55:Machine Process.. START
140929:T510836_55:GOING TO SEND START
140929:T510836_55:SENT START, WAITING FOR FINISH 
140931:T510836_55:MACHINE DONE
140931:T510836_55:Error Code 0
141042:T510836_56:Machine Process.. START
141042:T510836_56:GOING TO SEND START
141042:T510836_56:SENT START, WAITING FOR FINISH 
141045:T510836_56:MACHINE DONE
141045:T510836_56:Error Code 0
141202:T510836_57:Machine Process.. START
141202:T510836_57:GOING TO SEND START
141203:T510836_57:SENT START, WAITING FOR FINISH 
141204:T510836_57:MACHINE DONE
141204:T510836_57:Error Code 0
141256:T510836_58:Machine Process.. START
141256:T510836_58:GOING TO SEND START
141257:T510836_58:SENT START, WAITING FOR FINISH 
141258:T510836_58:MACHINE DONE
141258:T510836_58:Error Code 0
141406:T510836_59:Machine Process.. START
141406:T510836_59:GOING TO SEND START
141406:T510836_59:SENT START, WAITING FOR FINISH 
141408:T510836_59:MACHINE DONE
141408:T510836_59:Error Code 0
141520:T510836_60:Machine Process.. START
141520:T510836_60:GOING TO SEND START
141521:T510836_60:SENT START, WAITING FOR FINISH 
141521:T510836_60:MACHINE DONE
141521:T510836_60:Error Code 0
141643:T510836_61:Machine Process.. START
141643:T510836_61:GOING TO SEND START
141643:T510836_61:SENT START, WAITING FOR FINISH 
141645:T510836_61:MACHINE DONE
141645:T510836_61:Error Code 0
141727:T510836_62:Machine Process.. START
141727:T510836_62:GOING TO SEND START
141728:T510836_62:SENT START, WAITING FOR FINISH 
141731:T510836_62:MACHINE DONE
141731:T510836_62:Error Code 0
142032:T510836_63:Machine Process.. START
142032:T510836_63:GOING TO SEND START
142032:T510836_63:SENT START, WAITING FOR FINISH 
142034:T510836_63:MACHINE DONE
142034:T510836_63:Error Code 0
142120:T510836_64:Machine Process.. START
142120:T510836_64:GOING TO SEND START
142120:T510836_64:SENT START, WAITING FOR FINISH 
142121:T510836_64:MACHINE DONE
142121:T510836_64:Error Code 0
142159:T510836_65:Machine Process.. START
142200:T510836_65:GOING TO SEND START
142200:T510836_65:SENT START, WAITING FOR FINISH 
142203:T510836_65:MACHINE DONE
142203:T510836_65:Error Code 0
142238:T510836_66:Machine Process.. START
142239:T510836_66:GOING TO SEND START
142239:T510836_66:SENT START, WAITING FOR FINISH 
142241:T510836_66:MACHINE DONE
142241:T510836_66:Error Code 0
142412:T510836_67:Machine Process.. START
142413:T510836_67:GOING TO SEND START
142413:T510836_67:SENT START, WAITING FOR FINISH 
142414:T510836_67:MACHINE DONE
142414:T510836_67:Error Code 0
142609:T510836_68:Machine Process.. START
142609:T510836_68:GOING TO SEND START
142610:T510836_68:SENT START, WAITING FOR FINISH 
142613:T510836_68:MACHINE DONE
142613:T510836_68:Error Code 0
142744:T510836_69:Machine Process.. START
142744:T510836_69:GOING TO SEND START
142745:T510836_69:SENT START, WAITING FOR FINISH 
142746:T510836_69:MACHINE DONE
142746:T510836_69:Error Code 0
142844:T510836_70:Machine Process.. START
142844:T510836_70:GOING TO SEND START
142844:T510836_70:SENT START, WAITING FOR FINISH 
142847:T510836_70:MACHINE DONE
142847:T510836_70:Error Code 0
143026:T510836_71:Machine Process.. START
143027:T510836_71:GOING TO SEND START
143027:T510836_71:SENT START, WAITING FOR FINISH 
143042:T510836_71:MACHINE DONE
143042:T510836_71:Error Code 0
143107:T510836_72:Machine Process.. START
143108:T510836_72:GOING TO SEND START
143108:T510836_72:SENT START, WAITING FOR FINISH 
143110:T510836_72:MACHINE DONE
143110:T510836_72:Error Code 0
143138:T510836_73:Machine Process.. START
143138:T510836_73:GOING TO SEND START
143138:T510836_73:SENT START, WAITING FOR FINISH 
143140:T510836_73:MACHINE DONE
143140:T510836_73:Error Code 0
143233:T510836_74:Machine Process.. START
143233:T510836_74:GOING TO SEND START
143234:T510836_74:SENT START, WAITING FOR FINISH 
143236:T510836_74:MACHINE DONE
143236:T510836_74:Error Code 0
143315:T510836_75:Machine Process.. START
143315:T510836_75:GOING TO SEND START
143316:T510836_75:SENT START, WAITING FOR FINISH 
143317:T510836_75:MACHINE DONE
143317:T510836_75:Error Code 0
143448:T510836_76:Machine Process.. START
143448:T510836_76:GOING TO SEND START
143448:T510836_76:SENT START, WAITING FOR FINISH 
143450:T510836_76:MACHINE DONE
143450:T510836_76:Error Code 0
143547:T510836_77:Machine Process.. START
143547:T510836_77:GOING TO SEND START
143548:T510836_77:SENT START, WAITING FOR FINISH 
143551:T510836_77:MACHINE DONE
143551:T510836_77:Error Code 0
143634:T510836_78:Machine Process.. START
143634:T510836_78:GOING TO SEND START
143635:T510836_78:SENT START, WAITING FOR FINISH 
143638:T510836_78:MACHINE DONE
143638:T510836_78:Error Code 0
143821:T510836_79:Machine Process.. START
143821:T510836_79:GOING TO SEND START
143821:T510836_79:SENT START, WAITING FOR FINISH 
143823:T510836_79:MACHINE DONE
143823:T510836_79:Error Code 0
143856:T510836_80:Machine Process.. START
143857:T510836_80:GOING TO SEND START
143857:T510836_80:SENT START, WAITING FOR FINISH 
143858:T510836_80:MACHINE DONE
143858:T510836_80:Error Code 0
144033:T510836_81:Machine Process.. START
144033:T510836_81:GOING TO SEND START
144033:T510836_81:SENT START, WAITING FOR FINISH 
144036:T510836_81:MACHINE DONE
144036:T510836_81:Error Code 0
144102:T510836_82:Machine Process.. START
144102:T510836_82:GOING TO SEND START
144102:T510836_82:SENT START, WAITING FOR FINISH 
144104:T510836_82:MACHINE DONE
144104:T510836_82:Error Code 0
144226:T510836_83:Machine Process.. START
144226:T510836_83:GOING TO SEND START
144226:T510836_83:SENT START, WAITING FOR FINISH 
144227:T510836_83:MACHINE DONE
144227:T510836_83:Error Code 0
144435:T510836_84:Machine Process.. START
144435:T510836_84:GOING TO SEND START
144435:T510836_84:SENT START, WAITING FOR FINISH 
144437:T510836_84:MACHINE DONE
144437:T510836_84:Error Code 0
144534:T510836_85:Machine Process.. START
144534:T510836_85:GOING TO SEND START
144535:T510836_85:SENT START, WAITING FOR FINISH 
144536:T510836_85:MACHINE DONE
144536:T510836_85:Error Code 0
145036:T510836_86:Machine Process.. START
145036:T510836_86:GOING TO SEND START
145036:T510836_86:SENT START, WAITING FOR FINISH 
145042:T510836_86:MACHINE DONE
145042:T510836_86:Error Code 0
145307:T510836_87:Machine Process.. START
145307:T510836_87:GOING TO SEND START
145308:T510836_87:SENT START, WAITING FOR FINISH 
145310:T510836_87:MACHINE DONE
145310:T510836_87:Error Code 0
145808:T510836_88:Machine Process.. START
145808:T510836_88:GOING TO SEND START
145809:T510836_88:SENT START, WAITING FOR FINISH 
145811:T510836_88:MACHINE DONE
145811:T510836_88:Error Code 0
145831:T510836_89:Machine Process.. START
145831:T510836_89:GOING TO SEND START
145832:T510836_89:SENT START, WAITING FOR FINISH 
145833:T510836_89:MACHINE DONE
145833:T510836_89:Error Code 0
153945:T510836_99:Machine Process.. START
153945:T510836_99:GOING TO SEND START
153945:T510836_99:SENT START, WAITING FOR FINISH 
153948:T510836_99:MACHINE DONE
153948:T510836_99:Error Code 0
154719:T510836_100:Machine Process.. START
154719:T510836_100:GOING TO SEND START
154720:T510836_100:SENT START, WAITING FOR FINISH 
155714:T510836_100:MACHINE DONE
155715:T510836_100:Error Code 0
171438:T510837_1:Machine Process.. START
171438:T510837_1:GOING TO SEND START
171439:T510837_1:SENT START, WAITING FOR FINISH 
171455:T510837_1:MACHINE DONE
171455:T510837_1:Error Code 0
172254:T510836_107:Machine Process.. START
172254:T510836_107:GOING TO SEND START
172255:T510836_107:SENT START, WAITING FOR FINISH 
172424:T510836_107:MACHINE DONE
172424:T510836_107:Error Code 0
173107:T510836_108:Machine Process.. START
173107:T510836_108:GOING TO SEND START
173107:T510836_108:SENT START, WAITING FOR FINISH 
175025:T510837_3:Machine Process.. START
175025:T510837_3:GOING TO SEND START
175026:T510837_3:SENT START, WAITING FOR FINISH 
175028:T510836_108:MACHINE DONE
175028:T510836_108:Error Code 0
175028:T510837_3:MACHINE DONE
175028:T510837_3:Error Code 0
175047:T510837_4:Machine Process.. START
175048:T510837_4:GOING TO SEND START
175048:T510837_4:SENT START, WAITING FOR FINISH 
175049:T510837_4:MACHINE DONE
175049:T510837_4:Error Code 0
175149:T510837_5:Machine Process.. START
175149:T510837_5:GOING TO SEND START
175149:T510837_5:SENT START, WAITING FOR FINISH 
175151:T510837_5:MACHINE DONE
175151:T510837_5:Error Code 0
175219:T510837_6:Machine Process.. START
175220:T510837_6:GOING TO SEND START
175220:T510837_6:SENT START, WAITING FOR FINISH 
175222:T510837_6:MACHINE DONE
175222:T510837_6:Error Code 0
175439:T510837_7:Machine Process.. START
175439:T510837_7:GOING TO SEND START
175439:T510837_7:SENT START, WAITING FOR FINISH 
175442:T510837_7:MACHINE DONE
175442:T510837_7:Error Code 0
175509:T510837_8:Machine Process.. START
175509:T510837_8:GOING TO SEND START
175509:T510837_8:SENT START, WAITING FOR FINISH 
175511:T510837_8:MACHINE DONE
175512:T510837_8:Error Code 0
182400:T510837_9:Machine Process.. START
182400:T510837_9:GOING TO SEND START
182401:T510837_9:SENT START, WAITING FOR FINISH 
182403:T510837_9:MACHINE DONE
182403:T510837_9:Error Code 0
182540:T510837_10:Machine Process.. START
182541:T510837_10:GOING TO SEND START
182541:T510837_10:SENT START, WAITING FOR FINISH 
182543:T510837_10:MACHINE DONE
182543:T510837_10:Error Code 0
182611:T510837_11:Machine Process.. START
182611:T510837_11:GOING TO SEND START
182611:T510837_11:SENT START, WAITING FOR FINISH 
182615:T510837_11:MACHINE DONE
182615:T510837_11:Error Code 0
182834:T510837_13:Machine Process.. START
182834:T510837_13:GOING TO SEND START
182835:T510837_13:SENT START, WAITING FOR FINISH 
182836:T510837_13:MACHINE DONE
182836:T510837_13:Error Code 0
182923:T510837_14:Machine Process.. START
182924:T510837_14:GOING TO SEND START
182924:T510837_14:SENT START, WAITING FOR FINISH 
182926:T510837_14:MACHINE DONE
182926:T510837_14:Error Code 0
182952:T510837_15:Machine Process.. START
182952:T510837_15:GOING TO SEND START
182952:T510837_15:SENT START, WAITING FOR FINISH 
182955:T510837_15:MACHINE DONE
182955:T510837_15:Error Code 0
183017:T510837_16:Machine Process.. START
183017:T510837_16:GOING TO SEND START
183017:T510837_16:SENT START, WAITING FOR FINISH 
183019:T510837_16:MACHINE DONE
183019:T510837_16:Error Code 0
183108:T510837_17:Machine Process.. START
183109:T510837_17:GOING TO SEND START
183109:T510837_17:SENT START, WAITING FOR FINISH 
183111:T510837_17:MACHINE DONE
183111:T510837_17:Error Code 0
183209:T510837_18:Machine Process.. START
183209:T510837_18:GOING TO SEND START
183209:T510837_18:SENT START, WAITING FOR FINISH 
183212:T510837_18:MACHINE DONE
183212:T510837_18:Error Code 0
183247:T510837_19:Machine Process.. START
183248:T510837_19:GOING TO SEND START
183248:T510837_19:SENT START, WAITING FOR FINISH 
183250:T510837_19:MACHINE DONE
183250:T510837_19:Error Code 0
183349:T510837_20:Machine Process.. START
183349:T510837_20:GOING TO SEND START
183350:T510837_20:SENT START, WAITING FOR FINISH 
183353:T510837_20:MACHINE DONE
183353:T510837_20:Error Code 0
183535:T510837_22:Machine Process.. START
183535:T510837_22:GOING TO SEND START
183536:T510837_22:SENT START, WAITING FOR FINISH 
183537:T510837_22:MACHINE DONE
183537:T510837_22:Error Code 0
183627:T510837_23:Machine Process.. START
183627:T510837_23:GOING TO SEND START
183627:T510837_23:SENT START, WAITING FOR FINISH 
183629:T510837_23:MACHINE DONE
183629:T510837_23:Error Code 0
183658:T510837_24:Machine Process.. START
183659:T510837_24:GOING TO SEND START
183659:T510837_24:SENT START, WAITING FOR FINISH 
183700:T510837_24:MACHINE DONE
183700:T510837_24:Error Code 0
183724:T510837_25:Machine Process.. START
183724:T510837_25:GOING TO SEND START
183724:T510837_25:SENT START, WAITING FOR FINISH 
183726:T510837_25:MACHINE DONE
183726:T510837_25:Error Code 0
183848:T510837_26:Machine Process.. START
183848:T510837_26:GOING TO SEND START
183849:T510837_26:SENT START, WAITING FOR FINISH 
183851:T510837_26:MACHINE DONE
183851:T510837_26:Error Code 0
183909:T510837_27:Machine Process.. START
183910:T510837_27:GOING TO SEND START
183910:T510837_27:SENT START, WAITING FOR FINISH 
183912:T510837_27:MACHINE DONE
183912:T510837_27:Error Code 0
183948:T510837_28:Machine Process.. START
183949:T510837_28:GOING TO SEND START
183949:T510837_28:SENT START, WAITING FOR FINISH 
183951:T510837_28:MACHINE DONE
183951:T510837_28:Error Code 0
184033:T510837_29:Machine Process.. START
184034:T510837_29:GOING TO SEND START
184034:T510837_29:SENT START, WAITING FOR FINISH 
184036:T510837_29:MACHINE DONE
184036:T510837_29:Error Code 0
184119:T510837_30:Machine Process.. START
184119:T510837_30:GOING TO SEND START
184119:T510837_30:SENT START, WAITING FOR FINISH 
184120:T510837_30:MACHINE DONE
184120:T510837_30:Error Code 0
184201:T510837_31:Machine Process.. START
184202:T510837_31:GOING TO SEND START
184202:T510837_31:SENT START, WAITING FOR FINISH 
184203:T510837_31:MACHINE DONE
184203:T510837_31:Error Code 0
184239:T510837_32:Machine Process.. START
184239:T510837_32:GOING TO SEND START
184239:T510837_32:SENT START, WAITING FOR FINISH 
184241:T510837_32:MACHINE DONE
184242:T510837_32:Error Code 0
184309:T510837_33:Machine Process.. START
184309:T510837_33:GOING TO SEND START
184309:T510837_33:SENT START, WAITING FOR FINISH 
184311:T510837_33:MACHINE DONE
184311:T510837_33:Error Code 0
184349:T510837_34:Machine Process.. START
184350:T510837_34:GOING TO SEND START
184350:T510837_34:SENT START, WAITING FOR FINISH 
184351:T510837_34:MACHINE DONE
184351:T510837_34:Error Code 0
184427:T510837_35:Machine Process.. START
184427:T510837_35:GOING TO SEND START
184428:T510837_35:SENT START, WAITING FOR FINISH 
184430:T510837_35:MACHINE DONE
184430:T510837_35:Error Code 0
184506:T510837_36:Machine Process.. START
184507:T510837_36:GOING TO SEND START
184507:T510837_36:SENT START, WAITING FOR FINISH 
184508:T510837_36:MACHINE DONE
184508:T510837_36:Error Code 0
184602:T510837_37:Machine Process.. START
184603:T510837_37:GOING TO SEND START
184603:T510837_37:SENT START, WAITING FOR FINISH 
184605:T510837_37:MACHINE DONE
184605:T510837_37:Error Code 0
184636:T510837_38:Machine Process.. START
184636:T510837_38:GOING TO SEND START
184636:T510837_38:SENT START, WAITING FOR FINISH 
184638:T510837_38:MACHINE DONE
184638:T510837_38:Error Code 0
184745:T510837_40:Machine Process.. START
184745:T510837_40:GOING TO SEND START
184745:T510837_40:SENT START, WAITING FOR FINISH 
184748:T510837_40:MACHINE DONE
184748:T510837_40:Error Code 0
184822:T510837_41:Machine Process.. START
184822:T510837_41:GOING TO SEND START
184823:T510837_41:SENT START, WAITING FOR FINISH 
184824:T510837_41:MACHINE DONE
184824:T510837_41:Error Code 0
190113:T510837_42:Machine Process.. START
190113:T510837_42:GOING TO SEND START
190113:T510837_42:SENT START, WAITING FOR FINISH 
190115:T510837_42:MACHINE DONE
190115:T510837_42:Error Code 0
190209:T510837_43:Machine Process.. START
190209:T510837_43:GOING TO SEND START
190209:T510837_43:SENT START, WAITING FOR FINISH 
190211:T510837_43:MACHINE DONE
190211:T510837_43:Error Code 0
190246:T510837_44:Machine Process.. START
190246:T510837_44:GOING TO SEND START
190246:T510837_44:SENT START, WAITING FOR FINISH 
190248:T510837_44:MACHINE DONE
190248:T510837_44:Error Code 0
190328:T510837_45:Machine Process.. START
190328:T510837_45:GOING TO SEND START
190328:T510837_45:SENT START, WAITING FOR FINISH 
190330:T510837_45:MACHINE DONE
190330:T510837_45:Error Code 0
190457:T510837_46:Machine Process.. START
190457:T510837_46:GOING TO SEND START
190457:T510837_46:SENT START, WAITING FOR FINISH 
190459:T510837_46:MACHINE DONE
190459:T510837_46:Error Code 0
190529:T510837_47:Machine Process.. START
190529:T510837_47:GOING TO SEND START
190530:T510837_47:SENT START, WAITING FOR FINISH 
190531:T510837_47:MACHINE DONE
190531:T510837_47:Error Code 0
190654:T510837_48:Machine Process.. START
190654:T510837_48:GOING TO SEND START
190655:T510837_48:SENT START, WAITING FOR FINISH 
190656:T510837_48:MACHINE DONE
190656:T510837_48:Error Code 0
190725:T510837_49:Machine Process.. START
190725:T510837_49:GOING TO SEND START
190725:T510837_49:SENT START, WAITING FOR FINISH 
190728:T510837_49:MACHINE DONE
190728:T510837_49:Error Code 0
190755:T510837_50:Machine Process.. START
190755:T510837_50:GOING TO SEND START
190755:T510837_50:SENT START, WAITING FOR FINISH 
190759:T510837_50:MACHINE DONE
190759:T510837_50:Error Code 0
190854:T510837_51:Machine Process.. START
190854:T510837_51:GOING TO SEND START
190855:T510837_51:SENT START, WAITING FOR FINISH 
190856:T510837_51:MACHINE DONE
190856:T510837_51:Error Code 0
190941:T510837_52:Machine Process.. START
190942:T510837_52:GOING TO SEND START
190942:T510837_52:SENT START, WAITING FOR FINISH 
190944:T510837_52:MACHINE DONE
190944:T510837_52:Error Code 0
190956:T510837_53:Machine Process.. START
190956:T510837_53:GOING TO SEND START
190956:T510837_53:SENT START, WAITING FOR FINISH 
190958:T510837_53:MACHINE DONE
190958:T510837_53:Error Code 0
191100:T510837_54:Machine Process.. START
191101:T510837_54:GOING TO SEND START
191101:T510837_54:SENT START, WAITING FOR FINISH 
191103:T510837_54:MACHINE DONE
191103:T510837_54:Error Code 0
191244:T510837_55:Machine Process.. START
191244:T510837_55:GOING TO SEND START
191245:T510837_55:SENT START, WAITING FOR FINISH 
191246:T510837_55:MACHINE DONE
191246:T510837_55:Error Code 0
191432:T510837_56:Machine Process.. START
191433:T510837_56:GOING TO SEND START
191433:T510837_56:SENT START, WAITING FOR FINISH 
191434:T510837_56:MACHINE DONE
191434:T510837_56:Error Code 0
191526:T510837_57:Machine Process.. START
191526:T510837_57:GOING TO SEND START
191526:T510837_57:SENT START, WAITING FOR FINISH 
191530:T510837_57:MACHINE DONE
191530:T510837_57:Error Code 0
191541:T510837_58:Machine Process.. START
191541:T510837_58:GOING TO SEND START
191542:T510837_58:SENT START, WAITING FOR FINISH 
191543:T510837_58:MACHINE DONE
191543:T510837_58:Error Code 0
191615:T510837_59:Machine Process.. START
191615:T510837_59:GOING TO SEND START
191616:T510837_59:SENT START, WAITING FOR FINISH 
191617:T510837_59:MACHINE DONE
191617:T510837_59:Error Code 0
191656:T510837_60:Machine Process.. START
191656:T510837_60:GOING TO SEND START
191657:T510837_60:SENT START, WAITING FOR FINISH 
191659:T510837_60:MACHINE DONE
191659:T510837_60:Error Code 0
