115706:T589126_2:Machine Process.. START
115706:T589126_2:GOING TO SEND START
115706:T589126_2:SENT START, WAITING FOR FINISH 
115913:T589126_2:MACHINE DONE
115913:T589126_2:Error Code 0
135442:T510837_1:Machine Process.. START
135443:T510837_1:GOING TO SEND START
135443:T510837_1:SENT START, WAITING FOR FINISH 
135607:T510837_1:MACHINE DONE
135607:T510837_1:Error Code 0
135609:T510837_2:Machine Process.. START
135609:T510837_2:GOING TO SEND START
135610:T510837_2:SENT START, WAITING FOR FINISH 
135721:T510837_2:MACHINE DONE
135721:T510837_2:Error Code 0
135723:T510837_3:Machine Process.. START
135723:T510837_3:GOING TO SEND START
135723:T510837_3:SENT START, WAITING FOR FINISH 
135834:T510837_3:MACHINE DONE
135834:T510837_3:Error Code 0
135837:T510837_4:Machine Process.. START
135837:T510837_4:GOING TO SEND START
135837:T510837_4:SENT START, WAITING FOR FINISH 
135946:T510837_4:MACHINE DONE
135946:T510837_4:Error Code 0
135948:T510837_5:Machine Process.. START
135949:T510837_5:GOING TO SEND START
135949:T510837_5:SENT START, WAITING FOR FINISH 
140102:T510837_5:MACHINE DONE
140102:T510837_5:Error Code 0
140104:T510837_6:Machine Process.. START
140104:T510837_6:GOING TO SEND START
140104:T510837_6:SENT START, WAITING FOR FINISH 
140243:T510837_6:MACHINE DONE
140243:T510837_6:Error Code 0
140244:T510837_7:Machine Process.. START
140245:T510837_7:GOING TO SEND START
140245:T510837_7:SENT START, WAITING FOR FINISH 
140354:T510837_7:MACHINE DONE
140354:T510837_7:Error Code 0
140356:T510837_8:Machine Process.. START
140356:T510837_8:GOING TO SEND START
140356:T510837_8:SENT START, WAITING FOR FINISH 
140505:T510837_8:MACHINE DONE
140505:T510837_8:Error Code 0
140515:T510837_9:Machine Process.. START
140515:T510837_9:GOING TO SEND START
140515:T510837_9:SENT START, WAITING FOR FINISH 
140626:T510837_9:MACHINE DONE
140626:T510837_9:Error Code 0
140629:T510837_10:Machine Process.. START
140629:T510837_10:GOING TO SEND START
140629:T510837_10:SENT START, WAITING FOR FINISH 
140738:T510837_10:MACHINE DONE
140738:T510837_10:Error Code 0
140740:T510837_11:Machine Process.. START
140740:T510837_11:GOING TO SEND START
140741:T510837_11:SENT START, WAITING FOR FINISH 
140852:T510837_11:MACHINE DONE
140852:T510837_11:Error Code 0
140855:T510837_12:Machine Process.. START
140855:T510837_12:GOING TO SEND START
140855:T510837_12:SENT START, WAITING FOR FINISH 
141007:T510837_12:MACHINE DONE
141007:T510837_12:Error Code 0
141109:T510837_13:Machine Process.. START
141109:T510837_13:GOING TO SEND START
141110:T510837_13:SENT START, WAITING FOR FINISH 
141222:T510837_13:MACHINE DONE
141222:T510837_13:Error Code 0
141224:T510837_14:Machine Process.. START
141224:T510837_14:GOING TO SEND START
141224:T510837_14:SENT START, WAITING FOR FINISH 
141334:T510837_14:MACHINE DONE
141334:T510837_14:Error Code 0
141336:T510837_15:Machine Process.. START
141336:T510837_15:GOING TO SEND START
141336:T510837_15:SENT START, WAITING FOR FINISH 
141449:T510837_15:MACHINE DONE
141449:T510837_15:Error Code 0
141451:T510837_16:Machine Process.. START
141451:T510837_16:GOING TO SEND START
141451:T510837_16:SENT START, WAITING FOR FINISH 
141604:T510837_16:MACHINE DONE
141604:T510837_16:Error Code 0
141606:T510837_17:Machine Process.. START
141606:T510837_17:GOING TO SEND START
141607:T510837_17:SENT START, WAITING FOR FINISH 
141716:T510837_17:MACHINE DONE
141716:T510837_17:Error Code 0
141718:T510837_18:Machine Process.. START
141719:T510837_18:GOING TO SEND START
141719:T510837_18:SENT START, WAITING FOR FINISH 
141828:T510837_18:MACHINE DONE
141828:T510837_18:Error Code 0
141830:T510837_19:Machine Process.. START
141830:T510837_19:GOING TO SEND START
141831:T510837_19:SENT START, WAITING FOR FINISH 
141939:T510837_19:MACHINE DONE
141939:T510837_19:Error Code 0
141941:T510837_20:Machine Process.. START
141941:T510837_20:GOING TO SEND START
141942:T510837_20:SENT START, WAITING FOR FINISH 
142052:T510837_20:MACHINE DONE
142052:T510837_20:Error Code 0
142054:T510837_21:Machine Process.. START
142055:T510837_21:GOING TO SEND START
142055:T510837_21:SENT START, WAITING FOR FINISH 
142208:T510837_21:MACHINE DONE
142208:T510837_21:Error Code 0
142211:T510837_22:Machine Process.. START
142211:T510837_22:GOING TO SEND START
142211:T510837_22:SENT START, WAITING FOR FINISH 
142321:T510837_22:MACHINE DONE
142321:T510837_22:Error Code 0
142323:T510837_23:Machine Process.. START
142323:T510837_23:GOING TO SEND START
142324:T510837_23:SENT START, WAITING FOR FINISH 
142434:T510837_23:MACHINE DONE
142434:T510837_23:Error Code 0
142436:T510837_24:Machine Process.. START
142436:T510837_24:GOING TO SEND START
142437:T510837_24:SENT START, WAITING FOR FINISH 
142548:T510837_24:MACHINE DONE
142548:T510837_24:Error Code 0
142550:T510837_25:Machine Process.. START
142550:T510837_25:GOING TO SEND START
142550:T510837_25:SENT START, WAITING FOR FINISH 
142705:T510837_25:MACHINE DONE
142705:T510837_25:Error Code 0
142708:T510837_26:Machine Process.. START
142708:T510837_26:GOING TO SEND START
142709:T510837_26:SENT START, WAITING FOR FINISH 
142951:T510837_26:MACHINE DONE
142951:T510837_26:Error Code 0
142952:T510837_27:Machine Process.. START
142953:T510837_27:GOING TO SEND START
142953:T510837_27:SENT START, WAITING FOR FINISH 
143115:T510837_27:MACHINE DONE
143115:T510837_27:Error Code 0
143118:T510837_28:Machine Process.. START
143118:T510837_28:GOING TO SEND START
143118:T510837_28:SENT START, WAITING FOR FINISH 
143230:T510837_28:MACHINE DONE
143230:T510837_28:Error Code 0
143232:T510837_29:Machine Process.. START
143232:T510837_29:GOING TO SEND START
143232:T510837_29:SENT START, WAITING FOR FINISH 
143343:T510837_29:MACHINE DONE
143343:T510837_29:Error Code 0
143345:T510837_30:Machine Process.. START
143346:T510837_30:GOING TO SEND START
143346:T510837_30:SENT START, WAITING FOR FINISH 
143456:T510837_30:MACHINE DONE
143456:T510837_30:Error Code 0
143458:T510837_31:Machine Process.. START
143458:T510837_31:GOING TO SEND START
143459:T510837_31:SENT START, WAITING FOR FINISH 
143615:T510837_31:MACHINE DONE
143615:T510837_31:Error Code 0
143618:T510837_32:Machine Process.. START
143618:T510837_32:GOING TO SEND START
143618:T510837_32:SENT START, WAITING FOR FINISH 
143729:T510837_32:MACHINE DONE
143730:T510837_32:Error Code 0
143732:T510837_33:Machine Process.. START
143732:T510837_33:GOING TO SEND START
143732:T510837_33:SENT START, WAITING FOR FINISH 
143841:T510837_33:MACHINE DONE
143841:T510837_33:Error Code 0
143843:T510837_34:Machine Process.. START
143843:T510837_34:GOING TO SEND START
143843:T510837_34:SENT START, WAITING FOR FINISH 
144000:T510837_34:MACHINE DONE
144001:T510837_34:Error Code 0
144002:T510837_35:Machine Process.. START
144002:T510837_35:GOING TO SEND START
144003:T510837_35:SENT START, WAITING FOR FINISH 
144114:T510837_35:MACHINE DONE
144114:T510837_35:Error Code 0
144116:T510837_36:Machine Process.. START
144116:T510837_36:GOING TO SEND START
144116:T510837_36:SENT START, WAITING FOR FINISH 
144226:T510837_36:MACHINE DONE
144226:T510837_36:Error Code 0
144228:T510837_37:Machine Process.. START
144228:T510837_37:GOING TO SEND START
144228:T510837_37:SENT START, WAITING FOR FINISH 
144341:T510837_37:MACHINE DONE
144341:T510837_37:Error Code 0
144344:T510837_38:Machine Process.. START
144344:T510837_38:GOING TO SEND START
144344:T510837_38:SENT START, WAITING FOR FINISH 
144453:T510837_38:MACHINE DONE
144453:T510837_38:Error Code 0
144456:T510837_39:Machine Process.. START
144456:T510837_39:GOING TO SEND START
144456:T510837_39:SENT START, WAITING FOR FINISH 
144607:T510837_39:MACHINE DONE
144607:T510837_39:Error Code 0
144609:T510837_40:Machine Process.. START
144610:T510837_40:GOING TO SEND START
144610:T510837_40:SENT START, WAITING FOR FINISH 
144721:T510837_40:MACHINE DONE
144721:T510837_40:Error Code 0
144724:T510837_41:Machine Process.. START
144724:T510837_41:GOING TO SEND START
144724:T510837_41:SENT START, WAITING FOR FINISH 
144835:T510837_41:MACHINE DONE
144835:T510837_41:Error Code 0
144837:T510837_42:Machine Process.. START
144837:T510837_42:GOING TO SEND START
144837:T510837_42:SENT START, WAITING FOR FINISH 
144947:T510837_42:MACHINE DONE
144947:T510837_42:Error Code 0
144949:T510837_43:Machine Process.. START
144949:T510837_43:GOING TO SEND START
144949:T510837_43:SENT START, WAITING FOR FINISH 
145058:T510837_43:MACHINE DONE
145058:T510837_43:Error Code 0
145100:T510837_44:Machine Process.. START
145100:T510837_44:GOING TO SEND START
145100:T510837_44:SENT START, WAITING FOR FINISH 
145103:T510837_44:MACHINE DONE
145103:T510837_44:Error Code 0
145105:T510837_45:Machine Process.. START
145106:T510837_45:GOING TO SEND START
145106:T510837_45:SENT START, WAITING FOR FINISH 
145109:T510837_45:MACHINE DONE
145109:T510837_45:Error Code 0
145111:T510837_46:Machine Process.. START
145111:T510837_46:GOING TO SEND START
145111:T510837_46:SENT START, WAITING FOR FINISH 
145113:T510837_46:MACHINE DONE
145113:T510837_46:Error Code 0
145142:T510837_47:Machine Process.. START
145142:T510837_47:GOING TO SEND START
145143:T510837_47:SENT START, WAITING FOR FINISH 
145145:T510837_47:MACHINE DONE
145145:T510837_47:Error Code 0
145202:T510837_48:Machine Process.. START
145202:T510837_48:GOING TO SEND START
145203:T510837_48:SENT START, WAITING FOR FINISH 
145205:T510837_48:MACHINE DONE
145205:T510837_48:Error Code 0
145314:T510837_49:Machine Process.. START
145314:T510837_49:GOING TO SEND START
145314:T510837_49:SENT START, WAITING FOR FINISH 
145318:T510837_49:MACHINE DONE
145318:T510837_49:Error Code 0
145413:T510837_50:Machine Process.. START
145414:T510837_50:GOING TO SEND START
145414:T510837_50:SENT START, WAITING FOR FINISH 
145416:T510837_50:MACHINE DONE
145416:T510837_50:Error Code 0
145458:T510837_51:Machine Process.. START
145458:T510837_51:GOING TO SEND START
145458:T510837_51:SENT START, WAITING FOR FINISH 
145505:T510837_51:MACHINE DONE
145505:T510837_51:Error Code 0
