085827:T510837_1:Machine Process.. START
085827:T510837_1:GOING TO SEND START
085827:T510837_1:SENT START, WAITING FOR FINISH 
085911:T510837_1:MACHINE DONE
085911:T510837_1:Error Code 0
090032:T510837_2:Machine Process.. START
090032:T510837_2:GOING TO SEND START
090032:T510837_2:SENT START, WAITING FOR FINISH 
090056:T510837_2:MACHINE DONE
090056:T510837_2:Error Code 0
090258:T510837_3:Machine Process.. START
090259:T510837_3:GOING TO SEND START
090259:T510837_3:SENT START, WAITING FOR FINISH 
090328:T510837_3:MACHINE DONE
090328:T510837_3:Error Code 0
090646:T510837_4:Machine Process.. START
090646:T510837_4:GOING TO SEND START
090647:T510837_4:SENT START, WAITING FOR FINISH 
090821:T510837_4:MACHINE DONE
090821:T510837_4:Error Code 0
091019:T510837_5:Machine Process.. START
091019:T510837_5:GOING TO SEND START
091019:T510837_5:SENT START, WAITING FOR FINISH 
091120:T510837_5:MACHINE DONE
091120:T510837_5:Error Code 0
091231:T510837_6:Machine Process.. START
091231:T510837_6:GOING TO SEND START
091232:T510837_6:SENT START, WAITING FOR FINISH 
091317:T510837_6:MACHINE DONE
091317:T510837_6:Error Code 0
091444:T510837_7:Machine Process.. START
091445:T510837_7:GOING TO SEND START
091445:T510837_7:SENT START, WAITING FOR FINISH 
091531:T510837_7:MACHINE DONE
091531:T510837_7:Error Code 0
091711:T510837_8:Machine Process.. START
091711:T510837_8:GOING TO SEND START
091711:T510837_8:SENT START, WAITING FOR FINISH 
091747:T510837_8:MACHINE DONE
091747:T510837_8:Error Code 0
091900:T510837_9:Machine Process.. START
091900:T510837_9:GOING TO SEND START
091900:T510837_9:SENT START, WAITING FOR FINISH 
091953:T510837_9:MACHINE DONE
091953:T510837_9:Error Code 0
092134:T510837_10:Machine Process.. START
092134:T510837_10:GOING TO SEND START
092135:T510837_10:SENT START, WAITING FOR FINISH 
092155:T510837_10:MACHINE DONE
092155:T510837_10:Error Code 0
092353:T510837_11:Machine Process.. START
092353:T510837_11:GOING TO SEND START
092354:T510837_11:SENT START, WAITING FOR FINISH 
092541:T510837_11:MACHINE DONE
092541:T510837_11:Error Code 0
092632:T510837_12:Machine Process.. START
092632:T510837_12:GOING TO SEND START
092633:T510837_12:SENT START, WAITING FOR FINISH 
092711:T510837_12:MACHINE DONE
092711:T510837_12:Error Code 0
093517:T510837_13:Machine Process.. START
093517:T510837_13:GOING TO SEND START
093518:T510837_13:SENT START, WAITING FOR FINISH 
093551:T510837_13:MACHINE DONE
093552:T510837_13:Error Code 0
093718:T510837_14:Machine Process.. START
093719:T510837_14:GOING TO SEND START
093719:T510837_14:SENT START, WAITING FOR FINISH 
093746:T510837_14:MACHINE DONE
093746:T510837_14:Error Code 0
093909:T510837_15:Machine Process.. START
093909:T510837_15:GOING TO SEND START
093909:T510837_15:SENT START, WAITING FOR FINISH 
094020:T510837_15:MACHINE DONE
094020:T510837_15:Error Code 0
094052:T510837_16:Machine Process.. START
094052:T510837_16:GOING TO SEND START
094052:T510837_16:SENT START, WAITING FOR FINISH 
094153:T510837_16:MACHINE DONE
094154:T510837_16:Error Code 0
094548:T510837_17:Machine Process.. START
094548:T510837_17:GOING TO SEND START
094549:T510837_17:SENT START, WAITING FOR FINISH 
094718:T510837_17:MACHINE DONE
094718:T510837_17:Error Code 0
094845:T510837_18:Machine Process.. START
094845:T510837_18:GOING TO SEND START
094846:T510837_18:SENT START, WAITING FOR FINISH 
094907:T510837_18:MACHINE DONE
094907:T510837_18:Error Code 0
095052:T510837_19:Machine Process.. START
095052:T510837_19:GOING TO SEND START
095052:T510837_19:SENT START, WAITING FOR FINISH 
095136:T510837_19:MACHINE DONE
095136:T510837_19:Error Code 0
095443:T510836_1:Machine Process.. START
095443:T510836_1:GOING TO SEND START
095444:T510836_1:SENT START, WAITING FOR FINISH 
095629:T510836_1:MACHINE DONE
095629:T510836_1:Error Code 0
101341:T510836_2:Machine Process.. START
101342:T510836_2:GOING TO SEND START
101342:T510836_2:SENT START, WAITING FOR FINISH 
101403:T510836_2:MACHINE DONE
101403:T510836_2:Error Code 0
101946:T510836_3:Machine Process.. START
101946:T510836_3:GOING TO SEND START
101947:T510836_3:SENT START, WAITING FOR FINISH 
102014:T510836_3:MACHINE DONE
102014:T510836_3:Error Code 0
102315:T510836_4:Machine Process.. START
102315:T510836_4:GOING TO SEND START
102316:T510836_4:SENT START, WAITING FOR FINISH 
102431:T510836_4:MACHINE DONE
102431:T510836_4:Error Code 0
102705:T510836_5:Machine Process.. START
102706:T510836_5:GOING TO SEND START
102706:T510836_5:SENT START, WAITING FOR FINISH 
102729:T510836_5:MACHINE DONE
102729:T510836_5:Error Code 0
102957:T510836_6:Machine Process.. START
102957:T510836_6:GOING TO SEND START
102957:T510836_6:SENT START, WAITING FOR FINISH 
103105:T510836_6:MACHINE DONE
103105:T510836_6:Error Code 0
103256:T510836_7:Machine Process.. START
103256:T510836_7:GOING TO SEND START
103256:T510836_7:SENT START, WAITING FOR FINISH 
103405:T510836_7:MACHINE DONE
103406:T510836_7:Error Code 0
134626:T510837_20:Machine Process.. START
134626:T510837_20:GOING TO SEND START
134626:T510837_20:SENT START, WAITING FOR FINISH 
134712:T510837_20:MACHINE DONE
134712:T510837_20:Error Code 0
134725:T510837_21:Machine Process.. START
134725:T510837_21:GOING TO SEND START
134725:T510837_21:SENT START, WAITING FOR FINISH 
134752:T510837_21:MACHINE DONE
134752:T510837_21:Error Code 0
134812:T510837_22:Machine Process.. START
134812:T510837_22:GOING TO SEND START
134812:T510837_22:SENT START, WAITING FOR FINISH 
134832:T510837_22:MACHINE DONE
134832:T510837_22:Error Code 0
134854:T510837_23:Machine Process.. START
134854:T510837_23:GOING TO SEND START
134854:T510837_23:SENT START, WAITING FOR FINISH 
134915:T510837_23:MACHINE DONE
134915:T510837_23:Error Code 0
134945:T510837_24:Machine Process.. START
134945:T510837_24:GOING TO SEND START
134946:T510837_24:SENT START, WAITING FOR FINISH 
135037:T510837_24:MACHINE DONE
135037:T510837_24:Error Code 0
135053:T510837_25:Machine Process.. START
135053:T510837_25:GOING TO SEND START
135054:T510837_25:SENT START, WAITING FOR FINISH 
135229:T510837_25:MACHINE DONE
135229:T510837_25:Error Code 0
135252:T510837_26:Machine Process.. START
135252:T510837_26:GOING TO SEND START
135252:T510837_26:SENT START, WAITING FOR FINISH 
135315:T510837_26:MACHINE DONE
135315:T510837_26:Error Code 0
135334:T510837_27:Machine Process.. START
135335:T510837_27:GOING TO SEND START
135335:T510837_27:SENT START, WAITING FOR FINISH 
135359:T510837_27:MACHINE DONE
135359:T510837_27:Error Code 0
135443:T510837_28:Machine Process.. START
135443:T510837_28:GOING TO SEND START
135444:T510837_28:SENT START, WAITING FOR FINISH 
135507:T510837_28:MACHINE DONE
135507:T510837_28:Error Code 0
135519:T510837_29:Machine Process.. START
135519:T510837_29:GOING TO SEND START
135519:T510837_29:SENT START, WAITING FOR FINISH 
135551:T510837_29:MACHINE DONE
135551:T510837_29:Error Code 0
135609:T510837_30:Machine Process.. START
135609:T510837_30:GOING TO SEND START
135610:T510837_30:SENT START, WAITING FOR FINISH 
135650:T510837_30:MACHINE DONE
135650:T510837_30:Error Code 0
135708:T510837_31:Machine Process.. START
135708:T510837_31:GOING TO SEND START
135708:T510837_31:SENT START, WAITING FOR FINISH 
135738:T510837_31:MACHINE DONE
135738:T510837_31:Error Code 0
135822:T510837_32:Machine Process.. START
135822:T510837_32:GOING TO SEND START
135823:T510837_32:SENT START, WAITING FOR FINISH 
135915:T510837_32:MACHINE DONE
135915:T510837_32:Error Code 0
140002:T510837_33:Machine Process.. START
140002:T510837_33:GOING TO SEND START
140002:T510837_33:SENT START, WAITING FOR FINISH 
140024:T510837_33:MACHINE DONE
140024:T510837_33:Error Code 0
140044:T510837_34:Machine Process.. START
140044:T510837_34:GOING TO SEND START
140045:T510837_34:SENT START, WAITING FOR FINISH 
140109:T510837_34:MACHINE DONE
140109:T510837_34:Error Code 0
140133:T510837_35:Machine Process.. START
140133:T510837_35:GOING TO SEND START
140134:T510837_35:SENT START, WAITING FOR FINISH 
140217:T510837_35:MACHINE DONE
140217:T510837_35:Error Code 0
140234:T510837_36:Machine Process.. START
140234:T510837_36:GOING TO SEND START
140235:T510837_36:SENT START, WAITING FOR FINISH 
140255:T510837_36:MACHINE DONE
140255:T510837_36:Error Code 0
140320:T510837_37:Machine Process.. START
140320:T510837_37:GOING TO SEND START
140320:T510837_37:SENT START, WAITING FOR FINISH 
140359:T510837_37:MACHINE DONE
140359:T510837_37:Error Code 0
140412:T510837_38:Machine Process.. START
140413:T510837_38:GOING TO SEND START
140413:T510837_38:SENT START, WAITING FOR FINISH 
140502:T510837_38:MACHINE DONE
140502:T510837_38:Error Code 0
140523:T510837_39:Machine Process.. START
140524:T510837_39:GOING TO SEND START
140524:T510837_39:SENT START, WAITING FOR FINISH 
140553:T510837_39:MACHINE DONE
140553:T510837_39:Error Code 0
140636:T510837_40:Machine Process.. START
140637:T510837_40:GOING TO SEND START
140637:T510837_40:SENT START, WAITING FOR FINISH 
140658:T510837_40:MACHINE DONE
140658:T510837_40:Error Code 0
140724:T510837_41:Machine Process.. START
140724:T510837_41:GOING TO SEND START
140725:T510837_41:SENT START, WAITING FOR FINISH 
140757:T510837_41:MACHINE DONE
140757:T510837_41:Error Code 0
140848:T510837_42:Machine Process.. START
140848:T510837_42:GOING TO SEND START
140849:T510837_42:SENT START, WAITING FOR FINISH 
141011:T510837_42:MACHINE DONE
141011:T510837_42:Error Code 0
141033:T510837_43:Machine Process.. START
141033:T510837_43:GOING TO SEND START
141033:T510837_43:SENT START, WAITING FOR FINISH 
141055:T510837_43:MACHINE DONE
141055:T510837_43:Error Code 0
141113:T510837_44:Machine Process.. START
141113:T510837_44:GOING TO SEND START
141114:T510837_44:SENT START, WAITING FOR FINISH 
141135:T510837_44:MACHINE DONE
141135:T510837_44:Error Code 0
141153:T510837_45:Machine Process.. START
141153:T510837_45:GOING TO SEND START
141153:T510837_45:SENT START, WAITING FOR FINISH 
141214:T510837_45:MACHINE DONE
141214:T510837_45:Error Code 0
141248:T510837_46:Machine Process.. START
141248:T510837_46:GOING TO SEND START
141248:T510837_46:SENT START, WAITING FOR FINISH 
141319:T510837_46:MACHINE DONE
141319:T510837_46:Error Code 0
141359:T510837_47:Machine Process.. START
141359:T510837_47:GOING TO SEND START
141400:T510837_47:SENT START, WAITING FOR FINISH 
141421:T510837_47:MACHINE DONE
141421:T510837_47:Error Code 0
141504:T510837_48:Machine Process.. START
141504:T510837_48:GOING TO SEND START
141505:T510837_48:SENT START, WAITING FOR FINISH 
141525:T510837_48:MACHINE DONE
141525:T510837_48:Error Code 0
141647:T510837_49:Machine Process.. START
141647:T510837_49:GOING TO SEND START
141648:T510837_49:SENT START, WAITING FOR FINISH 
141716:T510837_49:MACHINE DONE
141716:T510837_49:Error Code 0
141840:T510837_50:Machine Process.. START
141840:T510837_50:GOING TO SEND START
141841:T510837_50:SENT START, WAITING FOR FINISH 
141915:T510837_50:MACHINE DONE
141915:T510837_50:Error Code 0
142004:T510837_51:Machine Process.. START
142004:T510837_51:GOING TO SEND START
142005:T510837_51:SENT START, WAITING FOR FINISH 
142030:T510837_51:MACHINE DONE
142030:T510837_51:Error Code 0
142041:T510837_52:Machine Process.. START
142041:T510837_52:GOING TO SEND START
142042:T510837_52:SENT START, WAITING FOR FINISH 
142133:T510837_52:MACHINE DONE
142133:T510837_52:Error Code 0
142203:T510837_53:Machine Process.. START
142203:T510837_53:GOING TO SEND START
142204:T510837_53:SENT START, WAITING FOR FINISH 
142223:T510837_53:MACHINE DONE
142223:T510837_53:Error Code 0
142239:T510837_54:Machine Process.. START
142239:T510837_54:GOING TO SEND START
142239:T510837_54:SENT START, WAITING FOR FINISH 
142312:T510837_54:MACHINE DONE
142313:T510837_54:Error Code 0
142329:T510837_55:Machine Process.. START
142329:T510837_55:GOING TO SEND START
142330:T510837_55:SENT START, WAITING FOR FINISH 
142412:T510837_55:MACHINE DONE
142412:T510837_55:Error Code 0
142427:T510837_56:Machine Process.. START
142427:T510837_56:GOING TO SEND START
142428:T510837_56:SENT START, WAITING FOR FINISH 
142515:T510837_56:MACHINE DONE
142515:T510837_56:Error Code 0
142533:T510837_57:Machine Process.. START
142533:T510837_57:GOING TO SEND START
142534:T510837_57:SENT START, WAITING FOR FINISH 
142555:T510837_57:MACHINE DONE
142555:T510837_57:Error Code 0
142610:T510837_58:Machine Process.. START
142610:T510837_58:GOING TO SEND START
142610:T510837_58:SENT START, WAITING FOR FINISH 
142633:T510837_58:MACHINE DONE
142633:T510837_58:Error Code 0
142654:T510837_59:Machine Process.. START
142654:T510837_59:GOING TO SEND START
142654:T510837_59:SENT START, WAITING FOR FINISH 
142716:T510837_59:MACHINE DONE
142716:T510837_59:Error Code 0
143810:T510837_60:Machine Process.. START
143810:T510837_60:GOING TO SEND START
143810:T510837_60:SENT START, WAITING FOR FINISH 
143900:T510837_60:MACHINE DONE
143900:T510837_60:Error Code 0
143915:T510837_61:Machine Process.. START
143916:T510837_61:GOING TO SEND START
143916:T510837_61:SENT START, WAITING FOR FINISH 
143949:T510837_61:MACHINE DONE
143949:T510837_61:Error Code 0
144020:T510837_62:Machine Process.. START
144021:T510837_62:GOING TO SEND START
144021:T510837_62:SENT START, WAITING FOR FINISH 
144042:T510837_62:MACHINE DONE
144042:T510837_62:Error Code 0
144121:T510837_63:Machine Process.. START
144121:T510837_63:GOING TO SEND START
144122:T510837_63:SENT START, WAITING FOR FINISH 
144143:T510837_63:MACHINE DONE
144143:T510837_63:Error Code 0
144209:T510837_64:Machine Process.. START
144209:T510837_64:GOING TO SEND START
144209:T510837_64:SENT START, WAITING FOR FINISH 
144256:T510837_64:MACHINE DONE
144256:T510837_64:Error Code 0
144334:T510837_65:Machine Process.. START
144335:T510837_65:GOING TO SEND START
144335:T510837_65:SENT START, WAITING FOR FINISH 
144411:T510837_65:MACHINE DONE
144411:T510837_65:Error Code 0
144428:T510837_66:Machine Process.. START
144428:T510837_66:GOING TO SEND START
144428:T510837_66:SENT START, WAITING FOR FINISH 
144503:T510837_66:MACHINE DONE
144503:T510837_66:Error Code 0
144516:T510837_67:Machine Process.. START
144516:T510837_67:GOING TO SEND START
144517:T510837_67:SENT START, WAITING FOR FINISH 
144539:T510837_67:MACHINE DONE
144539:T510837_67:Error Code 0
144605:T510837_68:Machine Process.. START
144605:T510837_68:GOING TO SEND START
144605:T510837_68:SENT START, WAITING FOR FINISH 
144655:T510837_68:MACHINE DONE
144655:T510837_68:Error Code 0
144723:T510837_69:Machine Process.. START
144724:T510837_69:GOING TO SEND START
144724:T510837_69:SENT START, WAITING FOR FINISH 
144804:T510837_69:MACHINE DONE
144805:T510837_69:Error Code 0
144844:T510837_70:Machine Process.. START
144844:T510837_70:GOING TO SEND START
144844:T510837_70:SENT START, WAITING FOR FINISH 
144917:T510837_70:MACHINE DONE
144917:T510837_70:Error Code 0
144931:T510837_71:Machine Process.. START
144931:T510837_71:GOING TO SEND START
144932:T510837_71:SENT START, WAITING FOR FINISH 
144954:T510837_71:MACHINE DONE
144954:T510837_71:Error Code 0
145012:T510837_72:Machine Process.. START
145012:T510837_72:GOING TO SEND START
145012:T510837_72:SENT START, WAITING FOR FINISH 
145100:T510837_72:MACHINE DONE
145100:T510837_72:Error Code 0
145115:T510837_73:Machine Process.. START
145115:T510837_73:GOING TO SEND START
145116:T510837_73:SENT START, WAITING FOR FINISH 
145142:T510837_73:MACHINE DONE
145142:T510837_73:Error Code 0
145240:T510837_74:Machine Process.. START
145240:T510837_74:GOING TO SEND START
145241:T510837_74:SENT START, WAITING FOR FINISH 
145305:T510837_74:MACHINE DONE
145305:T510837_74:Error Code 0
145321:T510837_75:Machine Process.. START
145321:T510837_75:GOING TO SEND START
145322:T510837_75:SENT START, WAITING FOR FINISH 
145349:T510837_75:MACHINE DONE
145349:T510837_75:Error Code 0
145402:T510837_76:Machine Process.. START
145402:T510837_76:GOING TO SEND START
145402:T510837_76:SENT START, WAITING FOR FINISH 
145422:T510837_76:MACHINE DONE
145422:T510837_76:Error Code 0
145510:T510837_77:Machine Process.. START
145510:T510837_77:GOING TO SEND START
145510:T510837_77:SENT START, WAITING FOR FINISH 
145648:T510837_77:MACHINE DONE
145648:T510837_77:Error Code 0
145658:T510837_78:Machine Process.. START
145659:T510837_78:GOING TO SEND START
145659:T510837_78:SENT START, WAITING FOR FINISH 
145719:T510837_78:MACHINE DONE
145719:T510837_78:Error Code 0
145746:T510837_79:Machine Process.. START
145747:T510837_79:GOING TO SEND START
145747:T510837_79:SENT START, WAITING FOR FINISH 
145840:T510837_79:MACHINE DONE
145840:T510837_79:Error Code 0
151737:T510837_80:Machine Process.. START
151738:T510837_80:GOING TO SEND START
151738:T510837_80:SENT START, WAITING FOR FINISH 
151758:T510837_80:MACHINE DONE
151759:T510837_80:Error Code 0
151813:T510837_81:Machine Process.. START
151814:T510837_81:GOING TO SEND START
151814:T510837_81:SENT START, WAITING FOR FINISH 
151913:T510837_81:MACHINE DONE
151914:T510837_81:Error Code 0
151928:T510837_82:Machine Process.. START
151928:T510837_82:GOING TO SEND START
151929:T510837_82:SENT START, WAITING FOR FINISH 
151948:T510837_82:MACHINE DONE
151948:T510837_82:Error Code 0
152004:T510837_83:Machine Process.. START
152004:T510837_83:GOING TO SEND START
152004:T510837_83:SENT START, WAITING FOR FINISH 
152039:T510837_83:MACHINE DONE
152039:T510837_83:Error Code 0
152050:T510837_84:Machine Process.. START
152051:T510837_84:GOING TO SEND START
152051:T510837_84:SENT START, WAITING FOR FINISH 
152130:T510837_84:MACHINE DONE
152130:T510837_84:Error Code 0
152141:T510837_85:Machine Process.. START
152142:T510837_85:GOING TO SEND START
152142:T510837_85:SENT START, WAITING FOR FINISH 
152207:T510837_85:MACHINE DONE
152207:T510837_85:Error Code 0
152219:T510837_86:Machine Process.. START
152220:T510837_86:GOING TO SEND START
152220:T510837_86:SENT START, WAITING FOR FINISH 
152337:T510837_86:MACHINE DONE
152337:T510837_86:Error Code 0
152354:T510837_87:Machine Process.. START
152355:T510837_87:GOING TO SEND START
152355:T510837_87:SENT START, WAITING FOR FINISH 
152415:T510837_87:MACHINE DONE
152415:T510837_87:Error Code 0
152436:T510837_88:Machine Process.. START
152436:T510837_88:GOING TO SEND START
152436:T510837_88:SENT START, WAITING FOR FINISH 
152459:T510837_88:MACHINE DONE
152459:T510837_88:Error Code 0
152518:T510837_89:Machine Process.. START
152519:T510837_89:GOING TO SEND START
152519:T510837_89:SENT START, WAITING FOR FINISH 
152552:T510837_89:MACHINE DONE
152552:T510837_89:Error Code 0
152616:T510837_90:Machine Process.. START
152616:T510837_90:GOING TO SEND START
152617:T510837_90:SENT START, WAITING FOR FINISH 
152646:T510837_90:MACHINE DONE
152646:T510837_90:Error Code 0
152658:T510837_91:Machine Process.. START
152658:T510837_91:GOING TO SEND START
152658:T510837_91:SENT START, WAITING FOR FINISH 
152750:T510837_91:MACHINE DONE
152750:T510837_91:Error Code 0
152805:T510837_92:Machine Process.. START
152805:T510837_92:GOING TO SEND START
152805:T510837_92:SENT START, WAITING FOR FINISH 
152843:T510837_92:MACHINE DONE
152843:T510837_92:Error Code 0
152855:T510837_93:Machine Process.. START
152855:T510837_93:GOING TO SEND START
152855:T510837_93:SENT START, WAITING FOR FINISH 
152949:T510837_93:MACHINE DONE
152950:T510837_93:Error Code 0
153012:T510837_94:Machine Process.. START
153012:T510837_94:GOING TO SEND START
153012:T510837_94:SENT START, WAITING FOR FINISH 
153052:T510837_94:MACHINE DONE
153052:T510837_94:Error Code 0
153102:T510837_95:Machine Process.. START
153102:T510837_95:GOING TO SEND START
153103:T510837_95:SENT START, WAITING FOR FINISH 
153123:T510837_95:MACHINE DONE
153123:T510837_95:Error Code 0
153134:T510837_96:Machine Process.. START
153135:T510837_96:GOING TO SEND START
153135:T510837_96:SENT START, WAITING FOR FINISH 
153155:T510837_96:MACHINE DONE
153156:T510837_96:Error Code 0
153217:T510837_97:Machine Process.. START
153217:T510837_97:GOING TO SEND START
153218:T510837_97:SENT START, WAITING FOR FINISH 
153240:T510837_97:MACHINE DONE
153240:T510837_97:Error Code 0
153310:T510837_98:Machine Process.. START
153310:T510837_98:GOING TO SEND START
153311:T510837_98:SENT START, WAITING FOR FINISH 
153335:T510837_98:MACHINE DONE
153335:T510837_98:Error Code 0
153348:T510837_99:Machine Process.. START
153348:T510837_99:GOING TO SEND START
153349:T510837_99:SENT START, WAITING FOR FINISH 
153410:T510837_99:MACHINE DONE
153410:T510837_99:Error Code 0
153425:T510837_100:Machine Process.. START
153425:T510837_100:GOING TO SEND START
153425:T510837_100:SENT START, WAITING FOR FINISH 
153454:T510837_100:MACHINE DONE
153454:T510837_100:Error Code 0
153526:T510837_101:Machine Process.. START
153526:T510837_101:GOING TO SEND START
153526:T510837_101:SENT START, WAITING FOR FINISH 
153547:T510837_101:MACHINE DONE
153547:T510837_101:Error Code 0
153601:T510837_102:Machine Process.. START
153601:T510837_102:GOING TO SEND START
153601:T510837_102:SENT START, WAITING FOR FINISH 
153626:T510837_102:MACHINE DONE
153626:T510837_102:Error Code 0
153640:T510837_103:Machine Process.. START
153640:T510837_103:GOING TO SEND START
153641:T510837_103:SENT START, WAITING FOR FINISH 
153712:T510837_103:MACHINE DONE
153712:T510837_103:Error Code 0
153726:T510837_104:Machine Process.. START
153726:T510837_104:GOING TO SEND START
153726:T510837_104:SENT START, WAITING FOR FINISH 
153840:T510837_104:MACHINE DONE
153840:T510837_104:Error Code 0
153852:T510837_105:Machine Process.. START
153852:T510837_105:GOING TO SEND START
153853:T510837_105:SENT START, WAITING FOR FINISH 
153912:T510837_105:MACHINE DONE
153912:T510837_105:Error Code 0
153943:T510837_106:Machine Process.. START
153944:T510837_106:GOING TO SEND START
153944:T510837_106:SENT START, WAITING FOR FINISH 
154004:T510837_106:MACHINE DONE
154004:T510837_106:Error Code 0
154023:T510837_107:Machine Process.. START
154024:T510837_107:GOING TO SEND START
154024:T510837_107:SENT START, WAITING FOR FINISH 
154046:T510837_107:MACHINE DONE
154046:T510837_107:Error Code 0
154124:T510837_108:Machine Process.. START
154124:T510837_108:GOING TO SEND START
154124:T510837_108:SENT START, WAITING FOR FINISH 
154155:T510837_108:MACHINE DONE
154155:T510837_108:Error Code 0
154209:T510837_109:Machine Process.. START
154209:T510837_109:GOING TO SEND START
154209:T510837_109:SENT START, WAITING FOR FINISH 
154232:T510837_109:MACHINE DONE
154232:T510837_109:Error Code 0
154302:T510837_110:Machine Process.. START
154303:T510837_110:GOING TO SEND START
154303:T510837_110:SENT START, WAITING FOR FINISH 
154336:T510837_110:MACHINE DONE
154336:T510837_110:Error Code 0
154349:T510837_111:Machine Process.. START
154349:T510837_111:GOING TO SEND START
154349:T510837_111:SENT START, WAITING FOR FINISH 
154411:T510837_111:MACHINE DONE
154411:T510837_111:Error Code 0
154500:T510837_112:Machine Process.. START
154501:T510837_112:GOING TO SEND START
154501:T510837_112:SENT START, WAITING FOR FINISH 
154521:T510837_112:MACHINE DONE
154521:T510837_112:Error Code 0
154547:T510837_113:Machine Process.. START
154548:T510837_113:GOING TO SEND START
154548:T510837_113:SENT START, WAITING FOR FINISH 
154607:T510837_113:MACHINE DONE
154607:T510837_113:Error Code 0
154624:T510837_114:Machine Process.. START
154625:T510837_114:GOING TO SEND START
154625:T510837_114:SENT START, WAITING FOR FINISH 
154717:T510837_114:MACHINE DONE
154717:T510837_114:Error Code 0
154744:T510837_115:Machine Process.. START
154745:T510837_115:GOING TO SEND START
154745:T510837_115:SENT START, WAITING FOR FINISH 
154809:T510837_115:MACHINE DONE
154809:T510837_115:Error Code 0
154833:T510837_116:Machine Process.. START
154833:T510837_116:GOING TO SEND START
154834:T510837_116:SENT START, WAITING FOR FINISH 
154854:T510837_116:MACHINE DONE
154854:T510837_116:Error Code 0
154907:T510837_117:Machine Process.. START
154907:T510837_117:GOING TO SEND START
154908:T510837_117:SENT START, WAITING FOR FINISH 
154929:T510837_117:MACHINE DONE
154929:T510837_117:Error Code 0
154949:T510837_118:Machine Process.. START
154949:T510837_118:GOING TO SEND START
154950:T510837_118:SENT START, WAITING FOR FINISH 
155012:T510837_118:MACHINE DONE
155012:T510837_118:Error Code 0
155026:T510837_119:Machine Process.. START
155027:T510837_119:GOING TO SEND START
155027:T510837_119:SENT START, WAITING FOR FINISH 
155048:T510837_119:MACHINE DONE
155048:T510837_119:Error Code 0
155101:T510837_120:Machine Process.. START
155101:T510837_120:GOING TO SEND START
155102:T510837_120:SENT START, WAITING FOR FINISH 
155122:T510837_120:MACHINE DONE
155122:T510837_120:Error Code 0
155228:T510837_121:Machine Process.. START
155228:T510837_121:GOING TO SEND START
155229:T510837_121:SENT START, WAITING FOR FINISH 
155249:T510837_121:MACHINE DONE
155249:T510837_121:Error Code 0
155302:T510837_122:Machine Process.. START
155303:T510837_122:GOING TO SEND START
155303:T510837_122:SENT START, WAITING FOR FINISH 
155324:T510837_122:MACHINE DONE
155324:T510837_122:Error Code 0
155336:T510837_123:Machine Process.. START
155336:T510837_123:GOING TO SEND START
155336:T510837_123:SENT START, WAITING FOR FINISH 
155356:T510837_123:MACHINE DONE
155356:T510837_123:Error Code 0
155432:T510837_124:Machine Process.. START
155432:T510837_124:GOING TO SEND START
155433:T510837_124:SENT START, WAITING FOR FINISH 
155454:T510837_124:MACHINE DONE
155454:T510837_124:Error Code 0
155547:T510837_125:Machine Process.. START
155547:T510837_125:GOING TO SEND START
155547:T510837_125:SENT START, WAITING FOR FINISH 
155607:T510837_125:MACHINE DONE
155607:T510837_125:Error Code 0
155626:T510837_126:Machine Process.. START
155626:T510837_126:GOING TO SEND START
155627:T510837_126:SENT START, WAITING FOR FINISH 
155648:T510837_126:MACHINE DONE
155648:T510837_126:Error Code 0
155714:T510837_127:Machine Process.. START
155714:T510837_127:GOING TO SEND START
155715:T510837_127:SENT START, WAITING FOR FINISH 
155736:T510837_127:MACHINE DONE
155736:T510837_127:Error Code 0
155749:T510837_128:Machine Process.. START
155749:T510837_128:GOING TO SEND START
155749:T510837_128:SENT START, WAITING FOR FINISH 
155812:T510837_128:MACHINE DONE
155812:T510837_128:Error Code 0
155828:T510837_129:Machine Process.. START
155828:T510837_129:GOING TO SEND START
155828:T510837_129:SENT START, WAITING FOR FINISH 
155849:T510837_129:MACHINE DONE
155849:T510837_129:Error Code 0
