095326:T510836_1:Machine Process.. START
095327:T510836_1:GOING TO SEND START
095327:T510836_1:SENT START, WAITING FOR FINISH 
095348:T510836_1:MACHINE DONE
095348:T510836_1:Error Code 0
102252:T510836_2:Machine Process.. START
102252:T510836_2:GOING TO SEND START
102252:T510836_2:SENT START, WAITING FOR FINISH 
102313:T510836_2:MACHINE DONE
102313:T510836_2:Error Code 0
102337:T510836_3:Machine Process.. START
102338:T510836_3:GOING TO SEND START
102338:T510836_3:SENT START, WAITING FOR FINISH 
102358:T510836_3:MACHINE DONE
102358:T510836_3:Error Code 0
102432:T510836_4:Machine Process.. START
102433:T510836_4:GOING TO SEND START
102433:T510836_4:SENT START, WAITING FOR FINISH 
102453:T510836_4:MACHINE DONE
102453:T510836_4:Error Code 0
102545:T510836_5:Machine Process.. START
102545:T510836_5:GOING TO SEND START
102545:T510836_5:SENT START, WAITING FOR FINISH 
102607:T510836_5:MACHINE DONE
102607:T510836_5:Error Code 0
102636:T510836_6:Machine Process.. START
102636:T510836_6:GOING TO SEND START
102636:T510836_6:SENT START, WAITING FOR FINISH 
102703:T510836_6:MACHINE DONE
102703:T510836_6:Error Code 0
102719:T510836_7:Machine Process.. START
102719:T510836_7:GOING TO SEND START
102720:T510836_7:SENT START, WAITING FOR FINISH 
102741:T510836_7:MACHINE DONE
102741:T510836_7:Error Code 0
102826:T510836_8:Machine Process.. START
102827:T510836_8:GOING TO SEND START
102827:T510836_8:SENT START, WAITING FOR FINISH 
102847:T510836_8:MACHINE DONE
102847:T510836_8:Error Code 0
102947:T510836_9:Machine Process.. START
102947:T510836_9:GOING TO SEND START
102948:T510836_9:SENT START, WAITING FOR FINISH 
103009:T510836_9:MACHINE DONE
103009:T510836_9:Error Code 0
103032:T510836_10:Machine Process.. START
103032:T510836_10:GOING TO SEND START
103033:T510836_10:SENT START, WAITING FOR FINISH 
103053:T510836_10:MACHINE DONE
103053:T510836_10:Error Code 0
103133:T510836_11:Machine Process.. START
103133:T510836_11:GOING TO SEND START
103133:T510836_11:SENT START, WAITING FOR FINISH 
103153:T510836_11:MACHINE DONE
103153:T510836_11:Error Code 0
103236:T510836_12:Machine Process.. START
103236:T510836_12:GOING TO SEND START
103237:T510836_12:SENT START, WAITING FOR FINISH 
103259:T510836_12:MACHINE DONE
103259:T510836_12:Error Code 0
103324:T510836_13:Machine Process.. START
103324:T510836_13:GOING TO SEND START
103324:T510836_13:SENT START, WAITING FOR FINISH 
103344:T510836_13:MACHINE DONE
103344:T510836_13:Error Code 0
103452:T510836_14:Machine Process.. START
103452:T510836_14:GOING TO SEND START
103452:T510836_14:SENT START, WAITING FOR FINISH 
103512:T510836_14:MACHINE DONE
103512:T510836_14:Error Code 0
103628:T510836_15:Machine Process.. START
103628:T510836_15:GOING TO SEND START
103629:T510836_15:SENT START, WAITING FOR FINISH 
103654:T510836_15:MACHINE DONE
103654:T510836_15:Error Code 0
103802:T510836_16:Machine Process.. START
103802:T510836_16:GOING TO SEND START
103802:T510836_16:SENT START, WAITING FOR FINISH 
103824:T510836_16:MACHINE DONE
103824:T510836_16:Error Code 0
103901:T510836_17:Machine Process.. START
103901:T510836_17:GOING TO SEND START
103901:T510836_17:SENT START, WAITING FOR FINISH 
103924:T510836_17:MACHINE DONE
103924:T510836_17:Error Code 0
104015:T510836_18:Machine Process.. START
104015:T510836_18:GOING TO SEND START
104015:T510836_18:SENT START, WAITING FOR FINISH 
104036:T510836_18:MACHINE DONE
104036:T510836_18:Error Code 0
104158:T510836_19:Machine Process.. START
104158:T510836_19:GOING TO SEND START
104158:T510836_19:SENT START, WAITING FOR FINISH 
104219:T510836_19:MACHINE DONE
104219:T510836_19:Error Code 0
104338:T510836_20:Machine Process.. START
104338:T510836_20:GOING TO SEND START
104338:T510836_20:SENT START, WAITING FOR FINISH 
104358:T510836_20:MACHINE DONE
104358:T510836_20:Error Code 0
104510:T510836_21:Machine Process.. START
104511:T510836_21:GOING TO SEND START
104511:T510836_21:SENT START, WAITING FOR FINISH 
104532:T510836_21:MACHINE DONE
104532:T510836_21:Error Code 0
104630:T510836_22:Machine Process.. START
104630:T510836_22:GOING TO SEND START
104630:T510836_22:SENT START, WAITING FOR FINISH 
104649:T510836_22:MACHINE DONE
104649:T510836_22:Error Code 0
104758:T510836_23:Machine Process.. START
104758:T510836_23:GOING TO SEND START
104758:T510836_23:SENT START, WAITING FOR FINISH 
104818:T510836_23:MACHINE DONE
104818:T510836_23:Error Code 0
105139:T510836_24:Machine Process.. START
105139:T510836_24:GOING TO SEND START
105139:T510836_24:SENT START, WAITING FOR FINISH 
105207:T510836_24:MACHINE DONE
105207:T510836_24:Error Code 0
105238:T510836_25:Machine Process.. START
105238:T510836_25:GOING TO SEND START
105239:T510836_25:SENT START, WAITING FOR FINISH 
105300:T510836_25:MACHINE DONE
105300:T510836_25:Error Code 0
105323:T510836_26:Machine Process.. START
105324:T510836_26:GOING TO SEND START
105324:T510836_26:SENT START, WAITING FOR FINISH 
105348:T510836_26:MACHINE DONE
105348:T510836_26:Error Code 0
105427:T510836_27:Machine Process.. START
105427:T510836_27:GOING TO SEND START
105428:T510836_27:SENT START, WAITING FOR FINISH 
105451:T510836_27:MACHINE DONE
105451:T510836_27:Error Code 0
105536:T510836_28:Machine Process.. START
105536:T510836_28:GOING TO SEND START
105536:T510836_28:SENT START, WAITING FOR FINISH 
105558:T510836_28:MACHINE DONE
105558:T510836_28:Error Code 0
105749:T510836_29:Machine Process.. START
105749:T510836_29:GOING TO SEND START
105749:T510836_29:SENT START, WAITING FOR FINISH 
105811:T510836_29:MACHINE DONE
105811:T510836_29:Error Code 0
105852:T510836_30:Machine Process.. START
105852:T510836_30:GOING TO SEND START
105852:T510836_30:SENT START, WAITING FOR FINISH 
105914:T510836_30:MACHINE DONE
105914:T510836_30:Error Code 0
105955:T510836_31:Machine Process.. START
105956:T510836_31:GOING TO SEND START
105956:T510836_31:SENT START, WAITING FOR FINISH 
110015:T510836_31:MACHINE DONE
110016:T510836_31:Error Code 0
110147:T510836_32:Machine Process.. START
110147:T510836_32:GOING TO SEND START
110148:T510836_32:SENT START, WAITING FOR FINISH 
110208:T510836_32:MACHINE DONE
110208:T510836_32:Error Code 0
130710:T510836_35:Machine Process.. START
130710:T510836_35:GOING TO SEND START
130710:T510836_35:SENT START, WAITING FOR FINISH 
130731:T510836_35:MACHINE DONE
130731:T510836_35:Error Code 0
130743:T510836_36:Machine Process.. START
130743:T510836_36:GOING TO SEND START
130744:T510836_36:SENT START, WAITING FOR FINISH 
130805:T510836_36:MACHINE DONE
130805:T510836_36:Error Code 0
130838:T510836_37:Machine Process.. START
130838:T510836_37:GOING TO SEND START
130839:T510836_37:SENT START, WAITING FOR FINISH 
130858:T510836_37:MACHINE DONE
130858:T510836_37:Error Code 0
130920:T510836_38:Machine Process.. START
130921:T510836_38:GOING TO SEND START
130921:T510836_38:SENT START, WAITING FOR FINISH 
130947:T510836_38:MACHINE DONE
130947:T510836_38:Error Code 0
131011:T510836_39:Machine Process.. START
131011:T510836_39:GOING TO SEND START
131011:T510836_39:SENT START, WAITING FOR FINISH 
131036:T510836_39:MACHINE DONE
131036:T510836_39:Error Code 0
131059:T510836_40:Machine Process.. START
131059:T510836_40:GOING TO SEND START
131059:T510836_40:SENT START, WAITING FOR FINISH 
131120:T510836_40:MACHINE DONE
131120:T510836_40:Error Code 0
131153:T510836_41:Machine Process.. START
131153:T510836_41:GOING TO SEND START
131154:T510836_41:SENT START, WAITING FOR FINISH 
131214:T510836_41:MACHINE DONE
131214:T510836_41:Error Code 0
131333:T510836_42:Machine Process.. START
131334:T510836_42:GOING TO SEND START
131334:T510836_42:SENT START, WAITING FOR FINISH 
131356:T510836_42:MACHINE DONE
131356:T510836_42:Error Code 0
135333:T510836_47:Machine Process.. START
135333:T510836_47:GOING TO SEND START
135333:T510836_47:SENT START, WAITING FOR FINISH 
135354:T510836_47:MACHINE DONE
135354:T510836_47:Error Code 0
135435:T510836_48:Machine Process.. START
135436:T510836_48:GOING TO SEND START
135436:T510836_48:SENT START, WAITING FOR FINISH 
135459:T510836_48:MACHINE DONE
135459:T510836_48:Error Code 0
135753:T510836_49:Machine Process.. START
135753:T510836_49:GOING TO SEND START
135754:T510836_49:SENT START, WAITING FOR FINISH 
135814:T510836_49:MACHINE DONE
135814:T510836_49:Error Code 0
135904:T510836_50:Machine Process.. START
135904:T510836_50:GOING TO SEND START
135905:T510836_50:SENT START, WAITING FOR FINISH 
135927:T510836_50:MACHINE DONE
135927:T510836_50:Error Code 0
135949:T510836_51:Machine Process.. START
135949:T510836_51:GOING TO SEND START
135949:T510836_51:SENT START, WAITING FOR FINISH 
140013:T510836_51:MACHINE DONE
140013:T510836_51:Error Code 0
140144:T510836_52:Machine Process.. START
140144:T510836_52:GOING TO SEND START
140145:T510836_52:SENT START, WAITING FOR FINISH 
140206:T510836_52:MACHINE DONE
140206:T510836_52:Error Code 0
140227:T510836_53:Machine Process.. START
140227:T510836_53:GOING TO SEND START
140227:T510836_53:SENT START, WAITING FOR FINISH 
140248:T510836_53:MACHINE DONE
140248:T510836_53:Error Code 0
140325:T510836_54:Machine Process.. START
140325:T510836_54:GOING TO SEND START
140326:T510836_54:SENT START, WAITING FOR FINISH 
140346:T510836_54:MACHINE DONE
140346:T510836_54:Error Code 0
140417:T510836_55:Machine Process.. START
140417:T510836_55:GOING TO SEND START
140417:T510836_55:SENT START, WAITING FOR FINISH 
140435:T510836_55:MACHINE DONE
140436:T510836_55:Error Code 0
140509:T510836_56:Machine Process.. START
140510:T510836_56:GOING TO SEND START
140510:T510836_56:SENT START, WAITING FOR FINISH 
140535:T510836_56:MACHINE DONE
140535:T510836_56:Error Code 0
140608:T510836_57:Machine Process.. START
140608:T510836_57:GOING TO SEND START
140608:T510836_57:SENT START, WAITING FOR FINISH 
140631:T510836_57:MACHINE DONE
140632:T510836_57:Error Code 0
140715:T510836_58:Machine Process.. START
140715:T510836_58:GOING TO SEND START
140716:T510836_58:SENT START, WAITING FOR FINISH 
140737:T510836_58:MACHINE DONE
140737:T510836_58:Error Code 0
140814:T510836_59:Machine Process.. START
140814:T510836_59:GOING TO SEND START
140814:T510836_59:SENT START, WAITING FOR FINISH 
140835:T510836_59:MACHINE DONE
140835:T510836_59:Error Code 0
140945:T510836_60:Machine Process.. START
140946:T510836_60:GOING TO SEND START
140946:T510836_60:SENT START, WAITING FOR FINISH 
141011:T510836_60:MACHINE DONE
141011:T510836_60:Error Code 0
141115:T510836_61:Machine Process.. START
141115:T510836_61:GOING TO SEND START
141116:T510836_61:SENT START, WAITING FOR FINISH 
141138:T510836_61:MACHINE DONE
141138:T510836_61:Error Code 0
141222:T510836_62:Machine Process.. START
141222:T510836_62:GOING TO SEND START
141222:T510836_62:SENT START, WAITING FOR FINISH 
141246:T510836_62:MACHINE DONE
141246:T510836_62:Error Code 0
141324:T510836_63:Machine Process.. START
141324:T510836_63:GOING TO SEND START
141325:T510836_63:SENT START, WAITING FOR FINISH 
141345:T510836_63:MACHINE DONE
141345:T510836_63:Error Code 0
141424:T510836_64:Machine Process.. START
141424:T510836_64:GOING TO SEND START
141425:T510836_64:SENT START, WAITING FOR FINISH 
141445:T510836_64:MACHINE DONE
141445:T510836_64:Error Code 0
141502:T510836_65:Machine Process.. START
141502:T510836_65:GOING TO SEND START
141503:T510836_65:SENT START, WAITING FOR FINISH 
141525:T510836_65:MACHINE DONE
141525:T510836_65:Error Code 0
141552:T510836_66:Machine Process.. START
141552:T510836_66:GOING TO SEND START
141553:T510836_66:SENT START, WAITING FOR FINISH 
141615:T510836_66:MACHINE DONE
141615:T510836_66:Error Code 0
141640:T510836_67:Machine Process.. START
141640:T510836_67:GOING TO SEND START
141640:T510836_67:SENT START, WAITING FOR FINISH 
141702:T510836_67:MACHINE DONE
141702:T510836_67:Error Code 0
142003:T510836_68:Machine Process.. START
142003:T510836_68:GOING TO SEND START
142003:T510836_68:SENT START, WAITING FOR FINISH 
142024:T510836_68:MACHINE DONE
142024:T510836_68:Error Code 0
142056:T510836_69:Machine Process.. START
142056:T510836_69:GOING TO SEND START
142056:T510836_69:SENT START, WAITING FOR FINISH 
142126:T510836_69:MACHINE DONE
142126:T510836_69:Error Code 0
142240:T510836_70:Machine Process.. START
142240:T510836_70:GOING TO SEND START
142240:T510836_70:SENT START, WAITING FOR FINISH 
142303:T510836_70:MACHINE DONE
142303:T510836_70:Error Code 0
142324:T510836_71:Machine Process.. START
142324:T510836_71:GOING TO SEND START
142324:T510836_71:SENT START, WAITING FOR FINISH 
142346:T510836_71:MACHINE DONE
142346:T510836_71:Error Code 0
142415:T510836_72:Machine Process.. START
142416:T510836_72:GOING TO SEND START
142416:T510836_72:SENT START, WAITING FOR FINISH 
142437:T510836_72:MACHINE DONE
142437:T510836_72:Error Code 0
142516:T510836_73:Machine Process.. START
142516:T510836_73:GOING TO SEND START
142516:T510836_73:SENT START, WAITING FOR FINISH 
142539:T510836_73:MACHINE DONE
142539:T510836_73:Error Code 0
142611:T510836_74:Machine Process.. START
142611:T510836_74:GOING TO SEND START
142612:T510836_74:SENT START, WAITING FOR FINISH 
142636:T510836_74:MACHINE DONE
142636:T510836_74:Error Code 0
142726:T510836_75:Machine Process.. START
142727:T510836_75:GOING TO SEND START
142727:T510836_75:SENT START, WAITING FOR FINISH 
142752:T510836_75:MACHINE DONE
142752:T510836_75:Error Code 0
142823:T510836_76:Machine Process.. START
142823:T510836_76:GOING TO SEND START
142823:T510836_76:SENT START, WAITING FOR FINISH 
142849:T510836_76:MACHINE DONE
142849:T510836_76:Error Code 0
142909:T510836_77:Machine Process.. START
142909:T510836_77:GOING TO SEND START
142910:T510836_77:SENT START, WAITING FOR FINISH 
142931:T510836_77:MACHINE DONE
142931:T510836_77:Error Code 0
143127:T510836_78:Machine Process.. START
143127:T510836_78:GOING TO SEND START
143128:T510836_78:SENT START, WAITING FOR FINISH 
143153:T510836_78:MACHINE DONE
143153:T510836_78:Error Code 0
143325:T510836_79:Machine Process.. START
143325:T510836_79:GOING TO SEND START
143326:T510836_79:SENT START, WAITING FOR FINISH 
143346:T510836_79:MACHINE DONE
143346:T510836_79:Error Code 0
143441:T510836_80:Machine Process.. START
143441:T510836_80:GOING TO SEND START
143441:T510836_80:SENT START, WAITING FOR FINISH 
143502:T510836_80:MACHINE DONE
143502:T510836_80:Error Code 0
143539:T510836_81:Machine Process.. START
143540:T510836_81:GOING TO SEND START
143540:T510836_81:SENT START, WAITING FOR FINISH 
143602:T510836_81:MACHINE DONE
143602:T510836_81:Error Code 0
143617:T510836_82:Machine Process.. START
143617:T510836_82:GOING TO SEND START
143618:T510836_82:SENT START, WAITING FOR FINISH 
143638:T510836_82:MACHINE DONE
143638:T510836_82:Error Code 0
143706:T510836_83:Machine Process.. START
143707:T510836_83:GOING TO SEND START
143707:T510836_83:SENT START, WAITING FOR FINISH 
143731:T510836_83:MACHINE DONE
143732:T510836_83:Error Code 0
143806:T510836_84:Machine Process.. START
143806:T510836_84:GOING TO SEND START
143806:T510836_84:SENT START, WAITING FOR FINISH 
143837:T510836_84:MACHINE DONE
143837:T510836_84:Error Code 0
143853:T510836_85:Machine Process.. START
143853:T510836_85:GOING TO SEND START
143854:T510836_85:SENT START, WAITING FOR FINISH 
144022:T510836_85:MACHINE DONE
144022:T510836_85:Error Code 0
144034:T510836_86:Machine Process.. START
144034:T510836_86:GOING TO SEND START
144035:T510836_86:SENT START, WAITING FOR FINISH 
144056:T510836_86:MACHINE DONE
144056:T510836_86:Error Code 0
144129:T510836_87:Machine Process.. START
144129:T510836_87:GOING TO SEND START
144129:T510836_87:SENT START, WAITING FOR FINISH 
144152:T510836_87:MACHINE DONE
144152:T510836_87:Error Code 0
144648:T510836_88:Machine Process.. START
144648:T510836_88:GOING TO SEND START
144648:T510836_88:SENT START, WAITING FOR FINISH 
144711:T510836_88:MACHINE DONE
144711:T510836_88:Error Code 0
144759:T510836_89:Machine Process.. START
144800:T510836_89:GOING TO SEND START
144800:T510836_89:SENT START, WAITING FOR FINISH 
144820:T510836_89:MACHINE DONE
144820:T510836_89:Error Code 0
145500:T510836_90:Machine Process.. START
145500:T510836_90:GOING TO SEND START
145500:T510836_90:SENT START, WAITING FOR FINISH 
145522:T510836_90:MACHINE DONE
145522:T510836_90:Error Code 0
145547:T510836_91:Machine Process.. START
145547:T510836_91:GOING TO SEND START
145547:T510836_91:SENT START, WAITING FOR FINISH 
145605:T510836_91:MACHINE DONE
145606:T510836_91:Error Code 0
145711:T510836_92:Machine Process.. START
145711:T510836_92:GOING TO SEND START
145712:T510836_92:SENT START, WAITING FOR FINISH 
145734:T510836_92:MACHINE DONE
145734:T510836_92:Error Code 0
145757:T510836_93:Machine Process.. START
145757:T510836_93:GOING TO SEND START
145757:T510836_93:SENT START, WAITING FOR FINISH 
145821:T510836_93:MACHINE DONE
145821:T510836_93:Error Code 0
152915:T510836_94:Machine Process.. START
152915:T510836_94:GOING TO SEND START
152916:T510836_94:SENT START, WAITING FOR FINISH 
152942:T510836_94:MACHINE DONE
152942:T510836_94:Error Code 0
154213:T510836_103:Machine Process.. START
154213:T510836_103:GOING TO SEND START
154213:T510836_103:SENT START, WAITING FOR FINISH 
154220:T510836_103:MACHINE DONE
154220:T510836_103:Error Code 0
171118:T510837_1:Machine Process.. START
171118:T510837_1:GOING TO SEND START
171118:T510837_1:SENT START, WAITING FOR FINISH 
172254:T510836_112:Machine Process.. START
172255:T510836_112:GOING TO SEND START
172255:T510836_112:SENT START, WAITING FOR FINISH 
172437:T510836_112:MACHINE DONE
172437:T510836_112:Error Code 0
173028:T510836_113:Machine Process.. START
173028:T510836_113:GOING TO SEND START
173028:T510836_113:SENT START, WAITING FOR FINISH 
174613:T510836_113:MACHINE DONE
174613:T510836_113:Error Code 0
174704:T510837_4:Machine Process.. START
174704:T510837_4:GOING TO SEND START
174704:T510837_4:SENT START, WAITING FOR FINISH 
174739:T510837_5:Machine Process.. START
174739:T510837_5:GOING TO SEND START
174739:T510837_5:SENT START, WAITING FOR FINISH 
174914:T510837_7:Machine Process.. START
174914:T510837_7:GOING TO SEND START
174914:T510837_7:SENT START, WAITING FOR FINISH 
174948:T510837_8:Machine Process.. START
174948:T510837_8:GOING TO SEND START
174948:T510837_8:SENT START, WAITING FOR FINISH 
175043:T510837_9:Machine Process.. START
175043:T510837_9:GOING TO SEND START
175043:T510837_9:SENT START, WAITING FOR FINISH 
175121:T510837_10:Machine Process.. START
175121:T510837_10:GOING TO SEND START
175122:T510837_10:SENT START, WAITING FOR FINISH 
175155:T510837_11:Machine Process.. START
175156:T510837_11:GOING TO SEND START
175156:T510837_11:SENT START, WAITING FOR FINISH 
175252:T510837_12:Machine Process.. START
175252:T510837_12:GOING TO SEND START
175253:T510837_12:SENT START, WAITING FOR FINISH 
182524:T510837_15:Machine Process.. START
182524:T510837_15:GOING TO SEND START
182524:T510837_15:SENT START, WAITING FOR FINISH 
182549:T510837_16:Machine Process.. START
182549:T510837_16:GOING TO SEND START
182549:T510837_16:SENT START, WAITING FOR FINISH 
182639:T510837_17:Machine Process.. START
182639:T510837_17:GOING TO SEND START
182640:T510837_17:SENT START, WAITING FOR FINISH 
182736:T510837_18:Machine Process.. START
182736:T510837_18:GOING TO SEND START
182736:T510837_18:SENT START, WAITING FOR FINISH 
182828:T510837_19:Machine Process.. START
182828:T510837_19:GOING TO SEND START
182829:T510837_19:SENT START, WAITING FOR FINISH 
182908:T510837_20:Machine Process.. START
182908:T510837_20:GOING TO SEND START
182908:T510837_20:SENT START, WAITING FOR FINISH 
183007:T510837_21:Machine Process.. START
183007:T510837_21:GOING TO SEND START
183008:T510837_21:SENT START, WAITING FOR FINISH 
183334:T510837_25:Machine Process.. START
183334:T510837_25:GOING TO SEND START
183334:T510837_25:SENT START, WAITING FOR FINISH 
183405:T510837_26:Machine Process.. START
183405:T510837_26:GOING TO SEND START
183406:T510837_26:SENT START, WAITING FOR FINISH 
183449:T510837_27:Machine Process.. START
183449:T510837_27:GOING TO SEND START
183449:T510837_27:SENT START, WAITING FOR FINISH 
183529:T510837_28:Machine Process.. START
183529:T510837_28:GOING TO SEND START
183530:T510837_28:SENT START, WAITING FOR FINISH 
183622:T510837_29:Machine Process.. START
183622:T510837_29:GOING TO SEND START
183622:T510837_29:SENT START, WAITING FOR FINISH 
183714:T510837_30:Machine Process.. START
183714:T510837_30:GOING TO SEND START
183714:T510837_30:SENT START, WAITING FOR FINISH 
184122:T510837_34:Machine Process.. START
184123:T510837_34:GOING TO SEND START
184123:T510837_34:SENT START, WAITING FOR FINISH 
184154:T510837_35:Machine Process.. START
184155:T510837_35:GOING TO SEND START
184155:T510837_35:SENT START, WAITING FOR FINISH 
184227:T510837_36:Machine Process.. START
184227:T510837_36:GOING TO SEND START
184228:T510837_36:SENT START, WAITING FOR FINISH 
184316:T510837_37:Machine Process.. START
184316:T510837_37:GOING TO SEND START
184316:T510837_37:SENT START, WAITING FOR FINISH 
184358:T510837_38:Machine Process.. START
184358:T510837_38:GOING TO SEND START
184358:T510837_38:SENT START, WAITING FOR FINISH 
184430:T510837_39:Machine Process.. START
184431:T510837_39:GOING TO SEND START
184431:T510837_39:SENT START, WAITING FOR FINISH 
185856:T510837_42:Machine Process.. START
185856:T510837_42:GOING TO SEND START
185857:T510837_42:SENT START, WAITING FOR FINISH 
185957:T510837_44:Machine Process.. START
185957:T510837_44:GOING TO SEND START
185957:T510837_44:SENT START, WAITING FOR FINISH 
190033:T510837_45:Machine Process.. START
190033:T510837_45:GOING TO SEND START
190033:T510837_45:SENT START, WAITING FOR FINISH 
190126:T510837_46:Machine Process.. START
190126:T510837_46:GOING TO SEND START
190127:T510837_46:SENT START, WAITING FOR FINISH 
190217:T510837_47:Machine Process.. START
190218:T510837_47:GOING TO SEND START
190218:T510837_47:SENT START, WAITING FOR FINISH 
190354:T510837_49:Machine Process.. START
190354:T510837_49:GOING TO SEND START
190354:T510837_49:SENT START, WAITING FOR FINISH 
190636:T510837_52:Machine Process.. START
190637:T510837_52:GOING TO SEND START
190637:T510837_52:SENT START, WAITING FOR FINISH 
190719:T510837_53:Machine Process.. START
190719:T510837_53:GOING TO SEND START
190720:T510837_53:SENT START, WAITING FOR FINISH 
190817:T510837_54:Machine Process.. START
190817:T510837_54:GOING TO SEND START
190817:T510837_54:SENT START, WAITING FOR FINISH 
190856:T510837_55:Machine Process.. START
190856:T510837_55:GOING TO SEND START
190856:T510837_55:SENT START, WAITING FOR FINISH 
191042:T510837_57:Machine Process.. START
191042:T510837_57:GOING TO SEND START
191042:T510837_57:SENT START, WAITING FOR FINISH 
191115:T510837_58:Machine Process.. START
191116:T510837_58:GOING TO SEND START
191116:T510837_58:SENT START, WAITING FOR FINISH 
191238:T510837_60:Machine Process.. START
191238:T510837_60:GOING TO SEND START
191238:T510837_60:SENT START, WAITING FOR FINISH 
191318:T510837_61:Machine Process.. START
191318:T510837_61:GOING TO SEND START
191318:T510837_61:SENT START, WAITING FOR FINISH 
191357:T510837_62:Machine Process.. START
191358:T510837_62:GOING TO SEND START
191358:T510837_62:SENT START, WAITING FOR FINISH 
191646:T510837_63:Machine Process.. START
191646:T510837_63:GOING TO SEND START
191647:T510837_63:SENT START, WAITING FOR FINISH 
