083143:T589126_1:Machine Process.. START
083143:T589126_1:GOING TO SEND START
083143:T589126_1:SENT START, WAITING FOR FINISH 
083226:T589126_1:MACHINE DONE
083226:T589126_1:Error Code 0
083322:T589126_2:Machine Process.. START
083322:T589126_2:GOING TO SEND START
083322:T589126_2:SENT START, WAITING FOR FINISH 
083411:T589126_2:MACHINE DONE
083411:T589126_2:Error Code 0
083620:T589126_3:Machine Process.. START
083620:T589126_3:GOING TO SEND START
083621:T589126_3:SENT START, WAITING FOR FINISH 
083727:T589126_3:MACHINE DONE
083727:T589126_3:Error Code 0
084445:T589126_4:Machine Process.. START
084445:T589126_4:GOING TO SEND START
084446:T589126_4:SENT START, WAITING FOR FINISH 
084525:T589126_4:MACHINE DONE
084525:T589126_4:Error Code 0
084850:T589126_5:Machine Process.. START
084851:T589126_5:GOING TO SEND START
084851:T589126_5:SENT START, WAITING FOR FINISH 
084924:T589126_5:MACHINE DONE
084924:T589126_5:Error Code 0
085021:T589126_6:Machine Process.. START
085021:T589126_6:GOING TO SEND START
085021:T589126_6:SENT START, WAITING FOR FINISH 
085056:T589126_6:MACHINE DONE
085056:T589126_6:Error Code 0
085156:T589126_7:Machine Process.. START
085156:T589126_7:GOING TO SEND START
085156:T589126_7:SENT START, WAITING FOR FINISH 
085228:T589126_7:MACHINE DONE
085228:T589126_7:Error Code 0
085332:T589126_8:Machine Process.. START
085333:T589126_8:GOING TO SEND START
085333:T589126_8:SENT START, WAITING FOR FINISH 
085408:T589126_8:MACHINE DONE
085408:T589126_8:Error Code 0
085455:T589126_9:Machine Process.. START
085456:T589126_9:GOING TO SEND START
085456:T589126_9:SENT START, WAITING FOR FINISH 
085529:T589126_9:MACHINE DONE
085529:T589126_9:Error Code 0
090139:T589126_10:Machine Process.. START
090139:T589126_10:GOING TO SEND START
090139:T589126_10:SENT START, WAITING FOR FINISH 
090224:T589126_10:MACHINE DONE
090224:T589126_10:Error Code 0
090848:T589126_11:Machine Process.. START
090849:T589126_11:GOING TO SEND START
090849:T589126_11:SENT START, WAITING FOR FINISH 
090922:T589126_11:MACHINE DONE
090922:T589126_11:Error Code 0
091015:T589126_12:Machine Process.. START
091015:T589126_12:GOING TO SEND START
091016:T589126_12:SENT START, WAITING FOR FINISH 
091049:T589126_12:MACHINE DONE
091049:T589126_12:Error Code 0
091138:T589126_13:Machine Process.. START
091139:T589126_13:GOING TO SEND START
091139:T589126_13:SENT START, WAITING FOR FINISH 
091211:T589126_13:MACHINE DONE
091211:T589126_13:Error Code 0
091312:T589126_14:Machine Process.. START
091313:T589126_14:GOING TO SEND START
091313:T589126_14:SENT START, WAITING FOR FINISH 
091356:T589126_14:MACHINE DONE
091356:T589126_14:Error Code 0
091450:T589126_15:Machine Process.. START
091450:T589126_15:GOING TO SEND START
091450:T589126_15:SENT START, WAITING FOR FINISH 
091523:T589126_15:MACHINE DONE
091523:T589126_15:Error Code 0
091709:T589126_16:Machine Process.. START
091709:T589126_16:GOING TO SEND START
091710:T589126_16:SENT START, WAITING FOR FINISH 
091744:T589126_16:MACHINE DONE
091744:T589126_16:Error Code 0
091857:T589126_17:Machine Process.. START
091857:T589126_17:GOING TO SEND START
091857:T589126_17:SENT START, WAITING FOR FINISH 
091930:T589126_17:MACHINE DONE
091930:T589126_17:Error Code 0
095416:T589126_18:Machine Process.. START
095416:T589126_18:GOING TO SEND START
095416:T589126_18:SENT START, WAITING FOR FINISH 
095446:T589126_18:MACHINE DONE
095446:T589126_18:Error Code 0
095609:T589126_19:Machine Process.. START
095609:T589126_19:GOING TO SEND START
095610:T589126_19:SENT START, WAITING FOR FINISH 
095646:T589126_19:MACHINE DONE
095646:T589126_19:Error Code 0
101329:T589126_20:Machine Process.. START
101330:T589126_20:GOING TO SEND START
101330:T589126_20:SENT START, WAITING FOR FINISH 
101402:T589126_20:MACHINE DONE
101402:T589126_20:Error Code 0
101551:T589126_21:Machine Process.. START
101552:T589126_21:GOING TO SEND START
101552:T589126_21:SENT START, WAITING FOR FINISH 
101641:T589126_21:MACHINE DONE
101641:T589126_21:Error Code 0
101756:T589126_22:Machine Process.. START
101756:T589126_22:GOING TO SEND START
101756:T589126_22:SENT START, WAITING FOR FINISH 
101831:T589126_22:MACHINE DONE
101831:T589126_22:Error Code 0
101937:T589126_23:Machine Process.. START
101938:T589126_23:GOING TO SEND START
101938:T589126_23:SENT START, WAITING FOR FINISH 
102010:T589126_23:MACHINE DONE
102011:T589126_23:Error Code 0
102209:T589126_24:Machine Process.. START
102209:T589126_24:GOING TO SEND START
102209:T589126_24:SENT START, WAITING FOR FINISH 
102242:T589126_24:MACHINE DONE
102242:T589126_24:Error Code 0
102511:T589126_25:Machine Process.. START
102511:T589126_25:GOING TO SEND START
102512:T589126_25:SENT START, WAITING FOR FINISH 
102545:T589126_25:MACHINE DONE
102545:T589126_25:Error Code 0
102711:T589126_26:Machine Process.. START
102712:T589126_26:GOING TO SEND START
102712:T589126_26:SENT START, WAITING FOR FINISH 
102744:T589126_26:MACHINE DONE
102744:T589126_26:Error Code 0
102930:T589126_27:Machine Process.. START
102931:T589126_27:GOING TO SEND START
102931:T589126_27:SENT START, WAITING FOR FINISH 
103021:T589126_27:MACHINE DONE
103021:T589126_27:Error Code 0
103418:T589126_28:Machine Process.. START
103418:T589126_28:GOING TO SEND START
103418:T589126_28:SENT START, WAITING FOR FINISH 
104959:T589126_28:MACHINE DONE
104959:T589126_28:Error Code 0
105146:T589126_29:Machine Process.. START
105146:T589126_29:GOING TO SEND START
105146:T589126_29:SENT START, WAITING FOR FINISH 
105220:T589126_29:MACHINE DONE
105220:T589126_29:Error Code 0
105324:T589126_30:Machine Process.. START
105324:T589126_30:GOING TO SEND START
105325:T589126_30:SENT START, WAITING FOR FINISH 
105356:T589126_30:MACHINE DONE
105356:T589126_30:Error Code 0
105508:T589126_31:Machine Process.. START
105508:T589126_31:GOING TO SEND START
105509:T589126_31:SENT START, WAITING FOR FINISH 
105543:T589126_31:MACHINE DONE
105543:T589126_31:Error Code 0
105653:T589126_32:Machine Process.. START
105654:T589126_32:GOING TO SEND START
105654:T589126_32:SENT START, WAITING FOR FINISH 
105727:T589126_32:MACHINE DONE
105727:T589126_32:Error Code 0
105847:T589126_33:Machine Process.. START
105847:T589126_33:GOING TO SEND START
105847:T589126_33:SENT START, WAITING FOR FINISH 
105921:T589126_33:MACHINE DONE
105922:T589126_33:Error Code 0
110135:T589126_34:Machine Process.. START
110135:T589126_34:GOING TO SEND START
110136:T589126_34:SENT START, WAITING FOR FINISH 
110208:T589126_34:MACHINE DONE
110208:T589126_34:Error Code 0
110311:T589126_35:Machine Process.. START
110311:T589126_35:GOING TO SEND START
110311:T589126_35:SENT START, WAITING FOR FINISH 
110346:T589126_35:MACHINE DONE
110346:T589126_35:Error Code 0
110450:T589126_36:Machine Process.. START
110450:T589126_36:GOING TO SEND START
110450:T589126_36:SENT START, WAITING FOR FINISH 
110523:T589126_36:MACHINE DONE
110523:T589126_36:Error Code 0
110643:T589126_37:Machine Process.. START
110644:T589126_37:GOING TO SEND START
110644:T589126_37:SENT START, WAITING FOR FINISH 
110717:T589126_37:MACHINE DONE
110717:T589126_37:Error Code 0
110838:T589126_38:Machine Process.. START
110838:T589126_38:GOING TO SEND START
110838:T589126_38:SENT START, WAITING FOR FINISH 
110916:T589126_38:MACHINE DONE
110916:T589126_38:Error Code 0
111028:T589126_39:Machine Process.. START
111029:T589126_39:GOING TO SEND START
111029:T589126_39:SENT START, WAITING FOR FINISH 
111102:T589126_39:MACHINE DONE
111102:T589126_39:Error Code 0
111225:T589126_40:Machine Process.. START
111225:T589126_40:GOING TO SEND START
111226:T589126_40:SENT START, WAITING FOR FINISH 
111303:T589126_40:MACHINE DONE
111303:T589126_40:Error Code 0
111422:T510837_1:Machine Process.. START
111422:T510837_1:GOING TO SEND START
111422:T510837_1:SENT START, WAITING FOR FINISH 
111500:T510837_1:MACHINE DONE
111500:T510837_1:Error Code 0
111605:T510837_2:Machine Process.. START
111605:T510837_2:GOING TO SEND START
111605:T510837_2:SENT START, WAITING FOR FINISH 
111638:T510837_2:MACHINE DONE
111638:T510837_2:Error Code 0
111734:T510837_3:Machine Process.. START
111735:T510837_3:GOING TO SEND START
111735:T510837_3:SENT START, WAITING FOR FINISH 
111808:T510837_3:MACHINE DONE
111808:T510837_3:Error Code 0
112000:T510837_4:Machine Process.. START
112001:T510837_4:GOING TO SEND START
112001:T510837_4:SENT START, WAITING FOR FINISH 
112033:T510837_4:MACHINE DONE
112034:T510837_4:Error Code 0
112152:T510837_5:Machine Process.. START
112153:T510837_5:GOING TO SEND START
112153:T510837_5:SENT START, WAITING FOR FINISH 
112230:T510837_5:MACHINE DONE
112230:T510837_5:Error Code 0
112407:T510837_6:Machine Process.. START
112408:T510837_6:GOING TO SEND START
112408:T510837_6:SENT START, WAITING FOR FINISH 
112441:T510837_6:MACHINE DONE
112441:T510837_6:Error Code 0
112551:T510837_7:Machine Process.. START
112551:T510837_7:GOING TO SEND START
112552:T510837_7:SENT START, WAITING FOR FINISH 
112624:T510837_7:MACHINE DONE
112624:T510837_7:Error Code 0
112743:T510837_8:Machine Process.. START
112744:T510837_8:GOING TO SEND START
112744:T510837_8:SENT START, WAITING FOR FINISH 
112823:T510837_8:MACHINE DONE
112823:T510837_8:Error Code 0
112941:T510837_9:Machine Process.. START
112941:T510837_9:GOING TO SEND START
112942:T510837_9:SENT START, WAITING FOR FINISH 
113038:T510837_9:MACHINE DONE
113038:T510837_9:Error Code 0
113241:T510837_10:Machine Process.. START
113242:T510837_10:GOING TO SEND START
113242:T510837_10:SENT START, WAITING FOR FINISH 
113336:T510837_10:MACHINE DONE
113337:T510837_10:Error Code 0
113512:T510837_11:Machine Process.. START
113512:T510837_11:GOING TO SEND START
113512:T510837_11:SENT START, WAITING FOR FINISH 
113547:T510837_11:MACHINE DONE
113547:T510837_11:Error Code 0
113644:T510837_12:Machine Process.. START
113644:T510837_12:GOING TO SEND START
113644:T510837_12:SENT START, WAITING FOR FINISH 
113719:T510837_12:MACHINE DONE
113719:T510837_12:Error Code 0
113847:T510837_13:Machine Process.. START
113847:T510837_13:GOING TO SEND START
113848:T510837_13:SENT START, WAITING FOR FINISH 
113917:T510837_13:MACHINE DONE
113917:T510837_13:Error Code 0
114011:T510837_14:Machine Process.. START
114011:T510837_14:GOING TO SEND START
114012:T510837_14:SENT START, WAITING FOR FINISH 
114047:T510837_14:MACHINE DONE
114047:T510837_14:Error Code 0
114152:T510837_15:Machine Process.. START
114152:T510837_15:GOING TO SEND START
114152:T510837_15:SENT START, WAITING FOR FINISH 
114225:T510837_15:MACHINE DONE
114225:T510837_15:Error Code 0
114336:T510837_16:Machine Process.. START
114336:T510837_16:GOING TO SEND START
114336:T510837_16:SENT START, WAITING FOR FINISH 
114410:T510837_16:MACHINE DONE
114410:T510837_16:Error Code 0
114521:T510837_17:Machine Process.. START
114521:T510837_17:GOING TO SEND START
114522:T510837_17:SENT START, WAITING FOR FINISH 
114555:T510837_17:MACHINE DONE
114555:T510837_17:Error Code 0
114702:T510837_18:Machine Process.. START
114702:T510837_18:GOING TO SEND START
114702:T510837_18:SENT START, WAITING FOR FINISH 
114735:T510837_18:MACHINE DONE
114735:T510837_18:Error Code 0
114920:T510837_19:Machine Process.. START
114920:T510837_19:GOING TO SEND START
114921:T510837_19:SENT START, WAITING FOR FINISH 
114953:T510837_19:MACHINE DONE
114953:T510837_19:Error Code 0
115214:T510837_20:Machine Process.. START
115215:T510837_20:GOING TO SEND START
115215:T510837_20:SENT START, WAITING FOR FINISH 
130252:T510837_20:MACHINE DONE
130253:T510837_20:Error Code 0
130550:T510837_21:Machine Process.. START
130550:T510837_21:GOING TO SEND START
130550:T510837_21:SENT START, WAITING FOR FINISH 
130627:T510837_21:MACHINE DONE
130627:T510837_21:Error Code 0
