091140:T510837_1:Machine Process.. START
091141:T510837_1:GOING TO SEND START
091141:T510837_1:SENT START, WAITING FOR FINISH 
091316:T510837_1:MACHINE DONE
091316:T510837_1:Error Code 0
091405:T510837_2:Machine Process.. START
091405:T510837_2:GOING TO SEND START
091405:T510837_2:SENT START, WAITING FOR FINISH 
091600:T510837_2:MACHINE DONE
091600:T510837_2:Error Code 0
091602:T510837_3:Machine Process.. START
091602:T510837_3:GOING TO SEND START
091603:T510837_3:SENT START, WAITING FOR FINISH 
092315:T510837_3:MACHINE DONE
092315:T510837_3:Error Code 0
092317:T510837_4:Machine Process.. START
092318:T510837_4:GOING TO SEND START
092318:T510837_4:SENT START, WAITING FOR FINISH 
092727:T510837_4:MACHINE DONE
092727:T510837_4:Error Code 0
092729:T510837_5:Machine Process.. START
092729:T510837_5:GOING TO SEND START
092729:T510837_5:SENT START, WAITING FOR FINISH 
093016:T510837_5:MACHINE DONE
093016:T510837_5:Error Code 0
093042:T510837_6:Machine Process.. START
093042:T510837_6:GOING TO SEND START
093043:T510837_6:SENT START, WAITING FOR FINISH 
093343:T510837_6:MACHINE DONE
093344:T510837_6:Error Code 0
093345:T510837_7:Machine Process.. START
093346:T510837_7:GOING TO SEND START
093346:T510837_7:SENT START, WAITING FOR FINISH 
093625:T510837_7:MACHINE DONE
093626:T510837_7:Error Code 0
093628:T510837_8:Machine Process.. START
093628:T510837_8:GOING TO SEND START
093628:T510837_8:SENT START, WAITING FOR FINISH 
093847:T510837_8:MACHINE DONE
093847:T510837_8:Error Code 0
093849:T510837_9:Machine Process.. START
093849:T510837_9:GOING TO SEND START
093850:T510837_9:SENT START, WAITING FOR FINISH 
094120:T510837_9:MACHINE DONE
094120:T510837_9:Error Code 0
094122:T510837_10:Machine Process.. START
094123:T510837_10:GOING TO SEND START
094123:T510837_10:SENT START, WAITING FOR FINISH 
094405:T510837_10:MACHINE DONE
094405:T510837_10:Error Code 0
094451:T510837_11:Machine Process.. START
094451:T510837_11:GOING TO SEND START
094451:T510837_11:SENT START, WAITING FOR FINISH 
094655:T510837_11:MACHINE DONE
094655:T510837_11:Error Code 0
094657:T510837_12:Machine Process.. START
094657:T510837_12:GOING TO SEND START
094657:T510837_12:SENT START, WAITING FOR FINISH 
094925:T510837_12:MACHINE DONE
094925:T510837_12:Error Code 0
094937:T510837_13:Machine Process.. START
094937:T510837_13:GOING TO SEND START
094937:T510837_13:SENT START, WAITING FOR FINISH 
095126:T510837_13:MACHINE DONE
095126:T510837_13:Error Code 0
095128:T510837_14:Machine Process.. START
095128:T510837_14:GOING TO SEND START
095129:T510837_14:SENT START, WAITING FOR FINISH 
095404:T510837_14:MACHINE DONE
095404:T510837_14:Error Code 0
095422:T510837_15:Machine Process.. START
095422:T510837_15:GOING TO SEND START
095422:T510837_15:SENT START, WAITING FOR FINISH 
095632:T510837_15:MACHINE DONE
095632:T510837_15:Error Code 0
095646:T510837_16:Machine Process.. START
095646:T510837_16:GOING TO SEND START
095646:T510837_16:SENT START, WAITING FOR FINISH 
101434:T510837_16:MACHINE DONE
101434:T510837_16:Error Code 0
101436:T510837_17:Machine Process.. START
101437:T510837_17:GOING TO SEND START
101437:T510837_17:SENT START, WAITING FOR FINISH 
101736:T510837_17:MACHINE DONE
101736:T510837_17:Error Code 0
101738:T510837_18:Machine Process.. START
101739:T510837_18:GOING TO SEND START
101739:T510837_18:SENT START, WAITING FOR FINISH 
101933:T510837_18:MACHINE DONE
101933:T510837_18:Error Code 0
101939:T510837_19:Machine Process.. START
101939:T510837_19:GOING TO SEND START
101940:T510837_19:SENT START, WAITING FOR FINISH 
103218:T510837_19:MACHINE DONE
103219:T510837_19:Error Code 0
103255:T510836_1:Machine Process.. START
103256:T510836_1:GOING TO SEND START
103256:T510836_1:SENT START, WAITING FOR FINISH 
103559:T510836_1:MACHINE DONE
103559:T510836_1:Error Code 0
103840:T510836_2:Machine Process.. START
103841:T510836_2:GOING TO SEND START
103841:T510836_2:SENT START, WAITING FOR FINISH 
104010:T510836_2:MACHINE DONE
104010:T510836_2:Error Code 0
104037:T510836_3:Machine Process.. START
104037:T510836_3:GOING TO SEND START
104037:T510836_3:SENT START, WAITING FOR FINISH 
104311:T510836_3:MACHINE DONE
104311:T510836_3:Error Code 0
104559:T510836_4:Machine Process.. START
104600:T510836_4:GOING TO SEND START
104600:T510836_4:SENT START, WAITING FOR FINISH 
104725:T510836_4:MACHINE DONE
104725:T510836_4:Error Code 0
104947:T510836_5:Machine Process.. START
104948:T510836_5:GOING TO SEND START
104948:T510836_5:SENT START, WAITING FOR FINISH 
105150:T510836_5:MACHINE DONE
105150:T510836_5:Error Code 0
105324:T510836_6:Machine Process.. START
105324:T510836_6:GOING TO SEND START
105324:T510836_6:SENT START, WAITING FOR FINISH 
105442:T510836_6:MACHINE DONE
105442:T510836_6:Error Code 0
105633:T510836_7:Machine Process.. START
105633:T510836_7:GOING TO SEND START
105633:T510836_7:SENT START, WAITING FOR FINISH 
135124:T510837_20:Machine Process.. START
135124:T510837_20:GOING TO SEND START
135124:T510837_20:SENT START, WAITING FOR FINISH 
135253:T510837_20:MACHINE DONE
135253:T510837_20:Error Code 0
135255:T510837_21:Machine Process.. START
135256:T510837_21:GOING TO SEND START
135256:T510837_21:SENT START, WAITING FOR FINISH 
135412:T510837_21:MACHINE DONE
135412:T510837_21:Error Code 0
135414:T510837_22:Machine Process.. START
135414:T510837_22:GOING TO SEND START
135415:T510837_22:SENT START, WAITING FOR FINISH 
135529:T510837_22:MACHINE DONE
135529:T510837_22:Error Code 0
135531:T510837_23:Machine Process.. START
135531:T510837_23:GOING TO SEND START
135532:T510837_23:SENT START, WAITING FOR FINISH 
135646:T510837_23:MACHINE DONE
135646:T510837_23:Error Code 0
135649:T510837_24:Machine Process.. START
135649:T510837_24:GOING TO SEND START
135650:T510837_24:SENT START, WAITING FOR FINISH 
135804:T510837_24:MACHINE DONE
135804:T510837_24:Error Code 0
135806:T510837_25:Machine Process.. START
135806:T510837_25:GOING TO SEND START
135807:T510837_25:SENT START, WAITING FOR FINISH 
135919:T510837_25:MACHINE DONE
135919:T510837_25:Error Code 0
135921:T510837_26:Machine Process.. START
135922:T510837_26:GOING TO SEND START
135922:T510837_26:SENT START, WAITING FOR FINISH 
140040:T510837_26:MACHINE DONE
140040:T510837_26:Error Code 0
140042:T510837_27:Machine Process.. START
140042:T510837_27:GOING TO SEND START
140043:T510837_27:SENT START, WAITING FOR FINISH 
140159:T510837_27:MACHINE DONE
140159:T510837_27:Error Code 0
140201:T510837_28:Machine Process.. START
140201:T510837_28:GOING TO SEND START
140202:T510837_28:SENT START, WAITING FOR FINISH 
140334:T510837_28:MACHINE DONE
140334:T510837_28:Error Code 0
140336:T510837_29:Machine Process.. START
140336:T510837_29:GOING TO SEND START
140337:T510837_29:SENT START, WAITING FOR FINISH 
140450:T510837_29:MACHINE DONE
140450:T510837_29:Error Code 0
140452:T510837_30:Machine Process.. START
140452:T510837_30:GOING TO SEND START
140452:T510837_30:SENT START, WAITING FOR FINISH 
140607:T510837_30:MACHINE DONE
140607:T510837_30:Error Code 0
140609:T510837_31:Machine Process.. START
140610:T510837_31:GOING TO SEND START
140610:T510837_31:SENT START, WAITING FOR FINISH 
140723:T510837_31:MACHINE DONE
140723:T510837_31:Error Code 0
140726:T510837_32:Machine Process.. START
140726:T510837_32:GOING TO SEND START
140726:T510837_32:SENT START, WAITING FOR FINISH 
140839:T510837_32:MACHINE DONE
140839:T510837_32:Error Code 0
140841:T510837_33:Machine Process.. START
140842:T510837_33:GOING TO SEND START
140842:T510837_33:SENT START, WAITING FOR FINISH 
140957:T510837_33:MACHINE DONE
140957:T510837_33:Error Code 0
140959:T510837_34:Machine Process.. START
141000:T510837_34:GOING TO SEND START
141000:T510837_34:SENT START, WAITING FOR FINISH 
141118:T510837_34:MACHINE DONE
141118:T510837_34:Error Code 0
141120:T510837_35:Machine Process.. START
141120:T510837_35:GOING TO SEND START
141121:T510837_35:SENT START, WAITING FOR FINISH 
141235:T510837_35:MACHINE DONE
141235:T510837_35:Error Code 0
141237:T510837_36:Machine Process.. START
141237:T510837_36:GOING TO SEND START
141237:T510837_36:SENT START, WAITING FOR FINISH 
141406:T510837_36:MACHINE DONE
141406:T510837_36:Error Code 0
141408:T510837_37:Machine Process.. START
141408:T510837_37:GOING TO SEND START
141409:T510837_37:SENT START, WAITING FOR FINISH 
141521:T510837_37:MACHINE DONE
141521:T510837_37:Error Code 0
141523:T510837_38:Machine Process.. START
141524:T510837_38:GOING TO SEND START
141524:T510837_38:SENT START, WAITING FOR FINISH 
141638:T510837_38:MACHINE DONE
141638:T510837_38:Error Code 0
141640:T510837_39:Machine Process.. START
141640:T510837_39:GOING TO SEND START
141641:T510837_39:SENT START, WAITING FOR FINISH 
141642:T510837_39:MACHINE DONE
141642:T510837_39:Error Code 0
141644:T510837_40:Machine Process.. START
141645:T510837_40:GOING TO SEND START
141645:T510837_40:SENT START, WAITING FOR FINISH 
141649:T510837_40:MACHINE DONE
141649:T510837_40:Error Code 0
141651:T510837_41:Machine Process.. START
141652:T510837_41:GOING TO SEND START
141652:T510837_41:SENT START, WAITING FOR FINISH 
141658:T510837_41:MACHINE DONE
141658:T510837_41:Error Code 0
141723:T510837_42:Machine Process.. START
141723:T510837_42:GOING TO SEND START
141724:T510837_42:SENT START, WAITING FOR FINISH 
141733:T510837_42:MACHINE DONE
141734:T510837_42:Error Code 0
141757:T510837_43:Machine Process.. START
141757:T510837_43:GOING TO SEND START
141757:T510837_43:SENT START, WAITING FOR FINISH 
141812:T510837_43:MACHINE DONE
141812:T510837_43:Error Code 0
141834:T510837_44:Machine Process.. START
141834:T510837_44:GOING TO SEND START
141834:T510837_44:SENT START, WAITING FOR FINISH 
141839:T510837_44:MACHINE DONE
141839:T510837_44:Error Code 0
141847:T510837_45:Machine Process.. START
141847:T510837_45:GOING TO SEND START
141847:T510837_45:SENT START, WAITING FOR FINISH 
141903:T510837_45:MACHINE DONE
141903:T510837_45:Error Code 0
141920:T510837_46:Machine Process.. START
141920:T510837_46:GOING TO SEND START
141920:T510837_46:SENT START, WAITING FOR FINISH 
141940:T510837_46:MACHINE DONE
141940:T510837_46:Error Code 0
141948:T510837_47:Machine Process.. START
141948:T510837_47:GOING TO SEND START
141948:T510837_47:SENT START, WAITING FOR FINISH 
141955:T510837_47:MACHINE DONE
141955:T510837_47:Error Code 0
142043:T510837_48:Machine Process.. START
142043:T510837_48:GOING TO SEND START
142044:T510837_48:SENT START, WAITING FOR FINISH 
142050:T510837_48:MACHINE DONE
142050:T510837_48:Error Code 0
142053:T510837_49:Machine Process.. START
142054:T510837_49:GOING TO SEND START
142054:T510837_49:SENT START, WAITING FOR FINISH 
142059:T510837_49:MACHINE DONE
142059:T510837_49:Error Code 0
142319:T510837_50:Machine Process.. START
142319:T510837_50:GOING TO SEND START
142320:T510837_50:SENT START, WAITING FOR FINISH 
142322:T510837_50:MACHINE DONE
142322:T510837_50:Error Code 0
142511:T510837_51:Machine Process.. START
142511:T510837_51:GOING TO SEND START
142511:T510837_51:SENT START, WAITING FOR FINISH 
142514:T510837_51:MACHINE DONE
142514:T510837_51:Error Code 0
142633:T510837_52:Machine Process.. START
142633:T510837_52:GOING TO SEND START
142634:T510837_52:SENT START, WAITING FOR FINISH 
142636:T510837_52:MACHINE DONE
142636:T510837_52:Error Code 0
142723:T510837_53:Machine Process.. START
142724:T510837_53:GOING TO SEND START
142725:T510837_53:SENT START, WAITING FOR FINISH 
143728:T510837_53:MACHINE DONE
143729:T510837_53:Error Code 0
143740:T510837_54:Machine Process.. START
143740:T510837_54:GOING TO SEND START
143740:T510837_54:SENT START, WAITING FOR FINISH 
143834:T510837_54:MACHINE DONE
143834:T510837_54:Error Code 0
143909:T510837_55:Machine Process.. START
143909:T510837_55:GOING TO SEND START
143909:T510837_55:SENT START, WAITING FOR FINISH 
143912:T510837_55:MACHINE DONE
143913:T510837_55:Error Code 0
143950:T510837_56:Machine Process.. START
143950:T510837_56:GOING TO SEND START
143950:T510837_56:SENT START, WAITING FOR FINISH 
143952:T510837_56:MACHINE DONE
143952:T510837_56:Error Code 0
144057:T510837_57:Machine Process.. START
144057:T510837_57:GOING TO SEND START
144057:T510837_57:SENT START, WAITING FOR FINISH 
144101:T510837_57:MACHINE DONE
144101:T510837_57:Error Code 0
144152:T510837_58:Machine Process.. START
144153:T510837_58:GOING TO SEND START
144153:T510837_58:SENT START, WAITING FOR FINISH 
144155:T510837_58:MACHINE DONE
144155:T510837_58:Error Code 0
144257:T510837_59:Machine Process.. START
144257:T510837_59:GOING TO SEND START
144257:T510837_59:SENT START, WAITING FOR FINISH 
144307:T510837_59:MACHINE DONE
144307:T510837_59:Error Code 0
144342:T510837_60:Machine Process.. START
144342:T510837_60:GOING TO SEND START
144342:T510837_60:SENT START, WAITING FOR FINISH 
144345:T510837_60:MACHINE DONE
144345:T510837_60:Error Code 0
144446:T510837_61:Machine Process.. START
144446:T510837_61:GOING TO SEND START
144447:T510837_61:SENT START, WAITING FOR FINISH 
144510:T510837_61:MACHINE DONE
144510:T510837_61:Error Code 0
144556:T510837_62:Machine Process.. START
144556:T510837_62:GOING TO SEND START
144556:T510837_62:SENT START, WAITING FOR FINISH 
144620:T510837_62:MACHINE DONE
144620:T510837_62:Error Code 0
144650:T510837_63:Machine Process.. START
144650:T510837_63:GOING TO SEND START
144650:T510837_63:SENT START, WAITING FOR FINISH 
144700:T510837_63:MACHINE DONE
144701:T510837_63:Error Code 0
144751:T510837_64:Machine Process.. START
144751:T510837_64:GOING TO SEND START
144751:T510837_64:SENT START, WAITING FOR FINISH 
144753:T510837_64:MACHINE DONE
144753:T510837_64:Error Code 0
144841:T510837_65:Machine Process.. START
144841:T510837_65:GOING TO SEND START
144842:T510837_65:SENT START, WAITING FOR FINISH 
144850:T510837_65:MACHINE DONE
144850:T510837_65:Error Code 0
144902:T510837_66:Machine Process.. START
144902:T510837_66:GOING TO SEND START
144903:T510837_66:SENT START, WAITING FOR FINISH 
144906:T510837_66:MACHINE DONE
144906:T510837_66:Error Code 0
145116:T510837_67:Machine Process.. START
145117:T510837_67:GOING TO SEND START
145117:T510837_67:SENT START, WAITING FOR FINISH 
145244:T510837_67:MACHINE DONE
145245:T510837_67:Error Code 0
145304:T510837_68:Machine Process.. START
145305:T510837_68:GOING TO SEND START
145305:T510837_68:SENT START, WAITING FOR FINISH 
145309:T510837_68:MACHINE DONE
145309:T510837_68:Error Code 0
145334:T510837_69:Machine Process.. START
145335:T510837_69:GOING TO SEND START
145335:T510837_69:SENT START, WAITING FOR FINISH 
145338:T510837_69:MACHINE DONE
145338:T510837_69:Error Code 0
145423:T510837_70:Machine Process.. START
145423:T510837_70:GOING TO SEND START
145423:T510837_70:SENT START, WAITING FOR FINISH 
145431:T510837_70:MACHINE DONE
145432:T510837_70:Error Code 0
145459:T510837_71:Machine Process.. START
145500:T510837_71:GOING TO SEND START
145500:T510837_71:SENT START, WAITING FOR FINISH 
145506:T510837_71:MACHINE DONE
145506:T510837_71:Error Code 0
145554:T510837_72:Machine Process.. START
145555:T510837_72:GOING TO SEND START
145555:T510837_72:SENT START, WAITING FOR FINISH 
145638:T510837_72:MACHINE DONE
145638:T510837_72:Error Code 0
145657:T510837_73:Machine Process.. START
145657:T510837_73:GOING TO SEND START
145658:T510837_73:SENT START, WAITING FOR FINISH 
145702:T510837_73:MACHINE DONE
145702:T510837_73:Error Code 0
145712:T510837_74:Machine Process.. START
145712:T510837_74:GOING TO SEND START
145713:T510837_74:SENT START, WAITING FOR FINISH 
145821:T510837_74:MACHINE DONE
145821:T510837_74:Error Code 0
145823:T510837_75:Machine Process.. START
145823:T510837_75:GOING TO SEND START
145824:T510837_75:SENT START, WAITING FOR FINISH 
145930:T510837_75:MACHINE DONE
145930:T510837_75:Error Code 0
152206:T510837_80:Machine Process.. START
152206:T510837_80:GOING TO SEND START
152207:T510837_80:SENT START, WAITING FOR FINISH 
152213:T510837_80:MACHINE DONE
152213:T510837_80:Error Code 0
152227:T510837_81:Machine Process.. START
152227:T510837_81:GOING TO SEND START
152228:T510837_81:SENT START, WAITING FOR FINISH 
152231:T510837_81:MACHINE DONE
152231:T510837_81:Error Code 0
152253:T510837_82:Machine Process.. START
152253:T510837_82:GOING TO SEND START
152254:T510837_82:SENT START, WAITING FOR FINISH 
152302:T510837_82:MACHINE DONE
152302:T510837_82:Error Code 0
152336:T510837_83:Machine Process.. START
152336:T510837_83:GOING TO SEND START
152337:T510837_83:SENT START, WAITING FOR FINISH 
152342:T510837_83:MACHINE DONE
152342:T510837_83:Error Code 0
152420:T510837_84:Machine Process.. START
152420:T510837_84:GOING TO SEND START
152421:T510837_84:SENT START, WAITING FOR FINISH 
152423:T510837_84:MACHINE DONE
152423:T510837_84:Error Code 0
152601:T510837_85:Machine Process.. START
152601:T510837_85:GOING TO SEND START
152601:T510837_85:SENT START, WAITING FOR FINISH 
152603:T510837_85:MACHINE DONE
152603:T510837_85:Error Code 0
152643:T510837_86:Machine Process.. START
152643:T510837_86:GOING TO SEND START
152643:T510837_86:SENT START, WAITING FOR FINISH 
152646:T510837_86:MACHINE DONE
152646:T510837_86:Error Code 0
152733:T510837_87:Machine Process.. START
152734:T510837_87:GOING TO SEND START
152734:T510837_87:SENT START, WAITING FOR FINISH 
152736:T510837_87:MACHINE DONE
152736:T510837_87:Error Code 0
152854:T510837_88:Machine Process.. START
152855:T510837_88:GOING TO SEND START
152855:T510837_88:SENT START, WAITING FOR FINISH 
152859:T510837_88:MACHINE DONE
152859:T510837_88:Error Code 0
152938:T510837_89:Machine Process.. START
152939:T510837_89:GOING TO SEND START
152939:T510837_89:SENT START, WAITING FOR FINISH 
152945:T510837_89:MACHINE DONE
152945:T510837_89:Error Code 0
153008:T510837_90:Machine Process.. START
153008:T510837_90:GOING TO SEND START
153009:T510837_90:SENT START, WAITING FOR FINISH 
153011:T510837_90:MACHINE DONE
153011:T510837_90:Error Code 0
153114:T510837_91:Machine Process.. START
153115:T510837_91:GOING TO SEND START
153115:T510837_91:SENT START, WAITING FOR FINISH 
153119:T510837_91:MACHINE DONE
153119:T510837_91:Error Code 0
153206:T510837_92:Machine Process.. START
153207:T510837_92:GOING TO SEND START
153207:T510837_92:SENT START, WAITING FOR FINISH 
153210:T510837_92:MACHINE DONE
153210:T510837_92:Error Code 0
153244:T510837_93:Machine Process.. START
153244:T510837_93:GOING TO SEND START
153244:T510837_93:SENT START, WAITING FOR FINISH 
153251:T510837_93:MACHINE DONE
153251:T510837_93:Error Code 0
153345:T510837_94:Machine Process.. START
153345:T510837_94:GOING TO SEND START
153346:T510837_94:SENT START, WAITING FOR FINISH 
153400:T510837_94:MACHINE DONE
153400:T510837_94:Error Code 0
153454:T510837_95:Machine Process.. START
153454:T510837_95:GOING TO SEND START
153455:T510837_95:SENT START, WAITING FOR FINISH 
153456:T510837_95:MACHINE DONE
153456:T510837_95:Error Code 0
153534:T510837_96:Machine Process.. START
153534:T510837_96:GOING TO SEND START
153534:T510837_96:SENT START, WAITING FOR FINISH 
153536:T510837_96:MACHINE DONE
153536:T510837_96:Error Code 0
153621:T510837_97:Machine Process.. START
153622:T510837_97:GOING TO SEND START
153622:T510837_97:SENT START, WAITING FOR FINISH 
153628:T510837_97:MACHINE DONE
153628:T510837_97:Error Code 0
153652:T510837_98:Machine Process.. START
153652:T510837_98:GOING TO SEND START
153652:T510837_98:SENT START, WAITING FOR FINISH 
153701:T510837_98:MACHINE DONE
153701:T510837_98:Error Code 0
153716:T510837_99:Machine Process.. START
153717:T510837_99:GOING TO SEND START
153717:T510837_99:SENT START, WAITING FOR FINISH 
153720:T510837_99:MACHINE DONE
153720:T510837_99:Error Code 0
153818:T510837_100:Machine Process.. START
153818:T510837_100:GOING TO SEND START
153819:T510837_100:SENT START, WAITING FOR FINISH 
153821:T510837_100:MACHINE DONE
153821:T510837_100:Error Code 0
153850:T510837_101:Machine Process.. START
153850:T510837_101:GOING TO SEND START
153850:T510837_101:SENT START, WAITING FOR FINISH 
153907:T510837_101:MACHINE DONE
153907:T510837_101:Error Code 0
153909:T510837_102:Machine Process.. START
153909:T510837_102:GOING TO SEND START
153910:T510837_102:SENT START, WAITING FOR FINISH 
153924:T510837_102:MACHINE DONE
153924:T510837_102:Error Code 0
153958:T510837_103:Machine Process.. START
153958:T510837_103:GOING TO SEND START
153958:T510837_103:SENT START, WAITING FOR FINISH 
154028:T510837_103:MACHINE DONE
154028:T510837_103:Error Code 0
154146:T510837_104:Machine Process.. START
154146:T510837_104:GOING TO SEND START
154146:T510837_104:SENT START, WAITING FOR FINISH 
154211:T510837_104:MACHINE DONE
154211:T510837_104:Error Code 0
154252:T510837_105:Machine Process.. START
154253:T510837_105:GOING TO SEND START
154253:T510837_105:SENT START, WAITING FOR FINISH 
154256:T510837_105:MACHINE DONE
154256:T510837_105:Error Code 0
154355:T510837_106:Machine Process.. START
154355:T510837_106:GOING TO SEND START
154356:T510837_106:SENT START, WAITING FOR FINISH 
154359:T510837_106:MACHINE DONE
154359:T510837_106:Error Code 0
154422:T510837_107:Machine Process.. START
154422:T510837_107:GOING TO SEND START
154422:T510837_107:SENT START, WAITING FOR FINISH 
154453:T510837_107:MACHINE DONE
154453:T510837_107:Error Code 0
154501:T510837_108:Machine Process.. START
154501:T510837_108:GOING TO SEND START
154501:T510837_108:SENT START, WAITING FOR FINISH 
154509:T510837_108:MACHINE DONE
154510:T510837_108:Error Code 0
154553:T510837_109:Machine Process.. START
154554:T510837_109:GOING TO SEND START
154554:T510837_109:SENT START, WAITING FOR FINISH 
154556:T510837_109:MACHINE DONE
154557:T510837_109:Error Code 0
154729:T510837_110:Machine Process.. START
154730:T510837_110:GOING TO SEND START
154730:T510837_110:SENT START, WAITING FOR FINISH 
154738:T510837_110:MACHINE DONE
154738:T510837_110:Error Code 0
154740:T510837_111:Machine Process.. START
154741:T510837_111:GOING TO SEND START
154741:T510837_111:SENT START, WAITING FOR FINISH 
154744:T510837_111:MACHINE DONE
154744:T510837_111:Error Code 0
154806:T510837_112:Machine Process.. START
154806:T510837_112:GOING TO SEND START
154806:T510837_112:SENT START, WAITING FOR FINISH 
154811:T510837_112:MACHINE DONE
154811:T510837_112:Error Code 0
155053:T510837_113:Machine Process.. START
155053:T510837_113:GOING TO SEND START
155054:T510837_113:SENT START, WAITING FOR FINISH 
155057:T510837_113:MACHINE DONE
155057:T510837_113:Error Code 0
155141:T510837_114:Machine Process.. START
155141:T510837_114:GOING TO SEND START
155141:T510837_114:SENT START, WAITING FOR FINISH 
155144:T510837_114:MACHINE DONE
155144:T510837_114:Error Code 0
155206:T510837_115:Machine Process.. START
155206:T510837_115:GOING TO SEND START
155206:T510837_115:SENT START, WAITING FOR FINISH 
155210:T510837_115:MACHINE DONE
155210:T510837_115:Error Code 0
155226:T510837_116:Machine Process.. START
155227:T510837_116:GOING TO SEND START
155227:T510837_116:SENT START, WAITING FOR FINISH 
155232:T510837_116:MACHINE DONE
155232:T510837_116:Error Code 0
155254:T510837_117:Machine Process.. START
155254:T510837_117:GOING TO SEND START
155254:T510837_117:SENT START, WAITING FOR FINISH 
155257:T510837_117:MACHINE DONE
155258:T510837_117:Error Code 0
155330:T510837_118:Machine Process.. START
155330:T510837_118:GOING TO SEND START
155330:T510837_118:SENT START, WAITING FOR FINISH 
155342:T510837_118:MACHINE DONE
155342:T510837_118:Error Code 0
155420:T510837_119:Machine Process.. START
155420:T510837_119:GOING TO SEND START
155420:T510837_119:SENT START, WAITING FOR FINISH 
155423:T510837_119:MACHINE DONE
155423:T510837_119:Error Code 0
155522:T510837_120:Machine Process.. START
155522:T510837_120:GOING TO SEND START
155522:T510837_120:SENT START, WAITING FOR FINISH 
155547:T510837_120:MACHINE DONE
155547:T510837_120:Error Code 0
155549:T510837_121:Machine Process.. START
155549:T510837_121:GOING TO SEND START
155549:T510837_121:SENT START, WAITING FOR FINISH 
155555:T510837_121:MACHINE DONE
155555:T510837_121:Error Code 0
155630:T510837_122:Machine Process.. START
155630:T510837_122:GOING TO SEND START
155630:T510837_122:SENT START, WAITING FOR FINISH 
155633:T510837_122:MACHINE DONE
155633:T510837_122:Error Code 0
155649:T510837_123:Machine Process.. START
155649:T510837_123:GOING TO SEND START
155650:T510837_123:SENT START, WAITING FOR FINISH 
155659:T510837_123:MACHINE DONE
155700:T510837_123:Error Code 0
155824:T510837_124:Machine Process.. START
155824:T510837_124:GOING TO SEND START
155825:T510837_124:SENT START, WAITING FOR FINISH 
155826:T510837_124:MACHINE DONE
155826:T510837_124:Error Code 0
155925:T510837_125:Machine Process.. START
155925:T510837_125:GOING TO SEND START
155925:T510837_125:SENT START, WAITING FOR FINISH 
155927:T510837_125:MACHINE DONE
155927:T510837_125:Error Code 0
155944:T510837_126:Machine Process.. START
155944:T510837_126:GOING TO SEND START
155945:T510837_126:SENT START, WAITING FOR FINISH 
155948:T510837_126:MACHINE DONE
155948:T510837_126:Error Code 0
160057:T510837_127:Machine Process.. START
160057:T510837_127:GOING TO SEND START
160058:T510837_127:SENT START, WAITING FOR FINISH 
160137:T510837_127:MACHINE DONE
160137:T510837_127:Error Code 0
160141:T510837_128:Machine Process.. START
160141:T510837_128:GOING TO SEND START
160141:T510837_128:SENT START, WAITING FOR FINISH 
