104115:T589126_1:Machine Process.. START
104115:T589126_1:GOING TO SEND START
104116:T589126_1:SENT START, WAITING FOR FINISH 
104118:T589126_1:MACHINE DONE
104118:T589126_1:Error Code 0
104523:T589126_2:Machine Process.. START
104524:T589126_2:GOING TO SEND START
104524:T589126_2:SENT START, WAITING FOR FINISH 
104541:T589126_2:MACHINE DONE
104541:T589126_2:Error Code 0
105126:T589126_3:Machine Process.. START
105127:T589126_3:GOING TO SEND START
105127:T589126_3:SENT START, WAITING FOR FINISH 
105143:T589126_3:MACHINE DONE
105143:T589126_3:Error Code 0
105422:T589126_4:Machine Process.. START
105422:T589126_4:GOING TO SEND START
105423:T589126_4:SENT START, WAITING FOR FINISH 
105427:T589126_4:MACHINE DONE
105427:T589126_4:Error Code 0
105700:T589126_5:Machine Process.. START
105700:T589126_5:GOING TO SEND START
105700:T589126_5:SENT START, WAITING FOR FINISH 
105711:T589126_5:MACHINE DONE
105711:T589126_5:Error Code 0
105902:T589126_6:Machine Process.. START
105903:T589126_6:GOING TO SEND START
105903:T589126_6:SENT START, WAITING FOR FINISH 
105905:T589126_6:MACHINE DONE
105905:T589126_6:Error Code 0
110341:T589126_7:Machine Process.. START
110342:T589126_7:GOING TO SEND START
110342:T589126_7:SENT START, WAITING FOR FINISH 
110348:T589126_7:MACHINE DONE
110349:T589126_7:Error Code 0
110829:T589126_8:Machine Process.. START
110829:T589126_8:GOING TO SEND START
110829:T589126_8:SENT START, WAITING FOR FINISH 
110848:T589126_8:MACHINE DONE
110848:T589126_8:Error Code 0
111207:T589126_9:Machine Process.. START
111207:T589126_9:GOING TO SEND START
111207:T589126_9:SENT START, WAITING FOR FINISH 
111220:T589126_9:MACHINE DONE
111220:T589126_9:Error Code 0
111704:T589126_10:Machine Process.. START
111704:T589126_10:GOING TO SEND START
111705:T589126_10:SENT START, WAITING FOR FINISH 
111715:T589126_10:MACHINE DONE
111715:T589126_10:Error Code 0
111829:T589126_11:Machine Process.. START
111829:T589126_11:GOING TO SEND START
111830:T589126_11:SENT START, WAITING FOR FINISH 
111841:T589126_11:MACHINE DONE
111841:T589126_11:Error Code 0
112035:T589126_12:Machine Process.. START
112035:T589126_12:GOING TO SEND START
112036:T589126_12:SENT START, WAITING FOR FINISH 
112039:T589126_12:MACHINE DONE
112039:T589126_12:Error Code 0
112618:T589126_13:Machine Process.. START
112618:T589126_13:GOING TO SEND START
112618:T589126_13:SENT START, WAITING FOR FINISH 
112636:T589126_13:MACHINE DONE
112636:T589126_13:Error Code 0
113052:T589126_14:Machine Process.. START
113052:T589126_14:GOING TO SEND START
113053:T589126_14:SENT START, WAITING FOR FINISH 
113057:T589126_14:MACHINE DONE
113057:T589126_14:Error Code 0
113236:T589126_15:Machine Process.. START
113236:T589126_15:GOING TO SEND START
113237:T589126_15:SENT START, WAITING FOR FINISH 
113240:T589126_15:MACHINE DONE
113240:T589126_15:Error Code 0
113405:T589126_16:Machine Process.. START
113405:T589126_16:GOING TO SEND START
113406:T589126_16:SENT START, WAITING FOR FINISH 
113408:T589126_16:MACHINE DONE
113408:T589126_16:Error Code 0
113824:T589126_17:Machine Process.. START
113824:T589126_17:GOING TO SEND START
113824:T589126_17:SENT START, WAITING FOR FINISH 
113828:T589126_17:MACHINE DONE
113828:T589126_17:Error Code 0
114319:T589126_18:Machine Process.. START
114319:T589126_18:GOING TO SEND START
114319:T589126_18:SENT START, WAITING FOR FINISH 
114324:T589126_18:MACHINE DONE
114324:T589126_18:Error Code 0
114608:T589126_19:Machine Process.. START
114608:T589126_19:GOING TO SEND START
114608:T589126_19:SENT START, WAITING FOR FINISH 
114629:T589126_19:MACHINE DONE
114629:T589126_19:Error Code 0
