103044:T589126_1:Machine Process.. START
103044:T589126_1:GOING TO SEND START
103045:T589126_1:SENT START, WAITING FOR FINISH 
103450:T589126_1:MACHINE DONE
103450:T589126_1:Error Code 0
103538:T589126_2:Machine Process.. START
103538:T589126_2:GOING TO SEND START
103539:T589126_2:SENT START, WAITING FOR FINISH 
103740:T589126_2:MACHINE DONE
103741:T589126_2:Error Code 0
104326:T589126_4:Machine Process.. START
104326:T589126_4:GOING TO SEND START
104326:T589126_4:SENT START, WAITING FOR FINISH 
104348:T589126_4:MACHINE DONE
104348:T589126_4:Error Code 0
104512:T589126_5:Machine Process.. START
104512:T589126_5:GOING TO SEND START
104513:T589126_5:SENT START, WAITING FOR FINISH 
104852:T589126_5:MACHINE DONE
104852:T589126_5:Error Code 0
104941:T589126_6:Machine Process.. START
104941:T589126_6:GOING TO SEND START
104942:T589126_6:SENT START, WAITING FOR FINISH 
105002:T589126_6:MACHINE DONE
105002:T589126_6:Error Code 0
105548:T589126_7:Machine Process.. START
105548:T589126_7:GOING TO SEND START
105548:T589126_7:SENT START, WAITING FOR FINISH 
105613:T589126_7:MACHINE DONE
105613:T589126_7:Error Code 0
110025:T589126_8:Machine Process.. START
110025:T589126_8:GOING TO SEND START
110025:T589126_8:SENT START, WAITING FOR FINISH 
110046:T589126_8:MACHINE DONE
110046:T589126_8:Error Code 0
110428:T589126_9:Machine Process.. START
110428:T589126_9:GOING TO SEND START
110428:T589126_9:SENT START, WAITING FOR FINISH 
110454:T589126_9:MACHINE DONE
110454:T589126_9:Error Code 0
110853:T589126_10:Machine Process.. START
110853:T589126_10:GOING TO SEND START
110854:T589126_10:SENT START, WAITING FOR FINISH 
111059:T589126_10:MACHINE DONE
111059:T589126_10:Error Code 0
111116:T589126_11:Machine Process.. START
111116:T589126_11:GOING TO SEND START
111117:T589126_11:SENT START, WAITING FOR FINISH 
111136:T589126_11:MACHINE DONE
111136:T589126_11:Error Code 0
111301:T589126_12:Machine Process.. START
111301:T589126_12:GOING TO SEND START
111302:T589126_12:SENT START, WAITING FOR FINISH 
111323:T589126_12:MACHINE DONE
111323:T589126_12:Error Code 0
111824:T589126_13:Machine Process.. START
111824:T589126_13:GOING TO SEND START
111824:T589126_13:SENT START, WAITING FOR FINISH 
111845:T589126_13:MACHINE DONE
111846:T589126_13:Error Code 0
112150:T589126_14:Machine Process.. START
112150:T589126_14:GOING TO SEND START
112150:T589126_14:SENT START, WAITING FOR FINISH 
112212:T589126_14:MACHINE DONE
112212:T589126_14:Error Code 0
112434:T589126_15:Machine Process.. START
112434:T589126_15:GOING TO SEND START
112434:T589126_15:SENT START, WAITING FOR FINISH 
112456:T589126_15:MACHINE DONE
112456:T589126_15:Error Code 0
112614:T589126_16:Machine Process.. START
112615:T589126_16:GOING TO SEND START
112615:T589126_16:SENT START, WAITING FOR FINISH 
112642:T589126_16:MACHINE DONE
112642:T589126_16:Error Code 0
112947:T589126_17:Machine Process.. START
112947:T589126_17:GOING TO SEND START
112948:T589126_17:SENT START, WAITING FOR FINISH 
113010:T589126_17:MACHINE DONE
113010:T589126_17:Error Code 0
113535:T589126_18:Machine Process.. START
113536:T589126_18:GOING TO SEND START
113536:T589126_18:SENT START, WAITING FOR FINISH 
113557:T589126_18:MACHINE DONE
113557:T589126_18:Error Code 0
113853:T589126_19:Machine Process.. START
113854:T589126_19:GOING TO SEND START
113854:T589126_19:SENT START, WAITING FOR FINISH 
113917:T589126_19:MACHINE DONE
113917:T589126_19:Error Code 0
114741:T510836_1:Machine Process.. START
114741:T510836_1:GOING TO SEND START
114742:T510836_1:SENT START, WAITING FOR FINISH 
114803:T510836_1:MACHINE DONE
114803:T510836_1:Error Code 0
115330:T510836_2:Machine Process.. START
115331:T510836_2:GOING TO SEND START
115331:T510836_2:SENT START, WAITING FOR FINISH 
115354:T510836_2:MACHINE DONE
115354:T510836_2:Error Code 0
172841:T510836_6:Machine Process.. START
172841:T510836_6:GOING TO SEND START
172841:T510836_6:SENT START, WAITING FOR FINISH 
