161002:T510836_5:Machine Process.. START
161002:T510836_5:GOING TO SEND START
161002:T510836_5:SENT START, WAITING FOR FINISH 
161007:T510836_5:MACHINE DONE
161007:T510836_5:Error Code 0
161131:T510836_6:Machine Process.. START
161132:T510836_6:GOING TO SEND START
161132:T510836_6:SENT START, WAITING FOR FINISH 
161139:T510836_6:MACHINE DONE
161139:T510836_6:Error Code 0
161225:T510836_7:Machine Process.. START
161225:T510836_7:GOING TO SEND START
161225:T510836_7:SENT START, WAITING FOR FINISH 
161228:T510836_7:MACHINE DONE
161228:T510836_7:Error Code 0
161339:T510836_8:Machine Process.. START
161339:T510836_8:GOING TO SEND START
161339:T510836_8:SENT START, WAITING FOR FINISH 
161347:T510836_8:MACHINE DONE
161347:T510836_8:Error Code 0
161448:T510836_9:Machine Process.. START
161448:T510836_9:GOING TO SEND START
161448:T510836_9:SENT START, WAITING FOR FINISH 
161453:T510836_9:MACHINE DONE
161453:T510836_9:Error Code 0
161601:T510836_10:Machine Process.. START
161601:T510836_10:GOING TO SEND START
161602:T510836_10:SENT START, WAITING FOR FINISH 
161613:T510836_10:MACHINE DONE
161613:T510836_10:Error Code 0
161730:T510836_11:Machine Process.. START
161731:T510836_11:GOING TO SEND START
161731:T510836_11:SENT START, WAITING FOR FINISH 
161739:T510836_11:MACHINE DONE
161739:T510836_11:Error Code 0
162011:T510836_12:Machine Process.. START
162011:T510836_12:GOING TO SEND START
162011:T510836_12:SENT START, WAITING FOR FINISH 
162020:T510836_12:MACHINE DONE
162020:T510836_12:Error Code 0
162201:T510836_13:Machine Process.. START
162201:T510836_13:GOING TO SEND START
162201:T510836_13:SENT START, WAITING FOR FINISH 
162206:T510836_13:MACHINE DONE
162206:T510836_13:Error Code 0
162454:T510836_14:Machine Process.. START
162454:T510836_14:GOING TO SEND START
162454:T510836_14:SENT START, WAITING FOR FINISH 
162500:T510836_14:MACHINE DONE
162500:T510836_14:Error Code 0
162614:T510836_15:Machine Process.. START
162614:T510836_15:GOING TO SEND START
162614:T510836_15:SENT START, WAITING FOR FINISH 
162621:T510836_15:MACHINE DONE
162621:T510836_15:Error Code 0
195434:T510836_23:Machine Process.. START
195434:T510836_23:GOING TO SEND START
195435:T510836_23:SENT START, WAITING FOR FINISH 
195513:T510836_23:MACHINE DONE
195513:T510836_23:Error Code 0
