095550:T510836_1:SET 1 to ni.var.psp://localhost/OPC/OPC_LabView/HAVC/192_168_60_39/SCREW/12_1
095551:T510836_1:clear RESET SCREW
095551:T510836_1:No more clear, Wait for RESET to be '1'
095558:T510836_1:RESET is 1 now. FINISHED.
095600:T510836_1:SET 1 to ni.var.psp://localhost/OPC/OPC_LabView/HAVC/192_168_60_39/SCREW/12_1
095601:T510836_1:clear RESET SCREW
095601:T510836_1:No more clear, Wait for RESET to be '1'
095604:T510836_1:RESET is 1 now. FINISHED.
102519:T510836_2:SET 1 to ni.var.psp://localhost/OPC/OPC_LabView/HAVC/192_168_60_39/SCREW/12_1
102520:T510836_2:clear RESET SCREW
102520:T510836_2:No more clear, Wait for RESET to be '1'
102527:T510836_2:RESET is 1 now. FINISHED.
102529:T510836_2:SET 1 to ni.var.psp://localhost/OPC/OPC_LabView/HAVC/192_168_60_39/SCREW/12_1
102529:T510836_2:clear RESET SCREW
102530:T510836_2:No more clear, Wait for RESET to be '1'
102542:T510836_2:RESET is 1 now. FINISHED.
102647:T510836_3:SET 1 to ni.var.psp://localhost/OPC/OPC_LabView/HAVC/192_168_60_39/SCREW/12_1
102647:T510836_3:clear RESET SCREW
102647:T510836_3:No more clear, Wait for RESET to be '1'
102653:T510836_3:RESET is 1 now. FINISHED.
102655:T510836_3:SET 1 to ni.var.psp://localhost/OPC/OPC_LabView/HAVC/192_168_60_39/SCREW/12_1
102655:T510836_3:clear RESET SCREW
102655:T510836_3:No more clear, Wait for RESET to be '1'
102657:T510836_3:RESET is 1 now. FINISHED.
102731:T510836_4:SET 1 to ni.var.psp://localhost/OPC/OPC_LabView/HAVC/192_168_60_39/SCREW/12_1
102731:T510836_4:clear RESET SCREW
102731:T510836_4:No more clear, Wait for RESET to be '1'
102735:T510836_4:RESET is 1 now. FINISHED.
102738:T510836_4:SET 1 to ni.var.psp://localhost/OPC/OPC_LabView/HAVC/192_168_60_39/SCREW/12_1
102738:T510836_4:clear RESET SCREW
102738:T510836_4:No more clear, Wait for RESET to be '1'
102743:T510836_4:RESET is 1 now. FINISHED.
102913:T510836_5:SET 1 to ni.var.psp://localhost/OPC/OPC_LabView/HAVC/192_168_60_39/SCREW/12_1
102913:T510836_5:clear RESET SCREW
102914:T510836_5:No more clear, Wait for RESET to be '1'
102922:T510836_5:RESET is 1 now. FINISHED.
102926:T510836_5:SET 1 to ni.var.psp://localhost/OPC/OPC_LabView/HAVC/192_168_60_39/SCREW/12_1
102926:T510836_5:clear RESET SCREW
102926:T510836_5:No more clear, Wait for RESET to be '1'
102932:T510836_5:RESET is 1 now. FINISHED.
103009:T510836_6:SET 1 to ni.var.psp://localhost/OPC/OPC_LabView/HAVC/192_168_60_39/SCREW/12_1
103009:T510836_6:clear RESET SCREW
103009:T510836_6:No more clear, Wait for RESET to be '1'
103016:T510836_6:RESET is 1 now. FINISHED.
103020:T510836_6:SET 1 to ni.var.psp://localhost/OPC/OPC_LabView/HAVC/192_168_60_39/SCREW/12_1
103020:T510836_6:clear RESET SCREW
103020:T510836_6:No more clear, Wait for RESET to be '1'
103026:T510836_6:RESET is 1 now. FINISHED.
103123:T510836_7:SET 1 to ni.var.psp://localhost/OPC/OPC_LabView/HAVC/192_168_60_39/SCREW/12_1
103123:T510836_7:clear RESET SCREW
103123:T510836_7:No more clear, Wait for RESET to be '1'
103139:T510836_7:RESET is 1 now. FINISHED.
103142:T510836_7:SET 1 to ni.var.psp://localhost/OPC/OPC_LabView/HAVC/192_168_60_39/SCREW/12_1
103142:T510836_7:clear RESET SCREW
103143:T510836_7:No more clear, Wait for RESET to be '1'
103147:T510836_7:RESET is 1 now. FINISHED.
103223:T510836_8:SET 1 to ni.var.psp://localhost/OPC/OPC_LabView/HAVC/192_168_60_39/SCREW/12_1
103223:T510836_8:clear RESET SCREW
103224:T510836_8:No more clear, Wait for RESET to be '1'
103228:T510836_8:RESET is 1 now. FINISHED.
103230:T510836_8:SET 1 to ni.var.psp://localhost/OPC/OPC_LabView/HAVC/192_168_60_39/SCREW/12_1
103230:T510836_8:clear RESET SCREW
103230:T510836_8:No more clear, Wait for RESET to be '1'
103235:T510836_8:RESET is 1 now. FINISHED.
103333:T510836_9:SET 1 to ni.var.psp://localhost/OPC/OPC_LabView/HAVC/192_168_60_39/SCREW/12_1
103333:T510836_9:clear RESET SCREW
103334:T510836_9:No more clear, Wait for RESET to be '1'
103347:T510836_9:RESET is 1 now. FINISHED.
103351:T510836_9:SET 1 to ni.var.psp://localhost/OPC/OPC_LabView/HAVC/192_168_60_39/SCREW/12_1
103351:T510836_9:clear RESET SCREW
103351:T510836_9:No more clear, Wait for RESET to be '1'
103355:T510836_9:RESET is 1 now. FINISHED.
103425:T510836_10:SET 1 to ni.var.psp://localhost/OPC/OPC_LabView/HAVC/192_168_60_39/SCREW/12_1
103426:T510836_10:clear RESET SCREW
103426:T510836_10:No more clear, Wait for RESET to be '1'
103433:T510836_10:RESET is 1 now. FINISHED.
103437:T510836_10:SET 1 to ni.var.psp://localhost/OPC/OPC_LabView/HAVC/192_168_60_39/SCREW/12_1
103437:T510836_10:clear RESET SCREW
103437:T510836_10:No more clear, Wait for RESET to be '1'
103441:T510836_10:RESET is 1 now. FINISHED.
103505:T510836_11:SET 1 to ni.var.psp://localhost/OPC/OPC_LabView/HAVC/192_168_60_39/SCREW/12_1
103505:T510836_11:clear RESET SCREW
103505:T510836_11:No more clear, Wait for RESET to be '1'
103513:T510836_11:RESET is 1 now. FINISHED.
103515:T510836_11:SET 1 to ni.var.psp://localhost/OPC/OPC_LabView/HAVC/192_168_60_39/SCREW/12_1
103515:T510836_11:clear RESET SCREW
103516:T510836_11:No more clear, Wait for RESET to be '1'
103533:T510836_11:RESET is 1 now. FINISHED.
103554:T510836_12:SET 1 to ni.var.psp://localhost/OPC/OPC_LabView/HAVC/192_168_60_39/SCREW/12_1
103554:T510836_12:clear RESET SCREW
103555:T510836_12:No more clear, Wait for RESET to be '1'
103559:T510836_12:RESET is 1 now. FINISHED.
103602:T510836_12:SET 1 to ni.var.psp://localhost/OPC/OPC_LabView/HAVC/192_168_60_39/SCREW/12_1
103602:T510836_12:clear RESET SCREW
103602:T510836_12:No more clear, Wait for RESET to be '1'
103605:T510836_12:RESET is 1 now. FINISHED.
103633:T510836_13:SET 1 to ni.var.psp://localhost/OPC/OPC_LabView/HAVC/192_168_60_39/SCREW/12_1
103633:T510836_13:clear RESET SCREW
103633:T510836_13:No more clear, Wait for RESET to be '1'
103636:T510836_13:RESET is 1 now. FINISHED.
103638:T510836_13:SET 1 to ni.var.psp://localhost/OPC/OPC_LabView/HAVC/192_168_60_39/SCREW/12_1
103638:T510836_13:clear RESET SCREW
103638:T510836_13:No more clear, Wait for RESET to be '1'
103640:T510836_13:RESET is 1 now. FINISHED.
103745:T510836_14:SET 1 to ni.var.psp://localhost/OPC/OPC_LabView/HAVC/192_168_60_39/SCREW/12_1
103745:T510836_14:clear RESET SCREW
103746:T510836_14:No more clear, Wait for RESET to be '1'
103750:T510836_14:RESET is 1 now. FINISHED.
103754:T510836_14:SET 1 to ni.var.psp://localhost/OPC/OPC_LabView/HAVC/192_168_60_39/SCREW/12_1
103754:T510836_14:clear RESET SCREW
103754:T510836_14:No more clear, Wait for RESET to be '1'
103759:T510836_14:RESET is 1 now. FINISHED.
104007:T510836_15:SET 1 to ni.var.psp://localhost/OPC/OPC_LabView/HAVC/192_168_60_39/SCREW/12_1
104007:T510836_15:clear RESET SCREW
104007:T510836_15:No more clear, Wait for RESET to be '1'
104024:T510836_15:RESET is 1 now. FINISHED.
104026:T510836_15:SET 1 to ni.var.psp://localhost/OPC/OPC_LabView/HAVC/192_168_60_39/SCREW/12_1
104026:T510836_15:clear RESET SCREW
104027:T510836_15:No more clear, Wait for RESET to be '1'
104031:T510836_15:RESET is 1 now. FINISHED.
104145:T510836_16:SET 1 to ni.var.psp://localhost/OPC/OPC_LabView/HAVC/192_168_60_39/SCREW/12_1
104146:T510836_16:clear RESET SCREW
104146:T510836_16:No more clear, Wait for RESET to be '1'
104150:T510836_16:RESET is 1 now. FINISHED.
104152:T510836_16:SET 1 to ni.var.psp://localhost/OPC/OPC_LabView/HAVC/192_168_60_39/SCREW/12_1
104152:T510836_16:clear RESET SCREW
104153:T510836_16:No more clear, Wait for RESET to be '1'
104157:T510836_16:RESET is 1 now. FINISHED.
104222:T510836_17:SET 1 to ni.var.psp://localhost/OPC/OPC_LabView/HAVC/192_168_60_39/SCREW/12_1
104222:T510836_17:clear RESET SCREW
104222:T510836_17:No more clear, Wait for RESET to be '1'
104226:T510836_17:RESET is 1 now. FINISHED.
104228:T510836_17:SET 1 to ni.var.psp://localhost/OPC/OPC_LabView/HAVC/192_168_60_39/SCREW/12_1
104229:T510836_17:clear RESET SCREW
104229:T510836_17:No more clear, Wait for RESET to be '1'
104231:T510836_17:RESET is 1 now. FINISHED.
104322:T510836_18:SET 1 to ni.var.psp://localhost/OPC/OPC_LabView/HAVC/192_168_60_39/SCREW/12_1
104322:T510836_18:clear RESET SCREW
104322:T510836_18:No more clear, Wait for RESET to be '1'
104333:T510836_18:RESET is 1 now. FINISHED.
104337:T510836_18:SET 1 to ni.var.psp://localhost/OPC/OPC_LabView/HAVC/192_168_60_39/SCREW/12_1
104337:T510836_18:clear RESET SCREW
104337:T510836_18:No more clear, Wait for RESET to be '1'
104347:T510836_18:RESET is 1 now. FINISHED.
104621:T510836_19:SET 1 to ni.var.psp://localhost/OPC/OPC_LabView/HAVC/192_168_60_39/SCREW/12_1
104621:T510836_19:clear RESET SCREW
104621:T510836_19:No more clear, Wait for RESET to be '1'
104627:T510836_19:RESET is 1 now. FINISHED.
104629:T510836_19:SET 1 to ni.var.psp://localhost/OPC/OPC_LabView/HAVC/192_168_60_39/SCREW/12_1
104630:T510836_19:clear RESET SCREW
104630:T510836_19:No more clear, Wait for RESET to be '1'
104633:T510836_19:RESET is 1 now. FINISHED.
104655:T510836_20:SET 1 to ni.var.psp://localhost/OPC/OPC_LabView/HAVC/192_168_60_39/SCREW/12_1
104655:T510836_20:clear RESET SCREW
104656:T510836_20:No more clear, Wait for RESET to be '1'
104707:T510836_20:RESET is 1 now. FINISHED.
104709:T510836_20:SET 1 to ni.var.psp://localhost/OPC/OPC_LabView/HAVC/192_168_60_39/SCREW/12_1
104709:T510836_20:clear RESET SCREW
104709:T510836_20:No more clear, Wait for RESET to be '1'
104729:T510836_20:RESET is 1 now. FINISHED.
104753:T510836_21:SET 1 to ni.var.psp://localhost/OPC/OPC_LabView/HAVC/192_168_60_39/SCREW/12_1
104754:T510836_21:clear RESET SCREW
104754:T510836_21:No more clear, Wait for RESET to be '1'
104759:T510836_21:RESET is 1 now. FINISHED.
104802:T510836_21:SET 1 to ni.var.psp://localhost/OPC/OPC_LabView/HAVC/192_168_60_39/SCREW/12_1
104802:T510836_21:clear RESET SCREW
104803:T510836_21:No more clear, Wait for RESET to be '1'
104808:T510836_21:RESET is 1 now. FINISHED.
104858:T510836_22:SET 1 to ni.var.psp://localhost/OPC/OPC_LabView/HAVC/192_168_60_39/SCREW/12_1
104859:T510836_22:clear RESET SCREW
104859:T510836_22:No more clear, Wait for RESET to be '1'
104901:T510836_22:RESET is 1 now. FINISHED.
104903:T510836_22:SET 1 to ni.var.psp://localhost/OPC/OPC_LabView/HAVC/192_168_60_39/SCREW/12_1
104903:T510836_22:clear RESET SCREW
104903:T510836_22:No more clear, Wait for RESET to be '1'
104906:T510836_22:RESET is 1 now. FINISHED.
105106:T510836_23:SET 1 to ni.var.psp://localhost/OPC/OPC_LabView/HAVC/192_168_60_39/SCREW/12_1
105106:T510836_23:clear RESET SCREW
105106:T510836_23:No more clear, Wait for RESET to be '1'
105110:T510836_23:RESET is 1 now. FINISHED.
105114:T510836_23:SET 1 to ni.var.psp://localhost/OPC/OPC_LabView/HAVC/192_168_60_39/SCREW/12_1
105114:T510836_23:clear RESET SCREW
105115:T510836_23:No more clear, Wait for RESET to be '1'
105118:T510836_23:RESET is 1 now. FINISHED.
105447:T510836_24:SET 1 to ni.var.psp://localhost/OPC/OPC_LabView/HAVC/192_168_60_39/SCREW/12_1
105447:T510836_24:clear RESET SCREW
105448:T510836_24:No more clear, Wait for RESET to be '1'
105457:T510836_24:RESET is 1 now. FINISHED.
105459:T510836_24:SET 1 to ni.var.psp://localhost/OPC/OPC_LabView/HAVC/192_168_60_39/SCREW/12_1
105459:T510836_24:clear RESET SCREW
105500:T510836_24:No more clear, Wait for RESET to be '1'
105502:T510836_24:RESET is 1 now. FINISHED.
105545:T510836_25:SET 1 to ni.var.psp://localhost/OPC/OPC_LabView/HAVC/192_168_60_39/SCREW/12_1
105545:T510836_25:clear RESET SCREW
105545:T510836_25:No more clear, Wait for RESET to be '1'
105553:T510836_25:RESET is 1 now. FINISHED.
105557:T510836_25:SET 1 to ni.var.psp://localhost/OPC/OPC_LabView/HAVC/192_168_60_39/SCREW/12_1
105557:T510836_25:clear RESET SCREW
105558:T510836_25:No more clear, Wait for RESET to be '1'
105607:T510836_25:RESET is 1 now. FINISHED.
105743:T510836_26:SET 1 to ni.var.psp://localhost/OPC/OPC_LabView/HAVC/192_168_60_39/SCREW/12_1
105743:T510836_26:clear RESET SCREW
105743:T510836_26:No more clear, Wait for RESET to be '1'
105748:T510836_26:RESET is 1 now. FINISHED.
105750:T510836_26:SET 1 to ni.var.psp://localhost/OPC/OPC_LabView/HAVC/192_168_60_39/SCREW/12_1
105751:T510836_26:clear RESET SCREW
105751:T510836_26:No more clear, Wait for RESET to be '1'
105753:T510836_26:RESET is 1 now. FINISHED.
105852:T510836_27:SET 1 to ni.var.psp://localhost/OPC/OPC_LabView/HAVC/192_168_60_39/SCREW/12_1
105853:T510836_27:clear RESET SCREW
105853:T510836_27:No more clear, Wait for RESET to be '1'
105900:T510836_27:RESET is 1 now. FINISHED.
105903:T510836_27:SET 1 to ni.var.psp://localhost/OPC/OPC_LabView/HAVC/192_168_60_39/SCREW/12_1
105903:T510836_27:clear RESET SCREW
105903:T510836_27:No more clear, Wait for RESET to be '1'
105908:T510836_27:RESET is 1 now. FINISHED.
105933:T510836_28:SET 1 to ni.var.psp://localhost/OPC/OPC_LabView/HAVC/192_168_60_39/SCREW/12_1
105934:T510836_28:clear RESET SCREW
105934:T510836_28:No more clear, Wait for RESET to be '1'
105939:T510836_28:RESET is 1 now. FINISHED.
105941:T510836_28:SET 1 to ni.var.psp://localhost/OPC/OPC_LabView/HAVC/192_168_60_39/SCREW/12_1
105941:T510836_28:clear RESET SCREW
105941:T510836_28:No more clear, Wait for RESET to be '1'
105944:T510836_28:RESET is 1 now. FINISHED.
130953:T510836_35:SET 1 to ni.var.psp://localhost/OPC/OPC_LabView/HAVC/192_168_60_39/SCREW/12_1
130953:T510836_35:clear RESET SCREW
130953:T510836_35:No more clear, Wait for RESET to be '1'
130958:T510836_35:RESET is 1 now. FINISHED.
131000:T510836_35:SET 1 to ni.var.psp://localhost/OPC/OPC_LabView/HAVC/192_168_60_39/SCREW/12_1
131000:T510836_35:clear RESET SCREW
131000:T510836_35:No more clear, Wait for RESET to be '1'
131003:T510836_35:RESET is 1 now. FINISHED.
131032:T510836_36:SET 1 to ni.var.psp://localhost/OPC/OPC_LabView/HAVC/192_168_60_39/SCREW/12_1
131032:T510836_36:clear RESET SCREW
131033:T510836_36:No more clear, Wait for RESET to be '1'
131039:T510836_36:RESET is 1 now. FINISHED.
131041:T510836_36:SET 1 to ni.var.psp://localhost/OPC/OPC_LabView/HAVC/192_168_60_39/SCREW/12_1
131041:T510836_36:clear RESET SCREW
131042:T510836_36:No more clear, Wait for RESET to be '1'
131044:T510836_36:RESET is 1 now. FINISHED.
131118:T510836_37:SET 1 to ni.var.psp://localhost/OPC/OPC_LabView/HAVC/192_168_60_39/SCREW/12_1
131118:T510836_37:clear RESET SCREW
131118:T510836_37:No more clear, Wait for RESET to be '1'
131123:T510836_37:RESET is 1 now. FINISHED.
131125:T510836_37:SET 1 to ni.var.psp://localhost/OPC/OPC_LabView/HAVC/192_168_60_39/SCREW/12_1
131125:T510836_37:clear RESET SCREW
131125:T510836_37:No more clear, Wait for RESET to be '1'
131128:T510836_37:RESET is 1 now. FINISHED.
131233:T510836_38:SET 1 to ni.var.psp://localhost/OPC/OPC_LabView/HAVC/192_168_60_39/SCREW/12_1
131234:T510836_38:clear RESET SCREW
131234:T510836_38:No more clear, Wait for RESET to be '1'
131247:T510836_38:RESET is 1 now. FINISHED.
131250:T510836_38:SET 1 to ni.var.psp://localhost/OPC/OPC_LabView/HAVC/192_168_60_39/SCREW/12_1
131250:T510836_38:clear RESET SCREW
131250:T510836_38:No more clear, Wait for RESET to be '1'
131303:T510836_38:RESET is 1 now. FINISHED.
131405:T510836_39:SET 1 to ni.var.psp://localhost/OPC/OPC_LabView/HAVC/192_168_60_39/SCREW/12_1
131405:T510836_39:clear RESET SCREW
131405:T510836_39:No more clear, Wait for RESET to be '1'
131418:T510836_39:RESET is 1 now. FINISHED.
131420:T510836_39:SET 1 to ni.var.psp://localhost/OPC/OPC_LabView/HAVC/192_168_60_39/SCREW/12_1
131421:T510836_39:clear RESET SCREW
131421:T510836_39:No more clear, Wait for RESET to be '1'
131426:T510836_39:RESET is 1 now. FINISHED.
135900:T510836_47:SET 1 to ni.var.psp://localhost/OPC/OPC_LabView/HAVC/192_168_60_39/SCREW/12_1
135900:T510836_47:clear RESET SCREW
135901:T510836_47:No more clear, Wait for RESET to be '1'
135906:T510836_47:RESET is 1 now. FINISHED.
135908:T510836_47:SET 1 to ni.var.psp://localhost/OPC/OPC_LabView/HAVC/192_168_60_39/SCREW/12_1
135908:T510836_47:clear RESET SCREW
135908:T510836_47:No more clear, Wait for RESET to be '1'
135911:T510836_47:RESET is 1 now. FINISHED.
140006:T510836_48:SET 1 to ni.var.psp://localhost/OPC/OPC_LabView/HAVC/192_168_60_39/SCREW/12_1
140006:T510836_48:clear RESET SCREW
140007:T510836_48:No more clear, Wait for RESET to be '1'
140013:T510836_48:RESET is 1 now. FINISHED.
140017:T510836_48:SET 1 to ni.var.psp://localhost/OPC/OPC_LabView/HAVC/192_168_60_39/SCREW/12_1
140017:T510836_48:clear RESET SCREW
140018:T510836_48:No more clear, Wait for RESET to be '1'
140022:T510836_48:RESET is 1 now. FINISHED.
140214:T510836_49:SET 1 to ni.var.psp://localhost/OPC/OPC_LabView/HAVC/192_168_60_39/SCREW/12_1
140215:T510836_49:clear RESET SCREW
140215:T510836_49:No more clear, Wait for RESET to be '1'
140217:T510836_49:RESET is 1 now. FINISHED.
140220:T510836_49:SET 1 to ni.var.psp://localhost/OPC/OPC_LabView/HAVC/192_168_60_39/SCREW/12_1
140220:T510836_49:clear RESET SCREW
140220:T510836_49:No more clear, Wait for RESET to be '1'
140222:T510836_49:RESET is 1 now. FINISHED.
140301:T510836_50:SET 1 to ni.var.psp://localhost/OPC/OPC_LabView/HAVC/192_168_60_39/SCREW/12_1
140301:T510836_50:clear RESET SCREW
140302:T510836_50:No more clear, Wait for RESET to be '1'
140317:T510836_50:RESET is 1 now. FINISHED.
140319:T510836_50:SET 1 to ni.var.psp://localhost/OPC/OPC_LabView/HAVC/192_168_60_39/SCREW/12_1
140319:T510836_50:clear RESET SCREW
140319:T510836_50:No more clear, Wait for RESET to be '1'
140332:T510836_50:RESET is 1 now. FINISHED.
140401:T510836_51:SET 1 to ni.var.psp://localhost/OPC/OPC_LabView/HAVC/192_168_60_39/SCREW/12_1
140402:T510836_51:clear RESET SCREW
140402:T510836_51:No more clear, Wait for RESET to be '1'
140409:T510836_51:RESET is 1 now. FINISHED.
140412:T510836_51:SET 1 to ni.var.psp://localhost/OPC/OPC_LabView/HAVC/192_168_60_39/SCREW/12_1
140412:T510836_51:clear RESET SCREW
140412:T510836_51:No more clear, Wait for RESET to be '1'
140415:T510836_51:RESET is 1 now. FINISHED.
140457:T510836_52:SET 1 to ni.var.psp://localhost/OPC/OPC_LabView/HAVC/192_168_60_39/SCREW/12_1
140457:T510836_52:clear RESET SCREW
140458:T510836_52:No more clear, Wait for RESET to be '1'
140503:T510836_52:RESET is 1 now. FINISHED.
140506:T510836_52:SET 1 to ni.var.psp://localhost/OPC/OPC_LabView/HAVC/192_168_60_39/SCREW/12_1
140506:T510836_52:clear RESET SCREW
140507:T510836_52:No more clear, Wait for RESET to be '1'
140512:T510836_52:RESET is 1 now. FINISHED.
140535:T510836_53:SET 1 to ni.var.psp://localhost/OPC/OPC_LabView/HAVC/192_168_60_39/SCREW/12_1
140535:T510836_53:clear RESET SCREW
140536:T510836_53:No more clear, Wait for RESET to be '1'
140543:T510836_53:RESET is 1 now. FINISHED.
140547:T510836_53:SET 1 to ni.var.psp://localhost/OPC/OPC_LabView/HAVC/192_168_60_39/SCREW/12_1
140547:T510836_53:clear RESET SCREW
140548:T510836_53:No more clear, Wait for RESET to be '1'
140551:T510836_53:RESET is 1 now. FINISHED.
140643:T510836_54:SET 1 to ni.var.psp://localhost/OPC/OPC_LabView/HAVC/192_168_60_39/SCREW/12_1
140643:T510836_54:clear RESET SCREW
140643:T510836_54:No more clear, Wait for RESET to be '1'
140705:T510836_54:RESET is 1 now. FINISHED.
140711:T510836_54:SET 1 to ni.var.psp://localhost/OPC/OPC_LabView/HAVC/192_168_60_39/SCREW/12_1
140711:T510836_54:clear RESET SCREW
140712:T510836_54:No more clear, Wait for RESET to be '1'
140717:T510836_54:RESET is 1 now. FINISHED.
140740:T510836_55:SET 1 to ni.var.psp://localhost/OPC/OPC_LabView/HAVC/192_168_60_39/SCREW/12_1
140740:T510836_55:clear RESET SCREW
140740:T510836_55:No more clear, Wait for RESET to be '1'
140747:T510836_55:RESET is 1 now. FINISHED.
140752:T510836_55:SET 1 to ni.var.psp://localhost/OPC/OPC_LabView/HAVC/192_168_60_39/SCREW/12_1
140752:T510836_55:clear RESET SCREW
140752:T510836_55:No more clear, Wait for RESET to be '1'
140758:T510836_55:RESET is 1 now. FINISHED.
140823:T510836_56:SET 1 to ni.var.psp://localhost/OPC/OPC_LabView/HAVC/192_168_60_39/SCREW/12_1
140823:T510836_56:clear RESET SCREW
140824:T510836_56:No more clear, Wait for RESET to be '1'
140831:T510836_56:RESET is 1 now. FINISHED.
140833:T510836_56:SET 1 to ni.var.psp://localhost/OPC/OPC_LabView/HAVC/192_168_60_39/SCREW/12_1
140834:T510836_56:clear RESET SCREW
140834:T510836_56:No more clear, Wait for RESET to be '1'
140836:T510836_56:RESET is 1 now. FINISHED.
140900:T510836_57:SET 1 to ni.var.psp://localhost/OPC/OPC_LabView/HAVC/192_168_60_39/SCREW/12_1
140900:T510836_57:clear RESET SCREW
140901:T510836_57:No more clear, Wait for RESET to be '1'
140907:T510836_57:RESET is 1 now. FINISHED.
140910:T510836_57:SET 1 to ni.var.psp://localhost/OPC/OPC_LabView/HAVC/192_168_60_39/SCREW/12_1
140910:T510836_57:clear RESET SCREW
140910:T510836_57:No more clear, Wait for RESET to be '1'
140915:T510836_57:RESET is 1 now. FINISHED.
140943:T510836_58:SET 1 to ni.var.psp://localhost/OPC/OPC_LabView/HAVC/192_168_60_39/SCREW/12_1
140943:T510836_58:clear RESET SCREW
140943:T510836_58:No more clear, Wait for RESET to be '1'
140955:T510836_58:RESET is 1 now. FINISHED.
140957:T510836_58:SET 1 to ni.var.psp://localhost/OPC/OPC_LabView/HAVC/192_168_60_39/SCREW/12_1
140957:T510836_58:clear RESET SCREW
140957:T510836_58:No more clear, Wait for RESET to be '1'
141000:T510836_58:RESET is 1 now. FINISHED.
141041:T510836_59:SET 1 to ni.var.psp://localhost/OPC/OPC_LabView/HAVC/192_168_60_39/SCREW/12_1
141041:T510836_59:clear RESET SCREW
141041:T510836_59:No more clear, Wait for RESET to be '1'
141050:T510836_59:RESET is 1 now. FINISHED.
141052:T510836_59:SET 1 to ni.var.psp://localhost/OPC/OPC_LabView/HAVC/192_168_60_39/SCREW/12_1
141052:T510836_59:clear RESET SCREW
141052:T510836_59:No more clear, Wait for RESET to be '1'
141059:T510836_59:RESET is 1 now. FINISHED.
141254:T510836_60:SET 1 to ni.var.psp://localhost/OPC/OPC_LabView/HAVC/192_168_60_39/SCREW/12_1
141254:T510836_60:clear RESET SCREW
141255:T510836_60:No more clear, Wait for RESET to be '1'
141301:T510836_60:RESET is 1 now. FINISHED.
141306:T510836_60:SET 1 to ni.var.psp://localhost/OPC/OPC_LabView/HAVC/192_168_60_39/SCREW/12_1
141306:T510836_60:clear RESET SCREW
141307:T510836_60:No more clear, Wait for RESET to be '1'
141314:T510836_60:RESET is 1 now. FINISHED.
141435:T510836_61:SET 1 to ni.var.psp://localhost/OPC/OPC_LabView/HAVC/192_168_60_39/SCREW/12_1
141435:T510836_61:clear RESET SCREW
141435:T510836_61:No more clear, Wait for RESET to be '1'
141441:T510836_61:RESET is 1 now. FINISHED.
141444:T510836_61:SET 1 to ni.var.psp://localhost/OPC/OPC_LabView/HAVC/192_168_60_39/SCREW/12_1
141444:T510836_61:clear RESET SCREW
141444:T510836_61:No more clear, Wait for RESET to be '1'
141449:T510836_61:RESET is 1 now. FINISHED.
141515:T510836_62:SET 1 to ni.var.psp://localhost/OPC/OPC_LabView/HAVC/192_168_60_39/SCREW/12_1
141515:T510836_62:clear RESET SCREW
141515:T510836_62:No more clear, Wait for RESET to be '1'
141521:T510836_62:RESET is 1 now. FINISHED.
141523:T510836_62:SET 1 to ni.var.psp://localhost/OPC/OPC_LabView/HAVC/192_168_60_39/SCREW/12_1
141523:T510836_62:clear RESET SCREW
141523:T510836_62:No more clear, Wait for RESET to be '1'
141526:T510836_62:RESET is 1 now. FINISHED.
141618:T510836_63:SET 1 to ni.var.psp://localhost/OPC/OPC_LabView/HAVC/192_168_60_39/SCREW/12_1
141618:T510836_63:clear RESET SCREW
141619:T510836_63:No more clear, Wait for RESET to be '1'
141627:T510836_63:RESET is 1 now. FINISHED.
141629:T510836_63:SET 1 to ni.var.psp://localhost/OPC/OPC_LabView/HAVC/192_168_60_39/SCREW/12_1
141629:T510836_63:clear RESET SCREW
141630:T510836_63:No more clear, Wait for RESET to be '1'
141633:T510836_63:RESET is 1 now. FINISHED.
141653:T510836_64:SET 1 to ni.var.psp://localhost/OPC/OPC_LabView/HAVC/192_168_60_39/SCREW/12_1
141653:T510836_64:clear RESET SCREW
141654:T510836_64:No more clear, Wait for RESET to be '1'
141704:T510836_64:RESET is 1 now. FINISHED.
141707:T510836_64:SET 1 to ni.var.psp://localhost/OPC/OPC_LabView/HAVC/192_168_60_39/SCREW/12_1
141707:T510836_64:clear RESET SCREW
141707:T510836_64:No more clear, Wait for RESET to be '1'
141729:T510836_64:RESET is 1 now. FINISHED.
141954:T510836_65:SET 1 to ni.var.psp://localhost/OPC/OPC_LabView/HAVC/192_168_60_39/SCREW/12_1
141954:T510836_65:clear RESET SCREW
141954:T510836_65:No more clear, Wait for RESET to be '1'
142001:T510836_65:RESET is 1 now. FINISHED.
142004:T510836_65:SET 1 to ni.var.psp://localhost/OPC/OPC_LabView/HAVC/192_168_60_39/SCREW/12_1
142004:T510836_65:clear RESET SCREW
142005:T510836_65:No more clear, Wait for RESET to be '1'
142009:T510836_65:RESET is 1 now. FINISHED.
142038:T510836_66:SET 1 to ni.var.psp://localhost/OPC/OPC_LabView/HAVC/192_168_60_39/SCREW/12_1
142039:T510836_66:clear RESET SCREW
142039:T510836_66:No more clear, Wait for RESET to be '1'
142052:T510836_66:RESET is 1 now. FINISHED.
142057:T510836_66:SET 1 to ni.var.psp://localhost/OPC/OPC_LabView/HAVC/192_168_60_39/SCREW/12_1
142057:T510836_66:clear RESET SCREW
142057:T510836_66:No more clear, Wait for RESET to be '1'
142100:T510836_66:RESET is 1 now. FINISHED.
142245:T510836_67:SET 1 to ni.var.psp://localhost/OPC/OPC_LabView/HAVC/192_168_60_39/SCREW/12_1
142245:T510836_67:clear RESET SCREW
142246:T510836_67:No more clear, Wait for RESET to be '1'
142254:T510836_67:RESET is 1 now. FINISHED.
142255:T510836_67:SET 1 to ni.var.psp://localhost/OPC/OPC_LabView/HAVC/192_168_60_39/SCREW/12_1
142256:T510836_67:clear RESET SCREW
142256:T510836_67:No more clear, Wait for RESET to be '1'
142259:T510836_67:RESET is 1 now. FINISHED.
142408:T510836_68:SET 1 to ni.var.psp://localhost/OPC/OPC_LabView/HAVC/192_168_60_39/SCREW/12_1
142408:T510836_68:clear RESET SCREW
142408:T510836_68:No more clear, Wait for RESET to be '1'
142425:T510836_68:RESET is 1 now. FINISHED.
142427:T510836_68:SET 1 to ni.var.psp://localhost/OPC/OPC_LabView/HAVC/192_168_60_39/SCREW/12_1
142427:T510836_68:clear RESET SCREW
142428:T510836_68:No more clear, Wait for RESET to be '1'
142432:T510836_68:RESET is 1 now. FINISHED.
142506:T510836_69:SET 1 to ni.var.psp://localhost/OPC/OPC_LabView/HAVC/192_168_60_39/SCREW/12_1
142506:T510836_69:clear RESET SCREW
142506:T510836_69:No more clear, Wait for RESET to be '1'
142526:T510836_69:RESET is 1 now. FINISHED.
142531:T510836_69:SET 1 to ni.var.psp://localhost/OPC/OPC_LabView/HAVC/192_168_60_39/SCREW/12_1
142532:T510836_69:clear RESET SCREW
142532:T510836_69:No more clear, Wait for RESET to be '1'
142540:T510836_69:RESET is 1 now. FINISHED.
142607:T510836_70:SET 1 to ni.var.psp://localhost/OPC/OPC_LabView/HAVC/192_168_60_39/SCREW/12_1
142607:T510836_70:clear RESET SCREW
142607:T510836_70:No more clear, Wait for RESET to be '1'
142613:T510836_70:RESET is 1 now. FINISHED.
142618:T510836_70:SET 1 to ni.var.psp://localhost/OPC/OPC_LabView/HAVC/192_168_60_39/SCREW/12_1
142618:T510836_70:clear RESET SCREW
142618:T510836_70:No more clear, Wait for RESET to be '1'
142623:T510836_70:RESET is 1 now. FINISHED.
142654:T510836_71:SET 1 to ni.var.psp://localhost/OPC/OPC_LabView/HAVC/192_168_60_39/SCREW/12_1
142654:T510836_71:clear RESET SCREW
142655:T510836_71:No more clear, Wait for RESET to be '1'
142700:T510836_71:RESET is 1 now. FINISHED.
142703:T510836_71:SET 1 to ni.var.psp://localhost/OPC/OPC_LabView/HAVC/192_168_60_39/SCREW/12_1
142703:T510836_71:clear RESET SCREW
142704:T510836_71:No more clear, Wait for RESET to be '1'
142708:T510836_71:RESET is 1 now. FINISHED.
142732:T510836_72:SET 1 to ni.var.psp://localhost/OPC/OPC_LabView/HAVC/192_168_60_39/SCREW/12_1
142732:T510836_72:clear RESET SCREW
142733:T510836_72:No more clear, Wait for RESET to be '1'
142741:T510836_72:RESET is 1 now. FINISHED.
142743:T510836_72:SET 1 to ni.var.psp://localhost/OPC/OPC_LabView/HAVC/192_168_60_39/SCREW/12_1
142743:T510836_72:clear RESET SCREW
142744:T510836_72:No more clear, Wait for RESET to be '1'
142748:T510836_72:RESET is 1 now. FINISHED.
142849:T510836_73:SET 1 to ni.var.psp://localhost/OPC/OPC_LabView/HAVC/192_168_60_39/SCREW/12_1
142849:T510836_73:clear RESET SCREW
142849:T510836_73:No more clear, Wait for RESET to be '1'
142857:T510836_73:RESET is 1 now. FINISHED.
142901:T510836_73:SET 1 to ni.var.psp://localhost/OPC/OPC_LabView/HAVC/192_168_60_39/SCREW/12_1
142901:T510836_73:clear RESET SCREW
142901:T510836_73:No more clear, Wait for RESET to be '1'
142910:T510836_73:RESET is 1 now. FINISHED.
143026:T510836_74:SET 1 to ni.var.psp://localhost/OPC/OPC_LabView/HAVC/192_168_60_39/SCREW/12_1
143027:T510836_74:clear RESET SCREW
143027:T510836_74:No more clear, Wait for RESET to be '1'
143045:T510836_74:RESET is 1 now. FINISHED.
143051:T510836_74:SET 1 to ni.var.psp://localhost/OPC/OPC_LabView/HAVC/192_168_60_39/SCREW/12_1
143052:T510836_74:clear RESET SCREW
143052:T510836_74:No more clear, Wait for RESET to be '1'
143054:T510836_74:RESET is 1 now. FINISHED.
143119:T510836_75:SET 1 to ni.var.psp://localhost/OPC/OPC_LabView/HAVC/192_168_60_39/SCREW/12_1
143120:T510836_75:clear RESET SCREW
143120:T510836_75:No more clear, Wait for RESET to be '1'
143126:T510836_75:RESET is 1 now. FINISHED.
143133:T510836_75:SET 1 to ni.var.psp://localhost/OPC/OPC_LabView/HAVC/192_168_60_39/SCREW/12_1
143133:T510836_75:clear RESET SCREW
143133:T510836_75:No more clear, Wait for RESET to be '1'
143138:T510836_75:RESET is 1 now. FINISHED.
143158:T510836_76:SET 1 to ni.var.psp://localhost/OPC/OPC_LabView/HAVC/192_168_60_39/SCREW/12_1
143158:T510836_76:clear RESET SCREW
143158:T510836_76:No more clear, Wait for RESET to be '1'
143203:T510836_76:RESET is 1 now. FINISHED.
143205:T510836_76:SET 1 to ni.var.psp://localhost/OPC/OPC_LabView/HAVC/192_168_60_39/SCREW/12_1
143205:T510836_76:clear RESET SCREW
143206:T510836_76:No more clear, Wait for RESET to be '1'
143209:T510836_76:RESET is 1 now. FINISHED.
143314:T510836_77:SET 1 to ni.var.psp://localhost/OPC/OPC_LabView/HAVC/192_168_60_39/SCREW/12_1
143314:T510836_77:clear RESET SCREW
143314:T510836_77:No more clear, Wait for RESET to be '1'
143322:T510836_77:RESET is 1 now. FINISHED.
143325:T510836_77:SET 1 to ni.var.psp://localhost/OPC/OPC_LabView/HAVC/192_168_60_39/SCREW/12_1
143325:T510836_77:clear RESET SCREW
143325:T510836_77:No more clear, Wait for RESET to be '1'
143332:T510836_77:RESET is 1 now. FINISHED.
143433:T510836_78:SET 1 to ni.var.psp://localhost/OPC/OPC_LabView/HAVC/192_168_60_39/SCREW/12_1
143433:T510836_78:clear RESET SCREW
143433:T510836_78:No more clear, Wait for RESET to be '1'
143448:T510836_78:RESET is 1 now. FINISHED.
143452:T510836_78:SET 1 to ni.var.psp://localhost/OPC/OPC_LabView/HAVC/192_168_60_39/SCREW/12_1
143452:T510836_78:clear RESET SCREW
143452:T510836_78:No more clear, Wait for RESET to be '1'
143458:T510836_78:RESET is 1 now. FINISHED.
143615:T510836_79:SET 1 to ni.var.psp://localhost/OPC/OPC_LabView/HAVC/192_168_60_39/SCREW/12_1
143615:T510836_79:clear RESET SCREW
143615:T510836_79:No more clear, Wait for RESET to be '1'
143620:T510836_79:RESET is 1 now. FINISHED.
143622:T510836_79:SET 1 to ni.var.psp://localhost/OPC/OPC_LabView/HAVC/192_168_60_39/SCREW/12_1
143623:T510836_79:clear RESET SCREW
143623:T510836_79:No more clear, Wait for RESET to be '1'
143627:T510836_79:RESET is 1 now. FINISHED.
143705:T510836_80:SET 1 to ni.var.psp://localhost/OPC/OPC_LabView/HAVC/192_168_60_39/SCREW/12_1
143705:T510836_80:clear RESET SCREW
143706:T510836_80:No more clear, Wait for RESET to be '1'
143713:T510836_80:RESET is 1 now. FINISHED.
143715:T510836_80:SET 1 to ni.var.psp://localhost/OPC/OPC_LabView/HAVC/192_168_60_39/SCREW/12_1
143715:T510836_80:clear RESET SCREW
143715:T510836_80:No more clear, Wait for RESET to be '1'
143718:T510836_80:RESET is 1 now. FINISHED.
143846:T510836_81:SET 1 to ni.var.psp://localhost/OPC/OPC_LabView/HAVC/192_168_60_39/SCREW/12_1
143846:T510836_81:clear RESET SCREW
143846:T510836_81:No more clear, Wait for RESET to be '1'
143852:T510836_81:RESET is 1 now. FINISHED.
143855:T510836_81:SET 1 to ni.var.psp://localhost/OPC/OPC_LabView/HAVC/192_168_60_39/SCREW/12_1
143855:T510836_81:clear RESET SCREW
143855:T510836_81:No more clear, Wait for RESET to be '1'
143858:T510836_81:RESET is 1 now. FINISHED.
143923:T510836_82:SET 1 to ni.var.psp://localhost/OPC/OPC_LabView/HAVC/192_168_60_39/SCREW/12_1
143924:T510836_82:clear RESET SCREW
143924:T510836_82:No more clear, Wait for RESET to be '1'
143932:T510836_82:RESET is 1 now. FINISHED.
143935:T510836_82:SET 1 to ni.var.psp://localhost/OPC/OPC_LabView/HAVC/192_168_60_39/SCREW/12_1
143935:T510836_82:clear RESET SCREW
143936:T510836_82:No more clear, Wait for RESET to be '1'
143944:T510836_82:RESET is 1 now. FINISHED.
144033:T510836_83:SET 1 to ni.var.psp://localhost/OPC/OPC_LabView/HAVC/192_168_60_39/SCREW/12_1
144033:T510836_83:clear RESET SCREW
144033:T510836_83:No more clear, Wait for RESET to be '1'
144044:T510836_83:RESET is 1 now. FINISHED.
144046:T510836_83:SET 1 to ni.var.psp://localhost/OPC/OPC_LabView/HAVC/192_168_60_39/SCREW/12_1
144046:T510836_83:clear RESET SCREW
144046:T510836_83:No more clear, Wait for RESET to be '1'
144049:T510836_83:RESET is 1 now. FINISHED.
144140:T510836_84:SET 1 to ni.var.psp://localhost/OPC/OPC_LabView/HAVC/192_168_60_39/SCREW/12_1
144140:T510836_84:clear RESET SCREW
144140:T510836_84:No more clear, Wait for RESET to be '1'
144144:T510836_84:RESET is 1 now. FINISHED.
144148:T510836_84:SET 1 to ni.var.psp://localhost/OPC/OPC_LabView/HAVC/192_168_60_39/SCREW/12_1
144148:T510836_84:clear RESET SCREW
144148:T510836_84:No more clear, Wait for RESET to be '1'
144151:T510836_84:RESET is 1 now. FINISHED.
144237:T510836_85:SET 1 to ni.var.psp://localhost/OPC/OPC_LabView/HAVC/192_168_60_39/SCREW/12_1
144237:T510836_85:clear RESET SCREW
144237:T510836_85:No more clear, Wait for RESET to be '1'
144242:T510836_85:RESET is 1 now. FINISHED.
144244:T510836_85:SET 1 to ni.var.psp://localhost/OPC/OPC_LabView/HAVC/192_168_60_39/SCREW/12_1
144244:T510836_85:clear RESET SCREW
144245:T510836_85:No more clear, Wait for RESET to be '1'
144248:T510836_85:RESET is 1 now. FINISHED.
144847:T510836_86:SET 1 to ni.var.psp://localhost/OPC/OPC_LabView/HAVC/192_168_60_39/SCREW/12_1
144847:T510836_86:clear RESET SCREW
144847:T510836_86:No more clear, Wait for RESET to be '1'
144853:T510836_86:RESET is 1 now. FINISHED.
144856:T510836_86:SET 1 to ni.var.psp://localhost/OPC/OPC_LabView/HAVC/192_168_60_39/SCREW/12_1
144856:T510836_86:clear RESET SCREW
144856:T510836_86:No more clear, Wait for RESET to be '1'
144903:T510836_86:RESET is 1 now. FINISHED.
144946:T510836_87:SET 1 to ni.var.psp://localhost/OPC/OPC_LabView/HAVC/192_168_60_39/SCREW/12_1
144946:T510836_87:clear RESET SCREW
144946:T510836_87:No more clear, Wait for RESET to be '1'
145032:T510836_87:RESET is 1 now. FINISHED.
145036:T510836_87:SET 1 to ni.var.psp://localhost/OPC/OPC_LabView/HAVC/192_168_60_39/SCREW/12_1
145037:T510836_87:clear RESET SCREW
145037:T510836_87:No more clear, Wait for RESET to be '1'
145044:T510836_87:RESET is 1 now. FINISHED.
145609:T510836_88:SET 1 to ni.var.psp://localhost/OPC/OPC_LabView/HAVC/192_168_60_39/SCREW/12_1
145609:T510836_88:clear RESET SCREW
145610:T510836_88:No more clear, Wait for RESET to be '1'
145618:T510836_88:RESET is 1 now. FINISHED.
145621:T510836_88:SET 1 to ni.var.psp://localhost/OPC/OPC_LabView/HAVC/192_168_60_39/SCREW/12_1
145621:T510836_88:clear RESET SCREW
145621:T510836_88:No more clear, Wait for RESET to be '1'
145625:T510836_88:RESET is 1 now. FINISHED.
145646:T510836_89:SET 1 to ni.var.psp://localhost/OPC/OPC_LabView/HAVC/192_168_60_39/SCREW/12_1
145646:T510836_89:clear RESET SCREW
145647:T510836_89:No more clear, Wait for RESET to be '1'
145655:T510836_89:RESET is 1 now. FINISHED.
145657:T510836_89:SET 1 to ni.var.psp://localhost/OPC/OPC_LabView/HAVC/192_168_60_39/SCREW/12_1
145657:T510836_89:clear RESET SCREW
145657:T510836_89:No more clear, Wait for RESET to be '1'
145700:T510836_89:RESET is 1 now. FINISHED.
145819:T510836_90:SET 1 to ni.var.psp://localhost/OPC/OPC_LabView/HAVC/192_168_60_39/SCREW/12_1
145819:T510836_90:clear RESET SCREW
145820:T510836_90:No more clear, Wait for RESET to be '1'
145827:T510836_90:RESET is 1 now. FINISHED.
145829:T510836_90:SET 1 to ni.var.psp://localhost/OPC/OPC_LabView/HAVC/192_168_60_39/SCREW/12_1
145829:T510836_90:clear RESET SCREW
145829:T510836_90:No more clear, Wait for RESET to be '1'
145832:T510836_90:RESET is 1 now. FINISHED.
145852:T510836_91:SET 1 to ni.var.psp://localhost/OPC/OPC_LabView/HAVC/192_168_60_39/SCREW/12_1
145852:T510836_91:clear RESET SCREW
145852:T510836_91:No more clear, Wait for RESET to be '1'
145903:T510836_91:RESET is 1 now. FINISHED.
145906:T510836_91:SET 1 to ni.var.psp://localhost/OPC/OPC_LabView/HAVC/192_168_60_39/SCREW/12_1
145906:T510836_91:clear RESET SCREW
145907:T510836_91:No more clear, Wait for RESET to be '1'
145908:T510836_91:RESET is 1 now. FINISHED.
153729:T510836_98:SET 1 to ni.var.psp://localhost/OPC/OPC_LabView/HAVC/192_168_60_39/SCREW/12_1
153729:T510836_98:clear RESET SCREW
153730:T510836_98:No more clear, Wait for RESET to be '1'
153731:T510836_98:RESET is 1 now. FINISHED.
153732:T510836_98:SET 1 to ni.var.psp://localhost/OPC/OPC_LabView/HAVC/192_168_60_39/SCREW/12_1
153732:T510836_98:clear RESET SCREW
153732:T510836_98:No more clear, Wait for RESET to be '1'
153732:T510836_98:RESET is 1 now. FINISHED.
153759:T510836_99:SET 1 to ni.var.psp://localhost/OPC/OPC_LabView/HAVC/192_168_60_39/SCREW/12_1
153759:T510836_99:clear RESET SCREW
153800:T510836_99:No more clear, Wait for RESET to be '1'
153800:T510836_99:RESET is 1 now. FINISHED.
153801:T510836_99:SET 1 to ni.var.psp://localhost/OPC/OPC_LabView/HAVC/192_168_60_39/SCREW/12_1
153801:T510836_99:clear RESET SCREW
153801:T510836_99:No more clear, Wait for RESET to be '1'
153802:T510836_99:RESET is 1 now. FINISHED.
153824:T510836_100:SET 1 to ni.var.psp://localhost/OPC/OPC_LabView/HAVC/192_168_60_39/SCREW/12_1
153824:T510836_100:clear RESET SCREW
153824:T510836_100:No more clear, Wait for RESET to be '1'
153824:T510836_100:RESET is 1 now. FINISHED.
153825:T510836_100:SET 1 to ni.var.psp://localhost/OPC/OPC_LabView/HAVC/192_168_60_39/SCREW/12_1
153825:T510836_100:clear RESET SCREW
153826:T510836_100:No more clear, Wait for RESET to be '1'
153826:T510836_100:RESET is 1 now. FINISHED.
153850:T510836_101:SET 1 to ni.var.psp://localhost/OPC/OPC_LabView/HAVC/192_168_60_39/SCREW/12_1
153850:T510836_101:clear RESET SCREW
153850:T510836_101:No more clear, Wait for RESET to be '1'
153851:T510836_101:RESET is 1 now. FINISHED.
153852:T510836_101:SET 1 to ni.var.psp://localhost/OPC/OPC_LabView/HAVC/192_168_60_39/SCREW/12_1
153852:T510836_101:clear RESET SCREW
153852:T510836_101:No more clear, Wait for RESET to be '1'
153853:T510836_101:RESET is 1 now. FINISHED.
154242:T510836_102:SET 1 to ni.var.psp://localhost/OPC/OPC_LabView/HAVC/192_168_60_39/SCREW/12_1
154242:T510836_102:clear RESET SCREW
154243:T510836_102:No more clear, Wait for RESET to be '1'
154243:T510836_102:RESET is 1 now. FINISHED.
154244:T510836_102:SET 1 to ni.var.psp://localhost/OPC/OPC_LabView/HAVC/192_168_60_39/SCREW/12_1
154244:T510836_102:clear RESET SCREW
154244:T510836_102:No more clear, Wait for RESET to be '1'
154245:T510836_102:RESET is 1 now. FINISHED.
172004:T510836_107:SET 1 to ni.var.psp://localhost/OPC/OPC_LabView/HAVC/192_168_60_39/SCREW/12_1
172004:T510836_107:clear RESET SCREW
172005:T510836_107:No more clear, Wait for RESET to be '1'
172006:T510836_107:RESET is 1 now. FINISHED.
172007:T510836_107:SET 1 to ni.var.psp://localhost/OPC/OPC_LabView/HAVC/192_168_60_39/SCREW/12_1
172007:T510836_107:clear RESET SCREW
172007:T510836_107:No more clear, Wait for RESET to be '1'
172008:T510836_107:RESET is 1 now. FINISHED.
172036:T510836_108:SET 1 to ni.var.psp://localhost/OPC/OPC_LabView/HAVC/192_168_60_39/SCREW/12_1
172036:T510836_108:clear RESET SCREW
172037:T510836_108:No more clear, Wait for RESET to be '1'
172037:T510836_108:RESET is 1 now. FINISHED.
172038:T510836_108:SET 1 to ni.var.psp://localhost/OPC/OPC_LabView/HAVC/192_168_60_39/SCREW/12_1
172039:T510836_108:clear RESET SCREW
172039:T510836_108:No more clear, Wait for RESET to be '1'
172039:T510836_108:RESET is 1 now. FINISHED.
172134:T510836_109:SET 1 to ni.var.psp://localhost/OPC/OPC_LabView/HAVC/192_168_60_39/SCREW/12_1
172134:T510836_109:clear RESET SCREW
172134:T510836_109:No more clear, Wait for RESET to be '1'
172135:T510836_109:RESET is 1 now. FINISHED.
172136:T510836_109:SET 1 to ni.var.psp://localhost/OPC/OPC_LabView/HAVC/192_168_60_39/SCREW/12_1
172136:T510836_109:clear RESET SCREW
172136:T510836_109:No more clear, Wait for RESET to be '1'
172137:T510836_109:RESET is 1 now. FINISHED.
172441:T510836_110:SET 1 to ni.var.psp://localhost/OPC/OPC_LabView/HAVC/192_168_60_39/SCREW/12_1
172441:T510836_110:clear RESET SCREW
172442:T510836_110:No more clear, Wait for RESET to be '1'
172443:T510836_110:RESET is 1 now. FINISHED.
172444:T510836_110:SET 1 to ni.var.psp://localhost/OPC/OPC_LabView/HAVC/192_168_60_39/SCREW/12_1
172444:T510836_110:clear RESET SCREW
172444:T510836_110:No more clear, Wait for RESET to be '1'
172444:T510836_110:RESET is 1 now. FINISHED.
172957:T510836_111:SET 1 to ni.var.psp://localhost/OPC/OPC_LabView/HAVC/192_168_60_39/SCREW/12_1
172957:T510836_111:clear RESET SCREW
172958:T510836_111:No more clear, Wait for RESET to be '1'
173249:T510836_111:RESET is 1 now. FINISHED.
