095403:T510836_1:SET 5 to ni.var.psp://localhost/OPC/OPC_LabView/HAVC/192_168_60_39/SCREW/9_1
095403:T510836_1:clear RESET SCREW
095403:T510836_1:No more clear, Wait for RESET to be '1'
095416:T510836_1:RESET is 1 now. FINISHED.
095421:T510836_1:SET 2 to ni.var.psp://localhost/OPC/OPC_LabView/HAVC/192_168_60_39/SCREW/9_1
095421:T510836_1:clear RESET SCREW
095422:T510836_1:No more clear, Wait for RESET to be '1'
095429:T510836_1:RESET is 1 now. FINISHED.
095432:T510836_1:SET 1 to ni.var.psp://localhost/OPC/OPC_LabView/HAVC/192_168_60_39/SCREW/9_1
095433:T510836_1:clear RESET SCREW
095433:T510836_1:No more clear, Wait for RESET to be '1'
095436:T510836_1:RESET is 1 now. FINISHED.
102326:T510836_2:SET 5 to ni.var.psp://localhost/OPC/OPC_LabView/HAVC/192_168_60_39/SCREW/9_1
102326:T510836_2:clear RESET SCREW
102327:T510836_2:No more clear, Wait for RESET to be '1'
102342:T510836_2:RESET is 1 now. FINISHED.
102347:T510836_2:SET 2 to ni.var.psp://localhost/OPC/OPC_LabView/HAVC/192_168_60_39/SCREW/9_1
102348:T510836_2:clear RESET SCREW
102348:T510836_2:No more clear, Wait for RESET to be '1'
102353:T510836_2:RESET is 1 now. FINISHED.
102401:T510836_2:SET 1 to ni.var.psp://localhost/OPC/OPC_LabView/HAVC/192_168_60_39/SCREW/9_1
102401:T510836_2:clear RESET SCREW
102401:T510836_2:No more clear, Wait for RESET to be '1'
102405:T510836_2:RESET is 1 now. FINISHED.
102433:T510836_3:SET 5 to ni.var.psp://localhost/OPC/OPC_LabView/HAVC/192_168_60_39/SCREW/9_1
102433:T510836_3:clear RESET SCREW
102433:T510836_3:No more clear, Wait for RESET to be '1'
102444:T510836_3:RESET is 1 now. FINISHED.
102448:T510836_3:SET 2 to ni.var.psp://localhost/OPC/OPC_LabView/HAVC/192_168_60_39/SCREW/9_1
102449:T510836_3:clear RESET SCREW
102449:T510836_3:No more clear, Wait for RESET to be '1'
102454:T510836_3:RESET is 1 now. FINISHED.
102458:T510836_3:SET 1 to ni.var.psp://localhost/OPC/OPC_LabView/HAVC/192_168_60_39/SCREW/9_1
102459:T510836_3:clear RESET SCREW
102459:T510836_3:No more clear, Wait for RESET to be '1'
102503:T510836_3:RESET is 1 now. FINISHED.
102521:T510836_4:SET 5 to ni.var.psp://localhost/OPC/OPC_LabView/HAVC/192_168_60_39/SCREW/9_1
102521:T510836_4:clear RESET SCREW
102521:T510836_4:No more clear, Wait for RESET to be '1'
102539:T510836_4:RESET is 1 now. FINISHED.
102543:T510836_4:SET 2 to ni.var.psp://localhost/OPC/OPC_LabView/HAVC/192_168_60_39/SCREW/9_1
102544:T510836_4:clear RESET SCREW
102544:T510836_4:No more clear, Wait for RESET to be '1'
102549:T510836_4:RESET is 1 now. FINISHED.
102553:T510836_4:SET 1 to ni.var.psp://localhost/OPC/OPC_LabView/HAVC/192_168_60_39/SCREW/9_1
102553:T510836_4:clear RESET SCREW
102554:T510836_4:No more clear, Wait for RESET to be '1'
102556:T510836_4:RESET is 1 now. FINISHED.
102626:T510836_5:SET 5 to ni.var.psp://localhost/OPC/OPC_LabView/HAVC/192_168_60_39/SCREW/9_1
102626:T510836_5:clear RESET SCREW
102627:T510836_5:No more clear, Wait for RESET to be '1'
102639:T510836_5:RESET is 1 now. FINISHED.
102646:T510836_5:SET 2 to ni.var.psp://localhost/OPC/OPC_LabView/HAVC/192_168_60_39/SCREW/9_1
102646:T510836_5:clear RESET SCREW
102647:T510836_5:No more clear, Wait for RESET to be '1'
102652:T510836_5:RESET is 1 now. FINISHED.
102657:T510836_5:SET 1 to ni.var.psp://localhost/OPC/OPC_LabView/HAVC/192_168_60_39/SCREW/9_1
102657:T510836_5:clear RESET SCREW
102657:T510836_5:No more clear, Wait for RESET to be '1'
102703:T510836_5:RESET is 1 now. FINISHED.
102722:T510836_6:SET 5 to ni.var.psp://localhost/OPC/OPC_LabView/HAVC/192_168_60_39/SCREW/9_1
102723:T510836_6:clear RESET SCREW
102723:T510836_6:No more clear, Wait for RESET to be '1'
102751:T510836_6:RESET is 1 now. FINISHED.
102758:T510836_6:SET 2 to ni.var.psp://localhost/OPC/OPC_LabView/HAVC/192_168_60_39/SCREW/9_1
102758:T510836_6:clear RESET SCREW
102758:T510836_6:No more clear, Wait for RESET to be '1'
102805:T510836_6:RESET is 1 now. FINISHED.
102810:T510836_6:SET 1 to ni.var.psp://localhost/OPC/OPC_LabView/HAVC/192_168_60_39/SCREW/9_1
102810:T510836_6:clear RESET SCREW
102810:T510836_6:No more clear, Wait for RESET to be '1'
102814:T510836_6:RESET is 1 now. FINISHED.
102829:T510836_7:SET 5 to ni.var.psp://localhost/OPC/OPC_LabView/HAVC/192_168_60_39/SCREW/9_1
102829:T510836_7:clear RESET SCREW
102829:T510836_7:No more clear, Wait for RESET to be '1'
102844:T510836_7:RESET is 1 now. FINISHED.
102849:T510836_7:SET 2 to ni.var.psp://localhost/OPC/OPC_LabView/HAVC/192_168_60_39/SCREW/9_1
102849:T510836_7:clear RESET SCREW
102850:T510836_7:No more clear, Wait for RESET to be '1'
102901:T510836_7:RESET is 1 now. FINISHED.
102905:T510836_7:SET 1 to ni.var.psp://localhost/OPC/OPC_LabView/HAVC/192_168_60_39/SCREW/9_1
102905:T510836_7:clear RESET SCREW
102905:T510836_7:No more clear, Wait for RESET to be '1'
102911:T510836_7:RESET is 1 now. FINISHED.
102946:T510836_8:SET 5 to ni.var.psp://localhost/OPC/OPC_LabView/HAVC/192_168_60_39/SCREW/9_1
102946:T510836_8:clear RESET SCREW
102946:T510836_8:No more clear, Wait for RESET to be '1'
102958:T510836_8:RESET is 1 now. FINISHED.
103003:T510836_8:SET 2 to ni.var.psp://localhost/OPC/OPC_LabView/HAVC/192_168_60_39/SCREW/9_1
103003:T510836_8:clear RESET SCREW
103003:T510836_8:No more clear, Wait for RESET to be '1'
103010:T510836_8:RESET is 1 now. FINISHED.
103014:T510836_8:SET 1 to ni.var.psp://localhost/OPC/OPC_LabView/HAVC/192_168_60_39/SCREW/9_1
103014:T510836_8:clear RESET SCREW
103014:T510836_8:No more clear, Wait for RESET to be '1'
103018:T510836_8:RESET is 1 now. FINISHED.
103035:T510836_9:SET 5 to ni.var.psp://localhost/OPC/OPC_LabView/HAVC/192_168_60_39/SCREW/9_1
103035:T510836_9:clear RESET SCREW
103036:T510836_9:No more clear, Wait for RESET to be '1'
103059:T510836_9:RESET is 1 now. FINISHED.
103104:T510836_9:SET 2 to ni.var.psp://localhost/OPC/OPC_LabView/HAVC/192_168_60_39/SCREW/9_1
103104:T510836_9:clear RESET SCREW
103104:T510836_9:No more clear, Wait for RESET to be '1'
103111:T510836_9:RESET is 1 now. FINISHED.
103117:T510836_9:SET 1 to ni.var.psp://localhost/OPC/OPC_LabView/HAVC/192_168_60_39/SCREW/9_1
103117:T510836_9:clear RESET SCREW
103117:T510836_9:No more clear, Wait for RESET to be '1'
103121:T510836_9:RESET is 1 now. FINISHED.
103135:T510836_10:SET 5 to ni.var.psp://localhost/OPC/OPC_LabView/HAVC/192_168_60_39/SCREW/9_1
103136:T510836_10:clear RESET SCREW
103136:T510836_10:No more clear, Wait for RESET to be '1'
103154:T510836_10:RESET is 1 now. FINISHED.
103200:T510836_10:SET 2 to ni.var.psp://localhost/OPC/OPC_LabView/HAVC/192_168_60_39/SCREW/9_1
103200:T510836_10:clear RESET SCREW
103200:T510836_10:No more clear, Wait for RESET to be '1'
103207:T510836_10:RESET is 1 now. FINISHED.
103212:T510836_10:SET 1 to ni.var.psp://localhost/OPC/OPC_LabView/HAVC/192_168_60_39/SCREW/9_1
103212:T510836_10:clear RESET SCREW
103212:T510836_10:No more clear, Wait for RESET to be '1'
103217:T510836_10:RESET is 1 now. FINISHED.
103238:T510836_11:SET 5 to ni.var.psp://localhost/OPC/OPC_LabView/HAVC/192_168_60_39/SCREW/9_1
103238:T510836_11:clear RESET SCREW
103239:T510836_11:No more clear, Wait for RESET to be '1'
103249:T510836_11:RESET is 1 now. FINISHED.
103300:T510836_11:SET 2 to ni.var.psp://localhost/OPC/OPC_LabView/HAVC/192_168_60_39/SCREW/9_1
103300:T510836_11:clear RESET SCREW
103300:T510836_11:No more clear, Wait for RESET to be '1'
103304:T510836_11:RESET is 1 now. FINISHED.
103309:T510836_11:SET 1 to ni.var.psp://localhost/OPC/OPC_LabView/HAVC/192_168_60_39/SCREW/9_1
103309:T510836_11:clear RESET SCREW
103309:T510836_11:No more clear, Wait for RESET to be '1'
103311:T510836_11:RESET is 1 now. FINISHED.
103325:T510836_12:SET 5 to ni.var.psp://localhost/OPC/OPC_LabView/HAVC/192_168_60_39/SCREW/9_1
103325:T510836_12:clear RESET SCREW
103325:T510836_12:No more clear, Wait for RESET to be '1'
103335:T510836_12:RESET is 1 now. FINISHED.
103339:T510836_12:SET 2 to ni.var.psp://localhost/OPC/OPC_LabView/HAVC/192_168_60_39/SCREW/9_1
103339:T510836_12:clear RESET SCREW
103339:T510836_12:No more clear, Wait for RESET to be '1'
103344:T510836_12:RESET is 1 now. FINISHED.
103348:T510836_12:SET 1 to ni.var.psp://localhost/OPC/OPC_LabView/HAVC/192_168_60_39/SCREW/9_1
103349:T510836_12:clear RESET SCREW
103349:T510836_12:No more clear, Wait for RESET to be '1'
103353:T510836_12:RESET is 1 now. FINISHED.
103409:T510836_13:SET 5 to ni.var.psp://localhost/OPC/OPC_LabView/HAVC/192_168_60_39/SCREW/9_1
103410:T510836_13:clear RESET SCREW
103410:T510836_13:No more clear, Wait for RESET to be '1'
103420:T510836_13:RESET is 1 now. FINISHED.
103426:T510836_13:SET 2 to ni.var.psp://localhost/OPC/OPC_LabView/HAVC/192_168_60_39/SCREW/9_1
103426:T510836_13:clear RESET SCREW
103426:T510836_13:No more clear, Wait for RESET to be '1'
103428:T510836_13:RESET is 1 now. FINISHED.
103432:T510836_13:SET 1 to ni.var.psp://localhost/OPC/OPC_LabView/HAVC/192_168_60_39/SCREW/9_1
103432:T510836_13:clear RESET SCREW
103433:T510836_13:No more clear, Wait for RESET to be '1'
103434:T510836_13:RESET is 1 now. FINISHED.
103539:T510836_14:SET 5 to ni.var.psp://localhost/OPC/OPC_LabView/HAVC/192_168_60_39/SCREW/9_1
103539:T510836_14:clear RESET SCREW
103540:T510836_14:No more clear, Wait for RESET to be '1'
103550:T510836_14:RESET is 1 now. FINISHED.
103556:T510836_14:SET 2 to ni.var.psp://localhost/OPC/OPC_LabView/HAVC/192_168_60_39/SCREW/9_1
103556:T510836_14:clear RESET SCREW
103556:T510836_14:No more clear, Wait for RESET to be '1'
103601:T510836_14:RESET is 1 now. FINISHED.
103605:T510836_14:SET 1 to ni.var.psp://localhost/OPC/OPC_LabView/HAVC/192_168_60_39/SCREW/9_1
103605:T510836_14:clear RESET SCREW
103605:T510836_14:No more clear, Wait for RESET to be '1'
103609:T510836_14:RESET is 1 now. FINISHED.
103721:T510836_15:SET 5 to ni.var.psp://localhost/OPC/OPC_LabView/HAVC/192_168_60_39/SCREW/9_1
103721:T510836_15:clear RESET SCREW
103722:T510836_15:No more clear, Wait for RESET to be '1'
103733:T510836_15:RESET is 1 now. FINISHED.
103741:T510836_15:SET 2 to ni.var.psp://localhost/OPC/OPC_LabView/HAVC/192_168_60_39/SCREW/9_1
103741:T510836_15:clear RESET SCREW
103741:T510836_15:No more clear, Wait for RESET to be '1'
103750:T510836_15:RESET is 1 now. FINISHED.
103754:T510836_15:SET 1 to ni.var.psp://localhost/OPC/OPC_LabView/HAVC/192_168_60_39/SCREW/9_1
103754:T510836_15:clear RESET SCREW
103754:T510836_15:No more clear, Wait for RESET to be '1'
103757:T510836_15:RESET is 1 now. FINISHED.
103906:T510836_16:SET 5 to ni.var.psp://localhost/OPC/OPC_LabView/HAVC/192_168_60_39/SCREW/9_1
103906:T510836_16:clear RESET SCREW
103906:T510836_16:No more clear, Wait for RESET to be '1'
103918:T510836_16:RESET is 1 now. FINISHED.
103924:T510836_16:SET 2 to ni.var.psp://localhost/OPC/OPC_LabView/HAVC/192_168_60_39/SCREW/9_1
103924:T510836_16:clear RESET SCREW
103924:T510836_16:No more clear, Wait for RESET to be '1'
103930:T510836_16:RESET is 1 now. FINISHED.
103934:T510836_16:SET 1 to ni.var.psp://localhost/OPC/OPC_LabView/HAVC/192_168_60_39/SCREW/9_1
103935:T510836_16:clear RESET SCREW
103935:T510836_16:No more clear, Wait for RESET to be '1'
103938:T510836_16:RESET is 1 now. FINISHED.
103952:T510836_17:SET 5 to ni.var.psp://localhost/OPC/OPC_LabView/HAVC/192_168_60_39/SCREW/9_1
103952:T510836_17:clear RESET SCREW
103952:T510836_17:No more clear, Wait for RESET to be '1'
104004:T510836_17:RESET is 1 now. FINISHED.
104008:T510836_17:SET 2 to ni.var.psp://localhost/OPC/OPC_LabView/HAVC/192_168_60_39/SCREW/9_1
104008:T510836_17:clear RESET SCREW
104008:T510836_17:No more clear, Wait for RESET to be '1'
104014:T510836_17:RESET is 1 now. FINISHED.
104017:T510836_17:SET 1 to ni.var.psp://localhost/OPC/OPC_LabView/HAVC/192_168_60_39/SCREW/9_1
104018:T510836_17:clear RESET SCREW
104018:T510836_17:No more clear, Wait for RESET to be '1'
104022:T510836_17:RESET is 1 now. FINISHED.
104057:T510836_18:SET 5 to ni.var.psp://localhost/OPC/OPC_LabView/HAVC/192_168_60_39/SCREW/9_1
104057:T510836_18:clear RESET SCREW
104058:T510836_18:No more clear, Wait for RESET to be '1'
104109:T510836_18:RESET is 1 now. FINISHED.
104120:T510836_18:SET 2 to ni.var.psp://localhost/OPC/OPC_LabView/HAVC/192_168_60_39/SCREW/9_1
104120:T510836_18:clear RESET SCREW
104121:T510836_18:No more clear, Wait for RESET to be '1'
104127:T510836_18:RESET is 1 now. FINISHED.
104132:T510836_18:SET 1 to ni.var.psp://localhost/OPC/OPC_LabView/HAVC/192_168_60_39/SCREW/9_1
104132:T510836_18:clear RESET SCREW
104132:T510836_18:No more clear, Wait for RESET to be '1'
104136:T510836_18:RESET is 1 now. FINISHED.
104249:T510836_19:SET 5 to ni.var.psp://localhost/OPC/OPC_LabView/HAVC/192_168_60_39/SCREW/9_1
104249:T510836_19:clear RESET SCREW
104249:T510836_19:No more clear, Wait for RESET to be '1'
104305:T510836_19:RESET is 1 now. FINISHED.
104309:T510836_19:SET 2 to ni.var.psp://localhost/OPC/OPC_LabView/HAVC/192_168_60_39/SCREW/9_1
104310:T510836_19:clear RESET SCREW
104310:T510836_19:No more clear, Wait for RESET to be '1'
104316:T510836_19:RESET is 1 now. FINISHED.
104321:T510836_19:SET 1 to ni.var.psp://localhost/OPC/OPC_LabView/HAVC/192_168_60_39/SCREW/9_1
104321:T510836_19:clear RESET SCREW
104321:T510836_19:No more clear, Wait for RESET to be '1'
104325:T510836_19:RESET is 1 now. FINISHED.
104514:T510836_20:SET 5 to ni.var.psp://localhost/OPC/OPC_LabView/HAVC/192_168_60_39/SCREW/9_1
104515:T510836_20:clear RESET SCREW
104515:T510836_20:No more clear, Wait for RESET to be '1'
104524:T510836_20:RESET is 1 now. FINISHED.
104528:T510836_20:SET 2 to ni.var.psp://localhost/OPC/OPC_LabView/HAVC/192_168_60_39/SCREW/9_1
104528:T510836_20:clear RESET SCREW
104528:T510836_20:No more clear, Wait for RESET to be '1'
104532:T510836_20:RESET is 1 now. FINISHED.
104536:T510836_20:SET 1 to ni.var.psp://localhost/OPC/OPC_LabView/HAVC/192_168_60_39/SCREW/9_1
104536:T510836_20:clear RESET SCREW
104537:T510836_20:No more clear, Wait for RESET to be '1'
104538:T510836_20:RESET is 1 now. FINISHED.
104550:T510836_21:SET 5 to ni.var.psp://localhost/OPC/OPC_LabView/HAVC/192_168_60_39/SCREW/9_1
104550:T510836_21:clear RESET SCREW
104551:T510836_21:No more clear, Wait for RESET to be '1'
104616:T510836_21:RESET is 1 now. FINISHED.
104622:T510836_21:SET 2 to ni.var.psp://localhost/OPC/OPC_LabView/HAVC/192_168_60_39/SCREW/9_1
104622:T510836_21:clear RESET SCREW
104622:T510836_21:No more clear, Wait for RESET to be '1'
104628:T510836_21:RESET is 1 now. FINISHED.
104632:T510836_21:SET 1 to ni.var.psp://localhost/OPC/OPC_LabView/HAVC/192_168_60_39/SCREW/9_1
104633:T510836_21:clear RESET SCREW
104633:T510836_21:No more clear, Wait for RESET to be '1'
104635:T510836_21:RESET is 1 now. FINISHED.
104713:T510836_22:SET 5 to ni.var.psp://localhost/OPC/OPC_LabView/HAVC/192_168_60_39/SCREW/9_1
104713:T510836_22:clear RESET SCREW
104713:T510836_22:No more clear, Wait for RESET to be '1'
104723:T510836_22:RESET is 1 now. FINISHED.
104728:T510836_22:SET 2 to ni.var.psp://localhost/OPC/OPC_LabView/HAVC/192_168_60_39/SCREW/9_1
104728:T510836_22:clear RESET SCREW
104728:T510836_22:No more clear, Wait for RESET to be '1'
104731:T510836_22:RESET is 1 now. FINISHED.
104735:T510836_22:SET 1 to ni.var.psp://localhost/OPC/OPC_LabView/HAVC/192_168_60_39/SCREW/9_1
104735:T510836_22:clear RESET SCREW
104735:T510836_22:No more clear, Wait for RESET to be '1'
104738:T510836_22:RESET is 1 now. FINISHED.
104834:T510836_23:SET 5 to ni.var.psp://localhost/OPC/OPC_LabView/HAVC/192_168_60_39/SCREW/9_1
104834:T510836_23:clear RESET SCREW
104834:T510836_23:No more clear, Wait for RESET to be '1'
104900:T510836_23:RESET is 1 now. FINISHED.
104908:T510836_23:SET 2 to ni.var.psp://localhost/OPC/OPC_LabView/HAVC/192_168_60_39/SCREW/9_1
104908:T510836_23:clear RESET SCREW
104908:T510836_23:No more clear, Wait for RESET to be '1'
104915:T510836_23:RESET is 1 now. FINISHED.
104919:T510836_23:SET 1 to ni.var.psp://localhost/OPC/OPC_LabView/HAVC/192_168_60_39/SCREW/9_1
104919:T510836_23:clear RESET SCREW
104919:T510836_23:No more clear, Wait for RESET to be '1'
104923:T510836_23:RESET is 1 now. FINISHED.
105229:T510836_24:SET 5 to ni.var.psp://localhost/OPC/OPC_LabView/HAVC/192_168_60_39/SCREW/9_1
105229:T510836_24:clear RESET SCREW
105229:T510836_24:No more clear, Wait for RESET to be '1'
105245:T510836_24:RESET is 1 now. FINISHED.
105256:T510836_24:SET 2 to ni.var.psp://localhost/OPC/OPC_LabView/HAVC/192_168_60_39/SCREW/9_1
105256:T510836_24:clear RESET SCREW
105256:T510836_24:No more clear, Wait for RESET to be '1'
105306:T510836_24:RESET is 1 now. FINISHED.
105309:T510836_24:SET 1 to ni.var.psp://localhost/OPC/OPC_LabView/HAVC/192_168_60_39/SCREW/9_1
105310:T510836_24:clear RESET SCREW
105310:T510836_24:No more clear, Wait for RESET to be '1'
105313:T510836_24:RESET is 1 now. FINISHED.
105333:T510836_25:SET 5 to ni.var.psp://localhost/OPC/OPC_LabView/HAVC/192_168_60_39/SCREW/9_1
105333:T510836_25:clear RESET SCREW
105334:T510836_25:No more clear, Wait for RESET to be '1'
105349:T510836_25:RESET is 1 now. FINISHED.
105354:T510836_25:SET 2 to ni.var.psp://localhost/OPC/OPC_LabView/HAVC/192_168_60_39/SCREW/9_1
105354:T510836_25:clear RESET SCREW
105355:T510836_25:No more clear, Wait for RESET to be '1'
105401:T510836_25:RESET is 1 now. FINISHED.
105405:T510836_25:SET 1 to ni.var.psp://localhost/OPC/OPC_LabView/HAVC/192_168_60_39/SCREW/9_1
105405:T510836_25:clear RESET SCREW
105405:T510836_25:No more clear, Wait for RESET to be '1'
105409:T510836_25:RESET is 1 now. FINISHED.
105426:T510836_26:SET 5 to ni.var.psp://localhost/OPC/OPC_LabView/HAVC/192_168_60_39/SCREW/9_1
105427:T510836_26:clear RESET SCREW
105427:T510836_26:No more clear, Wait for RESET to be '1'
105439:T510836_26:RESET is 1 now. FINISHED.
105444:T510836_26:SET 2 to ni.var.psp://localhost/OPC/OPC_LabView/HAVC/192_168_60_39/SCREW/9_1
105445:T510836_26:clear RESET SCREW
105445:T510836_26:No more clear, Wait for RESET to be '1'
105451:T510836_26:RESET is 1 now. FINISHED.
105455:T510836_26:SET 1 to ni.var.psp://localhost/OPC/OPC_LabView/HAVC/192_168_60_39/SCREW/9_1
105455:T510836_26:clear RESET SCREW
105455:T510836_26:No more clear, Wait for RESET to be '1'
105459:T510836_26:RESET is 1 now. FINISHED.
105518:T510836_27:SET 5 to ni.var.psp://localhost/OPC/OPC_LabView/HAVC/192_168_60_39/SCREW/9_1
105518:T510836_27:clear RESET SCREW
105518:T510836_27:No more clear, Wait for RESET to be '1'
105532:T510836_27:RESET is 1 now. FINISHED.
105538:T510836_27:SET 2 to ni.var.psp://localhost/OPC/OPC_LabView/HAVC/192_168_60_39/SCREW/9_1
105539:T510836_27:clear RESET SCREW
105539:T510836_27:No more clear, Wait for RESET to be '1'
105545:T510836_27:RESET is 1 now. FINISHED.
105550:T510836_27:SET 1 to ni.var.psp://localhost/OPC/OPC_LabView/HAVC/192_168_60_39/SCREW/9_1
105550:T510836_27:clear RESET SCREW
105550:T510836_27:No more clear, Wait for RESET to be '1'
105554:T510836_27:RESET is 1 now. FINISHED.
105729:T510836_28:SET 5 to ni.var.psp://localhost/OPC/OPC_LabView/HAVC/192_168_60_39/SCREW/9_1
105729:T510836_28:clear RESET SCREW
105729:T510836_28:No more clear, Wait for RESET to be '1'
105740:T510836_28:RESET is 1 now. FINISHED.
105747:T510836_28:SET 2 to ni.var.psp://localhost/OPC/OPC_LabView/HAVC/192_168_60_39/SCREW/9_1
105748:T510836_28:clear RESET SCREW
105748:T510836_28:No more clear, Wait for RESET to be '1'
105755:T510836_28:RESET is 1 now. FINISHED.
105758:T510836_28:SET 1 to ni.var.psp://localhost/OPC/OPC_LabView/HAVC/192_168_60_39/SCREW/9_1
105759:T510836_28:clear RESET SCREW
105759:T510836_28:No more clear, Wait for RESET to be '1'
105803:T510836_28:RESET is 1 now. FINISHED.
105831:T510836_29:SET 5 to ni.var.psp://localhost/OPC/OPC_LabView/HAVC/192_168_60_39/SCREW/9_1
105832:T510836_29:clear RESET SCREW
105832:T510836_29:No more clear, Wait for RESET to be '1'
105843:T510836_29:RESET is 1 now. FINISHED.
105849:T510836_29:SET 2 to ni.var.psp://localhost/OPC/OPC_LabView/HAVC/192_168_60_39/SCREW/9_1
105849:T510836_29:clear RESET SCREW
105849:T510836_29:No more clear, Wait for RESET to be '1'
105854:T510836_29:RESET is 1 now. FINISHED.
105900:T510836_29:SET 1 to ni.var.psp://localhost/OPC/OPC_LabView/HAVC/192_168_60_39/SCREW/9_1
105900:T510836_29:clear RESET SCREW
105901:T510836_29:No more clear, Wait for RESET to be '1'
105903:T510836_29:RESET is 1 now. FINISHED.
105951:T510836_30:SET 5 to ni.var.psp://localhost/OPC/OPC_LabView/HAVC/192_168_60_39/SCREW/9_1
105952:T510836_30:clear RESET SCREW
105952:T510836_30:No more clear, Wait for RESET to be '1'
110005:T510836_30:RESET is 1 now. FINISHED.
110010:T510836_30:SET 2 to ni.var.psp://localhost/OPC/OPC_LabView/HAVC/192_168_60_39/SCREW/9_1
110011:T510836_30:clear RESET SCREW
110011:T510836_30:No more clear, Wait for RESET to be '1'
110026:T510836_30:RESET is 1 now. FINISHED.
110030:T510836_30:SET 1 to ni.var.psp://localhost/OPC/OPC_LabView/HAVC/192_168_60_39/SCREW/9_1
110030:T510836_30:clear RESET SCREW
110030:T510836_30:No more clear, Wait for RESET to be '1'
110036:T510836_30:RESET is 1 now. FINISHED.
110050:T510836_31:SET 5 to ni.var.psp://localhost/OPC/OPC_LabView/HAVC/192_168_60_39/SCREW/9_1
110050:T510836_31:clear RESET SCREW
110051:T510836_31:No more clear, Wait for RESET to be '1'
110059:T510836_31:RESET is 1 now. FINISHED.
110107:T510836_31:SET 2 to ni.var.psp://localhost/OPC/OPC_LabView/HAVC/192_168_60_39/SCREW/9_1
110107:T510836_31:clear RESET SCREW
110108:T510836_31:No more clear, Wait for RESET to be '1'
110113:T510836_31:RESET is 1 now. FINISHED.
110116:T510836_31:SET 1 to ni.var.psp://localhost/OPC/OPC_LabView/HAVC/192_168_60_39/SCREW/9_1
110117:T510836_31:clear RESET SCREW
110117:T510836_31:No more clear, Wait for RESET to be '1'
110118:T510836_31:RESET is 1 now. FINISHED.
130748:T510836_35:SET 5 to ni.var.psp://localhost/OPC/OPC_LabView/HAVC/192_168_60_39/SCREW/9_1
130748:T510836_35:clear RESET SCREW
130749:T510836_35:No more clear, Wait for RESET to be '1'
130801:T510836_35:RESET is 1 now. FINISHED.
130805:T510836_35:SET 2 to ni.var.psp://localhost/OPC/OPC_LabView/HAVC/192_168_60_39/SCREW/9_1
130806:T510836_35:clear RESET SCREW
130806:T510836_35:No more clear, Wait for RESET to be '1'
130813:T510836_35:RESET is 1 now. FINISHED.
130819:T510836_35:SET 1 to ni.var.psp://localhost/OPC/OPC_LabView/HAVC/192_168_60_39/SCREW/9_1
130820:T510836_35:clear RESET SCREW
130820:T510836_35:No more clear, Wait for RESET to be '1'
130824:T510836_35:RESET is 1 now. FINISHED.
130836:T510836_36:SET 5 to ni.var.psp://localhost/OPC/OPC_LabView/HAVC/192_168_60_39/SCREW/9_1
130836:T510836_36:clear RESET SCREW
130836:T510836_36:No more clear, Wait for RESET to be '1'
130848:T510836_36:RESET is 1 now. FINISHED.
130852:T510836_36:SET 2 to ni.var.psp://localhost/OPC/OPC_LabView/HAVC/192_168_60_39/SCREW/9_1
130853:T510836_36:clear RESET SCREW
130853:T510836_36:No more clear, Wait for RESET to be '1'
130859:T510836_36:RESET is 1 now. FINISHED.
130903:T510836_36:SET 1 to ni.var.psp://localhost/OPC/OPC_LabView/HAVC/192_168_60_39/SCREW/9_1
130903:T510836_36:clear RESET SCREW
130903:T510836_36:No more clear, Wait for RESET to be '1'
130907:T510836_36:RESET is 1 now. FINISHED.
130920:T510836_37:SET 5 to ni.var.psp://localhost/OPC/OPC_LabView/HAVC/192_168_60_39/SCREW/9_1
130921:T510836_37:clear RESET SCREW
130921:T510836_37:No more clear, Wait for RESET to be '1'
130929:T510836_37:RESET is 1 now. FINISHED.
130936:T510836_37:SET 2 to ni.var.psp://localhost/OPC/OPC_LabView/HAVC/192_168_60_39/SCREW/9_1
130936:T510836_37:clear RESET SCREW
130936:T510836_37:No more clear, Wait for RESET to be '1'
130940:T510836_37:RESET is 1 now. FINISHED.
130944:T510836_37:SET 1 to ni.var.psp://localhost/OPC/OPC_LabView/HAVC/192_168_60_39/SCREW/9_1
130944:T510836_37:clear RESET SCREW
130944:T510836_37:No more clear, Wait for RESET to be '1'
130949:T510836_37:RESET is 1 now. FINISHED.
131006:T510836_38:SET 5 to ni.var.psp://localhost/OPC/OPC_LabView/HAVC/192_168_60_39/SCREW/9_1
131006:T510836_38:clear RESET SCREW
131006:T510836_38:No more clear, Wait for RESET to be '1'
131019:T510836_38:RESET is 1 now. FINISHED.
131025:T510836_38:SET 2 to ni.var.psp://localhost/OPC/OPC_LabView/HAVC/192_168_60_39/SCREW/9_1
131025:T510836_38:clear RESET SCREW
131025:T510836_38:No more clear, Wait for RESET to be '1'
131030:T510836_38:RESET is 1 now. FINISHED.
131034:T510836_38:SET 1 to ni.var.psp://localhost/OPC/OPC_LabView/HAVC/192_168_60_39/SCREW/9_1
131035:T510836_38:clear RESET SCREW
131035:T510836_38:No more clear, Wait for RESET to be '1'
131039:T510836_38:RESET is 1 now. FINISHED.
131055:T510836_39:SET 5 to ni.var.psp://localhost/OPC/OPC_LabView/HAVC/192_168_60_39/SCREW/9_1
131056:T510836_39:clear RESET SCREW
131056:T510836_39:No more clear, Wait for RESET to be '1'
131108:T510836_39:RESET is 1 now. FINISHED.
131115:T510836_39:SET 2 to ni.var.psp://localhost/OPC/OPC_LabView/HAVC/192_168_60_39/SCREW/9_1
131115:T510836_39:clear RESET SCREW
131116:T510836_39:No more clear, Wait for RESET to be '1'
131121:T510836_39:RESET is 1 now. FINISHED.
131125:T510836_39:SET 1 to ni.var.psp://localhost/OPC/OPC_LabView/HAVC/192_168_60_39/SCREW/9_1
131125:T510836_39:clear RESET SCREW
131125:T510836_39:No more clear, Wait for RESET to be '1'
131128:T510836_39:RESET is 1 now. FINISHED.
131157:T510836_40:SET 5 to ni.var.psp://localhost/OPC/OPC_LabView/HAVC/192_168_60_39/SCREW/9_1
131158:T510836_40:clear RESET SCREW
131158:T510836_40:No more clear, Wait for RESET to be '1'
131218:T510836_40:RESET is 1 now. FINISHED.
131223:T510836_40:SET 2 to ni.var.psp://localhost/OPC/OPC_LabView/HAVC/192_168_60_39/SCREW/9_1
131223:T510836_40:clear RESET SCREW
131223:T510836_40:No more clear, Wait for RESET to be '1'
131230:T510836_40:RESET is 1 now. FINISHED.
131235:T510836_40:SET 1 to ni.var.psp://localhost/OPC/OPC_LabView/HAVC/192_168_60_39/SCREW/9_1
131235:T510836_40:clear RESET SCREW
131235:T510836_40:No more clear, Wait for RESET to be '1'
131239:T510836_40:RESET is 1 now. FINISHED.
131332:T510836_41:SET 5 to ni.var.psp://localhost/OPC/OPC_LabView/HAVC/192_168_60_39/SCREW/9_1
131333:T510836_41:clear RESET SCREW
131333:T510836_41:No more clear, Wait for RESET to be '1'
131345:T510836_41:RESET is 1 now. FINISHED.
131350:T510836_41:SET 2 to ni.var.psp://localhost/OPC/OPC_LabView/HAVC/192_168_60_39/SCREW/9_1
131350:T510836_41:clear RESET SCREW
131350:T510836_41:No more clear, Wait for RESET to be '1'
131358:T510836_41:RESET is 1 now. FINISHED.
131402:T510836_41:SET 1 to ni.var.psp://localhost/OPC/OPC_LabView/HAVC/192_168_60_39/SCREW/9_1
131403:T510836_41:clear RESET SCREW
131403:T510836_41:No more clear, Wait for RESET to be '1'
131408:T510836_41:RESET is 1 now. FINISHED.
135435:T510836_47:SET 5 to ni.var.psp://localhost/OPC/OPC_LabView/HAVC/192_168_60_39/SCREW/9_1
135435:T510836_47:clear RESET SCREW
135435:T510836_47:No more clear, Wait for RESET to be '1'
135451:T510836_47:RESET is 1 now. FINISHED.
135456:T510836_47:SET 2 to ni.var.psp://localhost/OPC/OPC_LabView/HAVC/192_168_60_39/SCREW/9_1
135456:T510836_47:clear RESET SCREW
135456:T510836_47:No more clear, Wait for RESET to be '1'
135502:T510836_47:RESET is 1 now. FINISHED.
135506:T510836_47:SET 1 to ni.var.psp://localhost/OPC/OPC_LabView/HAVC/192_168_60_39/SCREW/9_1
135506:T510836_47:clear RESET SCREW
135506:T510836_47:No more clear, Wait for RESET to be '1'
135510:T510836_47:RESET is 1 now. FINISHED.
135753:T510836_48:SET 5 to ni.var.psp://localhost/OPC/OPC_LabView/HAVC/192_168_60_39/SCREW/9_1
135753:T510836_48:clear RESET SCREW
135754:T510836_48:No more clear, Wait for RESET to be '1'
135824:T510836_48:RESET is 1 now. FINISHED.
135830:T510836_48:SET 2 to ni.var.psp://localhost/OPC/OPC_LabView/HAVC/192_168_60_39/SCREW/9_1
135830:T510836_48:clear RESET SCREW
135830:T510836_48:No more clear, Wait for RESET to be '1'
135837:T510836_48:RESET is 1 now. FINISHED.
135841:T510836_48:SET 1 to ni.var.psp://localhost/OPC/OPC_LabView/HAVC/192_168_60_39/SCREW/9_1
135841:T510836_48:clear RESET SCREW
135841:T510836_48:No more clear, Wait for RESET to be '1'
135846:T510836_48:RESET is 1 now. FINISHED.
135902:T510836_49:SET 5 to ni.var.psp://localhost/OPC/OPC_LabView/HAVC/192_168_60_39/SCREW/9_1
135902:T510836_49:clear RESET SCREW
135902:T510836_49:No more clear, Wait for RESET to be '1'
135911:T510836_49:RESET is 1 now. FINISHED.
135916:T510836_49:SET 2 to ni.var.psp://localhost/OPC/OPC_LabView/HAVC/192_168_60_39/SCREW/9_1
135916:T510836_49:clear RESET SCREW
135916:T510836_49:No more clear, Wait for RESET to be '1'
135921:T510836_49:RESET is 1 now. FINISHED.
135926:T510836_49:SET 1 to ni.var.psp://localhost/OPC/OPC_LabView/HAVC/192_168_60_39/SCREW/9_1
135927:T510836_49:clear RESET SCREW
135927:T510836_49:No more clear, Wait for RESET to be '1'
135928:T510836_49:RESET is 1 now. FINISHED.
135947:T510836_50:SET 5 to ni.var.psp://localhost/OPC/OPC_LabView/HAVC/192_168_60_39/SCREW/9_1
135948:T510836_50:clear RESET SCREW
135948:T510836_50:No more clear, Wait for RESET to be '1'
140000:T510836_50:RESET is 1 now. FINISHED.
140006:T510836_50:SET 2 to ni.var.psp://localhost/OPC/OPC_LabView/HAVC/192_168_60_39/SCREW/9_1
140006:T510836_50:clear RESET SCREW
140006:T510836_50:No more clear, Wait for RESET to be '1'
140011:T510836_50:RESET is 1 now. FINISHED.
140014:T510836_50:SET 1 to ni.var.psp://localhost/OPC/OPC_LabView/HAVC/192_168_60_39/SCREW/9_1
140015:T510836_50:clear RESET SCREW
140015:T510836_50:No more clear, Wait for RESET to be '1'
140018:T510836_50:RESET is 1 now. FINISHED.
140146:T510836_51:SET 5 to ni.var.psp://localhost/OPC/OPC_LabView/HAVC/192_168_60_39/SCREW/9_1
140146:T510836_51:clear RESET SCREW
140146:T510836_51:No more clear, Wait for RESET to be '1'
140158:T510836_51:RESET is 1 now. FINISHED.
140204:T510836_51:SET 2 to ni.var.psp://localhost/OPC/OPC_LabView/HAVC/192_168_60_39/SCREW/9_1
140204:T510836_51:clear RESET SCREW
140204:T510836_51:No more clear, Wait for RESET to be '1'
140209:T510836_51:RESET is 1 now. FINISHED.
140213:T510836_51:SET 1 to ni.var.psp://localhost/OPC/OPC_LabView/HAVC/192_168_60_39/SCREW/9_1
140214:T510836_51:clear RESET SCREW
140214:T510836_51:No more clear, Wait for RESET to be '1'
140216:T510836_51:RESET is 1 now. FINISHED.
140232:T510836_52:SET 5 to ni.var.psp://localhost/OPC/OPC_LabView/HAVC/192_168_60_39/SCREW/9_1
140232:T510836_52:clear RESET SCREW
140232:T510836_52:No more clear, Wait for RESET to be '1'
140250:T510836_52:RESET is 1 now. FINISHED.
140255:T510836_52:SET 2 to ni.var.psp://localhost/OPC/OPC_LabView/HAVC/192_168_60_39/SCREW/9_1
140255:T510836_52:clear RESET SCREW
140256:T510836_52:No more clear, Wait for RESET to be '1'
140301:T510836_52:RESET is 1 now. FINISHED.
140305:T510836_52:SET 1 to ni.var.psp://localhost/OPC/OPC_LabView/HAVC/192_168_60_39/SCREW/9_1
140306:T510836_52:clear RESET SCREW
140306:T510836_52:No more clear, Wait for RESET to be '1'
140310:T510836_52:RESET is 1 now. FINISHED.
140328:T510836_53:SET 5 to ni.var.psp://localhost/OPC/OPC_LabView/HAVC/192_168_60_39/SCREW/9_1
140328:T510836_53:clear RESET SCREW
140328:T510836_53:No more clear, Wait for RESET to be '1'
140339:T510836_53:RESET is 1 now. FINISHED.
140345:T510836_53:SET 2 to ni.var.psp://localhost/OPC/OPC_LabView/HAVC/192_168_60_39/SCREW/9_1
140345:T510836_53:clear RESET SCREW
140345:T510836_53:No more clear, Wait for RESET to be '1'
140351:T510836_53:RESET is 1 now. FINISHED.
140355:T510836_53:SET 1 to ni.var.psp://localhost/OPC/OPC_LabView/HAVC/192_168_60_39/SCREW/9_1
140355:T510836_53:clear RESET SCREW
140355:T510836_53:No more clear, Wait for RESET to be '1'
140400:T510836_53:RESET is 1 now. FINISHED.
140413:T510836_54:SET 5 to ni.var.psp://localhost/OPC/OPC_LabView/HAVC/192_168_60_39/SCREW/9_1
140413:T510836_54:clear RESET SCREW
140414:T510836_54:No more clear, Wait for RESET to be '1'
140429:T510836_54:RESET is 1 now. FINISHED.
140435:T510836_54:SET 2 to ni.var.psp://localhost/OPC/OPC_LabView/HAVC/192_168_60_39/SCREW/9_1
140435:T510836_54:clear RESET SCREW
140435:T510836_54:No more clear, Wait for RESET to be '1'
140442:T510836_54:RESET is 1 now. FINISHED.
140446:T510836_54:SET 1 to ni.var.psp://localhost/OPC/OPC_LabView/HAVC/192_168_60_39/SCREW/9_1
140446:T510836_54:clear RESET SCREW
140446:T510836_54:No more clear, Wait for RESET to be '1'
140450:T510836_54:RESET is 1 now. FINISHED.
140510:T510836_55:SET 5 to ni.var.psp://localhost/OPC/OPC_LabView/HAVC/192_168_60_39/SCREW/9_1
140511:T510836_55:clear RESET SCREW
140511:T510836_55:No more clear, Wait for RESET to be '1'
140529:T510836_55:RESET is 1 now. FINISHED.
140540:T510836_55:SET 2 to ni.var.psp://localhost/OPC/OPC_LabView/HAVC/192_168_60_39/SCREW/9_1
140540:T510836_55:clear RESET SCREW
140540:T510836_55:No more clear, Wait for RESET to be '1'
140545:T510836_55:RESET is 1 now. FINISHED.
140550:T510836_55:SET 1 to ni.var.psp://localhost/OPC/OPC_LabView/HAVC/192_168_60_39/SCREW/9_1
140550:T510836_55:clear RESET SCREW
140550:T510836_55:No more clear, Wait for RESET to be '1'
140552:T510836_55:RESET is 1 now. FINISHED.
140609:T510836_56:SET 5 to ni.var.psp://localhost/OPC/OPC_LabView/HAVC/192_168_60_39/SCREW/9_1
140610:T510836_56:clear RESET SCREW
140610:T510836_56:No more clear, Wait for RESET to be '1'
140628:T510836_56:RESET is 1 now. FINISHED.
140634:T510836_56:SET 2 to ni.var.psp://localhost/OPC/OPC_LabView/HAVC/192_168_60_39/SCREW/9_1
140634:T510836_56:clear RESET SCREW
140634:T510836_56:No more clear, Wait for RESET to be '1'
140642:T510836_56:RESET is 1 now. FINISHED.
140647:T510836_56:SET 1 to ni.var.psp://localhost/OPC/OPC_LabView/HAVC/192_168_60_39/SCREW/9_1
140647:T510836_56:clear RESET SCREW
140648:T510836_56:No more clear, Wait for RESET to be '1'
140651:T510836_56:RESET is 1 now. FINISHED.
140712:T510836_57:SET 5 to ni.var.psp://localhost/OPC/OPC_LabView/HAVC/192_168_60_39/SCREW/9_1
140712:T510836_57:clear RESET SCREW
140712:T510836_57:No more clear, Wait for RESET to be '1'
140723:T510836_57:RESET is 1 now. FINISHED.
140727:T510836_57:SET 2 to ni.var.psp://localhost/OPC/OPC_LabView/HAVC/192_168_60_39/SCREW/9_1
140727:T510836_57:clear RESET SCREW
140728:T510836_57:No more clear, Wait for RESET to be '1'
140732:T510836_57:RESET is 1 now. FINISHED.
140736:T510836_57:SET 1 to ni.var.psp://localhost/OPC/OPC_LabView/HAVC/192_168_60_39/SCREW/9_1
140736:T510836_57:clear RESET SCREW
140737:T510836_57:No more clear, Wait for RESET to be '1'
140739:T510836_57:RESET is 1 now. FINISHED.
140753:T510836_58:SET 5 to ni.var.psp://localhost/OPC/OPC_LabView/HAVC/192_168_60_39/SCREW/9_1
140753:T510836_58:clear RESET SCREW
140753:T510836_58:No more clear, Wait for RESET to be '1'
140805:T510836_58:RESET is 1 now. FINISHED.
140816:T510836_58:SET 2 to ni.var.psp://localhost/OPC/OPC_LabView/HAVC/192_168_60_39/SCREW/9_1
140816:T510836_58:clear RESET SCREW
140817:T510836_58:No more clear, Wait for RESET to be '1'
140821:T510836_58:RESET is 1 now. FINISHED.
140828:T510836_58:SET 1 to ni.var.psp://localhost/OPC/OPC_LabView/HAVC/192_168_60_39/SCREW/9_1
140828:T510836_58:clear RESET SCREW
140829:T510836_58:No more clear, Wait for RESET to be '1'
140830:T510836_58:RESET is 1 now. FINISHED.
140849:T510836_59:SET 5 to ni.var.psp://localhost/OPC/OPC_LabView/HAVC/192_168_60_39/SCREW/9_1
140849:T510836_59:clear RESET SCREW
140850:T510836_59:No more clear, Wait for RESET to be '1'
140901:T510836_59:RESET is 1 now. FINISHED.
140908:T510836_59:SET 2 to ni.var.psp://localhost/OPC/OPC_LabView/HAVC/192_168_60_39/SCREW/9_1
140908:T510836_59:clear RESET SCREW
140908:T510836_59:No more clear, Wait for RESET to be '1'
140913:T510836_59:RESET is 1 now. FINISHED.
140916:T510836_59:SET 1 to ni.var.psp://localhost/OPC/OPC_LabView/HAVC/192_168_60_39/SCREW/9_1
140917:T510836_59:clear RESET SCREW
140917:T510836_59:No more clear, Wait for RESET to be '1'
140921:T510836_59:RESET is 1 now. FINISHED.
141028:T510836_60:SET 5 to ni.var.psp://localhost/OPC/OPC_LabView/HAVC/192_168_60_39/SCREW/9_1
141029:T510836_60:clear RESET SCREW
141029:T510836_60:No more clear, Wait for RESET to be '1'
141038:T510836_60:RESET is 1 now. FINISHED.
141044:T510836_60:SET 2 to ni.var.psp://localhost/OPC/OPC_LabView/HAVC/192_168_60_39/SCREW/9_1
141044:T510836_60:clear RESET SCREW
141045:T510836_60:No more clear, Wait for RESET to be '1'
141051:T510836_60:RESET is 1 now. FINISHED.
141055:T510836_60:SET 1 to ni.var.psp://localhost/OPC/OPC_LabView/HAVC/192_168_60_39/SCREW/9_1
141055:T510836_60:clear RESET SCREW
141055:T510836_60:No more clear, Wait for RESET to be '1'
141059:T510836_60:RESET is 1 now. FINISHED.
141225:T510836_61:SET 5 to ni.var.psp://localhost/OPC/OPC_LabView/HAVC/192_168_60_39/SCREW/9_1
141225:T510836_61:clear RESET SCREW
141225:T510836_61:No more clear, Wait for RESET to be '1'
141239:T510836_61:RESET is 1 now. FINISHED.
141245:T510836_61:SET 2 to ni.var.psp://localhost/OPC/OPC_LabView/HAVC/192_168_60_39/SCREW/9_1
141245:T510836_61:clear RESET SCREW
141245:T510836_61:No more clear, Wait for RESET to be '1'
141252:T510836_61:RESET is 1 now. FINISHED.
141257:T510836_61:SET 1 to ni.var.psp://localhost/OPC/OPC_LabView/HAVC/192_168_60_39/SCREW/9_1
141257:T510836_61:clear RESET SCREW
141257:T510836_61:No more clear, Wait for RESET to be '1'
141301:T510836_61:RESET is 1 now. FINISHED.
141327:T510836_62:SET 5 to ni.var.psp://localhost/OPC/OPC_LabView/HAVC/192_168_60_39/SCREW/9_1
141328:T510836_62:clear RESET SCREW
141328:T510836_62:No more clear, Wait for RESET to be '1'
141341:T510836_62:RESET is 1 now. FINISHED.
141345:T510836_62:SET 2 to ni.var.psp://localhost/OPC/OPC_LabView/HAVC/192_168_60_39/SCREW/9_1
141346:T510836_62:clear RESET SCREW
141346:T510836_62:No more clear, Wait for RESET to be '1'
141352:T510836_62:RESET is 1 now. FINISHED.
141356:T510836_62:SET 1 to ni.var.psp://localhost/OPC/OPC_LabView/HAVC/192_168_60_39/SCREW/9_1
141356:T510836_62:clear RESET SCREW
141356:T510836_62:No more clear, Wait for RESET to be '1'
141400:T510836_62:RESET is 1 now. FINISHED.
141413:T510836_63:SET 5 to ni.var.psp://localhost/OPC/OPC_LabView/HAVC/192_168_60_39/SCREW/9_1
141414:T510836_63:clear RESET SCREW
141414:T510836_63:No more clear, Wait for RESET to be '1'
141428:T510836_63:RESET is 1 now. FINISHED.
141434:T510836_63:SET 2 to ni.var.psp://localhost/OPC/OPC_LabView/HAVC/192_168_60_39/SCREW/9_1
141435:T510836_63:clear RESET SCREW
141435:T510836_63:No more clear, Wait for RESET to be '1'
141441:T510836_63:RESET is 1 now. FINISHED.
141445:T510836_63:SET 1 to ni.var.psp://localhost/OPC/OPC_LabView/HAVC/192_168_60_39/SCREW/9_1
141445:T510836_63:clear RESET SCREW
141445:T510836_63:No more clear, Wait for RESET to be '1'
141449:T510836_63:RESET is 1 now. FINISHED.
141503:T510836_64:SET 5 to ni.var.psp://localhost/OPC/OPC_LabView/HAVC/192_168_60_39/SCREW/9_1
141504:T510836_64:clear RESET SCREW
141504:T510836_64:No more clear, Wait for RESET to be '1'
141512:T510836_64:RESET is 1 now. FINISHED.
141523:T510836_64:SET 2 to ni.var.psp://localhost/OPC/OPC_LabView/HAVC/192_168_60_39/SCREW/9_1
141523:T510836_64:clear RESET SCREW
141523:T510836_64:No more clear, Wait for RESET to be '1'
141526:T510836_64:RESET is 1 now. FINISHED.
141531:T510836_64:SET 1 to ni.var.psp://localhost/OPC/OPC_LabView/HAVC/192_168_60_39/SCREW/9_1
141531:T510836_64:clear RESET SCREW
141531:T510836_64:No more clear, Wait for RESET to be '1'
141532:T510836_64:RESET is 1 now. FINISHED.
141553:T510836_65:SET 5 to ni.var.psp://localhost/OPC/OPC_LabView/HAVC/192_168_60_39/SCREW/9_1
141553:T510836_65:clear RESET SCREW
141553:T510836_65:No more clear, Wait for RESET to be '1'
141608:T510836_65:RESET is 1 now. FINISHED.
141613:T510836_65:SET 2 to ni.var.psp://localhost/OPC/OPC_LabView/HAVC/192_168_60_39/SCREW/9_1
141614:T510836_65:clear RESET SCREW
141614:T510836_65:No more clear, Wait for RESET to be '1'
141620:T510836_65:RESET is 1 now. FINISHED.
141624:T510836_65:SET 1 to ni.var.psp://localhost/OPC/OPC_LabView/HAVC/192_168_60_39/SCREW/9_1
141624:T510836_65:clear RESET SCREW
141624:T510836_65:No more clear, Wait for RESET to be '1'
141627:T510836_65:RESET is 1 now. FINISHED.
141641:T510836_66:SET 5 to ni.var.psp://localhost/OPC/OPC_LabView/HAVC/192_168_60_39/SCREW/9_1
141642:T510836_66:clear RESET SCREW
141642:T510836_66:No more clear, Wait for RESET to be '1'
141650:T510836_66:RESET is 1 now. FINISHED.
141658:T510836_66:SET 2 to ni.var.psp://localhost/OPC/OPC_LabView/HAVC/192_168_60_39/SCREW/9_1
141658:T510836_66:clear RESET SCREW
141658:T510836_66:No more clear, Wait for RESET to be '1'
141704:T510836_66:RESET is 1 now. FINISHED.
141708:T510836_66:SET 1 to ni.var.psp://localhost/OPC/OPC_LabView/HAVC/192_168_60_39/SCREW/9_1
141708:T510836_66:clear RESET SCREW
141708:T510836_66:No more clear, Wait for RESET to be '1'
141711:T510836_66:RESET is 1 now. FINISHED.
141723:T510836_67:SET 5 to ni.var.psp://localhost/OPC/OPC_LabView/HAVC/192_168_60_39/SCREW/9_1
141723:T510836_67:clear RESET SCREW
141724:T510836_67:No more clear, Wait for RESET to be '1'
141732:T510836_67:RESET is 1 now. FINISHED.
141737:T510836_67:SET 2 to ni.var.psp://localhost/OPC/OPC_LabView/HAVC/192_168_60_39/SCREW/9_1
141738:T510836_67:clear RESET SCREW
141738:T510836_67:No more clear, Wait for RESET to be '1'
141743:T510836_67:RESET is 1 now. FINISHED.
141751:T510836_67:SET 1 to ni.var.psp://localhost/OPC/OPC_LabView/HAVC/192_168_60_39/SCREW/9_1
141751:T510836_67:clear RESET SCREW
141751:T510836_67:No more clear, Wait for RESET to be '1'
141755:T510836_67:RESET is 1 now. FINISHED.
142038:T510836_68:SET 5 to ni.var.psp://localhost/OPC/OPC_LabView/HAVC/192_168_60_39/SCREW/9_1
142038:T510836_68:clear RESET SCREW
142038:T510836_68:No more clear, Wait for RESET to be '1'
142047:T510836_68:RESET is 1 now. FINISHED.
142210:T510836_68:SET 2 to ni.var.psp://localhost/OPC/OPC_LabView/HAVC/192_168_60_39/SCREW/9_1
142211:T510836_68:clear RESET SCREW
142211:T510836_68:No more clear, Wait for RESET to be '1'
142217:T510836_68:RESET is 1 now. FINISHED.
142221:T510836_68:SET 1 to ni.var.psp://localhost/OPC/OPC_LabView/HAVC/192_168_60_39/SCREW/9_1
142221:T510836_68:clear RESET SCREW
142221:T510836_68:No more clear, Wait for RESET to be '1'
142224:T510836_68:RESET is 1 now. FINISHED.
142239:T510836_69:SET 5 to ni.var.psp://localhost/OPC/OPC_LabView/HAVC/192_168_60_39/SCREW/9_1
142240:T510836_69:clear RESET SCREW
142240:T510836_69:No more clear, Wait for RESET to be '1'
142251:T510836_69:RESET is 1 now. FINISHED.
142259:T510836_69:SET 2 to ni.var.psp://localhost/OPC/OPC_LabView/HAVC/192_168_60_39/SCREW/9_1
142259:T510836_69:clear RESET SCREW
142259:T510836_69:No more clear, Wait for RESET to be '1'
142304:T510836_69:RESET is 1 now. FINISHED.
142308:T510836_69:SET 1 to ni.var.psp://localhost/OPC/OPC_LabView/HAVC/192_168_60_39/SCREW/9_1
142308:T510836_69:clear RESET SCREW
142309:T510836_69:No more clear, Wait for RESET to be '1'
142311:T510836_69:RESET is 1 now. FINISHED.
142328:T510836_70:SET 5 to ni.var.psp://localhost/OPC/OPC_LabView/HAVC/192_168_60_39/SCREW/9_1
142329:T510836_70:clear RESET SCREW
142329:T510836_70:No more clear, Wait for RESET to be '1'
142343:T510836_70:RESET is 1 now. FINISHED.
142350:T510836_70:SET 2 to ni.var.psp://localhost/OPC/OPC_LabView/HAVC/192_168_60_39/SCREW/9_1
142350:T510836_70:clear RESET SCREW
142351:T510836_70:No more clear, Wait for RESET to be '1'
142357:T510836_70:RESET is 1 now. FINISHED.
142401:T510836_70:SET 1 to ni.var.psp://localhost/OPC/OPC_LabView/HAVC/192_168_60_39/SCREW/9_1
142401:T510836_70:clear RESET SCREW
142401:T510836_70:No more clear, Wait for RESET to be '1'
142405:T510836_70:RESET is 1 now. FINISHED.
142419:T510836_71:SET 5 to ni.var.psp://localhost/OPC/OPC_LabView/HAVC/192_168_60_39/SCREW/9_1
142420:T510836_71:clear RESET SCREW
142420:T510836_71:No more clear, Wait for RESET to be '1'
142431:T510836_71:RESET is 1 now. FINISHED.
142437:T510836_71:SET 2 to ni.var.psp://localhost/OPC/OPC_LabView/HAVC/192_168_60_39/SCREW/9_1
142438:T510836_71:clear RESET SCREW
142438:T510836_71:No more clear, Wait for RESET to be '1'
142444:T510836_71:RESET is 1 now. FINISHED.
142447:T510836_71:SET 1 to ni.var.psp://localhost/OPC/OPC_LabView/HAVC/192_168_60_39/SCREW/9_1
142448:T510836_71:clear RESET SCREW
142448:T510836_71:No more clear, Wait for RESET to be '1'
142451:T510836_71:RESET is 1 now. FINISHED.
142506:T510836_72:SET 5 to ni.var.psp://localhost/OPC/OPC_LabView/HAVC/192_168_60_39/SCREW/9_1
142506:T510836_72:clear RESET SCREW
142506:T510836_72:No more clear, Wait for RESET to be '1'
142524:T510836_72:RESET is 1 now. FINISHED.
142532:T510836_72:SET 2 to ni.var.psp://localhost/OPC/OPC_LabView/HAVC/192_168_60_39/SCREW/9_1
142532:T510836_72:clear RESET SCREW
142532:T510836_72:No more clear, Wait for RESET to be '1'
142538:T510836_72:RESET is 1 now. FINISHED.
142542:T510836_72:SET 1 to ni.var.psp://localhost/OPC/OPC_LabView/HAVC/192_168_60_39/SCREW/9_1
142542:T510836_72:clear RESET SCREW
142543:T510836_72:No more clear, Wait for RESET to be '1'
142546:T510836_72:RESET is 1 now. FINISHED.
142559:T510836_73:SET 5 to ni.var.psp://localhost/OPC/OPC_LabView/HAVC/192_168_60_39/SCREW/9_1
142600:T510836_73:clear RESET SCREW
142600:T510836_73:No more clear, Wait for RESET to be '1'
142609:T510836_73:RESET is 1 now. FINISHED.
142622:T510836_73:SET 2 to ni.var.psp://localhost/OPC/OPC_LabView/HAVC/192_168_60_39/SCREW/9_1
142622:T510836_73:clear RESET SCREW
142622:T510836_73:No more clear, Wait for RESET to be '1'
142644:T510836_73:RESET is 1 now. FINISHED.
142649:T510836_73:SET 1 to ni.var.psp://localhost/OPC/OPC_LabView/HAVC/192_168_60_39/SCREW/9_1
142649:T510836_73:clear RESET SCREW
142649:T510836_73:No more clear, Wait for RESET to be '1'
142651:T510836_73:RESET is 1 now. FINISHED.
142709:T510836_74:SET 5 to ni.var.psp://localhost/OPC/OPC_LabView/HAVC/192_168_60_39/SCREW/9_1
142710:T510836_74:clear RESET SCREW
142710:T510836_74:No more clear, Wait for RESET to be '1'
142721:T510836_74:RESET is 1 now. FINISHED.
142730:T510836_74:SET 2 to ni.var.psp://localhost/OPC/OPC_LabView/HAVC/192_168_60_39/SCREW/9_1
142731:T510836_74:clear RESET SCREW
142731:T510836_74:No more clear, Wait for RESET to be '1'
142736:T510836_74:RESET is 1 now. FINISHED.
142742:T510836_74:SET 1 to ni.var.psp://localhost/OPC/OPC_LabView/HAVC/192_168_60_39/SCREW/9_1
142742:T510836_74:clear RESET SCREW
142743:T510836_74:No more clear, Wait for RESET to be '1'
142746:T510836_74:RESET is 1 now. FINISHED.
142805:T510836_75:SET 5 to ni.var.psp://localhost/OPC/OPC_LabView/HAVC/192_168_60_39/SCREW/9_1
142806:T510836_75:clear RESET SCREW
142806:T510836_75:No more clear, Wait for RESET to be '1'
142818:T510836_75:RESET is 1 now. FINISHED.
142823:T510836_75:SET 2 to ni.var.psp://localhost/OPC/OPC_LabView/HAVC/192_168_60_39/SCREW/9_1
142824:T510836_75:clear RESET SCREW
142824:T510836_75:No more clear, Wait for RESET to be '1'
142832:T510836_75:RESET is 1 now. FINISHED.
142836:T510836_75:SET 1 to ni.var.psp://localhost/OPC/OPC_LabView/HAVC/192_168_60_39/SCREW/9_1
142836:T510836_75:clear RESET SCREW
142836:T510836_75:No more clear, Wait for RESET to be '1'
142839:T510836_75:RESET is 1 now. FINISHED.
142904:T510836_76:SET 5 to ni.var.psp://localhost/OPC/OPC_LabView/HAVC/192_168_60_39/SCREW/9_1
142904:T510836_76:clear RESET SCREW
142904:T510836_76:No more clear, Wait for RESET to be '1'
142917:T510836_76:RESET is 1 now. FINISHED.
142922:T510836_76:SET 2 to ni.var.psp://localhost/OPC/OPC_LabView/HAVC/192_168_60_39/SCREW/9_1
142922:T510836_76:clear RESET SCREW
142922:T510836_76:No more clear, Wait for RESET to be '1'
142927:T510836_76:RESET is 1 now. FINISHED.
143045:T510836_76:SET 1 to ni.var.psp://localhost/OPC/OPC_LabView/HAVC/192_168_60_39/SCREW/9_1
143045:T510836_76:clear RESET SCREW
143045:T510836_76:No more clear, Wait for RESET to be '1'
143048:T510836_76:RESET is 1 now. FINISHED.
143100:T510836_77:SET 5 to ni.var.psp://localhost/OPC/OPC_LabView/HAVC/192_168_60_39/SCREW/9_1
143101:T510836_77:clear RESET SCREW
143101:T510836_77:No more clear, Wait for RESET to be '1'
143111:T510836_77:RESET is 1 now. FINISHED.
143119:T510836_77:SET 2 to ni.var.psp://localhost/OPC/OPC_LabView/HAVC/192_168_60_39/SCREW/9_1
143119:T510836_77:clear RESET SCREW
143120:T510836_77:No more clear, Wait for RESET to be '1'
143125:T510836_77:RESET is 1 now. FINISHED.
143134:T510836_77:SET 1 to ni.var.psp://localhost/OPC/OPC_LabView/HAVC/192_168_60_39/SCREW/9_1
143134:T510836_77:clear RESET SCREW
143134:T510836_77:No more clear, Wait for RESET to be '1'
143139:T510836_77:RESET is 1 now. FINISHED.
143206:T510836_78:SET 5 to ni.var.psp://localhost/OPC/OPC_LabView/HAVC/192_168_60_39/SCREW/9_1
143207:T510836_78:clear RESET SCREW
143207:T510836_78:No more clear, Wait for RESET to be '1'
143219:T510836_78:RESET is 1 now. FINISHED.
143226:T510836_78:SET 2 to ni.var.psp://localhost/OPC/OPC_LabView/HAVC/192_168_60_39/SCREW/9_1
143226:T510836_78:clear RESET SCREW
143226:T510836_78:No more clear, Wait for RESET to be '1'
143232:T510836_78:RESET is 1 now. FINISHED.
143241:T510836_78:SET 1 to ni.var.psp://localhost/OPC/OPC_LabView/HAVC/192_168_60_39/SCREW/9_1
143241:T510836_78:clear RESET SCREW
143241:T510836_78:No more clear, Wait for RESET to be '1'
143245:T510836_78:RESET is 1 now. FINISHED.
143402:T510836_79:SET 5 to ni.var.psp://localhost/OPC/OPC_LabView/HAVC/192_168_60_39/SCREW/9_1
143402:T510836_79:clear RESET SCREW
143402:T510836_79:No more clear, Wait for RESET to be '1'
143418:T510836_79:RESET is 1 now. FINISHED.
143426:T510836_79:SET 2 to ni.var.psp://localhost/OPC/OPC_LabView/HAVC/192_168_60_39/SCREW/9_1
143426:T510836_79:clear RESET SCREW
143427:T510836_79:No more clear, Wait for RESET to be '1'
143443:T510836_79:RESET is 1 now. FINISHED.
143448:T510836_79:SET 1 to ni.var.psp://localhost/OPC/OPC_LabView/HAVC/192_168_60_39/SCREW/9_1
143448:T510836_79:clear RESET SCREW
143448:T510836_79:No more clear, Wait for RESET to be '1'
143453:T510836_79:RESET is 1 now. FINISHED.
143513:T510836_80:SET 5 to ni.var.psp://localhost/OPC/OPC_LabView/HAVC/192_168_60_39/SCREW/9_1
143513:T510836_80:clear RESET SCREW
143513:T510836_80:No more clear, Wait for RESET to be '1'
143525:T510836_80:RESET is 1 now. FINISHED.
143530:T510836_80:SET 2 to ni.var.psp://localhost/OPC/OPC_LabView/HAVC/192_168_60_39/SCREW/9_1
143530:T510836_80:clear RESET SCREW
143530:T510836_80:No more clear, Wait for RESET to be '1'
143536:T510836_80:RESET is 1 now. FINISHED.
143541:T510836_80:SET 1 to ni.var.psp://localhost/OPC/OPC_LabView/HAVC/192_168_60_39/SCREW/9_1
143541:T510836_80:clear RESET SCREW
143542:T510836_80:No more clear, Wait for RESET to be '1'
143543:T510836_80:RESET is 1 now. FINISHED.
143614:T510836_81:SET 5 to ni.var.psp://localhost/OPC/OPC_LabView/HAVC/192_168_60_39/SCREW/9_1
143614:T510836_81:clear RESET SCREW
143614:T510836_81:No more clear, Wait for RESET to be '1'
143628:T510836_81:RESET is 1 now. FINISHED.
143636:T510836_81:SET 2 to ni.var.psp://localhost/OPC/OPC_LabView/HAVC/192_168_60_39/SCREW/9_1
143637:T510836_81:clear RESET SCREW
143637:T510836_81:No more clear, Wait for RESET to be '1'
143644:T510836_81:RESET is 1 now. FINISHED.
143648:T510836_81:SET 1 to ni.var.psp://localhost/OPC/OPC_LabView/HAVC/192_168_60_39/SCREW/9_1
143648:T510836_81:clear RESET SCREW
143648:T510836_81:No more clear, Wait for RESET to be '1'
143651:T510836_81:RESET is 1 now. FINISHED.
143708:T510836_82:SET 5 to ni.var.psp://localhost/OPC/OPC_LabView/HAVC/192_168_60_39/SCREW/9_1
143708:T510836_82:clear RESET SCREW
143708:T510836_82:No more clear, Wait for RESET to be '1'
143717:T510836_82:RESET is 1 now. FINISHED.
143723:T510836_82:SET 2 to ni.var.psp://localhost/OPC/OPC_LabView/HAVC/192_168_60_39/SCREW/9_1
143724:T510836_82:clear RESET SCREW
143724:T510836_82:No more clear, Wait for RESET to be '1'
143732:T510836_82:RESET is 1 now. FINISHED.
143735:T510836_82:SET 1 to ni.var.psp://localhost/OPC/OPC_LabView/HAVC/192_168_60_39/SCREW/9_1
143735:T510836_82:clear RESET SCREW
143736:T510836_82:No more clear, Wait for RESET to be '1'
143738:T510836_82:RESET is 1 now. FINISHED.
143759:T510836_83:SET 5 to ni.var.psp://localhost/OPC/OPC_LabView/HAVC/192_168_60_39/SCREW/9_1
143800:T510836_83:clear RESET SCREW
143800:T510836_83:No more clear, Wait for RESET to be '1'
143812:T510836_83:RESET is 1 now. FINISHED.
143820:T510836_83:SET 2 to ni.var.psp://localhost/OPC/OPC_LabView/HAVC/192_168_60_39/SCREW/9_1
143821:T510836_83:clear RESET SCREW
143821:T510836_83:No more clear, Wait for RESET to be '1'
143827:T510836_83:RESET is 1 now. FINISHED.
143832:T510836_83:SET 1 to ni.var.psp://localhost/OPC/OPC_LabView/HAVC/192_168_60_39/SCREW/9_1
143832:T510836_83:clear RESET SCREW
143833:T510836_83:No more clear, Wait for RESET to be '1'
143835:T510836_83:RESET is 1 now. FINISHED.
143928:T510836_84:SET 5 to ni.var.psp://localhost/OPC/OPC_LabView/HAVC/192_168_60_39/SCREW/9_1
143929:T510836_84:clear RESET SCREW
143929:T510836_84:No more clear, Wait for RESET to be '1'
143940:T510836_84:RESET is 1 now. FINISHED.
143944:T510836_84:SET 2 to ni.var.psp://localhost/OPC/OPC_LabView/HAVC/192_168_60_39/SCREW/9_1
143944:T510836_84:clear RESET SCREW
143944:T510836_84:No more clear, Wait for RESET to be '1'
143951:T510836_84:RESET is 1 now. FINISHED.
143956:T510836_84:SET 1 to ni.var.psp://localhost/OPC/OPC_LabView/HAVC/192_168_60_39/SCREW/9_1
143956:T510836_84:clear RESET SCREW
143957:T510836_84:No more clear, Wait for RESET to be '1'
144000:T510836_84:RESET is 1 now. FINISHED.
144035:T510836_85:SET 5 to ni.var.psp://localhost/OPC/OPC_LabView/HAVC/192_168_60_39/SCREW/9_1
144036:T510836_85:clear RESET SCREW
144036:T510836_85:No more clear, Wait for RESET to be '1'
144047:T510836_85:RESET is 1 now. FINISHED.
144056:T510836_85:SET 2 to ni.var.psp://localhost/OPC/OPC_LabView/HAVC/192_168_60_39/SCREW/9_1
144056:T510836_85:clear RESET SCREW
144056:T510836_85:No more clear, Wait for RESET to be '1'
144100:T510836_85:RESET is 1 now. FINISHED.
144104:T510836_85:SET 1 to ni.var.psp://localhost/OPC/OPC_LabView/HAVC/192_168_60_39/SCREW/9_1
144104:T510836_85:clear RESET SCREW
144104:T510836_85:No more clear, Wait for RESET to be '1'
144108:T510836_85:RESET is 1 now. FINISHED.
144122:T510836_86:SET 5 to ni.var.psp://localhost/OPC/OPC_LabView/HAVC/192_168_60_39/SCREW/9_1
144122:T510836_86:clear RESET SCREW
144122:T510836_86:No more clear, Wait for RESET to be '1'
144132:T510836_86:RESET is 1 now. FINISHED.
144605:T510836_86:SET 2 to ni.var.psp://localhost/OPC/OPC_LabView/HAVC/192_168_60_39/SCREW/9_1
144605:T510836_86:clear RESET SCREW
144606:T510836_86:No more clear, Wait for RESET to be '1'
144618:T510836_86:RESET is 1 now. FINISHED.
144623:T510836_86:SET 1 to ni.var.psp://localhost/OPC/OPC_LabView/HAVC/192_168_60_39/SCREW/9_1
144623:T510836_86:clear RESET SCREW
144624:T510836_86:No more clear, Wait for RESET to be '1'
144627:T510836_86:RESET is 1 now. FINISHED.
144649:T510836_87:SET 5 to ni.var.psp://localhost/OPC/OPC_LabView/HAVC/192_168_60_39/SCREW/9_1
144649:T510836_87:clear RESET SCREW
144649:T510836_87:No more clear, Wait for RESET to be '1'
144712:T510836_87:RESET is 1 now. FINISHED.
144717:T510836_87:SET 2 to ni.var.psp://localhost/OPC/OPC_LabView/HAVC/192_168_60_39/SCREW/9_1
144717:T510836_87:clear RESET SCREW
144717:T510836_87:No more clear, Wait for RESET to be '1'
144728:T510836_87:RESET is 1 now. FINISHED.
144733:T510836_87:SET 1 to ni.var.psp://localhost/OPC/OPC_LabView/HAVC/192_168_60_39/SCREW/9_1
144733:T510836_87:clear RESET SCREW
144733:T510836_87:No more clear, Wait for RESET to be '1'
144736:T510836_87:RESET is 1 now. FINISHED.
144806:T510836_88:SET 5 to ni.var.psp://localhost/OPC/OPC_LabView/HAVC/192_168_60_39/SCREW/9_1
144806:T510836_88:clear RESET SCREW
144807:T510836_88:No more clear, Wait for RESET to be '1'
144821:T510836_88:RESET is 1 now. FINISHED.
145145:T510836_88:SET 2 to ni.var.psp://localhost/OPC/OPC_LabView/HAVC/192_168_60_39/SCREW/9_1
145145:T510836_88:clear RESET SCREW
145146:T510836_88:No more clear, Wait for RESET to be '1'
145427:T510836_88:RESET is 1 now. FINISHED.
145432:T510836_88:SET 1 to ni.var.psp://localhost/OPC/OPC_LabView/HAVC/192_168_60_39/SCREW/9_1
145432:T510836_88:clear RESET SCREW
145433:T510836_88:No more clear, Wait for RESET to be '1'
145436:T510836_88:RESET is 1 now. FINISHED.
145454:T510836_89:SET 5 to ni.var.psp://localhost/OPC/OPC_LabView/HAVC/192_168_60_39/SCREW/9_1
145454:T510836_89:clear RESET SCREW
145455:T510836_89:No more clear, Wait for RESET to be '1'
145507:T510836_89:RESET is 1 now. FINISHED.
145511:T510836_89:SET 2 to ni.var.psp://localhost/OPC/OPC_LabView/HAVC/192_168_60_39/SCREW/9_1
145512:T510836_89:clear RESET SCREW
145512:T510836_89:No more clear, Wait for RESET to be '1'
145518:T510836_89:RESET is 1 now. FINISHED.
145522:T510836_89:SET 1 to ni.var.psp://localhost/OPC/OPC_LabView/HAVC/192_168_60_39/SCREW/9_1
145522:T510836_89:clear RESET SCREW
145522:T510836_89:No more clear, Wait for RESET to be '1'
145527:T510836_89:RESET is 1 now. FINISHED.
145616:T510836_90:SET 5 to ni.var.psp://localhost/OPC/OPC_LabView/HAVC/192_168_60_39/SCREW/9_1
145617:T510836_90:clear RESET SCREW
145617:T510836_90:No more clear, Wait for RESET to be '1'
145633:T510836_90:RESET is 1 now. FINISHED.
145639:T510836_90:SET 2 to ni.var.psp://localhost/OPC/OPC_LabView/HAVC/192_168_60_39/SCREW/9_1
145639:T510836_90:clear RESET SCREW
145639:T510836_90:No more clear, Wait for RESET to be '1'
145647:T510836_90:RESET is 1 now. FINISHED.
145653:T510836_90:SET 1 to ni.var.psp://localhost/OPC/OPC_LabView/HAVC/192_168_60_39/SCREW/9_1
145653:T510836_90:clear RESET SCREW
145653:T510836_90:No more clear, Wait for RESET to be '1'
145657:T510836_90:RESET is 1 now. FINISHED.
145709:T510836_91:SET 5 to ni.var.psp://localhost/OPC/OPC_LabView/HAVC/192_168_60_39/SCREW/9_1
145709:T510836_91:clear RESET SCREW
145709:T510836_91:No more clear, Wait for RESET to be '1'
145720:T510836_91:RESET is 1 now. FINISHED.
145727:T510836_91:SET 2 to ni.var.psp://localhost/OPC/OPC_LabView/HAVC/192_168_60_39/SCREW/9_1
145727:T510836_91:clear RESET SCREW
145727:T510836_91:No more clear, Wait for RESET to be '1'
145733:T510836_91:RESET is 1 now. FINISHED.
145737:T510836_91:SET 1 to ni.var.psp://localhost/OPC/OPC_LabView/HAVC/192_168_60_39/SCREW/9_1
145737:T510836_91:clear RESET SCREW
145738:T510836_91:No more clear, Wait for RESET to be '1'
145739:T510836_91:RESET is 1 now. FINISHED.
145752:T510836_92:SET 5 to ni.var.psp://localhost/OPC/OPC_LabView/HAVC/192_168_60_39/SCREW/9_1
145753:T510836_92:clear RESET SCREW
145753:T510836_92:No more clear, Wait for RESET to be '1'
145807:T510836_92:RESET is 1 now. FINISHED.
145844:T510836_92:SET 2 to ni.var.psp://localhost/OPC/OPC_LabView/HAVC/192_168_60_39/SCREW/9_1
145844:T510836_92:clear RESET SCREW
145844:T510836_92:No more clear, Wait for RESET to be '1'
145857:T510836_92:RESET is 1 now. FINISHED.
145902:T510836_92:SET 1 to ni.var.psp://localhost/OPC/OPC_LabView/HAVC/192_168_60_39/SCREW/9_1
145902:T510836_92:clear RESET SCREW
145902:T510836_92:No more clear, Wait for RESET to be '1'
145906:T510836_92:RESET is 1 now. FINISHED.
153645:T510836_98:SET 5 to ni.var.psp://localhost/OPC/OPC_LabView/HAVC/192_168_60_39/SCREW/9_1
153645:T510836_98:clear RESET SCREW
153645:T510836_98:No more clear, Wait for RESET to be '1'
153646:T510836_98:RESET is 1 now. FINISHED.
153648:T510836_98:SET 2 to ni.var.psp://localhost/OPC/OPC_LabView/HAVC/192_168_60_39/SCREW/9_1
153648:T510836_98:clear RESET SCREW
153649:T510836_98:No more clear, Wait for RESET to be '1'
153649:T510836_98:RESET is 1 now. FINISHED.
153651:T510836_98:SET 1 to ni.var.psp://localhost/OPC/OPC_LabView/HAVC/192_168_60_39/SCREW/9_1
153651:T510836_98:clear RESET SCREW
153652:T510836_98:No more clear, Wait for RESET to be '1'
153652:T510836_98:RESET is 1 now. FINISHED.
153724:T510836_99:SET 5 to ni.var.psp://localhost/OPC/OPC_LabView/HAVC/192_168_60_39/SCREW/9_1
153724:T510836_99:clear RESET SCREW
153724:T510836_99:No more clear, Wait for RESET to be '1'
153725:T510836_99:RESET is 1 now. FINISHED.
153727:T510836_99:SET 2 to ni.var.psp://localhost/OPC/OPC_LabView/HAVC/192_168_60_39/SCREW/9_1
153727:T510836_99:clear RESET SCREW
153727:T510836_99:No more clear, Wait for RESET to be '1'
153728:T510836_99:RESET is 1 now. FINISHED.
153730:T510836_99:SET 1 to ni.var.psp://localhost/OPC/OPC_LabView/HAVC/192_168_60_39/SCREW/9_1
153730:T510836_99:clear RESET SCREW
153731:T510836_99:No more clear, Wait for RESET to be '1'
153732:T510836_99:RESET is 1 now. FINISHED.
153747:T510836_100:SET 5 to ni.var.psp://localhost/OPC/OPC_LabView/HAVC/192_168_60_39/SCREW/9_1
153747:T510836_100:clear RESET SCREW
153748:T510836_100:No more clear, Wait for RESET to be '1'
153749:T510836_100:RESET is 1 now. FINISHED.
153751:T510836_100:SET 2 to ni.var.psp://localhost/OPC/OPC_LabView/HAVC/192_168_60_39/SCREW/9_1
153751:T510836_100:clear RESET SCREW
153751:T510836_100:No more clear, Wait for RESET to be '1'
153752:T510836_100:RESET is 1 now. FINISHED.
153754:T510836_100:SET 1 to ni.var.psp://localhost/OPC/OPC_LabView/HAVC/192_168_60_39/SCREW/9_1
153754:T510836_100:clear RESET SCREW
153754:T510836_100:No more clear, Wait for RESET to be '1'
153755:T510836_100:RESET is 1 now. FINISHED.
153812:T510836_101:SET 5 to ni.var.psp://localhost/OPC/OPC_LabView/HAVC/192_168_60_39/SCREW/9_1
153812:T510836_101:clear RESET SCREW
153812:T510836_101:No more clear, Wait for RESET to be '1'
153812:T510836_101:RESET is 1 now. FINISHED.
153815:T510836_101:SET 2 to ni.var.psp://localhost/OPC/OPC_LabView/HAVC/192_168_60_39/SCREW/9_1
153815:T510836_101:clear RESET SCREW
153815:T510836_101:No more clear, Wait for RESET to be '1'
153815:T510836_101:RESET is 1 now. FINISHED.
153817:T510836_101:SET 1 to ni.var.psp://localhost/OPC/OPC_LabView/HAVC/192_168_60_39/SCREW/9_1
153818:T510836_101:clear RESET SCREW
153818:T510836_101:No more clear, Wait for RESET to be '1'
153818:T510836_101:RESET is 1 now. FINISHED.
154208:T510836_102:SET 5 to ni.var.psp://localhost/OPC/OPC_LabView/HAVC/192_168_60_39/SCREW/9_1
154208:T510836_102:clear RESET SCREW
154208:T510836_102:No more clear, Wait for RESET to be '1'
154209:T510836_102:RESET is 1 now. FINISHED.
154211:T510836_102:SET 2 to ni.var.psp://localhost/OPC/OPC_LabView/HAVC/192_168_60_39/SCREW/9_1
154211:T510836_102:clear RESET SCREW
154211:T510836_102:No more clear, Wait for RESET to be '1'
154212:T510836_102:RESET is 1 now. FINISHED.
154214:T510836_102:SET 1 to ni.var.psp://localhost/OPC/OPC_LabView/HAVC/192_168_60_39/SCREW/9_1
154214:T510836_102:clear RESET SCREW
154214:T510836_102:No more clear, Wait for RESET to be '1'
154215:T510836_102:RESET is 1 now. FINISHED.
154238:T510836_103:SET 5 to ni.var.psp://localhost/OPC/OPC_LabView/HAVC/192_168_60_39/SCREW/9_1
154238:T510836_103:clear RESET SCREW
154238:T510836_103:No more clear, Wait for RESET to be '1'
154239:T510836_103:RESET is 1 now. FINISHED.
154241:T510836_103:SET 2 to ni.var.psp://localhost/OPC/OPC_LabView/HAVC/192_168_60_39/SCREW/9_1
154241:T510836_103:clear RESET SCREW
154242:T510836_103:No more clear, Wait for RESET to be '1'
154243:T510836_103:RESET is 1 now. FINISHED.
154245:T510836_103:SET 1 to ni.var.psp://localhost/OPC/OPC_LabView/HAVC/192_168_60_39/SCREW/9_1
154245:T510836_103:clear RESET SCREW
154245:T510836_103:No more clear, Wait for RESET to be '1'
154245:T510836_103:RESET is 1 now. FINISHED.
171304:T510837_1:SET 5 to ni.var.psp://localhost/OPC/OPC_LabView/HAVC/192_168_60_39/SCREW/9_1
171305:T510837_1:clear RESET SCREW
171305:T510837_1:No more clear, Wait for RESET to be '1'
171305:T510837_1:RESET is 1 now. FINISHED.
171307:T510837_1:SET 1 to ni.var.psp://localhost/OPC/OPC_LabView/HAVC/192_168_60_39/SCREW/9_1
171308:T510837_1:clear RESET SCREW
171308:T510837_1:No more clear, Wait for RESET to be '1'
171308:T510837_1:RESET is 1 now. FINISHED.
171756:T510837_2:SET 5 to ni.var.psp://localhost/OPC/OPC_LabView/HAVC/192_168_60_39/SCREW/9_1
171756:T510837_2:clear RESET SCREW
171757:T510837_2:No more clear, Wait for RESET to be '1'
171757:T510837_2:RESET is 1 now. FINISHED.
171759:T510837_2:SET 1 to ni.var.psp://localhost/OPC/OPC_LabView/HAVC/192_168_60_39/SCREW/9_1
171759:T510837_2:clear RESET SCREW
171800:T510837_2:No more clear, Wait for RESET to be '1'
171800:T510837_2:RESET is 1 now. FINISHED.
171933:T510836_107:SET 5 to ni.var.psp://localhost/OPC/OPC_LabView/HAVC/192_168_60_39/SCREW/9_1
171933:T510836_107:clear RESET SCREW
171933:T510836_107:No more clear, Wait for RESET to be '1'
171934:T510836_107:RESET is 1 now. FINISHED.
171936:T510836_107:SET 2 to ni.var.psp://localhost/OPC/OPC_LabView/HAVC/192_168_60_39/SCREW/9_1
171937:T510836_107:clear RESET SCREW
171937:T510836_107:No more clear, Wait for RESET to be '1'
171937:T510836_107:RESET is 1 now. FINISHED.
171939:T510836_107:SET 1 to ni.var.psp://localhost/OPC/OPC_LabView/HAVC/192_168_60_39/SCREW/9_1
171939:T510836_107:clear RESET SCREW
171939:T510836_107:No more clear, Wait for RESET to be '1'
171940:T510836_107:RESET is 1 now. FINISHED.
172000:T510836_108:SET 5 to ni.var.psp://localhost/OPC/OPC_LabView/HAVC/192_168_60_39/SCREW/9_1
172000:T510836_108:clear RESET SCREW
172000:T510836_108:No more clear, Wait for RESET to be '1'
172001:T510836_108:RESET is 1 now. FINISHED.
172004:T510836_108:SET 2 to ni.var.psp://localhost/OPC/OPC_LabView/HAVC/192_168_60_39/SCREW/9_1
172005:T510836_108:clear RESET SCREW
172005:T510836_108:No more clear, Wait for RESET to be '1'
172005:T510836_108:RESET is 1 now. FINISHED.
172007:T510836_108:SET 1 to ni.var.psp://localhost/OPC/OPC_LabView/HAVC/192_168_60_39/SCREW/9_1
172008:T510836_108:clear RESET SCREW
172009:T510836_108:No more clear, Wait for RESET to be '1'
172010:T510836_108:RESET is 1 now. FINISHED.
172056:T510836_109:SET 5 to ni.var.psp://localhost/OPC/OPC_LabView/HAVC/192_168_60_39/SCREW/9_1
172056:T510836_109:clear RESET SCREW
172056:T510836_109:No more clear, Wait for RESET to be '1'
172057:T510836_109:RESET is 1 now. FINISHED.
172059:T510836_109:SET 2 to ni.var.psp://localhost/OPC/OPC_LabView/HAVC/192_168_60_39/SCREW/9_1
172100:T510836_109:clear RESET SCREW
172100:T510836_109:No more clear, Wait for RESET to be '1'
172100:T510836_109:RESET is 1 now. FINISHED.
172103:T510836_109:SET 1 to ni.var.psp://localhost/OPC/OPC_LabView/HAVC/192_168_60_39/SCREW/9_1
172103:T510836_109:clear RESET SCREW
172103:T510836_109:No more clear, Wait for RESET to be '1'
172104:T510836_109:RESET is 1 now. FINISHED.
172132:T510836_110:SET 5 to ni.var.psp://localhost/OPC/OPC_LabView/HAVC/192_168_60_39/SCREW/9_1
172132:T510836_110:clear RESET SCREW
172132:T510836_110:No more clear, Wait for RESET to be '1'
172133:T510836_110:RESET is 1 now. FINISHED.
172135:T510836_110:SET 2 to ni.var.psp://localhost/OPC/OPC_LabView/HAVC/192_168_60_39/SCREW/9_1
172136:T510836_110:clear RESET SCREW
172136:T510836_110:No more clear, Wait for RESET to be '1'
172136:T510836_110:RESET is 1 now. FINISHED.
172138:T510836_110:SET 1 to ni.var.psp://localhost/OPC/OPC_LabView/HAVC/192_168_60_39/SCREW/9_1
172138:T510836_110:clear RESET SCREW
172139:T510836_110:No more clear, Wait for RESET to be '1'
172139:T510836_110:RESET is 1 now. FINISHED.
172441:T510836_111:SET 5 to ni.var.psp://localhost/OPC/OPC_LabView/HAVC/192_168_60_39/SCREW/9_1
172441:T510836_111:clear RESET SCREW
172442:T510836_111:No more clear, Wait for RESET to be '1'
172443:T510836_111:RESET is 1 now. FINISHED.
172445:T510836_111:SET 2 to ni.var.psp://localhost/OPC/OPC_LabView/HAVC/192_168_60_39/SCREW/9_1
172445:T510836_111:clear RESET SCREW
172447:T510836_111:No more clear, Wait for RESET to be '1'
172447:T510836_111:RESET is 1 now. FINISHED.
172449:T510836_111:SET 1 to ni.var.psp://localhost/OPC/OPC_LabView/HAVC/192_168_60_39/SCREW/9_1
172449:T510836_111:clear RESET SCREW
172450:T510836_111:No more clear, Wait for RESET to be '1'
172451:T510836_111:RESET is 1 now. FINISHED.
172621:T510836_112:SET 5 to ni.var.psp://localhost/OPC/OPC_LabView/HAVC/192_168_60_39/SCREW/9_1
172621:T510836_112:clear RESET SCREW
172621:T510836_112:No more clear, Wait for RESET to be '1'
172651:T510836_112:RESET is 1 now. FINISHED.
174637:T510837_3:SET 5 to ni.var.psp://localhost/OPC/OPC_LabView/HAVC/192_168_60_39/SCREW/9_1
174637:T510837_3:clear RESET SCREW
174637:T510837_3:No more clear, Wait for RESET to be '1'
174654:T510837_3:RESET is 1 now. FINISHED.
174657:T510837_3:SET 1 to ni.var.psp://localhost/OPC/OPC_LabView/HAVC/192_168_60_39/SCREW/9_1
174657:T510837_3:clear RESET SCREW
174658:T510837_3:No more clear, Wait for RESET to be '1'
174701:T510837_3:RESET is 1 now. FINISHED.
174728:T510837_4:SET 5 to ni.var.psp://localhost/OPC/OPC_LabView/HAVC/192_168_60_39/SCREW/9_1
174728:T510837_4:clear RESET SCREW
174728:T510837_4:No more clear, Wait for RESET to be '1'
174739:T510837_4:RESET is 1 now. FINISHED.
174743:T510837_4:SET 1 to ni.var.psp://localhost/OPC/OPC_LabView/HAVC/192_168_60_39/SCREW/9_1
174743:T510837_4:clear RESET SCREW
174744:T510837_4:No more clear, Wait for RESET to be '1'
174746:T510837_4:RESET is 1 now. FINISHED.
174818:T510837_5:SET 5 to ni.var.psp://localhost/OPC/OPC_LabView/HAVC/192_168_60_39/SCREW/9_1
174818:T510837_5:clear RESET SCREW
174818:T510837_5:No more clear, Wait for RESET to be '1'
174830:T510837_5:RESET is 1 now. FINISHED.
174835:T510837_5:SET 1 to ni.var.psp://localhost/OPC/OPC_LabView/HAVC/192_168_60_39/SCREW/9_1
174835:T510837_5:clear RESET SCREW
174835:T510837_5:No more clear, Wait for RESET to be '1'
174840:T510837_5:RESET is 1 now. FINISHED.
174915:T510837_6:SET 5 to ni.var.psp://localhost/OPC/OPC_LabView/HAVC/192_168_60_39/SCREW/9_1
174915:T510837_6:clear RESET SCREW
174915:T510837_6:No more clear, Wait for RESET to be '1'
174925:T510837_6:RESET is 1 now. FINISHED.
174930:T510837_6:SET 1 to ni.var.psp://localhost/OPC/OPC_LabView/HAVC/192_168_60_39/SCREW/9_1
174930:T510837_6:clear RESET SCREW
174930:T510837_6:No more clear, Wait for RESET to be '1'
174933:T510837_6:RESET is 1 now. FINISHED.
174947:T510837_7:SET 5 to ni.var.psp://localhost/OPC/OPC_LabView/HAVC/192_168_60_39/SCREW/9_1
174947:T510837_7:clear RESET SCREW
174947:T510837_7:No more clear, Wait for RESET to be '1'
174955:T510837_7:RESET is 1 now. FINISHED.
174959:T510837_7:SET 1 to ni.var.psp://localhost/OPC/OPC_LabView/HAVC/192_168_60_39/SCREW/9_1
175000:T510837_7:clear RESET SCREW
175000:T510837_7:No more clear, Wait for RESET to be '1'
175002:T510837_7:RESET is 1 now. FINISHED.
175016:T510837_8:SET 5 to ni.var.psp://localhost/OPC/OPC_LabView/HAVC/192_168_60_39/SCREW/9_1
175017:T510837_8:clear RESET SCREW
175017:T510837_8:No more clear, Wait for RESET to be '1'
175027:T510837_8:RESET is 1 now. FINISHED.
175031:T510837_8:SET 1 to ni.var.psp://localhost/OPC/OPC_LabView/HAVC/192_168_60_39/SCREW/9_1
175031:T510837_8:clear RESET SCREW
175031:T510837_8:No more clear, Wait for RESET to be '1'
175034:T510837_8:RESET is 1 now. FINISHED.
175107:T510837_9:SET 5 to ni.var.psp://localhost/OPC/OPC_LabView/HAVC/192_168_60_39/SCREW/9_1
175107:T510837_9:clear RESET SCREW
175107:T510837_9:No more clear, Wait for RESET to be '1'
175118:T510837_9:RESET is 1 now. FINISHED.
175127:T510837_9:SET 1 to ni.var.psp://localhost/OPC/OPC_LabView/HAVC/192_168_60_39/SCREW/9_1
175127:T510837_9:clear RESET SCREW
175128:T510837_9:No more clear, Wait for RESET to be '1'
175132:T510837_9:RESET is 1 now. FINISHED.
175157:T510837_10:SET 5 to ni.var.psp://localhost/OPC/OPC_LabView/HAVC/192_168_60_39/SCREW/9_1
175157:T510837_10:clear RESET SCREW
175157:T510837_10:No more clear, Wait for RESET to be '1'
175211:T510837_10:RESET is 1 now. FINISHED.
175215:T510837_10:SET 1 to ni.var.psp://localhost/OPC/OPC_LabView/HAVC/192_168_60_39/SCREW/9_1
175216:T510837_10:clear RESET SCREW
175216:T510837_10:No more clear, Wait for RESET to be '1'
175219:T510837_10:RESET is 1 now. FINISHED.
175239:T510837_11:SET 5 to ni.var.psp://localhost/OPC/OPC_LabView/HAVC/192_168_60_39/SCREW/9_1
175240:T510837_11:clear RESET SCREW
175240:T510837_11:No more clear, Wait for RESET to be '1'
175251:T510837_11:RESET is 1 now. FINISHED.
175255:T510837_11:SET 1 to ni.var.psp://localhost/OPC/OPC_LabView/HAVC/192_168_60_39/SCREW/9_1
175255:T510837_11:clear RESET SCREW
175256:T510837_11:No more clear, Wait for RESET to be '1'
175300:T510837_11:RESET is 1 now. FINISHED.
175323:T510837_12:SET 5 to ni.var.psp://localhost/OPC/OPC_LabView/HAVC/192_168_60_39/SCREW/9_1
175323:T510837_12:clear RESET SCREW
175323:T510837_12:No more clear, Wait for RESET to be '1'
175336:T510837_12:RESET is 1 now. FINISHED.
175341:T510837_12:SET 1 to ni.var.psp://localhost/OPC/OPC_LabView/HAVC/192_168_60_39/SCREW/9_1
175341:T510837_12:clear RESET SCREW
175341:T510837_12:No more clear, Wait for RESET to be '1'
175344:T510837_12:RESET is 1 now. FINISHED.
175512:T510837_13:SET 5 to ni.var.psp://localhost/OPC/OPC_LabView/HAVC/192_168_60_39/SCREW/9_1
175513:T510837_13:clear RESET SCREW
175513:T510837_13:No more clear, Wait for RESET to be '1'
175524:T510837_13:RESET is 1 now. FINISHED.
175528:T510837_13:SET 1 to ni.var.psp://localhost/OPC/OPC_LabView/HAVC/192_168_60_39/SCREW/9_1
175529:T510837_13:clear RESET SCREW
175529:T510837_13:No more clear, Wait for RESET to be '1'
175531:T510837_13:RESET is 1 now. FINISHED.
182505:T510837_14:SET 5 to ni.var.psp://localhost/OPC/OPC_LabView/HAVC/192_168_60_39/SCREW/9_1
182505:T510837_14:clear RESET SCREW
182506:T510837_14:No more clear, Wait for RESET to be '1'
182517:T510837_14:RESET is 1 now. FINISHED.
182521:T510837_14:SET 1 to ni.var.psp://localhost/OPC/OPC_LabView/HAVC/192_168_60_39/SCREW/9_1
182521:T510837_14:clear RESET SCREW
182522:T510837_14:No more clear, Wait for RESET to be '1'
182527:T510837_14:RESET is 1 now. FINISHED.
182546:T510837_15:SET 5 to ni.var.psp://localhost/OPC/OPC_LabView/HAVC/192_168_60_39/SCREW/9_1
182546:T510837_15:clear RESET SCREW
182546:T510837_15:No more clear, Wait for RESET to be '1'
182555:T510837_15:RESET is 1 now. FINISHED.
182559:T510837_15:SET 1 to ni.var.psp://localhost/OPC/OPC_LabView/HAVC/192_168_60_39/SCREW/9_1
182559:T510837_15:clear RESET SCREW
182600:T510837_15:No more clear, Wait for RESET to be '1'
182601:T510837_15:RESET is 1 now. FINISHED.
182612:T510837_16:SET 5 to ni.var.psp://localhost/OPC/OPC_LabView/HAVC/192_168_60_39/SCREW/9_1
182612:T510837_16:clear RESET SCREW
182612:T510837_16:No more clear, Wait for RESET to be '1'
182620:T510837_16:RESET is 1 now. FINISHED.
182624:T510837_16:SET 1 to ni.var.psp://localhost/OPC/OPC_LabView/HAVC/192_168_60_39/SCREW/9_1
182624:T510837_16:clear RESET SCREW
182625:T510837_16:No more clear, Wait for RESET to be '1'
182626:T510837_16:RESET is 1 now. FINISHED.
182654:T510837_17:SET 5 to ni.var.psp://localhost/OPC/OPC_LabView/HAVC/192_168_60_39/SCREW/9_1
182654:T510837_17:clear RESET SCREW
182655:T510837_17:No more clear, Wait for RESET to be '1'
182705:T510837_17:RESET is 1 now. FINISHED.
182710:T510837_17:SET 1 to ni.var.psp://localhost/OPC/OPC_LabView/HAVC/192_168_60_39/SCREW/9_1
182710:T510837_17:clear RESET SCREW
182710:T510837_17:No more clear, Wait for RESET to be '1'
182717:T510837_17:RESET is 1 now. FINISHED.
182758:T510837_18:SET 5 to ni.var.psp://localhost/OPC/OPC_LabView/HAVC/192_168_60_39/SCREW/9_1
182758:T510837_18:clear RESET SCREW
182758:T510837_18:No more clear, Wait for RESET to be '1'
182810:T510837_18:RESET is 1 now. FINISHED.
182814:T510837_18:SET 1 to ni.var.psp://localhost/OPC/OPC_LabView/HAVC/192_168_60_39/SCREW/9_1
182814:T510837_18:clear RESET SCREW
182815:T510837_18:No more clear, Wait for RESET to be '1'
182819:T510837_18:RESET is 1 now. FINISHED.
182853:T510837_19:SET 5 to ni.var.psp://localhost/OPC/OPC_LabView/HAVC/192_168_60_39/SCREW/9_1
182853:T510837_19:clear RESET SCREW
182853:T510837_19:No more clear, Wait for RESET to be '1'
182904:T510837_19:RESET is 1 now. FINISHED.
182908:T510837_19:SET 1 to ni.var.psp://localhost/OPC/OPC_LabView/HAVC/192_168_60_39/SCREW/9_1
182909:T510837_19:clear RESET SCREW
182909:T510837_19:No more clear, Wait for RESET to be '1'
182913:T510837_19:RESET is 1 now. FINISHED.
183007:T510837_20:SET 5 to ni.var.psp://localhost/OPC/OPC_LabView/HAVC/192_168_60_39/SCREW/9_1
183008:T510837_20:clear RESET SCREW
183008:T510837_20:No more clear, Wait for RESET to be '1'
183019:T510837_20:RESET is 1 now. FINISHED.
183024:T510837_20:SET 1 to ni.var.psp://localhost/OPC/OPC_LabView/HAVC/192_168_60_39/SCREW/9_1
183024:T510837_20:clear RESET SCREW
183024:T510837_20:No more clear, Wait for RESET to be '1'
183027:T510837_20:RESET is 1 now. FINISHED.
183049:T510837_21:SET 5 to ni.var.psp://localhost/OPC/OPC_LabView/HAVC/192_168_60_39/SCREW/9_1
183049:T510837_21:clear RESET SCREW
183049:T510837_21:No more clear, Wait for RESET to be '1'
183107:T510837_21:RESET is 1 now. FINISHED.
183111:T510837_21:SET 1 to ni.var.psp://localhost/OPC/OPC_LabView/HAVC/192_168_60_39/SCREW/9_1
183111:T510837_21:clear RESET SCREW
183111:T510837_21:No more clear, Wait for RESET to be '1'
183114:T510837_21:RESET is 1 now. FINISHED.
183135:T510837_22:SET 5 to ni.var.psp://localhost/OPC/OPC_LabView/HAVC/192_168_60_39/SCREW/9_1
183135:T510837_22:clear RESET SCREW
183135:T510837_22:No more clear, Wait for RESET to be '1'
183145:T510837_22:RESET is 1 now. FINISHED.
183149:T510837_22:SET 1 to ni.var.psp://localhost/OPC/OPC_LabView/HAVC/192_168_60_39/SCREW/9_1
183150:T510837_22:clear RESET SCREW
183150:T510837_22:No more clear, Wait for RESET to be '1'
183155:T510837_22:RESET is 1 now. FINISHED.
183213:T510837_23:SET 5 to ni.var.psp://localhost/OPC/OPC_LabView/HAVC/192_168_60_39/SCREW/9_1
183213:T510837_23:clear RESET SCREW
183214:T510837_23:No more clear, Wait for RESET to be '1'
183227:T510837_23:RESET is 1 now. FINISHED.
183232:T510837_23:SET 1 to ni.var.psp://localhost/OPC/OPC_LabView/HAVC/192_168_60_39/SCREW/9_1
183232:T510837_23:clear RESET SCREW
183232:T510837_23:No more clear, Wait for RESET to be '1'
183236:T510837_23:RESET is 1 now. FINISHED.
183323:T510837_24:SET 5 to ni.var.psp://localhost/OPC/OPC_LabView/HAVC/192_168_60_39/SCREW/9_1
183324:T510837_24:clear RESET SCREW
183324:T510837_24:No more clear, Wait for RESET to be '1'
183335:T510837_24:RESET is 1 now. FINISHED.
183340:T510837_24:SET 1 to ni.var.psp://localhost/OPC/OPC_LabView/HAVC/192_168_60_39/SCREW/9_1
183340:T510837_24:clear RESET SCREW
183340:T510837_24:No more clear, Wait for RESET to be '1'
183343:T510837_24:RESET is 1 now. FINISHED.
183406:T510837_25:SET 5 to ni.var.psp://localhost/OPC/OPC_LabView/HAVC/192_168_60_39/SCREW/9_1
183406:T510837_25:clear RESET SCREW
183406:T510837_25:No more clear, Wait for RESET to be '1'
183414:T510837_25:RESET is 1 now. FINISHED.
183418:T510837_25:SET 1 to ni.var.psp://localhost/OPC/OPC_LabView/HAVC/192_168_60_39/SCREW/9_1
183418:T510837_25:clear RESET SCREW
183418:T510837_25:No more clear, Wait for RESET to be '1'
183420:T510837_25:RESET is 1 now. FINISHED.
183434:T510837_26:SET 5 to ni.var.psp://localhost/OPC/OPC_LabView/HAVC/192_168_60_39/SCREW/9_1
183434:T510837_26:clear RESET SCREW
183435:T510837_26:No more clear, Wait for RESET to be '1'
183448:T510837_26:RESET is 1 now. FINISHED.
183453:T510837_26:SET 1 to ni.var.psp://localhost/OPC/OPC_LabView/HAVC/192_168_60_39/SCREW/9_1
183453:T510837_26:clear RESET SCREW
183453:T510837_26:No more clear, Wait for RESET to be '1'
183456:T510837_26:RESET is 1 now. FINISHED.
183511:T510837_27:SET 5 to ni.var.psp://localhost/OPC/OPC_LabView/HAVC/192_168_60_39/SCREW/9_1
183512:T510837_27:clear RESET SCREW
183512:T510837_27:No more clear, Wait for RESET to be '1'
183528:T510837_27:RESET is 1 now. FINISHED.
183535:T510837_27:SET 1 to ni.var.psp://localhost/OPC/OPC_LabView/HAVC/192_168_60_39/SCREW/9_1
183535:T510837_27:clear RESET SCREW
183535:T510837_27:No more clear, Wait for RESET to be '1'
183538:T510837_27:RESET is 1 now. FINISHED.
183554:T510837_28:SET 5 to ni.var.psp://localhost/OPC/OPC_LabView/HAVC/192_168_60_39/SCREW/9_1
183554:T510837_28:clear RESET SCREW
183554:T510837_28:No more clear, Wait for RESET to be '1'
183604:T510837_28:RESET is 1 now. FINISHED.
183608:T510837_28:SET 1 to ni.var.psp://localhost/OPC/OPC_LabView/HAVC/192_168_60_39/SCREW/9_1
183608:T510837_28:clear RESET SCREW
183608:T510837_28:No more clear, Wait for RESET to be '1'
183612:T510837_28:RESET is 1 now. FINISHED.
183646:T510837_29:SET 5 to ni.var.psp://localhost/OPC/OPC_LabView/HAVC/192_168_60_39/SCREW/9_1
183646:T510837_29:clear RESET SCREW
183646:T510837_29:No more clear, Wait for RESET to be '1'
183658:T510837_29:RESET is 1 now. FINISHED.
183703:T510837_29:SET 1 to ni.var.psp://localhost/OPC/OPC_LabView/HAVC/192_168_60_39/SCREW/9_1
183703:T510837_29:clear RESET SCREW
183704:T510837_29:No more clear, Wait for RESET to be '1'
183708:T510837_29:RESET is 1 now. FINISHED.
183735:T510837_30:SET 5 to ni.var.psp://localhost/OPC/OPC_LabView/HAVC/192_168_60_39/SCREW/9_1
183735:T510837_30:clear RESET SCREW
183735:T510837_30:No more clear, Wait for RESET to be '1'
183749:T510837_30:RESET is 1 now. FINISHED.
183754:T510837_30:SET 1 to ni.var.psp://localhost/OPC/OPC_LabView/HAVC/192_168_60_39/SCREW/9_1
183754:T510837_30:clear RESET SCREW
183755:T510837_30:No more clear, Wait for RESET to be '1'
183757:T510837_30:RESET is 1 now. FINISHED.
183817:T510837_31:SET 5 to ni.var.psp://localhost/OPC/OPC_LabView/HAVC/192_168_60_39/SCREW/9_1
183817:T510837_31:clear RESET SCREW
183817:T510837_31:No more clear, Wait for RESET to be '1'
183837:T510837_31:RESET is 1 now. FINISHED.
183841:T510837_31:SET 1 to ni.var.psp://localhost/OPC/OPC_LabView/HAVC/192_168_60_39/SCREW/9_1
183841:T510837_31:clear RESET SCREW
183841:T510837_31:No more clear, Wait for RESET to be '1'
183844:T510837_31:RESET is 1 now. FINISHED.
183910:T510837_32:SET 5 to ni.var.psp://localhost/OPC/OPC_LabView/HAVC/192_168_60_39/SCREW/9_1
183910:T510837_32:clear RESET SCREW
183910:T510837_32:No more clear, Wait for RESET to be '1'
183926:T510837_32:RESET is 1 now. FINISHED.
183932:T510837_32:SET 1 to ni.var.psp://localhost/OPC/OPC_LabView/HAVC/192_168_60_39/SCREW/9_1
183932:T510837_32:clear RESET SCREW
183932:T510837_32:No more clear, Wait for RESET to be '1'
183936:T510837_32:RESET is 1 now. FINISHED.
184014:T510837_33:SET 5 to ni.var.psp://localhost/OPC/OPC_LabView/HAVC/192_168_60_39/SCREW/9_1
184014:T510837_33:clear RESET SCREW
184014:T510837_33:No more clear, Wait for RESET to be '1'
184027:T510837_33:RESET is 1 now. FINISHED.
184031:T510837_33:SET 1 to ni.var.psp://localhost/OPC/OPC_LabView/HAVC/192_168_60_39/SCREW/9_1
184031:T510837_33:clear RESET SCREW
184031:T510837_33:No more clear, Wait for RESET to be '1'
184034:T510837_33:RESET is 1 now. FINISHED.
184134:T510837_34:SET 5 to ni.var.psp://localhost/OPC/OPC_LabView/HAVC/192_168_60_39/SCREW/9_1
184135:T510837_34:clear RESET SCREW
184135:T510837_34:No more clear, Wait for RESET to be '1'
184142:T510837_34:RESET is 1 now. FINISHED.
184145:T510837_34:SET 1 to ni.var.psp://localhost/OPC/OPC_LabView/HAVC/192_168_60_39/SCREW/9_1
184146:T510837_34:clear RESET SCREW
184146:T510837_34:No more clear, Wait for RESET to be '1'
184148:T510837_34:RESET is 1 now. FINISHED.
184208:T510837_35:SET 5 to ni.var.psp://localhost/OPC/OPC_LabView/HAVC/192_168_60_39/SCREW/9_1
184208:T510837_35:clear RESET SCREW
184208:T510837_35:No more clear, Wait for RESET to be '1'
184218:T510837_35:RESET is 1 now. FINISHED.
184222:T510837_35:SET 1 to ni.var.psp://localhost/OPC/OPC_LabView/HAVC/192_168_60_39/SCREW/9_1
184223:T510837_35:clear RESET SCREW
184223:T510837_35:No more clear, Wait for RESET to be '1'
184225:T510837_35:RESET is 1 now. FINISHED.
184243:T510837_36:SET 5 to ni.var.psp://localhost/OPC/OPC_LabView/HAVC/192_168_60_39/SCREW/9_1
184244:T510837_36:clear RESET SCREW
184244:T510837_36:No more clear, Wait for RESET to be '1'
184300:T510837_36:RESET is 1 now. FINISHED.
184304:T510837_36:SET 1 to ni.var.psp://localhost/OPC/OPC_LabView/HAVC/192_168_60_39/SCREW/9_1
184305:T510837_36:clear RESET SCREW
184305:T510837_36:No more clear, Wait for RESET to be '1'
184308:T510837_36:RESET is 1 now. FINISHED.
184335:T510837_37:SET 5 to ni.var.psp://localhost/OPC/OPC_LabView/HAVC/192_168_60_39/SCREW/9_1
184336:T510837_37:clear RESET SCREW
184336:T510837_37:No more clear, Wait for RESET to be '1'
184347:T510837_37:RESET is 1 now. FINISHED.
184352:T510837_37:SET 1 to ni.var.psp://localhost/OPC/OPC_LabView/HAVC/192_168_60_39/SCREW/9_1
184352:T510837_37:clear RESET SCREW
184352:T510837_37:No more clear, Wait for RESET to be '1'
184356:T510837_37:RESET is 1 now. FINISHED.
184426:T510837_38:SET 5 to ni.var.psp://localhost/OPC/OPC_LabView/HAVC/192_168_60_39/SCREW/9_1
184427:T510837_38:clear RESET SCREW
184428:T510837_38:No more clear, Wait for RESET to be '1'
184438:T510837_38:RESET is 1 now. FINISHED.
184441:T510837_38:SET 1 to ni.var.psp://localhost/OPC/OPC_LabView/HAVC/192_168_60_39/SCREW/9_1
184442:T510837_38:clear RESET SCREW
184442:T510837_38:No more clear, Wait for RESET to be '1'
184446:T510837_38:RESET is 1 now. FINISHED.
184503:T510837_39:SET 5 to ni.var.psp://localhost/OPC/OPC_LabView/HAVC/192_168_60_39/SCREW/9_1
184503:T510837_39:clear RESET SCREW
184503:T510837_39:No more clear, Wait for RESET to be '1'
184516:T510837_39:RESET is 1 now. FINISHED.
184519:T510837_39:SET 1 to ni.var.psp://localhost/OPC/OPC_LabView/HAVC/192_168_60_39/SCREW/9_1
184519:T510837_39:clear RESET SCREW
184519:T510837_39:No more clear, Wait for RESET to be '1'
184521:T510837_39:RESET is 1 now. FINISHED.
184534:T510837_40:SET 5 to ni.var.psp://localhost/OPC/OPC_LabView/HAVC/192_168_60_39/SCREW/9_1
184534:T510837_40:clear RESET SCREW
184534:T510837_40:No more clear, Wait for RESET to be '1'
184544:T510837_40:RESET is 1 now. FINISHED.
184547:T510837_40:SET 1 to ni.var.psp://localhost/OPC/OPC_LabView/HAVC/192_168_60_39/SCREW/9_1
184547:T510837_40:clear RESET SCREW
184547:T510837_40:No more clear, Wait for RESET to be '1'
184550:T510837_40:RESET is 1 now. FINISHED.
184603:T510837_41:SET 5 to ni.var.psp://localhost/OPC/OPC_LabView/HAVC/192_168_60_39/SCREW/9_1
184603:T510837_41:clear RESET SCREW
184603:T510837_41:No more clear, Wait for RESET to be '1'
184617:T510837_41:RESET is 1 now. FINISHED.
184620:T510837_41:SET 1 to ni.var.psp://localhost/OPC/OPC_LabView/HAVC/192_168_60_39/SCREW/9_1
184621:T510837_41:clear RESET SCREW
184621:T510837_41:No more clear, Wait for RESET to be '1'
184623:T510837_41:RESET is 1 now. FINISHED.
185929:T510837_42:SET 5 to ni.var.psp://localhost/OPC/OPC_LabView/HAVC/192_168_60_39/SCREW/9_1
185929:T510837_42:clear RESET SCREW
185930:T510837_42:No more clear, Wait for RESET to be '1'
185936:T510837_42:RESET is 1 now. FINISHED.
185938:T510837_42:SET 1 to ni.var.psp://localhost/OPC/OPC_LabView/HAVC/192_168_60_39/SCREW/9_1
185938:T510837_42:clear RESET SCREW
185939:T510837_42:No more clear, Wait for RESET to be '1'
185939:T510837_42:RESET is 1 now. FINISHED.
185958:T510837_43:SET 5 to ni.var.psp://localhost/OPC/OPC_LabView/HAVC/192_168_60_39/SCREW/9_1
185958:T510837_43:clear RESET SCREW
185958:T510837_43:No more clear, Wait for RESET to be '1'
190013:T510837_43:RESET is 1 now. FINISHED.
190017:T510837_43:SET 1 to ni.var.psp://localhost/OPC/OPC_LabView/HAVC/192_168_60_39/SCREW/9_1
190017:T510837_43:clear RESET SCREW
190018:T510837_43:No more clear, Wait for RESET to be '1'
190021:T510837_43:RESET is 1 now. FINISHED.
190034:T510837_44:SET 5 to ni.var.psp://localhost/OPC/OPC_LabView/HAVC/192_168_60_39/SCREW/9_1
190034:T510837_44:clear RESET SCREW
190034:T510837_44:No more clear, Wait for RESET to be '1'
190046:T510837_44:RESET is 1 now. FINISHED.
190049:T510837_44:SET 1 to ni.var.psp://localhost/OPC/OPC_LabView/HAVC/192_168_60_39/SCREW/9_1
190049:T510837_44:clear RESET SCREW
190049:T510837_44:No more clear, Wait for RESET to be '1'
190051:T510837_44:RESET is 1 now. FINISHED.
190124:T510837_45:SET 5 to ni.var.psp://localhost/OPC/OPC_LabView/HAVC/192_168_60_39/SCREW/9_1
190124:T510837_45:clear RESET SCREW
190124:T510837_45:No more clear, Wait for RESET to be '1'
190136:T510837_45:RESET is 1 now. FINISHED.
190140:T510837_45:SET 1 to ni.var.psp://localhost/OPC/OPC_LabView/HAVC/192_168_60_39/SCREW/9_1
190141:T510837_45:clear RESET SCREW
190141:T510837_45:No more clear, Wait for RESET to be '1'
190147:T510837_45:RESET is 1 now. FINISHED.
190221:T510837_46:SET 5 to ni.var.psp://localhost/OPC/OPC_LabView/HAVC/192_168_60_39/SCREW/9_1
190222:T510837_46:clear RESET SCREW
190222:T510837_46:No more clear, Wait for RESET to be '1'
190232:T510837_46:RESET is 1 now. FINISHED.
190236:T510837_46:SET 1 to ni.var.psp://localhost/OPC/OPC_LabView/HAVC/192_168_60_39/SCREW/9_1
190236:T510837_46:clear RESET SCREW
190236:T510837_46:No more clear, Wait for RESET to be '1'
190240:T510837_46:RESET is 1 now. FINISHED.
190313:T510837_47:SET 5 to ni.var.psp://localhost/OPC/OPC_LabView/HAVC/192_168_60_39/SCREW/9_1
190313:T510837_47:clear RESET SCREW
190313:T510837_47:No more clear, Wait for RESET to be '1'
190326:T510837_47:RESET is 1 now. FINISHED.
190330:T510837_47:SET 1 to ni.var.psp://localhost/OPC/OPC_LabView/HAVC/192_168_60_39/SCREW/9_1
190330:T510837_47:clear RESET SCREW
190331:T510837_47:No more clear, Wait for RESET to be '1'
190332:T510837_47:RESET is 1 now. FINISHED.
190355:T510837_48:SET 5 to ni.var.psp://localhost/OPC/OPC_LabView/HAVC/192_168_60_39/SCREW/9_1
190355:T510837_48:clear RESET SCREW
190355:T510837_48:No more clear, Wait for RESET to be '1'
190412:T510837_48:RESET is 1 now. FINISHED.
190419:T510837_48:SET 1 to ni.var.psp://localhost/OPC/OPC_LabView/HAVC/192_168_60_39/SCREW/9_1
190419:T510837_48:clear RESET SCREW
190419:T510837_48:No more clear, Wait for RESET to be '1'
190422:T510837_48:RESET is 1 now. FINISHED.
190436:T510837_49:SET 5 to ni.var.psp://localhost/OPC/OPC_LabView/HAVC/192_168_60_39/SCREW/9_1
190436:T510837_49:clear RESET SCREW
190436:T510837_49:No more clear, Wait for RESET to be '1'
190447:T510837_49:RESET is 1 now. FINISHED.
190451:T510837_49:SET 1 to ni.var.psp://localhost/OPC/OPC_LabView/HAVC/192_168_60_39/SCREW/9_1
190451:T510837_49:clear RESET SCREW
190452:T510837_49:No more clear, Wait for RESET to be '1'
190456:T510837_49:RESET is 1 now. FINISHED.
190515:T510837_50:SET 5 to ni.var.psp://localhost/OPC/OPC_LabView/HAVC/192_168_60_39/SCREW/9_1
190515:T510837_50:clear RESET SCREW
190516:T510837_50:No more clear, Wait for RESET to be '1'
190524:T510837_50:RESET is 1 now. FINISHED.
190528:T510837_50:SET 1 to ni.var.psp://localhost/OPC/OPC_LabView/HAVC/192_168_60_39/SCREW/9_1
190528:T510837_50:clear RESET SCREW
190529:T510837_50:No more clear, Wait for RESET to be '1'
190531:T510837_50:RESET is 1 now. FINISHED.
190613:T510837_51:SET 5 to ni.var.psp://localhost/OPC/OPC_LabView/HAVC/192_168_60_39/SCREW/9_1
190613:T510837_51:clear RESET SCREW
190614:T510837_51:No more clear, Wait for RESET to be '1'
190629:T510837_51:RESET is 1 now. FINISHED.
190633:T510837_51:SET 1 to ni.var.psp://localhost/OPC/OPC_LabView/HAVC/192_168_60_39/SCREW/9_1
190633:T510837_51:clear RESET SCREW
190634:T510837_51:No more clear, Wait for RESET to be '1'
190637:T510837_51:RESET is 1 now. FINISHED.
190656:T510837_52:SET 5 to ni.var.psp://localhost/OPC/OPC_LabView/HAVC/192_168_60_39/SCREW/9_1
190656:T510837_52:clear RESET SCREW
190656:T510837_52:No more clear, Wait for RESET to be '1'
190705:T510837_52:RESET is 1 now. FINISHED.
190711:T510837_52:SET 1 to ni.var.psp://localhost/OPC/OPC_LabView/HAVC/192_168_60_39/SCREW/9_1
190712:T510837_52:clear RESET SCREW
190712:T510837_52:No more clear, Wait for RESET to be '1'
190714:T510837_52:RESET is 1 now. FINISHED.
190736:T510837_53:SET 5 to ni.var.psp://localhost/OPC/OPC_LabView/HAVC/192_168_60_39/SCREW/9_1
190737:T510837_53:clear RESET SCREW
190737:T510837_53:No more clear, Wait for RESET to be '1'
190750:T510837_53:RESET is 1 now. FINISHED.
190754:T510837_53:SET 1 to ni.var.psp://localhost/OPC/OPC_LabView/HAVC/192_168_60_39/SCREW/9_1
190754:T510837_53:clear RESET SCREW
190754:T510837_53:No more clear, Wait for RESET to be '1'
190757:T510837_53:RESET is 1 now. FINISHED.
190836:T510837_54:SET 5 to ni.var.psp://localhost/OPC/OPC_LabView/HAVC/192_168_60_39/SCREW/9_1
190837:T510837_54:clear RESET SCREW
190837:T510837_54:No more clear, Wait for RESET to be '1'
190852:T510837_54:RESET is 1 now. FINISHED.
190856:T510837_54:SET 1 to ni.var.psp://localhost/OPC/OPC_LabView/HAVC/192_168_60_39/SCREW/9_1
190857:T510837_54:clear RESET SCREW
190857:T510837_54:No more clear, Wait for RESET to be '1'
190900:T510837_54:RESET is 1 now. FINISHED.
190952:T510837_55:SET 5 to ni.var.psp://localhost/OPC/OPC_LabView/HAVC/192_168_60_39/SCREW/9_1
190952:T510837_55:clear RESET SCREW
190953:T510837_55:No more clear, Wait for RESET to be '1'
191000:T510837_55:RESET is 1 now. FINISHED.
191004:T510837_55:SET 1 to ni.var.psp://localhost/OPC/OPC_LabView/HAVC/192_168_60_39/SCREW/9_1
191005:T510837_55:clear RESET SCREW
191005:T510837_55:No more clear, Wait for RESET to be '1'
191006:T510837_55:RESET is 1 now. FINISHED.
191038:T510837_56:SET 5 to ni.var.psp://localhost/OPC/OPC_LabView/HAVC/192_168_60_39/SCREW/9_1
191039:T510837_56:clear RESET SCREW
191039:T510837_56:No more clear, Wait for RESET to be '1'
191053:T510837_56:RESET is 1 now. FINISHED.
191056:T510837_56:SET 1 to ni.var.psp://localhost/OPC/OPC_LabView/HAVC/192_168_60_39/SCREW/9_1
191057:T510837_56:clear RESET SCREW
191057:T510837_56:No more clear, Wait for RESET to be '1'
191100:T510837_56:RESET is 1 now. FINISHED.
191121:T510837_57:SET 5 to ni.var.psp://localhost/OPC/OPC_LabView/HAVC/192_168_60_39/SCREW/9_1
191121:T510837_57:clear RESET SCREW
191121:T510837_57:No more clear, Wait for RESET to be '1'
191131:T510837_57:RESET is 1 now. FINISHED.
191135:T510837_57:SET 1 to ni.var.psp://localhost/OPC/OPC_LabView/HAVC/192_168_60_39/SCREW/9_1
191135:T510837_57:clear RESET SCREW
191135:T510837_57:No more clear, Wait for RESET to be '1'
191139:T510837_57:RESET is 1 now. FINISHED.
191209:T510837_58:SET 5 to ni.var.psp://localhost/OPC/OPC_LabView/HAVC/192_168_60_39/SCREW/9_1
191209:T510837_58:clear RESET SCREW
191210:T510837_58:No more clear, Wait for RESET to be '1'
191218:T510837_58:RESET is 1 now. FINISHED.
191221:T510837_58:SET 1 to ni.var.psp://localhost/OPC/OPC_LabView/HAVC/192_168_60_39/SCREW/9_1
191221:T510837_58:clear RESET SCREW
191222:T510837_58:No more clear, Wait for RESET to be '1'
191224:T510837_58:RESET is 1 now. FINISHED.
191237:T510837_59:SET 5 to ni.var.psp://localhost/OPC/OPC_LabView/HAVC/192_168_60_39/SCREW/9_1
191237:T510837_59:clear RESET SCREW
191238:T510837_59:No more clear, Wait for RESET to be '1'
191248:T510837_59:RESET is 1 now. FINISHED.
191252:T510837_59:SET 1 to ni.var.psp://localhost/OPC/OPC_LabView/HAVC/192_168_60_39/SCREW/9_1
191252:T510837_59:clear RESET SCREW
191252:T510837_59:No more clear, Wait for RESET to be '1'
191256:T510837_59:RESET is 1 now. FINISHED.
191310:T510837_60:SET 5 to ni.var.psp://localhost/OPC/OPC_LabView/HAVC/192_168_60_39/SCREW/9_1
191311:T510837_60:clear RESET SCREW
191311:T510837_60:No more clear, Wait for RESET to be '1'
191320:T510837_60:RESET is 1 now. FINISHED.
191324:T510837_60:SET 1 to ni.var.psp://localhost/OPC/OPC_LabView/HAVC/192_168_60_39/SCREW/9_1
191324:T510837_60:clear RESET SCREW
191325:T510837_60:No more clear, Wait for RESET to be '1'
191328:T510837_60:RESET is 1 now. FINISHED.
191346:T510837_61:SET 5 to ni.var.psp://localhost/OPC/OPC_LabView/HAVC/192_168_60_39/SCREW/9_1
191346:T510837_61:clear RESET SCREW
191347:T510837_61:No more clear, Wait for RESET to be '1'
191356:T510837_61:RESET is 1 now. FINISHED.
191401:T510837_61:SET 1 to ni.var.psp://localhost/OPC/OPC_LabView/HAVC/192_168_60_39/SCREW/9_1
191401:T510837_61:clear RESET SCREW
191401:T510837_61:No more clear, Wait for RESET to be '1'
191405:T510837_61:RESET is 1 now. FINISHED.
191435:T510837_62:SET 5 to ni.var.psp://localhost/OPC/OPC_LabView/HAVC/192_168_60_39/SCREW/9_1
191436:T510837_62:clear RESET SCREW
191436:T510837_62:No more clear, Wait for RESET to be '1'
191446:T510837_62:RESET is 1 now. FINISHED.
191451:T510837_62:SET 1 to ni.var.psp://localhost/OPC/OPC_LabView/HAVC/192_168_60_39/SCREW/9_1
191451:T510837_62:clear RESET SCREW
191451:T510837_62:No more clear, Wait for RESET to be '1'
191454:T510837_62:RESET is 1 now. FINISHED.
191709:T510837_63:SET 5 to ni.var.psp://localhost/OPC/OPC_LabView/HAVC/192_168_60_39/SCREW/9_1
191709:T510837_63:clear RESET SCREW
191710:T510837_63:No more clear, Wait for RESET to be '1'
191716:T510837_63:RESET is 1 now. FINISHED.
191720:T510837_63:SET 1 to ni.var.psp://localhost/OPC/OPC_LabView/HAVC/192_168_60_39/SCREW/9_1
191720:T510837_63:clear RESET SCREW
191721:T510837_63:No more clear, Wait for RESET to be '1'
191723:T510837_63:RESET is 1 now. FINISHED.
