090031:T510837_1:SET 5 to ni.var.psp://localhost/OPC/OPC_LabView/HAVC/192_168_60_39/SCREW/9_1
090031:T510837_1:clear RESET SCREW
090031:T510837_1:No more clear, Wait for RESET to be '1'
090055:T510837_1:RESET is 1 now. FINISHED.
090118:T510837_1:SET 1 to ni.var.psp://localhost/OPC/OPC_LabView/HAVC/192_168_60_39/SCREW/9_1
090118:T510837_1:clear RESET SCREW
090119:T510837_1:No more clear, Wait for RESET to be '1'
090120:T510837_1:RESET is 1 now. FINISHED.
090235:T510837_2:SET 5 to ni.var.psp://localhost/OPC/OPC_LabView/HAVC/192_168_60_39/SCREW/9_1
090236:T510837_2:clear RESET SCREW
090236:T510837_2:No more clear, Wait for RESET to be '1'
090300:T510837_2:RESET is 1 now. FINISHED.
090312:T510837_2:SET 1 to ni.var.psp://localhost/OPC/OPC_LabView/HAVC/192_168_60_39/SCREW/9_1
090312:T510837_2:clear RESET SCREW
090312:T510837_2:No more clear, Wait for RESET to be '1'
090322:T510837_2:RESET is 1 now. FINISHED.
090423:T510837_3:SET 5 to ni.var.psp://localhost/OPC/OPC_LabView/HAVC/192_168_60_39/SCREW/9_1
090423:T510837_3:clear RESET SCREW
090424:T510837_3:No more clear, Wait for RESET to be '1'
090455:T510837_3:RESET is 1 now. FINISHED.
090519:T510837_3:SET 1 to ni.var.psp://localhost/OPC/OPC_LabView/HAVC/192_168_60_39/SCREW/9_1
090519:T510837_3:clear RESET SCREW
090519:T510837_3:No more clear, Wait for RESET to be '1'
090531:T510837_3:RESET is 1 now. FINISHED.
090947:T510837_4:SET 5 to ni.var.psp://localhost/OPC/OPC_LabView/HAVC/192_168_60_39/SCREW/9_1
090947:T510837_4:clear RESET SCREW
090947:T510837_4:No more clear, Wait for RESET to be '1'
091115:T510837_4:RESET is 1 now. FINISHED.
091124:T510837_4:SET 1 to ni.var.psp://localhost/OPC/OPC_LabView/HAVC/192_168_60_39/SCREW/9_1
091124:T510837_4:clear RESET SCREW
091125:T510837_4:No more clear, Wait for RESET to be '1'
091142:T510837_4:RESET is 1 now. FINISHED.
091302:T510837_5:SET 5 to ni.var.psp://localhost/OPC/OPC_LabView/HAVC/192_168_60_39/SCREW/9_1
091302:T510837_5:clear RESET SCREW
091303:T510837_5:No more clear, Wait for RESET to be '1'
091332:T510837_5:RESET is 1 now. FINISHED.
091343:T510837_5:SET 1 to ni.var.psp://localhost/OPC/OPC_LabView/HAVC/192_168_60_39/SCREW/9_1
091343:T510837_5:clear RESET SCREW
091343:T510837_5:No more clear, Wait for RESET to be '1'
091412:T510837_5:RESET is 1 now. FINISHED.
091446:T510837_6:SET 5 to ni.var.psp://localhost/OPC/OPC_LabView/HAVC/192_168_60_39/SCREW/9_1
091446:T510837_6:clear RESET SCREW
091447:T510837_6:No more clear, Wait for RESET to be '1'
091522:T510837_6:RESET is 1 now. FINISHED.
091529:T510837_6:SET 1 to ni.var.psp://localhost/OPC/OPC_LabView/HAVC/192_168_60_39/SCREW/9_1
091529:T510837_6:clear RESET SCREW
091529:T510837_6:No more clear, Wait for RESET to be '1'
091551:T510837_6:RESET is 1 now. FINISHED.
091631:T510837_7:SET 5 to ni.var.psp://localhost/OPC/OPC_LabView/HAVC/192_168_60_39/SCREW/9_1
091632:T510837_7:clear RESET SCREW
091632:T510837_7:No more clear, Wait for RESET to be '1'
091700:T510837_7:RESET is 1 now. FINISHED.
091709:T510837_7:SET 1 to ni.var.psp://localhost/OPC/OPC_LabView/HAVC/192_168_60_39/SCREW/9_1
091709:T510837_7:clear RESET SCREW
091709:T510837_7:No more clear, Wait for RESET to be '1'
091749:T510837_7:RESET is 1 now. FINISHED.
091835:T510837_8:SET 5 to ni.var.psp://localhost/OPC/OPC_LabView/HAVC/192_168_60_39/SCREW/9_1
091836:T510837_8:clear RESET SCREW
091836:T510837_8:No more clear, Wait for RESET to be '1'
091919:T510837_8:RESET is 1 now. FINISHED.
091947:T510837_8:SET 1 to ni.var.psp://localhost/OPC/OPC_LabView/HAVC/192_168_60_39/SCREW/9_1
091948:T510837_8:clear RESET SCREW
091948:T510837_8:No more clear, Wait for RESET to be '1'
091952:T510837_8:RESET is 1 now. FINISHED.
092142:T510837_9:SET 5 to ni.var.psp://localhost/OPC/OPC_LabView/HAVC/192_168_60_39/SCREW/9_1
092142:T510837_9:clear RESET SCREW
092143:T510837_9:No more clear, Wait for RESET to be '1'
092221:T510837_9:RESET is 1 now. FINISHED.
092230:T510837_9:SET 1 to ni.var.psp://localhost/OPC/OPC_LabView/HAVC/192_168_60_39/SCREW/9_1
092230:T510837_9:clear RESET SCREW
092231:T510837_9:No more clear, Wait for RESET to be '1'
092249:T510837_9:RESET is 1 now. FINISHED.
092353:T510837_10:SET 5 to ni.var.psp://localhost/OPC/OPC_LabView/HAVC/192_168_60_39/SCREW/9_1
092354:T510837_10:clear RESET SCREW
092354:T510837_10:No more clear, Wait for RESET to be '1'
092431:T510837_10:RESET is 1 now. FINISHED.
092448:T510837_10:SET 1 to ni.var.psp://localhost/OPC/OPC_LabView/HAVC/192_168_60_39/SCREW/9_1
092449:T510837_10:clear RESET SCREW
092449:T510837_10:No more clear, Wait for RESET to be '1'
092502:T510837_10:RESET is 1 now. FINISHED.
092625:T510837_11:SET 5 to ni.var.psp://localhost/OPC/OPC_LabView/HAVC/192_168_60_39/SCREW/9_1
092626:T510837_11:clear RESET SCREW
092626:T510837_11:No more clear, Wait for RESET to be '1'
092652:T510837_11:RESET is 1 now. FINISHED.
092705:T510837_11:SET 1 to ni.var.psp://localhost/OPC/OPC_LabView/HAVC/192_168_60_39/SCREW/9_1
092705:T510837_11:clear RESET SCREW
092705:T510837_11:No more clear, Wait for RESET to be '1'
092715:T510837_11:RESET is 1 now. FINISHED.
092837:T510837_12:SET 5 to ni.var.psp://localhost/OPC/OPC_LabView/HAVC/192_168_60_39/SCREW/9_1
092837:T510837_12:clear RESET SCREW
092837:T510837_12:No more clear, Wait for RESET to be '1'
092910:T510837_12:RESET is 1 now. FINISHED.
092928:T510837_12:SET 1 to ni.var.psp://localhost/OPC/OPC_LabView/HAVC/192_168_60_39/SCREW/9_1
092928:T510837_12:clear RESET SCREW
092929:T510837_12:No more clear, Wait for RESET to be '1'
092952:T510837_12:RESET is 1 now. FINISHED.
093722:T510837_13:SET 5 to ni.var.psp://localhost/OPC/OPC_LabView/HAVC/192_168_60_39/SCREW/9_1
093723:T510837_13:clear RESET SCREW
093723:T510837_13:No more clear, Wait for RESET to be '1'
093805:T510837_13:RESET is 1 now. FINISHED.
093820:T510837_13:SET 1 to ni.var.psp://localhost/OPC/OPC_LabView/HAVC/192_168_60_39/SCREW/9_1
093821:T510837_13:clear RESET SCREW
093821:T510837_13:No more clear, Wait for RESET to be '1'
093833:T510837_13:RESET is 1 now. FINISHED.
093904:T510837_14:SET 5 to ni.var.psp://localhost/OPC/OPC_LabView/HAVC/192_168_60_39/SCREW/9_1
093904:T510837_14:clear RESET SCREW
093904:T510837_14:No more clear, Wait for RESET to be '1'
093932:T510837_14:RESET is 1 now. FINISHED.
093944:T510837_14:SET 1 to ni.var.psp://localhost/OPC/OPC_LabView/HAVC/192_168_60_39/SCREW/9_1
093944:T510837_14:clear RESET SCREW
093944:T510837_14:No more clear, Wait for RESET to be '1'
093952:T510837_14:RESET is 1 now. FINISHED.
094051:T510837_15:SET 5 to ni.var.psp://localhost/OPC/OPC_LabView/HAVC/192_168_60_39/SCREW/9_1
094051:T510837_15:clear RESET SCREW
094051:T510837_15:No more clear, Wait for RESET to be '1'
094124:T510837_15:RESET is 1 now. FINISHED.
094133:T510837_15:SET 1 to ni.var.psp://localhost/OPC/OPC_LabView/HAVC/192_168_60_39/SCREW/9_1
094133:T510837_15:clear RESET SCREW
094133:T510837_15:No more clear, Wait for RESET to be '1'
094144:T510837_15:RESET is 1 now. FINISHED.
094238:T510837_16:SET 5 to ni.var.psp://localhost/OPC/OPC_LabView/HAVC/192_168_60_39/SCREW/9_1
094238:T510837_16:clear RESET SCREW
094238:T510837_16:No more clear, Wait for RESET to be '1'
094304:T510837_16:RESET is 1 now. FINISHED.
094314:T510837_16:SET 1 to ni.var.psp://localhost/OPC/OPC_LabView/HAVC/192_168_60_39/SCREW/9_1
094314:T510837_16:clear RESET SCREW
094314:T510837_16:No more clear, Wait for RESET to be '1'
094325:T510837_16:RESET is 1 now. FINISHED.
094811:T510837_17:SET 5 to ni.var.psp://localhost/OPC/OPC_LabView/HAVC/192_168_60_39/SCREW/9_1
094812:T510837_17:clear RESET SCREW
094812:T510837_17:No more clear, Wait for RESET to be '1'
094835:T510837_17:RESET is 1 now. FINISHED.
094846:T510837_17:SET 1 to ni.var.psp://localhost/OPC/OPC_LabView/HAVC/192_168_60_39/SCREW/9_1
094847:T510837_17:clear RESET SCREW
094847:T510837_17:No more clear, Wait for RESET to be '1'
094852:T510837_17:RESET is 1 now. FINISHED.
095018:T510837_18:SET 5 to ni.var.psp://localhost/OPC/OPC_LabView/HAVC/192_168_60_39/SCREW/9_1
095019:T510837_18:clear RESET SCREW
095019:T510837_18:No more clear, Wait for RESET to be '1'
095051:T510837_18:RESET is 1 now. FINISHED.
095102:T510837_18:SET 1 to ni.var.psp://localhost/OPC/OPC_LabView/HAVC/192_168_60_39/SCREW/9_1
095102:T510837_18:clear RESET SCREW
095103:T510837_18:No more clear, Wait for RESET to be '1'
095110:T510837_18:RESET is 1 now. FINISHED.
095250:T510837_19:SET 5 to ni.var.psp://localhost/OPC/OPC_LabView/HAVC/192_168_60_39/SCREW/9_1
095250:T510837_19:clear RESET SCREW
095250:T510837_19:No more clear, Wait for RESET to be '1'
095311:T510837_19:RESET is 1 now. FINISHED.
095322:T510837_19:SET 1 to ni.var.psp://localhost/OPC/OPC_LabView/HAVC/192_168_60_39/SCREW/9_1
095322:T510837_19:clear RESET SCREW
095323:T510837_19:No more clear, Wait for RESET to be '1'
095341:T510837_19:RESET is 1 now. FINISHED.
095652:T510836_1:SET 5 to ni.var.psp://localhost/OPC/OPC_LabView/HAVC/192_168_60_39/SCREW/9_1
095653:T510836_1:clear RESET SCREW
095653:T510836_1:No more clear, Wait for RESET to be '1'
095732:T510836_1:RESET is 1 now. FINISHED.
095746:T510836_1:SET 2 to ni.var.psp://localhost/OPC/OPC_LabView/HAVC/192_168_60_39/SCREW/9_1
095747:T510836_1:clear RESET SCREW
095747:T510836_1:No more clear, Wait for RESET to be '1'
095811:T510836_1:RESET is 1 now. FINISHED.
095816:T510836_1:SET 1 to ni.var.psp://localhost/OPC/OPC_LabView/HAVC/192_168_60_39/SCREW/9_1
095816:T510836_1:clear RESET SCREW
095817:T510836_1:No more clear, Wait for RESET to be '1'
095822:T510836_1:RESET is 1 now. FINISHED.
101443:T510836_2:SET 5 to ni.var.psp://localhost/OPC/OPC_LabView/HAVC/192_168_60_39/SCREW/9_1
101444:T510836_2:clear RESET SCREW
101444:T510836_2:No more clear, Wait for RESET to be '1'
101541:T510836_2:RESET is 1 now. FINISHED.
101607:T510836_2:SET 2 to ni.var.psp://localhost/OPC/OPC_LabView/HAVC/192_168_60_39/SCREW/9_1
101608:T510836_2:clear RESET SCREW
101608:T510836_2:No more clear, Wait for RESET to be '1'
101645:T510836_2:RESET is 1 now. FINISHED.
101651:T510836_2:SET 1 to ni.var.psp://localhost/OPC/OPC_LabView/HAVC/192_168_60_39/SCREW/9_1
101652:T510836_2:clear RESET SCREW
101652:T510836_2:No more clear, Wait for RESET to be '1'
101701:T510836_2:RESET is 1 now. FINISHED.
102131:T510836_3:SET 5 to ni.var.psp://localhost/OPC/OPC_LabView/HAVC/192_168_60_39/SCREW/9_1
102131:T510836_3:clear RESET SCREW
102132:T510836_3:No more clear, Wait for RESET to be '1'
102152:T510836_3:RESET is 1 now. FINISHED.
102208:T510836_3:SET 2 to ni.var.psp://localhost/OPC/OPC_LabView/HAVC/192_168_60_39/SCREW/9_1
102209:T510836_3:clear RESET SCREW
102209:T510836_3:No more clear, Wait for RESET to be '1'
102247:T510836_3:RESET is 1 now. FINISHED.
102256:T510836_3:SET 1 to ni.var.psp://localhost/OPC/OPC_LabView/HAVC/192_168_60_39/SCREW/9_1
102256:T510836_3:clear RESET SCREW
102257:T510836_3:No more clear, Wait for RESET to be '1'
102304:T510836_3:RESET is 1 now. FINISHED.
102528:T510836_4:SET 5 to ni.var.psp://localhost/OPC/OPC_LabView/HAVC/192_168_60_39/SCREW/9_1
102528:T510836_4:clear RESET SCREW
102529:T510836_4:No more clear, Wait for RESET to be '1'
102609:T510836_4:RESET is 1 now. FINISHED.
102625:T510836_4:SET 2 to ni.var.psp://localhost/OPC/OPC_LabView/HAVC/192_168_60_39/SCREW/9_1
102626:T510836_4:clear RESET SCREW
102626:T510836_4:No more clear, Wait for RESET to be '1'
102707:T510836_4:RESET is 1 now. FINISHED.
102719:T510836_4:SET 1 to ni.var.psp://localhost/OPC/OPC_LabView/HAVC/192_168_60_39/SCREW/9_1
102719:T510836_4:clear RESET SCREW
102720:T510836_4:No more clear, Wait for RESET to be '1'
102727:T510836_4:RESET is 1 now. FINISHED.
102835:T510836_5:SET 5 to ni.var.psp://localhost/OPC/OPC_LabView/HAVC/192_168_60_39/SCREW/9_1
102835:T510836_5:clear RESET SCREW
102835:T510836_5:No more clear, Wait for RESET to be '1'
102856:T510836_5:RESET is 1 now. FINISHED.
102906:T510836_5:SET 2 to ni.var.psp://localhost/OPC/OPC_LabView/HAVC/192_168_60_39/SCREW/9_1
102907:T510836_5:clear RESET SCREW
102907:T510836_5:No more clear, Wait for RESET to be '1'
102936:T510836_5:RESET is 1 now. FINISHED.
102946:T510836_5:SET 1 to ni.var.psp://localhost/OPC/OPC_LabView/HAVC/192_168_60_39/SCREW/9_1
102946:T510836_5:clear RESET SCREW
102946:T510836_5:No more clear, Wait for RESET to be '1'
102955:T510836_5:RESET is 1 now. FINISHED.
103131:T510836_6:SET 5 to ni.var.psp://localhost/OPC/OPC_LabView/HAVC/192_168_60_39/SCREW/9_1
103132:T510836_6:clear RESET SCREW
103132:T510836_6:No more clear, Wait for RESET to be '1'
103201:T510836_6:RESET is 1 now. FINISHED.
103223:T510836_6:SET 2 to ni.var.psp://localhost/OPC/OPC_LabView/HAVC/192_168_60_39/SCREW/9_1
103223:T510836_6:clear RESET SCREW
103224:T510836_6:No more clear, Wait for RESET to be '1'
103314:T510836_6:RESET is 1 now. FINISHED.
103323:T510836_6:SET 1 to ni.var.psp://localhost/OPC/OPC_LabView/HAVC/192_168_60_39/SCREW/9_1
103323:T510836_6:clear RESET SCREW
103324:T510836_6:No more clear, Wait for RESET to be '1'
103331:T510836_6:RESET is 1 now. FINISHED.
103728:T510836_7:SET 5 to ni.var.psp://localhost/OPC/OPC_LabView/HAVC/192_168_60_39/SCREW/9_1
103729:T510836_7:clear RESET SCREW
103729:T510836_7:No more clear, Wait for RESET to be '1'
103941:T510836_7:RESET is 1 now. FINISHED.
103957:T510836_7:SET 2 to ni.var.psp://localhost/OPC/OPC_LabView/HAVC/192_168_60_39/SCREW/9_1
103958:T510836_7:clear RESET SCREW
103958:T510836_7:No more clear, Wait for RESET to be '1'
104037:T510836_7:RESET is 1 now. FINISHED.
104045:T510836_7:SET 1 to ni.var.psp://localhost/OPC/OPC_LabView/HAVC/192_168_60_39/SCREW/9_1
104046:T510836_7:clear RESET SCREW
104046:T510836_7:No more clear, Wait for RESET to be '1'
104054:T510836_7:RESET is 1 now. FINISHED.
134725:T510837_20:SET 5 to ni.var.psp://localhost/OPC/OPC_LabView/HAVC/192_168_60_39/SCREW/9_1
134725:T510837_20:clear RESET SCREW
134725:T510837_20:No more clear, Wait for RESET to be '1'
134736:T510837_20:RESET is 1 now. FINISHED.
134740:T510837_20:SET 1 to ni.var.psp://localhost/OPC/OPC_LabView/HAVC/192_168_60_39/SCREW/9_1
134740:T510837_20:clear RESET SCREW
134740:T510837_20:No more clear, Wait for RESET to be '1'
134744:T510837_20:RESET is 1 now. FINISHED.
134813:T510837_21:SET 5 to ni.var.psp://localhost/OPC/OPC_LabView/HAVC/192_168_60_39/SCREW/9_1
134813:T510837_21:clear RESET SCREW
134814:T510837_21:No more clear, Wait for RESET to be '1'
134831:T510837_21:RESET is 1 now. FINISHED.
134834:T510837_21:SET 1 to ni.var.psp://localhost/OPC/OPC_LabView/HAVC/192_168_60_39/SCREW/9_1
134835:T510837_21:clear RESET SCREW
134835:T510837_21:No more clear, Wait for RESET to be '1'
134838:T510837_21:RESET is 1 now. FINISHED.
134857:T510837_22:SET 5 to ni.var.psp://localhost/OPC/OPC_LabView/HAVC/192_168_60_39/SCREW/9_1
134857:T510837_22:clear RESET SCREW
134857:T510837_22:No more clear, Wait for RESET to be '1'
134908:T510837_22:RESET is 1 now. FINISHED.
134912:T510837_22:SET 1 to ni.var.psp://localhost/OPC/OPC_LabView/HAVC/192_168_60_39/SCREW/9_1
134912:T510837_22:clear RESET SCREW
134913:T510837_22:No more clear, Wait for RESET to be '1'
134915:T510837_22:RESET is 1 now. FINISHED.
134933:T510837_23:SET 5 to ni.var.psp://localhost/OPC/OPC_LabView/HAVC/192_168_60_39/SCREW/9_1
134933:T510837_23:clear RESET SCREW
134933:T510837_23:No more clear, Wait for RESET to be '1'
134946:T510837_23:RESET is 1 now. FINISHED.
134950:T510837_23:SET 1 to ni.var.psp://localhost/OPC/OPC_LabView/HAVC/192_168_60_39/SCREW/9_1
134950:T510837_23:clear RESET SCREW
134950:T510837_23:No more clear, Wait for RESET to be '1'
134959:T510837_23:RESET is 1 now. FINISHED.
135050:T510837_24:SET 5 to ni.var.psp://localhost/OPC/OPC_LabView/HAVC/192_168_60_39/SCREW/9_1
135050:T510837_24:clear RESET SCREW
135050:T510837_24:No more clear, Wait for RESET to be '1'
135104:T510837_24:RESET is 1 now. FINISHED.
135110:T510837_24:SET 1 to ni.var.psp://localhost/OPC/OPC_LabView/HAVC/192_168_60_39/SCREW/9_1
135111:T510837_24:clear RESET SCREW
135111:T510837_24:No more clear, Wait for RESET to be '1'
135116:T510837_24:RESET is 1 now. FINISHED.
135249:T510837_25:SET 5 to ni.var.psp://localhost/OPC/OPC_LabView/HAVC/192_168_60_39/SCREW/9_1
135249:T510837_25:clear RESET SCREW
135250:T510837_25:No more clear, Wait for RESET to be '1'
135303:T510837_25:RESET is 1 now. FINISHED.
135312:T510837_25:SET 1 to ni.var.psp://localhost/OPC/OPC_LabView/HAVC/192_168_60_39/SCREW/9_1
135312:T510837_25:clear RESET SCREW
135313:T510837_25:No more clear, Wait for RESET to be '1'
135317:T510837_25:RESET is 1 now. FINISHED.
135335:T510837_26:SET 5 to ni.var.psp://localhost/OPC/OPC_LabView/HAVC/192_168_60_39/SCREW/9_1
135335:T510837_26:clear RESET SCREW
135335:T510837_26:No more clear, Wait for RESET to be '1'
135349:T510837_26:RESET is 1 now. FINISHED.
135357:T510837_26:SET 1 to ni.var.psp://localhost/OPC/OPC_LabView/HAVC/192_168_60_39/SCREW/9_1
135357:T510837_26:clear RESET SCREW
135357:T510837_26:No more clear, Wait for RESET to be '1'
135400:T510837_26:RESET is 1 now. FINISHED.
135424:T510837_27:SET 5 to ni.var.psp://localhost/OPC/OPC_LabView/HAVC/192_168_60_39/SCREW/9_1
135424:T510837_27:clear RESET SCREW
135424:T510837_27:No more clear, Wait for RESET to be '1'
135434:T510837_27:RESET is 1 now. FINISHED.
135437:T510837_27:SET 1 to ni.var.psp://localhost/OPC/OPC_LabView/HAVC/192_168_60_39/SCREW/9_1
135437:T510837_27:clear RESET SCREW
135438:T510837_27:No more clear, Wait for RESET to be '1'
135440:T510837_27:RESET is 1 now. FINISHED.
135524:T510837_28:SET 5 to ni.var.psp://localhost/OPC/OPC_LabView/HAVC/192_168_60_39/SCREW/9_1
135525:T510837_28:clear RESET SCREW
135525:T510837_28:No more clear, Wait for RESET to be '1'
135537:T510837_28:RESET is 1 now. FINISHED.
135542:T510837_28:SET 1 to ni.var.psp://localhost/OPC/OPC_LabView/HAVC/192_168_60_39/SCREW/9_1
135542:T510837_28:clear RESET SCREW
135542:T510837_28:No more clear, Wait for RESET to be '1'
135551:T510837_28:RESET is 1 now. FINISHED.
135609:T510837_29:SET 5 to ni.var.psp://localhost/OPC/OPC_LabView/HAVC/192_168_60_39/SCREW/9_1
135609:T510837_29:clear RESET SCREW
135610:T510837_29:No more clear, Wait for RESET to be '1'
135620:T510837_29:RESET is 1 now. FINISHED.
135623:T510837_29:SET 1 to ni.var.psp://localhost/OPC/OPC_LabView/HAVC/192_168_60_39/SCREW/9_1
135623:T510837_29:clear RESET SCREW
135624:T510837_29:No more clear, Wait for RESET to be '1'
135627:T510837_29:RESET is 1 now. FINISHED.
135705:T510837_30:SET 5 to ni.var.psp://localhost/OPC/OPC_LabView/HAVC/192_168_60_39/SCREW/9_1
135705:T510837_30:clear RESET SCREW
135706:T510837_30:No more clear, Wait for RESET to be '1'
135723:T510837_30:RESET is 1 now. FINISHED.
135727:T510837_30:SET 1 to ni.var.psp://localhost/OPC/OPC_LabView/HAVC/192_168_60_39/SCREW/9_1
135727:T510837_30:clear RESET SCREW
135727:T510837_30:No more clear, Wait for RESET to be '1'
135730:T510837_30:RESET is 1 now. FINISHED.
135753:T510837_31:SET 5 to ni.var.psp://localhost/OPC/OPC_LabView/HAVC/192_168_60_39/SCREW/9_1
135754:T510837_31:clear RESET SCREW
135754:T510837_31:No more clear, Wait for RESET to be '1'
135805:T510837_31:RESET is 1 now. FINISHED.
135808:T510837_31:SET 1 to ni.var.psp://localhost/OPC/OPC_LabView/HAVC/192_168_60_39/SCREW/9_1
135809:T510837_31:clear RESET SCREW
135809:T510837_31:No more clear, Wait for RESET to be '1'
135811:T510837_31:RESET is 1 now. FINISHED.
135929:T510837_32:SET 5 to ni.var.psp://localhost/OPC/OPC_LabView/HAVC/192_168_60_39/SCREW/9_1
135930:T510837_32:clear RESET SCREW
135930:T510837_32:No more clear, Wait for RESET to be '1'
135942:T510837_32:RESET is 1 now. FINISHED.
135945:T510837_32:SET 1 to ni.var.psp://localhost/OPC/OPC_LabView/HAVC/192_168_60_39/SCREW/9_1
135946:T510837_32:clear RESET SCREW
135946:T510837_32:No more clear, Wait for RESET to be '1'
135949:T510837_32:RESET is 1 now. FINISHED.
140038:T510837_33:SET 5 to ni.var.psp://localhost/OPC/OPC_LabView/HAVC/192_168_60_39/SCREW/9_1
140039:T510837_33:clear RESET SCREW
140039:T510837_33:No more clear, Wait for RESET to be '1'
140051:T510837_33:RESET is 1 now. FINISHED.
140055:T510837_33:SET 1 to ni.var.psp://localhost/OPC/OPC_LabView/HAVC/192_168_60_39/SCREW/9_1
140056:T510837_33:clear RESET SCREW
140056:T510837_33:No more clear, Wait for RESET to be '1'
140100:T510837_33:RESET is 1 now. FINISHED.
140131:T510837_34:SET 5 to ni.var.psp://localhost/OPC/OPC_LabView/HAVC/192_168_60_39/SCREW/9_1
140131:T510837_34:clear RESET SCREW
140131:T510837_34:No more clear, Wait for RESET to be '1'
140146:T510837_34:RESET is 1 now. FINISHED.
140151:T510837_34:SET 1 to ni.var.psp://localhost/OPC/OPC_LabView/HAVC/192_168_60_39/SCREW/9_1
140151:T510837_34:clear RESET SCREW
140151:T510837_34:No more clear, Wait for RESET to be '1'
140157:T510837_34:RESET is 1 now. FINISHED.
140233:T510837_35:SET 5 to ni.var.psp://localhost/OPC/OPC_LabView/HAVC/192_168_60_39/SCREW/9_1
140233:T510837_35:clear RESET SCREW
140234:T510837_35:No more clear, Wait for RESET to be '1'
140249:T510837_35:RESET is 1 now. FINISHED.
140253:T510837_35:SET 1 to ni.var.psp://localhost/OPC/OPC_LabView/HAVC/192_168_60_39/SCREW/9_1
140253:T510837_35:clear RESET SCREW
140254:T510837_35:No more clear, Wait for RESET to be '1'
140256:T510837_35:RESET is 1 now. FINISHED.
140316:T510837_36:SET 5 to ni.var.psp://localhost/OPC/OPC_LabView/HAVC/192_168_60_39/SCREW/9_1
140317:T510837_36:clear RESET SCREW
140317:T510837_36:No more clear, Wait for RESET to be '1'
140326:T510837_36:RESET is 1 now. FINISHED.
140330:T510837_36:SET 1 to ni.var.psp://localhost/OPC/OPC_LabView/HAVC/192_168_60_39/SCREW/9_1
140330:T510837_36:clear RESET SCREW
140331:T510837_36:No more clear, Wait for RESET to be '1'
140335:T510837_36:RESET is 1 now. FINISHED.
140411:T510837_37:SET 5 to ni.var.psp://localhost/OPC/OPC_LabView/HAVC/192_168_60_39/SCREW/9_1
140411:T510837_37:clear RESET SCREW
140411:T510837_37:No more clear, Wait for RESET to be '1'
140420:T510837_37:RESET is 1 now. FINISHED.
140425:T510837_37:SET 1 to ni.var.psp://localhost/OPC/OPC_LabView/HAVC/192_168_60_39/SCREW/9_1
140426:T510837_37:clear RESET SCREW
140426:T510837_37:No more clear, Wait for RESET to be '1'
140428:T510837_37:RESET is 1 now. FINISHED.
140517:T510837_38:SET 5 to ni.var.psp://localhost/OPC/OPC_LabView/HAVC/192_168_60_39/SCREW/9_1
140518:T510837_38:clear RESET SCREW
140518:T510837_38:No more clear, Wait for RESET to be '1'
140528:T510837_38:RESET is 1 now. FINISHED.
140532:T510837_38:SET 1 to ni.var.psp://localhost/OPC/OPC_LabView/HAVC/192_168_60_39/SCREW/9_1
140532:T510837_38:clear RESET SCREW
140533:T510837_38:No more clear, Wait for RESET to be '1'
140535:T510837_38:RESET is 1 now. FINISHED.
140609:T510837_39:SET 5 to ni.var.psp://localhost/OPC/OPC_LabView/HAVC/192_168_60_39/SCREW/9_1
140610:T510837_39:clear RESET SCREW
140610:T510837_39:No more clear, Wait for RESET to be '1'
140622:T510837_39:RESET is 1 now. FINISHED.
140628:T510837_39:SET 1 to ni.var.psp://localhost/OPC/OPC_LabView/HAVC/192_168_60_39/SCREW/9_1
140629:T510837_39:clear RESET SCREW
140629:T510837_39:No more clear, Wait for RESET to be '1'
140634:T510837_39:RESET is 1 now. FINISHED.
140713:T510837_40:SET 5 to ni.var.psp://localhost/OPC/OPC_LabView/HAVC/192_168_60_39/SCREW/9_1
140713:T510837_40:clear RESET SCREW
140713:T510837_40:No more clear, Wait for RESET to be '1'
140723:T510837_40:RESET is 1 now. FINISHED.
140727:T510837_40:SET 1 to ni.var.psp://localhost/OPC/OPC_LabView/HAVC/192_168_60_39/SCREW/9_1
140727:T510837_40:clear RESET SCREW
140727:T510837_40:No more clear, Wait for RESET to be '1'
140730:T510837_40:RESET is 1 now. FINISHED.
140811:T510837_41:SET 5 to ni.var.psp://localhost/OPC/OPC_LabView/HAVC/192_168_60_39/SCREW/9_1
140811:T510837_41:clear RESET SCREW
140811:T510837_41:No more clear, Wait for RESET to be '1'
140845:T510837_41:RESET is 1 now. FINISHED.
140850:T510837_41:SET 1 to ni.var.psp://localhost/OPC/OPC_LabView/HAVC/192_168_60_39/SCREW/9_1
140850:T510837_41:clear RESET SCREW
140851:T510837_41:No more clear, Wait for RESET to be '1'
140856:T510837_41:RESET is 1 now. FINISHED.
141032:T510837_42:SET 5 to ni.var.psp://localhost/OPC/OPC_LabView/HAVC/192_168_60_39/SCREW/9_1
141033:T510837_42:clear RESET SCREW
141033:T510837_42:No more clear, Wait for RESET to be '1'
141044:T510837_42:RESET is 1 now. FINISHED.
141048:T510837_42:SET 1 to ni.var.psp://localhost/OPC/OPC_LabView/HAVC/192_168_60_39/SCREW/9_1
141048:T510837_42:clear RESET SCREW
141049:T510837_42:No more clear, Wait for RESET to be '1'
141052:T510837_42:RESET is 1 now. FINISHED.
141113:T510837_43:SET 5 to ni.var.psp://localhost/OPC/OPC_LabView/HAVC/192_168_60_39/SCREW/9_1
141113:T510837_43:clear RESET SCREW
141113:T510837_43:No more clear, Wait for RESET to be '1'
141127:T510837_43:RESET is 1 now. FINISHED.
141131:T510837_43:SET 1 to ni.var.psp://localhost/OPC/OPC_LabView/HAVC/192_168_60_39/SCREW/9_1
141132:T510837_43:clear RESET SCREW
141132:T510837_43:No more clear, Wait for RESET to be '1'
141135:T510837_43:RESET is 1 now. FINISHED.
141151:T510837_44:SET 5 to ni.var.psp://localhost/OPC/OPC_LabView/HAVC/192_168_60_39/SCREW/9_1
141152:T510837_44:clear RESET SCREW
141152:T510837_44:No more clear, Wait for RESET to be '1'
141204:T510837_44:RESET is 1 now. FINISHED.
141212:T510837_44:SET 1 to ni.var.psp://localhost/OPC/OPC_LabView/HAVC/192_168_60_39/SCREW/9_1
141213:T510837_44:clear RESET SCREW
141213:T510837_44:No more clear, Wait for RESET to be '1'
141219:T510837_44:RESET is 1 now. FINISHED.
141231:T510837_45:SET 5 to ni.var.psp://localhost/OPC/OPC_LabView/HAVC/192_168_60_39/SCREW/9_1
141232:T510837_45:clear RESET SCREW
141232:T510837_45:No more clear, Wait for RESET to be '1'
141241:T510837_45:RESET is 1 now. FINISHED.
141246:T510837_45:SET 1 to ni.var.psp://localhost/OPC/OPC_LabView/HAVC/192_168_60_39/SCREW/9_1
141246:T510837_45:clear RESET SCREW
141246:T510837_45:No more clear, Wait for RESET to be '1'
141249:T510837_45:RESET is 1 now. FINISHED.
141334:T510837_46:SET 5 to ni.var.psp://localhost/OPC/OPC_LabView/HAVC/192_168_60_39/SCREW/9_1
141335:T510837_46:clear RESET SCREW
141335:T510837_46:No more clear, Wait for RESET to be '1'
141342:T510837_46:RESET is 1 now. FINISHED.
141346:T510837_46:SET 1 to ni.var.psp://localhost/OPC/OPC_LabView/HAVC/192_168_60_39/SCREW/9_1
141346:T510837_46:clear RESET SCREW
141346:T510837_46:No more clear, Wait for RESET to be '1'
141350:T510837_46:RESET is 1 now. FINISHED.
141436:T510837_47:SET 5 to ni.var.psp://localhost/OPC/OPC_LabView/HAVC/192_168_60_39/SCREW/9_1
141436:T510837_47:clear RESET SCREW
141437:T510837_47:No more clear, Wait for RESET to be '1'
141447:T510837_47:RESET is 1 now. FINISHED.
141450:T510837_47:SET 1 to ni.var.psp://localhost/OPC/OPC_LabView/HAVC/192_168_60_39/SCREW/9_1
141451:T510837_47:clear RESET SCREW
141451:T510837_47:No more clear, Wait for RESET to be '1'
141454:T510837_47:RESET is 1 now. FINISHED.
141557:T510837_48:SET 5 to ni.var.psp://localhost/OPC/OPC_LabView/HAVC/192_168_60_39/SCREW/9_1
141558:T510837_48:clear RESET SCREW
141558:T510837_48:No more clear, Wait for RESET to be '1'
141612:T510837_48:RESET is 1 now. FINISHED.
141618:T510837_48:SET 1 to ni.var.psp://localhost/OPC/OPC_LabView/HAVC/192_168_60_39/SCREW/9_1
141619:T510837_48:clear RESET SCREW
141619:T510837_48:No more clear, Wait for RESET to be '1'
141622:T510837_48:RESET is 1 now. FINISHED.
141731:T510837_49:SET 5 to ni.var.psp://localhost/OPC/OPC_LabView/HAVC/192_168_60_39/SCREW/9_1
141732:T510837_49:clear RESET SCREW
141732:T510837_49:No more clear, Wait for RESET to be '1'
141740:T510837_49:RESET is 1 now. FINISHED.
141745:T510837_49:SET 1 to ni.var.psp://localhost/OPC/OPC_LabView/HAVC/192_168_60_39/SCREW/9_1
141745:T510837_49:clear RESET SCREW
141745:T510837_49:No more clear, Wait for RESET to be '1'
141747:T510837_49:RESET is 1 now. FINISHED.
141929:T510837_50:SET 5 to ni.var.psp://localhost/OPC/OPC_LabView/HAVC/192_168_60_39/SCREW/9_1
141929:T510837_50:clear RESET SCREW
141930:T510837_50:No more clear, Wait for RESET to be '1'
141942:T510837_50:RESET is 1 now. FINISHED.
141945:T510837_50:SET 1 to ni.var.psp://localhost/OPC/OPC_LabView/HAVC/192_168_60_39/SCREW/9_1
141945:T510837_50:clear RESET SCREW
141946:T510837_50:No more clear, Wait for RESET to be '1'
142007:T510837_50:RESET is 1 now. FINISHED.
142113:T510837_51:SET 5 to ni.var.psp://localhost/OPC/OPC_LabView/HAVC/192_168_60_39/SCREW/9_1
142113:T510837_51:clear RESET SCREW
142113:T510837_51:No more clear, Wait for RESET to be '1'
142142:T510837_51:RESET is 1 now. FINISHED.
142145:T510837_51:SET 1 to ni.var.psp://localhost/OPC/OPC_LabView/HAVC/192_168_60_39/SCREW/9_1
142145:T510837_51:clear RESET SCREW
142146:T510837_51:No more clear, Wait for RESET to be '1'
142149:T510837_51:RESET is 1 now. FINISHED.
142203:T510837_52:SET 5 to ni.var.psp://localhost/OPC/OPC_LabView/HAVC/192_168_60_39/SCREW/9_1
142203:T510837_52:clear RESET SCREW
142203:T510837_52:No more clear, Wait for RESET to be '1'
142217:T510837_52:RESET is 1 now. FINISHED.
142221:T510837_52:SET 1 to ni.var.psp://localhost/OPC/OPC_LabView/HAVC/192_168_60_39/SCREW/9_1
142222:T510837_52:clear RESET SCREW
142222:T510837_52:No more clear, Wait for RESET to be '1'
142228:T510837_52:RESET is 1 now. FINISHED.
142239:T510837_53:SET 5 to ni.var.psp://localhost/OPC/OPC_LabView/HAVC/192_168_60_39/SCREW/9_1
142240:T510837_53:clear RESET SCREW
142240:T510837_53:No more clear, Wait for RESET to be '1'
142254:T510837_53:RESET is 1 now. FINISHED.
142258:T510837_53:SET 1 to ni.var.psp://localhost/OPC/OPC_LabView/HAVC/192_168_60_39/SCREW/9_1
142259:T510837_53:clear RESET SCREW
142259:T510837_53:No more clear, Wait for RESET to be '1'
142307:T510837_53:RESET is 1 now. FINISHED.
142330:T510837_54:SET 5 to ni.var.psp://localhost/OPC/OPC_LabView/HAVC/192_168_60_39/SCREW/9_1
142330:T510837_54:clear RESET SCREW
142330:T510837_54:No more clear, Wait for RESET to be '1'
142338:T510837_54:RESET is 1 now. FINISHED.
142342:T510837_54:SET 1 to ni.var.psp://localhost/OPC/OPC_LabView/HAVC/192_168_60_39/SCREW/9_1
142342:T510837_54:clear RESET SCREW
142343:T510837_54:No more clear, Wait for RESET to be '1'
142344:T510837_54:RESET is 1 now. FINISHED.
142428:T510837_55:SET 5 to ni.var.psp://localhost/OPC/OPC_LabView/HAVC/192_168_60_39/SCREW/9_1
142428:T510837_55:clear RESET SCREW
142428:T510837_55:No more clear, Wait for RESET to be '1'
142438:T510837_55:RESET is 1 now. FINISHED.
142446:T510837_55:SET 1 to ni.var.psp://localhost/OPC/OPC_LabView/HAVC/192_168_60_39/SCREW/9_1
142446:T510837_55:clear RESET SCREW
142447:T510837_55:No more clear, Wait for RESET to be '1'
142449:T510837_55:RESET is 1 now. FINISHED.
142528:T510837_56:SET 5 to ni.var.psp://localhost/OPC/OPC_LabView/HAVC/192_168_60_39/SCREW/9_1
142529:T510837_56:clear RESET SCREW
142529:T510837_56:No more clear, Wait for RESET to be '1'
142542:T510837_56:RESET is 1 now. FINISHED.
142546:T510837_56:SET 1 to ni.var.psp://localhost/OPC/OPC_LabView/HAVC/192_168_60_39/SCREW/9_1
142546:T510837_56:clear RESET SCREW
142547:T510837_56:No more clear, Wait for RESET to be '1'
142550:T510837_56:RESET is 1 now. FINISHED.
142608:T510837_57:SET 5 to ni.var.psp://localhost/OPC/OPC_LabView/HAVC/192_168_60_39/SCREW/9_1
142608:T510837_57:clear RESET SCREW
142608:T510837_57:No more clear, Wait for RESET to be '1'
142619:T510837_57:RESET is 1 now. FINISHED.
142623:T510837_57:SET 1 to ni.var.psp://localhost/OPC/OPC_LabView/HAVC/192_168_60_39/SCREW/9_1
142623:T510837_57:clear RESET SCREW
142623:T510837_57:No more clear, Wait for RESET to be '1'
142627:T510837_57:RESET is 1 now. FINISHED.
142647:T510837_58:SET 5 to ni.var.psp://localhost/OPC/OPC_LabView/HAVC/192_168_60_39/SCREW/9_1
142647:T510837_58:clear RESET SCREW
142648:T510837_58:No more clear, Wait for RESET to be '1'
142708:T510837_58:RESET is 1 now. FINISHED.
142711:T510837_58:SET 1 to ni.var.psp://localhost/OPC/OPC_LabView/HAVC/192_168_60_39/SCREW/9_1
142711:T510837_58:clear RESET SCREW
142712:T510837_58:No more clear, Wait for RESET to be '1'
142714:T510837_58:RESET is 1 now. FINISHED.
142732:T510837_59:SET 5 to ni.var.psp://localhost/OPC/OPC_LabView/HAVC/192_168_60_39/SCREW/9_1
142732:T510837_59:clear RESET SCREW
142733:T510837_59:No more clear, Wait for RESET to be '1'
143755:T510837_59:RESET is 1 now. FINISHED.
143800:T510837_59:SET 1 to ni.var.psp://localhost/OPC/OPC_LabView/HAVC/192_168_60_39/SCREW/9_1
143800:T510837_59:clear RESET SCREW
143801:T510837_59:No more clear, Wait for RESET to be '1'
143805:T510837_59:RESET is 1 now. FINISHED.
143913:T510837_60:SET 5 to ni.var.psp://localhost/OPC/OPC_LabView/HAVC/192_168_60_39/SCREW/9_1
143913:T510837_60:clear RESET SCREW
143913:T510837_60:No more clear, Wait for RESET to be '1'
143924:T510837_60:RESET is 1 now. FINISHED.
143930:T510837_60:SET 1 to ni.var.psp://localhost/OPC/OPC_LabView/HAVC/192_168_60_39/SCREW/9_1
143930:T510837_60:clear RESET SCREW
143930:T510837_60:No more clear, Wait for RESET to be '1'
143933:T510837_60:RESET is 1 now. FINISHED.
144017:T510837_61:SET 5 to ni.var.psp://localhost/OPC/OPC_LabView/HAVC/192_168_60_39/SCREW/9_1
144017:T510837_61:clear RESET SCREW
144017:T510837_61:No more clear, Wait for RESET to be '1'
144029:T510837_61:RESET is 1 now. FINISHED.
144034:T510837_61:SET 1 to ni.var.psp://localhost/OPC/OPC_LabView/HAVC/192_168_60_39/SCREW/9_1
144034:T510837_61:clear RESET SCREW
144035:T510837_61:No more clear, Wait for RESET to be '1'
144039:T510837_61:RESET is 1 now. FINISHED.
144059:T510837_62:SET 5 to ni.var.psp://localhost/OPC/OPC_LabView/HAVC/192_168_60_39/SCREW/9_1
144059:T510837_62:clear RESET SCREW
144059:T510837_62:No more clear, Wait for RESET to be '1'
144108:T510837_62:RESET is 1 now. FINISHED.
144113:T510837_62:SET 1 to ni.var.psp://localhost/OPC/OPC_LabView/HAVC/192_168_60_39/SCREW/9_1
144113:T510837_62:clear RESET SCREW
144114:T510837_62:No more clear, Wait for RESET to be '1'
144117:T510837_62:RESET is 1 now. FINISHED.
144157:T510837_63:SET 5 to ni.var.psp://localhost/OPC/OPC_LabView/HAVC/192_168_60_39/SCREW/9_1
144157:T510837_63:clear RESET SCREW
144158:T510837_63:No more clear, Wait for RESET to be '1'
144206:T510837_63:RESET is 1 now. FINISHED.
144210:T510837_63:SET 1 to ni.var.psp://localhost/OPC/OPC_LabView/HAVC/192_168_60_39/SCREW/9_1
144210:T510837_63:clear RESET SCREW
144211:T510837_63:No more clear, Wait for RESET to be '1'
144213:T510837_63:RESET is 1 now. FINISHED.
144318:T510837_64:SET 5 to ni.var.psp://localhost/OPC/OPC_LabView/HAVC/192_168_60_39/SCREW/9_1
144318:T510837_64:clear RESET SCREW
144319:T510837_64:No more clear, Wait for RESET to be '1'
144330:T510837_64:RESET is 1 now. FINISHED.
144333:T510837_64:SET 1 to ni.var.psp://localhost/OPC/OPC_LabView/HAVC/192_168_60_39/SCREW/9_1
144333:T510837_64:clear RESET SCREW
144334:T510837_64:No more clear, Wait for RESET to be '1'
144339:T510837_64:RESET is 1 now. FINISHED.
144429:T510837_65:SET 5 to ni.var.psp://localhost/OPC/OPC_LabView/HAVC/192_168_60_39/SCREW/9_1
144429:T510837_65:clear RESET SCREW
144430:T510837_65:No more clear, Wait for RESET to be '1'
144442:T510837_65:RESET is 1 now. FINISHED.
144446:T510837_65:SET 1 to ni.var.psp://localhost/OPC/OPC_LabView/HAVC/192_168_60_39/SCREW/9_1
144447:T510837_65:clear RESET SCREW
144447:T510837_65:No more clear, Wait for RESET to be '1'
144450:T510837_65:RESET is 1 now. FINISHED.
144514:T510837_66:SET 5 to ni.var.psp://localhost/OPC/OPC_LabView/HAVC/192_168_60_39/SCREW/9_1
144514:T510837_66:clear RESET SCREW
144515:T510837_66:No more clear, Wait for RESET to be '1'
144526:T510837_66:RESET is 1 now. FINISHED.
144530:T510837_66:SET 1 to ni.var.psp://localhost/OPC/OPC_LabView/HAVC/192_168_60_39/SCREW/9_1
144531:T510837_66:clear RESET SCREW
144531:T510837_66:No more clear, Wait for RESET to be '1'
144535:T510837_66:RESET is 1 now. FINISHED.
144553:T510837_67:SET 5 to ni.var.psp://localhost/OPC/OPC_LabView/HAVC/192_168_60_39/SCREW/9_1
144553:T510837_67:clear RESET SCREW
144553:T510837_67:No more clear, Wait for RESET to be '1'
144606:T510837_67:RESET is 1 now. FINISHED.
144610:T510837_67:SET 1 to ni.var.psp://localhost/OPC/OPC_LabView/HAVC/192_168_60_39/SCREW/9_1
144610:T510837_67:clear RESET SCREW
144611:T510837_67:No more clear, Wait for RESET to be '1'
144616:T510837_67:RESET is 1 now. FINISHED.
144709:T510837_68:SET 5 to ni.var.psp://localhost/OPC/OPC_LabView/HAVC/192_168_60_39/SCREW/9_1
144709:T510837_68:clear RESET SCREW
144709:T510837_68:No more clear, Wait for RESET to be '1'
144725:T510837_68:RESET is 1 now. FINISHED.
144729:T510837_68:SET 1 to ni.var.psp://localhost/OPC/OPC_LabView/HAVC/192_168_60_39/SCREW/9_1
144729:T510837_68:clear RESET SCREW
144729:T510837_68:No more clear, Wait for RESET to be '1'
144734:T510837_68:RESET is 1 now. FINISHED.
144821:T510837_69:SET 5 to ni.var.psp://localhost/OPC/OPC_LabView/HAVC/192_168_60_39/SCREW/9_1
144822:T510837_69:clear RESET SCREW
144822:T510837_69:No more clear, Wait for RESET to be '1'
144835:T510837_69:RESET is 1 now. FINISHED.
144841:T510837_69:SET 1 to ni.var.psp://localhost/OPC/OPC_LabView/HAVC/192_168_60_39/SCREW/9_1
144841:T510837_69:clear RESET SCREW
144842:T510837_69:No more clear, Wait for RESET to be '1'
144848:T510837_69:RESET is 1 now. FINISHED.
144933:T510837_70:SET 5 to ni.var.psp://localhost/OPC/OPC_LabView/HAVC/192_168_60_39/SCREW/9_1
144933:T510837_70:clear RESET SCREW
144934:T510837_70:No more clear, Wait for RESET to be '1'
144949:T510837_70:RESET is 1 now. FINISHED.
144954:T510837_70:SET 1 to ni.var.psp://localhost/OPC/OPC_LabView/HAVC/192_168_60_39/SCREW/9_1
144954:T510837_70:clear RESET SCREW
144954:T510837_70:No more clear, Wait for RESET to be '1'
144959:T510837_70:RESET is 1 now. FINISHED.
145014:T510837_71:SET 5 to ni.var.psp://localhost/OPC/OPC_LabView/HAVC/192_168_60_39/SCREW/9_1
145014:T510837_71:clear RESET SCREW
145014:T510837_71:No more clear, Wait for RESET to be '1'
145034:T510837_71:RESET is 1 now. FINISHED.
145038:T510837_71:SET 1 to ni.var.psp://localhost/OPC/OPC_LabView/HAVC/192_168_60_39/SCREW/9_1
145039:T510837_71:clear RESET SCREW
145039:T510837_71:No more clear, Wait for RESET to be '1'
145042:T510837_71:RESET is 1 now. FINISHED.
145116:T510837_72:SET 5 to ni.var.psp://localhost/OPC/OPC_LabView/HAVC/192_168_60_39/SCREW/9_1
145116:T510837_72:clear RESET SCREW
145117:T510837_72:No more clear, Wait for RESET to be '1'
145124:T510837_72:RESET is 1 now. FINISHED.
145129:T510837_72:SET 1 to ni.var.psp://localhost/OPC/OPC_LabView/HAVC/192_168_60_39/SCREW/9_1
145129:T510837_72:clear RESET SCREW
145129:T510837_72:No more clear, Wait for RESET to be '1'
145159:T510837_72:RESET is 1 now. FINISHED.
145213:T510837_73:SET 5 to ni.var.psp://localhost/OPC/OPC_LabView/HAVC/192_168_60_39/SCREW/9_1
145213:T510837_73:clear RESET SCREW
145213:T510837_73:No more clear, Wait for RESET to be '1'
145226:T510837_73:RESET is 1 now. FINISHED.
145230:T510837_73:SET 1 to ni.var.psp://localhost/OPC/OPC_LabView/HAVC/192_168_60_39/SCREW/9_1
145231:T510837_73:clear RESET SCREW
145231:T510837_73:No more clear, Wait for RESET to be '1'
145234:T510837_73:RESET is 1 now. FINISHED.
145316:T510837_74:SET 5 to ni.var.psp://localhost/OPC/OPC_LabView/HAVC/192_168_60_39/SCREW/9_1
145316:T510837_74:clear RESET SCREW
145317:T510837_74:No more clear, Wait for RESET to be '1'
145331:T510837_74:RESET is 1 now. FINISHED.
145337:T510837_74:SET 1 to ni.var.psp://localhost/OPC/OPC_LabView/HAVC/192_168_60_39/SCREW/9_1
145337:T510837_74:clear RESET SCREW
145337:T510837_74:No more clear, Wait for RESET to be '1'
145344:T510837_74:RESET is 1 now. FINISHED.
145401:T510837_75:SET 5 to ni.var.psp://localhost/OPC/OPC_LabView/HAVC/192_168_60_39/SCREW/9_1
145401:T510837_75:clear RESET SCREW
145401:T510837_75:No more clear, Wait for RESET to be '1'
145417:T510837_75:RESET is 1 now. FINISHED.
145422:T510837_75:SET 1 to ni.var.psp://localhost/OPC/OPC_LabView/HAVC/192_168_60_39/SCREW/9_1
145422:T510837_75:clear RESET SCREW
145423:T510837_75:No more clear, Wait for RESET to be '1'
145426:T510837_75:RESET is 1 now. FINISHED.
145438:T510837_76:SET 5 to ni.var.psp://localhost/OPC/OPC_LabView/HAVC/192_168_60_39/SCREW/9_1
145438:T510837_76:clear RESET SCREW
145438:T510837_76:No more clear, Wait for RESET to be '1'
145449:T510837_76:RESET is 1 now. FINISHED.
145453:T510837_76:SET 1 to ni.var.psp://localhost/OPC/OPC_LabView/HAVC/192_168_60_39/SCREW/9_1
145454:T510837_76:clear RESET SCREW
145454:T510837_76:No more clear, Wait for RESET to be '1'
145457:T510837_76:RESET is 1 now. FINISHED.
145703:T510837_77:SET 5 to ni.var.psp://localhost/OPC/OPC_LabView/HAVC/192_168_60_39/SCREW/9_1
145703:T510837_77:clear RESET SCREW
145704:T510837_77:No more clear, Wait for RESET to be '1'
145715:T510837_77:RESET is 1 now. FINISHED.
145720:T510837_77:SET 1 to ni.var.psp://localhost/OPC/OPC_LabView/HAVC/192_168_60_39/SCREW/9_1
145720:T510837_77:clear RESET SCREW
145721:T510837_77:No more clear, Wait for RESET to be '1'
145726:T510837_77:RESET is 1 now. FINISHED.
145738:T510837_78:SET 5 to ni.var.psp://localhost/OPC/OPC_LabView/HAVC/192_168_60_39/SCREW/9_1
145738:T510837_78:clear RESET SCREW
145738:T510837_78:No more clear, Wait for RESET to be '1'
145754:T510837_78:RESET is 1 now. FINISHED.
145759:T510837_78:SET 1 to ni.var.psp://localhost/OPC/OPC_LabView/HAVC/192_168_60_39/SCREW/9_1
145759:T510837_78:clear RESET SCREW
145759:T510837_78:No more clear, Wait for RESET to be '1'
145801:T510837_78:RESET is 1 now. FINISHED.
145854:T510837_79:SET 5 to ni.var.psp://localhost/OPC/OPC_LabView/HAVC/192_168_60_39/SCREW/9_1
145854:T510837_79:clear RESET SCREW
145854:T510837_79:No more clear, Wait for RESET to be '1'
145906:T510837_79:RESET is 1 now. FINISHED.
145910:T510837_79:SET 1 to ni.var.psp://localhost/OPC/OPC_LabView/HAVC/192_168_60_39/SCREW/9_1
145910:T510837_79:clear RESET SCREW
145911:T510837_79:No more clear, Wait for RESET to be '1'
145914:T510837_79:RESET is 1 now. FINISHED.
151812:T510837_80:SET 5 to ni.var.psp://localhost/OPC/OPC_LabView/HAVC/192_168_60_39/SCREW/9_1
151812:T510837_80:clear RESET SCREW
151812:T510837_80:No more clear, Wait for RESET to be '1'
151825:T510837_80:RESET is 1 now. FINISHED.
151832:T510837_80:SET 1 to ni.var.psp://localhost/OPC/OPC_LabView/HAVC/192_168_60_39/SCREW/9_1
151832:T510837_80:clear RESET SCREW
151832:T510837_80:No more clear, Wait for RESET to be '1'
151835:T510837_80:RESET is 1 now. FINISHED.
151928:T510837_81:SET 5 to ni.var.psp://localhost/OPC/OPC_LabView/HAVC/192_168_60_39/SCREW/9_1
151928:T510837_81:clear RESET SCREW
151929:T510837_81:No more clear, Wait for RESET to be '1'
151939:T510837_81:RESET is 1 now. FINISHED.
151945:T510837_81:SET 1 to ni.var.psp://localhost/OPC/OPC_LabView/HAVC/192_168_60_39/SCREW/9_1
151945:T510837_81:clear RESET SCREW
151946:T510837_81:No more clear, Wait for RESET to be '1'
151949:T510837_81:RESET is 1 now. FINISHED.
152001:T510837_82:SET 5 to ni.var.psp://localhost/OPC/OPC_LabView/HAVC/192_168_60_39/SCREW/9_1
152001:T510837_82:clear RESET SCREW
152002:T510837_82:No more clear, Wait for RESET to be '1'
152010:T510837_82:RESET is 1 now. FINISHED.
152014:T510837_82:SET 1 to ni.var.psp://localhost/OPC/OPC_LabView/HAVC/192_168_60_39/SCREW/9_1
152014:T510837_82:clear RESET SCREW
152014:T510837_82:No more clear, Wait for RESET to be '1'
152021:T510837_82:RESET is 1 now. FINISHED.
152051:T510837_83:SET 5 to ni.var.psp://localhost/OPC/OPC_LabView/HAVC/192_168_60_39/SCREW/9_1
152051:T510837_83:clear RESET SCREW
152052:T510837_83:No more clear, Wait for RESET to be '1'
152103:T510837_83:RESET is 1 now. FINISHED.
152107:T510837_83:SET 1 to ni.var.psp://localhost/OPC/OPC_LabView/HAVC/192_168_60_39/SCREW/9_1
152107:T510837_83:clear RESET SCREW
152108:T510837_83:No more clear, Wait for RESET to be '1'
152112:T510837_83:RESET is 1 now. FINISHED.
152143:T510837_84:SET 5 to ni.var.psp://localhost/OPC/OPC_LabView/HAVC/192_168_60_39/SCREW/9_1
152143:T510837_84:clear RESET SCREW
152143:T510837_84:No more clear, Wait for RESET to be '1'
152154:T510837_84:RESET is 1 now. FINISHED.
152159:T510837_84:SET 1 to ni.var.psp://localhost/OPC/OPC_LabView/HAVC/192_168_60_39/SCREW/9_1
152159:T510837_84:clear RESET SCREW
152200:T510837_84:No more clear, Wait for RESET to be '1'
152203:T510837_84:RESET is 1 now. FINISHED.
152220:T510837_85:SET 5 to ni.var.psp://localhost/OPC/OPC_LabView/HAVC/192_168_60_39/SCREW/9_1
152220:T510837_85:clear RESET SCREW
152220:T510837_85:No more clear, Wait for RESET to be '1'
152230:T510837_85:RESET is 1 now. FINISHED.
152233:T510837_85:SET 1 to ni.var.psp://localhost/OPC/OPC_LabView/HAVC/192_168_60_39/SCREW/9_1
152234:T510837_85:clear RESET SCREW
152234:T510837_85:No more clear, Wait for RESET to be '1'
152238:T510837_85:RESET is 1 now. FINISHED.
152359:T510837_86:SET 5 to ni.var.psp://localhost/OPC/OPC_LabView/HAVC/192_168_60_39/SCREW/9_1
152359:T510837_86:clear RESET SCREW
152359:T510837_86:No more clear, Wait for RESET to be '1'
152413:T510837_86:RESET is 1 now. FINISHED.
152418:T510837_86:SET 1 to ni.var.psp://localhost/OPC/OPC_LabView/HAVC/192_168_60_39/SCREW/9_1
152418:T510837_86:clear RESET SCREW
152419:T510837_86:No more clear, Wait for RESET to be '1'
152424:T510837_86:RESET is 1 now. FINISHED.
152436:T510837_87:SET 5 to ni.var.psp://localhost/OPC/OPC_LabView/HAVC/192_168_60_39/SCREW/9_1
152436:T510837_87:clear RESET SCREW
152437:T510837_87:No more clear, Wait for RESET to be '1'
152450:T510837_87:RESET is 1 now. FINISHED.
152454:T510837_87:SET 1 to ni.var.psp://localhost/OPC/OPC_LabView/HAVC/192_168_60_39/SCREW/9_1
152454:T510837_87:clear RESET SCREW
152454:T510837_87:No more clear, Wait for RESET to be '1'
152457:T510837_87:RESET is 1 now. FINISHED.
152517:T510837_88:SET 5 to ni.var.psp://localhost/OPC/OPC_LabView/HAVC/192_168_60_39/SCREW/9_1
152517:T510837_88:clear RESET SCREW
152518:T510837_88:No more clear, Wait for RESET to be '1'
152535:T510837_88:RESET is 1 now. FINISHED.
152539:T510837_88:SET 1 to ni.var.psp://localhost/OPC/OPC_LabView/HAVC/192_168_60_39/SCREW/9_1
152540:T510837_88:clear RESET SCREW
152540:T510837_88:No more clear, Wait for RESET to be '1'
152544:T510837_88:RESET is 1 now. FINISHED.
152610:T510837_89:SET 5 to ni.var.psp://localhost/OPC/OPC_LabView/HAVC/192_168_60_39/SCREW/9_1
152611:T510837_89:clear RESET SCREW
152611:T510837_89:No more clear, Wait for RESET to be '1'
152631:T510837_89:RESET is 1 now. FINISHED.
152635:T510837_89:SET 1 to ni.var.psp://localhost/OPC/OPC_LabView/HAVC/192_168_60_39/SCREW/9_1
152635:T510837_89:clear RESET SCREW
152636:T510837_89:No more clear, Wait for RESET to be '1'
152638:T510837_89:RESET is 1 now. FINISHED.
152658:T510837_90:SET 5 to ni.var.psp://localhost/OPC/OPC_LabView/HAVC/192_168_60_39/SCREW/9_1
152658:T510837_90:clear RESET SCREW
152658:T510837_90:No more clear, Wait for RESET to be '1'
152715:T510837_90:RESET is 1 now. FINISHED.
152720:T510837_90:SET 1 to ni.var.psp://localhost/OPC/OPC_LabView/HAVC/192_168_60_39/SCREW/9_1
152720:T510837_90:clear RESET SCREW
152721:T510837_90:No more clear, Wait for RESET to be '1'
152722:T510837_90:RESET is 1 now. FINISHED.
152806:T510837_91:SET 5 to ni.var.psp://localhost/OPC/OPC_LabView/HAVC/192_168_60_39/SCREW/9_1
152807:T510837_91:clear RESET SCREW
152807:T510837_91:No more clear, Wait for RESET to be '1'
152817:T510837_91:RESET is 1 now. FINISHED.
152822:T510837_91:SET 1 to ni.var.psp://localhost/OPC/OPC_LabView/HAVC/192_168_60_39/SCREW/9_1
152822:T510837_91:clear RESET SCREW
152822:T510837_91:No more clear, Wait for RESET to be '1'
152827:T510837_91:RESET is 1 now. FINISHED.
152855:T510837_92:SET 5 to ni.var.psp://localhost/OPC/OPC_LabView/HAVC/192_168_60_39/SCREW/9_1
152855:T510837_92:clear RESET SCREW
152856:T510837_92:No more clear, Wait for RESET to be '1'
152910:T510837_92:RESET is 1 now. FINISHED.
152914:T510837_92:SET 1 to ni.var.psp://localhost/OPC/OPC_LabView/HAVC/192_168_60_39/SCREW/9_1
152914:T510837_92:clear RESET SCREW
152914:T510837_92:No more clear, Wait for RESET to be '1'
152919:T510837_92:RESET is 1 now. FINISHED.
153005:T510837_93:SET 5 to ni.var.psp://localhost/OPC/OPC_LabView/HAVC/192_168_60_39/SCREW/9_1
153006:T510837_93:clear RESET SCREW
153006:T510837_93:No more clear, Wait for RESET to be '1'
153014:T510837_93:RESET is 1 now. FINISHED.
153018:T510837_93:SET 1 to ni.var.psp://localhost/OPC/OPC_LabView/HAVC/192_168_60_39/SCREW/9_1
153019:T510837_93:clear RESET SCREW
153019:T510837_93:No more clear, Wait for RESET to be '1'
153038:T510837_93:RESET is 1 now. FINISHED.
153104:T510837_94:SET 5 to ni.var.psp://localhost/OPC/OPC_LabView/HAVC/192_168_60_39/SCREW/9_1
153104:T510837_94:clear RESET SCREW
153105:T510837_94:No more clear, Wait for RESET to be '1'
153115:T510837_94:RESET is 1 now. FINISHED.
153119:T510837_94:SET 1 to ni.var.psp://localhost/OPC/OPC_LabView/HAVC/192_168_60_39/SCREW/9_1
153120:T510837_94:clear RESET SCREW
153120:T510837_94:No more clear, Wait for RESET to be '1'
153123:T510837_94:RESET is 1 now. FINISHED.
153146:T510837_95:SET 5 to ni.var.psp://localhost/OPC/OPC_LabView/HAVC/192_168_60_39/SCREW/9_1
153146:T510837_95:clear RESET SCREW
153147:T510837_95:No more clear, Wait for RESET to be '1'
153156:T510837_95:RESET is 1 now. FINISHED.
153201:T510837_95:SET 1 to ni.var.psp://localhost/OPC/OPC_LabView/HAVC/192_168_60_39/SCREW/9_1
153201:T510837_95:clear RESET SCREW
153201:T510837_95:No more clear, Wait for RESET to be '1'
153204:T510837_95:RESET is 1 now. FINISHED.
153216:T510837_96:SET 5 to ni.var.psp://localhost/OPC/OPC_LabView/HAVC/192_168_60_39/SCREW/9_1
153217:T510837_96:clear RESET SCREW
153217:T510837_96:No more clear, Wait for RESET to be '1'
153227:T510837_96:RESET is 1 now. FINISHED.
153231:T510837_96:SET 1 to ni.var.psp://localhost/OPC/OPC_LabView/HAVC/192_168_60_39/SCREW/9_1
153231:T510837_96:clear RESET SCREW
153231:T510837_96:No more clear, Wait for RESET to be '1'
153235:T510837_96:RESET is 1 now. FINISHED.
153257:T510837_97:SET 5 to ni.var.psp://localhost/OPC/OPC_LabView/HAVC/192_168_60_39/SCREW/9_1
153258:T510837_97:clear RESET SCREW
153258:T510837_97:No more clear, Wait for RESET to be '1'
153312:T510837_97:RESET is 1 now. FINISHED.
153318:T510837_97:SET 1 to ni.var.psp://localhost/OPC/OPC_LabView/HAVC/192_168_60_39/SCREW/9_1
153319:T510837_97:clear RESET SCREW
153319:T510837_97:No more clear, Wait for RESET to be '1'
153323:T510837_97:RESET is 1 now. FINISHED.
153349:T510837_98:SET 5 to ni.var.psp://localhost/OPC/OPC_LabView/HAVC/192_168_60_39/SCREW/9_1
153350:T510837_98:clear RESET SCREW
153350:T510837_98:No more clear, Wait for RESET to be '1'
153403:T510837_98:RESET is 1 now. FINISHED.
153407:T510837_98:SET 1 to ni.var.psp://localhost/OPC/OPC_LabView/HAVC/192_168_60_39/SCREW/9_1
153407:T510837_98:clear RESET SCREW
153407:T510837_98:No more clear, Wait for RESET to be '1'
153412:T510837_98:RESET is 1 now. FINISHED.
153425:T510837_99:SET 5 to ni.var.psp://localhost/OPC/OPC_LabView/HAVC/192_168_60_39/SCREW/9_1
153425:T510837_99:clear RESET SCREW
153426:T510837_99:No more clear, Wait for RESET to be '1'
153437:T510837_99:RESET is 1 now. FINISHED.
153441:T510837_99:SET 1 to ni.var.psp://localhost/OPC/OPC_LabView/HAVC/192_168_60_39/SCREW/9_1
153441:T510837_99:clear RESET SCREW
153442:T510837_99:No more clear, Wait for RESET to be '1'
153446:T510837_99:RESET is 1 now. FINISHED.
153508:T510837_100:SET 5 to ni.var.psp://localhost/OPC/OPC_LabView/HAVC/192_168_60_39/SCREW/9_1
153508:T510837_100:clear RESET SCREW
153508:T510837_100:No more clear, Wait for RESET to be '1'
153519:T510837_100:RESET is 1 now. FINISHED.
153524:T510837_100:SET 1 to ni.var.psp://localhost/OPC/OPC_LabView/HAVC/192_168_60_39/SCREW/9_1
153524:T510837_100:clear RESET SCREW
153524:T510837_100:No more clear, Wait for RESET to be '1'
153529:T510837_100:RESET is 1 now. FINISHED.
153600:T510837_101:SET 5 to ni.var.psp://localhost/OPC/OPC_LabView/HAVC/192_168_60_39/SCREW/9_1
153601:T510837_101:clear RESET SCREW
153601:T510837_101:No more clear, Wait for RESET to be '1'
153610:T510837_101:RESET is 1 now. FINISHED.
153614:T510837_101:SET 1 to ni.var.psp://localhost/OPC/OPC_LabView/HAVC/192_168_60_39/SCREW/9_1
153614:T510837_101:clear RESET SCREW
153614:T510837_101:No more clear, Wait for RESET to be '1'
153616:T510837_101:RESET is 1 now. FINISHED.
153640:T510837_102:SET 5 to ni.var.psp://localhost/OPC/OPC_LabView/HAVC/192_168_60_39/SCREW/9_1
153641:T510837_102:clear RESET SCREW
153641:T510837_102:No more clear, Wait for RESET to be '1'
153651:T510837_102:RESET is 1 now. FINISHED.
153654:T510837_102:SET 1 to ni.var.psp://localhost/OPC/OPC_LabView/HAVC/192_168_60_39/SCREW/9_1
153654:T510837_102:clear RESET SCREW
153654:T510837_102:No more clear, Wait for RESET to be '1'
153657:T510837_102:RESET is 1 now. FINISHED.
153725:T510837_103:SET 5 to ni.var.psp://localhost/OPC/OPC_LabView/HAVC/192_168_60_39/SCREW/9_1
153725:T510837_103:clear RESET SCREW
153726:T510837_103:No more clear, Wait for RESET to be '1'
153736:T510837_103:RESET is 1 now. FINISHED.
153739:T510837_103:SET 1 to ni.var.psp://localhost/OPC/OPC_LabView/HAVC/192_168_60_39/SCREW/9_1
153740:T510837_103:clear RESET SCREW
153740:T510837_103:No more clear, Wait for RESET to be '1'
153742:T510837_103:RESET is 1 now. FINISHED.
153853:T510837_104:SET 5 to ni.var.psp://localhost/OPC/OPC_LabView/HAVC/192_168_60_39/SCREW/9_1
153853:T510837_104:clear RESET SCREW
153853:T510837_104:No more clear, Wait for RESET to be '1'
153905:T510837_104:RESET is 1 now. FINISHED.
153930:T510837_104:SET 1 to ni.var.psp://localhost/OPC/OPC_LabView/HAVC/192_168_60_39/SCREW/9_1
153930:T510837_104:clear RESET SCREW
153930:T510837_104:No more clear, Wait for RESET to be '1'
153934:T510837_104:RESET is 1 now. FINISHED.
153944:T510837_105:SET 5 to ni.var.psp://localhost/OPC/OPC_LabView/HAVC/192_168_60_39/SCREW/9_1
153945:T510837_105:clear RESET SCREW
153945:T510837_105:No more clear, Wait for RESET to be '1'
153956:T510837_105:RESET is 1 now. FINISHED.
153959:T510837_105:SET 1 to ni.var.psp://localhost/OPC/OPC_LabView/HAVC/192_168_60_39/SCREW/9_1
153959:T510837_105:clear RESET SCREW
153959:T510837_105:No more clear, Wait for RESET to be '1'
154001:T510837_105:RESET is 1 now. FINISHED.
154024:T510837_106:SET 5 to ni.var.psp://localhost/OPC/OPC_LabView/HAVC/192_168_60_39/SCREW/9_1
154025:T510837_106:clear RESET SCREW
154025:T510837_106:No more clear, Wait for RESET to be '1'
154047:T510837_106:RESET is 1 now. FINISHED.
154050:T510837_106:SET 1 to ni.var.psp://localhost/OPC/OPC_LabView/HAVC/192_168_60_39/SCREW/9_1
154051:T510837_106:clear RESET SCREW
154051:T510837_106:No more clear, Wait for RESET to be '1'
154056:T510837_106:RESET is 1 now. FINISHED.
154111:T510837_107:SET 5 to ni.var.psp://localhost/OPC/OPC_LabView/HAVC/192_168_60_39/SCREW/9_1
154111:T510837_107:clear RESET SCREW
154112:T510837_107:No more clear, Wait for RESET to be '1'
154124:T510837_107:RESET is 1 now. FINISHED.
154128:T510837_107:SET 1 to ni.var.psp://localhost/OPC/OPC_LabView/HAVC/192_168_60_39/SCREW/9_1
154128:T510837_107:clear RESET SCREW
154128:T510837_107:No more clear, Wait for RESET to be '1'
154130:T510837_107:RESET is 1 now. FINISHED.
154211:T510837_108:SET 5 to ni.var.psp://localhost/OPC/OPC_LabView/HAVC/192_168_60_39/SCREW/9_1
154211:T510837_108:clear RESET SCREW
154211:T510837_108:No more clear, Wait for RESET to be '1'
154222:T510837_108:RESET is 1 now. FINISHED.
154226:T510837_108:SET 1 to ni.var.psp://localhost/OPC/OPC_LabView/HAVC/192_168_60_39/SCREW/9_1
154227:T510837_108:clear RESET SCREW
154227:T510837_108:No more clear, Wait for RESET to be '1'
154230:T510837_108:RESET is 1 now. FINISHED.
154249:T510837_109:SET 5 to ni.var.psp://localhost/OPC/OPC_LabView/HAVC/192_168_60_39/SCREW/9_1
154249:T510837_109:clear RESET SCREW
154250:T510837_109:No more clear, Wait for RESET to be '1'
154304:T510837_109:RESET is 1 now. FINISHED.
154309:T510837_109:SET 1 to ni.var.psp://localhost/OPC/OPC_LabView/HAVC/192_168_60_39/SCREW/9_1
154309:T510837_109:clear RESET SCREW
154309:T510837_109:No more clear, Wait for RESET to be '1'
154315:T510837_109:RESET is 1 now. FINISHED.
154431:T510837_110:SET 5 to ni.var.psp://localhost/OPC/OPC_LabView/HAVC/192_168_60_39/SCREW/9_1
154431:T510837_110:clear RESET SCREW
154432:T510837_110:No more clear, Wait for RESET to be '1'
154444:T510837_110:RESET is 1 now. FINISHED.
154447:T510837_110:SET 1 to ni.var.psp://localhost/OPC/OPC_LabView/HAVC/192_168_60_39/SCREW/9_1
154447:T510837_110:clear RESET SCREW
154448:T510837_110:No more clear, Wait for RESET to be '1'
154450:T510837_110:RESET is 1 now. FINISHED.
154503:T510837_111:SET 5 to ni.var.psp://localhost/OPC/OPC_LabView/HAVC/192_168_60_39/SCREW/9_1
154503:T510837_111:clear RESET SCREW
154504:T510837_111:No more clear, Wait for RESET to be '1'
154513:T510837_111:RESET is 1 now. FINISHED.
154517:T510837_111:SET 1 to ni.var.psp://localhost/OPC/OPC_LabView/HAVC/192_168_60_39/SCREW/9_1
154517:T510837_111:clear RESET SCREW
154517:T510837_111:No more clear, Wait for RESET to be '1'
154520:T510837_111:RESET is 1 now. FINISHED.
154533:T510837_112:SET 5 to ni.var.psp://localhost/OPC/OPC_LabView/HAVC/192_168_60_39/SCREW/9_1
154534:T510837_112:clear RESET SCREW
154534:T510837_112:No more clear, Wait for RESET to be '1'
154543:T510837_112:RESET is 1 now. FINISHED.
154547:T510837_112:SET 1 to ni.var.psp://localhost/OPC/OPC_LabView/HAVC/192_168_60_39/SCREW/9_1
154548:T510837_112:clear RESET SCREW
154548:T510837_112:No more clear, Wait for RESET to be '1'
154551:T510837_112:RESET is 1 now. FINISHED.
154619:T510837_113:SET 5 to ni.var.psp://localhost/OPC/OPC_LabView/HAVC/192_168_60_39/SCREW/9_1
154620:T510837_113:clear RESET SCREW
154620:T510837_113:No more clear, Wait for RESET to be '1'
154631:T510837_113:RESET is 1 now. FINISHED.
154635:T510837_113:SET 1 to ni.var.psp://localhost/OPC/OPC_LabView/HAVC/192_168_60_39/SCREW/9_1
154635:T510837_113:clear RESET SCREW
154635:T510837_113:No more clear, Wait for RESET to be '1'
154638:T510837_113:RESET is 1 now. FINISHED.
154732:T510837_114:SET 5 to ni.var.psp://localhost/OPC/OPC_LabView/HAVC/192_168_60_39/SCREW/9_1
154732:T510837_114:clear RESET SCREW
154733:T510837_114:No more clear, Wait for RESET to be '1'
154747:T510837_114:RESET is 1 now. FINISHED.
154749:T510837_114:SET 1 to ni.var.psp://localhost/OPC/OPC_LabView/HAVC/192_168_60_39/SCREW/9_1
154750:T510837_114:clear RESET SCREW
154750:T510837_114:No more clear, Wait for RESET to be '1'
154755:T510837_114:RESET is 1 now. FINISHED.
154826:T510837_115:SET 5 to ni.var.psp://localhost/OPC/OPC_LabView/HAVC/192_168_60_39/SCREW/9_1
154827:T510837_115:clear RESET SCREW
154827:T510837_115:No more clear, Wait for RESET to be '1'
154841:T510837_115:RESET is 1 now. FINISHED.
154845:T510837_115:SET 1 to ni.var.psp://localhost/OPC/OPC_LabView/HAVC/192_168_60_39/SCREW/9_1
154846:T510837_115:clear RESET SCREW
154846:T510837_115:No more clear, Wait for RESET to be '1'
154855:T510837_115:RESET is 1 now. FINISHED.
154906:T510837_116:SET 5 to ni.var.psp://localhost/OPC/OPC_LabView/HAVC/192_168_60_39/SCREW/9_1
154906:T510837_116:clear RESET SCREW
154906:T510837_116:No more clear, Wait for RESET to be '1'
154916:T510837_116:RESET is 1 now. FINISHED.
154919:T510837_116:SET 1 to ni.var.psp://localhost/OPC/OPC_LabView/HAVC/192_168_60_39/SCREW/9_1
154920:T510837_116:clear RESET SCREW
154920:T510837_116:No more clear, Wait for RESET to be '1'
154924:T510837_116:RESET is 1 now. FINISHED.
154941:T510837_117:SET 5 to ni.var.psp://localhost/OPC/OPC_LabView/HAVC/192_168_60_39/SCREW/9_1
154942:T510837_117:clear RESET SCREW
154942:T510837_117:No more clear, Wait for RESET to be '1'
154956:T510837_117:RESET is 1 now. FINISHED.
155000:T510837_117:SET 1 to ni.var.psp://localhost/OPC/OPC_LabView/HAVC/192_168_60_39/SCREW/9_1
155000:T510837_117:clear RESET SCREW
155000:T510837_117:No more clear, Wait for RESET to be '1'
155004:T510837_117:RESET is 1 now. FINISHED.
155026:T510837_118:SET 5 to ni.var.psp://localhost/OPC/OPC_LabView/HAVC/192_168_60_39/SCREW/9_1
155026:T510837_118:clear RESET SCREW
155027:T510837_118:No more clear, Wait for RESET to be '1'
155037:T510837_118:RESET is 1 now. FINISHED.
155041:T510837_118:SET 1 to ni.var.psp://localhost/OPC/OPC_LabView/HAVC/192_168_60_39/SCREW/9_1
155042:T510837_118:clear RESET SCREW
155042:T510837_118:No more clear, Wait for RESET to be '1'
155049:T510837_118:RESET is 1 now. FINISHED.
155101:T510837_119:SET 5 to ni.var.psp://localhost/OPC/OPC_LabView/HAVC/192_168_60_39/SCREW/9_1
155101:T510837_119:clear RESET SCREW
155101:T510837_119:No more clear, Wait for RESET to be '1'
155111:T510837_119:RESET is 1 now. FINISHED.
155115:T510837_119:SET 1 to ni.var.psp://localhost/OPC/OPC_LabView/HAVC/192_168_60_39/SCREW/9_1
155116:T510837_119:clear RESET SCREW
155116:T510837_119:No more clear, Wait for RESET to be '1'
155119:T510837_119:RESET is 1 now. FINISHED.
155134:T510837_120:SET 5 to ni.var.psp://localhost/OPC/OPC_LabView/HAVC/192_168_60_39/SCREW/9_1
155135:T510837_120:clear RESET SCREW
155135:T510837_120:No more clear, Wait for RESET to be '1'
155143:T510837_120:RESET is 1 now. FINISHED.
155148:T510837_120:SET 1 to ni.var.psp://localhost/OPC/OPC_LabView/HAVC/192_168_60_39/SCREW/9_1
155148:T510837_120:clear RESET SCREW
155148:T510837_120:No more clear, Wait for RESET to be '1'
155150:T510837_120:RESET is 1 now. FINISHED.
155302:T510837_121:SET 5 to ni.var.psp://localhost/OPC/OPC_LabView/HAVC/192_168_60_39/SCREW/9_1
155302:T510837_121:clear RESET SCREW
155302:T510837_121:No more clear, Wait for RESET to be '1'
155313:T510837_121:RESET is 1 now. FINISHED.
155316:T510837_121:SET 1 to ni.var.psp://localhost/OPC/OPC_LabView/HAVC/192_168_60_39/SCREW/9_1
155316:T510837_121:clear RESET SCREW
155316:T510837_121:No more clear, Wait for RESET to be '1'
155319:T510837_121:RESET is 1 now. FINISHED.
155336:T510837_122:SET 5 to ni.var.psp://localhost/OPC/OPC_LabView/HAVC/192_168_60_39/SCREW/9_1
155336:T510837_122:clear RESET SCREW
155337:T510837_122:No more clear, Wait for RESET to be '1'
155347:T510837_122:RESET is 1 now. FINISHED.
155351:T510837_122:SET 1 to ni.var.psp://localhost/OPC/OPC_LabView/HAVC/192_168_60_39/SCREW/9_1
155352:T510837_122:clear RESET SCREW
155352:T510837_122:No more clear, Wait for RESET to be '1'
155355:T510837_122:RESET is 1 now. FINISHED.
155411:T510837_123:SET 5 to ni.var.psp://localhost/OPC/OPC_LabView/HAVC/192_168_60_39/SCREW/9_1
155412:T510837_123:clear RESET SCREW
155412:T510837_123:No more clear, Wait for RESET to be '1'
155423:T510837_123:RESET is 1 now. FINISHED.
155428:T510837_123:SET 1 to ni.var.psp://localhost/OPC/OPC_LabView/HAVC/192_168_60_39/SCREW/9_1
155428:T510837_123:clear RESET SCREW
155428:T510837_123:No more clear, Wait for RESET to be '1'
155432:T510837_123:RESET is 1 now. FINISHED.
155507:T510837_124:SET 5 to ni.var.psp://localhost/OPC/OPC_LabView/HAVC/192_168_60_39/SCREW/9_1
155508:T510837_124:clear RESET SCREW
155508:T510837_124:No more clear, Wait for RESET to be '1'
155524:T510837_124:RESET is 1 now. FINISHED.
155529:T510837_124:SET 1 to ni.var.psp://localhost/OPC/OPC_LabView/HAVC/192_168_60_39/SCREW/9_1
155529:T510837_124:clear RESET SCREW
155530:T510837_124:No more clear, Wait for RESET to be '1'
155535:T510837_124:RESET is 1 now. FINISHED.
155623:T510837_125:SET 5 to ni.var.psp://localhost/OPC/OPC_LabView/HAVC/192_168_60_39/SCREW/9_1
155623:T510837_125:clear RESET SCREW
155623:T510837_125:No more clear, Wait for RESET to be '1'
155634:T510837_125:RESET is 1 now. FINISHED.
155638:T510837_125:SET 1 to ni.var.psp://localhost/OPC/OPC_LabView/HAVC/192_168_60_39/SCREW/9_1
155638:T510837_125:clear RESET SCREW
155638:T510837_125:No more clear, Wait for RESET to be '1'
155641:T510837_125:RESET is 1 now. FINISHED.
155713:T510837_126:SET 5 to ni.var.psp://localhost/OPC/OPC_LabView/HAVC/192_168_60_39/SCREW/9_1
155713:T510837_126:clear RESET SCREW
155713:T510837_126:No more clear, Wait for RESET to be '1'
155723:T510837_126:RESET is 1 now. FINISHED.
155726:T510837_126:SET 1 to ni.var.psp://localhost/OPC/OPC_LabView/HAVC/192_168_60_39/SCREW/9_1
155727:T510837_126:clear RESET SCREW
155727:T510837_126:No more clear, Wait for RESET to be '1'
155730:T510837_126:RESET is 1 now. FINISHED.
155751:T510837_127:SET 5 to ni.var.psp://localhost/OPC/OPC_LabView/HAVC/192_168_60_39/SCREW/9_1
155751:T510837_127:clear RESET SCREW
155751:T510837_127:No more clear, Wait for RESET to be '1'
155803:T510837_127:RESET is 1 now. FINISHED.
155806:T510837_127:SET 1 to ni.var.psp://localhost/OPC/OPC_LabView/HAVC/192_168_60_39/SCREW/9_1
155806:T510837_127:clear RESET SCREW
155807:T510837_127:No more clear, Wait for RESET to be '1'
155811:T510837_127:RESET is 1 now. FINISHED.
155828:T510837_128:SET 5 to ni.var.psp://localhost/OPC/OPC_LabView/HAVC/192_168_60_39/SCREW/9_1
155828:T510837_128:clear RESET SCREW
155829:T510837_128:No more clear, Wait for RESET to be '1'
155838:T510837_128:RESET is 1 now. FINISHED.
155841:T510837_128:SET 1 to ni.var.psp://localhost/OPC/OPC_LabView/HAVC/192_168_60_39/SCREW/9_1
155842:T510837_128:clear RESET SCREW
155842:T510837_128:No more clear, Wait for RESET to be '1'
155845:T510837_128:RESET is 1 now. FINISHED.
155859:T510837_129:SET 5 to ni.var.psp://localhost/OPC/OPC_LabView/HAVC/192_168_60_39/SCREW/9_1
155859:T510837_129:clear RESET SCREW
155859:T510837_129:No more clear, Wait for RESET to be '1'
155909:T510837_129:RESET is 1 now. FINISHED.
155914:T510837_129:SET 1 to ni.var.psp://localhost/OPC/OPC_LabView/HAVC/192_168_60_39/SCREW/9_1
155914:T510837_129:clear RESET SCREW
155914:T510837_129:No more clear, Wait for RESET to be '1'
155918:T510837_129:RESET is 1 now. FINISHED.
