095200:T510836_1:SET 8 to ni.var.psp://localhost/OPC/OPC_LabView/HAVC/192_168_60_39/SCREW/5_1
095200:T510836_1:clear RESET SCREW
095200:T510836_1:No more clear, Wait for RESET to be '1'
095224:T510836_1:RESET is 1 now. FINISHED.
102135:T510836_2:SET 8 to ni.var.psp://localhost/OPC/OPC_LabView/HAVC/192_168_60_39/SCREW/5_1
102135:T510836_2:clear RESET SCREW
102136:T510836_2:No more clear, Wait for RESET to be '1'
102155:T510836_2:RESET is 1 now. FINISHED.
102212:T510836_3:SET 8 to ni.var.psp://localhost/OPC/OPC_LabView/HAVC/192_168_60_39/SCREW/5_1
102212:T510836_3:clear RESET SCREW
102212:T510836_3:No more clear, Wait for RESET to be '1'
102230:T510836_3:RESET is 1 now. FINISHED.
102247:T510836_4:SET 8 to ni.var.psp://localhost/OPC/OPC_LabView/HAVC/192_168_60_39/SCREW/5_1
102247:T510836_4:clear RESET SCREW
102248:T510836_4:No more clear, Wait for RESET to be '1'
102320:T510836_4:RESET is 1 now. FINISHED.
102342:T510836_5:SET 8 to ni.var.psp://localhost/OPC/OPC_LabView/HAVC/192_168_60_39/SCREW/5_1
102342:T510836_5:clear RESET SCREW
102342:T510836_5:No more clear, Wait for RESET to be '1'
102406:T510836_5:RESET is 1 now. FINISHED.
102424:T510836_6:SET 8 to ni.var.psp://localhost/OPC/OPC_LabView/HAVC/192_168_60_39/SCREW/5_1
102425:T510836_6:clear RESET SCREW
102425:T510836_6:No more clear, Wait for RESET to be '1'
102459:T510836_6:RESET is 1 now. FINISHED.
102519:T510836_7:SET 8 to ni.var.psp://localhost/OPC/OPC_LabView/HAVC/192_168_60_39/SCREW/5_1
102519:T510836_7:clear RESET SCREW
102520:T510836_7:No more clear, Wait for RESET to be '1'
102538:T510836_7:RESET is 1 now. FINISHED.
102558:T510836_8:SET 8 to ni.var.psp://localhost/OPC/OPC_LabView/HAVC/192_168_60_39/SCREW/5_1
102558:T510836_8:clear RESET SCREW
102559:T510836_8:No more clear, Wait for RESET to be '1'
102621:T510836_8:RESET is 1 now. FINISHED.
102645:T510836_9:SET 8 to ni.var.psp://localhost/OPC/OPC_LabView/HAVC/192_168_60_39/SCREW/5_1
102645:T510836_9:clear RESET SCREW
102646:T510836_9:No more clear, Wait for RESET to be '1'
102710:T510836_9:RESET is 1 now. FINISHED.
102734:T510836_10:SET 8 to ni.var.psp://localhost/OPC/OPC_LabView/HAVC/192_168_60_39/SCREW/5_1
102734:T510836_10:clear RESET SCREW
102734:T510836_10:No more clear, Wait for RESET to be '1'
102812:T510836_10:RESET is 1 now. FINISHED.
102850:T510836_11:SET 8 to ni.var.psp://localhost/OPC/OPC_LabView/HAVC/192_168_60_39/SCREW/5_1
102850:T510836_11:clear RESET SCREW
102851:T510836_11:No more clear, Wait for RESET to be '1'
102905:T510836_11:RESET is 1 now. FINISHED.
102946:T510836_12:SET 8 to ni.var.psp://localhost/OPC/OPC_LabView/HAVC/192_168_60_39/SCREW/5_1
102946:T510836_12:clear RESET SCREW
102946:T510836_12:No more clear, Wait for RESET to be '1'
103007:T510836_12:RESET is 1 now. FINISHED.
103154:T510836_13:SET 8 to ni.var.psp://localhost/OPC/OPC_LabView/HAVC/192_168_60_39/SCREW/5_1
103155:T510836_13:clear RESET SCREW
103155:T510836_13:No more clear, Wait for RESET to be '1'
103215:T510836_13:RESET is 1 now. FINISHED.
103330:T510836_14:SET 8 to ni.var.psp://localhost/OPC/OPC_LabView/HAVC/192_168_60_39/SCREW/5_1
103330:T510836_14:clear RESET SCREW
103330:T510836_14:No more clear, Wait for RESET to be '1'
103348:T510836_14:RESET is 1 now. FINISHED.
103459:T510836_15:SET 8 to ni.var.psp://localhost/OPC/OPC_LabView/HAVC/192_168_60_39/SCREW/5_1
103459:T510836_15:clear RESET SCREW
103459:T510836_15:No more clear, Wait for RESET to be '1'
103517:T510836_15:RESET is 1 now. FINISHED.
103635:T510836_16:SET 8 to ni.var.psp://localhost/OPC/OPC_LabView/HAVC/192_168_60_39/SCREW/5_1
103635:T510836_16:clear RESET SCREW
103635:T510836_16:No more clear, Wait for RESET to be '1'
103658:T510836_16:RESET is 1 now. FINISHED.
103718:T510836_17:SET 8 to ni.var.psp://localhost/OPC/OPC_LabView/HAVC/192_168_60_39/SCREW/5_1
103718:T510836_17:clear RESET SCREW
103718:T510836_17:No more clear, Wait for RESET to be '1'
103737:T510836_17:RESET is 1 now. FINISHED.
103841:T510836_18:SET 8 to ni.var.psp://localhost/OPC/OPC_LabView/HAVC/192_168_60_39/SCREW/5_1
103841:T510836_18:clear RESET SCREW
103841:T510836_18:No more clear, Wait for RESET to be '1'
103903:T510836_18:RESET is 1 now. FINISHED.
104037:T510836_19:SET 8 to ni.var.psp://localhost/OPC/OPC_LabView/HAVC/192_168_60_39/SCREW/5_1
104037:T510836_19:clear RESET SCREW
104037:T510836_19:No more clear, Wait for RESET to be '1'
104058:T510836_19:RESET is 1 now. FINISHED.
104217:T510836_20:SET 8 to ni.var.psp://localhost/OPC/OPC_LabView/HAVC/192_168_60_39/SCREW/5_1
104217:T510836_20:clear RESET SCREW
104218:T510836_20:No more clear, Wait for RESET to be '1'
104237:T510836_20:RESET is 1 now. FINISHED.
104324:T510836_21:SET 8 to ni.var.psp://localhost/OPC/OPC_LabView/HAVC/192_168_60_39/SCREW/5_1
104325:T510836_21:clear RESET SCREW
104325:T510836_21:No more clear, Wait for RESET to be '1'
104343:T510836_21:RESET is 1 now. FINISHED.
104514:T510836_22:SET 8 to ni.var.psp://localhost/OPC/OPC_LabView/HAVC/192_168_60_39/SCREW/5_1
104514:T510836_22:clear RESET SCREW
104515:T510836_22:No more clear, Wait for RESET to be '1'
104530:T510836_22:RESET is 1 now. FINISHED.
104604:T510836_23:SET 8 to ni.var.psp://localhost/OPC/OPC_LabView/HAVC/192_168_60_39/SCREW/5_1
104604:T510836_23:clear RESET SCREW
104605:T510836_23:No more clear, Wait for RESET to be '1'
104621:T510836_23:RESET is 1 now. FINISHED.
104741:T510836_24:SET 8 to ni.var.psp://localhost/OPC/OPC_LabView/HAVC/192_168_60_39/SCREW/5_1
104741:T510836_24:clear RESET SCREW
104741:T510836_24:No more clear, Wait for RESET to be '1'
104757:T510836_24:RESET is 1 now. FINISHED.
104850:T510836_25:SET 8 to ni.var.psp://localhost/OPC/OPC_LabView/HAVC/192_168_60_39/SCREW/5_1
104850:T510836_25:clear RESET SCREW
104850:T510836_25:No more clear, Wait for RESET to be '1'
104911:T510836_25:RESET is 1 now. FINISHED.
105117:T510836_26:SET 8 to ni.var.psp://localhost/OPC/OPC_LabView/HAVC/192_168_60_39/SCREW/5_1
105117:T510836_26:clear RESET SCREW
105118:T510836_26:No more clear, Wait for RESET to be '1'
105135:T510836_26:RESET is 1 now. FINISHED.
105251:T510836_27:SET 8 to ni.var.psp://localhost/OPC/OPC_LabView/HAVC/192_168_60_39/SCREW/5_1
105251:T510836_27:clear RESET SCREW
105251:T510836_27:No more clear, Wait for RESET to be '1'
105313:T510836_27:RESET is 1 now. FINISHED.
105407:T510836_28:SET 8 to ni.var.psp://localhost/OPC/OPC_LabView/HAVC/192_168_60_39/SCREW/5_1
105407:T510836_28:clear RESET SCREW
105407:T510836_28:No more clear, Wait for RESET to be '1'
105426:T510836_28:RESET is 1 now. FINISHED.
105510:T510836_29:SET 8 to ni.var.psp://localhost/OPC/OPC_LabView/HAVC/192_168_60_39/SCREW/5_1
105511:T510836_29:clear RESET SCREW
105511:T510836_29:No more clear, Wait for RESET to be '1'
105530:T510836_29:RESET is 1 now. FINISHED.
105737:T510836_30:SET 8 to ni.var.psp://localhost/OPC/OPC_LabView/HAVC/192_168_60_39/SCREW/5_1
105737:T510836_30:clear RESET SCREW
105738:T510836_30:No more clear, Wait for RESET to be '1'
105755:T510836_30:RESET is 1 now. FINISHED.
105846:T510836_31:SET 8 to ni.var.psp://localhost/OPC/OPC_LabView/HAVC/192_168_60_39/SCREW/5_1
105846:T510836_31:clear RESET SCREW
105847:T510836_31:No more clear, Wait for RESET to be '1'
105903:T510836_31:RESET is 1 now. FINISHED.
110005:T510836_32:SET 8 to ni.var.psp://localhost/OPC/OPC_LabView/HAVC/192_168_60_39/SCREW/5_1
110005:T510836_32:clear RESET SCREW
110005:T510836_32:No more clear, Wait for RESET to be '1'
110031:T510836_32:RESET is 1 now. FINISHED.
110340:T510836_33:SET 8 to ni.var.psp://localhost/OPC/OPC_LabView/HAVC/192_168_60_39/SCREW/5_1
110340:T510836_33:clear RESET SCREW
110341:T510836_33:No more clear, Wait for RESET to be '1'
110402:T510836_33:RESET is 1 now. FINISHED.
110505:T510836_34:SET 8 to ni.var.psp://localhost/OPC/OPC_LabView/HAVC/192_168_60_39/SCREW/5_1
110505:T510836_34:clear RESET SCREW
110506:T510836_34:No more clear, Wait for RESET to be '1'
110528:T510836_34:RESET is 1 now. FINISHED.
130446:T510836_35:SET 8 to ni.var.psp://localhost/OPC/OPC_LabView/HAVC/192_168_60_39/SCREW/5_1
130447:T510836_35:clear RESET SCREW
130447:T510836_35:No more clear, Wait for RESET to be '1'
130520:T510836_35:RESET is 1 now. FINISHED.
130534:T510836_36:SET 8 to ni.var.psp://localhost/OPC/OPC_LabView/HAVC/192_168_60_39/SCREW/5_1
130534:T510836_36:clear RESET SCREW
130534:T510836_36:No more clear, Wait for RESET to be '1'
130553:T510836_36:RESET is 1 now. FINISHED.
130612:T510836_37:SET 8 to ni.var.psp://localhost/OPC/OPC_LabView/HAVC/192_168_60_39/SCREW/5_1
130612:T510836_37:clear RESET SCREW
130612:T510836_37:No more clear, Wait for RESET to be '1'
130636:T510836_37:RESET is 1 now. FINISHED.
130725:T510836_38:SET 8 to ni.var.psp://localhost/OPC/OPC_LabView/HAVC/192_168_60_39/SCREW/5_1
130725:T510836_38:clear RESET SCREW
130726:T510836_38:No more clear, Wait for RESET to be '1'
130757:T510836_38:RESET is 1 now. FINISHED.
130815:T510836_39:SET 8 to ni.var.psp://localhost/OPC/OPC_LabView/HAVC/192_168_60_39/SCREW/5_1
130815:T510836_39:clear RESET SCREW
130816:T510836_39:No more clear, Wait for RESET to be '1'
130843:T510836_39:RESET is 1 now. FINISHED.
130906:T510836_40:SET 8 to ni.var.psp://localhost/OPC/OPC_LabView/HAVC/192_168_60_39/SCREW/5_1
130906:T510836_40:clear RESET SCREW
130906:T510836_40:No more clear, Wait for RESET to be '1'
130923:T510836_40:RESET is 1 now. FINISHED.
130938:T510836_41:SET 8 to ni.var.psp://localhost/OPC/OPC_LabView/HAVC/192_168_60_39/SCREW/5_1
130938:T510836_41:clear RESET SCREW
130938:T510836_41:No more clear, Wait for RESET to be '1'
130956:T510836_41:RESET is 1 now. FINISHED.
131020:T510836_42:SET 8 to ni.var.psp://localhost/OPC/OPC_LabView/HAVC/192_168_60_39/SCREW/5_1
131020:T510836_42:clear RESET SCREW
131021:T510836_42:No more clear, Wait for RESET to be '1'
131050:T510836_42:RESET is 1 now. FINISHED.
131111:T510836_43:SET 8 to ni.var.psp://localhost/OPC/OPC_LabView/HAVC/192_168_60_39/SCREW/5_1
131112:T510836_43:clear RESET SCREW
131112:T510836_43:No more clear, Wait for RESET to be '1'
131134:T510836_43:RESET is 1 now. FINISHED.
131352:T510836_44:SET 8 to ni.var.psp://localhost/OPC/OPC_LabView/HAVC/192_168_60_39/SCREW/5_1
131352:T510836_44:clear RESET SCREW
131352:T510836_44:No more clear, Wait for RESET to be '1'
131414:T510836_44:RESET is 1 now. FINISHED.
131426:T510836_45:SET 8 to ni.var.psp://localhost/OPC/OPC_LabView/HAVC/192_168_60_39/SCREW/5_1
131426:T510836_45:clear RESET SCREW
131426:T510836_45:No more clear, Wait for RESET to be '1'
131452:T510836_45:RESET is 1 now. FINISHED.
135051:T510836_47:SET 8 to ni.var.psp://localhost/OPC/OPC_LabView/HAVC/192_168_60_39/SCREW/5_1
135051:T510836_47:clear RESET SCREW
135051:T510836_47:No more clear, Wait for RESET to be '1'
135112:T510836_47:RESET is 1 now. FINISHED.
135126:T510836_48:SET 8 to ni.var.psp://localhost/OPC/OPC_LabView/HAVC/192_168_60_39/SCREW/5_1
135127:T510836_48:clear RESET SCREW
135127:T510836_48:No more clear, Wait for RESET to be '1'
135147:T510836_48:RESET is 1 now. FINISHED.
135208:T510836_49:SET 8 to ni.var.psp://localhost/OPC/OPC_LabView/HAVC/192_168_60_39/SCREW/5_1
135208:T510836_49:clear RESET SCREW
135209:T510836_49:No more clear, Wait for RESET to be '1'
135231:T510836_49:RESET is 1 now. FINISHED.
135353:T510836_50:SET 8 to ni.var.psp://localhost/OPC/OPC_LabView/HAVC/192_168_60_39/SCREW/5_1
135353:T510836_50:clear RESET SCREW
135354:T510836_50:No more clear, Wait for RESET to be '1'
135416:T510836_50:RESET is 1 now. FINISHED.
135449:T510836_51:SET 8 to ni.var.psp://localhost/OPC/OPC_LabView/HAVC/192_168_60_39/SCREW/5_1
135449:T510836_51:clear RESET SCREW
135450:T510836_51:No more clear, Wait for RESET to be '1'
135510:T510836_51:RESET is 1 now. FINISHED.
135812:T510836_52:SET 8 to ni.var.psp://localhost/OPC/OPC_LabView/HAVC/192_168_60_39/SCREW/5_1
135812:T510836_52:clear RESET SCREW
135812:T510836_52:No more clear, Wait for RESET to be '1'
135848:T510836_52:RESET is 1 now. FINISHED.
135914:T510836_53:SET 8 to ni.var.psp://localhost/OPC/OPC_LabView/HAVC/192_168_60_39/SCREW/5_1
135914:T510836_53:clear RESET SCREW
135915:T510836_53:No more clear, Wait for RESET to be '1'
135933:T510836_53:RESET is 1 now. FINISHED.
140002:T510836_54:SET 8 to ni.var.psp://localhost/OPC/OPC_LabView/HAVC/192_168_60_39/SCREW/5_1
140002:T510836_54:clear RESET SCREW
140003:T510836_54:No more clear, Wait for RESET to be '1'
140020:T510836_54:RESET is 1 now. FINISHED.
140154:T510836_55:SET 8 to ni.var.psp://localhost/OPC/OPC_LabView/HAVC/192_168_60_39/SCREW/5_1
140154:T510836_55:clear RESET SCREW
140155:T510836_55:No more clear, Wait for RESET to be '1'
140214:T510836_55:RESET is 1 now. FINISHED.
140253:T510836_56:SET 8 to ni.var.psp://localhost/OPC/OPC_LabView/HAVC/192_168_60_39/SCREW/5_1
140253:T510836_56:clear RESET SCREW
140254:T510836_56:No more clear, Wait for RESET to be '1'
140316:T510836_56:RESET is 1 now. FINISHED.
140353:T510836_57:SET 8 to ni.var.psp://localhost/OPC/OPC_LabView/HAVC/192_168_60_39/SCREW/5_1
140353:T510836_57:clear RESET SCREW
140354:T510836_57:No more clear, Wait for RESET to be '1'
140412:T510836_57:RESET is 1 now. FINISHED.
140502:T510836_58:SET 8 to ni.var.psp://localhost/OPC/OPC_LabView/HAVC/192_168_60_39/SCREW/5_1
140502:T510836_58:clear RESET SCREW
140503:T510836_58:No more clear, Wait for RESET to be '1'
140519:T510836_58:RESET is 1 now. FINISHED.
140648:T510836_59:SET 8 to ni.var.psp://localhost/OPC/OPC_LabView/HAVC/192_168_60_39/SCREW/5_1
140648:T510836_59:clear RESET SCREW
140648:T510836_59:No more clear, Wait for RESET to be '1'
140708:T510836_59:RESET is 1 now. FINISHED.
140754:T510836_60:SET 8 to ni.var.psp://localhost/OPC/OPC_LabView/HAVC/192_168_60_39/SCREW/5_1
140754:T510836_60:clear RESET SCREW
140754:T510836_60:No more clear, Wait for RESET to be '1'
140837:T510836_60:RESET is 1 now. FINISHED.
140912:T510836_61:SET 8 to ni.var.psp://localhost/OPC/OPC_LabView/HAVC/192_168_60_39/SCREW/5_1
140912:T510836_61:clear RESET SCREW
140912:T510836_61:No more clear, Wait for RESET to be '1'
140934:T510836_61:RESET is 1 now. FINISHED.
140948:T510836_62:SET 8 to ni.var.psp://localhost/OPC/OPC_LabView/HAVC/192_168_60_39/SCREW/5_1
140948:T510836_62:clear RESET SCREW
140948:T510836_62:No more clear, Wait for RESET to be '1'
141014:T510836_62:RESET is 1 now. FINISHED.
141028:T510836_63:SET 8 to ni.var.psp://localhost/OPC/OPC_LabView/HAVC/192_168_60_39/SCREW/5_1
141028:T510836_63:clear RESET SCREW
141029:T510836_63:No more clear, Wait for RESET to be '1'
141046:T510836_63:RESET is 1 now. FINISHED.
141112:T510836_64:SET 8 to ni.var.psp://localhost/OPC/OPC_LabView/HAVC/192_168_60_39/SCREW/5_1
141112:T510836_64:clear RESET SCREW
141112:T510836_64:No more clear, Wait for RESET to be '1'
141144:T510836_64:RESET is 1 now. FINISHED.
141257:T510836_65:SET 8 to ni.var.psp://localhost/OPC/OPC_LabView/HAVC/192_168_60_39/SCREW/5_1
141257:T510836_65:clear RESET SCREW
141257:T510836_65:No more clear, Wait for RESET to be '1'
141322:T510836_65:RESET is 1 now. FINISHED.
141337:T510836_66:SET 8 to ni.var.psp://localhost/OPC/OPC_LabView/HAVC/192_168_60_39/SCREW/5_1
141338:T510836_66:clear RESET SCREW
141338:T510836_66:No more clear, Wait for RESET to be '1'
141400:T510836_66:RESET is 1 now. FINISHED.
141430:T510836_67:SET 8 to ni.var.psp://localhost/OPC/OPC_LabView/HAVC/192_168_60_39/SCREW/5_1
141430:T510836_67:clear RESET SCREW
141431:T510836_67:No more clear, Wait for RESET to be '1'
141452:T510836_67:RESET is 1 now. FINISHED.
141529:T510836_68:SET 8 to ni.var.psp://localhost/OPC/OPC_LabView/HAVC/192_168_60_39/SCREW/5_1
141529:T510836_68:clear RESET SCREW
141529:T510836_68:No more clear, Wait for RESET to be '1'
141545:T510836_68:RESET is 1 now. FINISHED.
141648:T510836_69:SET 8 to ni.var.psp://localhost/OPC/OPC_LabView/HAVC/192_168_60_39/SCREW/5_1
141648:T510836_69:clear RESET SCREW
141648:T510836_69:No more clear, Wait for RESET to be '1'
141714:T510836_69:RESET is 1 now. FINISHED.
142033:T510836_70:SET 8 to ni.var.psp://localhost/OPC/OPC_LabView/HAVC/192_168_60_39/SCREW/5_1
142033:T510836_70:clear RESET SCREW
142033:T510836_70:No more clear, Wait for RESET to be '1'
142053:T510836_70:RESET is 1 now. FINISHED.
142112:T510836_71:SET 8 to ni.var.psp://localhost/OPC/OPC_LabView/HAVC/192_168_60_39/SCREW/5_1
142112:T510836_71:clear RESET SCREW
142112:T510836_71:No more clear, Wait for RESET to be '1'
142129:T510836_71:RESET is 1 now. FINISHED.
142205:T510836_72:SET 8 to ni.var.psp://localhost/OPC/OPC_LabView/HAVC/192_168_60_39/SCREW/5_1
142205:T510836_72:clear RESET SCREW
142205:T510836_72:No more clear, Wait for RESET to be '1'
142225:T510836_72:RESET is 1 now. FINISHED.
142244:T510836_73:SET 8 to ni.var.psp://localhost/OPC/OPC_LabView/HAVC/192_168_60_39/SCREW/5_1
142244:T510836_73:clear RESET SCREW
142244:T510836_73:No more clear, Wait for RESET to be '1'
142321:T510836_73:RESET is 1 now. FINISHED.
142413:T510836_74:SET 8 to ni.var.psp://localhost/OPC/OPC_LabView/HAVC/192_168_60_39/SCREW/5_1
142414:T510836_74:clear RESET SCREW
142414:T510836_74:No more clear, Wait for RESET to be '1'
142435:T510836_74:RESET is 1 now. FINISHED.
142504:T510836_75:SET 8 to ni.var.psp://localhost/OPC/OPC_LabView/HAVC/192_168_60_39/SCREW/5_1
142504:T510836_75:clear RESET SCREW
142505:T510836_75:No more clear, Wait for RESET to be '1'
142535:T510836_75:RESET is 1 now. FINISHED.
142548:T510836_76:SET 8 to ni.var.psp://localhost/OPC/OPC_LabView/HAVC/192_168_60_39/SCREW/5_1
142548:T510836_76:clear RESET SCREW
142549:T510836_76:No more clear, Wait for RESET to be '1'
142613:T510836_76:RESET is 1 now. FINISHED.
142726:T510836_77:SET 8 to ni.var.psp://localhost/OPC/OPC_LabView/HAVC/192_168_60_39/SCREW/5_1
142726:T510836_77:clear RESET SCREW
142726:T510836_77:No more clear, Wait for RESET to be '1'
142747:T510836_77:RESET is 1 now. FINISHED.
142907:T510836_78:SET 8 to ni.var.psp://localhost/OPC/OPC_LabView/HAVC/192_168_60_39/SCREW/5_1
142907:T510836_78:clear RESET SCREW
142907:T510836_78:No more clear, Wait for RESET to be '1'
142922:T510836_78:RESET is 1 now. FINISHED.
143146:T510836_79:SET 8 to ni.var.psp://localhost/OPC/OPC_LabView/HAVC/192_168_60_39/SCREW/5_1
143146:T510836_79:clear RESET SCREW
143146:T510836_79:No more clear, Wait for RESET to be '1'
143208:T510836_79:RESET is 1 now. FINISHED.
143223:T510836_80:SET 8 to ni.var.psp://localhost/OPC/OPC_LabView/HAVC/192_168_60_39/SCREW/5_1
143224:T510836_80:clear RESET SCREW
143224:T510836_80:No more clear, Wait for RESET to be '1'
143242:T510836_80:RESET is 1 now. FINISHED.
143257:T510836_81:SET 8 to ni.var.psp://localhost/OPC/OPC_LabView/HAVC/192_168_60_39/SCREW/5_1
143257:T510836_81:clear RESET SCREW
143257:T510836_81:No more clear, Wait for RESET to be '1'
143323:T510836_81:RESET is 1 now. FINISHED.
143345:T510836_82:SET 8 to ni.var.psp://localhost/OPC/OPC_LabView/HAVC/192_168_60_39/SCREW/5_1
143345:T510836_82:clear RESET SCREW
143346:T510836_82:No more clear, Wait for RESET to be '1'
143421:T510836_82:RESET is 1 now. FINISHED.
143509:T510836_83:SET 8 to ni.var.psp://localhost/OPC/OPC_LabView/HAVC/192_168_60_39/SCREW/5_1
143509:T510836_83:clear RESET SCREW
143509:T510836_83:No more clear, Wait for RESET to be '1'
143534:T510836_83:RESET is 1 now. FINISHED.
143546:T510836_84:SET 8 to ni.var.psp://localhost/OPC/OPC_LabView/HAVC/192_168_60_39/SCREW/5_1
143546:T510836_84:clear RESET SCREW
143546:T510836_84:No more clear, Wait for RESET to be '1'
143611:T510836_84:RESET is 1 now. FINISHED.
143626:T510836_85:SET 8 to ni.var.psp://localhost/OPC/OPC_LabView/HAVC/192_168_60_39/SCREW/5_1
143626:T510836_85:clear RESET SCREW
143626:T510836_85:No more clear, Wait for RESET to be '1'
143641:T510836_85:RESET is 1 now. FINISHED.
143726:T510836_86:SET 8 to ni.var.psp://localhost/OPC/OPC_LabView/HAVC/192_168_60_39/SCREW/5_1
143727:T510836_86:clear RESET SCREW
143727:T510836_86:No more clear, Wait for RESET to be '1'
143746:T510836_86:RESET is 1 now. FINISHED.
143810:T510836_87:SET 8 to ni.var.psp://localhost/OPC/OPC_LabView/HAVC/192_168_60_39/SCREW/5_1
143810:T510836_87:clear RESET SCREW
143810:T510836_87:No more clear, Wait for RESET to be '1'
143831:T510836_87:RESET is 1 now. FINISHED.
143947:T510836_88:SET 8 to ni.var.psp://localhost/OPC/OPC_LabView/HAVC/192_168_60_39/SCREW/5_1
143947:T510836_88:clear RESET SCREW
143947:T510836_88:No more clear, Wait for RESET to be '1'
144005:T510836_88:RESET is 1 now. FINISHED.
144044:T510836_89:SET 8 to ni.var.psp://localhost/OPC/OPC_LabView/HAVC/192_168_60_39/SCREW/5_1
144044:T510836_89:clear RESET SCREW
144044:T510836_89:No more clear, Wait for RESET to be '1'
144103:T510836_89:RESET is 1 now. FINISHED.
144200:T510836_90:SET 8 to ni.var.psp://localhost/OPC/OPC_LabView/HAVC/192_168_60_39/SCREW/5_1
144200:T510836_90:clear RESET SCREW
144200:T510836_90:No more clear, Wait for RESET to be '1'
144220:T510836_90:RESET is 1 now. FINISHED.
144710:T510836_91:SET 8 to ni.var.psp://localhost/OPC/OPC_LabView/HAVC/192_168_60_39/SCREW/5_1
144710:T510836_91:clear RESET SCREW
144711:T510836_91:No more clear, Wait for RESET to be '1'
144726:T510836_91:RESET is 1 now. FINISHED.
144816:T510836_92:SET 8 to ni.var.psp://localhost/OPC/OPC_LabView/HAVC/192_168_60_39/SCREW/5_1
144817:T510836_92:clear RESET SCREW
144817:T510836_92:No more clear, Wait for RESET to be '1'
144843:T510836_92:RESET is 1 now. FINISHED.
145524:T510836_93:SET 8 to ni.var.psp://localhost/OPC/OPC_LabView/HAVC/192_168_60_39/SCREW/5_1
145524:T510836_93:clear RESET SCREW
145524:T510836_93:No more clear, Wait for RESET to be '1'
145542:T510836_93:RESET is 1 now. FINISHED.
145608:T510836_94:SET 8 to ni.var.psp://localhost/OPC/OPC_LabView/HAVC/192_168_60_39/SCREW/5_1
145608:T510836_94:clear RESET SCREW
145608:T510836_94:No more clear, Wait for RESET to be '1'
145629:T510836_94:RESET is 1 now. FINISHED.
145731:T510836_95:SET 8 to ni.var.psp://localhost/OPC/OPC_LabView/HAVC/192_168_60_39/SCREW/5_1
145731:T510836_95:clear RESET SCREW
145732:T510836_95:No more clear, Wait for RESET to be '1'
145749:T510836_95:RESET is 1 now. FINISHED.
145821:T510836_96:SET 8 to ni.var.psp://localhost/OPC/OPC_LabView/HAVC/192_168_60_39/SCREW/5_1
145821:T510836_96:clear RESET SCREW
145821:T510836_96:No more clear, Wait for RESET to be '1'
145835:T510836_96:RESET is 1 now. FINISHED.
153558:T510836_98:SET 8 to ni.var.psp://localhost/OPC/OPC_LabView/HAVC/192_168_60_39/SCREW/5_1
153559:T510836_98:clear RESET SCREW
153601:T510836_98:No more clear, Wait for RESET to be '1'
153601:T510836_98:RESET is 1 now. FINISHED.
153613:T510836_99:SET 8 to ni.var.psp://localhost/OPC/OPC_LabView/HAVC/192_168_60_39/SCREW/5_1
153613:T510836_99:clear RESET SCREW
153613:T510836_99:No more clear, Wait for RESET to be '1'
153614:T510836_99:RESET is 1 now. FINISHED.
153641:T510836_100:SET 8 to ni.var.psp://localhost/OPC/OPC_LabView/HAVC/192_168_60_39/SCREW/5_1
153641:T510836_100:clear RESET SCREW
153643:T510836_100:No more clear, Wait for RESET to be '1'
153644:T510836_100:RESET is 1 now. FINISHED.
153656:T510836_101:SET 8 to ni.var.psp://localhost/OPC/OPC_LabView/HAVC/192_168_60_39/SCREW/5_1
153656:T510836_101:clear RESET SCREW
153656:T510836_101:No more clear, Wait for RESET to be '1'
153657:T510836_101:RESET is 1 now. FINISHED.
153745:T510836_102:SET 8 to ni.var.psp://localhost/OPC/OPC_LabView/HAVC/192_168_60_39/SCREW/5_1
153745:T510836_102:clear RESET SCREW
153745:T510836_102:No more clear, Wait for RESET to be '1'
153749:T510836_102:RESET is 1 now. FINISHED.
153834:T510836_103:SET 8 to ni.var.psp://localhost/OPC/OPC_LabView/HAVC/192_168_60_39/SCREW/5_1
153834:T510836_103:clear RESET SCREW
153835:T510836_103:No more clear, Wait for RESET to be '1'
153836:T510836_103:RESET is 1 now. FINISHED.
154210:T510836_104:SET 8 to ni.var.psp://localhost/OPC/OPC_LabView/HAVC/192_168_60_39/SCREW/5_1
154210:T510836_104:clear RESET SCREW
154211:T510836_104:No more clear, Wait for RESET to be '1'
154212:T510836_104:RESET is 1 now. FINISHED.
170957:T510837_1:SET 8 to ni.var.psp://localhost/OPC/OPC_LabView/HAVC/192_168_60_39/SCREW/5_1
170957:T510837_1:clear RESET SCREW
171000:T510837_1:No more clear, Wait for RESET to be '1'
171000:T510837_1:RESET is 1 now. FINISHED.
171656:T510837_2:SET 8 to ni.var.psp://localhost/OPC/OPC_LabView/HAVC/192_168_60_39/SCREW/5_1
171657:T510837_2:clear RESET SCREW
171657:T510837_2:No more clear, Wait for RESET to be '1'
171658:T510837_2:RESET is 1 now. FINISHED.
171826:T510836_107:SET 8 to ni.var.psp://localhost/OPC/OPC_LabView/HAVC/192_168_60_39/SCREW/5_1
171826:T510836_107:clear RESET SCREW
171831:T510836_107:No more clear, Wait for RESET to be '1'
171831:T510836_107:RESET is 1 now. FINISHED.
171854:T510836_108:SET 8 to ni.var.psp://localhost/OPC/OPC_LabView/HAVC/192_168_60_39/SCREW/5_1
171855:T510836_108:clear RESET SCREW
171855:T510836_108:No more clear, Wait for RESET to be '1'
171855:T510836_108:RESET is 1 now. FINISHED.
171914:T510836_109:SET 8 to ni.var.psp://localhost/OPC/OPC_LabView/HAVC/192_168_60_39/SCREW/5_1
171914:T510836_109:clear RESET SCREW
171915:T510836_109:No more clear, Wait for RESET to be '1'
171915:T510836_109:RESET is 1 now. FINISHED.
171930:T510836_110:SET 8 to ni.var.psp://localhost/OPC/OPC_LabView/HAVC/192_168_60_39/SCREW/5_1
171930:T510836_110:clear RESET SCREW
171931:T510836_110:No more clear, Wait for RESET to be '1'
171931:T510836_110:RESET is 1 now. FINISHED.
172003:T510836_111:SET 8 to ni.var.psp://localhost/OPC/OPC_LabView/HAVC/192_168_60_39/SCREW/5_1
172003:T510836_111:clear RESET SCREW
172006:T510836_111:No more clear, Wait for RESET to be '1'
172006:T510836_111:RESET is 1 now. FINISHED.
172052:T510836_112:SET 8 to ni.var.psp://localhost/OPC/OPC_LabView/HAVC/192_168_60_39/SCREW/5_1
172053:T510836_112:clear RESET SCREW
172053:T510836_112:No more clear, Wait for RESET to be '1'
172053:T510836_112:RESET is 1 now. FINISHED.
172100:T510836_113:SET 8 to ni.var.psp://localhost/OPC/OPC_LabView/HAVC/192_168_60_39/SCREW/5_1
172100:T510836_113:clear RESET SCREW
172102:T510836_113:No more clear, Wait for RESET to be '1'
172102:T510836_113:RESET is 1 now. FINISHED.
172134:T510836_114:SET 8 to ni.var.psp://localhost/OPC/OPC_LabView/HAVC/192_168_60_39/SCREW/5_1
172135:T510836_114:clear RESET SCREW
172136:T510836_114:No more clear, Wait for RESET to be '1'
172136:T510836_114:RESET is 1 now. FINISHED.
174501:T510837_3:SET 8 to ni.var.psp://localhost/OPC/OPC_LabView/HAVC/192_168_60_39/SCREW/5_1
174501:T510837_3:clear RESET SCREW
174501:T510837_3:No more clear, Wait for RESET to be '1'
174521:T510837_3:RESET is 1 now. FINISHED.
174544:T510837_4:SET 8 to ni.var.psp://localhost/OPC/OPC_LabView/HAVC/192_168_60_39/SCREW/5_1
174544:T510837_4:clear RESET SCREW
174544:T510837_4:No more clear, Wait for RESET to be '1'
174610:T510837_4:RESET is 1 now. FINISHED.
174625:T510837_5:SET 8 to ni.var.psp://localhost/OPC/OPC_LabView/HAVC/192_168_60_39/SCREW/5_1
174625:T510837_5:clear RESET SCREW
174625:T510837_5:No more clear, Wait for RESET to be '1'
174647:T510837_5:RESET is 1 now. FINISHED.
174656:T510837_6:SET 8 to ni.var.psp://localhost/OPC/OPC_LabView/HAVC/192_168_60_39/SCREW/5_1
174656:T510837_6:clear RESET SCREW
174656:T510837_6:No more clear, Wait for RESET to be '1'
174718:T510837_6:RESET is 1 now. FINISHED.
174735:T510837_7:SET 8 to ni.var.psp://localhost/OPC/OPC_LabView/HAVC/192_168_60_39/SCREW/5_1
174735:T510837_7:clear RESET SCREW
174736:T510837_7:No more clear, Wait for RESET to be '1'
174747:T510837_7:RESET is 1 now. FINISHED.
174753:T510837_8:SET 8 to ni.var.psp://localhost/OPC/OPC_LabView/HAVC/192_168_60_39/SCREW/5_1
174753:T510837_8:clear RESET SCREW
174754:T510837_8:No more clear, Wait for RESET to be '1'
174810:T510837_8:RESET is 1 now. FINISHED.
174836:T510837_9:SET 8 to ni.var.psp://localhost/OPC/OPC_LabView/HAVC/192_168_60_39/SCREW/5_1
174836:T510837_9:clear RESET SCREW
174836:T510837_9:No more clear, Wait for RESET to be '1'
174859:T510837_9:RESET is 1 now. FINISHED.
174922:T510837_10:SET 8 to ni.var.psp://localhost/OPC/OPC_LabView/HAVC/192_168_60_39/SCREW/5_1
174922:T510837_10:clear RESET SCREW
174923:T510837_10:No more clear, Wait for RESET to be '1'
174944:T510837_10:RESET is 1 now. FINISHED.
175006:T510837_11:SET 8 to ni.var.psp://localhost/OPC/OPC_LabView/HAVC/192_168_60_39/SCREW/5_1
175006:T510837_11:clear RESET SCREW
175007:T510837_11:No more clear, Wait for RESET to be '1'
175027:T510837_11:RESET is 1 now. FINISHED.
175158:T510837_12:SET 8 to ni.var.psp://localhost/OPC/OPC_LabView/HAVC/192_168_60_39/SCREW/5_1
175158:T510837_12:clear RESET SCREW
175158:T510837_12:No more clear, Wait for RESET to be '1'
175214:T510837_12:RESET is 1 now. FINISHED.
175250:T510837_13:SET 8 to ni.var.psp://localhost/OPC/OPC_LabView/HAVC/192_168_60_39/SCREW/5_1
175250:T510837_13:clear RESET SCREW
175251:T510837_13:No more clear, Wait for RESET to be '1'
175305:T510837_13:RESET is 1 now. FINISHED.
175512:T510837_14:SET 8 to ni.var.psp://localhost/OPC/OPC_LabView/HAVC/192_168_60_39/SCREW/5_1
175512:T510837_14:clear RESET SCREW
175513:T510837_14:No more clear, Wait for RESET to be '1'
175527:T510837_14:RESET is 1 now. FINISHED.
182404:T510837_15:SET 8 to ni.var.psp://localhost/OPC/OPC_LabView/HAVC/192_168_60_39/SCREW/5_1
182405:T510837_15:clear RESET SCREW
182405:T510837_15:No more clear, Wait for RESET to be '1'
182420:T510837_15:RESET is 1 now. FINISHED.
182456:T510837_16:SET 8 to ni.var.psp://localhost/OPC/OPC_LabView/HAVC/192_168_60_39/SCREW/5_1
182456:T510837_16:clear RESET SCREW
182457:T510837_16:No more clear, Wait for RESET to be '1'
182508:T510837_16:RESET is 1 now. FINISHED.
182531:T510837_17:SET 8 to ni.var.psp://localhost/OPC/OPC_LabView/HAVC/192_168_60_39/SCREW/5_1
182532:T510837_17:clear RESET SCREW
182532:T510837_17:No more clear, Wait for RESET to be '1'
182552:T510837_17:RESET is 1 now. FINISHED.
182606:T510837_18:SET 8 to ni.var.psp://localhost/OPC/OPC_LabView/HAVC/192_168_60_39/SCREW/5_1
182606:T510837_18:clear RESET SCREW
182606:T510837_18:No more clear, Wait for RESET to be '1'
182626:T510837_18:RESET is 1 now. FINISHED.
182708:T510837_19:SET 8 to ni.var.psp://localhost/OPC/OPC_LabView/HAVC/192_168_60_39/SCREW/5_1
182709:T510837_19:clear RESET SCREW
182709:T510837_19:No more clear, Wait for RESET to be '1'
182723:T510837_19:RESET is 1 now. FINISHED.
182738:T510837_20:SET 8 to ni.var.psp://localhost/OPC/OPC_LabView/HAVC/192_168_60_39/SCREW/5_1
182738:T510837_20:clear RESET SCREW
182738:T510837_20:No more clear, Wait for RESET to be '1'
182757:T510837_20:RESET is 1 now. FINISHED.
182803:T510837_21:SET 8 to ni.var.psp://localhost/OPC/OPC_LabView/HAVC/192_168_60_39/SCREW/5_1
182803:T510837_21:clear RESET SCREW
182803:T510837_21:No more clear, Wait for RESET to be '1'
182821:T510837_21:RESET is 1 now. FINISHED.
182943:T510837_22:SET 8 to ni.var.psp://localhost/OPC/OPC_LabView/HAVC/192_168_60_39/SCREW/5_1
182943:T510837_22:clear RESET SCREW
182943:T510837_22:No more clear, Wait for RESET to be '1'
183001:T510837_22:RESET is 1 now. FINISHED.
183046:T510837_23:SET 8 to ni.var.psp://localhost/OPC/OPC_LabView/HAVC/192_168_60_39/SCREW/5_1
183046:T510837_23:clear RESET SCREW
183047:T510837_23:No more clear, Wait for RESET to be '1'
183104:T510837_23:RESET is 1 now. FINISHED.
183123:T510837_24:SET 8 to ni.var.psp://localhost/OPC/OPC_LabView/HAVC/192_168_60_39/SCREW/5_1
183123:T510837_24:clear RESET SCREW
183124:T510837_24:No more clear, Wait for RESET to be '1'
183137:T510837_24:RESET is 1 now. FINISHED.
183214:T510837_25:SET 8 to ni.var.psp://localhost/OPC/OPC_LabView/HAVC/192_168_60_39/SCREW/5_1
183214:T510837_25:clear RESET SCREW
183214:T510837_25:No more clear, Wait for RESET to be '1'
183229:T510837_25:RESET is 1 now. FINISHED.
183311:T510837_26:SET 8 to ni.var.psp://localhost/OPC/OPC_LabView/HAVC/192_168_60_39/SCREW/5_1
183311:T510837_26:clear RESET SCREW
183311:T510837_26:No more clear, Wait for RESET to be '1'
183325:T510837_26:RESET is 1 now. FINISHED.
183346:T510837_27:SET 8 to ni.var.psp://localhost/OPC/OPC_LabView/HAVC/192_168_60_39/SCREW/5_1
183346:T510837_27:clear RESET SCREW
183347:T510837_27:No more clear, Wait for RESET to be '1'
183402:T510837_27:RESET is 1 now. FINISHED.
183419:T510837_28:SET 8 to ni.var.psp://localhost/OPC/OPC_LabView/HAVC/192_168_60_39/SCREW/5_1
183419:T510837_28:clear RESET SCREW
183420:T510837_28:No more clear, Wait for RESET to be '1'
183433:T510837_28:RESET is 1 now. FINISHED.
183509:T510837_29:SET 8 to ni.var.psp://localhost/OPC/OPC_LabView/HAVC/192_168_60_39/SCREW/5_1
183509:T510837_29:clear RESET SCREW
183510:T510837_29:No more clear, Wait for RESET to be '1'
183531:T510837_29:RESET is 1 now. FINISHED.
183538:T510837_30:SET 8 to ni.var.psp://localhost/OPC/OPC_LabView/HAVC/192_168_60_39/SCREW/5_1
183538:T510837_30:clear RESET SCREW
183538:T510837_30:No more clear, Wait for RESET to be '1'
183554:T510837_30:RESET is 1 now. FINISHED.
183641:T510837_31:SET 8 to ni.var.psp://localhost/OPC/OPC_LabView/HAVC/192_168_60_39/SCREW/5_1
183641:T510837_31:clear RESET SCREW
183642:T510837_31:No more clear, Wait for RESET to be '1'
183658:T510837_31:RESET is 1 now. FINISHED.
183746:T510837_32:SET 8 to ni.var.psp://localhost/OPC/OPC_LabView/HAVC/192_168_60_39/SCREW/5_1
183746:T510837_32:clear RESET SCREW
183747:T510837_32:No more clear, Wait for RESET to be '1'
183804:T510837_32:RESET is 1 now. FINISHED.
183813:T510837_33:SET 8 to ni.var.psp://localhost/OPC/OPC_LabView/HAVC/192_168_60_39/SCREW/5_1
183814:T510837_33:clear RESET SCREW
183814:T510837_33:No more clear, Wait for RESET to be '1'
183837:T510837_33:RESET is 1 now. FINISHED.
183941:T510837_34:SET 8 to ni.var.psp://localhost/OPC/OPC_LabView/HAVC/192_168_60_39/SCREW/5_1
183941:T510837_34:clear RESET SCREW
183942:T510837_34:No more clear, Wait for RESET to be '1'
183959:T510837_34:RESET is 1 now. FINISHED.
184010:T510837_35:SET 8 to ni.var.psp://localhost/OPC/OPC_LabView/HAVC/192_168_60_39/SCREW/5_1
184010:T510837_35:clear RESET SCREW
184010:T510837_35:No more clear, Wait for RESET to be '1'
184024:T510837_35:RESET is 1 now. FINISHED.
184057:T510837_36:SET 8 to ni.var.psp://localhost/OPC/OPC_LabView/HAVC/192_168_60_39/SCREW/5_1
184057:T510837_36:clear RESET SCREW
184058:T510837_36:No more clear, Wait for RESET to be '1'
184129:T510837_36:RESET is 1 now. FINISHED.
184152:T510837_37:SET 8 to ni.var.psp://localhost/OPC/OPC_LabView/HAVC/192_168_60_39/SCREW/5_1
184152:T510837_37:clear RESET SCREW
184152:T510837_37:No more clear, Wait for RESET to be '1'
184205:T510837_37:RESET is 1 now. FINISHED.
184222:T510837_38:SET 8 to ni.var.psp://localhost/OPC/OPC_LabView/HAVC/192_168_60_39/SCREW/5_1
184222:T510837_38:clear RESET SCREW
184223:T510837_38:No more clear, Wait for RESET to be '1'
184237:T510837_38:RESET is 1 now. FINISHED.
184252:T510837_39:SET 8 to ni.var.psp://localhost/OPC/OPC_LabView/HAVC/192_168_60_39/SCREW/5_1
184252:T510837_39:clear RESET SCREW
184252:T510837_39:No more clear, Wait for RESET to be '1'
184316:T510837_39:RESET is 1 now. FINISHED.
184326:T510837_40:SET 8 to ni.var.psp://localhost/OPC/OPC_LabView/HAVC/192_168_60_39/SCREW/5_1
184326:T510837_40:clear RESET SCREW
184327:T510837_40:No more clear, Wait for RESET to be '1'
184342:T510837_40:RESET is 1 now. FINISHED.
184402:T510837_41:SET 8 to ni.var.psp://localhost/OPC/OPC_LabView/HAVC/192_168_60_39/SCREW/5_1
184403:T510837_41:clear RESET SCREW
184403:T510837_41:No more clear, Wait for RESET to be '1'
184421:T510837_41:RESET is 1 now. FINISHED.
185705:T510837_42:SET 8 to ni.var.psp://localhost/OPC/OPC_LabView/HAVC/192_168_60_39/SCREW/5_1
185706:T510837_42:clear RESET SCREW
185706:T510837_42:No more clear, Wait for RESET to be '1'
185717:T510837_42:RESET is 1 now. FINISHED.
185738:T510837_43:SET 8 to ni.var.psp://localhost/OPC/OPC_LabView/HAVC/192_168_60_39/SCREW/5_1
185738:T510837_43:clear RESET SCREW
185738:T510837_43:No more clear, Wait for RESET to be '1'
185807:T510837_43:RESET is 1 now. FINISHED.
185823:T510837_44:SET 8 to ni.var.psp://localhost/OPC/OPC_LabView/HAVC/192_168_60_39/SCREW/5_1
185824:T510837_44:clear RESET SCREW
185824:T510837_44:No more clear, Wait for RESET to be '1'
185838:T510837_44:RESET is 1 now. FINISHED.
185853:T510837_45:SET 8 to ni.var.psp://localhost/OPC/OPC_LabView/HAVC/192_168_60_39/SCREW/5_1
185853:T510837_45:clear RESET SCREW
185853:T510837_45:No more clear, Wait for RESET to be '1'
185912:T510837_45:RESET is 1 now. FINISHED.
185935:T510837_46:SET 8 to ni.var.psp://localhost/OPC/OPC_LabView/HAVC/192_168_60_39/SCREW/5_1
185935:T510837_46:clear RESET SCREW
185936:T510837_46:No more clear, Wait for RESET to be '1'
185951:T510837_46:RESET is 1 now. FINISHED.
185959:T510837_47:SET 8 to ni.var.psp://localhost/OPC/OPC_LabView/HAVC/192_168_60_39/SCREW/5_1
185959:T510837_47:clear RESET SCREW
185959:T510837_47:No more clear, Wait for RESET to be '1'
190023:T510837_47:RESET is 1 now. FINISHED.
190038:T510837_48:SET 8 to ni.var.psp://localhost/OPC/OPC_LabView/HAVC/192_168_60_39/SCREW/5_1
190039:T510837_48:clear RESET SCREW
190039:T510837_48:No more clear, Wait for RESET to be '1'
190117:T510837_48:RESET is 1 now. FINISHED.
190131:T510837_49:SET 8 to ni.var.psp://localhost/OPC/OPC_LabView/HAVC/192_168_60_39/SCREW/5_1
190132:T510837_49:clear RESET SCREW
190132:T510837_49:No more clear, Wait for RESET to be '1'
190154:T510837_49:RESET is 1 now. FINISHED.
190213:T510837_50:SET 8 to ni.var.psp://localhost/OPC/OPC_LabView/HAVC/192_168_60_39/SCREW/5_1
190213:T510837_50:clear RESET SCREW
190214:T510837_50:No more clear, Wait for RESET to be '1'
190230:T510837_50:RESET is 1 now. FINISHED.
190323:T510837_51:SET 8 to ni.var.psp://localhost/OPC/OPC_LabView/HAVC/192_168_60_39/SCREW/5_1
190323:T510837_51:clear RESET SCREW
190323:T510837_51:No more clear, Wait for RESET to be '1'
190339:T510837_51:RESET is 1 now. FINISHED.
190429:T510837_52:SET 8 to ni.var.psp://localhost/OPC/OPC_LabView/HAVC/192_168_60_39/SCREW/5_1
190429:T510837_52:clear RESET SCREW
190429:T510837_52:No more clear, Wait for RESET to be '1'
190449:T510837_52:RESET is 1 now. FINISHED.
190554:T510837_53:SET 8 to ni.var.psp://localhost/OPC/OPC_LabView/HAVC/192_168_60_39/SCREW/5_1
190554:T510837_53:clear RESET SCREW
190555:T510837_53:No more clear, Wait for RESET to be '1'
190614:T510837_53:RESET is 1 now. FINISHED.
190637:T510837_54:SET 8 to ni.var.psp://localhost/OPC/OPC_LabView/HAVC/192_168_60_39/SCREW/5_1
190638:T510837_54:clear RESET SCREW
190638:T510837_54:No more clear, Wait for RESET to be '1'
190700:T510837_54:RESET is 1 now. FINISHED.
190759:T510837_55:SET 8 to ni.var.psp://localhost/OPC/OPC_LabView/HAVC/192_168_60_39/SCREW/5_1
190759:T510837_55:clear RESET SCREW
190759:T510837_55:No more clear, Wait for RESET to be '1'
190811:T510837_55:RESET is 1 now. FINISHED.
190830:T510837_56:SET 8 to ni.var.psp://localhost/OPC/OPC_LabView/HAVC/192_168_60_39/SCREW/5_1
190830:T510837_56:clear RESET SCREW
190830:T510837_56:No more clear, Wait for RESET to be '1'
190843:T510837_56:RESET is 1 now. FINISHED.
190900:T510837_57:SET 8 to ni.var.psp://localhost/OPC/OPC_LabView/HAVC/192_168_60_39/SCREW/5_1
190900:T510837_57:clear RESET SCREW
190901:T510837_57:No more clear, Wait for RESET to be '1'
190919:T510837_57:RESET is 1 now. FINISHED.
191000:T510837_58:SET 8 to ni.var.psp://localhost/OPC/OPC_LabView/HAVC/192_168_60_39/SCREW/5_1
191000:T510837_58:clear RESET SCREW
191001:T510837_58:No more clear, Wait for RESET to be '1'
191014:T510837_58:RESET is 1 now. FINISHED.
191030:T510837_59:SET 8 to ni.var.psp://localhost/OPC/OPC_LabView/HAVC/192_168_60_39/SCREW/5_1
191031:T510837_59:clear RESET SCREW
191031:T510837_59:No more clear, Wait for RESET to be '1'
191042:T510837_59:RESET is 1 now. FINISHED.
191051:T510837_60:SET 8 to ni.var.psp://localhost/OPC/OPC_LabView/HAVC/192_168_60_39/SCREW/5_1
191051:T510837_60:clear RESET SCREW
191052:T510837_60:No more clear, Wait for RESET to be '1'
191110:T510837_60:RESET is 1 now. FINISHED.
191127:T510837_61:SET 8 to ni.var.psp://localhost/OPC/OPC_LabView/HAVC/192_168_60_39/SCREW/5_1
191127:T510837_61:clear RESET SCREW
191128:T510837_61:No more clear, Wait for RESET to be '1'
191142:T510837_61:RESET is 1 now. FINISHED.
191215:T510837_62:SET 8 to ni.var.psp://localhost/OPC/OPC_LabView/HAVC/192_168_60_39/SCREW/5_1
191215:T510837_62:clear RESET SCREW
191216:T510837_62:No more clear, Wait for RESET to be '1'
191230:T510837_62:RESET is 1 now. FINISHED.
191541:T510837_63:SET 8 to ni.var.psp://localhost/OPC/OPC_LabView/HAVC/192_168_60_39/SCREW/5_1
191541:T510837_63:clear RESET SCREW
191542:T510837_63:No more clear, Wait for RESET to be '1'
191557:T510837_63:RESET is 1 now. FINISHED.
191622:T510837_64:SET 8 to ni.var.psp://localhost/OPC/OPC_LabView/HAVC/192_168_60_39/SCREW/5_1
191622:T510837_64:clear RESET SCREW
191622:T510837_64:No more clear, Wait for RESET to be '1'
191639:T510837_64:RESET is 1 now. FINISHED.
191653:T510837_65:SET 8 to ni.var.psp://localhost/OPC/OPC_LabView/HAVC/192_168_60_39/SCREW/5_1
191653:T510837_65:clear RESET SCREW
191653:T510837_65:No more clear, Wait for RESET to be '1'
191709:T510837_65:RESET is 1 now. FINISHED.
