082546:T589126_1:SET 5 to ni.var.psp://localhost/OPC/OPC_LabView/HAVC/192_168_60_39/SCREW/9_1
082546:T589126_1:clear RESET SCREW
082547:T589126_1:No more clear, Wait for RESET to be '1'
082610:T589126_1:RESET is 1 now. FINISHED.
082623:T589126_1:SET 1 to ni.var.psp://localhost/OPC/OPC_LabView/HAVC/192_168_60_39/SCREW/9_1
082623:T589126_1:clear RESET SCREW
082624:T589126_1:No more clear, Wait for RESET to be '1'
082629:T589126_1:RESET is 1 now. FINISHED.
082832:T589126_2:SET 5 to ni.var.psp://localhost/OPC/OPC_LabView/HAVC/192_168_60_39/SCREW/9_1
082832:T589126_2:clear RESET SCREW
082833:T589126_2:No more clear, Wait for RESET to be '1'
082856:T589126_2:RESET is 1 now. FINISHED.
082909:T589126_2:SET 1 to ni.var.psp://localhost/OPC/OPC_LabView/HAVC/192_168_60_39/SCREW/9_1
082909:T589126_2:clear RESET SCREW
082909:T589126_2:No more clear, Wait for RESET to be '1'
082916:T589126_2:RESET is 1 now. FINISHED.
083134:T589126_3:SET 5 to ni.var.psp://localhost/OPC/OPC_LabView/HAVC/192_168_60_39/SCREW/9_1
083135:T589126_3:clear RESET SCREW
083135:T589126_3:No more clear, Wait for RESET to be '1'
083204:T589126_3:RESET is 1 now. FINISHED.
083219:T589126_3:SET 1 to ni.var.psp://localhost/OPC/OPC_LabView/HAVC/192_168_60_39/SCREW/9_1
083220:T589126_3:clear RESET SCREW
083220:T589126_3:No more clear, Wait for RESET to be '1'
083225:T589126_3:RESET is 1 now. FINISHED.
083241:T589126_4:SET 5 to ni.var.psp://localhost/OPC/OPC_LabView/HAVC/192_168_60_39/SCREW/9_1
083241:T589126_4:clear RESET SCREW
083241:T589126_4:No more clear, Wait for RESET to be '1'
083308:T589126_4:RESET is 1 now. FINISHED.
083318:T589126_4:SET 1 to ni.var.psp://localhost/OPC/OPC_LabView/HAVC/192_168_60_39/SCREW/9_1
083318:T589126_4:clear RESET SCREW
083319:T589126_4:No more clear, Wait for RESET to be '1'
083321:T589126_4:RESET is 1 now. FINISHED.
083412:T589126_5:SET 5 to ni.var.psp://localhost/OPC/OPC_LabView/HAVC/192_168_60_39/SCREW/9_1
083412:T589126_5:clear RESET SCREW
083413:T589126_5:No more clear, Wait for RESET to be '1'
083434:T589126_5:RESET is 1 now. FINISHED.
083447:T589126_5:SET 1 to ni.var.psp://localhost/OPC/OPC_LabView/HAVC/192_168_60_39/SCREW/9_1
083448:T589126_5:clear RESET SCREW
083448:T589126_5:No more clear, Wait for RESET to be '1'
083453:T589126_5:RESET is 1 now. FINISHED.
084449:T589126_6:SET 5 to ni.var.psp://localhost/OPC/OPC_LabView/HAVC/192_168_60_39/SCREW/9_1
084449:T589126_6:clear RESET SCREW
084449:T589126_6:No more clear, Wait for RESET to be '1'
084521:T589126_6:RESET is 1 now. FINISHED.
084541:T589126_6:SET 1 to ni.var.psp://localhost/OPC/OPC_LabView/HAVC/192_168_60_39/SCREW/9_1
084541:T589126_6:clear RESET SCREW
084542:T589126_6:No more clear, Wait for RESET to be '1'
084544:T589126_6:RESET is 1 now. FINISHED.
084604:T589126_7:SET 5 to ni.var.psp://localhost/OPC/OPC_LabView/HAVC/192_168_60_39/SCREW/9_1
084605:T589126_7:clear RESET SCREW
084605:T589126_7:No more clear, Wait for RESET to be '1'
084624:T589126_7:RESET is 1 now. FINISHED.
084634:T589126_7:SET 1 to ni.var.psp://localhost/OPC/OPC_LabView/HAVC/192_168_60_39/SCREW/9_1
084634:T589126_7:clear RESET SCREW
084634:T589126_7:No more clear, Wait for RESET to be '1'
084638:T589126_7:RESET is 1 now. FINISHED.
084938:T589126_8:SET 5 to ni.var.psp://localhost/OPC/OPC_LabView/HAVC/192_168_60_39/SCREW/9_1
084939:T589126_8:clear RESET SCREW
084939:T589126_8:No more clear, Wait for RESET to be '1'
085000:T589126_8:RESET is 1 now. FINISHED.
085009:T589126_8:SET 1 to ni.var.psp://localhost/OPC/OPC_LabView/HAVC/192_168_60_39/SCREW/9_1
085009:T589126_8:clear RESET SCREW
085009:T589126_8:No more clear, Wait for RESET to be '1'
085017:T589126_8:RESET is 1 now. FINISHED.
085121:T589126_9:SET 5 to ni.var.psp://localhost/OPC/OPC_LabView/HAVC/192_168_60_39/SCREW/9_1
085122:T589126_9:clear RESET SCREW
085122:T589126_9:No more clear, Wait for RESET to be '1'
085141:T589126_9:RESET is 1 now. FINISHED.
085159:T589126_9:SET 1 to ni.var.psp://localhost/OPC/OPC_LabView/HAVC/192_168_60_39/SCREW/9_1
085159:T589126_9:clear RESET SCREW
085159:T589126_9:No more clear, Wait for RESET to be '1'
085203:T589126_9:RESET is 1 now. FINISHED.
085343:T589126_10:SET 5 to ni.var.psp://localhost/OPC/OPC_LabView/HAVC/192_168_60_39/SCREW/9_1
085343:T589126_10:clear RESET SCREW
085343:T589126_10:No more clear, Wait for RESET to be '1'
085410:T589126_10:RESET is 1 now. FINISHED.
085424:T589126_10:SET 1 to ni.var.psp://localhost/OPC/OPC_LabView/HAVC/192_168_60_39/SCREW/9_1
085425:T589126_10:clear RESET SCREW
085425:T589126_10:No more clear, Wait for RESET to be '1'
085430:T589126_10:RESET is 1 now. FINISHED.
085517:T589126_11:SET 5 to ni.var.psp://localhost/OPC/OPC_LabView/HAVC/192_168_60_39/SCREW/9_1
085517:T589126_11:clear RESET SCREW
085517:T589126_11:No more clear, Wait for RESET to be '1'
085538:T589126_11:RESET is 1 now. FINISHED.
085549:T589126_11:SET 1 to ni.var.psp://localhost/OPC/OPC_LabView/HAVC/192_168_60_39/SCREW/9_1
085549:T589126_11:clear RESET SCREW
085549:T589126_11:No more clear, Wait for RESET to be '1'
085557:T589126_11:RESET is 1 now. FINISHED.
085852:T589126_12:SET 5 to ni.var.psp://localhost/OPC/OPC_LabView/HAVC/192_168_60_39/SCREW/9_1
085853:T589126_12:clear RESET SCREW
085853:T589126_12:No more clear, Wait for RESET to be '1'
085910:T589126_12:RESET is 1 now. FINISHED.
090121:T589126_12:SET 1 to ni.var.psp://localhost/OPC/OPC_LabView/HAVC/192_168_60_39/SCREW/9_1
090121:T589126_12:clear RESET SCREW
090121:T589126_12:No more clear, Wait for RESET to be '1'
090126:T589126_12:RESET is 1 now. FINISHED.
090218:T589126_13:SET 5 to ni.var.psp://localhost/OPC/OPC_LabView/HAVC/192_168_60_39/SCREW/9_1
090219:T589126_13:clear RESET SCREW
090219:T589126_13:No more clear, Wait for RESET to be '1'
090234:T589126_13:RESET is 1 now. FINISHED.
090835:T589126_13:SET 1 to ni.var.psp://localhost/OPC/OPC_LabView/HAVC/192_168_60_39/SCREW/9_1
090835:T589126_13:clear RESET SCREW
090836:T589126_13:No more clear, Wait for RESET to be '1'
090841:T589126_13:RESET is 1 now. FINISHED.
090925:T589126_14:SET 5 to ni.var.psp://localhost/OPC/OPC_LabView/HAVC/192_168_60_39/SCREW/9_1
090926:T589126_14:clear RESET SCREW
090926:T589126_14:No more clear, Wait for RESET to be '1'
090945:T589126_14:RESET is 1 now. FINISHED.
090958:T589126_14:SET 1 to ni.var.psp://localhost/OPC/OPC_LabView/HAVC/192_168_60_39/SCREW/9_1
090959:T589126_14:clear RESET SCREW
090959:T589126_14:No more clear, Wait for RESET to be '1'
091003:T589126_14:RESET is 1 now. FINISHED.
091046:T589126_15:SET 5 to ni.var.psp://localhost/OPC/OPC_LabView/HAVC/192_168_60_39/SCREW/9_1
091046:T589126_15:clear RESET SCREW
091047:T589126_15:No more clear, Wait for RESET to be '1'
091102:T589126_15:RESET is 1 now. FINISHED.
091122:T589126_15:SET 1 to ni.var.psp://localhost/OPC/OPC_LabView/HAVC/192_168_60_39/SCREW/9_1
091122:T589126_15:clear RESET SCREW
091123:T589126_15:No more clear, Wait for RESET to be '1'
091127:T589126_15:RESET is 1 now. FINISHED.
091204:T589126_16:SET 5 to ni.var.psp://localhost/OPC/OPC_LabView/HAVC/192_168_60_39/SCREW/9_1
091204:T589126_16:clear RESET SCREW
091205:T589126_16:No more clear, Wait for RESET to be '1'
091225:T589126_16:RESET is 1 now. FINISHED.
091245:T589126_16:SET 1 to ni.var.psp://localhost/OPC/OPC_LabView/HAVC/192_168_60_39/SCREW/9_1
091246:T589126_16:clear RESET SCREW
091246:T589126_16:No more clear, Wait for RESET to be '1'
091249:T589126_16:RESET is 1 now. FINISHED.
091333:T589126_17:SET 5 to ni.var.psp://localhost/OPC/OPC_LabView/HAVC/192_168_60_39/SCREW/9_1
091333:T589126_17:clear RESET SCREW
091333:T589126_17:No more clear, Wait for RESET to be '1'
091352:T589126_17:RESET is 1 now. FINISHED.
091405:T589126_17:SET 1 to ni.var.psp://localhost/OPC/OPC_LabView/HAVC/192_168_60_39/SCREW/9_1
091406:T589126_17:clear RESET SCREW
091406:T589126_17:No more clear, Wait for RESET to be '1'
091411:T589126_17:RESET is 1 now. FINISHED.
091506:T589126_18:SET 5 to ni.var.psp://localhost/OPC/OPC_LabView/HAVC/192_168_60_39/SCREW/9_1
091506:T589126_18:clear RESET SCREW
091506:T589126_18:No more clear, Wait for RESET to be '1'
091521:T589126_18:RESET is 1 now. FINISHED.
091534:T589126_18:SET 1 to ni.var.psp://localhost/OPC/OPC_LabView/HAVC/192_168_60_39/SCREW/9_1
091534:T589126_18:clear RESET SCREW
091535:T589126_18:No more clear, Wait for RESET to be '1'
091540:T589126_18:RESET is 1 now. FINISHED.
091709:T589126_19:SET 5 to ni.var.psp://localhost/OPC/OPC_LabView/HAVC/192_168_60_39/SCREW/9_1
091709:T589126_19:clear RESET SCREW
091710:T589126_19:No more clear, Wait for RESET to be '1'
091725:T589126_19:RESET is 1 now. FINISHED.
091744:T589126_19:SET 1 to ni.var.psp://localhost/OPC/OPC_LabView/HAVC/192_168_60_39/SCREW/9_1
091744:T589126_19:clear RESET SCREW
091744:T589126_19:No more clear, Wait for RESET to be '1'
091750:T589126_19:RESET is 1 now. FINISHED.
091905:T589126_20:SET 5 to ni.var.psp://localhost/OPC/OPC_LabView/HAVC/192_168_60_39/SCREW/9_1
091906:T589126_20:clear RESET SCREW
091906:T589126_20:No more clear, Wait for RESET to be '1'
091926:T589126_20:RESET is 1 now. FINISHED.
091942:T589126_20:SET 1 to ni.var.psp://localhost/OPC/OPC_LabView/HAVC/192_168_60_39/SCREW/9_1
091942:T589126_20:clear RESET SCREW
091942:T589126_20:No more clear, Wait for RESET to be '1'
091948:T589126_20:RESET is 1 now. FINISHED.
092037:T589126_21:SET 5 to ni.var.psp://localhost/OPC/OPC_LabView/HAVC/192_168_60_39/SCREW/9_1
092038:T589126_21:clear RESET SCREW
092038:T589126_21:No more clear, Wait for RESET to be '1'
092055:T589126_21:RESET is 1 now. FINISHED.
095300:T589126_21:SET 1 to ni.var.psp://localhost/OPC/OPC_LabView/HAVC/192_168_60_39/SCREW/9_1
095300:T589126_21:clear RESET SCREW
095301:T589126_21:No more clear, Wait for RESET to be '1'
095307:T589126_21:RESET is 1 now. FINISHED.
101302:T589126_22:SET 5 to ni.var.psp://localhost/OPC/OPC_LabView/HAVC/192_168_60_39/SCREW/9_1
101302:T589126_22:clear RESET SCREW
101303:T589126_22:No more clear, Wait for RESET to be '1'
101322:T589126_22:RESET is 1 now. FINISHED.
101333:T589126_22:SET 1 to ni.var.psp://localhost/OPC/OPC_LabView/HAVC/192_168_60_39/SCREW/9_1
101333:T589126_22:clear RESET SCREW
101334:T589126_22:No more clear, Wait for RESET to be '1'
101337:T589126_22:RESET is 1 now. FINISHED.
101447:T589126_23:SET 5 to ni.var.psp://localhost/OPC/OPC_LabView/HAVC/192_168_60_39/SCREW/9_1
101447:T589126_23:clear RESET SCREW
101447:T589126_23:No more clear, Wait for RESET to be '1'
101504:T589126_23:RESET is 1 now. FINISHED.
101516:T589126_23:SET 1 to ni.var.psp://localhost/OPC/OPC_LabView/HAVC/192_168_60_39/SCREW/9_1
101517:T589126_23:clear RESET SCREW
101517:T589126_23:No more clear, Wait for RESET to be '1'
101521:T589126_23:RESET is 1 now. FINISHED.
101620:T589126_24:SET 5 to ni.var.psp://localhost/OPC/OPC_LabView/HAVC/192_168_60_39/SCREW/9_1
101620:T589126_24:clear RESET SCREW
101621:T589126_24:No more clear, Wait for RESET to be '1'
101638:T589126_24:RESET is 1 now. FINISHED.
101659:T589126_24:SET 1 to ni.var.psp://localhost/OPC/OPC_LabView/HAVC/192_168_60_39/SCREW/9_1
101659:T589126_24:clear RESET SCREW
101659:T589126_24:No more clear, Wait for RESET to be '1'
101711:T589126_24:RESET is 1 now. FINISHED.
101813:T589126_25:SET 5 to ni.var.psp://localhost/OPC/OPC_LabView/HAVC/192_168_60_39/SCREW/9_1
101813:T589126_25:clear RESET SCREW
101814:T589126_25:No more clear, Wait for RESET to be '1'
101833:T589126_25:RESET is 1 now. FINISHED.
101845:T589126_25:SET 1 to ni.var.psp://localhost/OPC/OPC_LabView/HAVC/192_168_60_39/SCREW/9_1
101845:T589126_25:clear RESET SCREW
101845:T589126_25:No more clear, Wait for RESET to be '1'
101850:T589126_25:RESET is 1 now. FINISHED.
101955:T589126_26:SET 5 to ni.var.psp://localhost/OPC/OPC_LabView/HAVC/192_168_60_39/SCREW/9_1
101956:T589126_26:clear RESET SCREW
101956:T589126_26:No more clear, Wait for RESET to be '1'
102015:T589126_26:RESET is 1 now. FINISHED.
102027:T589126_26:SET 1 to ni.var.psp://localhost/OPC/OPC_LabView/HAVC/192_168_60_39/SCREW/9_1
102028:T589126_26:clear RESET SCREW
102028:T589126_26:No more clear, Wait for RESET to be '1'
102033:T589126_26:RESET is 1 now. FINISHED.
102137:T589126_27:SET 5 to ni.var.psp://localhost/OPC/OPC_LabView/HAVC/192_168_60_39/SCREW/9_1
102138:T589126_27:clear RESET SCREW
102138:T589126_27:No more clear, Wait for RESET to be '1'
102159:T589126_27:RESET is 1 now. FINISHED.
102211:T589126_27:SET 1 to ni.var.psp://localhost/OPC/OPC_LabView/HAVC/192_168_60_39/SCREW/9_1
102211:T589126_27:clear RESET SCREW
102211:T589126_27:No more clear, Wait for RESET to be '1'
102216:T589126_27:RESET is 1 now. FINISHED.
102529:T589126_28:SET 5 to ni.var.psp://localhost/OPC/OPC_LabView/HAVC/192_168_60_39/SCREW/9_1
102530:T589126_28:clear RESET SCREW
102530:T589126_28:No more clear, Wait for RESET to be '1'
102547:T589126_28:RESET is 1 now. FINISHED.
102557:T589126_28:SET 1 to ni.var.psp://localhost/OPC/OPC_LabView/HAVC/192_168_60_39/SCREW/9_1
102557:T589126_28:clear RESET SCREW
102558:T589126_28:No more clear, Wait for RESET to be '1'
102602:T589126_28:RESET is 1 now. FINISHED.
102723:T589126_29:SET 5 to ni.var.psp://localhost/OPC/OPC_LabView/HAVC/192_168_60_39/SCREW/9_1
102723:T589126_29:clear RESET SCREW
102724:T589126_29:No more clear, Wait for RESET to be '1'
102746:T589126_29:RESET is 1 now. FINISHED.
102757:T589126_29:SET 1 to ni.var.psp://localhost/OPC/OPC_LabView/HAVC/192_168_60_39/SCREW/9_1
102757:T589126_29:clear RESET SCREW
102758:T589126_29:No more clear, Wait for RESET to be '1'
102803:T589126_29:RESET is 1 now. FINISHED.
103318:T589126_30:SET 5 to ni.var.psp://localhost/OPC/OPC_LabView/HAVC/192_168_60_39/SCREW/9_1
103319:T589126_30:clear RESET SCREW
103319:T589126_30:No more clear, Wait for RESET to be '1'
103345:T589126_30:RESET is 1 now. FINISHED.
104955:T589126_30:SET 1 to ni.var.psp://localhost/OPC/OPC_LabView/HAVC/192_168_60_39/SCREW/9_1
104955:T589126_30:clear RESET SCREW
104955:T589126_30:No more clear, Wait for RESET to be '1'
105003:T589126_30:RESET is 1 now. FINISHED.
105132:T589126_31:SET 5 to ni.var.psp://localhost/OPC/OPC_LabView/HAVC/192_168_60_39/SCREW/9_1
105132:T589126_31:clear RESET SCREW
105133:T589126_31:No more clear, Wait for RESET to be '1'
105148:T589126_31:RESET is 1 now. FINISHED.
105201:T589126_31:SET 1 to ni.var.psp://localhost/OPC/OPC_LabView/HAVC/192_168_60_39/SCREW/9_1
105201:T589126_31:clear RESET SCREW
105201:T589126_31:No more clear, Wait for RESET to be '1'
105205:T589126_31:RESET is 1 now. FINISHED.
105312:T589126_32:SET 5 to ni.var.psp://localhost/OPC/OPC_LabView/HAVC/192_168_60_39/SCREW/9_1
105313:T589126_32:clear RESET SCREW
105313:T589126_32:No more clear, Wait for RESET to be '1'
105337:T589126_32:RESET is 1 now. FINISHED.
105347:T589126_32:SET 1 to ni.var.psp://localhost/OPC/OPC_LabView/HAVC/192_168_60_39/SCREW/9_1
105348:T589126_32:clear RESET SCREW
105348:T589126_32:No more clear, Wait for RESET to be '1'
105351:T589126_32:RESET is 1 now. FINISHED.
105436:T589126_33:SET 5 to ni.var.psp://localhost/OPC/OPC_LabView/HAVC/192_168_60_39/SCREW/9_1
105437:T589126_33:clear RESET SCREW
105437:T589126_33:No more clear, Wait for RESET to be '1'
105453:T589126_33:RESET is 1 now. FINISHED.
105504:T589126_33:SET 1 to ni.var.psp://localhost/OPC/OPC_LabView/HAVC/192_168_60_39/SCREW/9_1
105505:T589126_33:clear RESET SCREW
105505:T589126_33:No more clear, Wait for RESET to be '1'
105509:T589126_33:RESET is 1 now. FINISHED.
105607:T589126_34:SET 5 to ni.var.psp://localhost/OPC/OPC_LabView/HAVC/192_168_60_39/SCREW/9_1
105607:T589126_34:clear RESET SCREW
105608:T589126_34:No more clear, Wait for RESET to be '1'
105625:T589126_34:RESET is 1 now. FINISHED.
105636:T589126_34:SET 1 to ni.var.psp://localhost/OPC/OPC_LabView/HAVC/192_168_60_39/SCREW/9_1
105636:T589126_34:clear RESET SCREW
105637:T589126_34:No more clear, Wait for RESET to be '1'
105640:T589126_34:RESET is 1 now. FINISHED.
105727:T589126_35:SET 5 to ni.var.psp://localhost/OPC/OPC_LabView/HAVC/192_168_60_39/SCREW/9_1
105727:T589126_35:clear RESET SCREW
105727:T589126_35:No more clear, Wait for RESET to be '1'
105746:T589126_35:RESET is 1 now. FINISHED.
105800:T589126_35:SET 1 to ni.var.psp://localhost/OPC/OPC_LabView/HAVC/192_168_60_39/SCREW/9_1
105801:T589126_35:clear RESET SCREW
105801:T589126_35:No more clear, Wait for RESET to be '1'
105806:T589126_35:RESET is 1 now. FINISHED.
110052:T589126_36:SET 5 to ni.var.psp://localhost/OPC/OPC_LabView/HAVC/192_168_60_39/SCREW/9_1
110052:T589126_36:clear RESET SCREW
110052:T589126_36:No more clear, Wait for RESET to be '1'
110114:T589126_36:RESET is 1 now. FINISHED.
110128:T589126_36:SET 1 to ni.var.psp://localhost/OPC/OPC_LabView/HAVC/192_168_60_39/SCREW/9_1
110128:T589126_36:clear RESET SCREW
110128:T589126_36:No more clear, Wait for RESET to be '1'
110133:T589126_36:RESET is 1 now. FINISHED.
110315:T589126_37:SET 5 to ni.var.psp://localhost/OPC/OPC_LabView/HAVC/192_168_60_39/SCREW/9_1
110315:T589126_37:clear RESET SCREW
110316:T589126_37:No more clear, Wait for RESET to be '1'
110334:T589126_37:RESET is 1 now. FINISHED.
110344:T589126_37:SET 1 to ni.var.psp://localhost/OPC/OPC_LabView/HAVC/192_168_60_39/SCREW/9_1
110344:T589126_37:clear RESET SCREW
110344:T589126_37:No more clear, Wait for RESET to be '1'
110348:T589126_37:RESET is 1 now. FINISHED.
110433:T589126_38:SET 5 to ni.var.psp://localhost/OPC/OPC_LabView/HAVC/192_168_60_39/SCREW/9_1
110434:T589126_38:clear RESET SCREW
110434:T589126_38:No more clear, Wait for RESET to be '1'
110452:T589126_38:RESET is 1 now. FINISHED.
110506:T589126_38:SET 1 to ni.var.psp://localhost/OPC/OPC_LabView/HAVC/192_168_60_39/SCREW/9_1
110506:T589126_38:clear RESET SCREW
110506:T589126_38:No more clear, Wait for RESET to be '1'
110510:T589126_38:RESET is 1 now. FINISHED.
110619:T589126_39:SET 5 to ni.var.psp://localhost/OPC/OPC_LabView/HAVC/192_168_60_39/SCREW/9_1
110620:T589126_39:clear RESET SCREW
110620:T589126_39:No more clear, Wait for RESET to be '1'
110641:T589126_39:RESET is 1 now. FINISHED.
110655:T589126_39:SET 1 to ni.var.psp://localhost/OPC/OPC_LabView/HAVC/192_168_60_39/SCREW/9_1
110655:T589126_39:clear RESET SCREW
110655:T589126_39:No more clear, Wait for RESET to be '1'
110659:T589126_39:RESET is 1 now. FINISHED.
110800:T589126_40:SET 5 to ni.var.psp://localhost/OPC/OPC_LabView/HAVC/192_168_60_39/SCREW/9_1
110800:T589126_40:clear RESET SCREW
110801:T589126_40:No more clear, Wait for RESET to be '1'
110819:T589126_40:RESET is 1 now. FINISHED.
110830:T589126_40:SET 1 to ni.var.psp://localhost/OPC/OPC_LabView/HAVC/192_168_60_39/SCREW/9_1
110831:T589126_40:clear RESET SCREW
110831:T589126_40:No more clear, Wait for RESET to be '1'
110834:T589126_40:RESET is 1 now. FINISHED.
110928:T510837_1:SET 5 to ni.var.psp://localhost/OPC/OPC_LabView/HAVC/192_168_60_39/SCREW/9_1
110929:T510837_1:clear RESET SCREW
110929:T510837_1:No more clear, Wait for RESET to be '1'
110947:T510837_1:RESET is 1 now. FINISHED.
110959:T510837_1:SET 1 to ni.var.psp://localhost/OPC/OPC_LabView/HAVC/192_168_60_39/SCREW/9_1
110959:T510837_1:clear RESET SCREW
110959:T510837_1:No more clear, Wait for RESET to be '1'
111003:T510837_1:RESET is 1 now. FINISHED.
111116:T510837_2:SET 5 to ni.var.psp://localhost/OPC/OPC_LabView/HAVC/192_168_60_39/SCREW/9_1
111117:T510837_2:clear RESET SCREW
111117:T510837_2:No more clear, Wait for RESET to be '1'
111134:T510837_2:RESET is 1 now. FINISHED.
111144:T510837_2:SET 1 to ni.var.psp://localhost/OPC/OPC_LabView/HAVC/192_168_60_39/SCREW/9_1
111144:T510837_2:clear RESET SCREW
111144:T510837_2:No more clear, Wait for RESET to be '1'
111147:T510837_2:RESET is 1 now. FINISHED.
111300:T510837_3:SET 5 to ni.var.psp://localhost/OPC/OPC_LabView/HAVC/192_168_60_39/SCREW/9_1
111300:T510837_3:clear RESET SCREW
111300:T510837_3:No more clear, Wait for RESET to be '1'
111319:T510837_3:RESET is 1 now. FINISHED.
111329:T510837_3:SET 1 to ni.var.psp://localhost/OPC/OPC_LabView/HAVC/192_168_60_39/SCREW/9_1
111329:T510837_3:clear RESET SCREW
111329:T510837_3:No more clear, Wait for RESET to be '1'
111333:T510837_3:RESET is 1 now. FINISHED.
111618:T510837_4:SET 5 to ni.var.psp://localhost/OPC/OPC_LabView/HAVC/192_168_60_39/SCREW/9_1
111618:T510837_4:clear RESET SCREW
111619:T510837_4:No more clear, Wait for RESET to be '1'
111637:T510837_4:RESET is 1 now. FINISHED.
111647:T510837_4:SET 1 to ni.var.psp://localhost/OPC/OPC_LabView/HAVC/192_168_60_39/SCREW/9_1
111648:T510837_4:clear RESET SCREW
111648:T510837_4:No more clear, Wait for RESET to be '1'
111652:T510837_4:RESET is 1 now. FINISHED.
111750:T510837_5:SET 5 to ni.var.psp://localhost/OPC/OPC_LabView/HAVC/192_168_60_39/SCREW/9_1
111750:T510837_5:clear RESET SCREW
111750:T510837_5:No more clear, Wait for RESET to be '1'
111808:T510837_5:RESET is 1 now. FINISHED.
111821:T510837_5:SET 1 to ni.var.psp://localhost/OPC/OPC_LabView/HAVC/192_168_60_39/SCREW/9_1
111822:T510837_5:clear RESET SCREW
111822:T510837_5:No more clear, Wait for RESET to be '1'
111826:T510837_5:RESET is 1 now. FINISHED.
111938:T510837_6:SET 5 to ni.var.psp://localhost/OPC/OPC_LabView/HAVC/192_168_60_39/SCREW/9_1
111939:T510837_6:clear RESET SCREW
111939:T510837_6:No more clear, Wait for RESET to be '1'
111957:T510837_6:RESET is 1 now. FINISHED.
112008:T510837_6:SET 1 to ni.var.psp://localhost/OPC/OPC_LabView/HAVC/192_168_60_39/SCREW/9_1
112008:T510837_6:clear RESET SCREW
112008:T510837_6:No more clear, Wait for RESET to be '1'
112012:T510837_6:RESET is 1 now. FINISHED.
112117:T510837_7:SET 5 to ni.var.psp://localhost/OPC/OPC_LabView/HAVC/192_168_60_39/SCREW/9_1
112117:T510837_7:clear RESET SCREW
112118:T510837_7:No more clear, Wait for RESET to be '1'
112136:T510837_7:RESET is 1 now. FINISHED.
112148:T510837_7:SET 1 to ni.var.psp://localhost/OPC/OPC_LabView/HAVC/192_168_60_39/SCREW/9_1
112148:T510837_7:clear RESET SCREW
112149:T510837_7:No more clear, Wait for RESET to be '1'
112153:T510837_7:RESET is 1 now. FINISHED.
112255:T510837_8:SET 5 to ni.var.psp://localhost/OPC/OPC_LabView/HAVC/192_168_60_39/SCREW/9_1
112255:T510837_8:clear RESET SCREW
112256:T510837_8:No more clear, Wait for RESET to be '1'
112313:T510837_8:RESET is 1 now. FINISHED.
112323:T510837_8:SET 1 to ni.var.psp://localhost/OPC/OPC_LabView/HAVC/192_168_60_39/SCREW/9_1
112324:T510837_8:clear RESET SCREW
112324:T510837_8:No more clear, Wait for RESET to be '1'
112328:T510837_8:RESET is 1 now. FINISHED.
112450:T510837_9:SET 5 to ni.var.psp://localhost/OPC/OPC_LabView/HAVC/192_168_60_39/SCREW/9_1
112450:T510837_9:clear RESET SCREW
112450:T510837_9:No more clear, Wait for RESET to be '1'
112507:T510837_9:RESET is 1 now. FINISHED.
112518:T510837_9:SET 1 to ni.var.psp://localhost/OPC/OPC_LabView/HAVC/192_168_60_39/SCREW/9_1
112518:T510837_9:clear RESET SCREW
112518:T510837_9:No more clear, Wait for RESET to be '1'
112522:T510837_9:RESET is 1 now. FINISHED.
112623:T510837_10:SET 5 to ni.var.psp://localhost/OPC/OPC_LabView/HAVC/192_168_60_39/SCREW/9_1
112623:T510837_10:clear RESET SCREW
112624:T510837_10:No more clear, Wait for RESET to be '1'
112640:T510837_10:RESET is 1 now. FINISHED.
112651:T510837_10:SET 1 to ni.var.psp://localhost/OPC/OPC_LabView/HAVC/192_168_60_39/SCREW/9_1
112652:T510837_10:clear RESET SCREW
112652:T510837_10:No more clear, Wait for RESET to be '1'
112656:T510837_10:RESET is 1 now. FINISHED.
112819:T510837_11:SET 5 to ni.var.psp://localhost/OPC/OPC_LabView/HAVC/192_168_60_39/SCREW/9_1
112819:T510837_11:clear RESET SCREW
112820:T510837_11:No more clear, Wait for RESET to be '1'
112843:T510837_11:RESET is 1 now. FINISHED.
112855:T510837_11:SET 1 to ni.var.psp://localhost/OPC/OPC_LabView/HAVC/192_168_60_39/SCREW/9_1
112856:T510837_11:clear RESET SCREW
112856:T510837_11:No more clear, Wait for RESET to be '1'
112900:T510837_11:RESET is 1 now. FINISHED.
113022:T510837_12:SET 5 to ni.var.psp://localhost/OPC/OPC_LabView/HAVC/192_168_60_39/SCREW/9_1
113022:T510837_12:clear RESET SCREW
113023:T510837_12:No more clear, Wait for RESET to be '1'
113043:T510837_12:RESET is 1 now. FINISHED.
113054:T510837_12:SET 1 to ni.var.psp://localhost/OPC/OPC_LabView/HAVC/192_168_60_39/SCREW/9_1
113054:T510837_12:clear RESET SCREW
113054:T510837_12:No more clear, Wait for RESET to be '1'
113100:T510837_12:RESET is 1 now. FINISHED.
113245:T510837_13:SET 5 to ni.var.psp://localhost/OPC/OPC_LabView/HAVC/192_168_60_39/SCREW/9_1
113245:T510837_13:clear RESET SCREW
113246:T510837_13:No more clear, Wait for RESET to be '1'
113305:T510837_13:RESET is 1 now. FINISHED.
113317:T510837_13:SET 1 to ni.var.psp://localhost/OPC/OPC_LabView/HAVC/192_168_60_39/SCREW/9_1
113317:T510837_13:clear RESET SCREW
113317:T510837_13:No more clear, Wait for RESET to be '1'
113321:T510837_13:RESET is 1 now. FINISHED.
113554:T510837_14:SET 5 to ni.var.psp://localhost/OPC/OPC_LabView/HAVC/192_168_60_39/SCREW/9_1
113554:T510837_14:clear RESET SCREW
113555:T510837_14:No more clear, Wait for RESET to be '1'
113610:T510837_14:RESET is 1 now. FINISHED.
113622:T510837_14:SET 1 to ni.var.psp://localhost/OPC/OPC_LabView/HAVC/192_168_60_39/SCREW/9_1
113622:T510837_14:clear RESET SCREW
113622:T510837_14:No more clear, Wait for RESET to be '1'
113626:T510837_14:RESET is 1 now. FINISHED.
113737:T510837_15:SET 5 to ni.var.psp://localhost/OPC/OPC_LabView/HAVC/192_168_60_39/SCREW/9_1
113737:T510837_15:clear RESET SCREW
113737:T510837_15:No more clear, Wait for RESET to be '1'
113754:T510837_15:RESET is 1 now. FINISHED.
113804:T510837_15:SET 1 to ni.var.psp://localhost/OPC/OPC_LabView/HAVC/192_168_60_39/SCREW/9_1
113805:T510837_15:clear RESET SCREW
113805:T510837_15:No more clear, Wait for RESET to be '1'
113809:T510837_15:RESET is 1 now. FINISHED.
113945:T510837_16:SET 5 to ni.var.psp://localhost/OPC/OPC_LabView/HAVC/192_168_60_39/SCREW/9_1
113946:T510837_16:clear RESET SCREW
113946:T510837_16:No more clear, Wait for RESET to be '1'
114004:T510837_16:RESET is 1 now. FINISHED.
114018:T510837_16:SET 1 to ni.var.psp://localhost/OPC/OPC_LabView/HAVC/192_168_60_39/SCREW/9_1
114019:T510837_16:clear RESET SCREW
114019:T510837_16:No more clear, Wait for RESET to be '1'
114022:T510837_16:RESET is 1 now. FINISHED.
114150:T510837_17:SET 5 to ni.var.psp://localhost/OPC/OPC_LabView/HAVC/192_168_60_39/SCREW/9_1
114150:T510837_17:clear RESET SCREW
114150:T510837_17:No more clear, Wait for RESET to be '1'
114206:T510837_17:RESET is 1 now. FINISHED.
114216:T510837_17:SET 1 to ni.var.psp://localhost/OPC/OPC_LabView/HAVC/192_168_60_39/SCREW/9_1
114216:T510837_17:clear RESET SCREW
114216:T510837_17:No more clear, Wait for RESET to be '1'
114220:T510837_17:RESET is 1 now. FINISHED.
114323:T510837_18:SET 5 to ni.var.psp://localhost/OPC/OPC_LabView/HAVC/192_168_60_39/SCREW/9_1
114323:T510837_18:clear RESET SCREW
114324:T510837_18:No more clear, Wait for RESET to be '1'
114339:T510837_18:RESET is 1 now. FINISHED.
114348:T510837_18:SET 1 to ni.var.psp://localhost/OPC/OPC_LabView/HAVC/192_168_60_39/SCREW/9_1
114349:T510837_18:clear RESET SCREW
114349:T510837_18:No more clear, Wait for RESET to be '1'
114352:T510837_18:RESET is 1 now. FINISHED.
114507:T510837_19:SET 5 to ni.var.psp://localhost/OPC/OPC_LabView/HAVC/192_168_60_39/SCREW/9_1
114507:T510837_19:clear RESET SCREW
114508:T510837_19:No more clear, Wait for RESET to be '1'
114524:T510837_19:RESET is 1 now. FINISHED.
114534:T510837_19:SET 1 to ni.var.psp://localhost/OPC/OPC_LabView/HAVC/192_168_60_39/SCREW/9_1
114534:T510837_19:clear RESET SCREW
114534:T510837_19:No more clear, Wait for RESET to be '1'
114538:T510837_19:RESET is 1 now. FINISHED.
114655:T510837_20:SET 5 to ni.var.psp://localhost/OPC/OPC_LabView/HAVC/192_168_60_39/SCREW/9_1
114656:T510837_20:clear RESET SCREW
114656:T510837_20:No more clear, Wait for RESET to be '1'
114853:T510837_20:RESET is 1 now. FINISHED.
114903:T510837_20:SET 1 to ni.var.psp://localhost/OPC/OPC_LabView/HAVC/192_168_60_39/SCREW/9_1
114903:T510837_20:clear RESET SCREW
114904:T510837_20:No more clear, Wait for RESET to be '1'
114908:T510837_20:RESET is 1 now. FINISHED.
115030:T510837_21:SET 5 to ni.var.psp://localhost/OPC/OPC_LabView/HAVC/192_168_60_39/SCREW/9_1
115030:T510837_21:clear RESET SCREW
115030:T510837_21:No more clear, Wait for RESET to be '1'
115051:T510837_21:RESET is 1 now. FINISHED.
115105:T510837_21:SET 1 to ni.var.psp://localhost/OPC/OPC_LabView/HAVC/192_168_60_39/SCREW/9_1
115105:T510837_21:clear RESET SCREW
115105:T510837_21:No more clear, Wait for RESET to be '1'
115112:T510837_21:RESET is 1 now. FINISHED.
115218:T510837_22:SET 5 to ni.var.psp://localhost/OPC/OPC_LabView/HAVC/192_168_60_39/SCREW/9_1
115218:T510837_22:clear RESET SCREW
115218:T510837_22:No more clear, Wait for RESET to be '1'
115239:T510837_22:RESET is 1 now. FINISHED.
130226:T510837_22:SET 1 to ni.var.psp://localhost/OPC/OPC_LabView/HAVC/192_168_60_39/SCREW/9_1
130227:T510837_22:clear RESET SCREW
130227:T510837_22:No more clear, Wait for RESET to be '1'
130231:T510837_22:RESET is 1 now. FINISHED.
130427:T510837_23:SET 5 to ni.var.psp://localhost/OPC/OPC_LabView/HAVC/192_168_60_39/SCREW/9_1
130427:T510837_23:clear RESET SCREW
130427:T510837_23:No more clear, Wait for RESET to be '1'
130447:T510837_23:RESET is 1 now. FINISHED.
130459:T510837_23:SET 1 to ni.var.psp://localhost/OPC/OPC_LabView/HAVC/192_168_60_39/SCREW/9_1
130500:T510837_23:clear RESET SCREW
130500:T510837_23:No more clear, Wait for RESET to be '1'
130504:T510837_23:RESET is 1 now. FINISHED.
130651:T510837_24:SET 5 to ni.var.psp://localhost/OPC/OPC_LabView/HAVC/192_168_60_39/SCREW/9_1
130652:T510837_24:clear RESET SCREW
130652:T510837_24:No more clear, Wait for RESET to be '1'
130709:T510837_24:RESET is 1 now. FINISHED.
130721:T510837_24:SET 1 to ni.var.psp://localhost/OPC/OPC_LabView/HAVC/192_168_60_39/SCREW/9_1
130722:T510837_24:clear RESET SCREW
130722:T510837_24:No more clear, Wait for RESET to be '1'
130726:T510837_24:RESET is 1 now. FINISHED.
130907:T510837_25:SET 5 to ni.var.psp://localhost/OPC/OPC_LabView/HAVC/192_168_60_39/SCREW/9_1
130908:T510837_25:clear RESET SCREW
130908:T510837_25:No more clear, Wait for RESET to be '1'
130926:T510837_25:RESET is 1 now. FINISHED.
130937:T510837_25:SET 1 to ni.var.psp://localhost/OPC/OPC_LabView/HAVC/192_168_60_39/SCREW/9_1
130937:T510837_25:clear RESET SCREW
130937:T510837_25:No more clear, Wait for RESET to be '1'
130941:T510837_25:RESET is 1 now. FINISHED.
131817:T510837_26:SET 5 to ni.var.psp://localhost/OPC/OPC_LabView/HAVC/192_168_60_39/SCREW/9_1
131817:T510837_26:clear RESET SCREW
131817:T510837_26:No more clear, Wait for RESET to be '1'
131837:T510837_26:RESET is 1 now. FINISHED.
131848:T510837_26:SET 1 to ni.var.psp://localhost/OPC/OPC_LabView/HAVC/192_168_60_39/SCREW/9_1
131848:T510837_26:clear RESET SCREW
131848:T510837_26:No more clear, Wait for RESET to be '1'
131853:T510837_26:RESET is 1 now. FINISHED.
132022:T510837_27:SET 5 to ni.var.psp://localhost/OPC/OPC_LabView/HAVC/192_168_60_39/SCREW/9_1
132023:T510837_27:clear RESET SCREW
132023:T510837_27:No more clear, Wait for RESET to be '1'
132041:T510837_27:RESET is 1 now. FINISHED.
132051:T510837_27:SET 1 to ni.var.psp://localhost/OPC/OPC_LabView/HAVC/192_168_60_39/SCREW/9_1
132051:T510837_27:clear RESET SCREW
132052:T510837_27:No more clear, Wait for RESET to be '1'
132056:T510837_27:RESET is 1 now. FINISHED.
132227:T510837_28:SET 5 to ni.var.psp://localhost/OPC/OPC_LabView/HAVC/192_168_60_39/SCREW/9_1
132227:T510837_28:clear RESET SCREW
132227:T510837_28:No more clear, Wait for RESET to be '1'
132246:T510837_28:RESET is 1 now. FINISHED.
132257:T510837_28:SET 1 to ni.var.psp://localhost/OPC/OPC_LabView/HAVC/192_168_60_39/SCREW/9_1
132257:T510837_28:clear RESET SCREW
132257:T510837_28:No more clear, Wait for RESET to be '1'
132301:T510837_28:RESET is 1 now. FINISHED.
132424:T510837_29:SET 5 to ni.var.psp://localhost/OPC/OPC_LabView/HAVC/192_168_60_39/SCREW/9_1
132424:T510837_29:clear RESET SCREW
132425:T510837_29:No more clear, Wait for RESET to be '1'
132441:T510837_29:RESET is 1 now. FINISHED.
132454:T510837_29:SET 1 to ni.var.psp://localhost/OPC/OPC_LabView/HAVC/192_168_60_39/SCREW/9_1
132454:T510837_29:clear RESET SCREW
132454:T510837_29:No more clear, Wait for RESET to be '1'
132458:T510837_29:RESET is 1 now. FINISHED.
132604:T510837_30:SET 5 to ni.var.psp://localhost/OPC/OPC_LabView/HAVC/192_168_60_39/SCREW/9_1
132605:T510837_30:clear RESET SCREW
132605:T510837_30:No more clear, Wait for RESET to be '1'
132620:T510837_30:RESET is 1 now. FINISHED.
132630:T510837_30:SET 1 to ni.var.psp://localhost/OPC/OPC_LabView/HAVC/192_168_60_39/SCREW/9_1
132630:T510837_30:clear RESET SCREW
132631:T510837_30:No more clear, Wait for RESET to be '1'
132634:T510837_30:RESET is 1 now. FINISHED.
132807:T510837_31:SET 5 to ni.var.psp://localhost/OPC/OPC_LabView/HAVC/192_168_60_39/SCREW/9_1
132807:T510837_31:clear RESET SCREW
132807:T510837_31:No more clear, Wait for RESET to be '1'
132825:T510837_31:RESET is 1 now. FINISHED.
132836:T510837_31:SET 1 to ni.var.psp://localhost/OPC/OPC_LabView/HAVC/192_168_60_39/SCREW/9_1
132837:T510837_31:clear RESET SCREW
132837:T510837_31:No more clear, Wait for RESET to be '1'
132841:T510837_31:RESET is 1 now. FINISHED.
132958:T510837_32:SET 5 to ni.var.psp://localhost/OPC/OPC_LabView/HAVC/192_168_60_39/SCREW/9_1
132959:T510837_32:clear RESET SCREW
132959:T510837_32:No more clear, Wait for RESET to be '1'
133018:T510837_32:RESET is 1 now. FINISHED.
133030:T510837_32:SET 1 to ni.var.psp://localhost/OPC/OPC_LabView/HAVC/192_168_60_39/SCREW/9_1
133031:T510837_32:clear RESET SCREW
133031:T510837_32:No more clear, Wait for RESET to be '1'
133035:T510837_32:RESET is 1 now. FINISHED.
133235:T510837_33:SET 5 to ni.var.psp://localhost/OPC/OPC_LabView/HAVC/192_168_60_39/SCREW/9_1
133236:T510837_33:clear RESET SCREW
133236:T510837_33:No more clear, Wait for RESET to be '1'
133254:T510837_33:RESET is 1 now. FINISHED.
133305:T510837_33:SET 1 to ni.var.psp://localhost/OPC/OPC_LabView/HAVC/192_168_60_39/SCREW/9_1
133305:T510837_33:clear RESET SCREW
133306:T510837_33:No more clear, Wait for RESET to be '1'
133309:T510837_33:RESET is 1 now. FINISHED.
133423:T510837_34:SET 5 to ni.var.psp://localhost/OPC/OPC_LabView/HAVC/192_168_60_39/SCREW/9_1
133423:T510837_34:clear RESET SCREW
133423:T510837_34:No more clear, Wait for RESET to be '1'
133444:T510837_34:RESET is 1 now. FINISHED.
133456:T510837_34:SET 1 to ni.var.psp://localhost/OPC/OPC_LabView/HAVC/192_168_60_39/SCREW/9_1
133456:T510837_34:clear RESET SCREW
133457:T510837_34:No more clear, Wait for RESET to be '1'
133500:T510837_34:RESET is 1 now. FINISHED.
133614:T510837_35:SET 5 to ni.var.psp://localhost/OPC/OPC_LabView/HAVC/192_168_60_39/SCREW/9_1
133615:T510837_35:clear RESET SCREW
133615:T510837_35:No more clear, Wait for RESET to be '1'
133633:T510837_35:RESET is 1 now. FINISHED.
133645:T510837_35:SET 1 to ni.var.psp://localhost/OPC/OPC_LabView/HAVC/192_168_60_39/SCREW/9_1
133646:T510837_35:clear RESET SCREW
133646:T510837_35:No more clear, Wait for RESET to be '1'
133650:T510837_35:RESET is 1 now. FINISHED.
133808:T510837_36:SET 5 to ni.var.psp://localhost/OPC/OPC_LabView/HAVC/192_168_60_39/SCREW/9_1
133809:T510837_36:clear RESET SCREW
133809:T510837_36:No more clear, Wait for RESET to be '1'
134028:T510837_36:RESET is 1 now. FINISHED.
134034:T510837_36:SET 1 to ni.var.psp://localhost/OPC/OPC_LabView/HAVC/192_168_60_39/SCREW/9_1
134034:T510837_36:clear RESET SCREW
134035:T510837_36:No more clear, Wait for RESET to be '1'
134038:T510837_36:RESET is 1 now. FINISHED.
134247:T510837_37:SET 5 to ni.var.psp://localhost/OPC/OPC_LabView/HAVC/192_168_60_39/SCREW/9_1
134247:T510837_37:clear RESET SCREW
134248:T510837_37:No more clear, Wait for RESET to be '1'
134307:T510837_37:RESET is 1 now. FINISHED.
134319:T510837_37:SET 1 to ni.var.psp://localhost/OPC/OPC_LabView/HAVC/192_168_60_39/SCREW/9_1
134320:T510837_37:clear RESET SCREW
134320:T510837_37:No more clear, Wait for RESET to be '1'
134324:T510837_37:RESET is 1 now. FINISHED.
134421:T510837_38:SET 5 to ni.var.psp://localhost/OPC/OPC_LabView/HAVC/192_168_60_39/SCREW/9_1
134422:T510837_38:clear RESET SCREW
134422:T510837_38:No more clear, Wait for RESET to be '1'
134440:T510837_38:RESET is 1 now. FINISHED.
134452:T510837_38:SET 1 to ni.var.psp://localhost/OPC/OPC_LabView/HAVC/192_168_60_39/SCREW/9_1
134453:T510837_38:clear RESET SCREW
134453:T510837_38:No more clear, Wait for RESET to be '1'
134458:T510837_38:RESET is 1 now. FINISHED.
134600:T510837_39:SET 5 to ni.var.psp://localhost/OPC/OPC_LabView/HAVC/192_168_60_39/SCREW/9_1
134601:T510837_39:clear RESET SCREW
134601:T510837_39:No more clear, Wait for RESET to be '1'
134618:T510837_39:RESET is 1 now. FINISHED.
134630:T510837_39:SET 1 to ni.var.psp://localhost/OPC/OPC_LabView/HAVC/192_168_60_39/SCREW/9_1
134631:T510837_39:clear RESET SCREW
134631:T510837_39:No more clear, Wait for RESET to be '1'
134635:T510837_39:RESET is 1 now. FINISHED.
134801:T510837_40:SET 5 to ni.var.psp://localhost/OPC/OPC_LabView/HAVC/192_168_60_39/SCREW/9_1
134802:T510837_40:clear RESET SCREW
134802:T510837_40:No more clear, Wait for RESET to be '1'
134819:T510837_40:RESET is 1 now. FINISHED.
134828:T510837_40:SET 1 to ni.var.psp://localhost/OPC/OPC_LabView/HAVC/192_168_60_39/SCREW/9_1
134829:T510837_40:clear RESET SCREW
134829:T510837_40:No more clear, Wait for RESET to be '1'
134833:T510837_40:RESET is 1 now. FINISHED.
134951:T510837_41:SET 5 to ni.var.psp://localhost/OPC/OPC_LabView/HAVC/192_168_60_39/SCREW/9_1
134951:T510837_41:clear RESET SCREW
134951:T510837_41:No more clear, Wait for RESET to be '1'
135007:T510837_41:RESET is 1 now. FINISHED.
135018:T510837_41:SET 1 to ni.var.psp://localhost/OPC/OPC_LabView/HAVC/192_168_60_39/SCREW/9_1
135019:T510837_41:clear RESET SCREW
135019:T510837_41:No more clear, Wait for RESET to be '1'
135023:T510837_41:RESET is 1 now. FINISHED.
135135:T510837_42:SET 5 to ni.var.psp://localhost/OPC/OPC_LabView/HAVC/192_168_60_39/SCREW/9_1
135135:T510837_42:clear RESET SCREW
135135:T510837_42:No more clear, Wait for RESET to be '1'
135156:T510837_42:RESET is 1 now. FINISHED.
135206:T510837_42:SET 1 to ni.var.psp://localhost/OPC/OPC_LabView/HAVC/192_168_60_39/SCREW/9_1
135206:T510837_42:clear RESET SCREW
135206:T510837_42:No more clear, Wait for RESET to be '1'
135210:T510837_42:RESET is 1 now. FINISHED.
135319:T510837_43:SET 5 to ni.var.psp://localhost/OPC/OPC_LabView/HAVC/192_168_60_39/SCREW/9_1
135319:T510837_43:clear RESET SCREW
135320:T510837_43:No more clear, Wait for RESET to be '1'
135336:T510837_43:RESET is 1 now. FINISHED.
135349:T510837_43:SET 1 to ni.var.psp://localhost/OPC/OPC_LabView/HAVC/192_168_60_39/SCREW/9_1
135350:T510837_43:clear RESET SCREW
135350:T510837_43:No more clear, Wait for RESET to be '1'
135354:T510837_43:RESET is 1 now. FINISHED.
135508:T510837_44:SET 5 to ni.var.psp://localhost/OPC/OPC_LabView/HAVC/192_168_60_39/SCREW/9_1
135509:T510837_44:clear RESET SCREW
135509:T510837_44:No more clear, Wait for RESET to be '1'
135525:T510837_44:RESET is 1 now. FINISHED.
135535:T510837_44:SET 1 to ni.var.psp://localhost/OPC/OPC_LabView/HAVC/192_168_60_39/SCREW/9_1
135535:T510837_44:clear RESET SCREW
135535:T510837_44:No more clear, Wait for RESET to be '1'
135540:T510837_44:RESET is 1 now. FINISHED.
135700:T510837_45:SET 5 to ni.var.psp://localhost/OPC/OPC_LabView/HAVC/192_168_60_39/SCREW/9_1
135701:T510837_45:clear RESET SCREW
135701:T510837_45:No more clear, Wait for RESET to be '1'
135720:T510837_45:RESET is 1 now. FINISHED.
135732:T510837_45:SET 1 to ni.var.psp://localhost/OPC/OPC_LabView/HAVC/192_168_60_39/SCREW/9_1
135732:T510837_45:clear RESET SCREW
135733:T510837_45:No more clear, Wait for RESET to be '1'
135737:T510837_45:RESET is 1 now. FINISHED.
135845:T510837_46:SET 5 to ni.var.psp://localhost/OPC/OPC_LabView/HAVC/192_168_60_39/SCREW/9_1
135845:T510837_46:clear RESET SCREW
135845:T510837_46:No more clear, Wait for RESET to be '1'
135904:T510837_46:RESET is 1 now. FINISHED.
135913:T510837_46:SET 1 to ni.var.psp://localhost/OPC/OPC_LabView/HAVC/192_168_60_39/SCREW/9_1
135914:T510837_46:clear RESET SCREW
135914:T510837_46:No more clear, Wait for RESET to be '1'
135918:T510837_46:RESET is 1 now. FINISHED.
140036:T510837_47:SET 5 to ni.var.psp://localhost/OPC/OPC_LabView/HAVC/192_168_60_39/SCREW/9_1
140037:T510837_47:clear RESET SCREW
140037:T510837_47:No more clear, Wait for RESET to be '1'
140056:T510837_47:RESET is 1 now. FINISHED.
140106:T510837_47:SET 1 to ni.var.psp://localhost/OPC/OPC_LabView/HAVC/192_168_60_39/SCREW/9_1
140106:T510837_47:clear RESET SCREW
140107:T510837_47:No more clear, Wait for RESET to be '1'
140110:T510837_47:RESET is 1 now. FINISHED.
140228:T510837_48:SET 5 to ni.var.psp://localhost/OPC/OPC_LabView/HAVC/192_168_60_39/SCREW/9_1
140228:T510837_48:clear RESET SCREW
140229:T510837_48:No more clear, Wait for RESET to be '1'
140245:T510837_48:RESET is 1 now. FINISHED.
140255:T510837_48:SET 1 to ni.var.psp://localhost/OPC/OPC_LabView/HAVC/192_168_60_39/SCREW/9_1
140255:T510837_48:clear RESET SCREW
140255:T510837_48:No more clear, Wait for RESET to be '1'
140300:T510837_48:RESET is 1 now. FINISHED.
140411:T510837_49:SET 5 to ni.var.psp://localhost/OPC/OPC_LabView/HAVC/192_168_60_39/SCREW/9_1
140411:T510837_49:clear RESET SCREW
140411:T510837_49:No more clear, Wait for RESET to be '1'
140429:T510837_49:RESET is 1 now. FINISHED.
140441:T510837_49:SET 1 to ni.var.psp://localhost/OPC/OPC_LabView/HAVC/192_168_60_39/SCREW/9_1
140442:T510837_49:clear RESET SCREW
140442:T510837_49:No more clear, Wait for RESET to be '1'
140446:T510837_49:RESET is 1 now. FINISHED.
140614:T510837_50:SET 5 to ni.var.psp://localhost/OPC/OPC_LabView/HAVC/192_168_60_39/SCREW/9_1
140615:T510837_50:clear RESET SCREW
140615:T510837_50:No more clear, Wait for RESET to be '1'
140632:T510837_50:RESET is 1 now. FINISHED.
140643:T510837_50:SET 1 to ni.var.psp://localhost/OPC/OPC_LabView/HAVC/192_168_60_39/SCREW/9_1
140643:T510837_50:clear RESET SCREW
140644:T510837_50:No more clear, Wait for RESET to be '1'
140647:T510837_50:RESET is 1 now. FINISHED.
140753:T510837_51:SET 5 to ni.var.psp://localhost/OPC/OPC_LabView/HAVC/192_168_60_39/SCREW/9_1
140753:T510837_51:clear RESET SCREW
140753:T510837_51:No more clear, Wait for RESET to be '1'
140810:T510837_51:RESET is 1 now. FINISHED.
140820:T510837_51:SET 1 to ni.var.psp://localhost/OPC/OPC_LabView/HAVC/192_168_60_39/SCREW/9_1
140820:T510837_51:clear RESET SCREW
140820:T510837_51:No more clear, Wait for RESET to be '1'
140824:T510837_51:RESET is 1 now. FINISHED.
141109:T510837_52:SET 5 to ni.var.psp://localhost/OPC/OPC_LabView/HAVC/192_168_60_39/SCREW/9_1
141109:T510837_52:clear RESET SCREW
141110:T510837_52:No more clear, Wait for RESET to be '1'
141127:T510837_52:RESET is 1 now. FINISHED.
141137:T510837_52:SET 1 to ni.var.psp://localhost/OPC/OPC_LabView/HAVC/192_168_60_39/SCREW/9_1
141137:T510837_52:clear RESET SCREW
141138:T510837_52:No more clear, Wait for RESET to be '1'
141141:T510837_52:RESET is 1 now. FINISHED.
141237:T510837_53:SET 5 to ni.var.psp://localhost/OPC/OPC_LabView/HAVC/192_168_60_39/SCREW/9_1
141237:T510837_53:clear RESET SCREW
141237:T510837_53:No more clear, Wait for RESET to be '1'
141256:T510837_53:RESET is 1 now. FINISHED.
141306:T510837_53:SET 1 to ni.var.psp://localhost/OPC/OPC_LabView/HAVC/192_168_60_39/SCREW/9_1
141307:T510837_53:clear RESET SCREW
141307:T510837_53:No more clear, Wait for RESET to be '1'
141310:T510837_53:RESET is 1 now. FINISHED.
141439:T510837_54:SET 5 to ni.var.psp://localhost/OPC/OPC_LabView/HAVC/192_168_60_39/SCREW/9_1
141440:T510837_54:clear RESET SCREW
141440:T510837_54:No more clear, Wait for RESET to be '1'
141456:T510837_54:RESET is 1 now. FINISHED.
141508:T510837_54:SET 1 to ni.var.psp://localhost/OPC/OPC_LabView/HAVC/192_168_60_39/SCREW/9_1
141509:T510837_54:clear RESET SCREW
141509:T510837_54:No more clear, Wait for RESET to be '1'
141514:T510837_54:RESET is 1 now. FINISHED.
141613:T510837_55:SET 5 to ni.var.psp://localhost/OPC/OPC_LabView/HAVC/192_168_60_39/SCREW/9_1
141614:T510837_55:clear RESET SCREW
141614:T510837_55:No more clear, Wait for RESET to be '1'
141631:T510837_55:RESET is 1 now. FINISHED.
141641:T510837_55:SET 1 to ni.var.psp://localhost/OPC/OPC_LabView/HAVC/192_168_60_39/SCREW/9_1
141641:T510837_55:clear RESET SCREW
141642:T510837_55:No more clear, Wait for RESET to be '1'
141645:T510837_55:RESET is 1 now. FINISHED.
141758:T510837_56:SET 5 to ni.var.psp://localhost/OPC/OPC_LabView/HAVC/192_168_60_39/SCREW/9_1
141758:T510837_56:clear RESET SCREW
141758:T510837_56:No more clear, Wait for RESET to be '1'
141815:T510837_56:RESET is 1 now. FINISHED.
141825:T510837_56:SET 1 to ni.var.psp://localhost/OPC/OPC_LabView/HAVC/192_168_60_39/SCREW/9_1
141825:T510837_56:clear RESET SCREW
141826:T510837_56:No more clear, Wait for RESET to be '1'
141829:T510837_56:RESET is 1 now. FINISHED.
141939:T510837_57:SET 5 to ni.var.psp://localhost/OPC/OPC_LabView/HAVC/192_168_60_39/SCREW/9_1
141939:T510837_57:clear RESET SCREW
141940:T510837_57:No more clear, Wait for RESET to be '1'
141956:T510837_57:RESET is 1 now. FINISHED.
142007:T510837_57:SET 1 to ni.var.psp://localhost/OPC/OPC_LabView/HAVC/192_168_60_39/SCREW/9_1
142007:T510837_57:clear RESET SCREW
142008:T510837_57:No more clear, Wait for RESET to be '1'
142011:T510837_57:RESET is 1 now. FINISHED.
142122:T510837_58:SET 5 to ni.var.psp://localhost/OPC/OPC_LabView/HAVC/192_168_60_39/SCREW/9_1
142123:T510837_58:clear RESET SCREW
142123:T510837_58:No more clear, Wait for RESET to be '1'
142141:T510837_58:RESET is 1 now. FINISHED.
142151:T510837_58:SET 1 to ni.var.psp://localhost/OPC/OPC_LabView/HAVC/192_168_60_39/SCREW/9_1
142152:T510837_58:clear RESET SCREW
142152:T510837_58:No more clear, Wait for RESET to be '1'
142156:T510837_58:RESET is 1 now. FINISHED.
142306:T510837_59:SET 5 to ni.var.psp://localhost/OPC/OPC_LabView/HAVC/192_168_60_39/SCREW/9_1
142306:T510837_59:clear RESET SCREW
142307:T510837_59:No more clear, Wait for RESET to be '1'
142324:T510837_59:RESET is 1 now. FINISHED.
142337:T510837_59:SET 1 to ni.var.psp://localhost/OPC/OPC_LabView/HAVC/192_168_60_39/SCREW/9_1
142338:T510837_59:clear RESET SCREW
142338:T510837_59:No more clear, Wait for RESET to be '1'
142342:T510837_59:RESET is 1 now. FINISHED.
142453:T510837_60:SET 5 to ni.var.psp://localhost/OPC/OPC_LabView/HAVC/192_168_60_39/SCREW/9_1
142453:T510837_60:clear RESET SCREW
142454:T510837_60:No more clear, Wait for RESET to be '1'
142511:T510837_60:RESET is 1 now. FINISHED.
142521:T510837_60:SET 1 to ni.var.psp://localhost/OPC/OPC_LabView/HAVC/192_168_60_39/SCREW/9_1
142521:T510837_60:clear RESET SCREW
142522:T510837_60:No more clear, Wait for RESET to be '1'
142528:T510837_60:RESET is 1 now. FINISHED.
142649:T510837_61:SET 5 to ni.var.psp://localhost/OPC/OPC_LabView/HAVC/192_168_60_39/SCREW/9_1
142650:T510837_61:clear RESET SCREW
142650:T510837_61:No more clear, Wait for RESET to be '1'
142713:T510837_61:RESET is 1 now. FINISHED.
142723:T510837_61:SET 1 to ni.var.psp://localhost/OPC/OPC_LabView/HAVC/192_168_60_39/SCREW/9_1
142723:T510837_61:clear RESET SCREW
142723:T510837_61:No more clear, Wait for RESET to be '1'
142729:T510837_61:RESET is 1 now. FINISHED.
143313:T510837_62:SET 5 to ni.var.psp://localhost/OPC/OPC_LabView/HAVC/192_168_60_39/SCREW/9_1
143314:T510837_62:clear RESET SCREW
143314:T510837_62:No more clear, Wait for RESET to be '1'
143330:T510837_62:RESET is 1 now. FINISHED.
143340:T510837_62:SET 1 to ni.var.psp://localhost/OPC/OPC_LabView/HAVC/192_168_60_39/SCREW/9_1
143340:T510837_62:clear RESET SCREW
143341:T510837_62:No more clear, Wait for RESET to be '1'
143345:T510837_62:RESET is 1 now. FINISHED.
143447:T510837_63:SET 5 to ni.var.psp://localhost/OPC/OPC_LabView/HAVC/192_168_60_39/SCREW/9_1
143447:T510837_63:clear RESET SCREW
143447:T510837_63:No more clear, Wait for RESET to be '1'
143505:T510837_63:RESET is 1 now. FINISHED.
143515:T510837_63:SET 1 to ni.var.psp://localhost/OPC/OPC_LabView/HAVC/192_168_60_39/SCREW/9_1
143515:T510837_63:clear RESET SCREW
143515:T510837_63:No more clear, Wait for RESET to be '1'
143519:T510837_63:RESET is 1 now. FINISHED.
143648:T510837_64:SET 5 to ni.var.psp://localhost/OPC/OPC_LabView/HAVC/192_168_60_39/SCREW/9_1
143649:T510837_64:clear RESET SCREW
143649:T510837_64:No more clear, Wait for RESET to be '1'
143711:T510837_64:RESET is 1 now. FINISHED.
143721:T510837_64:SET 1 to ni.var.psp://localhost/OPC/OPC_LabView/HAVC/192_168_60_39/SCREW/9_1
143721:T510837_64:clear RESET SCREW
143721:T510837_64:No more clear, Wait for RESET to be '1'
143725:T510837_64:RESET is 1 now. FINISHED.
143845:T510837_65:SET 5 to ni.var.psp://localhost/OPC/OPC_LabView/HAVC/192_168_60_39/SCREW/9_1
143846:T510837_65:clear RESET SCREW
143846:T510837_65:No more clear, Wait for RESET to be '1'
143902:T510837_65:RESET is 1 now. FINISHED.
143912:T510837_65:SET 1 to ni.var.psp://localhost/OPC/OPC_LabView/HAVC/192_168_60_39/SCREW/9_1
143913:T510837_65:clear RESET SCREW
143913:T510837_65:No more clear, Wait for RESET to be '1'
143917:T510837_65:RESET is 1 now. FINISHED.
144044:T510837_66:SET 5 to ni.var.psp://localhost/OPC/OPC_LabView/HAVC/192_168_60_39/SCREW/9_1
144045:T510837_66:clear RESET SCREW
144045:T510837_66:No more clear, Wait for RESET to be '1'
144100:T510837_66:RESET is 1 now. FINISHED.
144110:T510837_66:SET 1 to ni.var.psp://localhost/OPC/OPC_LabView/HAVC/192_168_60_39/SCREW/9_1
144111:T510837_66:clear RESET SCREW
144111:T510837_66:No more clear, Wait for RESET to be '1'
144115:T510837_66:RESET is 1 now. FINISHED.
144223:T510837_67:SET 5 to ni.var.psp://localhost/OPC/OPC_LabView/HAVC/192_168_60_39/SCREW/9_1
144223:T510837_67:clear RESET SCREW
144223:T510837_67:No more clear, Wait for RESET to be '1'
144239:T510837_67:RESET is 1 now. FINISHED.
144249:T510837_67:SET 1 to ni.var.psp://localhost/OPC/OPC_LabView/HAVC/192_168_60_39/SCREW/9_1
144249:T510837_67:clear RESET SCREW
144249:T510837_67:No more clear, Wait for RESET to be '1'
144253:T510837_67:RESET is 1 now. FINISHED.
144400:T510837_68:SET 5 to ni.var.psp://localhost/OPC/OPC_LabView/HAVC/192_168_60_39/SCREW/9_1
144400:T510837_68:clear RESET SCREW
144400:T510837_68:No more clear, Wait for RESET to be '1'
144418:T510837_68:RESET is 1 now. FINISHED.
144428:T510837_68:SET 1 to ni.var.psp://localhost/OPC/OPC_LabView/HAVC/192_168_60_39/SCREW/9_1
144428:T510837_68:clear RESET SCREW
144428:T510837_68:No more clear, Wait for RESET to be '1'
144432:T510837_68:RESET is 1 now. FINISHED.
144548:T510837_69:SET 5 to ni.var.psp://localhost/OPC/OPC_LabView/HAVC/192_168_60_39/SCREW/9_1
144549:T510837_69:clear RESET SCREW
144549:T510837_69:No more clear, Wait for RESET to be '1'
144606:T510837_69:RESET is 1 now. FINISHED.
144617:T510837_69:SET 1 to ni.var.psp://localhost/OPC/OPC_LabView/HAVC/192_168_60_39/SCREW/9_1
144617:T510837_69:clear RESET SCREW
144617:T510837_69:No more clear, Wait for RESET to be '1'
144622:T510837_69:RESET is 1 now. FINISHED.
144751:T510837_70:SET 5 to ni.var.psp://localhost/OPC/OPC_LabView/HAVC/192_168_60_39/SCREW/9_1
144751:T510837_70:clear RESET SCREW
144751:T510837_70:No more clear, Wait for RESET to be '1'
144807:T510837_70:RESET is 1 now. FINISHED.
144816:T510837_70:SET 1 to ni.var.psp://localhost/OPC/OPC_LabView/HAVC/192_168_60_39/SCREW/9_1
144817:T510837_70:clear RESET SCREW
144817:T510837_70:No more clear, Wait for RESET to be '1'
144821:T510837_70:RESET is 1 now. FINISHED.
144953:T510837_71:SET 5 to ni.var.psp://localhost/OPC/OPC_LabView/HAVC/192_168_60_39/SCREW/9_1
144953:T510837_71:clear RESET SCREW
144954:T510837_71:No more clear, Wait for RESET to be '1'
145011:T510837_71:RESET is 1 now. FINISHED.
145021:T510837_71:SET 1 to ni.var.psp://localhost/OPC/OPC_LabView/HAVC/192_168_60_39/SCREW/9_1
145021:T510837_71:clear RESET SCREW
145022:T510837_71:No more clear, Wait for RESET to be '1'
145027:T510837_71:RESET is 1 now. FINISHED.
145137:T510837_72:SET 5 to ni.var.psp://localhost/OPC/OPC_LabView/HAVC/192_168_60_39/SCREW/9_1
145137:T510837_72:clear RESET SCREW
145138:T510837_72:No more clear, Wait for RESET to be '1'
145155:T510837_72:RESET is 1 now. FINISHED.
145205:T510837_72:SET 1 to ni.var.psp://localhost/OPC/OPC_LabView/HAVC/192_168_60_39/SCREW/9_1
145205:T510837_72:clear RESET SCREW
145206:T510837_72:No more clear, Wait for RESET to be '1'
145210:T510837_72:RESET is 1 now. FINISHED.
145403:T510837_73:SET 5 to ni.var.psp://localhost/OPC/OPC_LabView/HAVC/192_168_60_39/SCREW/9_1
145403:T510837_73:clear RESET SCREW
145403:T510837_73:No more clear, Wait for RESET to be '1'
145434:T510837_73:RESET is 1 now. FINISHED.
145448:T510837_73:SET 1 to ni.var.psp://localhost/OPC/OPC_LabView/HAVC/192_168_60_39/SCREW/9_1
145448:T510837_73:clear RESET SCREW
145448:T510837_73:No more clear, Wait for RESET to be '1'
145453:T510837_73:RESET is 1 now. FINISHED.
145552:T510837_74:SET 5 to ni.var.psp://localhost/OPC/OPC_LabView/HAVC/192_168_60_39/SCREW/9_1
145553:T510837_74:clear RESET SCREW
145553:T510837_74:No more clear, Wait for RESET to be '1'
145610:T510837_74:RESET is 1 now. FINISHED.
145621:T510837_74:SET 1 to ni.var.psp://localhost/OPC/OPC_LabView/HAVC/192_168_60_39/SCREW/9_1
145621:T510837_74:clear RESET SCREW
145621:T510837_74:No more clear, Wait for RESET to be '1'
145625:T510837_74:RESET is 1 now. FINISHED.
145739:T510837_75:SET 5 to ni.var.psp://localhost/OPC/OPC_LabView/HAVC/192_168_60_39/SCREW/9_1
145739:T510837_75:clear RESET SCREW
145740:T510837_75:No more clear, Wait for RESET to be '1'
145758:T510837_75:RESET is 1 now. FINISHED.
151300:T510837_75:SET 1 to ni.var.psp://localhost/OPC/OPC_LabView/HAVC/192_168_60_39/SCREW/9_1
151300:T510837_75:clear RESET SCREW
151300:T510837_75:No more clear, Wait for RESET to be '1'
151304:T510837_75:RESET is 1 now. FINISHED.
151509:T510837_76:SET 5 to ni.var.psp://localhost/OPC/OPC_LabView/HAVC/192_168_60_39/SCREW/9_1
151509:T510837_76:clear RESET SCREW
151510:T510837_76:No more clear, Wait for RESET to be '1'
151530:T510837_76:RESET is 1 now. FINISHED.
151541:T510837_76:SET 1 to ni.var.psp://localhost/OPC/OPC_LabView/HAVC/192_168_60_39/SCREW/9_1
151541:T510837_76:clear RESET SCREW
151542:T510837_76:No more clear, Wait for RESET to be '1'
151547:T510837_76:RESET is 1 now. FINISHED.
151656:T510837_77:SET 5 to ni.var.psp://localhost/OPC/OPC_LabView/HAVC/192_168_60_39/SCREW/9_1
151656:T510837_77:clear RESET SCREW
151656:T510837_77:No more clear, Wait for RESET to be '1'
151713:T510837_77:RESET is 1 now. FINISHED.
151724:T510837_77:SET 1 to ni.var.psp://localhost/OPC/OPC_LabView/HAVC/192_168_60_39/SCREW/9_1
151724:T510837_77:clear RESET SCREW
151725:T510837_77:No more clear, Wait for RESET to be '1'
151729:T510837_77:RESET is 1 now. FINISHED.
151841:T510837_78:SET 5 to ni.var.psp://localhost/OPC/OPC_LabView/HAVC/192_168_60_39/SCREW/9_1
151841:T510837_78:clear RESET SCREW
151841:T510837_78:No more clear, Wait for RESET to be '1'
151858:T510837_78:RESET is 1 now. FINISHED.
151908:T510837_78:SET 1 to ni.var.psp://localhost/OPC/OPC_LabView/HAVC/192_168_60_39/SCREW/9_1
151908:T510837_78:clear RESET SCREW
151909:T510837_78:No more clear, Wait for RESET to be '1'
151912:T510837_78:RESET is 1 now. FINISHED.
152037:T510837_79:SET 5 to ni.var.psp://localhost/OPC/OPC_LabView/HAVC/192_168_60_39/SCREW/9_1
152038:T510837_79:clear RESET SCREW
152038:T510837_79:No more clear, Wait for RESET to be '1'
152055:T510837_79:RESET is 1 now. FINISHED.
152105:T510837_79:SET 1 to ni.var.psp://localhost/OPC/OPC_LabView/HAVC/192_168_60_39/SCREW/9_1
152105:T510837_79:clear RESET SCREW
152105:T510837_79:No more clear, Wait for RESET to be '1'
152109:T510837_79:RESET is 1 now. FINISHED.
152233:T510837_80:SET 5 to ni.var.psp://localhost/OPC/OPC_LabView/HAVC/192_168_60_39/SCREW/9_1
152234:T510837_80:clear RESET SCREW
152234:T510837_80:No more clear, Wait for RESET to be '1'
152251:T510837_80:RESET is 1 now. FINISHED.
152301:T510837_80:SET 1 to ni.var.psp://localhost/OPC/OPC_LabView/HAVC/192_168_60_39/SCREW/9_1
152301:T510837_80:clear RESET SCREW
152302:T510837_80:No more clear, Wait for RESET to be '1'
152306:T510837_80:RESET is 1 now. FINISHED.
152410:T510837_81:SET 5 to ni.var.psp://localhost/OPC/OPC_LabView/HAVC/192_168_60_39/SCREW/9_1
152411:T510837_81:clear RESET SCREW
152411:T510837_81:No more clear, Wait for RESET to be '1'
152427:T510837_81:RESET is 1 now. FINISHED.
152437:T510837_81:SET 1 to ni.var.psp://localhost/OPC/OPC_LabView/HAVC/192_168_60_39/SCREW/9_1
152437:T510837_81:clear RESET SCREW
152437:T510837_81:No more clear, Wait for RESET to be '1'
152441:T510837_81:RESET is 1 now. FINISHED.
152549:T510837_82:SET 5 to ni.var.psp://localhost/OPC/OPC_LabView/HAVC/192_168_60_39/SCREW/9_1
152549:T510837_82:clear RESET SCREW
152550:T510837_82:No more clear, Wait for RESET to be '1'
152604:T510837_82:RESET is 1 now. FINISHED.
152615:T510837_82:SET 1 to ni.var.psp://localhost/OPC/OPC_LabView/HAVC/192_168_60_39/SCREW/9_1
152615:T510837_82:clear RESET SCREW
152615:T510837_82:No more clear, Wait for RESET to be '1'
152619:T510837_82:RESET is 1 now. FINISHED.
152731:T510837_83:SET 5 to ni.var.psp://localhost/OPC/OPC_LabView/HAVC/192_168_60_39/SCREW/9_1
152731:T510837_83:clear RESET SCREW
152731:T510837_83:No more clear, Wait for RESET to be '1'
152749:T510837_83:RESET is 1 now. FINISHED.
152800:T510837_83:SET 1 to ni.var.psp://localhost/OPC/OPC_LabView/HAVC/192_168_60_39/SCREW/9_1
152801:T510837_83:clear RESET SCREW
152801:T510837_83:No more clear, Wait for RESET to be '1'
152806:T510837_83:RESET is 1 now. FINISHED.
152921:T510837_84:SET 5 to ni.var.psp://localhost/OPC/OPC_LabView/HAVC/192_168_60_39/SCREW/9_1
152921:T510837_84:clear RESET SCREW
152921:T510837_84:No more clear, Wait for RESET to be '1'
152936:T510837_84:RESET is 1 now. FINISHED.
152948:T510837_84:SET 1 to ni.var.psp://localhost/OPC/OPC_LabView/HAVC/192_168_60_39/SCREW/9_1
152948:T510837_84:clear RESET SCREW
152949:T510837_84:No more clear, Wait for RESET to be '1'
152953:T510837_84:RESET is 1 now. FINISHED.
153111:T510837_85:SET 5 to ni.var.psp://localhost/OPC/OPC_LabView/HAVC/192_168_60_39/SCREW/9_1
153112:T510837_85:clear RESET SCREW
153112:T510837_85:No more clear, Wait for RESET to be '1'
153129:T510837_85:RESET is 1 now. FINISHED.
153140:T510837_85:SET 1 to ni.var.psp://localhost/OPC/OPC_LabView/HAVC/192_168_60_39/SCREW/9_1
153140:T510837_85:clear RESET SCREW
153140:T510837_85:No more clear, Wait for RESET to be '1'
153144:T510837_85:RESET is 1 now. FINISHED.
153301:T510837_86:SET 5 to ni.var.psp://localhost/OPC/OPC_LabView/HAVC/192_168_60_39/SCREW/9_1
153301:T510837_86:clear RESET SCREW
153302:T510837_86:No more clear, Wait for RESET to be '1'
153320:T510837_86:RESET is 1 now. FINISHED.
153330:T510837_86:SET 1 to ni.var.psp://localhost/OPC/OPC_LabView/HAVC/192_168_60_39/SCREW/9_1
153331:T510837_86:clear RESET SCREW
153331:T510837_86:No more clear, Wait for RESET to be '1'
153335:T510837_86:RESET is 1 now. FINISHED.
153458:T510837_87:SET 5 to ni.var.psp://localhost/OPC/OPC_LabView/HAVC/192_168_60_39/SCREW/9_1
153459:T510837_87:clear RESET SCREW
153459:T510837_87:No more clear, Wait for RESET to be '1'
153516:T510837_87:RESET is 1 now. FINISHED.
153527:T510837_87:SET 1 to ni.var.psp://localhost/OPC/OPC_LabView/HAVC/192_168_60_39/SCREW/9_1
153527:T510837_87:clear RESET SCREW
153528:T510837_87:No more clear, Wait for RESET to be '1'
153531:T510837_87:RESET is 1 now. FINISHED.
153644:T510837_88:SET 5 to ni.var.psp://localhost/OPC/OPC_LabView/HAVC/192_168_60_39/SCREW/9_1
153644:T510837_88:clear RESET SCREW
153645:T510837_88:No more clear, Wait for RESET to be '1'
153702:T510837_88:RESET is 1 now. FINISHED.
153712:T510837_88:SET 1 to ni.var.psp://localhost/OPC/OPC_LabView/HAVC/192_168_60_39/SCREW/9_1
153712:T510837_88:clear RESET SCREW
153712:T510837_88:No more clear, Wait for RESET to be '1'
153716:T510837_88:RESET is 1 now. FINISHED.
153833:T510837_89:SET 5 to ni.var.psp://localhost/OPC/OPC_LabView/HAVC/192_168_60_39/SCREW/9_1
153833:T510837_89:clear RESET SCREW
153834:T510837_89:No more clear, Wait for RESET to be '1'
153853:T510837_89:RESET is 1 now. FINISHED.
153904:T510837_89:SET 1 to ni.var.psp://localhost/OPC/OPC_LabView/HAVC/192_168_60_39/SCREW/9_1
153904:T510837_89:clear RESET SCREW
153904:T510837_89:No more clear, Wait for RESET to be '1'
153909:T510837_89:RESET is 1 now. FINISHED.
154020:T510837_90:SET 5 to ni.var.psp://localhost/OPC/OPC_LabView/HAVC/192_168_60_39/SCREW/9_1
154020:T510837_90:clear RESET SCREW
154021:T510837_90:No more clear, Wait for RESET to be '1'
154037:T510837_90:RESET is 1 now. FINISHED.
154048:T510837_90:SET 1 to ni.var.psp://localhost/OPC/OPC_LabView/HAVC/192_168_60_39/SCREW/9_1
154048:T510837_90:clear RESET SCREW
154048:T510837_90:No more clear, Wait for RESET to be '1'
154053:T510837_90:RESET is 1 now. FINISHED.
154158:T510837_91:SET 5 to ni.var.psp://localhost/OPC/OPC_LabView/HAVC/192_168_60_39/SCREW/9_1
154158:T510837_91:clear RESET SCREW
154159:T510837_91:No more clear, Wait for RESET to be '1'
154219:T510837_91:RESET is 1 now. FINISHED.
154229:T510837_91:SET 1 to ni.var.psp://localhost/OPC/OPC_LabView/HAVC/192_168_60_39/SCREW/9_1
154229:T510837_91:clear RESET SCREW
154230:T510837_91:No more clear, Wait for RESET to be '1'
154233:T510837_91:RESET is 1 now. FINISHED.
154337:T510837_92:SET 5 to ni.var.psp://localhost/OPC/OPC_LabView/HAVC/192_168_60_39/SCREW/9_1
154337:T510837_92:clear RESET SCREW
154337:T510837_92:No more clear, Wait for RESET to be '1'
154354:T510837_92:RESET is 1 now. FINISHED.
154404:T510837_92:SET 1 to ni.var.psp://localhost/OPC/OPC_LabView/HAVC/192_168_60_39/SCREW/9_1
154404:T510837_92:clear RESET SCREW
154404:T510837_92:No more clear, Wait for RESET to be '1'
154409:T510837_92:RESET is 1 now. FINISHED.
154515:T510837_93:SET 5 to ni.var.psp://localhost/OPC/OPC_LabView/HAVC/192_168_60_39/SCREW/9_1
154515:T510837_93:clear RESET SCREW
154515:T510837_93:No more clear, Wait for RESET to be '1'
154532:T510837_93:RESET is 1 now. FINISHED.
154543:T510837_93:SET 1 to ni.var.psp://localhost/OPC/OPC_LabView/HAVC/192_168_60_39/SCREW/9_1
154543:T510837_93:clear RESET SCREW
154544:T510837_93:No more clear, Wait for RESET to be '1'
154548:T510837_93:RESET is 1 now. FINISHED.
154649:T510837_94:SET 5 to ni.var.psp://localhost/OPC/OPC_LabView/HAVC/192_168_60_39/SCREW/9_1
154649:T510837_94:clear RESET SCREW
154649:T510837_94:No more clear, Wait for RESET to be '1'
154707:T510837_94:RESET is 1 now. FINISHED.
154716:T510837_94:SET 1 to ni.var.psp://localhost/OPC/OPC_LabView/HAVC/192_168_60_39/SCREW/9_1
154717:T510837_94:clear RESET SCREW
154717:T510837_94:No more clear, Wait for RESET to be '1'
154721:T510837_94:RESET is 1 now. FINISHED.
154830:T510837_95:SET 5 to ni.var.psp://localhost/OPC/OPC_LabView/HAVC/192_168_60_39/SCREW/9_1
154830:T510837_95:clear RESET SCREW
154830:T510837_95:No more clear, Wait for RESET to be '1'
154847:T510837_95:RESET is 1 now. FINISHED.
154857:T510837_95:SET 1 to ni.var.psp://localhost/OPC/OPC_LabView/HAVC/192_168_60_39/SCREW/9_1
154858:T510837_95:clear RESET SCREW
154858:T510837_95:No more clear, Wait for RESET to be '1'
154901:T510837_95:RESET is 1 now. FINISHED.
155007:T510837_96:SET 5 to ni.var.psp://localhost/OPC/OPC_LabView/HAVC/192_168_60_39/SCREW/9_1
155007:T510837_96:clear RESET SCREW
155007:T510837_96:No more clear, Wait for RESET to be '1'
155722:T510837_96:RESET is 1 now. FINISHED.
155735:T510837_96:SET 1 to ni.var.psp://localhost/OPC/OPC_LabView/HAVC/192_168_60_39/SCREW/9_1
155735:T510837_96:clear RESET SCREW
155735:T510837_96:No more clear, Wait for RESET to be '1'
155740:T510837_96:RESET is 1 now. FINISHED.
155859:T510837_97:SET 5 to ni.var.psp://localhost/OPC/OPC_LabView/HAVC/192_168_60_39/SCREW/9_1
155859:T510837_97:clear RESET SCREW
155900:T510837_97:No more clear, Wait for RESET to be '1'
155918:T510837_97:RESET is 1 now. FINISHED.
155928:T510837_97:SET 1 to ni.var.psp://localhost/OPC/OPC_LabView/HAVC/192_168_60_39/SCREW/9_1
155929:T510837_97:clear RESET SCREW
155929:T510837_97:No more clear, Wait for RESET to be '1'
155933:T510837_97:RESET is 1 now. FINISHED.
160032:T510837_98:SET 5 to ni.var.psp://localhost/OPC/OPC_LabView/HAVC/192_168_60_39/SCREW/9_1
160033:T510837_98:clear RESET SCREW
160033:T510837_98:No more clear, Wait for RESET to be '1'
160050:T510837_98:RESET is 1 now. FINISHED.
160100:T510837_98:SET 1 to ni.var.psp://localhost/OPC/OPC_LabView/HAVC/192_168_60_39/SCREW/9_1
160100:T510837_98:clear RESET SCREW
160100:T510837_98:No more clear, Wait for RESET to be '1'
160105:T510837_98:RESET is 1 now. FINISHED.
161321:T510837_99:SET 5 to ni.var.psp://localhost/OPC/OPC_LabView/HAVC/192_168_60_39/SCREW/9_1
161321:T510837_99:clear RESET SCREW
161322:T510837_99:No more clear, Wait for RESET to be '1'
161343:T510837_99:RESET is 1 now. FINISHED.
161357:T510837_99:SET 1 to ni.var.psp://localhost/OPC/OPC_LabView/HAVC/192_168_60_39/SCREW/9_1
161357:T510837_99:clear RESET SCREW
161357:T510837_99:No more clear, Wait for RESET to be '1'
161401:T510837_99:RESET is 1 now. FINISHED.
161613:T510837_100:SET 5 to ni.var.psp://localhost/OPC/OPC_LabView/HAVC/192_168_60_39/SCREW/9_1
161613:T510837_100:clear RESET SCREW
161613:T510837_100:No more clear, Wait for RESET to be '1'
161632:T510837_100:RESET is 1 now. FINISHED.
161642:T510837_100:SET 1 to ni.var.psp://localhost/OPC/OPC_LabView/HAVC/192_168_60_39/SCREW/9_1
161643:T510837_100:clear RESET SCREW
161643:T510837_100:No more clear, Wait for RESET to be '1'
161651:T510837_100:RESET is 1 now. FINISHED.
