132632:T510836_1:SET 5 to ni.var.psp://localhost/OPC/OPC_LabView/HAVC/192_168_60_39/SCREW/9_1
132632:T510836_1:clear RESET SCREW
132633:T510836_1:No more clear, Wait for RESET to be '1'
132646:T510836_1:RESET is 1 now. FINISHED.
132742:T510836_1:SET 2 to ni.var.psp://localhost/OPC/OPC_LabView/HAVC/192_168_60_39/SCREW/9_1
132743:T510836_1:clear RESET SCREW
132743:T510836_1:No more clear, Wait for RESET to be '1'
132751:T510836_1:RESET is 1 now. FINISHED.
132755:T510836_1:SET 1 to ni.var.psp://localhost/OPC/OPC_LabView/HAVC/192_168_60_39/SCREW/9_1
132756:T510836_1:clear RESET SCREW
132756:T510836_1:No more clear, Wait for RESET to be '1'
132801:T510836_1:RESET is 1 now. FINISHED.
132824:T510836_2:SET 5 to ni.var.psp://localhost/OPC/OPC_LabView/HAVC/192_168_60_39/SCREW/9_1
132825:T510836_2:clear RESET SCREW
132825:T510836_2:No more clear, Wait for RESET to be '1'
132837:T510836_2:RESET is 1 now. FINISHED.
132842:T510836_2:SET 2 to ni.var.psp://localhost/OPC/OPC_LabView/HAVC/192_168_60_39/SCREW/9_1
132842:T510836_2:clear RESET SCREW
132843:T510836_2:No more clear, Wait for RESET to be '1'
132849:T510836_2:RESET is 1 now. FINISHED.
132853:T510836_2:SET 1 to ni.var.psp://localhost/OPC/OPC_LabView/HAVC/192_168_60_39/SCREW/9_1
132853:T510836_2:clear RESET SCREW
132853:T510836_2:No more clear, Wait for RESET to be '1'
132858:T510836_2:RESET is 1 now. FINISHED.
132914:T510836_3:SET 5 to ni.var.psp://localhost/OPC/OPC_LabView/HAVC/192_168_60_39/SCREW/9_1
132914:T510836_3:clear RESET SCREW
132914:T510836_3:No more clear, Wait for RESET to be '1'
132930:T510836_3:RESET is 1 now. FINISHED.
132936:T510836_3:SET 2 to ni.var.psp://localhost/OPC/OPC_LabView/HAVC/192_168_60_39/SCREW/9_1
132936:T510836_3:clear RESET SCREW
132936:T510836_3:No more clear, Wait for RESET to be '1'
132942:T510836_3:RESET is 1 now. FINISHED.
132946:T510836_3:SET 1 to ni.var.psp://localhost/OPC/OPC_LabView/HAVC/192_168_60_39/SCREW/9_1
132946:T510836_3:clear RESET SCREW
132946:T510836_3:No more clear, Wait for RESET to be '1'
132949:T510836_3:RESET is 1 now. FINISHED.
133010:T510836_4:SET 5 to ni.var.psp://localhost/OPC/OPC_LabView/HAVC/192_168_60_39/SCREW/9_1
133010:T510836_4:clear RESET SCREW
133010:T510836_4:No more clear, Wait for RESET to be '1'
133021:T510836_4:RESET is 1 now. FINISHED.
133027:T510836_4:SET 2 to ni.var.psp://localhost/OPC/OPC_LabView/HAVC/192_168_60_39/SCREW/9_1
133027:T510836_4:clear RESET SCREW
133027:T510836_4:No more clear, Wait for RESET to be '1'
133034:T510836_4:RESET is 1 now. FINISHED.
133037:T510836_4:SET 1 to ni.var.psp://localhost/OPC/OPC_LabView/HAVC/192_168_60_39/SCREW/9_1
133037:T510836_4:clear RESET SCREW
133038:T510836_4:No more clear, Wait for RESET to be '1'
133041:T510836_4:RESET is 1 now. FINISHED.
133101:T510836_5:SET 5 to ni.var.psp://localhost/OPC/OPC_LabView/HAVC/192_168_60_39/SCREW/9_1
133102:T510836_5:clear RESET SCREW
133102:T510836_5:No more clear, Wait for RESET to be '1'
133114:T510836_5:RESET is 1 now. FINISHED.
133119:T510836_5:SET 2 to ni.var.psp://localhost/OPC/OPC_LabView/HAVC/192_168_60_39/SCREW/9_1
133120:T510836_5:clear RESET SCREW
133120:T510836_5:No more clear, Wait for RESET to be '1'
133128:T510836_5:RESET is 1 now. FINISHED.
133133:T510836_5:SET 1 to ni.var.psp://localhost/OPC/OPC_LabView/HAVC/192_168_60_39/SCREW/9_1
133133:T510836_5:clear RESET SCREW
133133:T510836_5:No more clear, Wait for RESET to be '1'
133137:T510836_5:RESET is 1 now. FINISHED.
133218:T510836_6:SET 5 to ni.var.psp://localhost/OPC/OPC_LabView/HAVC/192_168_60_39/SCREW/9_1
133219:T510836_6:clear RESET SCREW
133219:T510836_6:No more clear, Wait for RESET to be '1'
133234:T510836_6:RESET is 1 now. FINISHED.
133243:T510836_6:SET 2 to ni.var.psp://localhost/OPC/OPC_LabView/HAVC/192_168_60_39/SCREW/9_1
133243:T510836_6:clear RESET SCREW
133243:T510836_6:No more clear, Wait for RESET to be '1'
133258:T510836_6:RESET is 1 now. FINISHED.
133304:T510836_6:SET 1 to ni.var.psp://localhost/OPC/OPC_LabView/HAVC/192_168_60_39/SCREW/9_1
133304:T510836_6:clear RESET SCREW
133304:T510836_6:No more clear, Wait for RESET to be '1'
133310:T510836_6:RESET is 1 now. FINISHED.
133332:T510836_7:SET 5 to ni.var.psp://localhost/OPC/OPC_LabView/HAVC/192_168_60_39/SCREW/9_1
133333:T510836_7:clear RESET SCREW
133333:T510836_7:No more clear, Wait for RESET to be '1'
133344:T510836_7:RESET is 1 now. FINISHED.
133350:T510836_7:SET 2 to ni.var.psp://localhost/OPC/OPC_LabView/HAVC/192_168_60_39/SCREW/9_1
133350:T510836_7:clear RESET SCREW
133350:T510836_7:No more clear, Wait for RESET to be '1'
133357:T510836_7:RESET is 1 now. FINISHED.
133402:T510836_7:SET 1 to ni.var.psp://localhost/OPC/OPC_LabView/HAVC/192_168_60_39/SCREW/9_1
133402:T510836_7:clear RESET SCREW
133402:T510836_7:No more clear, Wait for RESET to be '1'
133407:T510836_7:RESET is 1 now. FINISHED.
133537:T510836_8:SET 5 to ni.var.psp://localhost/OPC/OPC_LabView/HAVC/192_168_60_39/SCREW/9_1
133537:T510836_8:clear RESET SCREW
133537:T510836_8:No more clear, Wait for RESET to be '1'
133557:T510836_8:RESET is 1 now. FINISHED.
133603:T510836_8:SET 2 to ni.var.psp://localhost/OPC/OPC_LabView/HAVC/192_168_60_39/SCREW/9_1
133604:T510836_8:clear RESET SCREW
133604:T510836_8:No more clear, Wait for RESET to be '1'
133613:T510836_8:RESET is 1 now. FINISHED.
133617:T510836_8:SET 1 to ni.var.psp://localhost/OPC/OPC_LabView/HAVC/192_168_60_39/SCREW/9_1
133617:T510836_8:clear RESET SCREW
133617:T510836_8:No more clear, Wait for RESET to be '1'
133622:T510836_8:RESET is 1 now. FINISHED.
133638:T510836_9:SET 5 to ni.var.psp://localhost/OPC/OPC_LabView/HAVC/192_168_60_39/SCREW/9_1
133638:T510836_9:clear RESET SCREW
133638:T510836_9:No more clear, Wait for RESET to be '1'
133650:T510836_9:RESET is 1 now. FINISHED.
133654:T510836_9:SET 2 to ni.var.psp://localhost/OPC/OPC_LabView/HAVC/192_168_60_39/SCREW/9_1
133654:T510836_9:clear RESET SCREW
133654:T510836_9:No more clear, Wait for RESET to be '1'
133701:T510836_9:RESET is 1 now. FINISHED.
133705:T510836_9:SET 1 to ni.var.psp://localhost/OPC/OPC_LabView/HAVC/192_168_60_39/SCREW/9_1
133706:T510836_9:clear RESET SCREW
133706:T510836_9:No more clear, Wait for RESET to be '1'
133710:T510836_9:RESET is 1 now. FINISHED.
133738:T510836_10:SET 5 to ni.var.psp://localhost/OPC/OPC_LabView/HAVC/192_168_60_39/SCREW/9_1
133738:T510836_10:clear RESET SCREW
133738:T510836_10:No more clear, Wait for RESET to be '1'
133758:T510836_10:RESET is 1 now. FINISHED.
133804:T510836_10:SET 2 to ni.var.psp://localhost/OPC/OPC_LabView/HAVC/192_168_60_39/SCREW/9_1
133804:T510836_10:clear RESET SCREW
133804:T510836_10:No more clear, Wait for RESET to be '1'
133815:T510836_10:RESET is 1 now. FINISHED.
133819:T510836_10:SET 1 to ni.var.psp://localhost/OPC/OPC_LabView/HAVC/192_168_60_39/SCREW/9_1
133819:T510836_10:clear RESET SCREW
133819:T510836_10:No more clear, Wait for RESET to be '1'
133826:T510836_10:RESET is 1 now. FINISHED.
133942:T510836_11:SET 5 to ni.var.psp://localhost/OPC/OPC_LabView/HAVC/192_168_60_39/SCREW/9_1
133942:T510836_11:clear RESET SCREW
133943:T510836_11:No more clear, Wait for RESET to be '1'
133955:T510836_11:RESET is 1 now. FINISHED.
134000:T510836_11:SET 2 to ni.var.psp://localhost/OPC/OPC_LabView/HAVC/192_168_60_39/SCREW/9_1
134001:T510836_11:clear RESET SCREW
134001:T510836_11:No more clear, Wait for RESET to be '1'
134006:T510836_11:RESET is 1 now. FINISHED.
134011:T510836_11:SET 1 to ni.var.psp://localhost/OPC/OPC_LabView/HAVC/192_168_60_39/SCREW/9_1
134012:T510836_11:clear RESET SCREW
134012:T510836_11:No more clear, Wait for RESET to be '1'
134016:T510836_11:RESET is 1 now. FINISHED.
134735:T510836_12:SET 5 to ni.var.psp://localhost/OPC/OPC_LabView/HAVC/192_168_60_39/SCREW/9_1
134735:T510836_12:clear RESET SCREW
134736:T510836_12:No more clear, Wait for RESET to be '1'
134747:T510836_12:RESET is 1 now. FINISHED.
134754:T510836_12:SET 2 to ni.var.psp://localhost/OPC/OPC_LabView/HAVC/192_168_60_39/SCREW/9_1
134754:T510836_12:clear RESET SCREW
134754:T510836_12:No more clear, Wait for RESET to be '1'
134810:T510836_12:RESET is 1 now. FINISHED.
134838:T510836_12:SET 1 to ni.var.psp://localhost/OPC/OPC_LabView/HAVC/192_168_60_39/SCREW/9_1
134839:T510836_12:clear RESET SCREW
134839:T510836_12:No more clear, Wait for RESET to be '1'
134842:T510836_12:RESET is 1 now. FINISHED.
134906:T510836_13:SET 5 to ni.var.psp://localhost/OPC/OPC_LabView/HAVC/192_168_60_39/SCREW/9_1
134906:T510836_13:clear RESET SCREW
134906:T510836_13:No more clear, Wait for RESET to be '1'
134919:T510836_13:RESET is 1 now. FINISHED.
134926:T510836_13:SET 2 to ni.var.psp://localhost/OPC/OPC_LabView/HAVC/192_168_60_39/SCREW/9_1
134927:T510836_13:clear RESET SCREW
134927:T510836_13:No more clear, Wait for RESET to be '1'
134936:T510836_13:RESET is 1 now. FINISHED.
134942:T510836_13:SET 1 to ni.var.psp://localhost/OPC/OPC_LabView/HAVC/192_168_60_39/SCREW/9_1
134942:T510836_13:clear RESET SCREW
134943:T510836_13:No more clear, Wait for RESET to be '1'
134948:T510836_13:RESET is 1 now. FINISHED.
135010:T510836_14:SET 5 to ni.var.psp://localhost/OPC/OPC_LabView/HAVC/192_168_60_39/SCREW/9_1
135010:T510836_14:clear RESET SCREW
135010:T510836_14:No more clear, Wait for RESET to be '1'
135023:T510836_14:RESET is 1 now. FINISHED.
135030:T510836_14:SET 2 to ni.var.psp://localhost/OPC/OPC_LabView/HAVC/192_168_60_39/SCREW/9_1
135030:T510836_14:clear RESET SCREW
135030:T510836_14:No more clear, Wait for RESET to be '1'
135040:T510836_14:RESET is 1 now. FINISHED.
135044:T510836_14:SET 1 to ni.var.psp://localhost/OPC/OPC_LabView/HAVC/192_168_60_39/SCREW/9_1
135044:T510836_14:clear RESET SCREW
135045:T510836_14:No more clear, Wait for RESET to be '1'
135049:T510836_14:RESET is 1 now. FINISHED.
135155:T510836_15:SET 5 to ni.var.psp://localhost/OPC/OPC_LabView/HAVC/192_168_60_39/SCREW/9_1
135155:T510836_15:clear RESET SCREW
135156:T510836_15:No more clear, Wait for RESET to be '1'
135212:T510836_15:RESET is 1 now. FINISHED.
135219:T510836_15:SET 2 to ni.var.psp://localhost/OPC/OPC_LabView/HAVC/192_168_60_39/SCREW/9_1
135219:T510836_15:clear RESET SCREW
135220:T510836_15:No more clear, Wait for RESET to be '1'
135228:T510836_15:RESET is 1 now. FINISHED.
135233:T510836_15:SET 1 to ni.var.psp://localhost/OPC/OPC_LabView/HAVC/192_168_60_39/SCREW/9_1
135233:T510836_15:clear RESET SCREW
135234:T510836_15:No more clear, Wait for RESET to be '1'
135237:T510836_15:RESET is 1 now. FINISHED.
135257:T510836_16:SET 5 to ni.var.psp://localhost/OPC/OPC_LabView/HAVC/192_168_60_39/SCREW/9_1
135257:T510836_16:clear RESET SCREW
135257:T510836_16:No more clear, Wait for RESET to be '1'
135310:T510836_16:RESET is 1 now. FINISHED.
135314:T510836_16:SET 2 to ni.var.psp://localhost/OPC/OPC_LabView/HAVC/192_168_60_39/SCREW/9_1
135314:T510836_16:clear RESET SCREW
135314:T510836_16:No more clear, Wait for RESET to be '1'
135321:T510836_16:RESET is 1 now. FINISHED.
135325:T510836_16:SET 1 to ni.var.psp://localhost/OPC/OPC_LabView/HAVC/192_168_60_39/SCREW/9_1
135325:T510836_16:clear RESET SCREW
135325:T510836_16:No more clear, Wait for RESET to be '1'
135330:T510836_16:RESET is 1 now. FINISHED.
135346:T510836_17:SET 5 to ni.var.psp://localhost/OPC/OPC_LabView/HAVC/192_168_60_39/SCREW/9_1
135346:T510836_17:clear RESET SCREW
135347:T510836_17:No more clear, Wait for RESET to be '1'
135401:T510836_17:RESET is 1 now. FINISHED.
135405:T510836_17:SET 2 to ni.var.psp://localhost/OPC/OPC_LabView/HAVC/192_168_60_39/SCREW/9_1
135405:T510836_17:clear RESET SCREW
135406:T510836_17:No more clear, Wait for RESET to be '1'
135416:T510836_17:RESET is 1 now. FINISHED.
135419:T510836_17:SET 1 to ni.var.psp://localhost/OPC/OPC_LabView/HAVC/192_168_60_39/SCREW/9_1
135419:T510836_17:clear RESET SCREW
135420:T510836_17:No more clear, Wait for RESET to be '1'
135424:T510836_17:RESET is 1 now. FINISHED.
135509:T510836_18:SET 5 to ni.var.psp://localhost/OPC/OPC_LabView/HAVC/192_168_60_39/SCREW/9_1
135509:T510836_18:clear RESET SCREW
135509:T510836_18:No more clear, Wait for RESET to be '1'
135535:T510836_18:RESET is 1 now. FINISHED.
135543:T510836_18:SET 2 to ni.var.psp://localhost/OPC/OPC_LabView/HAVC/192_168_60_39/SCREW/9_1
135543:T510836_18:clear RESET SCREW
135543:T510836_18:No more clear, Wait for RESET to be '1'
135550:T510836_18:RESET is 1 now. FINISHED.
135556:T510836_18:SET 1 to ni.var.psp://localhost/OPC/OPC_LabView/HAVC/192_168_60_39/SCREW/9_1
135556:T510836_18:clear RESET SCREW
135556:T510836_18:No more clear, Wait for RESET to be '1'
135604:T510836_18:RESET is 1 now. FINISHED.
135622:T510836_19:SET 5 to ni.var.psp://localhost/OPC/OPC_LabView/HAVC/192_168_60_39/SCREW/9_1
135623:T510836_19:clear RESET SCREW
135623:T510836_19:No more clear, Wait for RESET to be '1'
135637:T510836_19:RESET is 1 now. FINISHED.
135642:T510836_19:SET 2 to ni.var.psp://localhost/OPC/OPC_LabView/HAVC/192_168_60_39/SCREW/9_1
135643:T510836_19:clear RESET SCREW
135643:T510836_19:No more clear, Wait for RESET to be '1'
135651:T510836_19:RESET is 1 now. FINISHED.
135659:T510836_19:SET 1 to ni.var.psp://localhost/OPC/OPC_LabView/HAVC/192_168_60_39/SCREW/9_1
135659:T510836_19:clear RESET SCREW
135700:T510836_19:No more clear, Wait for RESET to be '1'
135705:T510836_19:RESET is 1 now. FINISHED.
135726:T510836_20:SET 5 to ni.var.psp://localhost/OPC/OPC_LabView/HAVC/192_168_60_39/SCREW/9_1
135727:T510836_20:clear RESET SCREW
135727:T510836_20:No more clear, Wait for RESET to be '1'
135739:T510836_20:RESET is 1 now. FINISHED.
135744:T510836_20:SET 2 to ni.var.psp://localhost/OPC/OPC_LabView/HAVC/192_168_60_39/SCREW/9_1
135744:T510836_20:clear RESET SCREW
135744:T510836_20:No more clear, Wait for RESET to be '1'
135749:T510836_20:RESET is 1 now. FINISHED.
135755:T510836_20:SET 1 to ni.var.psp://localhost/OPC/OPC_LabView/HAVC/192_168_60_39/SCREW/9_1
135755:T510836_20:clear RESET SCREW
135756:T510836_20:No more clear, Wait for RESET to be '1'
135800:T510836_20:RESET is 1 now. FINISHED.
135850:T510836_21:SET 5 to ni.var.psp://localhost/OPC/OPC_LabView/HAVC/192_168_60_39/SCREW/9_1
135851:T510836_21:clear RESET SCREW
135851:T510836_21:No more clear, Wait for RESET to be '1'
135904:T510836_21:RESET is 1 now. FINISHED.
135918:T510836_21:SET 2 to ni.var.psp://localhost/OPC/OPC_LabView/HAVC/192_168_60_39/SCREW/9_1
135918:T510836_21:clear RESET SCREW
135918:T510836_21:No more clear, Wait for RESET to be '1'
135925:T510836_21:RESET is 1 now. FINISHED.
135933:T510836_21:SET 1 to ni.var.psp://localhost/OPC/OPC_LabView/HAVC/192_168_60_39/SCREW/9_1
135934:T510836_21:clear RESET SCREW
135934:T510836_21:No more clear, Wait for RESET to be '1'
135940:T510836_21:RESET is 1 now. FINISHED.
140026:T510836_22:SET 5 to ni.var.psp://localhost/OPC/OPC_LabView/HAVC/192_168_60_39/SCREW/9_1
140026:T510836_22:clear RESET SCREW
140027:T510836_22:No more clear, Wait for RESET to be '1'
140042:T510836_22:RESET is 1 now. FINISHED.
140047:T510836_22:SET 2 to ni.var.psp://localhost/OPC/OPC_LabView/HAVC/192_168_60_39/SCREW/9_1
140047:T510836_22:clear RESET SCREW
140047:T510836_22:No more clear, Wait for RESET to be '1'
140054:T510836_22:RESET is 1 now. FINISHED.
140057:T510836_22:SET 1 to ni.var.psp://localhost/OPC/OPC_LabView/HAVC/192_168_60_39/SCREW/9_1
140058:T510836_22:clear RESET SCREW
140058:T510836_22:No more clear, Wait for RESET to be '1'
140101:T510836_22:RESET is 1 now. FINISHED.
140142:T510836_23:SET 5 to ni.var.psp://localhost/OPC/OPC_LabView/HAVC/192_168_60_39/SCREW/9_1
140142:T510836_23:clear RESET SCREW
140142:T510836_23:No more clear, Wait for RESET to be '1'
140201:T510836_23:RESET is 1 now. FINISHED.
140206:T510836_23:SET 2 to ni.var.psp://localhost/OPC/OPC_LabView/HAVC/192_168_60_39/SCREW/9_1
140206:T510836_23:clear RESET SCREW
140206:T510836_23:No more clear, Wait for RESET to be '1'
140213:T510836_23:RESET is 1 now. FINISHED.
140217:T510836_23:SET 1 to ni.var.psp://localhost/OPC/OPC_LabView/HAVC/192_168_60_39/SCREW/9_1
140218:T510836_23:clear RESET SCREW
140218:T510836_23:No more clear, Wait for RESET to be '1'
140222:T510836_23:RESET is 1 now. FINISHED.
140323:T510836_24:SET 5 to ni.var.psp://localhost/OPC/OPC_LabView/HAVC/192_168_60_39/SCREW/9_1
140323:T510836_24:clear RESET SCREW
140324:T510836_24:No more clear, Wait for RESET to be '1'
140341:T510836_24:RESET is 1 now. FINISHED.
140347:T510836_24:SET 2 to ni.var.psp://localhost/OPC/OPC_LabView/HAVC/192_168_60_39/SCREW/9_1
140348:T510836_24:clear RESET SCREW
140348:T510836_24:No more clear, Wait for RESET to be '1'
140355:T510836_24:RESET is 1 now. FINISHED.
140400:T510836_24:SET 1 to ni.var.psp://localhost/OPC/OPC_LabView/HAVC/192_168_60_39/SCREW/9_1
140401:T510836_24:clear RESET SCREW
140401:T510836_24:No more clear, Wait for RESET to be '1'
140406:T510836_24:RESET is 1 now. FINISHED.
140421:T510836_25:SET 5 to ni.var.psp://localhost/OPC/OPC_LabView/HAVC/192_168_60_39/SCREW/9_1
140421:T510836_25:clear RESET SCREW
140421:T510836_25:No more clear, Wait for RESET to be '1'
140433:T510836_25:RESET is 1 now. FINISHED.
140438:T510836_25:SET 2 to ni.var.psp://localhost/OPC/OPC_LabView/HAVC/192_168_60_39/SCREW/9_1
140439:T510836_25:clear RESET SCREW
140439:T510836_25:No more clear, Wait for RESET to be '1'
140445:T510836_25:RESET is 1 now. FINISHED.
140449:T510836_25:SET 1 to ni.var.psp://localhost/OPC/OPC_LabView/HAVC/192_168_60_39/SCREW/9_1
140449:T510836_25:clear RESET SCREW
140449:T510836_25:No more clear, Wait for RESET to be '1'
140453:T510836_25:RESET is 1 now. FINISHED.
140511:T510836_26:SET 5 to ni.var.psp://localhost/OPC/OPC_LabView/HAVC/192_168_60_39/SCREW/9_1
140511:T510836_26:clear RESET SCREW
140512:T510836_26:No more clear, Wait for RESET to be '1'
140530:T510836_26:RESET is 1 now. FINISHED.
140538:T510836_26:SET 2 to ni.var.psp://localhost/OPC/OPC_LabView/HAVC/192_168_60_39/SCREW/9_1
140538:T510836_26:clear RESET SCREW
140539:T510836_26:No more clear, Wait for RESET to be '1'
140546:T510836_26:RESET is 1 now. FINISHED.
140550:T510836_26:SET 1 to ni.var.psp://localhost/OPC/OPC_LabView/HAVC/192_168_60_39/SCREW/9_1
140550:T510836_26:clear RESET SCREW
140551:T510836_26:No more clear, Wait for RESET to be '1'
140555:T510836_26:RESET is 1 now. FINISHED.
140609:T510836_27:SET 5 to ni.var.psp://localhost/OPC/OPC_LabView/HAVC/192_168_60_39/SCREW/9_1
140610:T510836_27:clear RESET SCREW
140610:T510836_27:No more clear, Wait for RESET to be '1'
140621:T510836_27:RESET is 1 now. FINISHED.
140625:T510836_27:SET 2 to ni.var.psp://localhost/OPC/OPC_LabView/HAVC/192_168_60_39/SCREW/9_1
140626:T510836_27:clear RESET SCREW
140626:T510836_27:No more clear, Wait for RESET to be '1'
140631:T510836_27:RESET is 1 now. FINISHED.
140636:T510836_27:SET 1 to ni.var.psp://localhost/OPC/OPC_LabView/HAVC/192_168_60_39/SCREW/9_1
140636:T510836_27:clear RESET SCREW
140636:T510836_27:No more clear, Wait for RESET to be '1'
140639:T510836_27:RESET is 1 now. FINISHED.
140703:T510836_28:SET 5 to ni.var.psp://localhost/OPC/OPC_LabView/HAVC/192_168_60_39/SCREW/9_1
140703:T510836_28:clear RESET SCREW
140703:T510836_28:No more clear, Wait for RESET to be '1'
140714:T510836_28:RESET is 1 now. FINISHED.
140720:T510836_28:SET 2 to ni.var.psp://localhost/OPC/OPC_LabView/HAVC/192_168_60_39/SCREW/9_1
140720:T510836_28:clear RESET SCREW
140720:T510836_28:No more clear, Wait for RESET to be '1'
140727:T510836_28:RESET is 1 now. FINISHED.
140731:T510836_28:SET 1 to ni.var.psp://localhost/OPC/OPC_LabView/HAVC/192_168_60_39/SCREW/9_1
140731:T510836_28:clear RESET SCREW
140731:T510836_28:No more clear, Wait for RESET to be '1'
140736:T510836_28:RESET is 1 now. FINISHED.
140810:T510836_29:SET 5 to ni.var.psp://localhost/OPC/OPC_LabView/HAVC/192_168_60_39/SCREW/9_1
140810:T510836_29:clear RESET SCREW
140811:T510836_29:No more clear, Wait for RESET to be '1'
140822:T510836_29:RESET is 1 now. FINISHED.
140828:T510836_29:SET 2 to ni.var.psp://localhost/OPC/OPC_LabView/HAVC/192_168_60_39/SCREW/9_1
140829:T510836_29:clear RESET SCREW
140829:T510836_29:No more clear, Wait for RESET to be '1'
140834:T510836_29:RESET is 1 now. FINISHED.
140837:T510836_29:SET 1 to ni.var.psp://localhost/OPC/OPC_LabView/HAVC/192_168_60_39/SCREW/9_1
140837:T510836_29:clear RESET SCREW
140838:T510836_29:No more clear, Wait for RESET to be '1'
140841:T510836_29:RESET is 1 now. FINISHED.
140920:T510836_30:SET 5 to ni.var.psp://localhost/OPC/OPC_LabView/HAVC/192_168_60_39/SCREW/9_1
140920:T510836_30:clear RESET SCREW
140920:T510836_30:No more clear, Wait for RESET to be '1'
140934:T510836_30:RESET is 1 now. FINISHED.
140952:T510836_30:SET 2 to ni.var.psp://localhost/OPC/OPC_LabView/HAVC/192_168_60_39/SCREW/9_1
140953:T510836_30:clear RESET SCREW
140953:T510836_30:No more clear, Wait for RESET to be '1'
140959:T510836_30:RESET is 1 now. FINISHED.
141003:T510836_30:SET 1 to ni.var.psp://localhost/OPC/OPC_LabView/HAVC/192_168_60_39/SCREW/9_1
141003:T510836_30:clear RESET SCREW
141003:T510836_30:No more clear, Wait for RESET to be '1'
141005:T510836_30:RESET is 1 now. FINISHED.
141149:T510836_31:SET 5 to ni.var.psp://localhost/OPC/OPC_LabView/HAVC/192_168_60_39/SCREW/9_1
141150:T510836_31:clear RESET SCREW
141150:T510836_31:No more clear, Wait for RESET to be '1'
141200:T510836_31:RESET is 1 now. FINISHED.
141206:T510836_31:SET 2 to ni.var.psp://localhost/OPC/OPC_LabView/HAVC/192_168_60_39/SCREW/9_1
141206:T510836_31:clear RESET SCREW
141207:T510836_31:No more clear, Wait for RESET to be '1'
141213:T510836_31:RESET is 1 now. FINISHED.
141216:T510836_31:SET 1 to ni.var.psp://localhost/OPC/OPC_LabView/HAVC/192_168_60_39/SCREW/9_1
141216:T510836_31:clear RESET SCREW
141217:T510836_31:No more clear, Wait for RESET to be '1'
141222:T510836_31:RESET is 1 now. FINISHED.
141308:T510836_32:SET 5 to ni.var.psp://localhost/OPC/OPC_LabView/HAVC/192_168_60_39/SCREW/9_1
141308:T510836_32:clear RESET SCREW
141308:T510836_32:No more clear, Wait for RESET to be '1'
141326:T510836_32:RESET is 1 now. FINISHED.
141331:T510836_32:SET 2 to ni.var.psp://localhost/OPC/OPC_LabView/HAVC/192_168_60_39/SCREW/9_1
141331:T510836_32:clear RESET SCREW
141331:T510836_32:No more clear, Wait for RESET to be '1'
141336:T510836_32:RESET is 1 now. FINISHED.
141340:T510836_32:SET 1 to ni.var.psp://localhost/OPC/OPC_LabView/HAVC/192_168_60_39/SCREW/9_1
141340:T510836_32:clear RESET SCREW
141340:T510836_32:No more clear, Wait for RESET to be '1'
141343:T510836_32:RESET is 1 now. FINISHED.
141404:T510836_33:SET 5 to ni.var.psp://localhost/OPC/OPC_LabView/HAVC/192_168_60_39/SCREW/9_1
141405:T510836_33:clear RESET SCREW
141405:T510836_33:No more clear, Wait for RESET to be '1'
141418:T510836_33:RESET is 1 now. FINISHED.
141423:T510836_33:SET 2 to ni.var.psp://localhost/OPC/OPC_LabView/HAVC/192_168_60_39/SCREW/9_1
141424:T510836_33:clear RESET SCREW
141424:T510836_33:No more clear, Wait for RESET to be '1'
141431:T510836_33:RESET is 1 now. FINISHED.
141436:T510836_33:SET 1 to ni.var.psp://localhost/OPC/OPC_LabView/HAVC/192_168_60_39/SCREW/9_1
141437:T510836_33:clear RESET SCREW
141437:T510836_33:No more clear, Wait for RESET to be '1'
141441:T510836_33:RESET is 1 now. FINISHED.
141501:T510836_34:SET 5 to ni.var.psp://localhost/OPC/OPC_LabView/HAVC/192_168_60_39/SCREW/9_1
141502:T510836_34:clear RESET SCREW
141502:T510836_34:No more clear, Wait for RESET to be '1'
141514:T510836_34:RESET is 1 now. FINISHED.
141519:T510836_34:SET 2 to ni.var.psp://localhost/OPC/OPC_LabView/HAVC/192_168_60_39/SCREW/9_1
141519:T510836_34:clear RESET SCREW
141520:T510836_34:No more clear, Wait for RESET to be '1'
141525:T510836_34:RESET is 1 now. FINISHED.
141529:T510836_34:SET 1 to ni.var.psp://localhost/OPC/OPC_LabView/HAVC/192_168_60_39/SCREW/9_1
141529:T510836_34:clear RESET SCREW
141529:T510836_34:No more clear, Wait for RESET to be '1'
141533:T510836_34:RESET is 1 now. FINISHED.
141615:T510836_35:SET 5 to ni.var.psp://localhost/OPC/OPC_LabView/HAVC/192_168_60_39/SCREW/9_1
141615:T510836_35:clear RESET SCREW
141615:T510836_35:No more clear, Wait for RESET to be '1'
141646:T510836_35:RESET is 1 now. FINISHED.
141651:T510836_35:SET 2 to ni.var.psp://localhost/OPC/OPC_LabView/HAVC/192_168_60_39/SCREW/9_1
141651:T510836_35:clear RESET SCREW
141651:T510836_35:No more clear, Wait for RESET to be '1'
141658:T510836_35:RESET is 1 now. FINISHED.
141701:T510836_35:SET 1 to ni.var.psp://localhost/OPC/OPC_LabView/HAVC/192_168_60_39/SCREW/9_1
141701:T510836_35:clear RESET SCREW
141701:T510836_35:No more clear, Wait for RESET to be '1'
141707:T510836_35:RESET is 1 now. FINISHED.
141720:T510836_36:SET 5 to ni.var.psp://localhost/OPC/OPC_LabView/HAVC/192_168_60_39/SCREW/9_1
141720:T510836_36:clear RESET SCREW
141721:T510836_36:No more clear, Wait for RESET to be '1'
141731:T510836_36:RESET is 1 now. FINISHED.
141737:T510836_36:SET 2 to ni.var.psp://localhost/OPC/OPC_LabView/HAVC/192_168_60_39/SCREW/9_1
141737:T510836_36:clear RESET SCREW
141737:T510836_36:No more clear, Wait for RESET to be '1'
141741:T510836_36:RESET is 1 now. FINISHED.
141744:T510836_36:SET 1 to ni.var.psp://localhost/OPC/OPC_LabView/HAVC/192_168_60_39/SCREW/9_1
141744:T510836_36:clear RESET SCREW
141745:T510836_36:No more clear, Wait for RESET to be '1'
141747:T510836_36:RESET is 1 now. FINISHED.
141830:T510836_37:SET 5 to ni.var.psp://localhost/OPC/OPC_LabView/HAVC/192_168_60_39/SCREW/9_1
141830:T510836_37:clear RESET SCREW
141830:T510836_37:No more clear, Wait for RESET to be '1'
141847:T510836_37:RESET is 1 now. FINISHED.
141852:T510836_37:SET 2 to ni.var.psp://localhost/OPC/OPC_LabView/HAVC/192_168_60_39/SCREW/9_1
141852:T510836_37:clear RESET SCREW
141853:T510836_37:No more clear, Wait for RESET to be '1'
141859:T510836_37:RESET is 1 now. FINISHED.
141902:T510836_37:SET 1 to ni.var.psp://localhost/OPC/OPC_LabView/HAVC/192_168_60_39/SCREW/9_1
141902:T510836_37:clear RESET SCREW
141902:T510836_37:No more clear, Wait for RESET to be '1'
141906:T510836_37:RESET is 1 now. FINISHED.
141939:T510836_38:SET 5 to ni.var.psp://localhost/OPC/OPC_LabView/HAVC/192_168_60_39/SCREW/9_1
141939:T510836_38:clear RESET SCREW
141939:T510836_38:No more clear, Wait for RESET to be '1'
141952:T510836_38:RESET is 1 now. FINISHED.
141956:T510836_38:SET 2 to ni.var.psp://localhost/OPC/OPC_LabView/HAVC/192_168_60_39/SCREW/9_1
141957:T510836_38:clear RESET SCREW
141957:T510836_38:No more clear, Wait for RESET to be '1'
142005:T510836_38:RESET is 1 now. FINISHED.
142008:T510836_38:SET 1 to ni.var.psp://localhost/OPC/OPC_LabView/HAVC/192_168_60_39/SCREW/9_1
142009:T510836_38:clear RESET SCREW
142009:T510836_38:No more clear, Wait for RESET to be '1'
142012:T510836_38:RESET is 1 now. FINISHED.
142148:T510836_39:SET 5 to ni.var.psp://localhost/OPC/OPC_LabView/HAVC/192_168_60_39/SCREW/9_1
142149:T510836_39:clear RESET SCREW
142149:T510836_39:No more clear, Wait for RESET to be '1'
142208:T510836_39:RESET is 1 now. FINISHED.
142216:T510836_39:SET 2 to ni.var.psp://localhost/OPC/OPC_LabView/HAVC/192_168_60_39/SCREW/9_1
142216:T510836_39:clear RESET SCREW
142216:T510836_39:No more clear, Wait for RESET to be '1'
142222:T510836_39:RESET is 1 now. FINISHED.
142226:T510836_39:SET 1 to ni.var.psp://localhost/OPC/OPC_LabView/HAVC/192_168_60_39/SCREW/9_1
142226:T510836_39:clear RESET SCREW
142227:T510836_39:No more clear, Wait for RESET to be '1'
142229:T510836_39:RESET is 1 now. FINISHED.
142259:T510836_40:SET 5 to ni.var.psp://localhost/OPC/OPC_LabView/HAVC/192_168_60_39/SCREW/9_1
142259:T510836_40:clear RESET SCREW
142259:T510836_40:No more clear, Wait for RESET to be '1'
142312:T510836_40:RESET is 1 now. FINISHED.
142318:T510836_40:SET 2 to ni.var.psp://localhost/OPC/OPC_LabView/HAVC/192_168_60_39/SCREW/9_1
142318:T510836_40:clear RESET SCREW
142318:T510836_40:No more clear, Wait for RESET to be '1'
142328:T510836_40:RESET is 1 now. FINISHED.
142331:T510836_40:SET 1 to ni.var.psp://localhost/OPC/OPC_LabView/HAVC/192_168_60_39/SCREW/9_1
142331:T510836_40:clear RESET SCREW
142331:T510836_40:No more clear, Wait for RESET to be '1'
142335:T510836_40:RESET is 1 now. FINISHED.
142427:T510836_41:SET 5 to ni.var.psp://localhost/OPC/OPC_LabView/HAVC/192_168_60_39/SCREW/9_1
142427:T510836_41:clear RESET SCREW
142427:T510836_41:No more clear, Wait for RESET to be '1'
142438:T510836_41:RESET is 1 now. FINISHED.
142445:T510836_41:SET 2 to ni.var.psp://localhost/OPC/OPC_LabView/HAVC/192_168_60_39/SCREW/9_1
142445:T510836_41:clear RESET SCREW
142445:T510836_41:No more clear, Wait for RESET to be '1'
142454:T510836_41:RESET is 1 now. FINISHED.
142458:T510836_41:SET 1 to ni.var.psp://localhost/OPC/OPC_LabView/HAVC/192_168_60_39/SCREW/9_1
142458:T510836_41:clear RESET SCREW
142459:T510836_41:No more clear, Wait for RESET to be '1'
142503:T510836_41:RESET is 1 now. FINISHED.
142559:T510836_42:SET 5 to ni.var.psp://localhost/OPC/OPC_LabView/HAVC/192_168_60_39/SCREW/9_1
142559:T510836_42:clear RESET SCREW
142559:T510836_42:No more clear, Wait for RESET to be '1'
142611:T510836_42:RESET is 1 now. FINISHED.
142617:T510836_42:SET 2 to ni.var.psp://localhost/OPC/OPC_LabView/HAVC/192_168_60_39/SCREW/9_1
142618:T510836_42:clear RESET SCREW
142618:T510836_42:No more clear, Wait for RESET to be '1'
142623:T510836_42:RESET is 1 now. FINISHED.
142641:T510836_42:SET 1 to ni.var.psp://localhost/OPC/OPC_LabView/HAVC/192_168_60_39/SCREW/9_1
142642:T510836_42:clear RESET SCREW
142642:T510836_42:No more clear, Wait for RESET to be '1'
142645:T510836_42:RESET is 1 now. FINISHED.
142702:T510836_43:SET 5 to ni.var.psp://localhost/OPC/OPC_LabView/HAVC/192_168_60_39/SCREW/9_1
142703:T510836_43:clear RESET SCREW
142703:T510836_43:No more clear, Wait for RESET to be '1'
142714:T510836_43:RESET is 1 now. FINISHED.
142719:T510836_43:SET 2 to ni.var.psp://localhost/OPC/OPC_LabView/HAVC/192_168_60_39/SCREW/9_1
142720:T510836_43:clear RESET SCREW
142720:T510836_43:No more clear, Wait for RESET to be '1'
142726:T510836_43:RESET is 1 now. FINISHED.
142730:T510836_43:SET 1 to ni.var.psp://localhost/OPC/OPC_LabView/HAVC/192_168_60_39/SCREW/9_1
142730:T510836_43:clear RESET SCREW
142730:T510836_43:No more clear, Wait for RESET to be '1'
142734:T510836_43:RESET is 1 now. FINISHED.
142801:T510836_44:SET 5 to ni.var.psp://localhost/OPC/OPC_LabView/HAVC/192_168_60_39/SCREW/9_1
142802:T510836_44:clear RESET SCREW
142802:T510836_44:No more clear, Wait for RESET to be '1'
142816:T510836_44:RESET is 1 now. FINISHED.
142821:T510836_44:SET 2 to ni.var.psp://localhost/OPC/OPC_LabView/HAVC/192_168_60_39/SCREW/9_1
142821:T510836_44:clear RESET SCREW
142822:T510836_44:No more clear, Wait for RESET to be '1'
142831:T510836_44:RESET is 1 now. FINISHED.
142835:T510836_44:SET 1 to ni.var.psp://localhost/OPC/OPC_LabView/HAVC/192_168_60_39/SCREW/9_1
142835:T510836_44:clear RESET SCREW
142835:T510836_44:No more clear, Wait for RESET to be '1'
142841:T510836_44:RESET is 1 now. FINISHED.
142915:T510836_45:SET 5 to ni.var.psp://localhost/OPC/OPC_LabView/HAVC/192_168_60_39/SCREW/9_1
142915:T510836_45:clear RESET SCREW
142916:T510836_45:No more clear, Wait for RESET to be '1'
142926:T510836_45:RESET is 1 now. FINISHED.
142931:T510836_45:SET 2 to ni.var.psp://localhost/OPC/OPC_LabView/HAVC/192_168_60_39/SCREW/9_1
142931:T510836_45:clear RESET SCREW
142931:T510836_45:No more clear, Wait for RESET to be '1'
142936:T510836_45:RESET is 1 now. FINISHED.
142940:T510836_45:SET 1 to ni.var.psp://localhost/OPC/OPC_LabView/HAVC/192_168_60_39/SCREW/9_1
142940:T510836_45:clear RESET SCREW
142940:T510836_45:No more clear, Wait for RESET to be '1'
142943:T510836_45:RESET is 1 now. FINISHED.
143042:T510836_46:SET 5 to ni.var.psp://localhost/OPC/OPC_LabView/HAVC/192_168_60_39/SCREW/9_1
143043:T510836_46:clear RESET SCREW
143043:T510836_46:No more clear, Wait for RESET to be '1'
143053:T510836_46:RESET is 1 now. FINISHED.
143058:T510836_46:SET 2 to ni.var.psp://localhost/OPC/OPC_LabView/HAVC/192_168_60_39/SCREW/9_1
143058:T510836_46:clear RESET SCREW
143058:T510836_46:No more clear, Wait for RESET to be '1'
143103:T510836_46:RESET is 1 now. FINISHED.
143107:T510836_46:SET 1 to ni.var.psp://localhost/OPC/OPC_LabView/HAVC/192_168_60_39/SCREW/9_1
143107:T510836_46:clear RESET SCREW
143107:T510836_46:No more clear, Wait for RESET to be '1'
143114:T510836_46:RESET is 1 now. FINISHED.
143147:T510836_47:SET 5 to ni.var.psp://localhost/OPC/OPC_LabView/HAVC/192_168_60_39/SCREW/9_1
143147:T510836_47:clear RESET SCREW
143148:T510836_47:No more clear, Wait for RESET to be '1'
143157:T510836_47:RESET is 1 now. FINISHED.
143203:T510836_47:SET 2 to ni.var.psp://localhost/OPC/OPC_LabView/HAVC/192_168_60_39/SCREW/9_1
143203:T510836_47:clear RESET SCREW
143204:T510836_47:No more clear, Wait for RESET to be '1'
143211:T510836_47:RESET is 1 now. FINISHED.
143215:T510836_47:SET 1 to ni.var.psp://localhost/OPC/OPC_LabView/HAVC/192_168_60_39/SCREW/9_1
143215:T510836_47:clear RESET SCREW
143215:T510836_47:No more clear, Wait for RESET to be '1'
143219:T510836_47:RESET is 1 now. FINISHED.
143620:T510836_48:SET 5 to ni.var.psp://localhost/OPC/OPC_LabView/HAVC/192_168_60_39/SCREW/9_1
143621:T510836_48:clear RESET SCREW
143621:T510836_48:No more clear, Wait for RESET to be '1'
143634:T510836_48:RESET is 1 now. FINISHED.
143638:T510836_48:SET 2 to ni.var.psp://localhost/OPC/OPC_LabView/HAVC/192_168_60_39/SCREW/9_1
143639:T510836_48:clear RESET SCREW
143639:T510836_48:No more clear, Wait for RESET to be '1'
143644:T510836_48:RESET is 1 now. FINISHED.
143648:T510836_48:SET 1 to ni.var.psp://localhost/OPC/OPC_LabView/HAVC/192_168_60_39/SCREW/9_1
143648:T510836_48:clear RESET SCREW
143648:T510836_48:No more clear, Wait for RESET to be '1'
143650:T510836_48:RESET is 1 now. FINISHED.
143721:T510836_49:SET 5 to ni.var.psp://localhost/OPC/OPC_LabView/HAVC/192_168_60_39/SCREW/9_1
143721:T510836_49:clear RESET SCREW
143721:T510836_49:No more clear, Wait for RESET to be '1'
143734:T510836_49:RESET is 1 now. FINISHED.
143739:T510836_49:SET 2 to ni.var.psp://localhost/OPC/OPC_LabView/HAVC/192_168_60_39/SCREW/9_1
143739:T510836_49:clear RESET SCREW
143739:T510836_49:No more clear, Wait for RESET to be '1'
143747:T510836_49:RESET is 1 now. FINISHED.
143750:T510836_49:SET 1 to ni.var.psp://localhost/OPC/OPC_LabView/HAVC/192_168_60_39/SCREW/9_1
143750:T510836_49:clear RESET SCREW
143750:T510836_49:No more clear, Wait for RESET to be '1'
143754:T510836_49:RESET is 1 now. FINISHED.
143837:T510836_50:SET 5 to ni.var.psp://localhost/OPC/OPC_LabView/HAVC/192_168_60_39/SCREW/9_1
143837:T510836_50:clear RESET SCREW
143837:T510836_50:No more clear, Wait for RESET to be '1'
143850:T510836_50:RESET is 1 now. FINISHED.
143857:T510836_50:SET 2 to ni.var.psp://localhost/OPC/OPC_LabView/HAVC/192_168_60_39/SCREW/9_1
143857:T510836_50:clear RESET SCREW
143857:T510836_50:No more clear, Wait for RESET to be '1'
143904:T510836_50:RESET is 1 now. FINISHED.
143908:T510836_50:SET 1 to ni.var.psp://localhost/OPC/OPC_LabView/HAVC/192_168_60_39/SCREW/9_1
143908:T510836_50:clear RESET SCREW
143908:T510836_50:No more clear, Wait for RESET to be '1'
143912:T510836_50:RESET is 1 now. FINISHED.
144005:T510836_51:SET 5 to ni.var.psp://localhost/OPC/OPC_LabView/HAVC/192_168_60_39/SCREW/9_1
144005:T510836_51:clear RESET SCREW
144006:T510836_51:No more clear, Wait for RESET to be '1'
144020:T510836_51:RESET is 1 now. FINISHED.
144027:T510836_51:SET 2 to ni.var.psp://localhost/OPC/OPC_LabView/HAVC/192_168_60_39/SCREW/9_1
144027:T510836_51:clear RESET SCREW
144027:T510836_51:No more clear, Wait for RESET to be '1'
144034:T510836_51:RESET is 1 now. FINISHED.
144038:T510836_51:SET 1 to ni.var.psp://localhost/OPC/OPC_LabView/HAVC/192_168_60_39/SCREW/9_1
144039:T510836_51:clear RESET SCREW
144039:T510836_51:No more clear, Wait for RESET to be '1'
144043:T510836_51:RESET is 1 now. FINISHED.
144115:T510836_52:SET 5 to ni.var.psp://localhost/OPC/OPC_LabView/HAVC/192_168_60_39/SCREW/9_1
144116:T510836_52:clear RESET SCREW
144116:T510836_52:No more clear, Wait for RESET to be '1'
144133:T510836_52:RESET is 1 now. FINISHED.
144139:T510836_52:SET 2 to ni.var.psp://localhost/OPC/OPC_LabView/HAVC/192_168_60_39/SCREW/9_1
144140:T510836_52:clear RESET SCREW
144140:T510836_52:No more clear, Wait for RESET to be '1'
144146:T510836_52:RESET is 1 now. FINISHED.
144151:T510836_52:SET 1 to ni.var.psp://localhost/OPC/OPC_LabView/HAVC/192_168_60_39/SCREW/9_1
144152:T510836_52:clear RESET SCREW
144152:T510836_52:No more clear, Wait for RESET to be '1'
144156:T510836_52:RESET is 1 now. FINISHED.
144212:T510836_53:SET 5 to ni.var.psp://localhost/OPC/OPC_LabView/HAVC/192_168_60_39/SCREW/9_1
144212:T510836_53:clear RESET SCREW
144212:T510836_53:No more clear, Wait for RESET to be '1'
144226:T510836_53:RESET is 1 now. FINISHED.
144231:T510836_53:SET 2 to ni.var.psp://localhost/OPC/OPC_LabView/HAVC/192_168_60_39/SCREW/9_1
144231:T510836_53:clear RESET SCREW
144231:T510836_53:No more clear, Wait for RESET to be '1'
144237:T510836_53:RESET is 1 now. FINISHED.
144240:T510836_53:SET 1 to ni.var.psp://localhost/OPC/OPC_LabView/HAVC/192_168_60_39/SCREW/9_1
144240:T510836_53:clear RESET SCREW
144241:T510836_53:No more clear, Wait for RESET to be '1'
144246:T510836_53:RESET is 1 now. FINISHED.
144303:T510836_54:SET 5 to ni.var.psp://localhost/OPC/OPC_LabView/HAVC/192_168_60_39/SCREW/9_1
144303:T510836_54:clear RESET SCREW
144303:T510836_54:No more clear, Wait for RESET to be '1'
144314:T510836_54:RESET is 1 now. FINISHED.
144319:T510836_54:SET 2 to ni.var.psp://localhost/OPC/OPC_LabView/HAVC/192_168_60_39/SCREW/9_1
144320:T510836_54:clear RESET SCREW
144320:T510836_54:No more clear, Wait for RESET to be '1'
144324:T510836_54:RESET is 1 now. FINISHED.
144327:T510836_54:SET 1 to ni.var.psp://localhost/OPC/OPC_LabView/HAVC/192_168_60_39/SCREW/9_1
144328:T510836_54:clear RESET SCREW
144328:T510836_54:No more clear, Wait for RESET to be '1'
144331:T510836_54:RESET is 1 now. FINISHED.
144350:T510836_55:SET 5 to ni.var.psp://localhost/OPC/OPC_LabView/HAVC/192_168_60_39/SCREW/9_1
144350:T510836_55:clear RESET SCREW
144350:T510836_55:No more clear, Wait for RESET to be '1'
144400:T510836_55:RESET is 1 now. FINISHED.
144404:T510836_55:SET 2 to ni.var.psp://localhost/OPC/OPC_LabView/HAVC/192_168_60_39/SCREW/9_1
144405:T510836_55:clear RESET SCREW
144405:T510836_55:No more clear, Wait for RESET to be '1'
144411:T510836_55:RESET is 1 now. FINISHED.
144415:T510836_55:SET 1 to ni.var.psp://localhost/OPC/OPC_LabView/HAVC/192_168_60_39/SCREW/9_1
144415:T510836_55:clear RESET SCREW
144415:T510836_55:No more clear, Wait for RESET to be '1'
144419:T510836_55:RESET is 1 now. FINISHED.
144542:T510836_56:SET 5 to ni.var.psp://localhost/OPC/OPC_LabView/HAVC/192_168_60_39/SCREW/9_1
144542:T510836_56:clear RESET SCREW
144542:T510836_56:No more clear, Wait for RESET to be '1'
144603:T510836_56:RESET is 1 now. FINISHED.
144609:T510836_56:SET 2 to ni.var.psp://localhost/OPC/OPC_LabView/HAVC/192_168_60_39/SCREW/9_1
144609:T510836_56:clear RESET SCREW
144610:T510836_56:No more clear, Wait for RESET to be '1'
144616:T510836_56:RESET is 1 now. FINISHED.
144619:T510836_56:SET 1 to ni.var.psp://localhost/OPC/OPC_LabView/HAVC/192_168_60_39/SCREW/9_1
144619:T510836_56:clear RESET SCREW
144619:T510836_56:No more clear, Wait for RESET to be '1'
144623:T510836_56:RESET is 1 now. FINISHED.
144638:T510836_57:SET 5 to ni.var.psp://localhost/OPC/OPC_LabView/HAVC/192_168_60_39/SCREW/9_1
144639:T510836_57:clear RESET SCREW
144639:T510836_57:No more clear, Wait for RESET to be '1'
144650:T510836_57:RESET is 1 now. FINISHED.
144720:T510836_57:SET 2 to ni.var.psp://localhost/OPC/OPC_LabView/HAVC/192_168_60_39/SCREW/9_1
144721:T510836_57:clear RESET SCREW
144721:T510836_57:No more clear, Wait for RESET to be '1'
144729:T510836_57:RESET is 1 now. FINISHED.
144742:T510836_57:SET 1 to ni.var.psp://localhost/OPC/OPC_LabView/HAVC/192_168_60_39/SCREW/9_1
144743:T510836_57:clear RESET SCREW
144743:T510836_57:No more clear, Wait for RESET to be '1'
144748:T510836_57:RESET is 1 now. FINISHED.
144807:T510836_58:SET 5 to ni.var.psp://localhost/OPC/OPC_LabView/HAVC/192_168_60_39/SCREW/9_1
144807:T510836_58:clear RESET SCREW
144807:T510836_58:No more clear, Wait for RESET to be '1'
144818:T510836_58:RESET is 1 now. FINISHED.
144822:T510836_58:SET 2 to ni.var.psp://localhost/OPC/OPC_LabView/HAVC/192_168_60_39/SCREW/9_1
144822:T510836_58:clear RESET SCREW
144823:T510836_58:No more clear, Wait for RESET to be '1'
144828:T510836_58:RESET is 1 now. FINISHED.
144833:T510836_58:SET 1 to ni.var.psp://localhost/OPC/OPC_LabView/HAVC/192_168_60_39/SCREW/9_1
144833:T510836_58:clear RESET SCREW
144833:T510836_58:No more clear, Wait for RESET to be '1'
144837:T510836_58:RESET is 1 now. FINISHED.
155811:T510837_1:SET 5 to ni.var.psp://localhost/OPC/OPC_LabView/HAVC/192_168_60_39/SCREW/9_1
155811:T510837_1:clear RESET SCREW
155811:T510837_1:No more clear, Wait for RESET to be '1'
155843:T510837_1:RESET is 1 now. FINISHED.
155856:T510837_1:SET 1 to ni.var.psp://localhost/OPC/OPC_LabView/HAVC/192_168_60_39/SCREW/9_1
155857:T510837_1:clear RESET SCREW
155857:T510837_1:No more clear, Wait for RESET to be '1'
155912:T510837_1:RESET is 1 now. FINISHED.
160330:T510837_2:SET 5 to ni.var.psp://localhost/OPC/OPC_LabView/HAVC/192_168_60_39/SCREW/9_1
160331:T510837_2:clear RESET SCREW
160331:T510837_2:No more clear, Wait for RESET to be '1'
160433:T510837_2:RESET is 1 now. FINISHED.
160448:T510837_2:SET 1 to ni.var.psp://localhost/OPC/OPC_LabView/HAVC/192_168_60_39/SCREW/9_1
160448:T510837_2:clear RESET SCREW
160449:T510837_2:No more clear, Wait for RESET to be '1'
160504:T510837_2:RESET is 1 now. FINISHED.
160704:T510837_3:SET 5 to ni.var.psp://localhost/OPC/OPC_LabView/HAVC/192_168_60_39/SCREW/9_1
160704:T510837_3:clear RESET SCREW
160705:T510837_3:No more clear, Wait for RESET to be '1'
160735:T510837_3:RESET is 1 now. FINISHED.
160751:T510837_3:SET 1 to ni.var.psp://localhost/OPC/OPC_LabView/HAVC/192_168_60_39/SCREW/9_1
160751:T510837_3:clear RESET SCREW
160752:T510837_3:No more clear, Wait for RESET to be '1'
160810:T510837_3:RESET is 1 now. FINISHED.
161055:T510837_4:SET 5 to ni.var.psp://localhost/OPC/OPC_LabView/HAVC/192_168_60_39/SCREW/9_1
161055:T510837_4:clear RESET SCREW
161056:T510837_4:No more clear, Wait for RESET to be '1'
161128:T510837_4:RESET is 1 now. FINISHED.
161148:T510837_4:SET 1 to ni.var.psp://localhost/OPC/OPC_LabView/HAVC/192_168_60_39/SCREW/9_1
161148:T510837_4:clear RESET SCREW
161148:T510837_4:No more clear, Wait for RESET to be '1'
161204:T510837_4:RESET is 1 now. FINISHED.
161448:T510837_5:SET 5 to ni.var.psp://localhost/OPC/OPC_LabView/HAVC/192_168_60_39/SCREW/9_1
161448:T510837_5:clear RESET SCREW
161448:T510837_5:No more clear, Wait for RESET to be '1'
161520:T510837_5:RESET is 1 now. FINISHED.
161535:T510837_5:SET 1 to ni.var.psp://localhost/OPC/OPC_LabView/HAVC/192_168_60_39/SCREW/9_1
161535:T510837_5:clear RESET SCREW
161535:T510837_5:No more clear, Wait for RESET to be '1'
161549:T510837_5:RESET is 1 now. FINISHED.
162059:T510837_6:SET 5 to ni.var.psp://localhost/OPC/OPC_LabView/HAVC/192_168_60_39/SCREW/9_1
162059:T510837_6:clear RESET SCREW
162100:T510837_6:No more clear, Wait for RESET to be '1'
162135:T510837_6:RESET is 1 now. FINISHED.
162141:T510837_6:SET 1 to ni.var.psp://localhost/OPC/OPC_LabView/HAVC/192_168_60_39/SCREW/9_1
162141:T510837_6:clear RESET SCREW
162141:T510837_6:No more clear, Wait for RESET to be '1'
162211:T510837_6:RESET is 1 now. FINISHED.
162411:T510837_7:SET 5 to ni.var.psp://localhost/OPC/OPC_LabView/HAVC/192_168_60_39/SCREW/9_1
162412:T510837_7:clear RESET SCREW
162412:T510837_7:No more clear, Wait for RESET to be '1'
162444:T510837_7:RESET is 1 now. FINISHED.
162456:T510837_7:SET 1 to ni.var.psp://localhost/OPC/OPC_LabView/HAVC/192_168_60_39/SCREW/9_1
162456:T510837_7:clear RESET SCREW
162457:T510837_7:No more clear, Wait for RESET to be '1'
162513:T510837_7:RESET is 1 now. FINISHED.
162834:T510837_8:SET 5 to ni.var.psp://localhost/OPC/OPC_LabView/HAVC/192_168_60_39/SCREW/9_1
162834:T510837_8:clear RESET SCREW
162834:T510837_8:No more clear, Wait for RESET to be '1'
162902:T510837_8:RESET is 1 now. FINISHED.
162908:T510837_8:SET 1 to ni.var.psp://localhost/OPC/OPC_LabView/HAVC/192_168_60_39/SCREW/9_1
162908:T510837_8:clear RESET SCREW
162908:T510837_8:No more clear, Wait for RESET to be '1'
162934:T510837_8:RESET is 1 now. FINISHED.
163107:T589126_1:SET 5 to ni.var.psp://localhost/OPC/OPC_LabView/HAVC/192_168_60_39/SCREW/9_1
163108:T589126_1:clear RESET SCREW
163108:T589126_1:No more clear, Wait for RESET to be '1'
163149:T589126_1:RESET is 1 now. FINISHED.
163202:T589126_1:SET 1 to ni.var.psp://localhost/OPC/OPC_LabView/HAVC/192_168_60_39/SCREW/9_1
163203:T589126_1:clear RESET SCREW
163203:T589126_1:No more clear, Wait for RESET to be '1'
163217:T589126_1:RESET is 1 now. FINISHED.
163639:T589126_2:SET 5 to ni.var.psp://localhost/OPC/OPC_LabView/HAVC/192_168_60_39/SCREW/9_1
163640:T589126_2:clear RESET SCREW
163640:T589126_2:No more clear, Wait for RESET to be '1'
163717:T589126_2:RESET is 1 now. FINISHED.
163723:T589126_2:SET 1 to ni.var.psp://localhost/OPC/OPC_LabView/HAVC/192_168_60_39/SCREW/9_1
163724:T589126_2:clear RESET SCREW
163724:T589126_2:No more clear, Wait for RESET to be '1'
163746:T589126_2:RESET is 1 now. FINISHED.
172358:T589126_3:SET 5 to ni.var.psp://localhost/OPC/OPC_LabView/HAVC/192_168_60_39/SCREW/9_1
172358:T589126_3:clear RESET SCREW
172359:T589126_3:No more clear, Wait for RESET to be '1'
172440:T589126_3:RESET is 1 now. FINISHED.
172456:T589126_3:SET 1 to ni.var.psp://localhost/OPC/OPC_LabView/HAVC/192_168_60_39/SCREW/9_1
172457:T589126_3:clear RESET SCREW
172457:T589126_3:No more clear, Wait for RESET to be '1'
172516:T589126_3:RESET is 1 now. FINISHED.
172654:T589126_4:SET 5 to ni.var.psp://localhost/OPC/OPC_LabView/HAVC/192_168_60_39/SCREW/9_1
172654:T589126_4:clear RESET SCREW
172654:T589126_4:No more clear, Wait for RESET to be '1'
172722:T589126_4:RESET is 1 now. FINISHED.
172758:T589126_4:SET 1 to ni.var.psp://localhost/OPC/OPC_LabView/HAVC/192_168_60_39/SCREW/9_1
172758:T589126_4:clear RESET SCREW
172759:T589126_4:No more clear, Wait for RESET to be '1'
172813:T589126_4:RESET is 1 now. FINISHED.
173018:T589126_5:SET 5 to ni.var.psp://localhost/OPC/OPC_LabView/HAVC/192_168_60_39/SCREW/9_1
173018:T589126_5:clear RESET SCREW
173019:T589126_5:No more clear, Wait for RESET to be '1'
173041:T589126_5:RESET is 1 now. FINISHED.
173050:T589126_5:SET 1 to ni.var.psp://localhost/OPC/OPC_LabView/HAVC/192_168_60_39/SCREW/9_1
173050:T589126_5:clear RESET SCREW
173051:T589126_5:No more clear, Wait for RESET to be '1'
173103:T589126_5:RESET is 1 now. FINISHED.
